<?xml version="1.0" encoding="UTF-8"?>
<testsuite xmlns:xsi="http://www.w3.org/2001/XMLSchema-instance" xsi:noNamespaceSchemaLocation="https://maven.apache.org/surefire/maven-failsafe-plugin/xsd/failsafe-test-report-3.0.xsd" version="3.0" name="starter.CucumberTestSuite" time="233.503" tests="8" errors="1" skipped="0" failures="0">
  <properties>
    <property name="sun.desktop" value="windows"/>
    <property name="awt.toolkit" value="sun.awt.windows.WToolkit"/>
    <property name="java.specification.version" value="1.8"/>
    <property name="file.encoding.pkg" value="sun.io"/>
    <property name="webdriver.chrome.driver" value="D:\kampus merdeka\QE_Capstone Kanbo\capstone\web\src\test\resources\webdriver\chromedriver.exe"/>
    <property name="sun.cpu.isalist" value="amd64"/>
    <property name="sun.jnu.encoding" value="Cp1252"/>
    <property name="java.class.path" value="D:\kampus merdeka\QE_Capstone Kanbo\capstone\web\target\test-classes;D:\kampus merdeka\QE_Capstone Kanbo\capstone\web\target\web-1.0-SNAPSHOT.jar;C:\Users\Admin\.m2\repository\net\serenity-bdd\serenity-core\3.2.1\serenity-core-3.2.1.jar;C:\Users\Admin\.m2\repository\net\serenity-bdd\serenity-model\3.2.1\serenity-model-3.2.1.jar;C:\Users\Admin\.m2\repository\org\apache\commons\commons-text\1.9\commons-text-1.9.jar;C:\Users\Admin\.m2\repository\commons-net\commons-net\3.8.0\commons-net-3.8.0.jar;C:\Users\Admin\.m2\repository\com\google\guava\guava\31.1-jre\guava-31.1-jre.jar;C:\Users\Admin\.m2\repository\com\google\guava\failureaccess\1.0.1\failureaccess-1.0.1.jar;C:\Users\Admin\.m2\repository\com\google\guava\listenablefuture\9999.0-empty-to-avoid-conflict-with-guava\listenablefuture-9999.0-empty-to-avoid-conflict-with-guava.jar;C:\Users\Admin\.m2\repository\com\google\code\findbugs\jsr305\3.0.2\jsr305-3.0.2.jar;C:\Users\Admin\.m2\repository\org\checkerframework\checker-qual\3.12.0\checker-qual-3.12.0.jar;C:\Users\Admin\.m2\repository\com\google\errorprone\error_prone_annotations\2.11.0\error_prone_annotations-2.11.0.jar;C:\Users\Admin\.m2\repository\com\google\j2objc\j2objc-annotations\1.3\j2objc-annotations-1.3.jar;C:\Users\Admin\.m2\repository\com\google\inject\guice\5.1.0\guice-5.1.0.jar;C:\Users\Admin\.m2\repository\javax\inject\javax.inject\1\javax.inject-1.jar;C:\Users\Admin\.m2\repository\aopalliance\aopalliance\1.0\aopalliance-1.0.jar;C:\Users\Admin\.m2\repository\org\jsoup\jsoup\1.14.3\jsoup-1.14.3.jar;C:\Users\Admin\.m2\repository\com\thoughtworks\xstream\xstream\1.4.19\xstream-1.4.19.jar;C:\Users\Admin\.m2\repository\io\github\x-stream\mxparser\1.2.2\mxparser-1.2.2.jar;C:\Users\Admin\.m2\repository\xmlpull\xmlpull\1.1.3.1\xmlpull-1.1.3.1.jar;C:\Users\Admin\.m2\repository\io\cucumber\cucumber-java\7.2.3\cucumber-java-7.2.3.jar;C:\Users\Admin\.m2\repository\com\typesafe\config\1.4.2\config-1.4.2.jar;C:\Users\Admin\.m2\repository\org\imgscalr\imgscalr-lib\4.2\imgscalr-lib-4.2.jar;C:\Users\Admin\.m2\repository\org\awaitility\awaitility\4.2.0\awaitility-4.2.0.jar;C:\Users\Admin\.m2\repository\org\freemarker\freemarker\2.3.31\freemarker-2.3.31.jar;C:\Users\Admin\.m2\repository\io\github\classgraph\classgraph\4.8.138\classgraph-4.8.138.jar;C:\Users\Admin\.m2\repository\net\sourceforge\jexcelapi\jxl\2.6.12\jxl-2.6.12.jar;C:\Users\Admin\.m2\repository\net\bytebuddy\byte-buddy\1.12.8\byte-buddy-1.12.8.jar;C:\Users\Admin\.m2\repository\net\bytebuddy\byte-buddy-agent\1.12.8\byte-buddy-agent-1.12.8.jar;C:\Users\Admin\.m2\repository\org\objenesis\objenesis\3.1\objenesis-3.1.jar;C:\Users\Admin\.m2\repository\net\serenity-bdd\serenity-reports\3.2.1\serenity-reports-3.2.1.jar;C:\Users\Admin\.m2\repository\net\serenity-bdd\serenity-stats\3.2.1\serenity-stats-3.2.1.jar;C:\Users\Admin\.m2\repository\net\serenity-bdd\serenity-reports-configuration\3.2.1\serenity-reports-configuration-3.2.1.jar;C:\Users\Admin\.m2\repository\com\vladsch\flexmark\flexmark-all\0.34.30\flexmark-all-0.34.30.jar;C:\Users\Admin\.m2\repository\com\vladsch\flexmark\flexmark\0.34.30\flexmark-0.34.30.jar;C:\Users\Admin\.m2\repository\com\vladsch\flexmark\flexmark-ext-abbreviation\0.34.30\flexmark-ext-abbreviation-0.34.30.jar;C:\Users\Admin\.m2\repository\com\vladsch\flexmark\flexmark-ext-admonition\0.34.30\flexmark-ext-admonition-0.34.30.jar;C:\Users\Admin\.m2\repository\com\vladsch\flexmark\flexmark-ext-anchorlink\0.34.30\flexmark-ext-anchorlink-0.34.30.jar;C:\Users\Admin\.m2\repository\com\vladsch\flexmark\flexmark-ext-aside\0.34.30\flexmark-ext-aside-0.34.30.jar;C:\Users\Admin\.m2\repository\com\vladsch\flexmark\flexmark-ext-attributes\0.34.30\flexmark-ext-attributes-0.34.30.jar;C:\Users\Admin\.m2\repository\com\vladsch\flexmark\flexmark-ext-autolink\0.34.30\flexmark-ext-autolink-0.34.30.jar;C:\Users\Admin\.m2\repository\org\nibor\autolink\autolink\0.6.0\autolink-0.6.0.jar;C:\Users\Admin\.m2\repository\com\vladsch\flexmark\flexmark-ext-definition\0.34.30\flexmark-ext-definition-0.34.30.jar;C:\Users\Admin\.m2\repository\com\vladsch\flexmark\flexmark-ext-emoji\0.34.30\flexmark-ext-emoji-0.34.30.jar;C:\Users\Admin\.m2\repository\com\vladsch\flexmark\flexmark-ext-enumerated-reference\0.34.30\flexmark-ext-enumerated-reference-0.34.30.jar;C:\Users\Admin\.m2\repository\com\vladsch\flexmark\flexmark-ext-escaped-character\0.34.30\flexmark-ext-escaped-character-0.34.30.jar;C:\Users\Admin\.m2\repository\com\vladsch\flexmark\flexmark-ext-footnotes\0.34.30\flexmark-ext-footnotes-0.34.30.jar;C:\Users\Admin\.m2\repository\com\vladsch\flexmark\flexmark-ext-gfm-issues\0.34.30\flexmark-ext-gfm-issues-0.34.30.jar;C:\Users\Admin\.m2\repository\com\vladsch\flexmark\flexmark-ext-gfm-strikethrough\0.34.30\flexmark-ext-gfm-strikethrough-0.34.30.jar;C:\Users\Admin\.m2\repository\com\vladsch\flexmark\flexmark-ext-gfm-tables\0.34.30\flexmark-ext-gfm-tables-0.34.30.jar;C:\Users\Admin\.m2\repository\com\vladsch\flexmark\flexmark-ext-gfm-tasklist\0.34.30\flexmark-ext-gfm-tasklist-0.34.30.jar;C:\Users\Admin\.m2\repository\com\vladsch\flexmark\flexmark-ext-gfm-users\0.34.30\flexmark-ext-gfm-users-0.34.30.jar;C:\Users\Admin\.m2\repository\com\vladsch\flexmark\flexmark-ext-gitlab\0.34.30\flexmark-ext-gitlab-0.34.30.jar;C:\Users\Admin\.m2\repository\com\vladsch\flexmark\flexmark-ext-jekyll-front-matter\0.34.30\flexmark-ext-jekyll-front-matter-0.34.30.jar;C:\Users\Admin\.m2\repository\com\vladsch\flexmark\flexmark-ext-jekyll-tag\0.34.30\flexmark-ext-jekyll-tag-0.34.30.jar;C:\Users\Admin\.m2\repository\com\vladsch\flexmark\flexmark-ext-media-tags\0.34.30\flexmark-ext-media-tags-0.34.30.jar;C:\Users\Admin\.m2\repository\com\vladsch\flexmark\flexmark-test-util\0.34.30\flexmark-test-util-0.34.30.jar;C:\Users\Admin\.m2\repository\com\vladsch\flexmark\flexmark-ext-ins\0.34.30\flexmark-ext-ins-0.34.30.jar;C:\Users\Admin\.m2\repository\com\vladsch\flexmark\flexmark-ext-xwiki-macros\0.34.30\flexmark-ext-xwiki-macros-0.34.30.jar;C:\Users\Admin\.m2\repository\com\vladsch\flexmark\flexmark-ext-superscript\0.34.30\flexmark-ext-superscript-0.34.30.jar;C:\Users\Admin\.m2\repository\com\vladsch\flexmark\flexmark-ext-tables\0.34.30\flexmark-ext-tables-0.34.30.jar;C:\Users\Admin\.m2\repository\com\vladsch\flexmark\flexmark-ext-toc\0.34.30\flexmark-ext-toc-0.34.30.jar;C:\Users\Admin\.m2\repository\com\vladsch\flexmark\flexmark-ext-typographic\0.34.30\flexmark-ext-typographic-0.34.30.jar;C:\Users\Admin\.m2\repository\com\vladsch\flexmark\flexmark-ext-wikilink\0.34.30\flexmark-ext-wikilink-0.34.30.jar;C:\Users\Admin\.m2\repository\com\vladsch\flexmark\flexmark-ext-yaml-front-matter\0.34.30\flexmark-ext-yaml-front-matter-0.34.30.jar;C:\Users\Admin\.m2\repository\com\vladsch\flexmark\flexmark-ext-youtube-embedded\0.34.30\flexmark-ext-youtube-embedded-0.34.30.jar;C:\Users\Admin\.m2\repository\com\vladsch\flexmark\flexmark-formatter\0.34.30\flexmark-formatter-0.34.30.jar;C:\Users\Admin\.m2\repository\com\vladsch\flexmark\flexmark-html-parser\0.34.30\flexmark-html-parser-0.34.30.jar;C:\Users\Admin\.m2\repository\com\vladsch\flexmark\flexmark-jira-converter\0.34.30\flexmark-jira-converter-0.34.30.jar;C:\Users\Admin\.m2\repository\com\vladsch\flexmark\flexmark-pdf-converter\0.34.30\flexmark-pdf-converter-0.34.30.jar;C:\Users\Admin\.m2\repository\com\openhtmltopdf\openhtmltopdf-core\0.0.1-RC13\openhtmltopdf-core-0.0.1-RC13.jar;C:\Users\Admin\.m2\repository\com\openhtmltopdf\openhtmltopdf-pdfbox\0.0.1-RC13\openhtmltopdf-pdfbox-0.0.1-RC13.jar;C:\Users\Admin\.m2\repository\org\apache\pdfbox\pdfbox\2.0.8\pdfbox-2.0.8.jar;C:\Users\Admin\.m2\repository\org\apache\pdfbox\fontbox\2.0.8\fontbox-2.0.8.jar;C:\Users\Admin\.m2\repository\commons-logging\commons-logging\1.2\commons-logging-1.2.jar;C:\Users\Admin\.m2\repository\org\apache\pdfbox\xmpbox\2.0.8\xmpbox-2.0.8.jar;C:\Users\Admin\.m2\repository\de\rototor\pdfbox\graphics2d\0.12\graphics2d-0.12.jar;C:\Users\Admin\.m2\repository\com\openhtmltopdf\openhtmltopdf-rtl-support\0.0.1-RC13\openhtmltopdf-rtl-support-0.0.1-RC13.jar;C:\Users\Admin\.m2\repository\com\ibm\icu\icu4j\59.1\icu4j-59.1.jar;C:\Users\Admin\.m2\repository\com\openhtmltopdf\openhtmltopdf-jsoup-dom-converter\0.0.1-RC13\openhtmltopdf-jsoup-dom-converter-0.0.1-RC13.jar;C:\Users\Admin\.m2\repository\com\vladsch\flexmark\flexmark-profile-pegdown\0.34.30\flexmark-profile-pegdown-0.34.30.jar;C:\Users\Admin\.m2\repository\com\vladsch\flexmark\flexmark-util\0.34.30\flexmark-util-0.34.30.jar;C:\Users\Admin\.m2\repository\com\vladsch\flexmark\flexmark-youtrack-converter\0.34.30\flexmark-youtrack-converter-0.34.30.jar;C:\Users\Admin\.m2\repository\es\nitaur\markdown\txtmark\0.16\txtmark-0.16.jar;C:\Users\Admin\.m2\repository\net\serenity-bdd\serenity-report-resources\3.2.1\serenity-report-resources-3.2.1.jar;C:\Users\Admin\.m2\repository\com\google\code\gson\gson\2.9.0\gson-2.9.0.jar;C:\Users\Admin\.m2\repository\com\fasterxml\jackson\core\jackson-core\2.13.2\jackson-core-2.13.2.jar;C:\Users\Admin\.m2\repository\com\fasterxml\jackson\core\jackson-databind\2.13.2\jackson-databind-2.13.2.jar;C:\Users\Admin\.m2\repository\com\fasterxml\jackson\core\jackson-annotations\2.13.2\jackson-annotations-2.13.2.jar;C:\Users\Admin\.m2\repository\commons-codec\commons-codec\1.15\commons-codec-1.15.jar;C:\Users\Admin\.m2\repository\commons-io\commons-io\2.11.0\commons-io-2.11.0.jar;C:\Users\Admin\.m2\repository\org\seleniumhq\selenium\selenium-java\4.1.2\selenium-java-4.1.2.jar;C:\Users\Admin\.m2\repository\org\seleniumhq\selenium\selenium-devtools-v85\4.1.2\selenium-devtools-v85-4.1.2.jar;C:\Users\Admin\.m2\repository\org\seleniumhq\selenium\selenium-devtools-v95\4.1.2\selenium-devtools-v95-4.1.2.jar;C:\Users\Admin\.m2\repository\org\seleniumhq\selenium\selenium-devtools-v96\4.1.2\selenium-devtools-v96-4.1.2.jar;C:\Users\Admin\.m2\repository\org\seleniumhq\selenium\selenium-devtools-v97\4.1.2\selenium-devtools-v97-4.1.2.jar;C:\Users\Admin\.m2\repository\org\seleniumhq\selenium\selenium-firefox-xpi-driver\4.1.2\selenium-firefox-xpi-driver-4.1.2.jar;C:\Users\Admin\.m2\repository\org\seleniumhq\selenium\selenium-opera-driver\4.1.2\selenium-opera-driver-4.1.2.jar;C:\Users\Admin\.m2\repository\org\seleniumhq\selenium\selenium-remote-driver\4.1.2\selenium-remote-driver-4.1.2.jar;C:\Users\Admin\.m2\repository\com\beust\jcommander\1.82\jcommander-1.82.jar;C:\Users\Admin\.m2\repository\io\netty\netty-buffer\4.1.73.Final\netty-buffer-4.1.73.Final.jar;C:\Users\Admin\.m2\repository\io\netty\netty-codec-http\4.1.73.Final\netty-codec-http-4.1.73.Final.jar;C:\Users\Admin\.m2\repository\io\netty\netty-codec\4.1.73.Final\netty-codec-4.1.73.Final.jar;C:\Users\Admin\.m2\repository\io\netty\netty-handler\4.1.73.Final\netty-handler-4.1.73.Final.jar;C:\Users\Admin\.m2\repository\io\netty\netty-tcnative-classes\2.0.46.Final\netty-tcnative-classes-2.0.46.Final.jar;C:\Users\Admin\.m2\repository\io\netty\netty-common\4.1.73.Final\netty-common-4.1.73.Final.jar;C:\Users\Admin\.m2\repository\io\netty\netty-transport-classes-epoll\4.1.73.Final\netty-transport-classes-epoll-4.1.73.Final.jar;C:\Users\Admin\.m2\repository\io\netty\netty-transport-classes-kqueue\4.1.73.Final\netty-transport-classes-kqueue-4.1.73.Final.jar;C:\Users\Admin\.m2\repository\io\netty\netty-transport-native-epoll\4.1.73.Final\netty-transport-native-epoll-4.1.73.Final.jar;C:\Users\Admin\.m2\repository\io\netty\netty-transport-native-kqueue\4.1.73.Final\netty-transport-native-kqueue-4.1.73.Final.jar;C:\Users\Admin\.m2\repository\io\netty\netty-transport-native-unix-common\4.1.73.Final\netty-transport-native-unix-common-4.1.73.Final.jar;C:\Users\Admin\.m2\repository\io\netty\netty-transport\4.1.73.Final\netty-transport-4.1.73.Final.jar;C:\Users\Admin\.m2\repository\io\netty\netty-resolver\4.1.73.Final\netty-resolver-4.1.73.Final.jar;C:\Users\Admin\.m2\repository\io\opentelemetry\opentelemetry-api\1.10.1\opentelemetry-api-1.10.1.jar;C:\Users\Admin\.m2\repository\io\opentelemetry\opentelemetry-context\1.10.1\opentelemetry-context-1.10.1.jar;C:\Users\Admin\.m2\repository\io\opentelemetry\opentelemetry-exporter-logging\1.10.1\opentelemetry-exporter-logging-1.10.1.jar;C:\Users\Admin\.m2\repository\io\opentelemetry\opentelemetry-sdk-metrics\1.10.1-alpha\opentelemetry-sdk-metrics-1.10.1-alpha.jar;C:\Users\Admin\.m2\repository\io\opentelemetry\opentelemetry-sdk-logs\1.10.1-alpha\opentelemetry-sdk-logs-1.10.1-alpha.jar;C:\Users\Admin\.m2\repository\io\opentelemetry\opentelemetry-sdk-common\1.10.1\opentelemetry-sdk-common-1.10.1.jar;C:\Users\Admin\.m2\repository\io\opentelemetry\opentelemetry-sdk-extension-autoconfigure-spi\1.10.1\opentelemetry-sdk-extension-autoconfigure-spi-1.10.1.jar;C:\Users\Admin\.m2\repository\io\opentelemetry\opentelemetry-sdk-extension-autoconfigure\1.10.1-alpha\opentelemetry-sdk-extension-autoconfigure-1.10.1-alpha.jar;C:\Users\Admin\.m2\repository\io\opentelemetry\opentelemetry-sdk-trace\1.10.1\opentelemetry-sdk-trace-1.10.1.jar;C:\Users\Admin\.m2\repository\io\opentelemetry\opentelemetry-sdk\1.10.1\opentelemetry-sdk-1.10.1.jar;C:\Users\Admin\.m2\repository\io\opentelemetry\opentelemetry-semconv\1.10.1-alpha\opentelemetry-semconv-1.10.1-alpha.jar;C:\Users\Admin\.m2\repository\io\ous\jtoml\2.0.0\jtoml-2.0.0.jar;C:\Users\Admin\.m2\repository\org\apache\commons\commons-exec\1.3\commons-exec-1.3.jar;C:\Users\Admin\.m2\repository\org\asynchttpclient\async-http-client\2.12.3\async-http-client-2.12.3.jar;C:\Users\Admin\.m2\repository\org\asynchttpclient\async-http-client-netty-utils\2.12.3\async-http-client-netty-utils-2.12.3.jar;C:\Users\Admin\.m2\repository\io\netty\netty-codec-socks\4.1.60.Final\netty-codec-socks-4.1.60.Final.jar;C:\Users\Admin\.m2\repository\io\netty\netty-handler-proxy\4.1.60.Final\netty-handler-proxy-4.1.60.Final.jar;C:\Users\Admin\.m2\repository\io\netty\netty-transport-native-epoll\4.1.60.Final\netty-transport-native-epoll-4.1.60.Final-linux-x86_64.jar;C:\Users\Admin\.m2\repository\io\netty\netty-transport-native-kqueue\4.1.60.Final\netty-transport-native-kqueue-4.1.60.Final-osx-x86_64.jar;C:\Users\Admin\.m2\repository\org\reactivestreams\reactive-streams\1.0.3\reactive-streams-1.0.3.jar;C:\Users\Admin\.m2\repository\com\typesafe\netty\netty-reactive-streams\2.0.4\netty-reactive-streams-2.0.4.jar;C:\Users\Admin\.m2\repository\org\seleniumhq\selenium\selenium-http\4.1.2\selenium-http-4.1.2.jar;C:\Users\Admin\.m2\repository\net\jodah\failsafe\2.4.4\failsafe-2.4.4.jar;C:\Users\Admin\.m2\repository\org\seleniumhq\selenium\selenium-safari-driver\4.1.2\selenium-safari-driver-4.1.2.jar;C:\Users\Admin\.m2\repository\org\seleniumhq\selenium\selenium-api\4.1.2\selenium-api-4.1.2.jar;C:\Users\Admin\.m2\repository\org\seleniumhq\selenium\selenium-support\4.1.2\selenium-support-4.1.2.jar;C:\Users\Admin\.m2\repository\com\google\auto\service\auto-service-annotations\1.0.1\auto-service-annotations-1.0.1.jar;C:\Users\Admin\.m2\repository\com\google\auto\service\auto-service\1.0.1\auto-service-1.0.1.jar;C:\Users\Admin\.m2\repository\com\google\auto\auto-common\1.2\auto-common-1.2.jar;C:\Users\Admin\.m2\repository\org\seleniumhq\selenium\selenium-json\4.1.2\selenium-json-4.1.2.jar;C:\Users\Admin\.m2\repository\org\seleniumhq\selenium\selenium-chrome-driver\4.1.2\selenium-chrome-driver-4.1.2.jar;C:\Users\Admin\.m2\repository\org\seleniumhq\selenium\selenium-chromium-driver\4.1.2\selenium-chromium-driver-4.1.2.jar;C:\Users\Admin\.m2\repository\org\seleniumhq\selenium\selenium-firefox-driver\4.1.2\selenium-firefox-driver-4.1.2.jar;C:\Users\Admin\.m2\repository\org\seleniumhq\selenium\selenium-edge-driver\4.1.2\selenium-edge-driver-4.1.2.jar;C:\Users\Admin\.m2\repository\org\seleniumhq\selenium\selenium-ie-driver\4.1.2\selenium-ie-driver-4.1.2.jar;C:\Users\Admin\.m2\repository\org\projectlombok\lombok\1.18.20\lombok-1.18.20.jar;C:\Users\Admin\.m2\repository\io\appium\java-client\8.0.0\java-client-8.0.0.jar;C:\Users\Admin\.m2\repository\commons-validator\commons-validator\1.7\commons-validator-1.7.jar;C:\Users\Admin\.m2\repository\commons-digester\commons-digester\2.1\commons-digester-2.1.jar;C:\Users\Admin\.m2\repository\org\aspectj\aspectjweaver\1.9.8\aspectjweaver-1.9.8.jar;C:\Users\Admin\.m2\repository\org\codehaus\groovy\groovy\3.0.10\groovy-3.0.10.jar;C:\Users\Admin\.m2\repository\net\sf\opencsv\opencsv\2.0\opencsv-2.0.jar;C:\Users\Admin\.m2\repository\commons-beanutils\commons-beanutils\1.9.4\commons-beanutils-1.9.4.jar;C:\Users\Admin\.m2\repository\org\apache\commons\commons-lang3\3.12.0\commons-lang3-3.12.0.jar;C:\Users\Admin\.m2\repository\commons-collections\commons-collections\3.2.2\commons-collections-3.2.2.jar;C:\Users\Admin\.m2\repository\org\fluentlenium\fluentlenium-core\0.10.2\fluentlenium-core-0.10.2.jar;C:\Users\Admin\.m2\repository\io\github\bonigarcia\webdrivermanager\5.1.0\webdrivermanager-5.1.0.jar;C:\Users\Admin\.m2\repository\com\github\docker-java\docker-java\3.2.13\docker-java-3.2.13.jar;C:\Users\Admin\.m2\repository\com\github\docker-java\docker-java-core\3.2.13\docker-java-core-3.2.13.jar;C:\Users\Admin\.m2\repository\com\github\docker-java\docker-java-api\3.2.13\docker-java-api-3.2.13.jar;C:\Users\Admin\.m2\repository\org\apache\commons\commons-compress\1.21\commons-compress-1.21.jar;C:\Users\Admin\.m2\repository\org\bouncycastle\bcpkix-jdk15on\1.64\bcpkix-jdk15on-1.64.jar;C:\Users\Admin\.m2\repository\org\bouncycastle\bcprov-jdk15on\1.64\bcprov-jdk15on-1.64.jar;C:\Users\Admin\.m2\repository\org\slf4j\jcl-over-slf4j\1.7.30\jcl-over-slf4j-1.7.30.jar;C:\Users\Admin\.m2\repository\com\github\docker-java\docker-java-transport-httpclient5\3.2.13\docker-java-transport-httpclient5-3.2.13.jar;C:\Users\Admin\.m2\repository\com\github\docker-java\docker-java-transport\3.2.13\docker-java-transport-3.2.13.jar;C:\Users\Admin\.m2\repository\org\apache\httpcomponents\client5\httpclient5\5.0.3\httpclient5-5.0.3.jar;C:\Users\Admin\.m2\repository\org\apache\httpcomponents\core5\httpcore5\5.0.2\httpcore5-5.0.2.jar;C:\Users\Admin\.m2\repository\net\java\dev\jna\jna\5.8.0\jna-5.8.0.jar;C:\Users\Admin\.m2\repository\org\brotli\dec\0.1.2\dec-0.1.2.jar;C:\Users\Admin\.m2\repository\com\jhlabs\filters\2.0.235\filters-2.0.235.jar;C:\Users\Admin\.m2\repository\com\paulhammant\ngwebdriver\1.1.6\ngwebdriver-1.1.6.jar;C:\Users\Admin\.m2\repository\joda-time\joda-time\2.8.2\joda-time-2.8.2.jar;C:\Users\Admin\.m2\repository\org\hamcrest\hamcrest\2.2\hamcrest-2.2.jar;C:\Users\Admin\.m2\repository\com\google\jimfs\jimfs\1.2\jimfs-1.2.jar;C:\Users\Admin\.m2\repository\org\mockito\mockito-core\3.3.3\mockito-core-3.3.3.jar;C:\Users\Admin\.m2\repository\javax\xml\bind\jaxb-api\2.3.1\jaxb-api-2.3.1.jar;C:\Users\Admin\.m2\repository\javax\activation\javax.activation-api\1.2.0\javax.activation-api-1.2.0.jar;C:\Users\Admin\.m2\repository\com\sun\xml\bind\jaxb-core\2.3.0.1\jaxb-core-2.3.0.1.jar;C:\Users\Admin\.m2\repository\com\sun\xml\bind\jaxb-impl\2.3.3\jaxb-impl-2.3.3.jar;C:\Users\Admin\.m2\repository\jakarta\xml\bind\jakarta.xml.bind-api\2.3.3\jakarta.xml.bind-api-2.3.3.jar;C:\Users\Admin\.m2\repository\com\sun\activation\jakarta.activation\1.2.2\jakarta.activation-1.2.2.jar;C:\Users\Admin\.m2\repository\javax\activation\activation\1.1.1\activation-1.1.1.jar;C:\Users\Admin\.m2\repository\net\serenity-bdd\serenity-cucumber\3.2.1\serenity-cucumber-3.2.1.jar;C:\Users\Admin\.m2\repository\io\cucumber\cucumber-core\7.2.3\cucumber-core-7.2.3.jar;C:\Users\Admin\.m2\repository\io\cucumber\cucumber-gherkin\7.2.3\cucumber-gherkin-7.2.3.jar;C:\Users\Admin\.m2\repository\io\cucumber\cucumber-gherkin-messages\7.2.3\cucumber-gherkin-messages-7.2.3.jar;C:\Users\Admin\.m2\repository\io\cucumber\messages\17.1.1\messages-17.1.1.jar;C:\Users\Admin\.m2\repository\io\cucumber\tag-expressions\4.1.0\tag-expressions-4.1.0.jar;C:\Users\Admin\.m2\repository\io\cucumber\cucumber-expressions\15.0.1\cucumber-expressions-15.0.1.jar;C:\Users\Admin\.m2\repository\io\cucumber\datatable\7.2.3\datatable-7.2.3.jar;C:\Users\Admin\.m2\repository\io\cucumber\cucumber-plugin\7.2.3\cucumber-plugin-7.2.3.jar;C:\Users\Admin\.m2\repository\io\cucumber\docstring\7.2.3\docstring-7.2.3.jar;C:\Users\Admin\.m2\repository\io\cucumber\html-formatter\17.0.0\html-formatter-17.0.0.jar;C:\Users\Admin\.m2\repository\io\cucumber\ci-environment\8.1.0\ci-environment-8.1.0.jar;C:\Users\Admin\.m2\repository\io\cucumber\cucumber-junit\7.2.3\cucumber-junit-7.2.3.jar;C:\Users\Admin\.m2\repository\org\apache\commons\commons-csv\1.5\commons-csv-1.5.jar;C:\Users\Admin\.m2\repository\net\serenity-bdd\serenity-screenplay\3.2.1\serenity-screenplay-3.2.1.jar;C:\Users\Admin\.m2\repository\net\serenity-bdd\serenity-screenplay-webdriver\3.2.1\serenity-screenplay-webdriver-3.2.1.jar;C:\Users\Admin\.m2\repository\net\serenity-bdd\serenity-ensure\3.2.1\serenity-ensure-3.2.1.jar;C:\Users\Admin\.m2\repository\net\serenity-bdd\serenity-junit\3.2.1\serenity-junit-3.2.1.jar;C:\Users\Admin\.m2\repository\org\jetbrains\kotlin\kotlin-stdlib\1.6.0\kotlin-stdlib-1.6.0.jar;C:\Users\Admin\.m2\repository\org\jetbrains\annotations\13.0\annotations-13.0.jar;C:\Users\Admin\.m2\repository\org\jetbrains\kotlin\kotlin-stdlib-common\1.6.0\kotlin-stdlib-common-1.6.0.jar;C:\Users\Admin\.m2\repository\org\junit\platform\junit-platform-launcher\1.8.1\junit-platform-launcher-1.8.1.jar;C:\Users\Admin\.m2\repository\org\junit\platform\junit-platform-engine\1.8.1\junit-platform-engine-1.8.1.jar;C:\Users\Admin\.m2\repository\org\opentest4j\opentest4j\1.2.0\opentest4j-1.2.0.jar;C:\Users\Admin\.m2\repository\org\junit\platform\junit-platform-commons\1.8.1\junit-platform-commons-1.8.1.jar;C:\Users\Admin\.m2\repository\org\apiguardian\apiguardian-api\1.1.2\apiguardian-api-1.1.2.jar;C:\Users\Admin\.m2\repository\org\junit\jupiter\junit-jupiter-engine\5.8.2\junit-jupiter-engine-5.8.2.jar;C:\Users\Admin\.m2\repository\org\junit\jupiter\junit-jupiter-api\5.8.2\junit-jupiter-api-5.8.2.jar;C:\Users\Admin\.m2\repository\org\junit\vintage\junit-vintage-engine\5.8.2\junit-vintage-engine-5.8.2.jar;C:\Users\Admin\.m2\repository\junit\junit\4.13.2\junit-4.13.2.jar;C:\Users\Admin\.m2\repository\org\hamcrest\hamcrest-core\1.3\hamcrest-core-1.3.jar;C:\Users\Admin\.m2\repository\ch\qos\logback\logback-classic\1.2.10\logback-classic-1.2.10.jar;C:\Users\Admin\.m2\repository\ch\qos\logback\logback-core\1.2.10\logback-core-1.2.10.jar;C:\Users\Admin\.m2\repository\org\slf4j\slf4j-api\1.7.32\slf4j-api-1.7.32.jar;C:\Users\Admin\.m2\repository\org\assertj\assertj-core\3.6.2\assertj-core-3.6.2.jar;"/>
    <property name="java.vm.vendor" value="Oracle Corporation"/>
    <property name="sun.arch.data.model" value="64"/>
    <property name="user.variant" value=""/>
    <property name="java.vendor.url" value="http://java.oracle.com/"/>
    <property name="user.timezone" value="Asia/Bangkok"/>
    <property name="java.vm.specification.version" value="1.8"/>
    <property name="os.name" value="Windows 10"/>
    <property name="user.country" value="US"/>
    <property name="sun.java.launcher" value="SUN_STANDARD"/>
    <property name="sun.boot.library.path" value="C:\Program Files\Java\jdk1.8.0_321\jre\bin"/>
    <property name="sun.java.command" value="C:\Users\Admin\AppData\Local\Temp\surefire3817427742834437815\surefirebooter1283513780864239151.jar C:\Users\Admin\AppData\Local\Temp\surefire3817427742834437815 2022-07-18T05-01-56_026-jvmRun1 surefire5646462906749379259tmp surefire_09103631818715678900tmp"/>
    <property name="surefire.test.class.path" value="D:\kampus merdeka\QE_Capstone Kanbo\capstone\web\target\test-classes;D:\kampus merdeka\QE_Capstone Kanbo\capstone\web\target\web-1.0-SNAPSHOT.jar;C:\Users\Admin\.m2\repository\net\serenity-bdd\serenity-core\3.2.1\serenity-core-3.2.1.jar;C:\Users\Admin\.m2\repository\net\serenity-bdd\serenity-model\3.2.1\serenity-model-3.2.1.jar;C:\Users\Admin\.m2\repository\org\apache\commons\commons-text\1.9\commons-text-1.9.jar;C:\Users\Admin\.m2\repository\commons-net\commons-net\3.8.0\commons-net-3.8.0.jar;C:\Users\Admin\.m2\repository\com\google\guava\guava\31.1-jre\guava-31.1-jre.jar;C:\Users\Admin\.m2\repository\com\google\guava\failureaccess\1.0.1\failureaccess-1.0.1.jar;C:\Users\Admin\.m2\repository\com\google\guava\listenablefuture\9999.0-empty-to-avoid-conflict-with-guava\listenablefuture-9999.0-empty-to-avoid-conflict-with-guava.jar;C:\Users\Admin\.m2\repository\com\google\code\findbugs\jsr305\3.0.2\jsr305-3.0.2.jar;C:\Users\Admin\.m2\repository\org\checkerframework\checker-qual\3.12.0\checker-qual-3.12.0.jar;C:\Users\Admin\.m2\repository\com\google\errorprone\error_prone_annotations\2.11.0\error_prone_annotations-2.11.0.jar;C:\Users\Admin\.m2\repository\com\google\j2objc\j2objc-annotations\1.3\j2objc-annotations-1.3.jar;C:\Users\Admin\.m2\repository\com\google\inject\guice\5.1.0\guice-5.1.0.jar;C:\Users\Admin\.m2\repository\javax\inject\javax.inject\1\javax.inject-1.jar;C:\Users\Admin\.m2\repository\aopalliance\aopalliance\1.0\aopalliance-1.0.jar;C:\Users\Admin\.m2\repository\org\jsoup\jsoup\1.14.3\jsoup-1.14.3.jar;C:\Users\Admin\.m2\repository\com\thoughtworks\xstream\xstream\1.4.19\xstream-1.4.19.jar;C:\Users\Admin\.m2\repository\io\github\x-stream\mxparser\1.2.2\mxparser-1.2.2.jar;C:\Users\Admin\.m2\repository\xmlpull\xmlpull\1.1.3.1\xmlpull-1.1.3.1.jar;C:\Users\Admin\.m2\repository\io\cucumber\cucumber-java\7.2.3\cucumber-java-7.2.3.jar;C:\Users\Admin\.m2\repository\com\typesafe\config\1.4.2\config-1.4.2.jar;C:\Users\Admin\.m2\repository\org\imgscalr\imgscalr-lib\4.2\imgscalr-lib-4.2.jar;C:\Users\Admin\.m2\repository\org\awaitility\awaitility\4.2.0\awaitility-4.2.0.jar;C:\Users\Admin\.m2\repository\org\freemarker\freemarker\2.3.31\freemarker-2.3.31.jar;C:\Users\Admin\.m2\repository\io\github\classgraph\classgraph\4.8.138\classgraph-4.8.138.jar;C:\Users\Admin\.m2\repository\net\sourceforge\jexcelapi\jxl\2.6.12\jxl-2.6.12.jar;C:\Users\Admin\.m2\repository\net\bytebuddy\byte-buddy\1.12.8\byte-buddy-1.12.8.jar;C:\Users\Admin\.m2\repository\net\bytebuddy\byte-buddy-agent\1.12.8\byte-buddy-agent-1.12.8.jar;C:\Users\Admin\.m2\repository\org\objenesis\objenesis\3.1\objenesis-3.1.jar;C:\Users\Admin\.m2\repository\net\serenity-bdd\serenity-reports\3.2.1\serenity-reports-3.2.1.jar;C:\Users\Admin\.m2\repository\net\serenity-bdd\serenity-stats\3.2.1\serenity-stats-3.2.1.jar;C:\Users\Admin\.m2\repository\net\serenity-bdd\serenity-reports-configuration\3.2.1\serenity-reports-configuration-3.2.1.jar;C:\Users\Admin\.m2\repository\com\vladsch\flexmark\flexmark-all\0.34.30\flexmark-all-0.34.30.jar;C:\Users\Admin\.m2\repository\com\vladsch\flexmark\flexmark\0.34.30\flexmark-0.34.30.jar;C:\Users\Admin\.m2\repository\com\vladsch\flexmark\flexmark-ext-abbreviation\0.34.30\flexmark-ext-abbreviation-0.34.30.jar;C:\Users\Admin\.m2\repository\com\vladsch\flexmark\flexmark-ext-admonition\0.34.30\flexmark-ext-admonition-0.34.30.jar;C:\Users\Admin\.m2\repository\com\vladsch\flexmark\flexmark-ext-anchorlink\0.34.30\flexmark-ext-anchorlink-0.34.30.jar;C:\Users\Admin\.m2\repository\com\vladsch\flexmark\flexmark-ext-aside\0.34.30\flexmark-ext-aside-0.34.30.jar;C:\Users\Admin\.m2\repository\com\vladsch\flexmark\flexmark-ext-attributes\0.34.30\flexmark-ext-attributes-0.34.30.jar;C:\Users\Admin\.m2\repository\com\vladsch\flexmark\flexmark-ext-autolink\0.34.30\flexmark-ext-autolink-0.34.30.jar;C:\Users\Admin\.m2\repository\org\nibor\autolink\autolink\0.6.0\autolink-0.6.0.jar;C:\Users\Admin\.m2\repository\com\vladsch\flexmark\flexmark-ext-definition\0.34.30\flexmark-ext-definition-0.34.30.jar;C:\Users\Admin\.m2\repository\com\vladsch\flexmark\flexmark-ext-emoji\0.34.30\flexmark-ext-emoji-0.34.30.jar;C:\Users\Admin\.m2\repository\com\vladsch\flexmark\flexmark-ext-enumerated-reference\0.34.30\flexmark-ext-enumerated-reference-0.34.30.jar;C:\Users\Admin\.m2\repository\com\vladsch\flexmark\flexmark-ext-escaped-character\0.34.30\flexmark-ext-escaped-character-0.34.30.jar;C:\Users\Admin\.m2\repository\com\vladsch\flexmark\flexmark-ext-footnotes\0.34.30\flexmark-ext-footnotes-0.34.30.jar;C:\Users\Admin\.m2\repository\com\vladsch\flexmark\flexmark-ext-gfm-issues\0.34.30\flexmark-ext-gfm-issues-0.34.30.jar;C:\Users\Admin\.m2\repository\com\vladsch\flexmark\flexmark-ext-gfm-strikethrough\0.34.30\flexmark-ext-gfm-strikethrough-0.34.30.jar;C:\Users\Admin\.m2\repository\com\vladsch\flexmark\flexmark-ext-gfm-tables\0.34.30\flexmark-ext-gfm-tables-0.34.30.jar;C:\Users\Admin\.m2\repository\com\vladsch\flexmark\flexmark-ext-gfm-tasklist\0.34.30\flexmark-ext-gfm-tasklist-0.34.30.jar;C:\Users\Admin\.m2\repository\com\vladsch\flexmark\flexmark-ext-gfm-users\0.34.30\flexmark-ext-gfm-users-0.34.30.jar;C:\Users\Admin\.m2\repository\com\vladsch\flexmark\flexmark-ext-gitlab\0.34.30\flexmark-ext-gitlab-0.34.30.jar;C:\Users\Admin\.m2\repository\com\vladsch\flexmark\flexmark-ext-jekyll-front-matter\0.34.30\flexmark-ext-jekyll-front-matter-0.34.30.jar;C:\Users\Admin\.m2\repository\com\vladsch\flexmark\flexmark-ext-jekyll-tag\0.34.30\flexmark-ext-jekyll-tag-0.34.30.jar;C:\Users\Admin\.m2\repository\com\vladsch\flexmark\flexmark-ext-media-tags\0.34.30\flexmark-ext-media-tags-0.34.30.jar;C:\Users\Admin\.m2\repository\com\vladsch\flexmark\flexmark-test-util\0.34.30\flexmark-test-util-0.34.30.jar;C:\Users\Admin\.m2\repository\com\vladsch\flexmark\flexmark-ext-ins\0.34.30\flexmark-ext-ins-0.34.30.jar;C:\Users\Admin\.m2\repository\com\vladsch\flexmark\flexmark-ext-xwiki-macros\0.34.30\flexmark-ext-xwiki-macros-0.34.30.jar;C:\Users\Admin\.m2\repository\com\vladsch\flexmark\flexmark-ext-superscript\0.34.30\flexmark-ext-superscript-0.34.30.jar;C:\Users\Admin\.m2\repository\com\vladsch\flexmark\flexmark-ext-tables\0.34.30\flexmark-ext-tables-0.34.30.jar;C:\Users\Admin\.m2\repository\com\vladsch\flexmark\flexmark-ext-toc\0.34.30\flexmark-ext-toc-0.34.30.jar;C:\Users\Admin\.m2\repository\com\vladsch\flexmark\flexmark-ext-typographic\0.34.30\flexmark-ext-typographic-0.34.30.jar;C:\Users\Admin\.m2\repository\com\vladsch\flexmark\flexmark-ext-wikilink\0.34.30\flexmark-ext-wikilink-0.34.30.jar;C:\Users\Admin\.m2\repository\com\vladsch\flexmark\flexmark-ext-yaml-front-matter\0.34.30\flexmark-ext-yaml-front-matter-0.34.30.jar;C:\Users\Admin\.m2\repository\com\vladsch\flexmark\flexmark-ext-youtube-embedded\0.34.30\flexmark-ext-youtube-embedded-0.34.30.jar;C:\Users\Admin\.m2\repository\com\vladsch\flexmark\flexmark-formatter\0.34.30\flexmark-formatter-0.34.30.jar;C:\Users\Admin\.m2\repository\com\vladsch\flexmark\flexmark-html-parser\0.34.30\flexmark-html-parser-0.34.30.jar;C:\Users\Admin\.m2\repository\com\vladsch\flexmark\flexmark-jira-converter\0.34.30\flexmark-jira-converter-0.34.30.jar;C:\Users\Admin\.m2\repository\com\vladsch\flexmark\flexmark-pdf-converter\0.34.30\flexmark-pdf-converter-0.34.30.jar;C:\Users\Admin\.m2\repository\com\openhtmltopdf\openhtmltopdf-core\0.0.1-RC13\openhtmltopdf-core-0.0.1-RC13.jar;C:\Users\Admin\.m2\repository\com\openhtmltopdf\openhtmltopdf-pdfbox\0.0.1-RC13\openhtmltopdf-pdfbox-0.0.1-RC13.jar;C:\Users\Admin\.m2\repository\org\apache\pdfbox\pdfbox\2.0.8\pdfbox-2.0.8.jar;C:\Users\Admin\.m2\repository\org\apache\pdfbox\fontbox\2.0.8\fontbox-2.0.8.jar;C:\Users\Admin\.m2\repository\commons-logging\commons-logging\1.2\commons-logging-1.2.jar;C:\Users\Admin\.m2\repository\org\apache\pdfbox\xmpbox\2.0.8\xmpbox-2.0.8.jar;C:\Users\Admin\.m2\repository\de\rototor\pdfbox\graphics2d\0.12\graphics2d-0.12.jar;C:\Users\Admin\.m2\repository\com\openhtmltopdf\openhtmltopdf-rtl-support\0.0.1-RC13\openhtmltopdf-rtl-support-0.0.1-RC13.jar;C:\Users\Admin\.m2\repository\com\ibm\icu\icu4j\59.1\icu4j-59.1.jar;C:\Users\Admin\.m2\repository\com\openhtmltopdf\openhtmltopdf-jsoup-dom-converter\0.0.1-RC13\openhtmltopdf-jsoup-dom-converter-0.0.1-RC13.jar;C:\Users\Admin\.m2\repository\com\vladsch\flexmark\flexmark-profile-pegdown\0.34.30\flexmark-profile-pegdown-0.34.30.jar;C:\Users\Admin\.m2\repository\com\vladsch\flexmark\flexmark-util\0.34.30\flexmark-util-0.34.30.jar;C:\Users\Admin\.m2\repository\com\vladsch\flexmark\flexmark-youtrack-converter\0.34.30\flexmark-youtrack-converter-0.34.30.jar;C:\Users\Admin\.m2\repository\es\nitaur\markdown\txtmark\0.16\txtmark-0.16.jar;C:\Users\Admin\.m2\repository\net\serenity-bdd\serenity-report-resources\3.2.1\serenity-report-resources-3.2.1.jar;C:\Users\Admin\.m2\repository\com\google\code\gson\gson\2.9.0\gson-2.9.0.jar;C:\Users\Admin\.m2\repository\com\fasterxml\jackson\core\jackson-core\2.13.2\jackson-core-2.13.2.jar;C:\Users\Admin\.m2\repository\com\fasterxml\jackson\core\jackson-databind\2.13.2\jackson-databind-2.13.2.jar;C:\Users\Admin\.m2\repository\com\fasterxml\jackson\core\jackson-annotations\2.13.2\jackson-annotations-2.13.2.jar;C:\Users\Admin\.m2\repository\commons-codec\commons-codec\1.15\commons-codec-1.15.jar;C:\Users\Admin\.m2\repository\commons-io\commons-io\2.11.0\commons-io-2.11.0.jar;C:\Users\Admin\.m2\repository\org\seleniumhq\selenium\selenium-java\4.1.2\selenium-java-4.1.2.jar;C:\Users\Admin\.m2\repository\org\seleniumhq\selenium\selenium-devtools-v85\4.1.2\selenium-devtools-v85-4.1.2.jar;C:\Users\Admin\.m2\repository\org\seleniumhq\selenium\selenium-devtools-v95\4.1.2\selenium-devtools-v95-4.1.2.jar;C:\Users\Admin\.m2\repository\org\seleniumhq\selenium\selenium-devtools-v96\4.1.2\selenium-devtools-v96-4.1.2.jar;C:\Users\Admin\.m2\repository\org\seleniumhq\selenium\selenium-devtools-v97\4.1.2\selenium-devtools-v97-4.1.2.jar;C:\Users\Admin\.m2\repository\org\seleniumhq\selenium\selenium-firefox-xpi-driver\4.1.2\selenium-firefox-xpi-driver-4.1.2.jar;C:\Users\Admin\.m2\repository\org\seleniumhq\selenium\selenium-opera-driver\4.1.2\selenium-opera-driver-4.1.2.jar;C:\Users\Admin\.m2\repository\org\seleniumhq\selenium\selenium-remote-driver\4.1.2\selenium-remote-driver-4.1.2.jar;C:\Users\Admin\.m2\repository\com\beust\jcommander\1.82\jcommander-1.82.jar;C:\Users\Admin\.m2\repository\io\netty\netty-buffer\4.1.73.Final\netty-buffer-4.1.73.Final.jar;C:\Users\Admin\.m2\repository\io\netty\netty-codec-http\4.1.73.Final\netty-codec-http-4.1.73.Final.jar;C:\Users\Admin\.m2\repository\io\netty\netty-codec\4.1.73.Final\netty-codec-4.1.73.Final.jar;C:\Users\Admin\.m2\repository\io\netty\netty-handler\4.1.73.Final\netty-handler-4.1.73.Final.jar;C:\Users\Admin\.m2\repository\io\netty\netty-tcnative-classes\2.0.46.Final\netty-tcnative-classes-2.0.46.Final.jar;C:\Users\Admin\.m2\repository\io\netty\netty-common\4.1.73.Final\netty-common-4.1.73.Final.jar;C:\Users\Admin\.m2\repository\io\netty\netty-transport-classes-epoll\4.1.73.Final\netty-transport-classes-epoll-4.1.73.Final.jar;C:\Users\Admin\.m2\repository\io\netty\netty-transport-classes-kqueue\4.1.73.Final\netty-transport-classes-kqueue-4.1.73.Final.jar;C:\Users\Admin\.m2\repository\io\netty\netty-transport-native-epoll\4.1.73.Final\netty-transport-native-epoll-4.1.73.Final.jar;C:\Users\Admin\.m2\repository\io\netty\netty-transport-native-kqueue\4.1.73.Final\netty-transport-native-kqueue-4.1.73.Final.jar;C:\Users\Admin\.m2\repository\io\netty\netty-transport-native-unix-common\4.1.73.Final\netty-transport-native-unix-common-4.1.73.Final.jar;C:\Users\Admin\.m2\repository\io\netty\netty-transport\4.1.73.Final\netty-transport-4.1.73.Final.jar;C:\Users\Admin\.m2\repository\io\netty\netty-resolver\4.1.73.Final\netty-resolver-4.1.73.Final.jar;C:\Users\Admin\.m2\repository\io\opentelemetry\opentelemetry-api\1.10.1\opentelemetry-api-1.10.1.jar;C:\Users\Admin\.m2\repository\io\opentelemetry\opentelemetry-context\1.10.1\opentelemetry-context-1.10.1.jar;C:\Users\Admin\.m2\repository\io\opentelemetry\opentelemetry-exporter-logging\1.10.1\opentelemetry-exporter-logging-1.10.1.jar;C:\Users\Admin\.m2\repository\io\opentelemetry\opentelemetry-sdk-metrics\1.10.1-alpha\opentelemetry-sdk-metrics-1.10.1-alpha.jar;C:\Users\Admin\.m2\repository\io\opentelemetry\opentelemetry-sdk-logs\1.10.1-alpha\opentelemetry-sdk-logs-1.10.1-alpha.jar;C:\Users\Admin\.m2\repository\io\opentelemetry\opentelemetry-sdk-common\1.10.1\opentelemetry-sdk-common-1.10.1.jar;C:\Users\Admin\.m2\repository\io\opentelemetry\opentelemetry-sdk-extension-autoconfigure-spi\1.10.1\opentelemetry-sdk-extension-autoconfigure-spi-1.10.1.jar;C:\Users\Admin\.m2\repository\io\opentelemetry\opentelemetry-sdk-extension-autoconfigure\1.10.1-alpha\opentelemetry-sdk-extension-autoconfigure-1.10.1-alpha.jar;C:\Users\Admin\.m2\repository\io\opentelemetry\opentelemetry-sdk-trace\1.10.1\opentelemetry-sdk-trace-1.10.1.jar;C:\Users\Admin\.m2\repository\io\opentelemetry\opentelemetry-sdk\1.10.1\opentelemetry-sdk-1.10.1.jar;C:\Users\Admin\.m2\repository\io\opentelemetry\opentelemetry-semconv\1.10.1-alpha\opentelemetry-semconv-1.10.1-alpha.jar;C:\Users\Admin\.m2\repository\io\ous\jtoml\2.0.0\jtoml-2.0.0.jar;C:\Users\Admin\.m2\repository\org\apache\commons\commons-exec\1.3\commons-exec-1.3.jar;C:\Users\Admin\.m2\repository\org\asynchttpclient\async-http-client\2.12.3\async-http-client-2.12.3.jar;C:\Users\Admin\.m2\repository\org\asynchttpclient\async-http-client-netty-utils\2.12.3\async-http-client-netty-utils-2.12.3.jar;C:\Users\Admin\.m2\repository\io\netty\netty-codec-socks\4.1.60.Final\netty-codec-socks-4.1.60.Final.jar;C:\Users\Admin\.m2\repository\io\netty\netty-handler-proxy\4.1.60.Final\netty-handler-proxy-4.1.60.Final.jar;C:\Users\Admin\.m2\repository\io\netty\netty-transport-native-epoll\4.1.60.Final\netty-transport-native-epoll-4.1.60.Final-linux-x86_64.jar;C:\Users\Admin\.m2\repository\io\netty\netty-transport-native-kqueue\4.1.60.Final\netty-transport-native-kqueue-4.1.60.Final-osx-x86_64.jar;C:\Users\Admin\.m2\repository\org\reactivestreams\reactive-streams\1.0.3\reactive-streams-1.0.3.jar;C:\Users\Admin\.m2\repository\com\typesafe\netty\netty-reactive-streams\2.0.4\netty-reactive-streams-2.0.4.jar;C:\Users\Admin\.m2\repository\org\seleniumhq\selenium\selenium-http\4.1.2\selenium-http-4.1.2.jar;C:\Users\Admin\.m2\repository\net\jodah\failsafe\2.4.4\failsafe-2.4.4.jar;C:\Users\Admin\.m2\repository\org\seleniumhq\selenium\selenium-safari-driver\4.1.2\selenium-safari-driver-4.1.2.jar;C:\Users\Admin\.m2\repository\org\seleniumhq\selenium\selenium-api\4.1.2\selenium-api-4.1.2.jar;C:\Users\Admin\.m2\repository\org\seleniumhq\selenium\selenium-support\4.1.2\selenium-support-4.1.2.jar;C:\Users\Admin\.m2\repository\com\google\auto\service\auto-service-annotations\1.0.1\auto-service-annotations-1.0.1.jar;C:\Users\Admin\.m2\repository\com\google\auto\service\auto-service\1.0.1\auto-service-1.0.1.jar;C:\Users\Admin\.m2\repository\com\google\auto\auto-common\1.2\auto-common-1.2.jar;C:\Users\Admin\.m2\repository\org\seleniumhq\selenium\selenium-json\4.1.2\selenium-json-4.1.2.jar;C:\Users\Admin\.m2\repository\org\seleniumhq\selenium\selenium-chrome-driver\4.1.2\selenium-chrome-driver-4.1.2.jar;C:\Users\Admin\.m2\repository\org\seleniumhq\selenium\selenium-chromium-driver\4.1.2\selenium-chromium-driver-4.1.2.jar;C:\Users\Admin\.m2\repository\org\seleniumhq\selenium\selenium-firefox-driver\4.1.2\selenium-firefox-driver-4.1.2.jar;C:\Users\Admin\.m2\repository\org\seleniumhq\selenium\selenium-edge-driver\4.1.2\selenium-edge-driver-4.1.2.jar;C:\Users\Admin\.m2\repository\org\seleniumhq\selenium\selenium-ie-driver\4.1.2\selenium-ie-driver-4.1.2.jar;C:\Users\Admin\.m2\repository\org\projectlombok\lombok\1.18.20\lombok-1.18.20.jar;C:\Users\Admin\.m2\repository\io\appium\java-client\8.0.0\java-client-8.0.0.jar;C:\Users\Admin\.m2\repository\commons-validator\commons-validator\1.7\commons-validator-1.7.jar;C:\Users\Admin\.m2\repository\commons-digester\commons-digester\2.1\commons-digester-2.1.jar;C:\Users\Admin\.m2\repository\org\aspectj\aspectjweaver\1.9.8\aspectjweaver-1.9.8.jar;C:\Users\Admin\.m2\repository\org\codehaus\groovy\groovy\3.0.10\groovy-3.0.10.jar;C:\Users\Admin\.m2\repository\net\sf\opencsv\opencsv\2.0\opencsv-2.0.jar;C:\Users\Admin\.m2\repository\commons-beanutils\commons-beanutils\1.9.4\commons-beanutils-1.9.4.jar;C:\Users\Admin\.m2\repository\org\apache\commons\commons-lang3\3.12.0\commons-lang3-3.12.0.jar;C:\Users\Admin\.m2\repository\commons-collections\commons-collections\3.2.2\commons-collections-3.2.2.jar;C:\Users\Admin\.m2\repository\org\fluentlenium\fluentlenium-core\0.10.2\fluentlenium-core-0.10.2.jar;C:\Users\Admin\.m2\repository\io\github\bonigarcia\webdrivermanager\5.1.0\webdrivermanager-5.1.0.jar;C:\Users\Admin\.m2\repository\com\github\docker-java\docker-java\3.2.13\docker-java-3.2.13.jar;C:\Users\Admin\.m2\repository\com\github\docker-java\docker-java-core\3.2.13\docker-java-core-3.2.13.jar;C:\Users\Admin\.m2\repository\com\github\docker-java\docker-java-api\3.2.13\docker-java-api-3.2.13.jar;C:\Users\Admin\.m2\repository\org\apache\commons\commons-compress\1.21\commons-compress-1.21.jar;C:\Users\Admin\.m2\repository\org\bouncycastle\bcpkix-jdk15on\1.64\bcpkix-jdk15on-1.64.jar;C:\Users\Admin\.m2\repository\org\bouncycastle\bcprov-jdk15on\1.64\bcprov-jdk15on-1.64.jar;C:\Users\Admin\.m2\repository\org\slf4j\jcl-over-slf4j\1.7.30\jcl-over-slf4j-1.7.30.jar;C:\Users\Admin\.m2\repository\com\github\docker-java\docker-java-transport-httpclient5\3.2.13\docker-java-transport-httpclient5-3.2.13.jar;C:\Users\Admin\.m2\repository\com\github\docker-java\docker-java-transport\3.2.13\docker-java-transport-3.2.13.jar;C:\Users\Admin\.m2\repository\org\apache\httpcomponents\client5\httpclient5\5.0.3\httpclient5-5.0.3.jar;C:\Users\Admin\.m2\repository\org\apache\httpcomponents\core5\httpcore5\5.0.2\httpcore5-5.0.2.jar;C:\Users\Admin\.m2\repository\net\java\dev\jna\jna\5.8.0\jna-5.8.0.jar;C:\Users\Admin\.m2\repository\org\brotli\dec\0.1.2\dec-0.1.2.jar;C:\Users\Admin\.m2\repository\com\jhlabs\filters\2.0.235\filters-2.0.235.jar;C:\Users\Admin\.m2\repository\com\paulhammant\ngwebdriver\1.1.6\ngwebdriver-1.1.6.jar;C:\Users\Admin\.m2\repository\joda-time\joda-time\2.8.2\joda-time-2.8.2.jar;C:\Users\Admin\.m2\repository\org\hamcrest\hamcrest\2.2\hamcrest-2.2.jar;C:\Users\Admin\.m2\repository\com\google\jimfs\jimfs\1.2\jimfs-1.2.jar;C:\Users\Admin\.m2\repository\org\mockito\mockito-core\3.3.3\mockito-core-3.3.3.jar;C:\Users\Admin\.m2\repository\javax\xml\bind\jaxb-api\2.3.1\jaxb-api-2.3.1.jar;C:\Users\Admin\.m2\repository\javax\activation\javax.activation-api\1.2.0\javax.activation-api-1.2.0.jar;C:\Users\Admin\.m2\repository\com\sun\xml\bind\jaxb-core\2.3.0.1\jaxb-core-2.3.0.1.jar;C:\Users\Admin\.m2\repository\com\sun\xml\bind\jaxb-impl\2.3.3\jaxb-impl-2.3.3.jar;C:\Users\Admin\.m2\repository\jakarta\xml\bind\jakarta.xml.bind-api\2.3.3\jakarta.xml.bind-api-2.3.3.jar;C:\Users\Admin\.m2\repository\com\sun\activation\jakarta.activation\1.2.2\jakarta.activation-1.2.2.jar;C:\Users\Admin\.m2\repository\javax\activation\activation\1.1.1\activation-1.1.1.jar;C:\Users\Admin\.m2\repository\net\serenity-bdd\serenity-cucumber\3.2.1\serenity-cucumber-3.2.1.jar;C:\Users\Admin\.m2\repository\io\cucumber\cucumber-core\7.2.3\cucumber-core-7.2.3.jar;C:\Users\Admin\.m2\repository\io\cucumber\cucumber-gherkin\7.2.3\cucumber-gherkin-7.2.3.jar;C:\Users\Admin\.m2\repository\io\cucumber\cucumber-gherkin-messages\7.2.3\cucumber-gherkin-messages-7.2.3.jar;C:\Users\Admin\.m2\repository\io\cucumber\messages\17.1.1\messages-17.1.1.jar;C:\Users\Admin\.m2\repository\io\cucumber\tag-expressions\4.1.0\tag-expressions-4.1.0.jar;C:\Users\Admin\.m2\repository\io\cucumber\cucumber-expressions\15.0.1\cucumber-expressions-15.0.1.jar;C:\Users\Admin\.m2\repository\io\cucumber\datatable\7.2.3\datatable-7.2.3.jar;C:\Users\Admin\.m2\repository\io\cucumber\cucumber-plugin\7.2.3\cucumber-plugin-7.2.3.jar;C:\Users\Admin\.m2\repository\io\cucumber\docstring\7.2.3\docstring-7.2.3.jar;C:\Users\Admin\.m2\repository\io\cucumber\html-formatter\17.0.0\html-formatter-17.0.0.jar;C:\Users\Admin\.m2\repository\io\cucumber\ci-environment\8.1.0\ci-environment-8.1.0.jar;C:\Users\Admin\.m2\repository\io\cucumber\cucumber-junit\7.2.3\cucumber-junit-7.2.3.jar;C:\Users\Admin\.m2\repository\org\apache\commons\commons-csv\1.5\commons-csv-1.5.jar;C:\Users\Admin\.m2\repository\net\serenity-bdd\serenity-screenplay\3.2.1\serenity-screenplay-3.2.1.jar;C:\Users\Admin\.m2\repository\net\serenity-bdd\serenity-screenplay-webdriver\3.2.1\serenity-screenplay-webdriver-3.2.1.jar;C:\Users\Admin\.m2\repository\net\serenity-bdd\serenity-ensure\3.2.1\serenity-ensure-3.2.1.jar;C:\Users\Admin\.m2\repository\net\serenity-bdd\serenity-junit\3.2.1\serenity-junit-3.2.1.jar;C:\Users\Admin\.m2\repository\org\jetbrains\kotlin\kotlin-stdlib\1.6.0\kotlin-stdlib-1.6.0.jar;C:\Users\Admin\.m2\repository\org\jetbrains\annotations\13.0\annotations-13.0.jar;C:\Users\Admin\.m2\repository\org\jetbrains\kotlin\kotlin-stdlib-common\1.6.0\kotlin-stdlib-common-1.6.0.jar;C:\Users\Admin\.m2\repository\org\junit\platform\junit-platform-launcher\1.8.1\junit-platform-launcher-1.8.1.jar;C:\Users\Admin\.m2\repository\org\junit\platform\junit-platform-engine\1.8.1\junit-platform-engine-1.8.1.jar;C:\Users\Admin\.m2\repository\org\opentest4j\opentest4j\1.2.0\opentest4j-1.2.0.jar;C:\Users\Admin\.m2\repository\org\junit\platform\junit-platform-commons\1.8.1\junit-platform-commons-1.8.1.jar;C:\Users\Admin\.m2\repository\org\apiguardian\apiguardian-api\1.1.2\apiguardian-api-1.1.2.jar;C:\Users\Admin\.m2\repository\org\junit\jupiter\junit-jupiter-engine\5.8.2\junit-jupiter-engine-5.8.2.jar;C:\Users\Admin\.m2\repository\org\junit\jupiter\junit-jupiter-api\5.8.2\junit-jupiter-api-5.8.2.jar;C:\Users\Admin\.m2\repository\org\junit\vintage\junit-vintage-engine\5.8.2\junit-vintage-engine-5.8.2.jar;C:\Users\Admin\.m2\repository\junit\junit\4.13.2\junit-4.13.2.jar;C:\Users\Admin\.m2\repository\org\hamcrest\hamcrest-core\1.3\hamcrest-core-1.3.jar;C:\Users\Admin\.m2\repository\ch\qos\logback\logback-classic\1.2.10\logback-classic-1.2.10.jar;C:\Users\Admin\.m2\repository\ch\qos\logback\logback-core\1.2.10\logback-core-1.2.10.jar;C:\Users\Admin\.m2\repository\org\slf4j\slf4j-api\1.7.32\slf4j-api-1.7.32.jar;C:\Users\Admin\.m2\repository\org\assertj\assertj-core\3.6.2\assertj-core-3.6.2.jar;"/>
    <property name="sun.cpu.endian" value="little"/>
    <property name="user.home" value="C:\Users\Admin"/>
    <property name="user.language" value="en"/>
    <property name="java.specification.vendor" value="Oracle Corporation"/>
    <property name="java.home" value="C:\Program Files\Java\jdk1.8.0_321\jre"/>
    <property name="tags" value=" @building"/>
    <property name="basedir" value="D:\kampus merdeka\QE_Capstone Kanbo\capstone\web"/>
    <property name="file.separator" value="\"/>
    <property name="line.separator" value="&#10;"/>
    <property name="java.vm.specification.vendor" value="Oracle Corporation"/>
    <property name="java.specification.name" value="Java Platform API Specification"/>
    <property name="java.awt.graphicsenv" value="sun.awt.Win32GraphicsEnvironment"/>
    <property name="surefire.real.class.path" value="C:\Users\Admin\AppData\Local\Temp\surefire3817427742834437815\surefirebooter1283513780864239151.jar"/>
    <property name="sun.boot.class.path" value="C:\Program Files\Java\jdk1.8.0_321\jre\lib\resources.jar;C:\Program Files\Java\jdk1.8.0_321\jre\lib\rt.jar;C:\Program Files\Java\jdk1.8.0_321\jre\lib\sunrsasign.jar;C:\Program Files\Java\jdk1.8.0_321\jre\lib\jsse.jar;C:\Program Files\Java\jdk1.8.0_321\jre\lib\jce.jar;C:\Program Files\Java\jdk1.8.0_321\jre\lib\charsets.jar;C:\Program Files\Java\jdk1.8.0_321\jre\lib\jfr.jar;C:\Program Files\Java\jdk1.8.0_321\jre\classes"/>
    <property name="user.script" value=""/>
    <property name="java.protocol.handler.pkgs" value="com.google.common"/>
    <property name="sun.management.compiler" value="HotSpot 64-Bit Tiered Compilers"/>
    <property name="java.runtime.version" value="1.8.0_321-b07"/>
    <property name="user.name" value="Admin"/>
    <property name="path.separator" value=";"/>
    <property name="os.version" value="10.0"/>
    <property name="java.endorsed.dirs" value="C:\Program Files\Java\jdk1.8.0_321\jre\lib\endorsed"/>
    <property name="java.runtime.name" value="Java(TM) SE Runtime Environment"/>
    <property name="file.encoding" value="Cp1252"/>
    <property name="webdriver.base.url" value=""/>
    <property name="java.vm.name" value="Java HotSpot(TM) 64-Bit Server VM"/>
    <property name="localRepository" value="C:\Users\Admin\.m2\repository"/>
    <property name="java.vendor.url.bug" value="http://bugreport.sun.com/bugreport/"/>
    <property name="java.io.tmpdir" value="C:\Users\Admin\AppData\Local\Temp\"/>
    <property name="java.version" value="1.8.0_321"/>
    <property name="user.dir" value="D:\kampus merdeka\QE_Capstone Kanbo\capstone\web"/>
    <property name="os.arch" value="amd64"/>
    <property name="java.vm.specification.name" value="Java Virtual Machine Specification"/>
    <property name="java.awt.printerjob" value="sun.awt.windows.WPrinterJob"/>
    <property name="sun.os.patch.level" value=""/>
    <property name="java.library.path" value="C:\Program Files\Java\jdk1.8.0_321\jre\bin;C:\Windows\Sun\Java\bin;C:\Windows\system32;C:\Windows;C:\Program Files (x86)\Common Files\Oracle\Java\javapath;C:\Windows\system32;C:\Windows;C:\Windows\System32\Wbem;C:\Windows\System32\WindowsPowerShell\v1.0\;C:\Windows\System32\OpenSSH\;C:\Program Files\Git\cmd;C:\Program Files\Git\mingw64\bin;C:\Program Files\Git\usr\bin;C:\Program Files (x86)\dotnet\;C:\OPT\apache-maven-3.8.5\bin;%M2_HOME%\bin;D:\Program Files\;C:\Users\Admin\AppData\Local\Android\Sdk\platform-tools;%ANDROID_HOME%;C:\Users\Admin\AppData\Local\Android\Sdk\tools\emulator;C:\Users\Admin\AppData\Local\Microsoft\WindowsApps;;C:\Users\Admin\AppData\Local\Programs\Microsoft VS Code\bin;C:\Users\Admin\AppData\Roaming\npm;."/>
    <property name="java.vm.info" value="mixed mode"/>
    <property name="java.vendor" value="Oracle Corporation"/>
    <property name="java.vm.version" value="25.321-b07"/>
    <property name="java.ext.dirs" value="C:\Program Files\Java\jdk1.8.0_321\jre\lib\ext;C:\Windows\Sun\Java\lib\ext"/>
    <property name="sun.io.unicode.encoding" value="UnicodeLittle"/>
    <property name="java.class.version" value="52.0"/>
  </properties>
  <testcase name="As admin i have be able success to see building on building page" classname="As admin I want to see details building on building page" time="36.195">
    <system-out><![CDATA[05:02:04.394 [main] INFO io.cucumber.core.plugin.SerenityReporter - Running feature from file:///D:/kampus%20merdeka/QE_Capstone%20Kanbo/capstone/web/src/test/resources/features/Building.feature
05:02:05.098 [main] INFO  - 

-------------------------------------------------------------------------------------
     _______. _______ .______       _______ .__   __.  __  .___________.____    ____ 
    /       ||   ____||   _  \     |   ____||  \ |  | |  | |           |\   \  /   / 
   |   (----`|  |__   |  |_)  |    |  |__   |   \|  | |  | `---|  |----` \   \/   /  
    \   \    |   __|  |      /     |   __|  |  . `  | |  |     |  |       \_    _/   
.----)   |   |  |____ |  |\  \----.|  |____ |  |\   | |  |     |  |         |  |     
|_______/    |_______|| _| `._____||_______||__| \__| |__|     |__|         |__|    
                                                                                     
 News and tutorials at http://www.serenity-bdd.info                                  
 Documentation at https://wakaleo.gitbooks.io/the-serenity-book/content/             
 Join the Serenity Community on Gitter: https://gitter.im/serenity-bdd/serenity-core 
 Serenity BDD Support and Training at http://serenity-bdd.info/#/trainingandsupport  
-------------------------------------------------------------------------------------

05:02:05.105 [main] DEBUG net.thucydides.core.steps.StepEventBus - Test suite started for story net.thucydides.core.model.Story@1cd80e80
05:02:05.113 [main] INFO  - Test Suite Started: As admin I want to see details building on building page
05:02:05.161 [main] INFO io.cucumber.core.plugin.SerenityReporter - Running feature from file:///D:/kampus%20merdeka/QE_Capstone%20Kanbo/capstone/web/src/test/resources/features/Chat.feature
05:02:05.171 [main] DEBUG net.thucydides.core.steps.StepEventBus - Test suite started for story net.thucydides.core.model.Story@c3fbdcdf
05:02:05.173 [main] INFO  - Test Suite Started: As admin I want to chat customer
05:02:05.173 [main] INFO io.cucumber.core.plugin.SerenityReporter - Running feature from file:///D:/kampus%20merdeka/QE_Capstone%20Kanbo/capstone/web/src/test/resources/features/Complex.feature
05:02:05.189 [main] DEBUG net.thucydides.core.steps.StepEventBus - Test suite started for story net.thucydides.core.model.Story@8f56a05
05:02:05.190 [main] INFO  - Test Suite Started: As a admin I want to see existing complex on complex page
05:02:05.191 [main] INFO io.cucumber.core.plugin.SerenityReporter - Running feature from file:///D:/kampus%20merdeka/QE_Capstone%20Kanbo/capstone/web/src/test/resources/features/Customer.feature
05:02:05.203 [main] DEBUG net.thucydides.core.steps.StepEventBus - Test suite started for story net.thucydides.core.model.Story@97666fc2
05:02:05.205 [main] INFO  - Test Suite Started: As admin I want to see list customer So that i can manage customer
05:02:05.205 [main] INFO io.cucumber.core.plugin.SerenityReporter - Running feature from file:///D:/kampus%20merdeka/QE_Capstone%20Kanbo/capstone/web/src/test/resources/features/Login.feature
05:02:05.219 [main] DEBUG net.thucydides.core.steps.StepEventBus - Test suite started for story net.thucydides.core.model.Story@c69d7d3a
05:02:05.221 [main] INFO  - Test Suite Started: As admin I want to login So that i can see home page
05:02:05.221 [main] INFO io.cucumber.core.plugin.SerenityReporter - Running feature from file:///D:/kampus%20merdeka/QE_Capstone%20Kanbo/capstone/web/src/test/resources/features/Register.feature
05:02:05.246 [main] DEBUG net.thucydides.core.steps.StepEventBus - Test suite started for story net.thucydides.core.model.Story@5074cca9
05:02:05.247 [main] INFO  - Test Suite Started: As user i want to create account So that i can login
05:02:05.247 [main] INFO io.cucumber.core.plugin.SerenityReporter - Running feature from file:///D:/kampus%20merdeka/QE_Capstone%20Kanbo/capstone/web/src/test/resources/features/Review.feature
05:02:05.261 [main] DEBUG net.thucydides.core.steps.StepEventBus - Test suite started for story net.thucydides.core.model.Story@b0a3a746
05:02:05.262 [main] INFO  - Test Suite Started: As admin I want to see review So that i can reply review
05:02:05.263 [main] INFO io.cucumber.core.plugin.SerenityReporter - Running feature from file:///D:/kampus%20merdeka/QE_Capstone%20Kanbo/capstone/web/src/test/resources/features/Room.feature
05:02:05.278 [main] DEBUG net.thucydides.core.steps.StepEventBus - Test suite started for story net.thucydides.core.model.Story@aad6890f
05:02:05.279 [main] INFO  - Test Suite Started: As a admin I want to see list room in room page
05:02:05.280 [main] INFO io.cucumber.core.plugin.SerenityReporter - Running feature from file:///D:/kampus%20merdeka/QE_Capstone%20Kanbo/capstone/web/src/test/resources/features/Search.feature
05:02:05.294 [main] DEBUG net.thucydides.core.steps.StepEventBus - Test suite started for story net.thucydides.core.model.Story@5bc8dd90
05:02:05.295 [main] INFO  - Test Suite Started: As admin I want to search building So that i can see existing building
05:02:05.297 [main] INFO io.cucumber.core.plugin.SerenityReporter - Running feature from file:///D:/kampus%20merdeka/QE_Capstone%20Kanbo/capstone/web/src/test/resources/features/Building.feature
05:02:05.304 [main] DEBUG net.thucydides.core.steps.StepEventBus - Test suite started for story net.thucydides.core.model.Story@1cd80e80
05:02:05.305 [main] INFO  - Test Suite Started: As admin I want to see details building on building page

@building @feature @positifBuild
Scenario: As admin i have be able success to see building on building page &amp#27;[90m# src/test/resources/features/Building.feature:12&amp#27;[0m
05:02:05.724 [main] INFO io.cucumber.core.plugin.SerenityReporter - Running feature from file:///D:/kampus%20merdeka/QE_Capstone%20Kanbo/capstone/web/src/test/resources/features/Building.feature
05:02:06.071 [main] INFO  - 
  _____   ___   ___   _____     ___   _____     _     ___   _____   ___   ___  
 |_   _| | __| / __| |_   _|   / __| |_   _|   /_\   | _ \ |_   _| | __| |   \ 
   | |   | _|  \__ \   | |     \__ \   | |    / _ \  |   /   | |   | _|  | |) |
   |_|   |___| |___/   |_|     |___/   |_|   /_/ \_\ |_|_\   |_|   |___| |___/ 

As admin i have be able success to see building on building page(as-admin-i-want-to-see-details-building-on-building-page;as-admin-i-have-be-able-success-to-see-building-on-building-page)
--------------------------------------------------------------------------------
05:02:08.398 [main] DEBUG net.thucydides.core.steps.StepInterceptor - STARTING STEP: LoginSteps.onLoginPage - openPage
05:02:08.566 [main] INFO net.serenitybdd.core.webdriver.driverproviders.ChromeDriverProvider - Using automatically driver download
05:02:11.772 [main] DEBUG io.github.bonigarcia.wdm.cache.ResolutionCache - Resolution chrome=103 in cache (valid until 05:51:31 18/07/2022 ICT)
05:02:11.791 [main] DEBUG io.github.bonigarcia.wdm.cache.ResolutionCache - Resolution chrome103=103.0.5060.53 in cache (valid until 03:51:18 19/07/2022 ICT)
05:02:11.798 [main] INFO io.github.bonigarcia.wdm.WebDriverManager - Using chromedriver 103.0.5060.53 (resolved driver for Chrome 103)
05:02:11.862 [main] DEBUG io.github.bonigarcia.wdm.WebDriverManager - Driver chromedriver 103.0.5060.53 found in cache
05:02:11.864 [main] INFO io.github.bonigarcia.wdm.WebDriverManager - Exporting webdriver.chrome.driver as C:\Users\Admin\.cache\selenium\chromedriver\win32\103.0.5060.53\chromedriver.exe
05:02:12.269 [main] DEBUG net.thucydides.core.reflection.ClassFinder - Could not load class .starter.CucumberTestSuite
05:02:12.270 [main] DEBUG net.thucydides.core.reflection.ClassFinder - Could not load class .starter.pages.BuildingPage
05:02:12.271 [main] DEBUG net.thucydides.core.reflection.ClassFinder - Could not load class .starter.pages.ChatPage
05:02:12.271 [main] DEBUG net.thucydides.core.reflection.ClassFinder - Could not load class .starter.pages.ComplexPage
05:02:12.272 [main] DEBUG net.thucydides.core.reflection.ClassFinder - Could not load class .starter.pages.CustomerPage
05:02:12.272 [main] DEBUG net.thucydides.core.reflection.ClassFinder - Could not load class .starter.pages.LoginPage
05:02:12.272 [main] DEBUG net.thucydides.core.reflection.ClassFinder - Could not load class .starter.pages.RegisterPage
05:02:12.272 [main] DEBUG net.thucydides.core.reflection.ClassFinder - Could not load class .starter.pages.ReviewPage
05:02:12.273 [main] DEBUG net.thucydides.core.reflection.ClassFinder - Could not load class .starter.pages.RoomPage
05:02:12.273 [main] DEBUG net.thucydides.core.reflection.ClassFinder - Could not load class .starter.pages.SearchBoxPage
05:02:12.273 [main] DEBUG net.thucydides.core.reflection.ClassFinder - Could not load class .starter.stepdefenitions.BuildingSteps
05:02:12.274 [main] DEBUG net.thucydides.core.reflection.ClassFinder - Could not load class .starter.stepdefenitions.ChatSteps
05:02:12.274 [main] DEBUG net.thucydides.core.reflection.ClassFinder - Could not load class .starter.stepdefenitions.ComplexSteps
05:02:12.274 [main] DEBUG net.thucydides.core.reflection.ClassFinder - Could not load class .starter.stepdefenitions.CustomerSteps
05:02:12.274 [main] DEBUG net.thucydides.core.reflection.ClassFinder - Could not load class .starter.stepdefenitions.LoginSteps
05:02:12.275 [main] DEBUG net.thucydides.core.reflection.ClassFinder - Could not load class .starter.stepdefenitions.RegisterSteps
05:02:12.275 [main] DEBUG net.thucydides.core.reflection.ClassFinder - Could not load class .starter.stepdefenitions.ReviewSteps
05:02:12.275 [main] DEBUG net.thucydides.core.reflection.ClassFinder - Could not load class .starter.stepdefenitions.RoomSteps
05:02:12.275 [main] DEBUG net.thucydides.core.reflection.ClassFinder - Could not load class .starter.stepdefenitions.SearchBoxSteps
05:02:12.608 [main] DEBUG net.serenitybdd.core.webdriver.driverproviders.ProvideNewDriver - Instantiating driver
05:02:12.608 [main] DEBUG net.serenitybdd.core.webdriver.driverproviders.ProvideNewDriver - Driver capabilities: Capabilities {acceptInsecureCerts: false, base.url: https://kanbo.netlify.app/, browserName: chrome, chrome.driver: src/test/resources/webdrive..., driver: chrome, goog:chromeOptions: {args: [], extensions: []}}
05:02:12.871 [main] DEBUG io.netty.util.internal.logging.InternalLoggerFactory - Using SLF4J as the default logging framework
05:02:12.881 [main] DEBUG io.netty.util.ResourceLeakDetector - -Dio.netty.leakDetection.level: simple
05:02:12.881 [main] DEBUG io.netty.util.ResourceLeakDetector - -Dio.netty.leakDetection.targetRecords: 4
05:02:12.892 [main] DEBUG io.netty.util.ResourceLeakDetectorFactory - Loaded default ResourceLeakDetector: io.netty.util.ResourceLeakDetector@5707f613
05:02:12.963 [main] DEBUG io.netty.util.internal.PlatformDependent0 - -Dio.netty.noUnsafe: false
05:02:12.963 [main] DEBUG io.netty.util.internal.PlatformDependent0 - Java version: 8
05:02:12.965 [main] DEBUG io.netty.util.internal.PlatformDependent0 - sun.misc.Unsafe.theUnsafe: available
05:02:12.967 [main] DEBUG io.netty.util.internal.PlatformDependent0 - sun.misc.Unsafe.copyMemory: available
05:02:12.969 [main] DEBUG io.netty.util.internal.PlatformDependent0 - java.nio.Buffer.address: available
05:02:12.972 [main] DEBUG io.netty.util.internal.PlatformDependent0 - direct buffer constructor: available
05:02:12.975 [main] DEBUG io.netty.util.internal.PlatformDependent0 - java.nio.Bits.unaligned: available, true
05:02:12.976 [main] DEBUG io.netty.util.internal.PlatformDependent0 - jdk.internal.misc.Unsafe.allocateUninitializedArray(int): unavailable prior to Java9
05:02:12.976 [main] DEBUG io.netty.util.internal.PlatformDependent0 - java.nio.DirectByteBuffer.<init>(long, int): available
05:02:12.977 [main] DEBUG io.netty.util.internal.PlatformDependent - sun.misc.Unsafe: available
05:02:12.978 [main] DEBUG io.netty.util.internal.PlatformDependent - -Dio.netty.tmpdir: C:\Users\Admin\AppData\Local\Temp (java.io.tmpdir)
05:02:12.979 [main] DEBUG io.netty.util.internal.PlatformDependent - -Dio.netty.bitMode: 64 (sun.arch.data.model)
05:02:12.979 [main] DEBUG io.netty.util.internal.PlatformDependent - Platform: Windows
05:02:12.982 [main] DEBUG io.netty.util.internal.PlatformDependent - -Dio.netty.maxDirectMemory: 3791650816 bytes
05:02:12.982 [main] DEBUG io.netty.util.internal.PlatformDependent - -Dio.netty.uninitializedArrayAllocationThreshold: -1
05:02:12.986 [main] DEBUG io.netty.util.internal.CleanerJava6 - java.nio.ByteBuffer.cleaner(): available
05:02:12.987 [main] DEBUG io.netty.util.internal.PlatformDependent - -Dio.netty.noPreferDirect: false
05:02:13.016 [main] DEBUG io.netty.util.internal.PlatformDependent - org.jctools-core.MpscChunkedArrayQueue: available
05:02:13.096 [main] DEBUG io.netty.util.internal.InternalThreadLocalMap - -Dio.netty.threadLocalMap.stringBuilder.initialSize: 1024
05:02:13.096 [main] DEBUG io.netty.util.internal.InternalThreadLocalMap - -Dio.netty.threadLocalMap.stringBuilder.maxSize: 4096
05:02:13.176 [main] DEBUG io.netty.handler.ssl.JdkSslContext - Default protocols (JDK): [TLSv1.2] 
05:02:13.176 [main] DEBUG io.netty.handler.ssl.JdkSslContext - Default cipher suites (JDK): [TLS_ECDHE_ECDSA_WITH_AES_256_GCM_SHA384, TLS_ECDHE_ECDSA_WITH_AES_128_GCM_SHA256, TLS_ECDHE_RSA_WITH_AES_128_GCM_SHA256, TLS_ECDHE_RSA_WITH_AES_256_GCM_SHA384, TLS_ECDHE_RSA_WITH_AES_128_CBC_SHA, TLS_ECDHE_RSA_WITH_AES_256_CBC_SHA, TLS_RSA_WITH_AES_128_GCM_SHA256, TLS_RSA_WITH_AES_128_CBC_SHA, TLS_RSA_WITH_AES_256_CBC_SHA, TLS_AES_128_GCM_SHA256, TLS_AES_256_GCM_SHA384]
05:02:13.273 [main] DEBUG io.netty.channel.MultithreadEventLoopGroup - -Dio.netty.eventLoopThreads: 8
05:02:13.303 [main] DEBUG io.netty.channel.nio.NioEventLoop - -Dio.netty.noKeySetOptimization: false
05:02:13.303 [main] DEBUG io.netty.channel.nio.NioEventLoop - -Dio.netty.selectorAutoRebuildThreshold: 512
05:02:13.423 [main] DEBUG io.netty.buffer.PooledByteBufAllocator - -Dio.netty.allocator.numHeapArenas: 8
05:02:13.423 [main] DEBUG io.netty.buffer.PooledByteBufAllocator - -Dio.netty.allocator.numDirectArenas: 8
05:02:13.423 [main] DEBUG io.netty.buffer.PooledByteBufAllocator - -Dio.netty.allocator.pageSize: 8192
05:02:13.425 [main] DEBUG io.netty.buffer.PooledByteBufAllocator - -Dio.netty.allocator.maxOrder: 11
05:02:13.426 [main] DEBUG io.netty.buffer.PooledByteBufAllocator - -Dio.netty.allocator.chunkSize: 16777216
05:02:13.426 [main] DEBUG io.netty.buffer.PooledByteBufAllocator - -Dio.netty.allocator.smallCacheSize: 256
05:02:13.426 [main] DEBUG io.netty.buffer.PooledByteBufAllocator - -Dio.netty.allocator.normalCacheSize: 64
05:02:13.426 [main] DEBUG io.netty.buffer.PooledByteBufAllocator - -Dio.netty.allocator.maxCachedBufferCapacity: 32768
05:02:13.426 [main] DEBUG io.netty.buffer.PooledByteBufAllocator - -Dio.netty.allocator.cacheTrimInterval: 8192
05:02:13.426 [main] DEBUG io.netty.buffer.PooledByteBufAllocator - -Dio.netty.allocator.cacheTrimIntervalMillis: 0
05:02:13.426 [main] DEBUG io.netty.buffer.PooledByteBufAllocator - -Dio.netty.allocator.useCacheForAllThreads: true
05:02:13.427 [main] DEBUG io.netty.buffer.PooledByteBufAllocator - -Dio.netty.allocator.maxCachedByteBuffersPerChunk: 1023
05:02:13.473 [main] DEBUG io.netty.buffer.ByteBufUtil - -Dio.netty.allocator.type: pooled
05:02:13.473 [main] DEBUG io.netty.buffer.ByteBufUtil - -Dio.netty.threadLocalDirectBufferSize: 0
05:02:13.474 [main] DEBUG io.netty.buffer.ByteBufUtil - -Dio.netty.maxThreadLocalCharBufferSize: 16384
05:02:15.330 [Forwarding newSession on session null to remote] DEBUG io.netty.channel.DefaultChannelId - -Dio.netty.processId: 9560 (auto-detected)
05:02:15.335 [Forwarding newSession on session null to remote] DEBUG io.netty.util.NetUtil - -Djava.net.preferIPv4Stack: false
05:02:15.336 [Forwarding newSession on session null to remote] DEBUG io.netty.util.NetUtil - -Djava.net.preferIPv6Addresses: false
05:02:15.751 [Forwarding newSession on session null to remote] DEBUG io.netty.util.NetUtilInitializations - Loopback interface: lo (Software Loopback Interface 1, 127.0.0.1)
05:02:15.755 [Forwarding newSession on session null to remote] DEBUG io.netty.util.NetUtil - Failed to get SOMAXCONN from sysctl and file \proc\sys\net\core\somaxconn. Default: 200
05:02:16.152 [Forwarding newSession on session null to remote] DEBUG io.netty.channel.DefaultChannelId - -Dio.netty.machineId: 10:0b:a9:ff:fe:13:bd:20 (auto-detected)
05:02:16.322 [AsyncHttpClient-1-2] DEBUG io.netty.buffer.AbstractByteBuf - -Dio.netty.buffer.checkAccessible: true
05:02:16.322 [AsyncHttpClient-1-2] DEBUG io.netty.buffer.AbstractByteBuf - -Dio.netty.buffer.checkBounds: true
05:02:16.322 [AsyncHttpClient-1-2] DEBUG io.netty.util.ResourceLeakDetectorFactory - Loaded default ResourceLeakDetector: io.netty.util.ResourceLeakDetector@2a3ca5e
05:02:16.361 [AsyncHttpClient-1-2] DEBUG org.asynchttpclient.netty.channel.NettyConnectListener - Using new Channel '[id: 0x48aae79f, L:/127.0.0.1:64639 - R:localhost/127.0.0.1:64282]' for 'POST' to '/session'
05:02:16.424 [AsyncHttpClient-1-2] DEBUG io.netty.util.Recycler - -Dio.netty.recycler.maxCapacityPerThread: 4096
05:02:16.424 [AsyncHttpClient-1-2] DEBUG io.netty.util.Recycler - -Dio.netty.recycler.ratio: 8
05:02:16.425 [AsyncHttpClient-1-2] DEBUG io.netty.util.Recycler - -Dio.netty.recycler.chunkSize: 32
05:02:16.425 [AsyncHttpClient-1-2] DEBUG io.netty.util.Recycler - -Dio.netty.recycler.blocking: false
05:02:17.630 [AsyncHttpClient-1-2] DEBUG io.netty.handler.codec.compression.Brotli - brotli4j not in the classpath; Brotli support will be unavailable.
05:02:17.631 [AsyncHttpClient-1-2] DEBUG org.asynchttpclient.netty.handler.HttpHandler - 

Request DefaultHttpRequest(decodeResult: success, version: HTTP/1.1)
POST /session HTTP/1.1
User-Agent: selenium/4.1.2 (java windows)
Content-Length: 612
Content-Type: application/json; charset=utf-8
host: localhost:64282
accept: */*

Response DefaultHttpResponse(decodeResult: success, version: HTTP/1.1)
HTTP/1.1 200 OK
Content-Type: application/json; charset=utf-8
cache-control: no-cache
content-length: 790

05:02:17.656 [AsyncHttpClient-1-2] DEBUG org.asynchttpclient.netty.channel.ChannelManager - Adding key: http://localhost:64282 for channel [id: 0x48aae79f, L:/127.0.0.1:64639 - R:localhost/127.0.0.1:64282]
05:02:17.996 [AsyncHttpClient-1-3] DEBUG org.asynchttpclient.netty.channel.NettyConnectListener - Using new Channel '[id: 0xaf457077, L:/127.0.0.1:64648 - R:localhost/127.0.0.1:64640]' for 'GET' to '/json/version'
05:02:18.000 [AsyncHttpClient-1-3] DEBUG org.asynchttpclient.netty.handler.HttpHandler - 

Request DefaultFullHttpRequest(decodeResult: success, version: HTTP/1.1, content: EmptyByteBufBE)
GET /json/version HTTP/1.1
User-Agent: selenium/4.1.2 (java windows)
host: localhost:64640
accept: */*

Response DefaultHttpResponse(decodeResult: success, version: HTTP/1.1)
HTTP/1.1 200 OK
Content-Type: application/json; charset=UTF-8
content-length: 429

05:02:18.001 [AsyncHttpClient-1-3] DEBUG org.asynchttpclient.netty.channel.ChannelManager - Adding key: http://localhost:64640 for channel [id: 0xaf457077, L:/127.0.0.1:64648 - R:localhost/127.0.0.1:64640]
05:02:18.033 [main] DEBUG io.netty.util.internal.ThreadLocalRandom - -Dio.netty.initialSeedUniquifier: 0xd9b385ac479db8c6
05:02:18.054 [AsyncHttpClient-1-4] DEBUG org.asynchttpclient.netty.channel.NettyConnectListener - Using new Channel '[id: 0xa58c85fc, L:/127.0.0.1:64649 - R:localhost/127.0.0.1:64640]' for 'GET' to '/devtools/browser/53d492ed-557b-4a9a-aeea-50e5ae2b1b8c'
05:02:18.058 [AsyncHttpClient-1-4] DEBUG org.asynchttpclient.netty.handler.WebSocketHandler - 

Request DefaultFullHttpRequest(decodeResult: success, version: HTTP/1.1, content: EmptyByteBufBE)
GET /devtools/browser/53d492ed-557b-4a9a-aeea-50e5ae2b1b8c HTTP/1.1
upgrade: websocket
connection: upgrade
sec-websocket-key: yMdph+4QMNG5UBR6iqLtiQ==
sec-websocket-version: 13
origin: http://localhost:64640
host: localhost:64640
accept: */*
user-agent: AHC/2.1

Response DefaultHttpResponse(decodeResult: success, version: HTTP/1.1)
HTTP/1.1 101 WebSocket Protocol Handshake
Upgrade: WebSocket
Connection: Upgrade
Sec-WebSocket-Accept: 589t8Iv4ohxwpVtkAZHrGFurQAs=

05:02:18.194 [Forwarding setCurrentWindowSize on session ebc82c65ea85ad78b5773108b6942809 to remote] DEBUG org.asynchttpclient.netty.request.NettyRequestSender - Using pooled Channel '[id: 0x48aae79f, L:/127.0.0.1:64639 - R:localhost/127.0.0.1:64282]' for 'POST' to 'http://localhost:64282/session/ebc82c65ea85ad78b5773108b6942809/window/rect'
05:02:18.195 [Forwarding setCurrentWindowSize on session ebc82c65ea85ad78b5773108b6942809 to remote] DEBUG org.asynchttpclient.netty.request.NettyRequestSender - Using open Channel [id: 0x48aae79f, L:/127.0.0.1:64639 - R:localhost/127.0.0.1:64282] for POST '/session/ebc82c65ea85ad78b5773108b6942809/window/rect'
05:02:18.360 [AsyncHttpClient-1-2] DEBUG org.asynchttpclient.netty.handler.HttpHandler - 

Request DefaultHttpRequest(decodeResult: success, version: HTTP/1.1)
POST /session/ebc82c65ea85ad78b5773108b6942809/window/rect HTTP/1.1
User-Agent: selenium/4.1.2 (java windows)
Content-Length: 37
Content-Type: application/json; charset=utf-8
host: localhost:64282
accept: */*

Response DefaultHttpResponse(decodeResult: success, version: HTTP/1.1)
HTTP/1.1 200 OK
Content-Type: application/json; charset=utf-8
cache-control: no-cache
content-length: 51

05:02:18.361 [AsyncHttpClient-1-2] DEBUG org.asynchttpclient.netty.channel.ChannelManager - Adding key: http://localhost:64282 for channel [id: 0x48aae79f, L:/127.0.0.1:64639 - R:localhost/127.0.0.1:64282]
05:02:18.369 [Forwarding setWindowPosition on session ebc82c65ea85ad78b5773108b6942809 to remote] DEBUG org.asynchttpclient.netty.request.NettyRequestSender - Using pooled Channel '[id: 0x48aae79f, L:/127.0.0.1:64639 - R:localhost/127.0.0.1:64282]' for 'POST' to 'http://localhost:64282/session/ebc82c65ea85ad78b5773108b6942809/window/rect'
05:02:18.369 [Forwarding setWindowPosition on session ebc82c65ea85ad78b5773108b6942809 to remote] DEBUG org.asynchttpclient.netty.request.NettyRequestSender - Using open Channel [id: 0x48aae79f, L:/127.0.0.1:64639 - R:localhost/127.0.0.1:64282] for POST '/session/ebc82c65ea85ad78b5773108b6942809/window/rect'
05:02:18.488 [AsyncHttpClient-1-2] DEBUG org.asynchttpclient.netty.handler.HttpHandler - 

Request DefaultHttpRequest(decodeResult: success, version: HTTP/1.1)
POST /session/ebc82c65ea85ad78b5773108b6942809/window/rect HTTP/1.1
User-Agent: selenium/4.1.2 (java windows)
Content-Length: 22
Content-Type: application/json; charset=utf-8
host: localhost:64282
accept: */*

Response DefaultHttpResponse(decodeResult: success, version: HTTP/1.1)
HTTP/1.1 200 OK
Content-Type: application/json; charset=utf-8
cache-control: no-cache
content-length: 49

05:02:18.489 [AsyncHttpClient-1-2] DEBUG org.asynchttpclient.netty.channel.ChannelManager - Adding key: http://localhost:64282 for channel [id: 0x48aae79f, L:/127.0.0.1:64639 - R:localhost/127.0.0.1:64282]
05:02:18.684 [AsyncHttpClient-1-1] DEBUG org.asynchttpclient.netty.channel.DefaultChannelPool - Entry count for : http://localhost:64282 : 1
05:02:18.685 [AsyncHttpClient-1-1] DEBUG org.asynchttpclient.netty.channel.DefaultChannelPool - Entry count for : http://localhost:64640 : 1
05:02:19.003 [main] DEBUG net.thucydides.core.reflection.ClassFinder - Could not load class .starter.CucumberTestSuite
05:02:19.007 [main] DEBUG net.thucydides.core.reflection.ClassFinder - Could not load class .starter.pages.BuildingPage
05:02:19.007 [main] DEBUG net.thucydides.core.reflection.ClassFinder - Could not load class .starter.pages.ChatPage
05:02:19.007 [main] DEBUG net.thucydides.core.reflection.ClassFinder - Could not load class .starter.pages.ComplexPage
05:02:19.007 [main] DEBUG net.thucydides.core.reflection.ClassFinder - Could not load class .starter.pages.CustomerPage
05:02:19.007 [main] DEBUG net.thucydides.core.reflection.ClassFinder - Could not load class .starter.pages.LoginPage
05:02:19.008 [main] DEBUG net.thucydides.core.reflection.ClassFinder - Could not load class .starter.pages.RegisterPage
05:02:19.008 [main] DEBUG net.thucydides.core.reflection.ClassFinder - Could not load class .starter.pages.ReviewPage
05:02:19.009 [main] DEBUG net.thucydides.core.reflection.ClassFinder - Could not load class .starter.pages.RoomPage
05:02:19.009 [main] DEBUG net.thucydides.core.reflection.ClassFinder - Could not load class .starter.pages.SearchBoxPage
05:02:19.009 [main] DEBUG net.thucydides.core.reflection.ClassFinder - Could not load class .starter.stepdefenitions.BuildingSteps
05:02:19.009 [main] DEBUG net.thucydides.core.reflection.ClassFinder - Could not load class .starter.stepdefenitions.ChatSteps
05:02:19.009 [main] DEBUG net.thucydides.core.reflection.ClassFinder - Could not load class .starter.stepdefenitions.ComplexSteps
05:02:19.009 [main] DEBUG net.thucydides.core.reflection.ClassFinder - Could not load class .starter.stepdefenitions.CustomerSteps
05:02:19.010 [main] DEBUG net.thucydides.core.reflection.ClassFinder - Could not load class .starter.stepdefenitions.LoginSteps
05:02:19.011 [main] DEBUG net.thucydides.core.reflection.ClassFinder - Could not load class .starter.stepdefenitions.RegisterSteps
05:02:19.012 [main] DEBUG net.thucydides.core.reflection.ClassFinder - Could not load class .starter.stepdefenitions.ReviewSteps
05:02:19.015 [main] DEBUG net.thucydides.core.reflection.ClassFinder - Could not load class .starter.stepdefenitions.RoomSteps
05:02:19.015 [main] DEBUG net.thucydides.core.reflection.ClassFinder - Could not load class .starter.stepdefenitions.SearchBoxSteps
05:02:19.022 [Forwarding get on session ebc82c65ea85ad78b5773108b6942809 to remote] DEBUG org.asynchttpclient.netty.request.NettyRequestSender - Using pooled Channel '[id: 0x48aae79f, L:/127.0.0.1:64639 - R:localhost/127.0.0.1:64282]' for 'POST' to 'http://localhost:64282/session/ebc82c65ea85ad78b5773108b6942809/url'
05:02:19.023 [Forwarding get on session ebc82c65ea85ad78b5773108b6942809 to remote] DEBUG org.asynchttpclient.netty.request.NettyRequestSender - Using open Channel [id: 0x48aae79f, L:/127.0.0.1:64639 - R:localhost/127.0.0.1:64282] for POST '/session/ebc82c65ea85ad78b5773108b6942809/url'
05:02:19.775 [AsyncHttpClient-1-1] DEBUG org.asynchttpclient.netty.channel.DefaultChannelPool - Entry count for : http://localhost:64640 : 1
05:02:20.842 [AsyncHttpClient-1-1] DEBUG org.asynchttpclient.netty.channel.DefaultChannelPool - Entry count for : http://localhost:64640 : 1
05:02:21.001 [AsyncHttpClient-1-2] DEBUG org.asynchttpclient.netty.handler.HttpHandler - 

Request DefaultHttpRequest(decodeResult: success, version: HTTP/1.1)
POST /session/ebc82c65ea85ad78b5773108b6942809/url HTTP/1.1
User-Agent: selenium/4.1.2 (java windows)
Content-Length: 56
Content-Type: application/json; charset=utf-8
host: localhost:64282
accept: */*

Response DefaultHttpResponse(decodeResult: success, version: HTTP/1.1)
HTTP/1.1 200 OK
Content-Type: application/json; charset=utf-8
cache-control: no-cache
content-length: 14

05:02:21.002 [AsyncHttpClient-1-2] DEBUG org.asynchttpclient.netty.channel.ChannelManager - Adding key: http://localhost:64282 for channel [id: 0x48aae79f, L:/127.0.0.1:64639 - R:localhost/127.0.0.1:64282]
05:02:21.012 [Forwarding setTimeout on session ebc82c65ea85ad78b5773108b6942809 to remote] DEBUG org.asynchttpclient.netty.request.NettyRequestSender - Using pooled Channel '[id: 0x48aae79f, L:/127.0.0.1:64639 - R:localhost/127.0.0.1:64282]' for 'POST' to 'http://localhost:64282/session/ebc82c65ea85ad78b5773108b6942809/timeouts'
05:02:21.012 [Forwarding setTimeout on session ebc82c65ea85ad78b5773108b6942809 to remote] DEBUG org.asynchttpclient.netty.request.NettyRequestSender - Using open Channel [id: 0x48aae79f, L:/127.0.0.1:64639 - R:localhost/127.0.0.1:64282] for POST '/session/ebc82c65ea85ad78b5773108b6942809/timeouts'
05:02:21.029 [AsyncHttpClient-1-2] DEBUG org.asynchttpclient.netty.handler.HttpHandler - 

Request DefaultHttpRequest(decodeResult: success, version: HTTP/1.1)
POST /session/ebc82c65ea85ad78b5773108b6942809/timeouts HTTP/1.1
User-Agent: selenium/4.1.2 (java windows)
Content-Length: 22
Content-Type: application/json; charset=utf-8
host: localhost:64282
accept: */*

Response DefaultHttpResponse(decodeResult: success, version: HTTP/1.1)
HTTP/1.1 200 OK
Content-Type: application/json; charset=utf-8
cache-control: no-cache
content-length: 14

05:02:21.029 [AsyncHttpClient-1-2] DEBUG org.asynchttpclient.netty.channel.ChannelManager - Adding key: http://localhost:64282 for channel [id: 0x48aae79f, L:/127.0.0.1:64639 - R:localhost/127.0.0.1:64282]
05:02:21.045 [Forwarding getCurrentUrl on session ebc82c65ea85ad78b5773108b6942809 to remote] DEBUG org.asynchttpclient.netty.request.NettyRequestSender - Using pooled Channel '[id: 0x48aae79f, L:/127.0.0.1:64639 - R:localhost/127.0.0.1:64282]' for 'GET' to 'http://localhost:64282/session/ebc82c65ea85ad78b5773108b6942809/url'
05:02:21.045 [Forwarding getCurrentUrl on session ebc82c65ea85ad78b5773108b6942809 to remote] DEBUG org.asynchttpclient.netty.request.NettyRequestSender - Using open Channel [id: 0x48aae79f, L:/127.0.0.1:64639 - R:localhost/127.0.0.1:64282] for GET '/session/ebc82c65ea85ad78b5773108b6942809/url'
05:02:21.079 [AsyncHttpClient-1-2] DEBUG org.asynchttpclient.netty.handler.HttpHandler - 

Request DefaultFullHttpRequest(decodeResult: success, version: HTTP/1.1, content: EmptyByteBufBE)
GET /session/ebc82c65ea85ad78b5773108b6942809/url HTTP/1.1
User-Agent: selenium/4.1.2 (java windows)
Cache-Control: no-cache
Content-Type: application/json; charset=utf-8
host: localhost:64282
accept: */*

Response DefaultHttpResponse(decodeResult: success, version: HTTP/1.1)
HTTP/1.1 200 OK
Content-Type: application/json; charset=utf-8
cache-control: no-cache
content-length: 38

05:02:21.079 [AsyncHttpClient-1-2] DEBUG org.asynchttpclient.netty.channel.ChannelManager - Adding key: http://localhost:64282 for channel [id: 0x48aae79f, L:/127.0.0.1:64639 - R:localhost/127.0.0.1:64282]
05:02:21.094 [Forwarding getCurrentUrl on session ebc82c65ea85ad78b5773108b6942809 to remote] DEBUG org.asynchttpclient.netty.request.NettyRequestSender - Using pooled Channel '[id: 0x48aae79f, L:/127.0.0.1:64639 - R:localhost/127.0.0.1:64282]' for 'GET' to 'http://localhost:64282/session/ebc82c65ea85ad78b5773108b6942809/url'
05:02:21.094 [Forwarding getCurrentUrl on session ebc82c65ea85ad78b5773108b6942809 to remote] DEBUG org.asynchttpclient.netty.request.NettyRequestSender - Using open Channel [id: 0x48aae79f, L:/127.0.0.1:64639 - R:localhost/127.0.0.1:64282] for GET '/session/ebc82c65ea85ad78b5773108b6942809/url'
05:02:21.111 [AsyncHttpClient-1-2] DEBUG org.asynchttpclient.netty.handler.HttpHandler - 

Request DefaultFullHttpRequest(decodeResult: success, version: HTTP/1.1, content: EmptyByteBufBE)
GET /session/ebc82c65ea85ad78b5773108b6942809/url HTTP/1.1
User-Agent: selenium/4.1.2 (java windows)
Cache-Control: no-cache
Content-Type: application/json; charset=utf-8
host: localhost:64282
accept: */*

Response DefaultHttpResponse(decodeResult: success, version: HTTP/1.1)
HTTP/1.1 200 OK
Content-Type: application/json; charset=utf-8
cache-control: no-cache
content-length: 38

05:02:21.112 [AsyncHttpClient-1-2] DEBUG org.asynchttpclient.netty.channel.ChannelManager - Adding key: http://localhost:64282 for channel [id: 0x48aae79f, L:/127.0.0.1:64639 - R:localhost/127.0.0.1:64282]
05:02:21.191 [main] DEBUG net.serenitybdd.core.photography.Darkroom - Opening darkroom
05:02:21.213 [Darkroom Processing Line] DEBUG net.serenitybdd.core.photography.DarkroomProcessingLine - Darkroom processing line starting up
05:02:21.220 [Forwarding screenshot on session ebc82c65ea85ad78b5773108b6942809 to remote] DEBUG org.asynchttpclient.netty.request.NettyRequestSender - Using pooled Channel '[id: 0x48aae79f, L:/127.0.0.1:64639 - R:localhost/127.0.0.1:64282]' for 'GET' to 'http://localhost:64282/session/ebc82c65ea85ad78b5773108b6942809/screenshot'
05:02:21.220 [Forwarding screenshot on session ebc82c65ea85ad78b5773108b6942809 to remote] DEBUG org.asynchttpclient.netty.request.NettyRequestSender - Using open Channel [id: 0x48aae79f, L:/127.0.0.1:64639 - R:localhost/127.0.0.1:64282] for GET '/session/ebc82c65ea85ad78b5773108b6942809/screenshot'
05:02:21.667 [AsyncHttpClient-1-2] DEBUG org.asynchttpclient.netty.handler.HttpHandler - 

Request DefaultFullHttpRequest(decodeResult: success, version: HTTP/1.1, content: EmptyByteBufBE)
GET /session/ebc82c65ea85ad78b5773108b6942809/screenshot HTTP/1.1
User-Agent: selenium/4.1.2 (java windows)
Cache-Control: no-cache
Content-Type: application/json; charset=utf-8
host: localhost:64282
accept: */*

Response DefaultHttpResponse(decodeResult: success, version: HTTP/1.1)
HTTP/1.1 200 OK
Content-Type: application/json; charset=utf-8
cache-control: no-cache
content-length: 226248

05:02:21.673 [AsyncHttpClient-1-2] DEBUG org.asynchttpclient.netty.channel.ChannelManager - Adding key: http://localhost:64282 for channel [id: 0x48aae79f, L:/127.0.0.1:64639 - R:localhost/127.0.0.1:64282]
05:02:21.965 [AsyncHttpClient-1-1] DEBUG org.asynchttpclient.netty.channel.DefaultChannelPool - Entry count for : http://localhost:64282 : 1
05:02:21.965 [AsyncHttpClient-1-1] DEBUG org.asynchttpclient.netty.channel.DefaultChannelPool - Entry count for : http://localhost:64640 : 1
05:02:22.060 [main] DEBUG net.serenitybdd.core.photography.Darkroom - Send negative for processing for target\site\serenity\2a5d2923b4b494a1ff0aeab781315180ab4dee3f7e8111246690078773e5a5c9.png
05:02:22.061 [Darkroom Processing Line] DEBUG net.serenitybdd.core.photography.DarkroomProcessingLine - Processing screenshot image in /var/screenshots/screenshot-3511801758788123943
05:02:22.064 [Darkroom Processing Line] DEBUG net.serenitybdd.core.photography.DarkroomProcessingLine - Saving screenshot to target\site\serenity\2a5d2923b4b494a1ff0aeab781315180ab4dee3f7e8111246690078773e5a5c9.png
05:02:22.087 [main] DEBUG net.thucydides.core.steps.StepInterceptor - STEP DONE: openPage
05:02:22.115 [Forwarding screenshot on session ebc82c65ea85ad78b5773108b6942809 to remote] DEBUG org.asynchttpclient.netty.request.NettyRequestSender - Using pooled Channel '[id: 0x48aae79f, L:/127.0.0.1:64639 - R:localhost/127.0.0.1:64282]' for 'GET' to 'http://localhost:64282/session/ebc82c65ea85ad78b5773108b6942809/screenshot'
05:02:22.115 [Forwarding screenshot on session ebc82c65ea85ad78b5773108b6942809 to remote] DEBUG org.asynchttpclient.netty.request.NettyRequestSender - Using open Channel [id: 0x48aae79f, L:/127.0.0.1:64639 - R:localhost/127.0.0.1:64282] for GET '/session/ebc82c65ea85ad78b5773108b6942809/screenshot'
05:02:22.514 [AsyncHttpClient-1-2] DEBUG org.asynchttpclient.netty.handler.HttpHandler - 

Request DefaultFullHttpRequest(decodeResult: success, version: HTTP/1.1, content: EmptyByteBufBE)
GET /session/ebc82c65ea85ad78b5773108b6942809/screenshot HTTP/1.1
User-Agent: selenium/4.1.2 (java windows)
Cache-Control: no-cache
Content-Type: application/json; charset=utf-8
host: localhost:64282
accept: */*

Response DefaultHttpResponse(decodeResult: success, version: HTTP/1.1)
HTTP/1.1 200 OK
Content-Type: application/json; charset=utf-8
cache-control: no-cache
content-length: 226248

05:02:22.519 [AsyncHttpClient-1-2] DEBUG org.asynchttpclient.netty.channel.ChannelManager - Adding key: http://localhost:64282 for channel [id: 0x48aae79f, L:/127.0.0.1:64639 - R:localhost/127.0.0.1:64282]
05:02:22.544 [main] DEBUG net.serenitybdd.core.photography.Darkroom - Send negative for processing for target\site\serenity\2a5d2923b4b494a1ff0aeab781315180ab4dee3f7e8111246690078773e5a5c9.png
05:02:22.546 [main] DEBUG net.thucydides.core.steps.StepInterceptor - STARTING STEP: LoginSteps.onLoginPage - validationOnloginPage
05:02:22.566 [Forwarding findElement on session ebc82c65ea85ad78b5773108b6942809 to remote] DEBUG org.asynchttpclient.netty.request.NettyRequestSender - Using pooled Channel '[id: 0x48aae79f, L:/127.0.0.1:64639 - R:localhost/127.0.0.1:64282]' for 'POST' to 'http://localhost:64282/session/ebc82c65ea85ad78b5773108b6942809/element'
05:02:22.566 [Forwarding findElement on session ebc82c65ea85ad78b5773108b6942809 to remote] DEBUG org.asynchttpclient.netty.request.NettyRequestSender - Using open Channel [id: 0x48aae79f, L:/127.0.0.1:64639 - R:localhost/127.0.0.1:64282] for POST '/session/ebc82c65ea85ad78b5773108b6942809/element'
05:02:22.674 [AsyncHttpClient-1-2] DEBUG org.asynchttpclient.netty.handler.HttpHandler - 

Request DefaultHttpRequest(decodeResult: success, version: HTTP/1.1)
POST /session/ebc82c65ea85ad78b5773108b6942809/element HTTP/1.1
User-Agent: selenium/4.1.2 (java windows)
Content-Length: 66
Content-Type: application/json; charset=utf-8
host: localhost:64282
accept: */*

Response DefaultHttpResponse(decodeResult: success, version: HTTP/1.1)
HTTP/1.1 200 OK
Content-Type: application/json; charset=utf-8
cache-control: no-cache
content-length: 88

05:02:22.675 [AsyncHttpClient-1-2] DEBUG org.asynchttpclient.netty.channel.ChannelManager - Adding key: http://localhost:64282 for channel [id: 0x48aae79f, L:/127.0.0.1:64639 - R:localhost/127.0.0.1:64282]
05:02:22.736 [Forwarding isElementDisplayed on session ebc82c65ea85ad78b5773108b6942809 to remote] DEBUG org.asynchttpclient.netty.request.NettyRequestSender - Using pooled Channel '[id: 0x48aae79f, L:/127.0.0.1:64639 - R:localhost/127.0.0.1:64282]' for 'POST' to 'http://localhost:64282/session/ebc82c65ea85ad78b5773108b6942809/execute/sync'
05:02:22.736 [Forwarding isElementDisplayed on session ebc82c65ea85ad78b5773108b6942809 to remote] DEBUG org.asynchttpclient.netty.request.NettyRequestSender - Using open Channel [id: 0x48aae79f, L:/127.0.0.1:64639 - R:localhost/127.0.0.1:64282] for POST '/session/ebc82c65ea85ad78b5773108b6942809/execute/sync'
05:02:22.790 [AsyncHttpClient-1-2] DEBUG org.asynchttpclient.netty.handler.HttpHandler - 

Request DefaultHttpRequest(decodeResult: success, version: HTTP/1.1)
POST /session/ebc82c65ea85ad78b5773108b6942809/execute/sync HTTP/1.1
User-Agent: selenium/4.1.2 (java windows)
Content-Length: 48780
Content-Type: application/json; charset=utf-8
host: localhost:64282
accept: */*

Response DefaultHttpResponse(decodeResult: success, version: HTTP/1.1)
HTTP/1.1 200 OK
Content-Type: application/json; charset=utf-8
cache-control: no-cache
content-length: 14

05:02:22.791 [AsyncHttpClient-1-2] DEBUG org.asynchttpclient.netty.channel.ChannelManager - Adding key: http://localhost:64282 for channel [id: 0x48aae79f, L:/127.0.0.1:64639 - R:localhost/127.0.0.1:64282]
05:02:22.806 [Forwarding screenshot on session ebc82c65ea85ad78b5773108b6942809 to remote] DEBUG org.asynchttpclient.netty.request.NettyRequestSender - Using pooled Channel '[id: 0x48aae79f, L:/127.0.0.1:64639 - R:localhost/127.0.0.1:64282]' for 'GET' to 'http://localhost:64282/session/ebc82c65ea85ad78b5773108b6942809/screenshot'
05:02:22.807 [Forwarding screenshot on session ebc82c65ea85ad78b5773108b6942809 to remote] DEBUG org.asynchttpclient.netty.request.NettyRequestSender - Using open Channel [id: 0x48aae79f, L:/127.0.0.1:64639 - R:localhost/127.0.0.1:64282] for GET '/session/ebc82c65ea85ad78b5773108b6942809/screenshot'
05:02:23.033 [AsyncHttpClient-1-1] DEBUG org.asynchttpclient.netty.channel.DefaultChannelPool - Entry count for : http://localhost:64640 : 1
05:02:23.274 [AsyncHttpClient-1-2] DEBUG org.asynchttpclient.netty.handler.HttpHandler - 

Request DefaultFullHttpRequest(decodeResult: success, version: HTTP/1.1, content: EmptyByteBufBE)
GET /session/ebc82c65ea85ad78b5773108b6942809/screenshot HTTP/1.1
User-Agent: selenium/4.1.2 (java windows)
Cache-Control: no-cache
Content-Type: application/json; charset=utf-8
host: localhost:64282
accept: */*

Response DefaultHttpResponse(decodeResult: success, version: HTTP/1.1)
HTTP/1.1 200 OK
Content-Type: application/json; charset=utf-8
cache-control: no-cache
content-length: 226248

05:02:23.278 [AsyncHttpClient-1-2] DEBUG org.asynchttpclient.netty.channel.ChannelManager - Adding key: http://localhost:64282 for channel [id: 0x48aae79f, L:/127.0.0.1:64639 - R:localhost/127.0.0.1:64282]
05:02:23.308 [main] DEBUG net.serenitybdd.core.photography.Darkroom - Send negative for processing for target\site\serenity\2a5d2923b4b494a1ff0aeab781315180ab4dee3f7e8111246690078773e5a5c9.png
05:02:23.309 [main] DEBUG net.thucydides.core.steps.StepInterceptor - STEP DONE: validationOnloginPage
  &amp#27;[32mGiven &amp#27;[0m&amp#27;[32mi am on the login page&amp#27;[0m                                             &amp#27;[90m# starter.stepdefenitions.LoginSteps.onLoginPage()&amp#27;[0m
05:02:23.389 [Forwarding screenshot on session ebc82c65ea85ad78b5773108b6942809 to remote] DEBUG org.asynchttpclient.netty.request.NettyRequestSender - Using pooled Channel '[id: 0x48aae79f, L:/127.0.0.1:64639 - R:localhost/127.0.0.1:64282]' for 'GET' to 'http://localhost:64282/session/ebc82c65ea85ad78b5773108b6942809/screenshot'
05:02:23.390 [Forwarding screenshot on session ebc82c65ea85ad78b5773108b6942809 to remote] DEBUG org.asynchttpclient.netty.request.NettyRequestSender - Using open Channel [id: 0x48aae79f, L:/127.0.0.1:64639 - R:localhost/127.0.0.1:64282] for GET '/session/ebc82c65ea85ad78b5773108b6942809/screenshot'
05:02:23.757 [AsyncHttpClient-1-2] DEBUG org.asynchttpclient.netty.handler.HttpHandler - 

Request DefaultFullHttpRequest(decodeResult: success, version: HTTP/1.1, content: EmptyByteBufBE)
GET /session/ebc82c65ea85ad78b5773108b6942809/screenshot HTTP/1.1
User-Agent: selenium/4.1.2 (java windows)
Cache-Control: no-cache
Content-Type: application/json; charset=utf-8
host: localhost:64282
accept: */*

Response DefaultHttpResponse(decodeResult: success, version: HTTP/1.1)
HTTP/1.1 200 OK
Content-Type: application/json; charset=utf-8
cache-control: no-cache
content-length: 226248

05:02:23.762 [AsyncHttpClient-1-2] DEBUG org.asynchttpclient.netty.channel.ChannelManager - Adding key: http://localhost:64282 for channel [id: 0x48aae79f, L:/127.0.0.1:64639 - R:localhost/127.0.0.1:64282]
05:02:23.787 [main] DEBUG net.serenitybdd.core.photography.Darkroom - Send negative for processing for target\site\serenity\2a5d2923b4b494a1ff0aeab781315180ab4dee3f7e8111246690078773e5a5c9.png
05:02:23.825 [main] DEBUG net.thucydides.core.steps.StepInterceptor - STARTING STEP: LoginSteps.inputValidEmail - inputEmail
05:02:23.854 [Forwarding findElement on session ebc82c65ea85ad78b5773108b6942809 to remote] DEBUG org.asynchttpclient.netty.request.NettyRequestSender - Using pooled Channel '[id: 0x48aae79f, L:/127.0.0.1:64639 - R:localhost/127.0.0.1:64282]' for 'POST' to 'http://localhost:64282/session/ebc82c65ea85ad78b5773108b6942809/element'
05:02:23.854 [Forwarding findElement on session ebc82c65ea85ad78b5773108b6942809 to remote] DEBUG org.asynchttpclient.netty.request.NettyRequestSender - Using open Channel [id: 0x48aae79f, L:/127.0.0.1:64639 - R:localhost/127.0.0.1:64282] for POST '/session/ebc82c65ea85ad78b5773108b6942809/element'
05:02:23.938 [AsyncHttpClient-1-2] DEBUG org.asynchttpclient.netty.handler.HttpHandler - 

Request DefaultHttpRequest(decodeResult: success, version: HTTP/1.1)
POST /session/ebc82c65ea85ad78b5773108b6942809/element HTTP/1.1
User-Agent: selenium/4.1.2 (java windows)
Content-Length: 76
Content-Type: application/json; charset=utf-8
host: localhost:64282
accept: */*

Response DefaultHttpResponse(decodeResult: success, version: HTTP/1.1)
HTTP/1.1 200 OK
Content-Type: application/json; charset=utf-8
cache-control: no-cache
content-length: 88

05:02:23.939 [AsyncHttpClient-1-2] DEBUG org.asynchttpclient.netty.channel.ChannelManager - Adding key: http://localhost:64282 for channel [id: 0x48aae79f, L:/127.0.0.1:64639 - R:localhost/127.0.0.1:64282]
05:02:23.952 [Forwarding clearElement on session ebc82c65ea85ad78b5773108b6942809 to remote] DEBUG org.asynchttpclient.netty.request.NettyRequestSender - Using pooled Channel '[id: 0x48aae79f, L:/127.0.0.1:64639 - R:localhost/127.0.0.1:64282]' for 'POST' to 'http://localhost:64282/session/ebc82c65ea85ad78b5773108b6942809/element/1a7fdc1a-7b4d-4c80-ac0b-c94c9e8ce73c/clear'
05:02:23.952 [Forwarding clearElement on session ebc82c65ea85ad78b5773108b6942809 to remote] DEBUG org.asynchttpclient.netty.request.NettyRequestSender - Using open Channel [id: 0x48aae79f, L:/127.0.0.1:64639 - R:localhost/127.0.0.1:64282] for POST '/session/ebc82c65ea85ad78b5773108b6942809/element/1a7fdc1a-7b4d-4c80-ac0b-c94c9e8ce73c/clear'
05:02:24.030 [AsyncHttpClient-1-2] DEBUG org.asynchttpclient.netty.handler.HttpHandler - 

Request DefaultHttpRequest(decodeResult: success, version: HTTP/1.1)
POST /session/ebc82c65ea85ad78b5773108b6942809/element/1a7fdc1a-7b4d-4c80-ac0b-c94c9e8ce73c/clear HTTP/1.1
User-Agent: selenium/4.1.2 (java windows)
Content-Length: 50
Content-Type: application/json; charset=utf-8
host: localhost:64282
accept: */*

Response DefaultHttpResponse(decodeResult: success, version: HTTP/1.1)
HTTP/1.1 200 OK
Content-Type: application/json; charset=utf-8
cache-control: no-cache
content-length: 14

05:02:24.030 [AsyncHttpClient-1-2] DEBUG org.asynchttpclient.netty.channel.ChannelManager - Adding key: http://localhost:64282 for channel [id: 0x48aae79f, L:/127.0.0.1:64639 - R:localhost/127.0.0.1:64282]
05:02:24.043 [Forwarding sendKeysToElement on session ebc82c65ea85ad78b5773108b6942809 to remote] DEBUG org.asynchttpclient.netty.request.NettyRequestSender - Using pooled Channel '[id: 0x48aae79f, L:/127.0.0.1:64639 - R:localhost/127.0.0.1:64282]' for 'POST' to 'http://localhost:64282/session/ebc82c65ea85ad78b5773108b6942809/element/1a7fdc1a-7b4d-4c80-ac0b-c94c9e8ce73c/value'
05:02:24.043 [Forwarding sendKeysToElement on session ebc82c65ea85ad78b5773108b6942809 to remote] DEBUG org.asynchttpclient.netty.request.NettyRequestSender - Using open Channel [id: 0x48aae79f, L:/127.0.0.1:64639 - R:localhost/127.0.0.1:64282] for POST '/session/ebc82c65ea85ad78b5773108b6942809/element/1a7fdc1a-7b4d-4c80-ac0b-c94c9e8ce73c/value'
05:02:24.132 [AsyncHttpClient-1-1] DEBUG org.asynchttpclient.netty.channel.DefaultChannelPool - Entry count for : http://localhost:64640 : 1
05:02:24.317 [AsyncHttpClient-1-2] DEBUG org.asynchttpclient.netty.handler.HttpHandler - 

Request DefaultHttpRequest(decodeResult: success, version: HTTP/1.1)
POST /session/ebc82c65ea85ad78b5773108b6942809/element/1a7fdc1a-7b4d-4c80-ac0b-c94c9e8ce73c/value HTTP/1.1
User-Agent: selenium/4.1.2 (java windows)
Content-Length: 261
Content-Type: application/json; charset=utf-8
host: localhost:64282
accept: */*

Response DefaultHttpResponse(decodeResult: success, version: HTTP/1.1)
HTTP/1.1 200 OK
Content-Type: application/json; charset=utf-8
cache-control: no-cache
content-length: 14

05:02:24.317 [AsyncHttpClient-1-2] DEBUG org.asynchttpclient.netty.channel.ChannelManager - Adding key: http://localhost:64282 for channel [id: 0x48aae79f, L:/127.0.0.1:64639 - R:localhost/127.0.0.1:64282]
05:02:24.340 [Forwarding screenshot on session ebc82c65ea85ad78b5773108b6942809 to remote] DEBUG org.asynchttpclient.netty.request.NettyRequestSender - Using pooled Channel '[id: 0x48aae79f, L:/127.0.0.1:64639 - R:localhost/127.0.0.1:64282]' for 'GET' to 'http://localhost:64282/session/ebc82c65ea85ad78b5773108b6942809/screenshot'
05:02:24.341 [Forwarding screenshot on session ebc82c65ea85ad78b5773108b6942809 to remote] DEBUG org.asynchttpclient.netty.request.NettyRequestSender - Using open Channel [id: 0x48aae79f, L:/127.0.0.1:64639 - R:localhost/127.0.0.1:64282] for GET '/session/ebc82c65ea85ad78b5773108b6942809/screenshot'
05:02:24.714 [AsyncHttpClient-1-2] DEBUG org.asynchttpclient.netty.handler.HttpHandler - 

Request DefaultFullHttpRequest(decodeResult: success, version: HTTP/1.1, content: EmptyByteBufBE)
GET /session/ebc82c65ea85ad78b5773108b6942809/screenshot HTTP/1.1
User-Agent: selenium/4.1.2 (java windows)
Cache-Control: no-cache
Content-Type: application/json; charset=utf-8
host: localhost:64282
accept: */*

Response DefaultHttpResponse(decodeResult: success, version: HTTP/1.1)
HTTP/1.1 200 OK
Content-Type: application/json; charset=utf-8
cache-control: no-cache
content-length: 231396

05:02:24.719 [AsyncHttpClient-1-2] DEBUG org.asynchttpclient.netty.channel.ChannelManager - Adding key: http://localhost:64282 for channel [id: 0x48aae79f, L:/127.0.0.1:64639 - R:localhost/127.0.0.1:64282]
05:02:24.748 [main] DEBUG net.serenitybdd.core.photography.Darkroom - Send negative for processing for target\site\serenity\b3868473e2b79f40f8dab620f33c839d85b92d940d318baf66bea1557b15d68d.png
05:02:24.749 [main] DEBUG net.thucydides.core.steps.StepInterceptor - STEP DONE: inputEmail
05:02:24.749 [Darkroom Processing Line] DEBUG net.serenitybdd.core.photography.DarkroomProcessingLine - Processing screenshot image in /var/screenshots/screenshot-2897453992696112604
05:02:24.749 [Darkroom Processing Line] DEBUG net.serenitybdd.core.photography.DarkroomProcessingLine - Saving screenshot to target\site\serenity\b3868473e2b79f40f8dab620f33c839d85b92d940d318baf66bea1557b15d68d.png
  &amp#27;[32mWhen &amp#27;[0m&amp#27;[32mi input valid email&amp#27;[0m                                                 &amp#27;[90m# starter.stepdefenitions.LoginSteps.inputValidEmail()&amp#27;[0m
05:02:24.799 [Forwarding screenshot on session ebc82c65ea85ad78b5773108b6942809 to remote] DEBUG org.asynchttpclient.netty.request.NettyRequestSender - Using pooled Channel '[id: 0x48aae79f, L:/127.0.0.1:64639 - R:localhost/127.0.0.1:64282]' for 'GET' to 'http://localhost:64282/session/ebc82c65ea85ad78b5773108b6942809/screenshot'
05:02:24.800 [Forwarding screenshot on session ebc82c65ea85ad78b5773108b6942809 to remote] DEBUG org.asynchttpclient.netty.request.NettyRequestSender - Using open Channel [id: 0x48aae79f, L:/127.0.0.1:64639 - R:localhost/127.0.0.1:64282] for GET '/session/ebc82c65ea85ad78b5773108b6942809/screenshot'
05:02:25.181 [AsyncHttpClient-1-2] DEBUG org.asynchttpclient.netty.handler.HttpHandler - 

Request DefaultFullHttpRequest(decodeResult: success, version: HTTP/1.1, content: EmptyByteBufBE)
GET /session/ebc82c65ea85ad78b5773108b6942809/screenshot HTTP/1.1
User-Agent: selenium/4.1.2 (java windows)
Cache-Control: no-cache
Content-Type: application/json; charset=utf-8
host: localhost:64282
accept: */*

Response DefaultHttpResponse(decodeResult: success, version: HTTP/1.1)
HTTP/1.1 200 OK
Content-Type: application/json; charset=utf-8
cache-control: no-cache
content-length: 231360

05:02:25.232 [AsyncHttpClient-1-2] DEBUG org.asynchttpclient.netty.channel.ChannelManager - Adding key: http://localhost:64282 for channel [id: 0x48aae79f, L:/127.0.0.1:64639 - R:localhost/127.0.0.1:64282]
05:02:25.236 [AsyncHttpClient-1-1] DEBUG org.asynchttpclient.netty.channel.DefaultChannelPool - Entry count for : http://localhost:64282 : 1
05:02:25.237 [AsyncHttpClient-1-1] DEBUG org.asynchttpclient.netty.channel.DefaultChannelPool - Entry count for : http://localhost:64640 : 1
05:02:25.253 [main] DEBUG net.serenitybdd.core.photography.Darkroom - Send negative for processing for target\site\serenity\3944c798cf04f448f690c0f923a7f64390b1c44952748487cfa60a2526202d28.png
05:02:25.254 [Darkroom Processing Line] DEBUG net.serenitybdd.core.photography.DarkroomProcessingLine - Processing screenshot image in /var/screenshots/screenshot-1885148059305450686
05:02:25.254 [Darkroom Processing Line] DEBUG net.serenitybdd.core.photography.DarkroomProcessingLine - Saving screenshot to target\site\serenity\3944c798cf04f448f690c0f923a7f64390b1c44952748487cfa60a2526202d28.png
05:02:25.272 [main] DEBUG net.thucydides.core.steps.StepInterceptor - STARTING STEP: LoginSteps.inputValidPassword - showPass
05:02:25.291 [Forwarding findElement on session ebc82c65ea85ad78b5773108b6942809 to remote] DEBUG org.asynchttpclient.netty.request.NettyRequestSender - Using pooled Channel '[id: 0x48aae79f, L:/127.0.0.1:64639 - R:localhost/127.0.0.1:64282]' for 'POST' to 'http://localhost:64282/session/ebc82c65ea85ad78b5773108b6942809/element'
05:02:25.292 [Forwarding findElement on session ebc82c65ea85ad78b5773108b6942809 to remote] DEBUG org.asynchttpclient.netty.request.NettyRequestSender - Using open Channel [id: 0x48aae79f, L:/127.0.0.1:64639 - R:localhost/127.0.0.1:64282] for POST '/session/ebc82c65ea85ad78b5773108b6942809/element'
05:02:25.319 [AsyncHttpClient-1-2] DEBUG org.asynchttpclient.netty.handler.HttpHandler - 

Request DefaultHttpRequest(decodeResult: success, version: HTTP/1.1)
POST /session/ebc82c65ea85ad78b5773108b6942809/element HTTP/1.1
User-Agent: selenium/4.1.2 (java windows)
Content-Length: 95
Content-Type: application/json; charset=utf-8
host: localhost:64282
accept: */*

Response DefaultHttpResponse(decodeResult: success, version: HTTP/1.1)
HTTP/1.1 200 OK
Content-Type: application/json; charset=utf-8
cache-control: no-cache
content-length: 88

05:02:25.320 [AsyncHttpClient-1-2] DEBUG org.asynchttpclient.netty.channel.ChannelManager - Adding key: http://localhost:64282 for channel [id: 0x48aae79f, L:/127.0.0.1:64639 - R:localhost/127.0.0.1:64282]
05:02:25.324 [Forwarding getElementTagName on session ebc82c65ea85ad78b5773108b6942809 to remote] DEBUG org.asynchttpclient.netty.request.NettyRequestSender - Using pooled Channel '[id: 0x48aae79f, L:/127.0.0.1:64639 - R:localhost/127.0.0.1:64282]' for 'GET' to 'http://localhost:64282/session/ebc82c65ea85ad78b5773108b6942809/element/4d6e7e12-fd9f-4c93-aa1e-36e7f2bc5d5a/name'
05:02:25.324 [Forwarding getElementTagName on session ebc82c65ea85ad78b5773108b6942809 to remote] DEBUG org.asynchttpclient.netty.request.NettyRequestSender - Using open Channel [id: 0x48aae79f, L:/127.0.0.1:64639 - R:localhost/127.0.0.1:64282] for GET '/session/ebc82c65ea85ad78b5773108b6942809/element/4d6e7e12-fd9f-4c93-aa1e-36e7f2bc5d5a/name'
05:02:25.333 [AsyncHttpClient-1-2] DEBUG org.asynchttpclient.netty.handler.HttpHandler - 

Request DefaultFullHttpRequest(decodeResult: success, version: HTTP/1.1, content: EmptyByteBufBE)
GET /session/ebc82c65ea85ad78b5773108b6942809/element/4d6e7e12-fd9f-4c93-aa1e-36e7f2bc5d5a/name HTTP/1.1
User-Agent: selenium/4.1.2 (java windows)
Cache-Control: no-cache
Content-Type: application/json; charset=utf-8
host: localhost:64282
accept: */*

Response DefaultHttpResponse(decodeResult: success, version: HTTP/1.1)
HTTP/1.1 200 OK
Content-Type: application/json; charset=utf-8
cache-control: no-cache
content-length: 16

05:02:25.333 [AsyncHttpClient-1-2] DEBUG org.asynchttpclient.netty.channel.ChannelManager - Adding key: http://localhost:64282 for channel [id: 0x48aae79f, L:/127.0.0.1:64639 - R:localhost/127.0.0.1:64282]
05:02:25.338 [Forwarding getElementTagName on session ebc82c65ea85ad78b5773108b6942809 to remote] DEBUG org.asynchttpclient.netty.request.NettyRequestSender - Using pooled Channel '[id: 0x48aae79f, L:/127.0.0.1:64639 - R:localhost/127.0.0.1:64282]' for 'GET' to 'http://localhost:64282/session/ebc82c65ea85ad78b5773108b6942809/element/4d6e7e12-fd9f-4c93-aa1e-36e7f2bc5d5a/name'
05:02:25.338 [Forwarding getElementTagName on session ebc82c65ea85ad78b5773108b6942809 to remote] DEBUG org.asynchttpclient.netty.request.NettyRequestSender - Using open Channel [id: 0x48aae79f, L:/127.0.0.1:64639 - R:localhost/127.0.0.1:64282] for GET '/session/ebc82c65ea85ad78b5773108b6942809/element/4d6e7e12-fd9f-4c93-aa1e-36e7f2bc5d5a/name'
05:02:25.344 [AsyncHttpClient-1-2] DEBUG org.asynchttpclient.netty.handler.HttpHandler - 

Request DefaultFullHttpRequest(decodeResult: success, version: HTTP/1.1, content: EmptyByteBufBE)
GET /session/ebc82c65ea85ad78b5773108b6942809/element/4d6e7e12-fd9f-4c93-aa1e-36e7f2bc5d5a/name HTTP/1.1
User-Agent: selenium/4.1.2 (java windows)
Cache-Control: no-cache
Content-Type: application/json; charset=utf-8
host: localhost:64282
accept: */*

Response DefaultHttpResponse(decodeResult: success, version: HTTP/1.1)
HTTP/1.1 200 OK
Content-Type: application/json; charset=utf-8
cache-control: no-cache
content-length: 16

05:02:25.345 [AsyncHttpClient-1-2] DEBUG org.asynchttpclient.netty.channel.ChannelManager - Adding key: http://localhost:64282 for channel [id: 0x48aae79f, L:/127.0.0.1:64639 - R:localhost/127.0.0.1:64282]
05:02:25.352 [Forwarding findElement on session ebc82c65ea85ad78b5773108b6942809 to remote] DEBUG org.asynchttpclient.netty.request.NettyRequestSender - Using pooled Channel '[id: 0x48aae79f, L:/127.0.0.1:64639 - R:localhost/127.0.0.1:64282]' for 'POST' to 'http://localhost:64282/session/ebc82c65ea85ad78b5773108b6942809/element'
05:02:25.352 [Forwarding findElement on session ebc82c65ea85ad78b5773108b6942809 to remote] DEBUG org.asynchttpclient.netty.request.NettyRequestSender - Using open Channel [id: 0x48aae79f, L:/127.0.0.1:64639 - R:localhost/127.0.0.1:64282] for POST '/session/ebc82c65ea85ad78b5773108b6942809/element'
05:02:25.366 [AsyncHttpClient-1-2] DEBUG org.asynchttpclient.netty.handler.HttpHandler - 

Request DefaultHttpRequest(decodeResult: success, version: HTTP/1.1)
POST /session/ebc82c65ea85ad78b5773108b6942809/element HTTP/1.1
User-Agent: selenium/4.1.2 (java windows)
Content-Length: 95
Content-Type: application/json; charset=utf-8
host: localhost:64282
accept: */*

Response DefaultHttpResponse(decodeResult: success, version: HTTP/1.1)
HTTP/1.1 200 OK
Content-Type: application/json; charset=utf-8
cache-control: no-cache
content-length: 88

05:02:25.367 [AsyncHttpClient-1-2] DEBUG org.asynchttpclient.netty.channel.ChannelManager - Adding key: http://localhost:64282 for channel [id: 0x48aae79f, L:/127.0.0.1:64639 - R:localhost/127.0.0.1:64282]
05:02:25.371 [Forwarding clickElement on session ebc82c65ea85ad78b5773108b6942809 to remote] DEBUG org.asynchttpclient.netty.request.NettyRequestSender - Using pooled Channel '[id: 0x48aae79f, L:/127.0.0.1:64639 - R:localhost/127.0.0.1:64282]' for 'POST' to 'http://localhost:64282/session/ebc82c65ea85ad78b5773108b6942809/element/4d6e7e12-fd9f-4c93-aa1e-36e7f2bc5d5a/click'
05:02:25.371 [Forwarding clickElement on session ebc82c65ea85ad78b5773108b6942809 to remote] DEBUG org.asynchttpclient.netty.request.NettyRequestSender - Using open Channel [id: 0x48aae79f, L:/127.0.0.1:64639 - R:localhost/127.0.0.1:64282] for POST '/session/ebc82c65ea85ad78b5773108b6942809/element/4d6e7e12-fd9f-4c93-aa1e-36e7f2bc5d5a/click'
05:02:25.486 [AsyncHttpClient-1-2] DEBUG org.asynchttpclient.netty.handler.HttpHandler - 

Request DefaultHttpRequest(decodeResult: success, version: HTTP/1.1)
POST /session/ebc82c65ea85ad78b5773108b6942809/element/4d6e7e12-fd9f-4c93-aa1e-36e7f2bc5d5a/click HTTP/1.1
User-Agent: selenium/4.1.2 (java windows)
Content-Length: 50
Content-Type: application/json; charset=utf-8
host: localhost:64282
accept: */*

Response DefaultHttpResponse(decodeResult: success, version: HTTP/1.1)
HTTP/1.1 200 OK
Content-Type: application/json; charset=utf-8
cache-control: no-cache
content-length: 14

05:02:25.487 [AsyncHttpClient-1-2] DEBUG org.asynchttpclient.netty.channel.ChannelManager - Adding key: http://localhost:64282 for channel [id: 0x48aae79f, L:/127.0.0.1:64639 - R:localhost/127.0.0.1:64282]
05:02:25.508 [Forwarding screenshot on session ebc82c65ea85ad78b5773108b6942809 to remote] DEBUG org.asynchttpclient.netty.request.NettyRequestSender - Using pooled Channel '[id: 0x48aae79f, L:/127.0.0.1:64639 - R:localhost/127.0.0.1:64282]' for 'GET' to 'http://localhost:64282/session/ebc82c65ea85ad78b5773108b6942809/screenshot'
05:02:25.508 [Forwarding screenshot on session ebc82c65ea85ad78b5773108b6942809 to remote] DEBUG org.asynchttpclient.netty.request.NettyRequestSender - Using open Channel [id: 0x48aae79f, L:/127.0.0.1:64639 - R:localhost/127.0.0.1:64282] for GET '/session/ebc82c65ea85ad78b5773108b6942809/screenshot'
05:02:25.850 [AsyncHttpClient-1-2] DEBUG org.asynchttpclient.netty.handler.HttpHandler - 

Request DefaultFullHttpRequest(decodeResult: success, version: HTTP/1.1, content: EmptyByteBufBE)
GET /session/ebc82c65ea85ad78b5773108b6942809/screenshot HTTP/1.1
User-Agent: selenium/4.1.2 (java windows)
Cache-Control: no-cache
Content-Type: application/json; charset=utf-8
host: localhost:64282
accept: */*

Response DefaultHttpResponse(decodeResult: success, version: HTTP/1.1)
HTTP/1.1 200 OK
Content-Type: application/json; charset=utf-8
cache-control: no-cache
content-length: 230264

05:02:25.855 [AsyncHttpClient-1-2] DEBUG org.asynchttpclient.netty.channel.ChannelManager - Adding key: http://localhost:64282 for channel [id: 0x48aae79f, L:/127.0.0.1:64639 - R:localhost/127.0.0.1:64282]
05:02:25.875 [main] DEBUG net.serenitybdd.core.photography.Darkroom - Send negative for processing for target\site\serenity\1f64d945581aa112a9e326d75a198002832c07176f6f857cd0bc505a1c243bb1.png
05:02:25.875 [main] DEBUG net.thucydides.core.steps.StepInterceptor - STEP DONE: showPass
05:02:25.876 [Darkroom Processing Line] DEBUG net.serenitybdd.core.photography.DarkroomProcessingLine - Processing screenshot image in /var/screenshots/screenshot-4575838018609144167
05:02:25.876 [Darkroom Processing Line] DEBUG net.serenitybdd.core.photography.DarkroomProcessingLine - Saving screenshot to target\site\serenity\1f64d945581aa112a9e326d75a198002832c07176f6f857cd0bc505a1c243bb1.png
05:02:25.891 [main] DEBUG net.thucydides.core.steps.StepInterceptor - STARTING STEP: LoginSteps.inputValidPassword - inputPassword
05:02:25.899 [Forwarding findElement on session ebc82c65ea85ad78b5773108b6942809 to remote] DEBUG org.asynchttpclient.netty.request.NettyRequestSender - Using pooled Channel '[id: 0x48aae79f, L:/127.0.0.1:64639 - R:localhost/127.0.0.1:64282]' for 'POST' to 'http://localhost:64282/session/ebc82c65ea85ad78b5773108b6942809/element'
05:02:25.900 [Forwarding findElement on session ebc82c65ea85ad78b5773108b6942809 to remote] DEBUG org.asynchttpclient.netty.request.NettyRequestSender - Using open Channel [id: 0x48aae79f, L:/127.0.0.1:64639 - R:localhost/127.0.0.1:64282] for POST '/session/ebc82c65ea85ad78b5773108b6942809/element'
05:02:25.923 [AsyncHttpClient-1-2] DEBUG org.asynchttpclient.netty.handler.HttpHandler - 

Request DefaultHttpRequest(decodeResult: success, version: HTTP/1.1)
POST /session/ebc82c65ea85ad78b5773108b6942809/element HTTP/1.1
User-Agent: selenium/4.1.2 (java windows)
Content-Length: 63
Content-Type: application/json; charset=utf-8
host: localhost:64282
accept: */*

Response DefaultHttpResponse(decodeResult: success, version: HTTP/1.1)
HTTP/1.1 200 OK
Content-Type: application/json; charset=utf-8
cache-control: no-cache
content-length: 88

05:02:25.924 [AsyncHttpClient-1-2] DEBUG org.asynchttpclient.netty.channel.ChannelManager - Adding key: http://localhost:64282 for channel [id: 0x48aae79f, L:/127.0.0.1:64639 - R:localhost/127.0.0.1:64282]
05:02:25.927 [Forwarding clearElement on session ebc82c65ea85ad78b5773108b6942809 to remote] DEBUG org.asynchttpclient.netty.request.NettyRequestSender - Using pooled Channel '[id: 0x48aae79f, L:/127.0.0.1:64639 - R:localhost/127.0.0.1:64282]' for 'POST' to 'http://localhost:64282/session/ebc82c65ea85ad78b5773108b6942809/element/18ab13ef-600b-4b51-a6b8-54ab4193e22f/clear'
05:02:25.928 [Forwarding clearElement on session ebc82c65ea85ad78b5773108b6942809 to remote] DEBUG org.asynchttpclient.netty.request.NettyRequestSender - Using open Channel [id: 0x48aae79f, L:/127.0.0.1:64639 - R:localhost/127.0.0.1:64282] for POST '/session/ebc82c65ea85ad78b5773108b6942809/element/18ab13ef-600b-4b51-a6b8-54ab4193e22f/clear'
05:02:26.011 [AsyncHttpClient-1-2] DEBUG org.asynchttpclient.netty.handler.HttpHandler - 

Request DefaultHttpRequest(decodeResult: success, version: HTTP/1.1)
POST /session/ebc82c65ea85ad78b5773108b6942809/element/18ab13ef-600b-4b51-a6b8-54ab4193e22f/clear HTTP/1.1
User-Agent: selenium/4.1.2 (java windows)
Content-Length: 50
Content-Type: application/json; charset=utf-8
host: localhost:64282
accept: */*

Response DefaultHttpResponse(decodeResult: success, version: HTTP/1.1)
HTTP/1.1 200 OK
Content-Type: application/json; charset=utf-8
cache-control: no-cache
content-length: 14

05:02:26.011 [AsyncHttpClient-1-2] DEBUG org.asynchttpclient.netty.channel.ChannelManager - Adding key: http://localhost:64282 for channel [id: 0x48aae79f, L:/127.0.0.1:64639 - R:localhost/127.0.0.1:64282]
05:02:26.018 [Forwarding sendKeysToElement on session ebc82c65ea85ad78b5773108b6942809 to remote] DEBUG org.asynchttpclient.netty.request.NettyRequestSender - Using pooled Channel '[id: 0x48aae79f, L:/127.0.0.1:64639 - R:localhost/127.0.0.1:64282]' for 'POST' to 'http://localhost:64282/session/ebc82c65ea85ad78b5773108b6942809/element/18ab13ef-600b-4b51-a6b8-54ab4193e22f/value'
05:02:26.018 [Forwarding sendKeysToElement on session ebc82c65ea85ad78b5773108b6942809 to remote] DEBUG org.asynchttpclient.netty.request.NettyRequestSender - Using open Channel [id: 0x48aae79f, L:/127.0.0.1:64639 - R:localhost/127.0.0.1:64282] for POST '/session/ebc82c65ea85ad78b5773108b6942809/element/18ab13ef-600b-4b51-a6b8-54ab4193e22f/value'
05:02:26.160 [AsyncHttpClient-1-2] DEBUG org.asynchttpclient.netty.handler.HttpHandler - 

Request DefaultHttpRequest(decodeResult: success, version: HTTP/1.1)
POST /session/ebc82c65ea85ad78b5773108b6942809/element/18ab13ef-600b-4b51-a6b8-54ab4193e22f/value HTTP/1.1
User-Agent: selenium/4.1.2 (java windows)
Content-Length: 181
Content-Type: application/json; charset=utf-8
host: localhost:64282
accept: */*

Response DefaultHttpResponse(decodeResult: success, version: HTTP/1.1)
HTTP/1.1 200 OK
Content-Type: application/json; charset=utf-8
cache-control: no-cache
content-length: 14

05:02:26.161 [AsyncHttpClient-1-2] DEBUG org.asynchttpclient.netty.channel.ChannelManager - Adding key: http://localhost:64282 for channel [id: 0x48aae79f, L:/127.0.0.1:64639 - R:localhost/127.0.0.1:64282]
05:02:26.178 [Forwarding screenshot on session ebc82c65ea85ad78b5773108b6942809 to remote] DEBUG org.asynchttpclient.netty.request.NettyRequestSender - Using pooled Channel '[id: 0x48aae79f, L:/127.0.0.1:64639 - R:localhost/127.0.0.1:64282]' for 'GET' to 'http://localhost:64282/session/ebc82c65ea85ad78b5773108b6942809/screenshot'
05:02:26.179 [Forwarding screenshot on session ebc82c65ea85ad78b5773108b6942809 to remote] DEBUG org.asynchttpclient.netty.request.NettyRequestSender - Using open Channel [id: 0x48aae79f, L:/127.0.0.1:64639 - R:localhost/127.0.0.1:64282] for GET '/session/ebc82c65ea85ad78b5773108b6942809/screenshot'
05:02:26.332 [AsyncHttpClient-1-1] DEBUG org.asynchttpclient.netty.channel.DefaultChannelPool - Entry count for : http://localhost:64640 : 1
05:02:26.494 [AsyncHttpClient-1-2] DEBUG org.asynchttpclient.netty.handler.HttpHandler - 

Request DefaultFullHttpRequest(decodeResult: success, version: HTTP/1.1, content: EmptyByteBufBE)
GET /session/ebc82c65ea85ad78b5773108b6942809/screenshot HTTP/1.1
User-Agent: selenium/4.1.2 (java windows)
Cache-Control: no-cache
Content-Type: application/json; charset=utf-8
host: localhost:64282
accept: */*

Response DefaultHttpResponse(decodeResult: success, version: HTTP/1.1)
HTTP/1.1 200 OK
Content-Type: application/json; charset=utf-8
cache-control: no-cache
content-length: 233392

05:02:26.497 [AsyncHttpClient-1-2] DEBUG org.asynchttpclient.netty.channel.ChannelManager - Adding key: http://localhost:64282 for channel [id: 0x48aae79f, L:/127.0.0.1:64639 - R:localhost/127.0.0.1:64282]
05:02:26.518 [main] DEBUG net.serenitybdd.core.photography.Darkroom - Send negative for processing for target\site\serenity\3ece4fd11926f08c5bf85ce6af4bed34f7e08d6061a1a81642467700e67c8d73.png
05:02:26.519 [Darkroom Processing Line] DEBUG net.serenitybdd.core.photography.DarkroomProcessingLine - Processing screenshot image in /var/screenshots/screenshot-9169508865270260734
05:02:26.520 [main] DEBUG net.thucydides.core.steps.StepInterceptor - STEP DONE: inputPassword
05:02:26.520 [Darkroom Processing Line] DEBUG net.serenitybdd.core.photography.DarkroomProcessingLine - Saving screenshot to target\site\serenity\3ece4fd11926f08c5bf85ce6af4bed34f7e08d6061a1a81642467700e67c8d73.png
  &amp#27;[32mAnd &amp#27;[0m&amp#27;[32mi input valid password&amp#27;[0m                                               &amp#27;[90m# starter.stepdefenitions.LoginSteps.inputValidPassword()&amp#27;[0m
05:02:26.560 [main] DEBUG net.thucydides.core.steps.StepInterceptor - STARTING STEP: LoginSteps.clickLoginButton - clickLoginButton
05:02:26.569 [Forwarding findElement on session ebc82c65ea85ad78b5773108b6942809 to remote] DEBUG org.asynchttpclient.netty.request.NettyRequestSender - Using pooled Channel '[id: 0x48aae79f, L:/127.0.0.1:64639 - R:localhost/127.0.0.1:64282]' for 'POST' to 'http://localhost:64282/session/ebc82c65ea85ad78b5773108b6942809/element'
05:02:26.570 [Forwarding findElement on session ebc82c65ea85ad78b5773108b6942809 to remote] DEBUG org.asynchttpclient.netty.request.NettyRequestSender - Using open Channel [id: 0x48aae79f, L:/127.0.0.1:64639 - R:localhost/127.0.0.1:64282] for POST '/session/ebc82c65ea85ad78b5773108b6942809/element'
05:02:26.583 [AsyncHttpClient-1-2] DEBUG org.asynchttpclient.netty.handler.HttpHandler - 

Request DefaultHttpRequest(decodeResult: success, version: HTTP/1.1)
POST /session/ebc82c65ea85ad78b5773108b6942809/element HTTP/1.1
User-Agent: selenium/4.1.2 (java windows)
Content-Length: 66
Content-Type: application/json; charset=utf-8
host: localhost:64282
accept: */*

Response DefaultHttpResponse(decodeResult: success, version: HTTP/1.1)
HTTP/1.1 200 OK
Content-Type: application/json; charset=utf-8
cache-control: no-cache
content-length: 88

05:02:26.584 [AsyncHttpClient-1-2] DEBUG org.asynchttpclient.netty.channel.ChannelManager - Adding key: http://localhost:64282 for channel [id: 0x48aae79f, L:/127.0.0.1:64639 - R:localhost/127.0.0.1:64282]
05:02:26.588 [Forwarding getElementTagName on session ebc82c65ea85ad78b5773108b6942809 to remote] DEBUG org.asynchttpclient.netty.request.NettyRequestSender - Using pooled Channel '[id: 0x48aae79f, L:/127.0.0.1:64639 - R:localhost/127.0.0.1:64282]' for 'GET' to 'http://localhost:64282/session/ebc82c65ea85ad78b5773108b6942809/element/da6489a3-110a-440d-9d43-5f73053a6fbe/name'
05:02:26.588 [Forwarding getElementTagName on session ebc82c65ea85ad78b5773108b6942809 to remote] DEBUG org.asynchttpclient.netty.request.NettyRequestSender - Using open Channel [id: 0x48aae79f, L:/127.0.0.1:64639 - R:localhost/127.0.0.1:64282] for GET '/session/ebc82c65ea85ad78b5773108b6942809/element/da6489a3-110a-440d-9d43-5f73053a6fbe/name'
05:02:26.597 [AsyncHttpClient-1-2] DEBUG org.asynchttpclient.netty.handler.HttpHandler - 

Request DefaultFullHttpRequest(decodeResult: success, version: HTTP/1.1, content: EmptyByteBufBE)
GET /session/ebc82c65ea85ad78b5773108b6942809/element/da6489a3-110a-440d-9d43-5f73053a6fbe/name HTTP/1.1
User-Agent: selenium/4.1.2 (java windows)
Cache-Control: no-cache
Content-Type: application/json; charset=utf-8
host: localhost:64282
accept: */*

Response DefaultHttpResponse(decodeResult: success, version: HTTP/1.1)
HTTP/1.1 200 OK
Content-Type: application/json; charset=utf-8
cache-control: no-cache
content-length: 18

05:02:26.597 [AsyncHttpClient-1-2] DEBUG org.asynchttpclient.netty.channel.ChannelManager - Adding key: http://localhost:64282 for channel [id: 0x48aae79f, L:/127.0.0.1:64639 - R:localhost/127.0.0.1:64282]
05:02:26.600 [Forwarding getElementTagName on session ebc82c65ea85ad78b5773108b6942809 to remote] DEBUG org.asynchttpclient.netty.request.NettyRequestSender - Using pooled Channel '[id: 0x48aae79f, L:/127.0.0.1:64639 - R:localhost/127.0.0.1:64282]' for 'GET' to 'http://localhost:64282/session/ebc82c65ea85ad78b5773108b6942809/element/da6489a3-110a-440d-9d43-5f73053a6fbe/name'
05:02:26.601 [Forwarding getElementTagName on session ebc82c65ea85ad78b5773108b6942809 to remote] DEBUG org.asynchttpclient.netty.request.NettyRequestSender - Using open Channel [id: 0x48aae79f, L:/127.0.0.1:64639 - R:localhost/127.0.0.1:64282] for GET '/session/ebc82c65ea85ad78b5773108b6942809/element/da6489a3-110a-440d-9d43-5f73053a6fbe/name'
05:02:26.607 [AsyncHttpClient-1-2] DEBUG org.asynchttpclient.netty.handler.HttpHandler - 

Request DefaultFullHttpRequest(decodeResult: success, version: HTTP/1.1, content: EmptyByteBufBE)
GET /session/ebc82c65ea85ad78b5773108b6942809/element/da6489a3-110a-440d-9d43-5f73053a6fbe/name HTTP/1.1
User-Agent: selenium/4.1.2 (java windows)
Cache-Control: no-cache
Content-Type: application/json; charset=utf-8
host: localhost:64282
accept: */*

Response DefaultHttpResponse(decodeResult: success, version: HTTP/1.1)
HTTP/1.1 200 OK
Content-Type: application/json; charset=utf-8
cache-control: no-cache
content-length: 18

05:02:26.608 [AsyncHttpClient-1-2] DEBUG org.asynchttpclient.netty.channel.ChannelManager - Adding key: http://localhost:64282 for channel [id: 0x48aae79f, L:/127.0.0.1:64639 - R:localhost/127.0.0.1:64282]
05:02:26.620 [Forwarding isElementEnabled on session ebc82c65ea85ad78b5773108b6942809 to remote] DEBUG org.asynchttpclient.netty.request.NettyRequestSender - Using pooled Channel '[id: 0x48aae79f, L:/127.0.0.1:64639 - R:localhost/127.0.0.1:64282]' for 'GET' to 'http://localhost:64282/session/ebc82c65ea85ad78b5773108b6942809/element/da6489a3-110a-440d-9d43-5f73053a6fbe/enabled'
05:02:26.620 [Forwarding isElementEnabled on session ebc82c65ea85ad78b5773108b6942809 to remote] DEBUG org.asynchttpclient.netty.request.NettyRequestSender - Using open Channel [id: 0x48aae79f, L:/127.0.0.1:64639 - R:localhost/127.0.0.1:64282] for GET '/session/ebc82c65ea85ad78b5773108b6942809/element/da6489a3-110a-440d-9d43-5f73053a6fbe/enabled'
05:02:26.637 [AsyncHttpClient-1-2] DEBUG org.asynchttpclient.netty.handler.HttpHandler - 

Request DefaultFullHttpRequest(decodeResult: success, version: HTTP/1.1, content: EmptyByteBufBE)
GET /session/ebc82c65ea85ad78b5773108b6942809/element/da6489a3-110a-440d-9d43-5f73053a6fbe/enabled HTTP/1.1
User-Agent: selenium/4.1.2 (java windows)
Cache-Control: no-cache
Content-Type: application/json; charset=utf-8
host: localhost:64282
accept: */*

Response DefaultHttpResponse(decodeResult: success, version: HTTP/1.1)
HTTP/1.1 200 OK
Content-Type: application/json; charset=utf-8
cache-control: no-cache
content-length: 14

05:02:26.638 [AsyncHttpClient-1-2] DEBUG org.asynchttpclient.netty.channel.ChannelManager - Adding key: http://localhost:64282 for channel [id: 0x48aae79f, L:/127.0.0.1:64639 - R:localhost/127.0.0.1:64282]
05:02:26.641 [Forwarding isElementEnabled on session ebc82c65ea85ad78b5773108b6942809 to remote] DEBUG org.asynchttpclient.netty.request.NettyRequestSender - Using pooled Channel '[id: 0x48aae79f, L:/127.0.0.1:64639 - R:localhost/127.0.0.1:64282]' for 'GET' to 'http://localhost:64282/session/ebc82c65ea85ad78b5773108b6942809/element/da6489a3-110a-440d-9d43-5f73053a6fbe/enabled'
05:02:26.642 [Forwarding isElementEnabled on session ebc82c65ea85ad78b5773108b6942809 to remote] DEBUG org.asynchttpclient.netty.request.NettyRequestSender - Using open Channel [id: 0x48aae79f, L:/127.0.0.1:64639 - R:localhost/127.0.0.1:64282] for GET '/session/ebc82c65ea85ad78b5773108b6942809/element/da6489a3-110a-440d-9d43-5f73053a6fbe/enabled'
05:02:26.651 [AsyncHttpClient-1-2] DEBUG org.asynchttpclient.netty.handler.HttpHandler - 

Request DefaultFullHttpRequest(decodeResult: success, version: HTTP/1.1, content: EmptyByteBufBE)
GET /session/ebc82c65ea85ad78b5773108b6942809/element/da6489a3-110a-440d-9d43-5f73053a6fbe/enabled HTTP/1.1
User-Agent: selenium/4.1.2 (java windows)
Cache-Control: no-cache
Content-Type: application/json; charset=utf-8
host: localhost:64282
accept: */*

Response DefaultHttpResponse(decodeResult: success, version: HTTP/1.1)
HTTP/1.1 200 OK
Content-Type: application/json; charset=utf-8
cache-control: no-cache
content-length: 14

05:02:26.652 [AsyncHttpClient-1-2] DEBUG org.asynchttpclient.netty.channel.ChannelManager - Adding key: http://localhost:64282 for channel [id: 0x48aae79f, L:/127.0.0.1:64639 - R:localhost/127.0.0.1:64282]
05:02:26.672 [Forwarding findElement on session ebc82c65ea85ad78b5773108b6942809 to remote] DEBUG org.asynchttpclient.netty.request.NettyRequestSender - Using pooled Channel '[id: 0x48aae79f, L:/127.0.0.1:64639 - R:localhost/127.0.0.1:64282]' for 'POST' to 'http://localhost:64282/session/ebc82c65ea85ad78b5773108b6942809/element'
05:02:26.672 [Forwarding findElement on session ebc82c65ea85ad78b5773108b6942809 to remote] DEBUG org.asynchttpclient.netty.request.NettyRequestSender - Using open Channel [id: 0x48aae79f, L:/127.0.0.1:64639 - R:localhost/127.0.0.1:64282] for POST '/session/ebc82c65ea85ad78b5773108b6942809/element'
05:02:26.688 [AsyncHttpClient-1-2] DEBUG org.asynchttpclient.netty.handler.HttpHandler - 

Request DefaultHttpRequest(decodeResult: success, version: HTTP/1.1)
POST /session/ebc82c65ea85ad78b5773108b6942809/element HTTP/1.1
User-Agent: selenium/4.1.2 (java windows)
Content-Length: 66
Content-Type: application/json; charset=utf-8
host: localhost:64282
accept: */*

Response DefaultHttpResponse(decodeResult: success, version: HTTP/1.1)
HTTP/1.1 200 OK
Content-Type: application/json; charset=utf-8
cache-control: no-cache
content-length: 88

05:02:26.688 [AsyncHttpClient-1-2] DEBUG org.asynchttpclient.netty.channel.ChannelManager - Adding key: http://localhost:64282 for channel [id: 0x48aae79f, L:/127.0.0.1:64639 - R:localhost/127.0.0.1:64282]
05:02:26.699 [Forwarding clickElement on session ebc82c65ea85ad78b5773108b6942809 to remote] DEBUG org.asynchttpclient.netty.request.NettyRequestSender - Using pooled Channel '[id: 0x48aae79f, L:/127.0.0.1:64639 - R:localhost/127.0.0.1:64282]' for 'POST' to 'http://localhost:64282/session/ebc82c65ea85ad78b5773108b6942809/element/da6489a3-110a-440d-9d43-5f73053a6fbe/click'
05:02:26.699 [Forwarding clickElement on session ebc82c65ea85ad78b5773108b6942809 to remote] DEBUG org.asynchttpclient.netty.request.NettyRequestSender - Using open Channel [id: 0x48aae79f, L:/127.0.0.1:64639 - R:localhost/127.0.0.1:64282] for POST '/session/ebc82c65ea85ad78b5773108b6942809/element/da6489a3-110a-440d-9d43-5f73053a6fbe/click'
05:02:26.809 [AsyncHttpClient-1-2] DEBUG org.asynchttpclient.netty.handler.HttpHandler - 

Request DefaultHttpRequest(decodeResult: success, version: HTTP/1.1)
POST /session/ebc82c65ea85ad78b5773108b6942809/element/da6489a3-110a-440d-9d43-5f73053a6fbe/click HTTP/1.1
User-Agent: selenium/4.1.2 (java windows)
Content-Length: 50
Content-Type: application/json; charset=utf-8
host: localhost:64282
accept: */*

Response DefaultHttpResponse(decodeResult: success, version: HTTP/1.1)
HTTP/1.1 200 OK
Content-Type: application/json; charset=utf-8
cache-control: no-cache
content-length: 14

05:02:26.810 [AsyncHttpClient-1-2] DEBUG org.asynchttpclient.netty.channel.ChannelManager - Adding key: http://localhost:64282 for channel [id: 0x48aae79f, L:/127.0.0.1:64639 - R:localhost/127.0.0.1:64282]
05:02:26.829 [Forwarding screenshot on session ebc82c65ea85ad78b5773108b6942809 to remote] DEBUG org.asynchttpclient.netty.request.NettyRequestSender - Using pooled Channel '[id: 0x48aae79f, L:/127.0.0.1:64639 - R:localhost/127.0.0.1:64282]' for 'GET' to 'http://localhost:64282/session/ebc82c65ea85ad78b5773108b6942809/screenshot'
05:02:26.829 [Forwarding screenshot on session ebc82c65ea85ad78b5773108b6942809 to remote] DEBUG org.asynchttpclient.netty.request.NettyRequestSender - Using open Channel [id: 0x48aae79f, L:/127.0.0.1:64639 - R:localhost/127.0.0.1:64282] for GET '/session/ebc82c65ea85ad78b5773108b6942809/screenshot'
05:02:27.236 [AsyncHttpClient-1-2] DEBUG org.asynchttpclient.netty.handler.HttpHandler - 

Request DefaultFullHttpRequest(decodeResult: success, version: HTTP/1.1, content: EmptyByteBufBE)
GET /session/ebc82c65ea85ad78b5773108b6942809/screenshot HTTP/1.1
User-Agent: selenium/4.1.2 (java windows)
Cache-Control: no-cache
Content-Type: application/json; charset=utf-8
host: localhost:64282
accept: */*

Response DefaultHttpResponse(decodeResult: success, version: HTTP/1.1)
HTTP/1.1 200 OK
Content-Type: application/json; charset=utf-8
cache-control: no-cache
content-length: 231088

05:02:27.239 [AsyncHttpClient-1-2] DEBUG org.asynchttpclient.netty.channel.ChannelManager - Adding key: http://localhost:64282 for channel [id: 0x48aae79f, L:/127.0.0.1:64639 - R:localhost/127.0.0.1:64282]
05:02:27.260 [main] DEBUG net.serenitybdd.core.photography.Darkroom - Send negative for processing for target\site\serenity\ad4eac8545d86ff1f21e5ed20dc4809932140e15ead7bd40df09fe1eec8267a9.png
05:02:27.261 [main] DEBUG net.thucydides.core.steps.StepInterceptor - STEP DONE: clickLoginButton
  &amp#27;[32mAnd &amp#27;[0m&amp#27;[32mi click login button&amp#27;[0m                                                 &amp#27;[90m# starter.stepdefenitions.LoginSteps.clickLoginButton()&amp#27;[0m
05:02:27.261 [Darkroom Processing Line] DEBUG net.serenitybdd.core.photography.DarkroomProcessingLine - Processing screenshot image in /var/screenshots/screenshot-8703285901218507248
05:02:27.261 [Darkroom Processing Line] DEBUG net.serenitybdd.core.photography.DarkroomProcessingLine - Saving screenshot to target\site\serenity\ad4eac8545d86ff1f21e5ed20dc4809932140e15ead7bd40df09fe1eec8267a9.png
05:02:27.331 [Forwarding screenshot on session ebc82c65ea85ad78b5773108b6942809 to remote] DEBUG org.asynchttpclient.netty.request.NettyRequestSender - Using pooled Channel '[id: 0x48aae79f, L:/127.0.0.1:64639 - R:localhost/127.0.0.1:64282]' for 'GET' to 'http://localhost:64282/session/ebc82c65ea85ad78b5773108b6942809/screenshot'
05:02:27.336 [Forwarding screenshot on session ebc82c65ea85ad78b5773108b6942809 to remote] DEBUG org.asynchttpclient.netty.request.NettyRequestSender - Using open Channel [id: 0x48aae79f, L:/127.0.0.1:64639 - R:localhost/127.0.0.1:64282] for GET '/session/ebc82c65ea85ad78b5773108b6942809/screenshot'
05:02:27.432 [AsyncHttpClient-1-1] DEBUG org.asynchttpclient.netty.channel.DefaultChannelPool - Entry count for : http://localhost:64640 : 1
05:02:27.959 [AsyncHttpClient-1-2] DEBUG org.asynchttpclient.netty.handler.HttpHandler - 

Request DefaultFullHttpRequest(decodeResult: success, version: HTTP/1.1, content: EmptyByteBufBE)
GET /session/ebc82c65ea85ad78b5773108b6942809/screenshot HTTP/1.1
User-Agent: selenium/4.1.2 (java windows)
Cache-Control: no-cache
Content-Type: application/json; charset=utf-8
host: localhost:64282
accept: */*

Response DefaultHttpResponse(decodeResult: success, version: HTTP/1.1)
HTTP/1.1 200 OK
Content-Type: application/json; charset=utf-8
cache-control: no-cache
content-length: 126296

05:02:27.961 [AsyncHttpClient-1-2] DEBUG org.asynchttpclient.netty.channel.ChannelManager - Adding key: http://localhost:64282 for channel [id: 0x48aae79f, L:/127.0.0.1:64639 - R:localhost/127.0.0.1:64282]
05:02:27.984 [main] DEBUG net.serenitybdd.core.photography.Darkroom - Send negative for processing for target\site\serenity\0b66f25c1dff907a8ca78bb14edb2dc68e674c10fb33722a67d7bcbb04d73967.png
05:02:27.985 [main] DEBUG net.thucydides.core.steps.StepInterceptor - STARTING STEP: LoginSteps.successLogin - validationDialog
05:02:27.992 [Forwarding findElement on session ebc82c65ea85ad78b5773108b6942809 to remote] DEBUG org.asynchttpclient.netty.request.NettyRequestSender - Using pooled Channel '[id: 0x48aae79f, L:/127.0.0.1:64639 - R:localhost/127.0.0.1:64282]' for 'POST' to 'http://localhost:64282/session/ebc82c65ea85ad78b5773108b6942809/element'
05:02:27.992 [Forwarding findElement on session ebc82c65ea85ad78b5773108b6942809 to remote] DEBUG org.asynchttpclient.netty.request.NettyRequestSender - Using open Channel [id: 0x48aae79f, L:/127.0.0.1:64639 - R:localhost/127.0.0.1:64282] for POST '/session/ebc82c65ea85ad78b5773108b6942809/element'
05:02:27.996 [Darkroom Processing Line] DEBUG net.serenitybdd.core.photography.DarkroomProcessingLine - Processing screenshot image in /var/screenshots/screenshot-6408971704199590348
05:02:27.997 [Darkroom Processing Line] DEBUG net.serenitybdd.core.photography.DarkroomProcessingLine - Saving screenshot to target\site\serenity\0b66f25c1dff907a8ca78bb14edb2dc68e674c10fb33722a67d7bcbb04d73967.png
05:02:28.029 [AsyncHttpClient-1-2] DEBUG org.asynchttpclient.netty.handler.HttpHandler - 

Request DefaultHttpRequest(decodeResult: success, version: HTTP/1.1)
POST /session/ebc82c65ea85ad78b5773108b6942809/element HTTP/1.1
User-Agent: selenium/4.1.2 (java windows)
Content-Length: 68
Content-Type: application/json; charset=utf-8
host: localhost:64282
accept: */*

Response DefaultHttpResponse(decodeResult: success, version: HTTP/1.1)
HTTP/1.1 200 OK
Content-Type: application/json; charset=utf-8
cache-control: no-cache
content-length: 88

05:02:28.030 [AsyncHttpClient-1-2] DEBUG org.asynchttpclient.netty.channel.ChannelManager - Adding key: http://localhost:64282 for channel [id: 0x48aae79f, L:/127.0.0.1:64639 - R:localhost/127.0.0.1:64282]
05:02:28.043 [Forwarding isElementDisplayed on session ebc82c65ea85ad78b5773108b6942809 to remote] DEBUG org.asynchttpclient.netty.request.NettyRequestSender - Using pooled Channel '[id: 0x48aae79f, L:/127.0.0.1:64639 - R:localhost/127.0.0.1:64282]' for 'POST' to 'http://localhost:64282/session/ebc82c65ea85ad78b5773108b6942809/execute/sync'
05:02:28.043 [Forwarding isElementDisplayed on session ebc82c65ea85ad78b5773108b6942809 to remote] DEBUG org.asynchttpclient.netty.request.NettyRequestSender - Using open Channel [id: 0x48aae79f, L:/127.0.0.1:64639 - R:localhost/127.0.0.1:64282] for POST '/session/ebc82c65ea85ad78b5773108b6942809/execute/sync'
05:02:28.074 [AsyncHttpClient-1-2] DEBUG org.asynchttpclient.netty.handler.HttpHandler - 

Request DefaultHttpRequest(decodeResult: success, version: HTTP/1.1)
POST /session/ebc82c65ea85ad78b5773108b6942809/execute/sync HTTP/1.1
User-Agent: selenium/4.1.2 (java windows)
Content-Length: 48780
Content-Type: application/json; charset=utf-8
host: localhost:64282
accept: */*

Response DefaultHttpResponse(decodeResult: success, version: HTTP/1.1)
HTTP/1.1 200 OK
Content-Type: application/json; charset=utf-8
cache-control: no-cache
content-length: 14

05:02:28.075 [AsyncHttpClient-1-2] DEBUG org.asynchttpclient.netty.channel.ChannelManager - Adding key: http://localhost:64282 for channel [id: 0x48aae79f, L:/127.0.0.1:64639 - R:localhost/127.0.0.1:64282]
05:02:28.089 [Forwarding screenshot on session ebc82c65ea85ad78b5773108b6942809 to remote] DEBUG org.asynchttpclient.netty.request.NettyRequestSender - Using pooled Channel '[id: 0x48aae79f, L:/127.0.0.1:64639 - R:localhost/127.0.0.1:64282]' for 'GET' to 'http://localhost:64282/session/ebc82c65ea85ad78b5773108b6942809/screenshot'
05:02:28.089 [Forwarding screenshot on session ebc82c65ea85ad78b5773108b6942809 to remote] DEBUG org.asynchttpclient.netty.request.NettyRequestSender - Using open Channel [id: 0x48aae79f, L:/127.0.0.1:64639 - R:localhost/127.0.0.1:64282] for GET '/session/ebc82c65ea85ad78b5773108b6942809/screenshot'
05:02:28.363 [AsyncHttpClient-1-2] DEBUG org.asynchttpclient.netty.handler.HttpHandler - 

Request DefaultFullHttpRequest(decodeResult: success, version: HTTP/1.1, content: EmptyByteBufBE)
GET /session/ebc82c65ea85ad78b5773108b6942809/screenshot HTTP/1.1
User-Agent: selenium/4.1.2 (java windows)
Cache-Control: no-cache
Content-Type: application/json; charset=utf-8
host: localhost:64282
accept: */*

Response DefaultHttpResponse(decodeResult: success, version: HTTP/1.1)
HTTP/1.1 200 OK
Content-Type: application/json; charset=utf-8
cache-control: no-cache
content-length: 123452

05:02:28.365 [AsyncHttpClient-1-2] DEBUG org.asynchttpclient.netty.channel.ChannelManager - Adding key: http://localhost:64282 for channel [id: 0x48aae79f, L:/127.0.0.1:64639 - R:localhost/127.0.0.1:64282]
05:02:28.380 [main] DEBUG net.serenitybdd.core.photography.Darkroom - Send negative for processing for target\site\serenity\e3609a75ccb3c45cbf5ba10c8a8035d2eb27311ca3cb0434b850705b37fb54e8.png
05:02:28.380 [main] DEBUG net.thucydides.core.steps.StepInterceptor - STEP DONE: validationDialog
05:02:28.381 [Darkroom Processing Line] DEBUG net.serenitybdd.core.photography.DarkroomProcessingLine - Processing screenshot image in /var/screenshots/screenshot-7305413266996198684
05:02:28.381 [Darkroom Processing Line] DEBUG net.serenitybdd.core.photography.DarkroomProcessingLine - Saving screenshot to target\site\serenity\e3609a75ccb3c45cbf5ba10c8a8035d2eb27311ca3cb0434b850705b37fb54e8.png
05:02:28.415 [main] DEBUG net.thucydides.core.steps.StepInterceptor - STARTING STEP: LoginSteps.successLogin - clickSuccessButton
05:02:28.437 [Forwarding findElement on session ebc82c65ea85ad78b5773108b6942809 to remote] DEBUG org.asynchttpclient.netty.request.NettyRequestSender - Using pooled Channel '[id: 0x48aae79f, L:/127.0.0.1:64639 - R:localhost/127.0.0.1:64282]' for 'POST' to 'http://localhost:64282/session/ebc82c65ea85ad78b5773108b6942809/element'
05:02:28.438 [Forwarding findElement on session ebc82c65ea85ad78b5773108b6942809 to remote] DEBUG org.asynchttpclient.netty.request.NettyRequestSender - Using open Channel [id: 0x48aae79f, L:/127.0.0.1:64639 - R:localhost/127.0.0.1:64282] for POST '/session/ebc82c65ea85ad78b5773108b6942809/element'
05:02:28.482 [AsyncHttpClient-1-2] DEBUG org.asynchttpclient.netty.handler.HttpHandler - 

Request DefaultHttpRequest(decodeResult: success, version: HTTP/1.1)
POST /session/ebc82c65ea85ad78b5773108b6942809/element HTTP/1.1
User-Agent: selenium/4.1.2 (java windows)
Content-Length: 68
Content-Type: application/json; charset=utf-8
host: localhost:64282
accept: */*

Response DefaultHttpResponse(decodeResult: success, version: HTTP/1.1)
HTTP/1.1 200 OK
Content-Type: application/json; charset=utf-8
cache-control: no-cache
content-length: 88

05:02:28.482 [AsyncHttpClient-1-2] DEBUG org.asynchttpclient.netty.channel.ChannelManager - Adding key: http://localhost:64282 for channel [id: 0x48aae79f, L:/127.0.0.1:64639 - R:localhost/127.0.0.1:64282]
05:02:28.491 [Forwarding getElementTagName on session ebc82c65ea85ad78b5773108b6942809 to remote] DEBUG org.asynchttpclient.netty.request.NettyRequestSender - Using pooled Channel '[id: 0x48aae79f, L:/127.0.0.1:64639 - R:localhost/127.0.0.1:64282]' for 'GET' to 'http://localhost:64282/session/ebc82c65ea85ad78b5773108b6942809/element/51c69a51-76f3-4cb6-9c30-bd8fd06d56b8/name'
05:02:28.491 [Forwarding getElementTagName on session ebc82c65ea85ad78b5773108b6942809 to remote] DEBUG org.asynchttpclient.netty.request.NettyRequestSender - Using open Channel [id: 0x48aae79f, L:/127.0.0.1:64639 - R:localhost/127.0.0.1:64282] for GET '/session/ebc82c65ea85ad78b5773108b6942809/element/51c69a51-76f3-4cb6-9c30-bd8fd06d56b8/name'
05:02:28.501 [AsyncHttpClient-1-2] DEBUG org.asynchttpclient.netty.handler.HttpHandler - 

Request DefaultFullHttpRequest(decodeResult: success, version: HTTP/1.1, content: EmptyByteBufBE)
GET /session/ebc82c65ea85ad78b5773108b6942809/element/51c69a51-76f3-4cb6-9c30-bd8fd06d56b8/name HTTP/1.1
User-Agent: selenium/4.1.2 (java windows)
Cache-Control: no-cache
Content-Type: application/json; charset=utf-8
host: localhost:64282
accept: */*

Response DefaultHttpResponse(decodeResult: success, version: HTTP/1.1)
HTTP/1.1 200 OK
Content-Type: application/json; charset=utf-8
cache-control: no-cache
content-length: 18

05:02:28.502 [AsyncHttpClient-1-2] DEBUG org.asynchttpclient.netty.channel.ChannelManager - Adding key: http://localhost:64282 for channel [id: 0x48aae79f, L:/127.0.0.1:64639 - R:localhost/127.0.0.1:64282]
05:02:28.514 [Forwarding getElementTagName on session ebc82c65ea85ad78b5773108b6942809 to remote] DEBUG org.asynchttpclient.netty.request.NettyRequestSender - Using pooled Channel '[id: 0x48aae79f, L:/127.0.0.1:64639 - R:localhost/127.0.0.1:64282]' for 'GET' to 'http://localhost:64282/session/ebc82c65ea85ad78b5773108b6942809/element/51c69a51-76f3-4cb6-9c30-bd8fd06d56b8/name'
05:02:28.514 [Forwarding getElementTagName on session ebc82c65ea85ad78b5773108b6942809 to remote] DEBUG org.asynchttpclient.netty.request.NettyRequestSender - Using open Channel [id: 0x48aae79f, L:/127.0.0.1:64639 - R:localhost/127.0.0.1:64282] for GET '/session/ebc82c65ea85ad78b5773108b6942809/element/51c69a51-76f3-4cb6-9c30-bd8fd06d56b8/name'
05:02:28.522 [AsyncHttpClient-1-2] DEBUG org.asynchttpclient.netty.handler.HttpHandler - 

Request DefaultFullHttpRequest(decodeResult: success, version: HTTP/1.1, content: EmptyByteBufBE)
GET /session/ebc82c65ea85ad78b5773108b6942809/element/51c69a51-76f3-4cb6-9c30-bd8fd06d56b8/name HTTP/1.1
User-Agent: selenium/4.1.2 (java windows)
Cache-Control: no-cache
Content-Type: application/json; charset=utf-8
host: localhost:64282
accept: */*

Response DefaultHttpResponse(decodeResult: success, version: HTTP/1.1)
HTTP/1.1 200 OK
Content-Type: application/json; charset=utf-8
cache-control: no-cache
content-length: 18

05:02:28.523 [AsyncHttpClient-1-2] DEBUG org.asynchttpclient.netty.channel.ChannelManager - Adding key: http://localhost:64282 for channel [id: 0x48aae79f, L:/127.0.0.1:64639 - R:localhost/127.0.0.1:64282]
05:02:28.531 [Forwarding isElementEnabled on session ebc82c65ea85ad78b5773108b6942809 to remote] DEBUG org.asynchttpclient.netty.request.NettyRequestSender - Using pooled Channel '[id: 0x48aae79f, L:/127.0.0.1:64639 - R:localhost/127.0.0.1:64282]' for 'GET' to 'http://localhost:64282/session/ebc82c65ea85ad78b5773108b6942809/element/51c69a51-76f3-4cb6-9c30-bd8fd06d56b8/enabled'
05:02:28.531 [Forwarding isElementEnabled on session ebc82c65ea85ad78b5773108b6942809 to remote] DEBUG org.asynchttpclient.netty.request.NettyRequestSender - Using open Channel [id: 0x48aae79f, L:/127.0.0.1:64639 - R:localhost/127.0.0.1:64282] for GET '/session/ebc82c65ea85ad78b5773108b6942809/element/51c69a51-76f3-4cb6-9c30-bd8fd06d56b8/enabled'
05:02:28.549 [AsyncHttpClient-1-2] DEBUG org.asynchttpclient.netty.handler.HttpHandler - 

Request DefaultFullHttpRequest(decodeResult: success, version: HTTP/1.1, content: EmptyByteBufBE)
GET /session/ebc82c65ea85ad78b5773108b6942809/element/51c69a51-76f3-4cb6-9c30-bd8fd06d56b8/enabled HTTP/1.1
User-Agent: selenium/4.1.2 (java windows)
Cache-Control: no-cache
Content-Type: application/json; charset=utf-8
host: localhost:64282
accept: */*

Response DefaultHttpResponse(decodeResult: success, version: HTTP/1.1)
HTTP/1.1 200 OK
Content-Type: application/json; charset=utf-8
cache-control: no-cache
content-length: 14

05:02:28.549 [AsyncHttpClient-1-2] DEBUG org.asynchttpclient.netty.channel.ChannelManager - Adding key: http://localhost:64282 for channel [id: 0x48aae79f, L:/127.0.0.1:64639 - R:localhost/127.0.0.1:64282]
05:02:28.554 [Forwarding isElementEnabled on session ebc82c65ea85ad78b5773108b6942809 to remote] DEBUG org.asynchttpclient.netty.request.NettyRequestSender - Using pooled Channel '[id: 0x48aae79f, L:/127.0.0.1:64639 - R:localhost/127.0.0.1:64282]' for 'GET' to 'http://localhost:64282/session/ebc82c65ea85ad78b5773108b6942809/element/51c69a51-76f3-4cb6-9c30-bd8fd06d56b8/enabled'
05:02:28.554 [Forwarding isElementEnabled on session ebc82c65ea85ad78b5773108b6942809 to remote] DEBUG org.asynchttpclient.netty.request.NettyRequestSender - Using open Channel [id: 0x48aae79f, L:/127.0.0.1:64639 - R:localhost/127.0.0.1:64282] for GET '/session/ebc82c65ea85ad78b5773108b6942809/element/51c69a51-76f3-4cb6-9c30-bd8fd06d56b8/enabled'
05:02:28.566 [AsyncHttpClient-1-2] DEBUG org.asynchttpclient.netty.handler.HttpHandler - 

Request DefaultFullHttpRequest(decodeResult: success, version: HTTP/1.1, content: EmptyByteBufBE)
GET /session/ebc82c65ea85ad78b5773108b6942809/element/51c69a51-76f3-4cb6-9c30-bd8fd06d56b8/enabled HTTP/1.1
User-Agent: selenium/4.1.2 (java windows)
Cache-Control: no-cache
Content-Type: application/json; charset=utf-8
host: localhost:64282
accept: */*

Response DefaultHttpResponse(decodeResult: success, version: HTTP/1.1)
HTTP/1.1 200 OK
Content-Type: application/json; charset=utf-8
cache-control: no-cache
content-length: 14

05:02:28.566 [AsyncHttpClient-1-2] DEBUG org.asynchttpclient.netty.channel.ChannelManager - Adding key: http://localhost:64282 for channel [id: 0x48aae79f, L:/127.0.0.1:64639 - R:localhost/127.0.0.1:64282]
05:02:28.575 [Forwarding findElement on session ebc82c65ea85ad78b5773108b6942809 to remote] DEBUG org.asynchttpclient.netty.request.NettyRequestSender - Using pooled Channel '[id: 0x48aae79f, L:/127.0.0.1:64639 - R:localhost/127.0.0.1:64282]' for 'POST' to 'http://localhost:64282/session/ebc82c65ea85ad78b5773108b6942809/element'
05:02:28.576 [Forwarding findElement on session ebc82c65ea85ad78b5773108b6942809 to remote] DEBUG org.asynchttpclient.netty.request.NettyRequestSender - Using open Channel [id: 0x48aae79f, L:/127.0.0.1:64639 - R:localhost/127.0.0.1:64282] for POST '/session/ebc82c65ea85ad78b5773108b6942809/element'
05:02:28.591 [AsyncHttpClient-1-2] DEBUG org.asynchttpclient.netty.handler.HttpHandler - 

Request DefaultHttpRequest(decodeResult: success, version: HTTP/1.1)
POST /session/ebc82c65ea85ad78b5773108b6942809/element HTTP/1.1
User-Agent: selenium/4.1.2 (java windows)
Content-Length: 68
Content-Type: application/json; charset=utf-8
host: localhost:64282
accept: */*

Response DefaultHttpResponse(decodeResult: success, version: HTTP/1.1)
HTTP/1.1 200 OK
Content-Type: application/json; charset=utf-8
cache-control: no-cache
content-length: 88

05:02:28.593 [AsyncHttpClient-1-2] DEBUG org.asynchttpclient.netty.channel.ChannelManager - Adding key: http://localhost:64282 for channel [id: 0x48aae79f, L:/127.0.0.1:64639 - R:localhost/127.0.0.1:64282]
05:02:28.597 [Forwarding clickElement on session ebc82c65ea85ad78b5773108b6942809 to remote] DEBUG org.asynchttpclient.netty.request.NettyRequestSender - Using pooled Channel '[id: 0x48aae79f, L:/127.0.0.1:64639 - R:localhost/127.0.0.1:64282]' for 'POST' to 'http://localhost:64282/session/ebc82c65ea85ad78b5773108b6942809/element/51c69a51-76f3-4cb6-9c30-bd8fd06d56b8/click'
05:02:28.598 [Forwarding clickElement on session ebc82c65ea85ad78b5773108b6942809 to remote] DEBUG org.asynchttpclient.netty.request.NettyRequestSender - Using open Channel [id: 0x48aae79f, L:/127.0.0.1:64639 - R:localhost/127.0.0.1:64282] for POST '/session/ebc82c65ea85ad78b5773108b6942809/element/51c69a51-76f3-4cb6-9c30-bd8fd06d56b8/click'
05:02:28.625 [AsyncHttpClient-1-1] DEBUG org.asynchttpclient.netty.channel.DefaultChannelPool - Entry count for : http://localhost:64640 : 1
05:02:29.060 [AsyncHttpClient-1-2] DEBUG org.asynchttpclient.netty.handler.HttpHandler - 

Request DefaultHttpRequest(decodeResult: success, version: HTTP/1.1)
POST /session/ebc82c65ea85ad78b5773108b6942809/element/51c69a51-76f3-4cb6-9c30-bd8fd06d56b8/click HTTP/1.1
User-Agent: selenium/4.1.2 (java windows)
Content-Length: 50
Content-Type: application/json; charset=utf-8
host: localhost:64282
accept: */*

Response DefaultHttpResponse(decodeResult: success, version: HTTP/1.1)
HTTP/1.1 200 OK
Content-Type: application/json; charset=utf-8
cache-control: no-cache
content-length: 14

05:02:29.061 [AsyncHttpClient-1-2] DEBUG org.asynchttpclient.netty.channel.ChannelManager - Adding key: http://localhost:64282 for channel [id: 0x48aae79f, L:/127.0.0.1:64639 - R:localhost/127.0.0.1:64282]
05:02:29.080 [Forwarding screenshot on session ebc82c65ea85ad78b5773108b6942809 to remote] DEBUG org.asynchttpclient.netty.request.NettyRequestSender - Using pooled Channel '[id: 0x48aae79f, L:/127.0.0.1:64639 - R:localhost/127.0.0.1:64282]' for 'GET' to 'http://localhost:64282/session/ebc82c65ea85ad78b5773108b6942809/screenshot'
05:02:29.080 [Forwarding screenshot on session ebc82c65ea85ad78b5773108b6942809 to remote] DEBUG org.asynchttpclient.netty.request.NettyRequestSender - Using open Channel [id: 0x48aae79f, L:/127.0.0.1:64639 - R:localhost/127.0.0.1:64282] for GET '/session/ebc82c65ea85ad78b5773108b6942809/screenshot'
05:02:29.376 [AsyncHttpClient-1-2] DEBUG org.asynchttpclient.netty.handler.HttpHandler - 

Request DefaultFullHttpRequest(decodeResult: success, version: HTTP/1.1, content: EmptyByteBufBE)
GET /session/ebc82c65ea85ad78b5773108b6942809/screenshot HTTP/1.1
User-Agent: selenium/4.1.2 (java windows)
Cache-Control: no-cache
Content-Type: application/json; charset=utf-8
host: localhost:64282
accept: */*

Response DefaultHttpResponse(decodeResult: success, version: HTTP/1.1)
HTTP/1.1 200 OK
Content-Type: application/json; charset=utf-8
cache-control: no-cache
content-length: 130568

05:02:29.378 [AsyncHttpClient-1-2] DEBUG org.asynchttpclient.netty.channel.ChannelManager - Adding key: http://localhost:64282 for channel [id: 0x48aae79f, L:/127.0.0.1:64639 - R:localhost/127.0.0.1:64282]
05:02:29.391 [main] DEBUG net.serenitybdd.core.photography.Darkroom - Send negative for processing for target\site\serenity\c43161e3c16acaf0e6b497b48b40547c2086c23c8a4e9095f224016a9d5972dc.png
05:02:29.392 [main] DEBUG net.thucydides.core.steps.StepInterceptor - STEP DONE: clickSuccessButton
05:02:29.392 [Darkroom Processing Line] DEBUG net.serenitybdd.core.photography.DarkroomProcessingLine - Processing screenshot image in /var/screenshots/screenshot-8352322509512049580
  &amp#27;[32mThen &amp#27;[0m&amp#27;[32mi success login&amp#27;[0m                                                     &amp#27;[90m# starter.stepdefenitions.LoginSteps.successLogin()&amp#27;[0m
05:02:29.392 [Darkroom Processing Line] DEBUG net.serenitybdd.core.photography.DarkroomProcessingLine - Saving screenshot to target\site\serenity\c43161e3c16acaf0e6b497b48b40547c2086c23c8a4e9095f224016a9d5972dc.png
05:02:29.633 [AsyncHttpClient-1-1] DEBUG org.asynchttpclient.netty.channel.DefaultChannelPool - Entry count for : http://localhost:64282 : 1
05:02:29.633 [AsyncHttpClient-1-1] DEBUG org.asynchttpclient.netty.channel.DefaultChannelPool - Entry count for : http://localhost:64640 : 1
05:02:29.833 [Forwarding screenshot on session ebc82c65ea85ad78b5773108b6942809 to remote] DEBUG org.asynchttpclient.netty.request.NettyRequestSender - Using pooled Channel '[id: 0x48aae79f, L:/127.0.0.1:64639 - R:localhost/127.0.0.1:64282]' for 'GET' to 'http://localhost:64282/session/ebc82c65ea85ad78b5773108b6942809/screenshot'
05:02:29.833 [Forwarding screenshot on session ebc82c65ea85ad78b5773108b6942809 to remote] DEBUG org.asynchttpclient.netty.request.NettyRequestSender - Using open Channel [id: 0x48aae79f, L:/127.0.0.1:64639 - R:localhost/127.0.0.1:64282] for GET '/session/ebc82c65ea85ad78b5773108b6942809/screenshot'
05:02:30.157 [AsyncHttpClient-1-2] DEBUG org.asynchttpclient.netty.handler.HttpHandler - 

Request DefaultFullHttpRequest(decodeResult: success, version: HTTP/1.1, content: EmptyByteBufBE)
GET /session/ebc82c65ea85ad78b5773108b6942809/screenshot HTTP/1.1
User-Agent: selenium/4.1.2 (java windows)
Cache-Control: no-cache
Content-Type: application/json; charset=utf-8
host: localhost:64282
accept: */*

Response DefaultHttpResponse(decodeResult: success, version: HTTP/1.1)
HTTP/1.1 200 OK
Content-Type: application/json; charset=utf-8
cache-control: no-cache
content-length: 130568

05:02:30.159 [AsyncHttpClient-1-2] DEBUG org.asynchttpclient.netty.channel.ChannelManager - Adding key: http://localhost:64282 for channel [id: 0x48aae79f, L:/127.0.0.1:64639 - R:localhost/127.0.0.1:64282]
05:02:30.172 [main] DEBUG net.serenitybdd.core.photography.Darkroom - Send negative for processing for target\site\serenity\c43161e3c16acaf0e6b497b48b40547c2086c23c8a4e9095f224016a9d5972dc.png
05:02:30.173 [main] DEBUG net.thucydides.core.steps.StepInterceptor - STARTING STEP: ComplexSteps.adminOnTheHomePage - validationOnHomepage
05:02:30.180 [Forwarding findElement on session ebc82c65ea85ad78b5773108b6942809 to remote] DEBUG org.asynchttpclient.netty.request.NettyRequestSender - Using pooled Channel '[id: 0x48aae79f, L:/127.0.0.1:64639 - R:localhost/127.0.0.1:64282]' for 'POST' to 'http://localhost:64282/session/ebc82c65ea85ad78b5773108b6942809/element'
05:02:30.180 [Forwarding findElement on session ebc82c65ea85ad78b5773108b6942809 to remote] DEBUG org.asynchttpclient.netty.request.NettyRequestSender - Using open Channel [id: 0x48aae79f, L:/127.0.0.1:64639 - R:localhost/127.0.0.1:64282] for POST '/session/ebc82c65ea85ad78b5773108b6942809/element'
05:02:30.205 [AsyncHttpClient-1-2] DEBUG org.asynchttpclient.netty.handler.HttpHandler - 

Request DefaultHttpRequest(decodeResult: success, version: HTTP/1.1)
POST /session/ebc82c65ea85ad78b5773108b6942809/element HTTP/1.1
User-Agent: selenium/4.1.2 (java windows)
Content-Length: 70
Content-Type: application/json; charset=utf-8
host: localhost:64282
accept: */*

Response DefaultHttpResponse(decodeResult: success, version: HTTP/1.1)
HTTP/1.1 200 OK
Content-Type: application/json; charset=utf-8
cache-control: no-cache
content-length: 88

05:02:30.205 [AsyncHttpClient-1-2] DEBUG org.asynchttpclient.netty.channel.ChannelManager - Adding key: http://localhost:64282 for channel [id: 0x48aae79f, L:/127.0.0.1:64639 - R:localhost/127.0.0.1:64282]
05:02:30.213 [Forwarding isElementDisplayed on session ebc82c65ea85ad78b5773108b6942809 to remote] DEBUG org.asynchttpclient.netty.request.NettyRequestSender - Using pooled Channel '[id: 0x48aae79f, L:/127.0.0.1:64639 - R:localhost/127.0.0.1:64282]' for 'POST' to 'http://localhost:64282/session/ebc82c65ea85ad78b5773108b6942809/execute/sync'
05:02:30.214 [Forwarding isElementDisplayed on session ebc82c65ea85ad78b5773108b6942809 to remote] DEBUG org.asynchttpclient.netty.request.NettyRequestSender - Using open Channel [id: 0x48aae79f, L:/127.0.0.1:64639 - R:localhost/127.0.0.1:64282] for POST '/session/ebc82c65ea85ad78b5773108b6942809/execute/sync'
05:02:30.234 [AsyncHttpClient-1-2] DEBUG org.asynchttpclient.netty.handler.HttpHandler - 

Request DefaultHttpRequest(decodeResult: success, version: HTTP/1.1)
POST /session/ebc82c65ea85ad78b5773108b6942809/execute/sync HTTP/1.1
User-Agent: selenium/4.1.2 (java windows)
Content-Length: 48780
Content-Type: application/json; charset=utf-8
host: localhost:64282
accept: */*

Response DefaultHttpResponse(decodeResult: success, version: HTTP/1.1)
HTTP/1.1 200 OK
Content-Type: application/json; charset=utf-8
cache-control: no-cache
content-length: 14

05:02:30.235 [AsyncHttpClient-1-2] DEBUG org.asynchttpclient.netty.channel.ChannelManager - Adding key: http://localhost:64282 for channel [id: 0x48aae79f, L:/127.0.0.1:64639 - R:localhost/127.0.0.1:64282]
05:02:30.246 [Forwarding screenshot on session ebc82c65ea85ad78b5773108b6942809 to remote] DEBUG org.asynchttpclient.netty.request.NettyRequestSender - Using pooled Channel '[id: 0x48aae79f, L:/127.0.0.1:64639 - R:localhost/127.0.0.1:64282]' for 'GET' to 'http://localhost:64282/session/ebc82c65ea85ad78b5773108b6942809/screenshot'
05:02:30.246 [Forwarding screenshot on session ebc82c65ea85ad78b5773108b6942809 to remote] DEBUG org.asynchttpclient.netty.request.NettyRequestSender - Using open Channel [id: 0x48aae79f, L:/127.0.0.1:64639 - R:localhost/127.0.0.1:64282] for GET '/session/ebc82c65ea85ad78b5773108b6942809/screenshot'
05:02:30.535 [AsyncHttpClient-1-2] DEBUG org.asynchttpclient.netty.handler.HttpHandler - 

Request DefaultFullHttpRequest(decodeResult: success, version: HTTP/1.1, content: EmptyByteBufBE)
GET /session/ebc82c65ea85ad78b5773108b6942809/screenshot HTTP/1.1
User-Agent: selenium/4.1.2 (java windows)
Cache-Control: no-cache
Content-Type: application/json; charset=utf-8
host: localhost:64282
accept: */*

Response DefaultHttpResponse(decodeResult: success, version: HTTP/1.1)
HTTP/1.1 200 OK
Content-Type: application/json; charset=utf-8
cache-control: no-cache
content-length: 130568

05:02:30.537 [AsyncHttpClient-1-2] DEBUG org.asynchttpclient.netty.channel.ChannelManager - Adding key: http://localhost:64282 for channel [id: 0x48aae79f, L:/127.0.0.1:64639 - R:localhost/127.0.0.1:64282]
05:02:30.550 [main] DEBUG net.serenitybdd.core.photography.Darkroom - Send negative for processing for target\site\serenity\c43161e3c16acaf0e6b497b48b40547c2086c23c8a4e9095f224016a9d5972dc.png
05:02:30.550 [main] DEBUG net.thucydides.core.steps.StepInterceptor - STEP DONE: validationOnHomepage
  &amp#27;[32mGiven &amp#27;[0m&amp#27;[32madmin on the home page&amp#27;[0m                                             &amp#27;[90m# starter.stepdefenitions.ComplexSteps.adminOnTheHomePage()&amp#27;[0m
05:02:30.769 [AsyncHttpClient-1-1] DEBUG org.asynchttpclient.netty.channel.DefaultChannelPool - Entry count for : http://localhost:64282 : 1
05:02:30.769 [AsyncHttpClient-1-1] DEBUG org.asynchttpclient.netty.channel.DefaultChannelPool - Entry count for : http://localhost:64640 : 1
05:02:30.906 [Forwarding screenshot on session ebc82c65ea85ad78b5773108b6942809 to remote] DEBUG org.asynchttpclient.netty.request.NettyRequestSender - Using pooled Channel '[id: 0x48aae79f, L:/127.0.0.1:64639 - R:localhost/127.0.0.1:64282]' for 'GET' to 'http://localhost:64282/session/ebc82c65ea85ad78b5773108b6942809/screenshot'
05:02:30.906 [Forwarding screenshot on session ebc82c65ea85ad78b5773108b6942809 to remote] DEBUG org.asynchttpclient.netty.request.NettyRequestSender - Using open Channel [id: 0x48aae79f, L:/127.0.0.1:64639 - R:localhost/127.0.0.1:64282] for GET '/session/ebc82c65ea85ad78b5773108b6942809/screenshot'
05:02:31.159 [AsyncHttpClient-1-2] DEBUG org.asynchttpclient.netty.handler.HttpHandler - 

Request DefaultFullHttpRequest(decodeResult: success, version: HTTP/1.1, content: EmptyByteBufBE)
GET /session/ebc82c65ea85ad78b5773108b6942809/screenshot HTTP/1.1
User-Agent: selenium/4.1.2 (java windows)
Cache-Control: no-cache
Content-Type: application/json; charset=utf-8
host: localhost:64282
accept: */*

Response DefaultHttpResponse(decodeResult: success, version: HTTP/1.1)
HTTP/1.1 200 OK
Content-Type: application/json; charset=utf-8
cache-control: no-cache
content-length: 130568

05:02:31.160 [AsyncHttpClient-1-2] DEBUG org.asynchttpclient.netty.channel.ChannelManager - Adding key: http://localhost:64282 for channel [id: 0x48aae79f, L:/127.0.0.1:64639 - R:localhost/127.0.0.1:64282]
05:02:31.173 [main] DEBUG net.serenitybdd.core.photography.Darkroom - Send negative for processing for target\site\serenity\c43161e3c16acaf0e6b497b48b40547c2086c23c8a4e9095f224016a9d5972dc.png
05:02:31.174 [main] DEBUG net.thucydides.core.steps.StepInterceptor - STARTING STEP: BuildingSteps.iClickBuildingOnHomePage - toBuildingPage
05:02:31.182 [Forwarding findElement on session ebc82c65ea85ad78b5773108b6942809 to remote] DEBUG org.asynchttpclient.netty.request.NettyRequestSender - Using pooled Channel '[id: 0x48aae79f, L:/127.0.0.1:64639 - R:localhost/127.0.0.1:64282]' for 'POST' to 'http://localhost:64282/session/ebc82c65ea85ad78b5773108b6942809/element'
05:02:31.183 [Forwarding findElement on session ebc82c65ea85ad78b5773108b6942809 to remote] DEBUG org.asynchttpclient.netty.request.NettyRequestSender - Using open Channel [id: 0x48aae79f, L:/127.0.0.1:64639 - R:localhost/127.0.0.1:64282] for POST '/session/ebc82c65ea85ad78b5773108b6942809/element'
05:02:31.206 [AsyncHttpClient-1-2] DEBUG org.asynchttpclient.netty.handler.HttpHandler - 

Request DefaultHttpRequest(decodeResult: success, version: HTTP/1.1)
POST /session/ebc82c65ea85ad78b5773108b6942809/element HTTP/1.1
User-Agent: selenium/4.1.2 (java windows)
Content-Length: 74
Content-Type: application/json; charset=utf-8
host: localhost:64282
accept: */*

Response DefaultHttpResponse(decodeResult: success, version: HTTP/1.1)
HTTP/1.1 200 OK
Content-Type: application/json; charset=utf-8
cache-control: no-cache
content-length: 88

05:02:31.207 [AsyncHttpClient-1-2] DEBUG org.asynchttpclient.netty.channel.ChannelManager - Adding key: http://localhost:64282 for channel [id: 0x48aae79f, L:/127.0.0.1:64639 - R:localhost/127.0.0.1:64282]
05:02:31.212 [Forwarding getElementTagName on session ebc82c65ea85ad78b5773108b6942809 to remote] DEBUG org.asynchttpclient.netty.request.NettyRequestSender - Using pooled Channel '[id: 0x48aae79f, L:/127.0.0.1:64639 - R:localhost/127.0.0.1:64282]' for 'GET' to 'http://localhost:64282/session/ebc82c65ea85ad78b5773108b6942809/element/ae447157-9ff4-4535-af3e-be17001dd91e/name'
05:02:31.213 [Forwarding getElementTagName on session ebc82c65ea85ad78b5773108b6942809 to remote] DEBUG org.asynchttpclient.netty.request.NettyRequestSender - Using open Channel [id: 0x48aae79f, L:/127.0.0.1:64639 - R:localhost/127.0.0.1:64282] for GET '/session/ebc82c65ea85ad78b5773108b6942809/element/ae447157-9ff4-4535-af3e-be17001dd91e/name'
05:02:31.224 [AsyncHttpClient-1-2] DEBUG org.asynchttpclient.netty.handler.HttpHandler - 

Request DefaultFullHttpRequest(decodeResult: success, version: HTTP/1.1, content: EmptyByteBufBE)
GET /session/ebc82c65ea85ad78b5773108b6942809/element/ae447157-9ff4-4535-af3e-be17001dd91e/name HTTP/1.1
User-Agent: selenium/4.1.2 (java windows)
Cache-Control: no-cache
Content-Type: application/json; charset=utf-8
host: localhost:64282
accept: */*

Response DefaultHttpResponse(decodeResult: success, version: HTTP/1.1)
HTTP/1.1 200 OK
Content-Type: application/json; charset=utf-8
cache-control: no-cache
content-length: 13

05:02:31.225 [AsyncHttpClient-1-2] DEBUG org.asynchttpclient.netty.channel.ChannelManager - Adding key: http://localhost:64282 for channel [id: 0x48aae79f, L:/127.0.0.1:64639 - R:localhost/127.0.0.1:64282]
05:02:31.228 [Forwarding getElementTagName on session ebc82c65ea85ad78b5773108b6942809 to remote] DEBUG org.asynchttpclient.netty.request.NettyRequestSender - Using pooled Channel '[id: 0x48aae79f, L:/127.0.0.1:64639 - R:localhost/127.0.0.1:64282]' for 'GET' to 'http://localhost:64282/session/ebc82c65ea85ad78b5773108b6942809/element/ae447157-9ff4-4535-af3e-be17001dd91e/name'
05:02:31.228 [Forwarding getElementTagName on session ebc82c65ea85ad78b5773108b6942809 to remote] DEBUG org.asynchttpclient.netty.request.NettyRequestSender - Using open Channel [id: 0x48aae79f, L:/127.0.0.1:64639 - R:localhost/127.0.0.1:64282] for GET '/session/ebc82c65ea85ad78b5773108b6942809/element/ae447157-9ff4-4535-af3e-be17001dd91e/name'
05:02:31.234 [AsyncHttpClient-1-2] DEBUG org.asynchttpclient.netty.handler.HttpHandler - 

Request DefaultFullHttpRequest(decodeResult: success, version: HTTP/1.1, content: EmptyByteBufBE)
GET /session/ebc82c65ea85ad78b5773108b6942809/element/ae447157-9ff4-4535-af3e-be17001dd91e/name HTTP/1.1
User-Agent: selenium/4.1.2 (java windows)
Cache-Control: no-cache
Content-Type: application/json; charset=utf-8
host: localhost:64282
accept: */*

Response DefaultHttpResponse(decodeResult: success, version: HTTP/1.1)
HTTP/1.1 200 OK
Content-Type: application/json; charset=utf-8
cache-control: no-cache
content-length: 13

05:02:31.234 [AsyncHttpClient-1-2] DEBUG org.asynchttpclient.netty.channel.ChannelManager - Adding key: http://localhost:64282 for channel [id: 0x48aae79f, L:/127.0.0.1:64639 - R:localhost/127.0.0.1:64282]
05:02:31.239 [Forwarding findElement on session ebc82c65ea85ad78b5773108b6942809 to remote] DEBUG org.asynchttpclient.netty.request.NettyRequestSender - Using pooled Channel '[id: 0x48aae79f, L:/127.0.0.1:64639 - R:localhost/127.0.0.1:64282]' for 'POST' to 'http://localhost:64282/session/ebc82c65ea85ad78b5773108b6942809/element'
05:02:31.240 [Forwarding findElement on session ebc82c65ea85ad78b5773108b6942809 to remote] DEBUG org.asynchttpclient.netty.request.NettyRequestSender - Using open Channel [id: 0x48aae79f, L:/127.0.0.1:64639 - R:localhost/127.0.0.1:64282] for POST '/session/ebc82c65ea85ad78b5773108b6942809/element'
05:02:31.253 [AsyncHttpClient-1-2] DEBUG org.asynchttpclient.netty.handler.HttpHandler - 

Request DefaultHttpRequest(decodeResult: success, version: HTTP/1.1)
POST /session/ebc82c65ea85ad78b5773108b6942809/element HTTP/1.1
User-Agent: selenium/4.1.2 (java windows)
Content-Length: 74
Content-Type: application/json; charset=utf-8
host: localhost:64282
accept: */*

Response DefaultHttpResponse(decodeResult: success, version: HTTP/1.1)
HTTP/1.1 200 OK
Content-Type: application/json; charset=utf-8
cache-control: no-cache
content-length: 88

05:02:31.253 [AsyncHttpClient-1-2] DEBUG org.asynchttpclient.netty.channel.ChannelManager - Adding key: http://localhost:64282 for channel [id: 0x48aae79f, L:/127.0.0.1:64639 - R:localhost/127.0.0.1:64282]
05:02:31.256 [Forwarding clickElement on session ebc82c65ea85ad78b5773108b6942809 to remote] DEBUG org.asynchttpclient.netty.request.NettyRequestSender - Using pooled Channel '[id: 0x48aae79f, L:/127.0.0.1:64639 - R:localhost/127.0.0.1:64282]' for 'POST' to 'http://localhost:64282/session/ebc82c65ea85ad78b5773108b6942809/element/ae447157-9ff4-4535-af3e-be17001dd91e/click'
05:02:31.257 [Forwarding clickElement on session ebc82c65ea85ad78b5773108b6942809 to remote] DEBUG org.asynchttpclient.netty.request.NettyRequestSender - Using open Channel [id: 0x48aae79f, L:/127.0.0.1:64639 - R:localhost/127.0.0.1:64282] for POST '/session/ebc82c65ea85ad78b5773108b6942809/element/ae447157-9ff4-4535-af3e-be17001dd91e/click'
05:02:31.430 [AsyncHttpClient-1-2] DEBUG org.asynchttpclient.netty.handler.HttpHandler - 

Request DefaultHttpRequest(decodeResult: success, version: HTTP/1.1)
POST /session/ebc82c65ea85ad78b5773108b6942809/element/ae447157-9ff4-4535-af3e-be17001dd91e/click HTTP/1.1
User-Agent: selenium/4.1.2 (java windows)
Content-Length: 50
Content-Type: application/json; charset=utf-8
host: localhost:64282
accept: */*

Response DefaultHttpResponse(decodeResult: success, version: HTTP/1.1)
HTTP/1.1 200 OK
Content-Type: application/json; charset=utf-8
cache-control: no-cache
content-length: 14

05:02:31.430 [AsyncHttpClient-1-2] DEBUG org.asynchttpclient.netty.channel.ChannelManager - Adding key: http://localhost:64282 for channel [id: 0x48aae79f, L:/127.0.0.1:64639 - R:localhost/127.0.0.1:64282]
05:02:31.447 [Forwarding screenshot on session ebc82c65ea85ad78b5773108b6942809 to remote] DEBUG org.asynchttpclient.netty.request.NettyRequestSender - Using pooled Channel '[id: 0x48aae79f, L:/127.0.0.1:64639 - R:localhost/127.0.0.1:64282]' for 'GET' to 'http://localhost:64282/session/ebc82c65ea85ad78b5773108b6942809/screenshot'
05:02:31.448 [Forwarding screenshot on session ebc82c65ea85ad78b5773108b6942809 to remote] DEBUG org.asynchttpclient.netty.request.NettyRequestSender - Using open Channel [id: 0x48aae79f, L:/127.0.0.1:64639 - R:localhost/127.0.0.1:64282] for GET '/session/ebc82c65ea85ad78b5773108b6942809/screenshot'
05:02:31.720 [AsyncHttpClient-1-2] DEBUG org.asynchttpclient.netty.handler.HttpHandler - 

Request DefaultFullHttpRequest(decodeResult: success, version: HTTP/1.1, content: EmptyByteBufBE)
GET /session/ebc82c65ea85ad78b5773108b6942809/screenshot HTTP/1.1
User-Agent: selenium/4.1.2 (java windows)
Cache-Control: no-cache
Content-Type: application/json; charset=utf-8
host: localhost:64282
accept: */*

Response DefaultHttpResponse(decodeResult: success, version: HTTP/1.1)
HTTP/1.1 200 OK
Content-Type: application/json; charset=utf-8
cache-control: no-cache
content-length: 56504

05:02:31.721 [AsyncHttpClient-1-2] DEBUG org.asynchttpclient.netty.channel.ChannelManager - Adding key: http://localhost:64282 for channel [id: 0x48aae79f, L:/127.0.0.1:64639 - R:localhost/127.0.0.1:64282]
05:02:31.731 [main] DEBUG net.serenitybdd.core.photography.Darkroom - Send negative for processing for target\site\serenity\afdaba35cf5ef4da5cdfc2da6ba377c9389ec2df5e152e370be672376afc5247.png
05:02:31.731 [main] DEBUG net.thucydides.core.steps.StepInterceptor - STEP DONE: toBuildingPage
  &amp#27;[32mWhen &amp#27;[0m&amp#27;[32mI click building on home page&amp#27;[0m                                       &amp#27;[90m# starter.stepdefenitions.BuildingSteps.iClickBuildingOnHomePage()&amp#27;[0m
05:02:31.732 [Darkroom Processing Line] DEBUG net.serenitybdd.core.photography.DarkroomProcessingLine - Processing screenshot image in /var/screenshots/screenshot-8384510539615820126
05:02:31.732 [Darkroom Processing Line] DEBUG net.serenitybdd.core.photography.DarkroomProcessingLine - Saving screenshot to target\site\serenity\afdaba35cf5ef4da5cdfc2da6ba377c9389ec2df5e152e370be672376afc5247.png
05:02:31.773 [main] DEBUG net.thucydides.core.steps.StepInterceptor - STARTING STEP: BuildingSteps.iCanSeeListBuilding - onBuildingPage
05:02:31.783 [Forwarding findElement on session ebc82c65ea85ad78b5773108b6942809 to remote] DEBUG org.asynchttpclient.netty.request.NettyRequestSender - Using pooled Channel '[id: 0x48aae79f, L:/127.0.0.1:64639 - R:localhost/127.0.0.1:64282]' for 'POST' to 'http://localhost:64282/session/ebc82c65ea85ad78b5773108b6942809/element'
05:02:31.784 [Forwarding findElement on session ebc82c65ea85ad78b5773108b6942809 to remote] DEBUG org.asynchttpclient.netty.request.NettyRequestSender - Using open Channel [id: 0x48aae79f, L:/127.0.0.1:64639 - R:localhost/127.0.0.1:64282] for POST '/session/ebc82c65ea85ad78b5773108b6942809/element'
05:02:31.836 [AsyncHttpClient-1-1] DEBUG org.asynchttpclient.netty.channel.DefaultChannelPool - Entry count for : http://localhost:64640 : 1
05:02:31.871 [AsyncHttpClient-1-2] DEBUG org.asynchttpclient.netty.handler.HttpHandler - 

Request DefaultHttpRequest(decodeResult: success, version: HTTP/1.1)
POST /session/ebc82c65ea85ad78b5773108b6942809/element HTTP/1.1
User-Agent: selenium/4.1.2 (java windows)
Content-Length: 92
Content-Type: application/json; charset=utf-8
host: localhost:64282
accept: */*

Response DefaultHttpResponse(decodeResult: success, version: HTTP/1.1)
HTTP/1.1 200 OK
Content-Type: application/json; charset=utf-8
cache-control: no-cache
content-length: 88

05:02:31.872 [AsyncHttpClient-1-2] DEBUG org.asynchttpclient.netty.channel.ChannelManager - Adding key: http://localhost:64282 for channel [id: 0x48aae79f, L:/127.0.0.1:64639 - R:localhost/127.0.0.1:64282]
05:02:31.887 [Forwarding isElementDisplayed on session ebc82c65ea85ad78b5773108b6942809 to remote] DEBUG org.asynchttpclient.netty.request.NettyRequestSender - Using pooled Channel '[id: 0x48aae79f, L:/127.0.0.1:64639 - R:localhost/127.0.0.1:64282]' for 'POST' to 'http://localhost:64282/session/ebc82c65ea85ad78b5773108b6942809/execute/sync'
05:02:31.887 [Forwarding isElementDisplayed on session ebc82c65ea85ad78b5773108b6942809 to remote] DEBUG org.asynchttpclient.netty.request.NettyRequestSender - Using open Channel [id: 0x48aae79f, L:/127.0.0.1:64639 - R:localhost/127.0.0.1:64282] for POST '/session/ebc82c65ea85ad78b5773108b6942809/execute/sync'
05:02:31.912 [AsyncHttpClient-1-2] DEBUG org.asynchttpclient.netty.handler.HttpHandler - 

Request DefaultHttpRequest(decodeResult: success, version: HTTP/1.1)
POST /session/ebc82c65ea85ad78b5773108b6942809/execute/sync HTTP/1.1
User-Agent: selenium/4.1.2 (java windows)
Content-Length: 48780
Content-Type: application/json; charset=utf-8
host: localhost:64282
accept: */*

Response DefaultHttpResponse(decodeResult: success, version: HTTP/1.1)
HTTP/1.1 200 OK
Content-Type: application/json; charset=utf-8
cache-control: no-cache
content-length: 14

05:02:31.913 [AsyncHttpClient-1-2] DEBUG org.asynchttpclient.netty.channel.ChannelManager - Adding key: http://localhost:64282 for channel [id: 0x48aae79f, L:/127.0.0.1:64639 - R:localhost/127.0.0.1:64282]
05:02:31.925 [Forwarding screenshot on session ebc82c65ea85ad78b5773108b6942809 to remote] DEBUG org.asynchttpclient.netty.request.NettyRequestSender - Using pooled Channel '[id: 0x48aae79f, L:/127.0.0.1:64639 - R:localhost/127.0.0.1:64282]' for 'GET' to 'http://localhost:64282/session/ebc82c65ea85ad78b5773108b6942809/screenshot'
05:02:31.925 [Forwarding screenshot on session ebc82c65ea85ad78b5773108b6942809 to remote] DEBUG org.asynchttpclient.netty.request.NettyRequestSender - Using open Channel [id: 0x48aae79f, L:/127.0.0.1:64639 - R:localhost/127.0.0.1:64282] for GET '/session/ebc82c65ea85ad78b5773108b6942809/screenshot'
05:02:32.285 [AsyncHttpClient-1-2] DEBUG org.asynchttpclient.netty.handler.HttpHandler - 

Request DefaultFullHttpRequest(decodeResult: success, version: HTTP/1.1, content: EmptyByteBufBE)
GET /session/ebc82c65ea85ad78b5773108b6942809/screenshot HTTP/1.1
User-Agent: selenium/4.1.2 (java windows)
Cache-Control: no-cache
Content-Type: application/json; charset=utf-8
host: localhost:64282
accept: */*

Response DefaultHttpResponse(decodeResult: success, version: HTTP/1.1)
HTTP/1.1 200 OK
Content-Type: application/json; charset=utf-8
cache-control: no-cache
content-length: 125376

05:02:32.288 [AsyncHttpClient-1-2] DEBUG org.asynchttpclient.netty.channel.ChannelManager - Adding key: http://localhost:64282 for channel [id: 0x48aae79f, L:/127.0.0.1:64639 - R:localhost/127.0.0.1:64282]
05:02:32.304 [main] DEBUG net.serenitybdd.core.photography.Darkroom - Send negative for processing for target\site\serenity\c839a9fde8705c6d7245d42694b3362024c670e8ae82a5e21046481bd6b97a1b.png
05:02:32.305 [main] DEBUG net.thucydides.core.steps.StepInterceptor - STEP DONE: onBuildingPage
05:02:32.305 [Darkroom Processing Line] DEBUG net.serenitybdd.core.photography.DarkroomProcessingLine - Processing screenshot image in /var/screenshots/screenshot-5760984541792926948
05:02:32.305 [Darkroom Processing Line] DEBUG net.serenitybdd.core.photography.DarkroomProcessingLine - Saving screenshot to target\site\serenity\c839a9fde8705c6d7245d42694b3362024c670e8ae82a5e21046481bd6b97a1b.png
  &amp#27;[32mThen &amp#27;[0m&amp#27;[32mI can see list building&amp#27;[0m                                             &amp#27;[90m# starter.stepdefenitions.BuildingSteps.iCanSeeListBuilding()&amp#27;[0m
05:02:32.322 [main] INFO  - 
  _____   ___   ___   _____     ___     _     ___   ___   ___   ___  
 |_   _| | __| / __| |_   _|   | _ \   /_\   / __| / __| | __| |   \ 
   | |   | _|  \__ \   | |     |  _/  / _ \  \__ \ \__ \ | _|  | |) |
   |_|   |___| |___/   |_|     |_|   /_/ \_\ |___/ |___/ |___| |___/ 

As admin i have be able success to see building on building page
----------------------------------------------------------------------
05:02:32.687 [Driver Command Executor] DEBUG org.asynchttpclient.netty.request.NettyRequestSender - Using pooled Channel '[id: 0x48aae79f, L:/127.0.0.1:64639 - R:localhost/127.0.0.1:64282]' for 'DELETE' to 'http://localhost:64282/session/ebc82c65ea85ad78b5773108b6942809'
05:02:32.687 [Driver Command Executor] DEBUG org.asynchttpclient.netty.request.NettyRequestSender - Using open Channel [id: 0x48aae79f, L:/127.0.0.1:64639 - R:localhost/127.0.0.1:64282] for DELETE '/session/ebc82c65ea85ad78b5773108b6942809'
05:02:32.688 [AsyncHttpClient-1-4] DEBUG org.asynchttpclient.netty.handler.WebSocketHandler - Channel Closed: [id: 0xa58c85fc, L:/127.0.0.1:64649 ! R:localhost/127.0.0.1:64640] with attribute NettyResponseFuture{currentRetry=5,
	isDone=1,
	isCancelled=0,
	asyncHandler=org.asynchttpclient.ws.WebSocketUpgradeHandler@220dcf07,
	nettyRequest=org.asynchttpclient.netty.request.NettyRequest@4d469a3,
	future=java.util.concurrent.CompletableFuture@671ca8ca[Completed normally],
	uri=ws://localhost:64640/devtools/browser/53d492ed-557b-4a9a-aeea-50e5ae2b1b8c,
	keepAlive=true,
	redirectCount=0,
	timeoutsHolder=null,
	inAuth=0,
	touch=1658095338092}
05:02:32.689 [AsyncHttpClient-1-4] DEBUG org.asynchttpclient.netty.channel.ChannelManager - Closing Channel [id: 0xa58c85fc, L:/127.0.0.1:64649 ! R:localhost/127.0.0.1:64640] 
05:02:32.936 [AsyncHttpClient-1-1] DEBUG org.asynchttpclient.netty.channel.DefaultChannelPool - Entry count for : http://localhost:64640 : 1
05:02:34.055 [AsyncHttpClient-1-1] DEBUG org.asynchttpclient.netty.channel.DefaultChannelPool - Entry count for : http://localhost:64640 : 1
05:02:35.362 [AsyncHttpClient-1-1] DEBUG org.asynchttpclient.netty.channel.DefaultChannelPool - Entry count for : http://localhost:64640 : 1
05:02:36.502 [AsyncHttpClient-1-1] DEBUG org.asynchttpclient.netty.channel.DefaultChannelPool - Entry count for : http://localhost:64640 : 1
05:02:37.546 [AsyncHttpClient-1-1] DEBUG org.asynchttpclient.netty.channel.DefaultChannelPool - Entry count for : http://localhost:64640 : 1
05:02:38.636 [AsyncHttpClient-1-1] DEBUG org.asynchttpclient.netty.channel.DefaultChannelPool - Entry count for : http://localhost:64640 : 1
05:02:39.734 [AsyncHttpClient-1-1] DEBUG org.asynchttpclient.netty.channel.DefaultChannelPool - Entry count for : http://localhost:64640 : 1
05:02:40.522 [AsyncHttpClient-1-3] DEBUG org.asynchttpclient.netty.handler.HttpHandler - Unexpected I/O exception on channel [id: 0xaf457077, L:/127.0.0.1:64648 - R:localhost/127.0.0.1:64640]
java.io.IOException: An existing connection was forcibly closed by the remote host
	at sun.nio.ch.SocketDispatcher.read0(Native Method)
	at sun.nio.ch.SocketDispatcher.read(SocketDispatcher.java:43)
	at sun.nio.ch.IOUtil.readIntoNativeBuffer(IOUtil.java:223)
	at sun.nio.ch.IOUtil.read(IOUtil.java:192)
	at sun.nio.ch.SocketChannelImpl.read(SocketChannelImpl.java:378)
	at io.netty.buffer.PooledByteBuf.setBytes(PooledByteBuf.java:258)
	at io.netty.buffer.AbstractByteBuf.writeBytes(AbstractByteBuf.java:1132)
	at io.netty.channel.socket.nio.NioSocketChannel.doReadBytes(NioSocketChannel.java:350)
	at io.netty.channel.nio.AbstractNioByteChannel$NioByteUnsafe.read(AbstractNioByteChannel.java:151)
	at io.netty.channel.nio.NioEventLoop.processSelectedKey(NioEventLoop.java:722)
	at io.netty.channel.nio.NioEventLoop.processSelectedKeysOptimized(NioEventLoop.java:658)
	at io.netty.channel.nio.NioEventLoop.processSelectedKeys(NioEventLoop.java:584)
	at io.netty.channel.nio.NioEventLoop.run(NioEventLoop.java:496)
	at io.netty.util.concurrent.SingleThreadEventExecutor$4.run(SingleThreadEventExecutor.java:986)
	at io.netty.util.internal.ThreadExecutorMap$2.run(ThreadExecutorMap.java:74)
	at io.netty.util.concurrent.FastThreadLocalRunnable.run(FastThreadLocalRunnable.java:30)
	at java.lang.Thread.run(Thread.java:750)
05:02:40.522 [AsyncHttpClient-1-3] DEBUG org.asynchttpclient.netty.channel.ChannelManager - Closing Channel [id: 0xaf457077, L:/127.0.0.1:64648 - R:localhost/127.0.0.1:64640] 
05:02:40.526 [AsyncHttpClient-1-3] DEBUG org.asynchttpclient.netty.handler.HttpHandler - Channel Closed: [id: 0xaf457077, L:/127.0.0.1:64648 ! R:localhost/127.0.0.1:64640] with attribute DISCARD
05:02:40.668 [AsyncHttpClient-1-2] DEBUG org.asynchttpclient.netty.handler.HttpHandler - 

Request DefaultFullHttpRequest(decodeResult: success, version: HTTP/1.1, content: EmptyByteBufBE)
DELETE /session/ebc82c65ea85ad78b5773108b6942809 HTTP/1.1
User-Agent: selenium/4.1.2 (java windows)
Content-Type: application/json; charset=utf-8
host: localhost:64282
accept: */*

Response DefaultHttpResponse(decodeResult: success, version: HTTP/1.1)
HTTP/1.1 200 OK
Content-Type: application/json; charset=utf-8
cache-control: no-cache
content-length: 14

05:02:40.668 [AsyncHttpClient-1-2] DEBUG org.asynchttpclient.netty.channel.ChannelManager - Adding key: http://localhost:64282 for channel [id: 0x48aae79f, L:/127.0.0.1:64639 - R:localhost/127.0.0.1:64282]
05:02:40.779 [AsyncHttpClient-1-2] DEBUG org.asynchttpclient.netty.handler.HttpHandler - Channel Closed: [id: 0x48aae79f, L:/127.0.0.1:64639 ! R:localhost/127.0.0.1:64282] with attribute DISCARD
05:02:40.833 [AsyncHttpClient-1-1] DEBUG org.asynchttpclient.netty.channel.DefaultChannelPool - Entry count for : http://localhost:64282 : 1
05:02:40.833 [AsyncHttpClient-1-1] DEBUG org.asynchttpclient.netty.channel.DefaultChannelPool - Entry count for : http://localhost:64640 : 1
05:02:40.833 [AsyncHttpClient-1-1] DEBUG org.asynchttpclient.netty.channel.DefaultChannelPool - Adding Candidate expired Channel [id: 0x48aae79f, L:/127.0.0.1:64639 ! R:localhost/127.0.0.1:64282] isIdleTimeoutExpired=false isRemotelyClosed=true isTtlExpired=false
05:02:40.833 [AsyncHttpClient-1-1] DEBUG org.asynchttpclient.netty.channel.DefaultChannelPool - Closing Idle Channel [id: 0x48aae79f, L:/127.0.0.1:64639 ! R:localhost/127.0.0.1:64282]
05:02:40.833 [AsyncHttpClient-1-1] DEBUG org.asynchttpclient.netty.channel.DefaultChannelPool - Adding Candidate expired Channel [id: 0xaf457077, L:/127.0.0.1:64648 ! R:localhost/127.0.0.1:64640] isIdleTimeoutExpired=false isRemotelyClosed=true isTtlExpired=false
05:02:40.833 [AsyncHttpClient-1-1] DEBUG org.asynchttpclient.netty.channel.DefaultChannelPool - Closing Idle Channel [id: 0xaf457077, L:/127.0.0.1:64648 ! R:localhost/127.0.0.1:64640]
05:02:40.833 [AsyncHttpClient-1-1] DEBUG org.asynchttpclient.netty.channel.DefaultChannelPool - Closed 2 connections out of 2 in 0 ms
]]></system-out>
    <system-err><![CDATA[Starting ChromeDriver 103.0.5060.53 (a1711811edd74ff1cf2150f36ffa3b0dae40b17f-refs/branch-heads/5060@{#853}) on port 64282
Only local connections are allowed.
Please see https://chromedriver.chromium.org/security-considerations for suggestions on keeping ChromeDriver safe.
ChromeDriver was started successfully.
Jul 18, 2022 5:02:17 AM org.openqa.selenium.remote.ProtocolHandshake createSession
INFO: Detected dialect: W3C
Jul 18, 2022 5:02:18 AM org.openqa.selenium.devtools.CdpVersionFinder findNearestMatch
WARNING: Unable to find an exact match for CDP version 103, so returning the closest version found: a no-op implementation
Jul 18, 2022 5:02:18 AM org.openqa.selenium.devtools.CdpVersionFinder findNearestMatch
INFO: Unable to find CDP implementation matching 103.
Jul 18, 2022 5:02:18 AM org.openqa.selenium.chromium.ChromiumDriver lambda$new$3
WARNING: Unable to find version of CDP to use for . You may need to include a dependency on a specific version of the CDP using something similar to `org.seleniumhq.selenium:selenium-devtools-v86:4.1.2` where the version ("v86") matches the version of the chromium-based browser you're using and the version number of the artifact is the same as Selenium's.
]]></system-err>
  </testcase>
  <testcase name="As admin i have be able success to create new building" classname="As admin I want to see details building on building page" time="26.555">
    <system-out><![CDATA[
@building @feature @positifBuild
Scenario: As admin i have be able success to create new building &amp#27;[90m# src/test/resources/features/Building.feature:18&amp#27;[0m
05:02:41.677 [main] INFO io.cucumber.core.plugin.SerenityReporter - Running feature from file:///D:/kampus%20merdeka/QE_Capstone%20Kanbo/capstone/web/src/test/resources/features/Building.feature
05:02:41.682 [main] INFO  - 
  _____   ___   ___   _____     ___   _____     _     ___   _____   ___   ___  
 |_   _| | __| / __| |_   _|   / __| |_   _|   /_\   | _ \ |_   _| | __| |   \ 
   | |   | _|  \__ \   | |     \__ \   | |    / _ \  |   /   | |   | _|  | |) |
   |_|   |___| |___/   |_|     |___/   |_|   /_/ \_\ |_|_\   |_|   |___| |___/ 

As admin i have be able success to create new building(as-admin-i-want-to-see-details-building-on-building-page;as-admin-i-have-be-able-success-to-create-new-building)
--------------------------------------------------------------------------------
05:02:41.739 [main] DEBUG net.thucydides.core.steps.StepInterceptor - STARTING STEP: LoginSteps.onLoginPage - openPage
05:02:41.745 [main] INFO net.serenitybdd.core.webdriver.driverproviders.ChromeDriverProvider - Using automatically driver download
05:02:42.081 [main] DEBUG io.github.bonigarcia.wdm.cache.ResolutionCache - Resolution chrome=103 in cache (valid until 05:51:31 18/07/2022 ICT)
05:02:42.094 [main] DEBUG io.github.bonigarcia.wdm.cache.ResolutionCache - Resolution chrome103=103.0.5060.53 in cache (valid until 03:51:18 19/07/2022 ICT)
05:02:42.099 [main] INFO io.github.bonigarcia.wdm.WebDriverManager - Using chromedriver 103.0.5060.53 (resolved driver for Chrome 103)
05:02:42.133 [main] DEBUG io.github.bonigarcia.wdm.WebDriverManager - Driver chromedriver 103.0.5060.53 found in cache
05:02:42.145 [main] INFO io.github.bonigarcia.wdm.WebDriverManager - Exporting webdriver.chrome.driver as C:\Users\Admin\.cache\selenium\chromedriver\win32\103.0.5060.53\chromedriver.exe
05:02:42.482 [main] DEBUG net.serenitybdd.core.webdriver.driverproviders.ProvideNewDriver - Instantiating driver
05:02:42.482 [main] DEBUG net.serenitybdd.core.webdriver.driverproviders.ProvideNewDriver - Driver capabilities: Capabilities {acceptInsecureCerts: false, base.url: https://kanbo.netlify.app/, browserName: chrome, chrome.driver: src/test/resources/webdrive..., driver: chrome, goog:chromeOptions: {args: [], extensions: []}}
05:02:43.601 [AsyncHttpClient-1-5] DEBUG org.asynchttpclient.netty.channel.NettyConnectListener - Using new Channel '[id: 0x6a8d0d46, L:/127.0.0.1:64672 - R:localhost/127.0.0.1:56111]' for 'POST' to '/session'
05:02:44.756 [AsyncHttpClient-1-5] DEBUG org.asynchttpclient.netty.handler.HttpHandler - 

Request DefaultHttpRequest(decodeResult: success, version: HTTP/1.1)
POST /session HTTP/1.1
User-Agent: selenium/4.1.2 (java windows)
Content-Length: 612
Content-Type: application/json; charset=utf-8
host: localhost:56111
accept: */*

Response DefaultHttpResponse(decodeResult: success, version: HTTP/1.1)
HTTP/1.1 200 OK
Content-Type: application/json; charset=utf-8
cache-control: no-cache
content-length: 789

05:02:44.756 [AsyncHttpClient-1-5] DEBUG org.asynchttpclient.netty.channel.ChannelManager - Adding key: http://localhost:56111 for channel [id: 0x6a8d0d46, L:/127.0.0.1:64672 - R:localhost/127.0.0.1:56111]
05:02:44.861 [AsyncHttpClient-1-6] DEBUG org.asynchttpclient.netty.channel.NettyConnectListener - Using new Channel '[id: 0xc8b85d05, L:/127.0.0.1:64679 - R:localhost/127.0.0.1:64673]' for 'GET' to '/json/version'
05:02:44.863 [AsyncHttpClient-1-6] DEBUG org.asynchttpclient.netty.handler.HttpHandler - 

Request DefaultFullHttpRequest(decodeResult: success, version: HTTP/1.1, content: EmptyByteBufBE)
GET /json/version HTTP/1.1
User-Agent: selenium/4.1.2 (java windows)
host: localhost:64673
accept: */*

Response DefaultHttpResponse(decodeResult: success, version: HTTP/1.1)
HTTP/1.1 200 OK
Content-Type: application/json; charset=UTF-8
content-length: 429

05:02:44.863 [AsyncHttpClient-1-6] DEBUG org.asynchttpclient.netty.channel.ChannelManager - Adding key: http://localhost:64673 for channel [id: 0xc8b85d05, L:/127.0.0.1:64679 - R:localhost/127.0.0.1:64673]
05:02:44.876 [AsyncHttpClient-1-7] DEBUG org.asynchttpclient.netty.channel.NettyConnectListener - Using new Channel '[id: 0x1e822ed4, L:/127.0.0.1:64680 - R:localhost/127.0.0.1:64673]' for 'GET' to '/devtools/browser/b5d9856e-ff4b-46e6-b38f-edfe3399bc40'
05:02:44.880 [AsyncHttpClient-1-7] DEBUG org.asynchttpclient.netty.handler.WebSocketHandler - 

Request DefaultFullHttpRequest(decodeResult: success, version: HTTP/1.1, content: EmptyByteBufBE)
GET /devtools/browser/b5d9856e-ff4b-46e6-b38f-edfe3399bc40 HTTP/1.1
upgrade: websocket
connection: upgrade
sec-websocket-key: veCTGXvB5vUhzrrM1glviw==
sec-websocket-version: 13
origin: http://localhost:64673
host: localhost:64673
accept: */*
user-agent: AHC/2.1

Response DefaultHttpResponse(decodeResult: success, version: HTTP/1.1)
HTTP/1.1 101 WebSocket Protocol Handshake
Upgrade: WebSocket
Connection: Upgrade
Sec-WebSocket-Accept: e4BbZhO/iNUArC6bOjBGXrWdXEo=

05:02:44.892 [Forwarding setCurrentWindowSize on session d77979fe3f716d98305f495fe70ad0d7 to remote] DEBUG org.asynchttpclient.netty.request.NettyRequestSender - Using pooled Channel '[id: 0x6a8d0d46, L:/127.0.0.1:64672 - R:localhost/127.0.0.1:56111]' for 'POST' to 'http://localhost:56111/session/d77979fe3f716d98305f495fe70ad0d7/window/rect'
05:02:44.892 [Forwarding setCurrentWindowSize on session d77979fe3f716d98305f495fe70ad0d7 to remote] DEBUG org.asynchttpclient.netty.request.NettyRequestSender - Using open Channel [id: 0x6a8d0d46, L:/127.0.0.1:64672 - R:localhost/127.0.0.1:56111] for POST '/session/d77979fe3f716d98305f495fe70ad0d7/window/rect'
05:02:45.026 [AsyncHttpClient-1-5] DEBUG org.asynchttpclient.netty.handler.HttpHandler - 

Request DefaultHttpRequest(decodeResult: success, version: HTTP/1.1)
POST /session/d77979fe3f716d98305f495fe70ad0d7/window/rect HTTP/1.1
User-Agent: selenium/4.1.2 (java windows)
Content-Length: 37
Content-Type: application/json; charset=utf-8
host: localhost:56111
accept: */*

Response DefaultHttpResponse(decodeResult: success, version: HTTP/1.1)
HTTP/1.1 200 OK
Content-Type: application/json; charset=utf-8
cache-control: no-cache
content-length: 51

05:02:45.026 [AsyncHttpClient-1-5] DEBUG org.asynchttpclient.netty.channel.ChannelManager - Adding key: http://localhost:56111 for channel [id: 0x6a8d0d46, L:/127.0.0.1:64672 - R:localhost/127.0.0.1:56111]
05:02:45.029 [Forwarding setWindowPosition on session d77979fe3f716d98305f495fe70ad0d7 to remote] DEBUG org.asynchttpclient.netty.request.NettyRequestSender - Using pooled Channel '[id: 0x6a8d0d46, L:/127.0.0.1:64672 - R:localhost/127.0.0.1:56111]' for 'POST' to 'http://localhost:56111/session/d77979fe3f716d98305f495fe70ad0d7/window/rect'
05:02:45.029 [Forwarding setWindowPosition on session d77979fe3f716d98305f495fe70ad0d7 to remote] DEBUG org.asynchttpclient.netty.request.NettyRequestSender - Using open Channel [id: 0x6a8d0d46, L:/127.0.0.1:64672 - R:localhost/127.0.0.1:56111] for POST '/session/d77979fe3f716d98305f495fe70ad0d7/window/rect'
05:02:45.146 [AsyncHttpClient-1-5] DEBUG org.asynchttpclient.netty.handler.HttpHandler - 

Request DefaultHttpRequest(decodeResult: success, version: HTTP/1.1)
POST /session/d77979fe3f716d98305f495fe70ad0d7/window/rect HTTP/1.1
User-Agent: selenium/4.1.2 (java windows)
Content-Length: 22
Content-Type: application/json; charset=utf-8
host: localhost:56111
accept: */*

Response DefaultHttpResponse(decodeResult: success, version: HTTP/1.1)
HTTP/1.1 200 OK
Content-Type: application/json; charset=utf-8
cache-control: no-cache
content-length: 49

05:02:45.146 [AsyncHttpClient-1-5] DEBUG org.asynchttpclient.netty.channel.ChannelManager - Adding key: http://localhost:56111 for channel [id: 0x6a8d0d46, L:/127.0.0.1:64672 - R:localhost/127.0.0.1:56111]
05:02:45.148 [Forwarding get on session d77979fe3f716d98305f495fe70ad0d7 to remote] DEBUG org.asynchttpclient.netty.request.NettyRequestSender - Using pooled Channel '[id: 0x6a8d0d46, L:/127.0.0.1:64672 - R:localhost/127.0.0.1:56111]' for 'POST' to 'http://localhost:56111/session/d77979fe3f716d98305f495fe70ad0d7/url'
05:02:45.148 [Forwarding get on session d77979fe3f716d98305f495fe70ad0d7 to remote] DEBUG org.asynchttpclient.netty.request.NettyRequestSender - Using open Channel [id: 0x6a8d0d46, L:/127.0.0.1:64672 - R:localhost/127.0.0.1:56111] for POST '/session/d77979fe3f716d98305f495fe70ad0d7/url'
05:02:45.238 [AsyncHttpClient-1-1] DEBUG org.asynchttpclient.netty.channel.DefaultChannelPool - Entry count for : http://localhost:64673 : 1
05:02:46.349 [AsyncHttpClient-1-1] DEBUG org.asynchttpclient.netty.channel.DefaultChannelPool - Entry count for : http://localhost:64673 : 1
05:02:46.869 [AsyncHttpClient-1-5] DEBUG org.asynchttpclient.netty.handler.HttpHandler - 

Request DefaultHttpRequest(decodeResult: success, version: HTTP/1.1)
POST /session/d77979fe3f716d98305f495fe70ad0d7/url HTTP/1.1
User-Agent: selenium/4.1.2 (java windows)
Content-Length: 56
Content-Type: application/json; charset=utf-8
host: localhost:56111
accept: */*

Response DefaultHttpResponse(decodeResult: success, version: HTTP/1.1)
HTTP/1.1 200 OK
Content-Type: application/json; charset=utf-8
cache-control: no-cache
content-length: 14

05:02:46.870 [AsyncHttpClient-1-5] DEBUG org.asynchttpclient.netty.channel.ChannelManager - Adding key: http://localhost:56111 for channel [id: 0x6a8d0d46, L:/127.0.0.1:64672 - R:localhost/127.0.0.1:56111]
05:02:46.873 [Forwarding setTimeout on session d77979fe3f716d98305f495fe70ad0d7 to remote] DEBUG org.asynchttpclient.netty.request.NettyRequestSender - Using pooled Channel '[id: 0x6a8d0d46, L:/127.0.0.1:64672 - R:localhost/127.0.0.1:56111]' for 'POST' to 'http://localhost:56111/session/d77979fe3f716d98305f495fe70ad0d7/timeouts'
05:02:46.874 [Forwarding setTimeout on session d77979fe3f716d98305f495fe70ad0d7 to remote] DEBUG org.asynchttpclient.netty.request.NettyRequestSender - Using open Channel [id: 0x6a8d0d46, L:/127.0.0.1:64672 - R:localhost/127.0.0.1:56111] for POST '/session/d77979fe3f716d98305f495fe70ad0d7/timeouts'
05:02:46.879 [AsyncHttpClient-1-5] DEBUG org.asynchttpclient.netty.handler.HttpHandler - 

Request DefaultHttpRequest(decodeResult: success, version: HTTP/1.1)
POST /session/d77979fe3f716d98305f495fe70ad0d7/timeouts HTTP/1.1
User-Agent: selenium/4.1.2 (java windows)
Content-Length: 22
Content-Type: application/json; charset=utf-8
host: localhost:56111
accept: */*

Response DefaultHttpResponse(decodeResult: success, version: HTTP/1.1)
HTTP/1.1 200 OK
Content-Type: application/json; charset=utf-8
cache-control: no-cache
content-length: 14

05:02:46.879 [AsyncHttpClient-1-5] DEBUG org.asynchttpclient.netty.channel.ChannelManager - Adding key: http://localhost:56111 for channel [id: 0x6a8d0d46, L:/127.0.0.1:64672 - R:localhost/127.0.0.1:56111]
05:02:46.892 [Forwarding getCurrentUrl on session d77979fe3f716d98305f495fe70ad0d7 to remote] DEBUG org.asynchttpclient.netty.request.NettyRequestSender - Using pooled Channel '[id: 0x6a8d0d46, L:/127.0.0.1:64672 - R:localhost/127.0.0.1:56111]' for 'GET' to 'http://localhost:56111/session/d77979fe3f716d98305f495fe70ad0d7/url'
05:02:46.892 [Forwarding getCurrentUrl on session d77979fe3f716d98305f495fe70ad0d7 to remote] DEBUG org.asynchttpclient.netty.request.NettyRequestSender - Using open Channel [id: 0x6a8d0d46, L:/127.0.0.1:64672 - R:localhost/127.0.0.1:56111] for GET '/session/d77979fe3f716d98305f495fe70ad0d7/url'
05:02:46.927 [AsyncHttpClient-1-5] DEBUG org.asynchttpclient.netty.handler.HttpHandler - 

Request DefaultFullHttpRequest(decodeResult: success, version: HTTP/1.1, content: EmptyByteBufBE)
GET /session/d77979fe3f716d98305f495fe70ad0d7/url HTTP/1.1
User-Agent: selenium/4.1.2 (java windows)
Cache-Control: no-cache
Content-Type: application/json; charset=utf-8
host: localhost:56111
accept: */*

Response DefaultHttpResponse(decodeResult: success, version: HTTP/1.1)
HTTP/1.1 200 OK
Content-Type: application/json; charset=utf-8
cache-control: no-cache
content-length: 38

05:02:46.927 [AsyncHttpClient-1-5] DEBUG org.asynchttpclient.netty.channel.ChannelManager - Adding key: http://localhost:56111 for channel [id: 0x6a8d0d46, L:/127.0.0.1:64672 - R:localhost/127.0.0.1:56111]
05:02:46.938 [Forwarding getCurrentUrl on session d77979fe3f716d98305f495fe70ad0d7 to remote] DEBUG org.asynchttpclient.netty.request.NettyRequestSender - Using pooled Channel '[id: 0x6a8d0d46, L:/127.0.0.1:64672 - R:localhost/127.0.0.1:56111]' for 'GET' to 'http://localhost:56111/session/d77979fe3f716d98305f495fe70ad0d7/url'
05:02:46.938 [Forwarding getCurrentUrl on session d77979fe3f716d98305f495fe70ad0d7 to remote] DEBUG org.asynchttpclient.netty.request.NettyRequestSender - Using open Channel [id: 0x6a8d0d46, L:/127.0.0.1:64672 - R:localhost/127.0.0.1:56111] for GET '/session/d77979fe3f716d98305f495fe70ad0d7/url'
05:02:46.951 [AsyncHttpClient-1-5] DEBUG org.asynchttpclient.netty.handler.HttpHandler - 

Request DefaultFullHttpRequest(decodeResult: success, version: HTTP/1.1, content: EmptyByteBufBE)
GET /session/d77979fe3f716d98305f495fe70ad0d7/url HTTP/1.1
User-Agent: selenium/4.1.2 (java windows)
Cache-Control: no-cache
Content-Type: application/json; charset=utf-8
host: localhost:56111
accept: */*

Response DefaultHttpResponse(decodeResult: success, version: HTTP/1.1)
HTTP/1.1 200 OK
Content-Type: application/json; charset=utf-8
cache-control: no-cache
content-length: 38

05:02:46.952 [AsyncHttpClient-1-5] DEBUG org.asynchttpclient.netty.channel.ChannelManager - Adding key: http://localhost:56111 for channel [id: 0x6a8d0d46, L:/127.0.0.1:64672 - R:localhost/127.0.0.1:56111]
05:02:46.969 [Forwarding screenshot on session d77979fe3f716d98305f495fe70ad0d7 to remote] DEBUG org.asynchttpclient.netty.request.NettyRequestSender - Using pooled Channel '[id: 0x6a8d0d46, L:/127.0.0.1:64672 - R:localhost/127.0.0.1:56111]' for 'GET' to 'http://localhost:56111/session/d77979fe3f716d98305f495fe70ad0d7/screenshot'
05:02:46.970 [Forwarding screenshot on session d77979fe3f716d98305f495fe70ad0d7 to remote] DEBUG org.asynchttpclient.netty.request.NettyRequestSender - Using open Channel [id: 0x6a8d0d46, L:/127.0.0.1:64672 - R:localhost/127.0.0.1:56111] for GET '/session/d77979fe3f716d98305f495fe70ad0d7/screenshot'
05:02:47.374 [AsyncHttpClient-1-5] DEBUG org.asynchttpclient.netty.handler.HttpHandler - 

Request DefaultFullHttpRequest(decodeResult: success, version: HTTP/1.1, content: EmptyByteBufBE)
GET /session/d77979fe3f716d98305f495fe70ad0d7/screenshot HTTP/1.1
User-Agent: selenium/4.1.2 (java windows)
Cache-Control: no-cache
Content-Type: application/json; charset=utf-8
host: localhost:56111
accept: */*

Response DefaultHttpResponse(decodeResult: success, version: HTTP/1.1)
HTTP/1.1 200 OK
Content-Type: application/json; charset=utf-8
cache-control: no-cache
content-length: 226248

05:02:47.378 [AsyncHttpClient-1-5] DEBUG org.asynchttpclient.netty.channel.ChannelManager - Adding key: http://localhost:56111 for channel [id: 0x6a8d0d46, L:/127.0.0.1:64672 - R:localhost/127.0.0.1:56111]
05:02:47.403 [main] DEBUG net.serenitybdd.core.photography.Darkroom - Send negative for processing for target\site\serenity\2a5d2923b4b494a1ff0aeab781315180ab4dee3f7e8111246690078773e5a5c9.png
05:02:47.404 [main] DEBUG net.thucydides.core.steps.StepInterceptor - STEP DONE: openPage
05:02:47.425 [main] DEBUG net.thucydides.core.steps.StepInterceptor - STARTING STEP: LoginSteps.onLoginPage - validationOnloginPage
05:02:47.432 [Forwarding findElement on session d77979fe3f716d98305f495fe70ad0d7 to remote] DEBUG org.asynchttpclient.netty.request.NettyRequestSender - Using pooled Channel '[id: 0x6a8d0d46, L:/127.0.0.1:64672 - R:localhost/127.0.0.1:56111]' for 'POST' to 'http://localhost:56111/session/d77979fe3f716d98305f495fe70ad0d7/element'
05:02:47.432 [Forwarding findElement on session d77979fe3f716d98305f495fe70ad0d7 to remote] DEBUG org.asynchttpclient.netty.request.NettyRequestSender - Using open Channel [id: 0x6a8d0d46, L:/127.0.0.1:64672 - R:localhost/127.0.0.1:56111] for POST '/session/d77979fe3f716d98305f495fe70ad0d7/element'
05:02:47.435 [AsyncHttpClient-1-1] DEBUG org.asynchttpclient.netty.channel.DefaultChannelPool - Entry count for : http://localhost:64673 : 1
05:02:47.466 [AsyncHttpClient-1-5] DEBUG org.asynchttpclient.netty.handler.HttpHandler - 

Request DefaultHttpRequest(decodeResult: success, version: HTTP/1.1)
POST /session/d77979fe3f716d98305f495fe70ad0d7/element HTTP/1.1
User-Agent: selenium/4.1.2 (java windows)
Content-Length: 66
Content-Type: application/json; charset=utf-8
host: localhost:56111
accept: */*

Response DefaultHttpResponse(decodeResult: success, version: HTTP/1.1)
HTTP/1.1 200 OK
Content-Type: application/json; charset=utf-8
cache-control: no-cache
content-length: 88

05:02:47.466 [AsyncHttpClient-1-5] DEBUG org.asynchttpclient.netty.channel.ChannelManager - Adding key: http://localhost:56111 for channel [id: 0x6a8d0d46, L:/127.0.0.1:64672 - R:localhost/127.0.0.1:56111]
05:02:47.476 [Forwarding isElementDisplayed on session d77979fe3f716d98305f495fe70ad0d7 to remote] DEBUG org.asynchttpclient.netty.request.NettyRequestSender - Using pooled Channel '[id: 0x6a8d0d46, L:/127.0.0.1:64672 - R:localhost/127.0.0.1:56111]' for 'POST' to 'http://localhost:56111/session/d77979fe3f716d98305f495fe70ad0d7/execute/sync'
05:02:47.476 [Forwarding isElementDisplayed on session d77979fe3f716d98305f495fe70ad0d7 to remote] DEBUG org.asynchttpclient.netty.request.NettyRequestSender - Using open Channel [id: 0x6a8d0d46, L:/127.0.0.1:64672 - R:localhost/127.0.0.1:56111] for POST '/session/d77979fe3f716d98305f495fe70ad0d7/execute/sync'
05:02:47.517 [AsyncHttpClient-1-5] DEBUG org.asynchttpclient.netty.handler.HttpHandler - 

Request DefaultHttpRequest(decodeResult: success, version: HTTP/1.1)
POST /session/d77979fe3f716d98305f495fe70ad0d7/execute/sync HTTP/1.1
User-Agent: selenium/4.1.2 (java windows)
Content-Length: 48780
Content-Type: application/json; charset=utf-8
host: localhost:56111
accept: */*

Response DefaultHttpResponse(decodeResult: success, version: HTTP/1.1)
HTTP/1.1 200 OK
Content-Type: application/json; charset=utf-8
cache-control: no-cache
content-length: 14

05:02:47.518 [AsyncHttpClient-1-5] DEBUG org.asynchttpclient.netty.channel.ChannelManager - Adding key: http://localhost:56111 for channel [id: 0x6a8d0d46, L:/127.0.0.1:64672 - R:localhost/127.0.0.1:56111]
05:02:47.533 [Forwarding screenshot on session d77979fe3f716d98305f495fe70ad0d7 to remote] DEBUG org.asynchttpclient.netty.request.NettyRequestSender - Using pooled Channel '[id: 0x6a8d0d46, L:/127.0.0.1:64672 - R:localhost/127.0.0.1:56111]' for 'GET' to 'http://localhost:56111/session/d77979fe3f716d98305f495fe70ad0d7/screenshot'
05:02:47.534 [Forwarding screenshot on session d77979fe3f716d98305f495fe70ad0d7 to remote] DEBUG org.asynchttpclient.netty.request.NettyRequestSender - Using open Channel [id: 0x6a8d0d46, L:/127.0.0.1:64672 - R:localhost/127.0.0.1:56111] for GET '/session/d77979fe3f716d98305f495fe70ad0d7/screenshot'
05:02:47.928 [AsyncHttpClient-1-5] DEBUG org.asynchttpclient.netty.handler.HttpHandler - 

Request DefaultFullHttpRequest(decodeResult: success, version: HTTP/1.1, content: EmptyByteBufBE)
GET /session/d77979fe3f716d98305f495fe70ad0d7/screenshot HTTP/1.1
User-Agent: selenium/4.1.2 (java windows)
Cache-Control: no-cache
Content-Type: application/json; charset=utf-8
host: localhost:56111
accept: */*

Response DefaultHttpResponse(decodeResult: success, version: HTTP/1.1)
HTTP/1.1 200 OK
Content-Type: application/json; charset=utf-8
cache-control: no-cache
content-length: 226248

05:02:47.931 [AsyncHttpClient-1-5] DEBUG org.asynchttpclient.netty.channel.ChannelManager - Adding key: http://localhost:56111 for channel [id: 0x6a8d0d46, L:/127.0.0.1:64672 - R:localhost/127.0.0.1:56111]
05:02:47.955 [main] DEBUG net.serenitybdd.core.photography.Darkroom - Send negative for processing for target\site\serenity\2a5d2923b4b494a1ff0aeab781315180ab4dee3f7e8111246690078773e5a5c9.png
05:02:47.955 [main] DEBUG net.thucydides.core.steps.StepInterceptor - STEP DONE: validationOnloginPage
  &amp#27;[32mGiven &amp#27;[0m&amp#27;[32mi am on the login page&amp#27;[0m                                   &amp#27;[90m# starter.stepdefenitions.LoginSteps.onLoginPage()&amp#27;[0m
05:02:48.005 [main] DEBUG net.thucydides.core.steps.StepInterceptor - STARTING STEP: LoginSteps.inputValidEmail - inputEmail
05:02:48.014 [Forwarding findElement on session d77979fe3f716d98305f495fe70ad0d7 to remote] DEBUG org.asynchttpclient.netty.request.NettyRequestSender - Using pooled Channel '[id: 0x6a8d0d46, L:/127.0.0.1:64672 - R:localhost/127.0.0.1:56111]' for 'POST' to 'http://localhost:56111/session/d77979fe3f716d98305f495fe70ad0d7/element'
05:02:48.015 [Forwarding findElement on session d77979fe3f716d98305f495fe70ad0d7 to remote] DEBUG org.asynchttpclient.netty.request.NettyRequestSender - Using open Channel [id: 0x6a8d0d46, L:/127.0.0.1:64672 - R:localhost/127.0.0.1:56111] for POST '/session/d77979fe3f716d98305f495fe70ad0d7/element'
05:02:48.041 [AsyncHttpClient-1-5] DEBUG org.asynchttpclient.netty.handler.HttpHandler - 

Request DefaultHttpRequest(decodeResult: success, version: HTTP/1.1)
POST /session/d77979fe3f716d98305f495fe70ad0d7/element HTTP/1.1
User-Agent: selenium/4.1.2 (java windows)
Content-Length: 76
Content-Type: application/json; charset=utf-8
host: localhost:56111
accept: */*

Response DefaultHttpResponse(decodeResult: success, version: HTTP/1.1)
HTTP/1.1 200 OK
Content-Type: application/json; charset=utf-8
cache-control: no-cache
content-length: 88

05:02:48.042 [AsyncHttpClient-1-5] DEBUG org.asynchttpclient.netty.channel.ChannelManager - Adding key: http://localhost:56111 for channel [id: 0x6a8d0d46, L:/127.0.0.1:64672 - R:localhost/127.0.0.1:56111]
05:02:48.048 [Forwarding clearElement on session d77979fe3f716d98305f495fe70ad0d7 to remote] DEBUG org.asynchttpclient.netty.request.NettyRequestSender - Using pooled Channel '[id: 0x6a8d0d46, L:/127.0.0.1:64672 - R:localhost/127.0.0.1:56111]' for 'POST' to 'http://localhost:56111/session/d77979fe3f716d98305f495fe70ad0d7/element/0939162e-b3cf-4524-a76a-93224bfa3ac1/clear'
05:02:48.048 [Forwarding clearElement on session d77979fe3f716d98305f495fe70ad0d7 to remote] DEBUG org.asynchttpclient.netty.request.NettyRequestSender - Using open Channel [id: 0x6a8d0d46, L:/127.0.0.1:64672 - R:localhost/127.0.0.1:56111] for POST '/session/d77979fe3f716d98305f495fe70ad0d7/element/0939162e-b3cf-4524-a76a-93224bfa3ac1/clear'
05:02:48.137 [AsyncHttpClient-1-5] DEBUG org.asynchttpclient.netty.handler.HttpHandler - 

Request DefaultHttpRequest(decodeResult: success, version: HTTP/1.1)
POST /session/d77979fe3f716d98305f495fe70ad0d7/element/0939162e-b3cf-4524-a76a-93224bfa3ac1/clear HTTP/1.1
User-Agent: selenium/4.1.2 (java windows)
Content-Length: 50
Content-Type: application/json; charset=utf-8
host: localhost:56111
accept: */*

Response DefaultHttpResponse(decodeResult: success, version: HTTP/1.1)
HTTP/1.1 200 OK
Content-Type: application/json; charset=utf-8
cache-control: no-cache
content-length: 14

05:02:48.137 [AsyncHttpClient-1-5] DEBUG org.asynchttpclient.netty.channel.ChannelManager - Adding key: http://localhost:56111 for channel [id: 0x6a8d0d46, L:/127.0.0.1:64672 - R:localhost/127.0.0.1:56111]
05:02:48.144 [Forwarding sendKeysToElement on session d77979fe3f716d98305f495fe70ad0d7 to remote] DEBUG org.asynchttpclient.netty.request.NettyRequestSender - Using pooled Channel '[id: 0x6a8d0d46, L:/127.0.0.1:64672 - R:localhost/127.0.0.1:56111]' for 'POST' to 'http://localhost:56111/session/d77979fe3f716d98305f495fe70ad0d7/element/0939162e-b3cf-4524-a76a-93224bfa3ac1/value'
05:02:48.144 [Forwarding sendKeysToElement on session d77979fe3f716d98305f495fe70ad0d7 to remote] DEBUG org.asynchttpclient.netty.request.NettyRequestSender - Using open Channel [id: 0x6a8d0d46, L:/127.0.0.1:64672 - R:localhost/127.0.0.1:56111] for POST '/session/d77979fe3f716d98305f495fe70ad0d7/element/0939162e-b3cf-4524-a76a-93224bfa3ac1/value'
05:02:48.398 [AsyncHttpClient-1-5] DEBUG org.asynchttpclient.netty.handler.HttpHandler - 

Request DefaultHttpRequest(decodeResult: success, version: HTTP/1.1)
POST /session/d77979fe3f716d98305f495fe70ad0d7/element/0939162e-b3cf-4524-a76a-93224bfa3ac1/value HTTP/1.1
User-Agent: selenium/4.1.2 (java windows)
Content-Length: 261
Content-Type: application/json; charset=utf-8
host: localhost:56111
accept: */*

Response DefaultHttpResponse(decodeResult: success, version: HTTP/1.1)
HTTP/1.1 200 OK
Content-Type: application/json; charset=utf-8
cache-control: no-cache
content-length: 14

05:02:48.399 [AsyncHttpClient-1-5] DEBUG org.asynchttpclient.netty.channel.ChannelManager - Adding key: http://localhost:56111 for channel [id: 0x6a8d0d46, L:/127.0.0.1:64672 - R:localhost/127.0.0.1:56111]
05:02:48.414 [Forwarding screenshot on session d77979fe3f716d98305f495fe70ad0d7 to remote] DEBUG org.asynchttpclient.netty.request.NettyRequestSender - Using pooled Channel '[id: 0x6a8d0d46, L:/127.0.0.1:64672 - R:localhost/127.0.0.1:56111]' for 'GET' to 'http://localhost:56111/session/d77979fe3f716d98305f495fe70ad0d7/screenshot'
05:02:48.414 [Forwarding screenshot on session d77979fe3f716d98305f495fe70ad0d7 to remote] DEBUG org.asynchttpclient.netty.request.NettyRequestSender - Using open Channel [id: 0x6a8d0d46, L:/127.0.0.1:64672 - R:localhost/127.0.0.1:56111] for GET '/session/d77979fe3f716d98305f495fe70ad0d7/screenshot'
05:02:48.537 [AsyncHttpClient-1-1] DEBUG org.asynchttpclient.netty.channel.DefaultChannelPool - Entry count for : http://localhost:64673 : 1
05:02:48.791 [AsyncHttpClient-1-5] DEBUG org.asynchttpclient.netty.handler.HttpHandler - 

Request DefaultFullHttpRequest(decodeResult: success, version: HTTP/1.1, content: EmptyByteBufBE)
GET /session/d77979fe3f716d98305f495fe70ad0d7/screenshot HTTP/1.1
User-Agent: selenium/4.1.2 (java windows)
Cache-Control: no-cache
Content-Type: application/json; charset=utf-8
host: localhost:56111
accept: */*

Response DefaultHttpResponse(decodeResult: success, version: HTTP/1.1)
HTTP/1.1 200 OK
Content-Type: application/json; charset=utf-8
cache-control: no-cache
content-length: 231396

05:02:48.794 [AsyncHttpClient-1-5] DEBUG org.asynchttpclient.netty.channel.ChannelManager - Adding key: http://localhost:56111 for channel [id: 0x6a8d0d46, L:/127.0.0.1:64672 - R:localhost/127.0.0.1:56111]
05:02:48.816 [main] DEBUG net.serenitybdd.core.photography.Darkroom - Send negative for processing for target\site\serenity\b3868473e2b79f40f8dab620f33c839d85b92d940d318baf66bea1557b15d68d.png
05:02:48.817 [main] DEBUG net.thucydides.core.steps.StepInterceptor - STEP DONE: inputEmail
  &amp#27;[32mWhen &amp#27;[0m&amp#27;[32mi input valid email&amp#27;[0m                                       &amp#27;[90m# starter.stepdefenitions.LoginSteps.inputValidEmail()&amp#27;[0m
05:02:48.861 [main] DEBUG net.thucydides.core.steps.StepInterceptor - STARTING STEP: LoginSteps.inputValidPassword - showPass
05:02:48.871 [Forwarding findElement on session d77979fe3f716d98305f495fe70ad0d7 to remote] DEBUG org.asynchttpclient.netty.request.NettyRequestSender - Using pooled Channel '[id: 0x6a8d0d46, L:/127.0.0.1:64672 - R:localhost/127.0.0.1:56111]' for 'POST' to 'http://localhost:56111/session/d77979fe3f716d98305f495fe70ad0d7/element'
05:02:48.871 [Forwarding findElement on session d77979fe3f716d98305f495fe70ad0d7 to remote] DEBUG org.asynchttpclient.netty.request.NettyRequestSender - Using open Channel [id: 0x6a8d0d46, L:/127.0.0.1:64672 - R:localhost/127.0.0.1:56111] for POST '/session/d77979fe3f716d98305f495fe70ad0d7/element'
05:02:48.896 [AsyncHttpClient-1-5] DEBUG org.asynchttpclient.netty.handler.HttpHandler - 

Request DefaultHttpRequest(decodeResult: success, version: HTTP/1.1)
POST /session/d77979fe3f716d98305f495fe70ad0d7/element HTTP/1.1
User-Agent: selenium/4.1.2 (java windows)
Content-Length: 95
Content-Type: application/json; charset=utf-8
host: localhost:56111
accept: */*

Response DefaultHttpResponse(decodeResult: success, version: HTTP/1.1)
HTTP/1.1 200 OK
Content-Type: application/json; charset=utf-8
cache-control: no-cache
content-length: 88

05:02:48.897 [AsyncHttpClient-1-5] DEBUG org.asynchttpclient.netty.channel.ChannelManager - Adding key: http://localhost:56111 for channel [id: 0x6a8d0d46, L:/127.0.0.1:64672 - R:localhost/127.0.0.1:56111]
05:02:48.900 [Forwarding getElementTagName on session d77979fe3f716d98305f495fe70ad0d7 to remote] DEBUG org.asynchttpclient.netty.request.NettyRequestSender - Using pooled Channel '[id: 0x6a8d0d46, L:/127.0.0.1:64672 - R:localhost/127.0.0.1:56111]' for 'GET' to 'http://localhost:56111/session/d77979fe3f716d98305f495fe70ad0d7/element/5f100f02-b21c-45b8-97db-a3b6d1c9fac9/name'
05:02:48.901 [Forwarding getElementTagName on session d77979fe3f716d98305f495fe70ad0d7 to remote] DEBUG org.asynchttpclient.netty.request.NettyRequestSender - Using open Channel [id: 0x6a8d0d46, L:/127.0.0.1:64672 - R:localhost/127.0.0.1:56111] for GET '/session/d77979fe3f716d98305f495fe70ad0d7/element/5f100f02-b21c-45b8-97db-a3b6d1c9fac9/name'
05:02:48.910 [AsyncHttpClient-1-5] DEBUG org.asynchttpclient.netty.handler.HttpHandler - 

Request DefaultFullHttpRequest(decodeResult: success, version: HTTP/1.1, content: EmptyByteBufBE)
GET /session/d77979fe3f716d98305f495fe70ad0d7/element/5f100f02-b21c-45b8-97db-a3b6d1c9fac9/name HTTP/1.1
User-Agent: selenium/4.1.2 (java windows)
Cache-Control: no-cache
Content-Type: application/json; charset=utf-8
host: localhost:56111
accept: */*

Response DefaultHttpResponse(decodeResult: success, version: HTTP/1.1)
HTTP/1.1 200 OK
Content-Type: application/json; charset=utf-8
cache-control: no-cache
content-length: 16

05:02:48.910 [AsyncHttpClient-1-5] DEBUG org.asynchttpclient.netty.channel.ChannelManager - Adding key: http://localhost:56111 for channel [id: 0x6a8d0d46, L:/127.0.0.1:64672 - R:localhost/127.0.0.1:56111]
05:02:48.915 [Forwarding getElementTagName on session d77979fe3f716d98305f495fe70ad0d7 to remote] DEBUG org.asynchttpclient.netty.request.NettyRequestSender - Using pooled Channel '[id: 0x6a8d0d46, L:/127.0.0.1:64672 - R:localhost/127.0.0.1:56111]' for 'GET' to 'http://localhost:56111/session/d77979fe3f716d98305f495fe70ad0d7/element/5f100f02-b21c-45b8-97db-a3b6d1c9fac9/name'
05:02:48.915 [Forwarding getElementTagName on session d77979fe3f716d98305f495fe70ad0d7 to remote] DEBUG org.asynchttpclient.netty.request.NettyRequestSender - Using open Channel [id: 0x6a8d0d46, L:/127.0.0.1:64672 - R:localhost/127.0.0.1:56111] for GET '/session/d77979fe3f716d98305f495fe70ad0d7/element/5f100f02-b21c-45b8-97db-a3b6d1c9fac9/name'
05:02:48.948 [AsyncHttpClient-1-5] DEBUG org.asynchttpclient.netty.handler.HttpHandler - 

Request DefaultFullHttpRequest(decodeResult: success, version: HTTP/1.1, content: EmptyByteBufBE)
GET /session/d77979fe3f716d98305f495fe70ad0d7/element/5f100f02-b21c-45b8-97db-a3b6d1c9fac9/name HTTP/1.1
User-Agent: selenium/4.1.2 (java windows)
Cache-Control: no-cache
Content-Type: application/json; charset=utf-8
host: localhost:56111
accept: */*

Response DefaultHttpResponse(decodeResult: success, version: HTTP/1.1)
HTTP/1.1 200 OK
Content-Type: application/json; charset=utf-8
cache-control: no-cache
content-length: 16

05:02:48.949 [AsyncHttpClient-1-5] DEBUG org.asynchttpclient.netty.channel.ChannelManager - Adding key: http://localhost:56111 for channel [id: 0x6a8d0d46, L:/127.0.0.1:64672 - R:localhost/127.0.0.1:56111]
05:02:48.955 [Forwarding findElement on session d77979fe3f716d98305f495fe70ad0d7 to remote] DEBUG org.asynchttpclient.netty.request.NettyRequestSender - Using pooled Channel '[id: 0x6a8d0d46, L:/127.0.0.1:64672 - R:localhost/127.0.0.1:56111]' for 'POST' to 'http://localhost:56111/session/d77979fe3f716d98305f495fe70ad0d7/element'
05:02:48.955 [Forwarding findElement on session d77979fe3f716d98305f495fe70ad0d7 to remote] DEBUG org.asynchttpclient.netty.request.NettyRequestSender - Using open Channel [id: 0x6a8d0d46, L:/127.0.0.1:64672 - R:localhost/127.0.0.1:56111] for POST '/session/d77979fe3f716d98305f495fe70ad0d7/element'
05:02:48.997 [AsyncHttpClient-1-5] DEBUG org.asynchttpclient.netty.handler.HttpHandler - 

Request DefaultHttpRequest(decodeResult: success, version: HTTP/1.1)
POST /session/d77979fe3f716d98305f495fe70ad0d7/element HTTP/1.1
User-Agent: selenium/4.1.2 (java windows)
Content-Length: 95
Content-Type: application/json; charset=utf-8
host: localhost:56111
accept: */*

Response DefaultHttpResponse(decodeResult: success, version: HTTP/1.1)
HTTP/1.1 200 OK
Content-Type: application/json; charset=utf-8
cache-control: no-cache
content-length: 88

05:02:48.998 [AsyncHttpClient-1-5] DEBUG org.asynchttpclient.netty.channel.ChannelManager - Adding key: http://localhost:56111 for channel [id: 0x6a8d0d46, L:/127.0.0.1:64672 - R:localhost/127.0.0.1:56111]
05:02:49.001 [Forwarding clickElement on session d77979fe3f716d98305f495fe70ad0d7 to remote] DEBUG org.asynchttpclient.netty.request.NettyRequestSender - Using pooled Channel '[id: 0x6a8d0d46, L:/127.0.0.1:64672 - R:localhost/127.0.0.1:56111]' for 'POST' to 'http://localhost:56111/session/d77979fe3f716d98305f495fe70ad0d7/element/5f100f02-b21c-45b8-97db-a3b6d1c9fac9/click'
05:02:49.001 [Forwarding clickElement on session d77979fe3f716d98305f495fe70ad0d7 to remote] DEBUG org.asynchttpclient.netty.request.NettyRequestSender - Using open Channel [id: 0x6a8d0d46, L:/127.0.0.1:64672 - R:localhost/127.0.0.1:56111] for POST '/session/d77979fe3f716d98305f495fe70ad0d7/element/5f100f02-b21c-45b8-97db-a3b6d1c9fac9/click'
05:02:49.112 [AsyncHttpClient-1-5] DEBUG org.asynchttpclient.netty.handler.HttpHandler - 

Request DefaultHttpRequest(decodeResult: success, version: HTTP/1.1)
POST /session/d77979fe3f716d98305f495fe70ad0d7/element/5f100f02-b21c-45b8-97db-a3b6d1c9fac9/click HTTP/1.1
User-Agent: selenium/4.1.2 (java windows)
Content-Length: 50
Content-Type: application/json; charset=utf-8
host: localhost:56111
accept: */*

Response DefaultHttpResponse(decodeResult: success, version: HTTP/1.1)
HTTP/1.1 200 OK
Content-Type: application/json; charset=utf-8
cache-control: no-cache
content-length: 14

05:02:49.113 [AsyncHttpClient-1-5] DEBUG org.asynchttpclient.netty.channel.ChannelManager - Adding key: http://localhost:56111 for channel [id: 0x6a8d0d46, L:/127.0.0.1:64672 - R:localhost/127.0.0.1:56111]
05:02:49.129 [Forwarding screenshot on session d77979fe3f716d98305f495fe70ad0d7 to remote] DEBUG org.asynchttpclient.netty.request.NettyRequestSender - Using pooled Channel '[id: 0x6a8d0d46, L:/127.0.0.1:64672 - R:localhost/127.0.0.1:56111]' for 'GET' to 'http://localhost:56111/session/d77979fe3f716d98305f495fe70ad0d7/screenshot'
05:02:49.129 [Forwarding screenshot on session d77979fe3f716d98305f495fe70ad0d7 to remote] DEBUG org.asynchttpclient.netty.request.NettyRequestSender - Using open Channel [id: 0x6a8d0d46, L:/127.0.0.1:64672 - R:localhost/127.0.0.1:56111] for GET '/session/d77979fe3f716d98305f495fe70ad0d7/screenshot'
05:02:49.482 [AsyncHttpClient-1-5] DEBUG org.asynchttpclient.netty.handler.HttpHandler - 

Request DefaultFullHttpRequest(decodeResult: success, version: HTTP/1.1, content: EmptyByteBufBE)
GET /session/d77979fe3f716d98305f495fe70ad0d7/screenshot HTTP/1.1
User-Agent: selenium/4.1.2 (java windows)
Cache-Control: no-cache
Content-Type: application/json; charset=utf-8
host: localhost:56111
accept: */*

Response DefaultHttpResponse(decodeResult: success, version: HTTP/1.1)
HTTP/1.1 200 OK
Content-Type: application/json; charset=utf-8
cache-control: no-cache
content-length: 230264

05:02:49.487 [AsyncHttpClient-1-5] DEBUG org.asynchttpclient.netty.channel.ChannelManager - Adding key: http://localhost:56111 for channel [id: 0x6a8d0d46, L:/127.0.0.1:64672 - R:localhost/127.0.0.1:56111]
05:02:49.512 [main] DEBUG net.serenitybdd.core.photography.Darkroom - Send negative for processing for target\site\serenity\1f64d945581aa112a9e326d75a198002832c07176f6f857cd0bc505a1c243bb1.png
05:02:49.513 [main] DEBUG net.thucydides.core.steps.StepInterceptor - STEP DONE: showPass
05:02:49.529 [main] DEBUG net.thucydides.core.steps.StepInterceptor - STARTING STEP: LoginSteps.inputValidPassword - inputPassword
05:02:49.540 [Forwarding findElement on session d77979fe3f716d98305f495fe70ad0d7 to remote] DEBUG org.asynchttpclient.netty.request.NettyRequestSender - Using pooled Channel '[id: 0x6a8d0d46, L:/127.0.0.1:64672 - R:localhost/127.0.0.1:56111]' for 'POST' to 'http://localhost:56111/session/d77979fe3f716d98305f495fe70ad0d7/element'
05:02:49.540 [Forwarding findElement on session d77979fe3f716d98305f495fe70ad0d7 to remote] DEBUG org.asynchttpclient.netty.request.NettyRequestSender - Using open Channel [id: 0x6a8d0d46, L:/127.0.0.1:64672 - R:localhost/127.0.0.1:56111] for POST '/session/d77979fe3f716d98305f495fe70ad0d7/element'
05:02:49.572 [AsyncHttpClient-1-5] DEBUG org.asynchttpclient.netty.handler.HttpHandler - 

Request DefaultHttpRequest(decodeResult: success, version: HTTP/1.1)
POST /session/d77979fe3f716d98305f495fe70ad0d7/element HTTP/1.1
User-Agent: selenium/4.1.2 (java windows)
Content-Length: 63
Content-Type: application/json; charset=utf-8
host: localhost:56111
accept: */*

Response DefaultHttpResponse(decodeResult: success, version: HTTP/1.1)
HTTP/1.1 200 OK
Content-Type: application/json; charset=utf-8
cache-control: no-cache
content-length: 88

05:02:49.573 [AsyncHttpClient-1-5] DEBUG org.asynchttpclient.netty.channel.ChannelManager - Adding key: http://localhost:56111 for channel [id: 0x6a8d0d46, L:/127.0.0.1:64672 - R:localhost/127.0.0.1:56111]
05:02:49.576 [Forwarding clearElement on session d77979fe3f716d98305f495fe70ad0d7 to remote] DEBUG org.asynchttpclient.netty.request.NettyRequestSender - Using pooled Channel '[id: 0x6a8d0d46, L:/127.0.0.1:64672 - R:localhost/127.0.0.1:56111]' for 'POST' to 'http://localhost:56111/session/d77979fe3f716d98305f495fe70ad0d7/element/26ba803b-fbf3-460a-b1ed-aec22b58a037/clear'
05:02:49.576 [Forwarding clearElement on session d77979fe3f716d98305f495fe70ad0d7 to remote] DEBUG org.asynchttpclient.netty.request.NettyRequestSender - Using open Channel [id: 0x6a8d0d46, L:/127.0.0.1:64672 - R:localhost/127.0.0.1:56111] for POST '/session/d77979fe3f716d98305f495fe70ad0d7/element/26ba803b-fbf3-460a-b1ed-aec22b58a037/clear'
05:02:49.643 [AsyncHttpClient-1-1] DEBUG org.asynchttpclient.netty.channel.DefaultChannelPool - Entry count for : http://localhost:64673 : 1
05:02:49.653 [AsyncHttpClient-1-5] DEBUG org.asynchttpclient.netty.handler.HttpHandler - 

Request DefaultHttpRequest(decodeResult: success, version: HTTP/1.1)
POST /session/d77979fe3f716d98305f495fe70ad0d7/element/26ba803b-fbf3-460a-b1ed-aec22b58a037/clear HTTP/1.1
User-Agent: selenium/4.1.2 (java windows)
Content-Length: 50
Content-Type: application/json; charset=utf-8
host: localhost:56111
accept: */*

Response DefaultHttpResponse(decodeResult: success, version: HTTP/1.1)
HTTP/1.1 200 OK
Content-Type: application/json; charset=utf-8
cache-control: no-cache
content-length: 14

05:02:49.653 [AsyncHttpClient-1-5] DEBUG org.asynchttpclient.netty.channel.ChannelManager - Adding key: http://localhost:56111 for channel [id: 0x6a8d0d46, L:/127.0.0.1:64672 - R:localhost/127.0.0.1:56111]
05:02:49.658 [Forwarding sendKeysToElement on session d77979fe3f716d98305f495fe70ad0d7 to remote] DEBUG org.asynchttpclient.netty.request.NettyRequestSender - Using pooled Channel '[id: 0x6a8d0d46, L:/127.0.0.1:64672 - R:localhost/127.0.0.1:56111]' for 'POST' to 'http://localhost:56111/session/d77979fe3f716d98305f495fe70ad0d7/element/26ba803b-fbf3-460a-b1ed-aec22b58a037/value'
05:02:49.658 [Forwarding sendKeysToElement on session d77979fe3f716d98305f495fe70ad0d7 to remote] DEBUG org.asynchttpclient.netty.request.NettyRequestSender - Using open Channel [id: 0x6a8d0d46, L:/127.0.0.1:64672 - R:localhost/127.0.0.1:56111] for POST '/session/d77979fe3f716d98305f495fe70ad0d7/element/26ba803b-fbf3-460a-b1ed-aec22b58a037/value'
05:02:49.810 [AsyncHttpClient-1-5] DEBUG org.asynchttpclient.netty.handler.HttpHandler - 

Request DefaultHttpRequest(decodeResult: success, version: HTTP/1.1)
POST /session/d77979fe3f716d98305f495fe70ad0d7/element/26ba803b-fbf3-460a-b1ed-aec22b58a037/value HTTP/1.1
User-Agent: selenium/4.1.2 (java windows)
Content-Length: 181
Content-Type: application/json; charset=utf-8
host: localhost:56111
accept: */*

Response DefaultHttpResponse(decodeResult: success, version: HTTP/1.1)
HTTP/1.1 200 OK
Content-Type: application/json; charset=utf-8
cache-control: no-cache
content-length: 14

05:02:49.810 [AsyncHttpClient-1-5] DEBUG org.asynchttpclient.netty.channel.ChannelManager - Adding key: http://localhost:56111 for channel [id: 0x6a8d0d46, L:/127.0.0.1:64672 - R:localhost/127.0.0.1:56111]
05:02:49.826 [Forwarding screenshot on session d77979fe3f716d98305f495fe70ad0d7 to remote] DEBUG org.asynchttpclient.netty.request.NettyRequestSender - Using pooled Channel '[id: 0x6a8d0d46, L:/127.0.0.1:64672 - R:localhost/127.0.0.1:56111]' for 'GET' to 'http://localhost:56111/session/d77979fe3f716d98305f495fe70ad0d7/screenshot'
05:02:49.827 [Forwarding screenshot on session d77979fe3f716d98305f495fe70ad0d7 to remote] DEBUG org.asynchttpclient.netty.request.NettyRequestSender - Using open Channel [id: 0x6a8d0d46, L:/127.0.0.1:64672 - R:localhost/127.0.0.1:56111] for GET '/session/d77979fe3f716d98305f495fe70ad0d7/screenshot'
05:02:50.206 [AsyncHttpClient-1-5] DEBUG org.asynchttpclient.netty.handler.HttpHandler - 

Request DefaultFullHttpRequest(decodeResult: success, version: HTTP/1.1, content: EmptyByteBufBE)
GET /session/d77979fe3f716d98305f495fe70ad0d7/screenshot HTTP/1.1
User-Agent: selenium/4.1.2 (java windows)
Cache-Control: no-cache
Content-Type: application/json; charset=utf-8
host: localhost:56111
accept: */*

Response DefaultHttpResponse(decodeResult: success, version: HTTP/1.1)
HTTP/1.1 200 OK
Content-Type: application/json; charset=utf-8
cache-control: no-cache
content-length: 233392

05:02:50.209 [AsyncHttpClient-1-5] DEBUG org.asynchttpclient.netty.channel.ChannelManager - Adding key: http://localhost:56111 for channel [id: 0x6a8d0d46, L:/127.0.0.1:64672 - R:localhost/127.0.0.1:56111]
05:02:50.231 [main] DEBUG net.serenitybdd.core.photography.Darkroom - Send negative for processing for target\site\serenity\3ece4fd11926f08c5bf85ce6af4bed34f7e08d6061a1a81642467700e67c8d73.png
05:02:50.232 [main] DEBUG net.thucydides.core.steps.StepInterceptor - STEP DONE: inputPassword
  &amp#27;[32mAnd &amp#27;[0m&amp#27;[32mi input valid password&amp#27;[0m                                     &amp#27;[90m# starter.stepdefenitions.LoginSteps.inputValidPassword()&amp#27;[0m
05:02:50.268 [main] DEBUG net.thucydides.core.steps.StepInterceptor - STARTING STEP: LoginSteps.clickLoginButton - clickLoginButton
05:02:50.280 [Forwarding findElement on session d77979fe3f716d98305f495fe70ad0d7 to remote] DEBUG org.asynchttpclient.netty.request.NettyRequestSender - Using pooled Channel '[id: 0x6a8d0d46, L:/127.0.0.1:64672 - R:localhost/127.0.0.1:56111]' for 'POST' to 'http://localhost:56111/session/d77979fe3f716d98305f495fe70ad0d7/element'
05:02:50.280 [Forwarding findElement on session d77979fe3f716d98305f495fe70ad0d7 to remote] DEBUG org.asynchttpclient.netty.request.NettyRequestSender - Using open Channel [id: 0x6a8d0d46, L:/127.0.0.1:64672 - R:localhost/127.0.0.1:56111] for POST '/session/d77979fe3f716d98305f495fe70ad0d7/element'
05:02:50.294 [AsyncHttpClient-1-5] DEBUG org.asynchttpclient.netty.handler.HttpHandler - 

Request DefaultHttpRequest(decodeResult: success, version: HTTP/1.1)
POST /session/d77979fe3f716d98305f495fe70ad0d7/element HTTP/1.1
User-Agent: selenium/4.1.2 (java windows)
Content-Length: 66
Content-Type: application/json; charset=utf-8
host: localhost:56111
accept: */*

Response DefaultHttpResponse(decodeResult: success, version: HTTP/1.1)
HTTP/1.1 200 OK
Content-Type: application/json; charset=utf-8
cache-control: no-cache
content-length: 88

05:02:50.294 [AsyncHttpClient-1-5] DEBUG org.asynchttpclient.netty.channel.ChannelManager - Adding key: http://localhost:56111 for channel [id: 0x6a8d0d46, L:/127.0.0.1:64672 - R:localhost/127.0.0.1:56111]
05:02:50.297 [Forwarding getElementTagName on session d77979fe3f716d98305f495fe70ad0d7 to remote] DEBUG org.asynchttpclient.netty.request.NettyRequestSender - Using pooled Channel '[id: 0x6a8d0d46, L:/127.0.0.1:64672 - R:localhost/127.0.0.1:56111]' for 'GET' to 'http://localhost:56111/session/d77979fe3f716d98305f495fe70ad0d7/element/e84f3c49-7013-4491-8d65-e911bf7d8593/name'
05:02:50.297 [Forwarding getElementTagName on session d77979fe3f716d98305f495fe70ad0d7 to remote] DEBUG org.asynchttpclient.netty.request.NettyRequestSender - Using open Channel [id: 0x6a8d0d46, L:/127.0.0.1:64672 - R:localhost/127.0.0.1:56111] for GET '/session/d77979fe3f716d98305f495fe70ad0d7/element/e84f3c49-7013-4491-8d65-e911bf7d8593/name'
05:02:50.306 [AsyncHttpClient-1-5] DEBUG org.asynchttpclient.netty.handler.HttpHandler - 

Request DefaultFullHttpRequest(decodeResult: success, version: HTTP/1.1, content: EmptyByteBufBE)
GET /session/d77979fe3f716d98305f495fe70ad0d7/element/e84f3c49-7013-4491-8d65-e911bf7d8593/name HTTP/1.1
User-Agent: selenium/4.1.2 (java windows)
Cache-Control: no-cache
Content-Type: application/json; charset=utf-8
host: localhost:56111
accept: */*

Response DefaultHttpResponse(decodeResult: success, version: HTTP/1.1)
HTTP/1.1 200 OK
Content-Type: application/json; charset=utf-8
cache-control: no-cache
content-length: 18

05:02:50.307 [AsyncHttpClient-1-5] DEBUG org.asynchttpclient.netty.channel.ChannelManager - Adding key: http://localhost:56111 for channel [id: 0x6a8d0d46, L:/127.0.0.1:64672 - R:localhost/127.0.0.1:56111]
05:02:50.310 [Forwarding getElementTagName on session d77979fe3f716d98305f495fe70ad0d7 to remote] DEBUG org.asynchttpclient.netty.request.NettyRequestSender - Using pooled Channel '[id: 0x6a8d0d46, L:/127.0.0.1:64672 - R:localhost/127.0.0.1:56111]' for 'GET' to 'http://localhost:56111/session/d77979fe3f716d98305f495fe70ad0d7/element/e84f3c49-7013-4491-8d65-e911bf7d8593/name'
05:02:50.310 [Forwarding getElementTagName on session d77979fe3f716d98305f495fe70ad0d7 to remote] DEBUG org.asynchttpclient.netty.request.NettyRequestSender - Using open Channel [id: 0x6a8d0d46, L:/127.0.0.1:64672 - R:localhost/127.0.0.1:56111] for GET '/session/d77979fe3f716d98305f495fe70ad0d7/element/e84f3c49-7013-4491-8d65-e911bf7d8593/name'
05:02:50.316 [AsyncHttpClient-1-5] DEBUG org.asynchttpclient.netty.handler.HttpHandler - 

Request DefaultFullHttpRequest(decodeResult: success, version: HTTP/1.1, content: EmptyByteBufBE)
GET /session/d77979fe3f716d98305f495fe70ad0d7/element/e84f3c49-7013-4491-8d65-e911bf7d8593/name HTTP/1.1
User-Agent: selenium/4.1.2 (java windows)
Cache-Control: no-cache
Content-Type: application/json; charset=utf-8
host: localhost:56111
accept: */*

Response DefaultHttpResponse(decodeResult: success, version: HTTP/1.1)
HTTP/1.1 200 OK
Content-Type: application/json; charset=utf-8
cache-control: no-cache
content-length: 18

05:02:50.317 [AsyncHttpClient-1-5] DEBUG org.asynchttpclient.netty.channel.ChannelManager - Adding key: http://localhost:56111 for channel [id: 0x6a8d0d46, L:/127.0.0.1:64672 - R:localhost/127.0.0.1:56111]
05:02:50.323 [Forwarding isElementEnabled on session d77979fe3f716d98305f495fe70ad0d7 to remote] DEBUG org.asynchttpclient.netty.request.NettyRequestSender - Using pooled Channel '[id: 0x6a8d0d46, L:/127.0.0.1:64672 - R:localhost/127.0.0.1:56111]' for 'GET' to 'http://localhost:56111/session/d77979fe3f716d98305f495fe70ad0d7/element/e84f3c49-7013-4491-8d65-e911bf7d8593/enabled'
05:02:50.323 [Forwarding isElementEnabled on session d77979fe3f716d98305f495fe70ad0d7 to remote] DEBUG org.asynchttpclient.netty.request.NettyRequestSender - Using open Channel [id: 0x6a8d0d46, L:/127.0.0.1:64672 - R:localhost/127.0.0.1:56111] for GET '/session/d77979fe3f716d98305f495fe70ad0d7/element/e84f3c49-7013-4491-8d65-e911bf7d8593/enabled'
05:02:50.341 [AsyncHttpClient-1-5] DEBUG org.asynchttpclient.netty.handler.HttpHandler - 

Request DefaultFullHttpRequest(decodeResult: success, version: HTTP/1.1, content: EmptyByteBufBE)
GET /session/d77979fe3f716d98305f495fe70ad0d7/element/e84f3c49-7013-4491-8d65-e911bf7d8593/enabled HTTP/1.1
User-Agent: selenium/4.1.2 (java windows)
Cache-Control: no-cache
Content-Type: application/json; charset=utf-8
host: localhost:56111
accept: */*

Response DefaultHttpResponse(decodeResult: success, version: HTTP/1.1)
HTTP/1.1 200 OK
Content-Type: application/json; charset=utf-8
cache-control: no-cache
content-length: 14

05:02:50.341 [AsyncHttpClient-1-5] DEBUG org.asynchttpclient.netty.channel.ChannelManager - Adding key: http://localhost:56111 for channel [id: 0x6a8d0d46, L:/127.0.0.1:64672 - R:localhost/127.0.0.1:56111]
05:02:50.345 [Forwarding isElementEnabled on session d77979fe3f716d98305f495fe70ad0d7 to remote] DEBUG org.asynchttpclient.netty.request.NettyRequestSender - Using pooled Channel '[id: 0x6a8d0d46, L:/127.0.0.1:64672 - R:localhost/127.0.0.1:56111]' for 'GET' to 'http://localhost:56111/session/d77979fe3f716d98305f495fe70ad0d7/element/e84f3c49-7013-4491-8d65-e911bf7d8593/enabled'
05:02:50.345 [Forwarding isElementEnabled on session d77979fe3f716d98305f495fe70ad0d7 to remote] DEBUG org.asynchttpclient.netty.request.NettyRequestSender - Using open Channel [id: 0x6a8d0d46, L:/127.0.0.1:64672 - R:localhost/127.0.0.1:56111] for GET '/session/d77979fe3f716d98305f495fe70ad0d7/element/e84f3c49-7013-4491-8d65-e911bf7d8593/enabled'
05:02:50.358 [AsyncHttpClient-1-5] DEBUG org.asynchttpclient.netty.handler.HttpHandler - 

Request DefaultFullHttpRequest(decodeResult: success, version: HTTP/1.1, content: EmptyByteBufBE)
GET /session/d77979fe3f716d98305f495fe70ad0d7/element/e84f3c49-7013-4491-8d65-e911bf7d8593/enabled HTTP/1.1
User-Agent: selenium/4.1.2 (java windows)
Cache-Control: no-cache
Content-Type: application/json; charset=utf-8
host: localhost:56111
accept: */*

Response DefaultHttpResponse(decodeResult: success, version: HTTP/1.1)
HTTP/1.1 200 OK
Content-Type: application/json; charset=utf-8
cache-control: no-cache
content-length: 14

05:02:50.358 [AsyncHttpClient-1-5] DEBUG org.asynchttpclient.netty.channel.ChannelManager - Adding key: http://localhost:56111 for channel [id: 0x6a8d0d46, L:/127.0.0.1:64672 - R:localhost/127.0.0.1:56111]
05:02:50.362 [Forwarding findElement on session d77979fe3f716d98305f495fe70ad0d7 to remote] DEBUG org.asynchttpclient.netty.request.NettyRequestSender - Using pooled Channel '[id: 0x6a8d0d46, L:/127.0.0.1:64672 - R:localhost/127.0.0.1:56111]' for 'POST' to 'http://localhost:56111/session/d77979fe3f716d98305f495fe70ad0d7/element'
05:02:50.362 [Forwarding findElement on session d77979fe3f716d98305f495fe70ad0d7 to remote] DEBUG org.asynchttpclient.netty.request.NettyRequestSender - Using open Channel [id: 0x6a8d0d46, L:/127.0.0.1:64672 - R:localhost/127.0.0.1:56111] for POST '/session/d77979fe3f716d98305f495fe70ad0d7/element'
05:02:50.377 [AsyncHttpClient-1-5] DEBUG org.asynchttpclient.netty.handler.HttpHandler - 

Request DefaultHttpRequest(decodeResult: success, version: HTTP/1.1)
POST /session/d77979fe3f716d98305f495fe70ad0d7/element HTTP/1.1
User-Agent: selenium/4.1.2 (java windows)
Content-Length: 66
Content-Type: application/json; charset=utf-8
host: localhost:56111
accept: */*

Response DefaultHttpResponse(decodeResult: success, version: HTTP/1.1)
HTTP/1.1 200 OK
Content-Type: application/json; charset=utf-8
cache-control: no-cache
content-length: 88

05:02:50.377 [AsyncHttpClient-1-5] DEBUG org.asynchttpclient.netty.channel.ChannelManager - Adding key: http://localhost:56111 for channel [id: 0x6a8d0d46, L:/127.0.0.1:64672 - R:localhost/127.0.0.1:56111]
05:02:50.380 [Forwarding clickElement on session d77979fe3f716d98305f495fe70ad0d7 to remote] DEBUG org.asynchttpclient.netty.request.NettyRequestSender - Using pooled Channel '[id: 0x6a8d0d46, L:/127.0.0.1:64672 - R:localhost/127.0.0.1:56111]' for 'POST' to 'http://localhost:56111/session/d77979fe3f716d98305f495fe70ad0d7/element/e84f3c49-7013-4491-8d65-e911bf7d8593/click'
05:02:50.381 [Forwarding clickElement on session d77979fe3f716d98305f495fe70ad0d7 to remote] DEBUG org.asynchttpclient.netty.request.NettyRequestSender - Using open Channel [id: 0x6a8d0d46, L:/127.0.0.1:64672 - R:localhost/127.0.0.1:56111] for POST '/session/d77979fe3f716d98305f495fe70ad0d7/element/e84f3c49-7013-4491-8d65-e911bf7d8593/click'
05:02:50.469 [AsyncHttpClient-1-5] DEBUG org.asynchttpclient.netty.handler.HttpHandler - 

Request DefaultHttpRequest(decodeResult: success, version: HTTP/1.1)
POST /session/d77979fe3f716d98305f495fe70ad0d7/element/e84f3c49-7013-4491-8d65-e911bf7d8593/click HTTP/1.1
User-Agent: selenium/4.1.2 (java windows)
Content-Length: 50
Content-Type: application/json; charset=utf-8
host: localhost:56111
accept: */*

Response DefaultHttpResponse(decodeResult: success, version: HTTP/1.1)
HTTP/1.1 200 OK
Content-Type: application/json; charset=utf-8
cache-control: no-cache
content-length: 14

05:02:50.469 [AsyncHttpClient-1-5] DEBUG org.asynchttpclient.netty.channel.ChannelManager - Adding key: http://localhost:56111 for channel [id: 0x6a8d0d46, L:/127.0.0.1:64672 - R:localhost/127.0.0.1:56111]
05:02:50.486 [Forwarding screenshot on session d77979fe3f716d98305f495fe70ad0d7 to remote] DEBUG org.asynchttpclient.netty.request.NettyRequestSender - Using pooled Channel '[id: 0x6a8d0d46, L:/127.0.0.1:64672 - R:localhost/127.0.0.1:56111]' for 'GET' to 'http://localhost:56111/session/d77979fe3f716d98305f495fe70ad0d7/screenshot'
05:02:50.486 [Forwarding screenshot on session d77979fe3f716d98305f495fe70ad0d7 to remote] DEBUG org.asynchttpclient.netty.request.NettyRequestSender - Using open Channel [id: 0x6a8d0d46, L:/127.0.0.1:64672 - R:localhost/127.0.0.1:56111] for GET '/session/d77979fe3f716d98305f495fe70ad0d7/screenshot'
05:02:50.737 [AsyncHttpClient-1-1] DEBUG org.asynchttpclient.netty.channel.DefaultChannelPool - Entry count for : http://localhost:64673 : 1
05:02:50.854 [AsyncHttpClient-1-5] DEBUG org.asynchttpclient.netty.handler.HttpHandler - 

Request DefaultFullHttpRequest(decodeResult: success, version: HTTP/1.1, content: EmptyByteBufBE)
GET /session/d77979fe3f716d98305f495fe70ad0d7/screenshot HTTP/1.1
User-Agent: selenium/4.1.2 (java windows)
Cache-Control: no-cache
Content-Type: application/json; charset=utf-8
host: localhost:56111
accept: */*

Response DefaultHttpResponse(decodeResult: success, version: HTTP/1.1)
HTTP/1.1 200 OK
Content-Type: application/json; charset=utf-8
cache-control: no-cache
content-length: 231088

05:02:50.857 [AsyncHttpClient-1-5] DEBUG org.asynchttpclient.netty.channel.ChannelManager - Adding key: http://localhost:56111 for channel [id: 0x6a8d0d46, L:/127.0.0.1:64672 - R:localhost/127.0.0.1:56111]
05:02:50.881 [main] DEBUG net.serenitybdd.core.photography.Darkroom - Send negative for processing for target\site\serenity\ad4eac8545d86ff1f21e5ed20dc4809932140e15ead7bd40df09fe1eec8267a9.png
05:02:50.882 [main] DEBUG net.thucydides.core.steps.StepInterceptor - STEP DONE: clickLoginButton
  &amp#27;[32mAnd &amp#27;[0m&amp#27;[32mi click login button&amp#27;[0m                                       &amp#27;[90m# starter.stepdefenitions.LoginSteps.clickLoginButton()&amp#27;[0m
05:02:50.921 [main] DEBUG net.thucydides.core.steps.StepInterceptor - STARTING STEP: LoginSteps.successLogin - validationDialog
05:02:50.927 [Forwarding findElement on session d77979fe3f716d98305f495fe70ad0d7 to remote] DEBUG org.asynchttpclient.netty.request.NettyRequestSender - Using pooled Channel '[id: 0x6a8d0d46, L:/127.0.0.1:64672 - R:localhost/127.0.0.1:56111]' for 'POST' to 'http://localhost:56111/session/d77979fe3f716d98305f495fe70ad0d7/element'
05:02:50.927 [Forwarding findElement on session d77979fe3f716d98305f495fe70ad0d7 to remote] DEBUG org.asynchttpclient.netty.request.NettyRequestSender - Using open Channel [id: 0x6a8d0d46, L:/127.0.0.1:64672 - R:localhost/127.0.0.1:56111] for POST '/session/d77979fe3f716d98305f495fe70ad0d7/element'
05:02:51.251 [AsyncHttpClient-1-5] DEBUG org.asynchttpclient.netty.handler.HttpHandler - 

Request DefaultHttpRequest(decodeResult: success, version: HTTP/1.1)
POST /session/d77979fe3f716d98305f495fe70ad0d7/element HTTP/1.1
User-Agent: selenium/4.1.2 (java windows)
Content-Length: 68
Content-Type: application/json; charset=utf-8
host: localhost:56111
accept: */*

Response DefaultHttpResponse(decodeResult: success, version: HTTP/1.1)
HTTP/1.1 200 OK
Content-Type: application/json; charset=utf-8
cache-control: no-cache
content-length: 88

05:02:51.251 [AsyncHttpClient-1-5] DEBUG org.asynchttpclient.netty.channel.ChannelManager - Adding key: http://localhost:56111 for channel [id: 0x6a8d0d46, L:/127.0.0.1:64672 - R:localhost/127.0.0.1:56111]
05:02:51.262 [Forwarding isElementDisplayed on session d77979fe3f716d98305f495fe70ad0d7 to remote] DEBUG org.asynchttpclient.netty.request.NettyRequestSender - Using pooled Channel '[id: 0x6a8d0d46, L:/127.0.0.1:64672 - R:localhost/127.0.0.1:56111]' for 'POST' to 'http://localhost:56111/session/d77979fe3f716d98305f495fe70ad0d7/execute/sync'
05:02:51.262 [Forwarding isElementDisplayed on session d77979fe3f716d98305f495fe70ad0d7 to remote] DEBUG org.asynchttpclient.netty.request.NettyRequestSender - Using open Channel [id: 0x6a8d0d46, L:/127.0.0.1:64672 - R:localhost/127.0.0.1:56111] for POST '/session/d77979fe3f716d98305f495fe70ad0d7/execute/sync'
05:02:51.322 [AsyncHttpClient-1-5] DEBUG org.asynchttpclient.netty.handler.HttpHandler - 

Request DefaultHttpRequest(decodeResult: success, version: HTTP/1.1)
POST /session/d77979fe3f716d98305f495fe70ad0d7/execute/sync HTTP/1.1
User-Agent: selenium/4.1.2 (java windows)
Content-Length: 48780
Content-Type: application/json; charset=utf-8
host: localhost:56111
accept: */*

Response DefaultHttpResponse(decodeResult: success, version: HTTP/1.1)
HTTP/1.1 200 OK
Content-Type: application/json; charset=utf-8
cache-control: no-cache
content-length: 14

05:02:51.322 [AsyncHttpClient-1-5] DEBUG org.asynchttpclient.netty.channel.ChannelManager - Adding key: http://localhost:56111 for channel [id: 0x6a8d0d46, L:/127.0.0.1:64672 - R:localhost/127.0.0.1:56111]
05:02:51.334 [Forwarding screenshot on session d77979fe3f716d98305f495fe70ad0d7 to remote] DEBUG org.asynchttpclient.netty.request.NettyRequestSender - Using pooled Channel '[id: 0x6a8d0d46, L:/127.0.0.1:64672 - R:localhost/127.0.0.1:56111]' for 'GET' to 'http://localhost:56111/session/d77979fe3f716d98305f495fe70ad0d7/screenshot'
05:02:51.335 [Forwarding screenshot on session d77979fe3f716d98305f495fe70ad0d7 to remote] DEBUG org.asynchttpclient.netty.request.NettyRequestSender - Using open Channel [id: 0x6a8d0d46, L:/127.0.0.1:64672 - R:localhost/127.0.0.1:56111] for GET '/session/d77979fe3f716d98305f495fe70ad0d7/screenshot'
05:02:51.664 [AsyncHttpClient-1-5] DEBUG org.asynchttpclient.netty.handler.HttpHandler - 

Request DefaultFullHttpRequest(decodeResult: success, version: HTTP/1.1, content: EmptyByteBufBE)
GET /session/d77979fe3f716d98305f495fe70ad0d7/screenshot HTTP/1.1
User-Agent: selenium/4.1.2 (java windows)
Cache-Control: no-cache
Content-Type: application/json; charset=utf-8
host: localhost:56111
accept: */*

Response DefaultHttpResponse(decodeResult: success, version: HTTP/1.1)
HTTP/1.1 200 OK
Content-Type: application/json; charset=utf-8
cache-control: no-cache
content-length: 127688

05:02:51.666 [AsyncHttpClient-1-5] DEBUG org.asynchttpclient.netty.channel.ChannelManager - Adding key: http://localhost:56111 for channel [id: 0x6a8d0d46, L:/127.0.0.1:64672 - R:localhost/127.0.0.1:56111]
05:02:51.679 [main] DEBUG net.serenitybdd.core.photography.Darkroom - Send negative for processing for target\site\serenity\b9524d1e3619ce6b19b145bfff760d3f468564ce19fb7d22acf5e4b435ff4d1e.png
05:02:51.679 [main] DEBUG net.thucydides.core.steps.StepInterceptor - STEP DONE: validationDialog
05:02:51.680 [Darkroom Processing Line] DEBUG net.serenitybdd.core.photography.DarkroomProcessingLine - Processing screenshot image in /var/screenshots/screenshot-5240928748989887477
05:02:51.680 [Darkroom Processing Line] DEBUG net.serenitybdd.core.photography.DarkroomProcessingLine - Saving screenshot to target\site\serenity\b9524d1e3619ce6b19b145bfff760d3f468564ce19fb7d22acf5e4b435ff4d1e.png
05:02:51.695 [main] DEBUG net.thucydides.core.steps.StepInterceptor - STARTING STEP: LoginSteps.successLogin - clickSuccessButton
05:02:51.704 [Forwarding findElement on session d77979fe3f716d98305f495fe70ad0d7 to remote] DEBUG org.asynchttpclient.netty.request.NettyRequestSender - Using pooled Channel '[id: 0x6a8d0d46, L:/127.0.0.1:64672 - R:localhost/127.0.0.1:56111]' for 'POST' to 'http://localhost:56111/session/d77979fe3f716d98305f495fe70ad0d7/element'
05:02:51.704 [Forwarding findElement on session d77979fe3f716d98305f495fe70ad0d7 to remote] DEBUG org.asynchttpclient.netty.request.NettyRequestSender - Using open Channel [id: 0x6a8d0d46, L:/127.0.0.1:64672 - R:localhost/127.0.0.1:56111] for POST '/session/d77979fe3f716d98305f495fe70ad0d7/element'
05:02:51.730 [AsyncHttpClient-1-5] DEBUG org.asynchttpclient.netty.handler.HttpHandler - 

Request DefaultHttpRequest(decodeResult: success, version: HTTP/1.1)
POST /session/d77979fe3f716d98305f495fe70ad0d7/element HTTP/1.1
User-Agent: selenium/4.1.2 (java windows)
Content-Length: 68
Content-Type: application/json; charset=utf-8
host: localhost:56111
accept: */*

Response DefaultHttpResponse(decodeResult: success, version: HTTP/1.1)
HTTP/1.1 200 OK
Content-Type: application/json; charset=utf-8
cache-control: no-cache
content-length: 88

05:02:51.730 [AsyncHttpClient-1-5] DEBUG org.asynchttpclient.netty.channel.ChannelManager - Adding key: http://localhost:56111 for channel [id: 0x6a8d0d46, L:/127.0.0.1:64672 - R:localhost/127.0.0.1:56111]
05:02:51.733 [Forwarding getElementTagName on session d77979fe3f716d98305f495fe70ad0d7 to remote] DEBUG org.asynchttpclient.netty.request.NettyRequestSender - Using pooled Channel '[id: 0x6a8d0d46, L:/127.0.0.1:64672 - R:localhost/127.0.0.1:56111]' for 'GET' to 'http://localhost:56111/session/d77979fe3f716d98305f495fe70ad0d7/element/84ea503d-d758-4f69-9d0d-73d305f08293/name'
05:02:51.734 [Forwarding getElementTagName on session d77979fe3f716d98305f495fe70ad0d7 to remote] DEBUG org.asynchttpclient.netty.request.NettyRequestSender - Using open Channel [id: 0x6a8d0d46, L:/127.0.0.1:64672 - R:localhost/127.0.0.1:56111] for GET '/session/d77979fe3f716d98305f495fe70ad0d7/element/84ea503d-d758-4f69-9d0d-73d305f08293/name'
05:02:51.743 [AsyncHttpClient-1-5] DEBUG org.asynchttpclient.netty.handler.HttpHandler - 

Request DefaultFullHttpRequest(decodeResult: success, version: HTTP/1.1, content: EmptyByteBufBE)
GET /session/d77979fe3f716d98305f495fe70ad0d7/element/84ea503d-d758-4f69-9d0d-73d305f08293/name HTTP/1.1
User-Agent: selenium/4.1.2 (java windows)
Cache-Control: no-cache
Content-Type: application/json; charset=utf-8
host: localhost:56111
accept: */*

Response DefaultHttpResponse(decodeResult: success, version: HTTP/1.1)
HTTP/1.1 200 OK
Content-Type: application/json; charset=utf-8
cache-control: no-cache
content-length: 18

05:02:51.743 [AsyncHttpClient-1-5] DEBUG org.asynchttpclient.netty.channel.ChannelManager - Adding key: http://localhost:56111 for channel [id: 0x6a8d0d46, L:/127.0.0.1:64672 - R:localhost/127.0.0.1:56111]
05:02:51.746 [Forwarding getElementTagName on session d77979fe3f716d98305f495fe70ad0d7 to remote] DEBUG org.asynchttpclient.netty.request.NettyRequestSender - Using pooled Channel '[id: 0x6a8d0d46, L:/127.0.0.1:64672 - R:localhost/127.0.0.1:56111]' for 'GET' to 'http://localhost:56111/session/d77979fe3f716d98305f495fe70ad0d7/element/84ea503d-d758-4f69-9d0d-73d305f08293/name'
05:02:51.746 [Forwarding getElementTagName on session d77979fe3f716d98305f495fe70ad0d7 to remote] DEBUG org.asynchttpclient.netty.request.NettyRequestSender - Using open Channel [id: 0x6a8d0d46, L:/127.0.0.1:64672 - R:localhost/127.0.0.1:56111] for GET '/session/d77979fe3f716d98305f495fe70ad0d7/element/84ea503d-d758-4f69-9d0d-73d305f08293/name'
05:02:51.752 [AsyncHttpClient-1-5] DEBUG org.asynchttpclient.netty.handler.HttpHandler - 

Request DefaultFullHttpRequest(decodeResult: success, version: HTTP/1.1, content: EmptyByteBufBE)
GET /session/d77979fe3f716d98305f495fe70ad0d7/element/84ea503d-d758-4f69-9d0d-73d305f08293/name HTTP/1.1
User-Agent: selenium/4.1.2 (java windows)
Cache-Control: no-cache
Content-Type: application/json; charset=utf-8
host: localhost:56111
accept: */*

Response DefaultHttpResponse(decodeResult: success, version: HTTP/1.1)
HTTP/1.1 200 OK
Content-Type: application/json; charset=utf-8
cache-control: no-cache
content-length: 18

05:02:51.753 [AsyncHttpClient-1-5] DEBUG org.asynchttpclient.netty.channel.ChannelManager - Adding key: http://localhost:56111 for channel [id: 0x6a8d0d46, L:/127.0.0.1:64672 - R:localhost/127.0.0.1:56111]
05:02:51.759 [Forwarding isElementEnabled on session d77979fe3f716d98305f495fe70ad0d7 to remote] DEBUG org.asynchttpclient.netty.request.NettyRequestSender - Using pooled Channel '[id: 0x6a8d0d46, L:/127.0.0.1:64672 - R:localhost/127.0.0.1:56111]' for 'GET' to 'http://localhost:56111/session/d77979fe3f716d98305f495fe70ad0d7/element/84ea503d-d758-4f69-9d0d-73d305f08293/enabled'
05:02:51.760 [Forwarding isElementEnabled on session d77979fe3f716d98305f495fe70ad0d7 to remote] DEBUG org.asynchttpclient.netty.request.NettyRequestSender - Using open Channel [id: 0x6a8d0d46, L:/127.0.0.1:64672 - R:localhost/127.0.0.1:56111] for GET '/session/d77979fe3f716d98305f495fe70ad0d7/element/84ea503d-d758-4f69-9d0d-73d305f08293/enabled'
05:02:51.777 [AsyncHttpClient-1-5] DEBUG org.asynchttpclient.netty.handler.HttpHandler - 

Request DefaultFullHttpRequest(decodeResult: success, version: HTTP/1.1, content: EmptyByteBufBE)
GET /session/d77979fe3f716d98305f495fe70ad0d7/element/84ea503d-d758-4f69-9d0d-73d305f08293/enabled HTTP/1.1
User-Agent: selenium/4.1.2 (java windows)
Cache-Control: no-cache
Content-Type: application/json; charset=utf-8
host: localhost:56111
accept: */*

Response DefaultHttpResponse(decodeResult: success, version: HTTP/1.1)
HTTP/1.1 200 OK
Content-Type: application/json; charset=utf-8
cache-control: no-cache
content-length: 14

05:02:51.777 [AsyncHttpClient-1-5] DEBUG org.asynchttpclient.netty.channel.ChannelManager - Adding key: http://localhost:56111 for channel [id: 0x6a8d0d46, L:/127.0.0.1:64672 - R:localhost/127.0.0.1:56111]
05:02:51.780 [Forwarding isElementEnabled on session d77979fe3f716d98305f495fe70ad0d7 to remote] DEBUG org.asynchttpclient.netty.request.NettyRequestSender - Using pooled Channel '[id: 0x6a8d0d46, L:/127.0.0.1:64672 - R:localhost/127.0.0.1:56111]' for 'GET' to 'http://localhost:56111/session/d77979fe3f716d98305f495fe70ad0d7/element/84ea503d-d758-4f69-9d0d-73d305f08293/enabled'
05:02:51.780 [Forwarding isElementEnabled on session d77979fe3f716d98305f495fe70ad0d7 to remote] DEBUG org.asynchttpclient.netty.request.NettyRequestSender - Using open Channel [id: 0x6a8d0d46, L:/127.0.0.1:64672 - R:localhost/127.0.0.1:56111] for GET '/session/d77979fe3f716d98305f495fe70ad0d7/element/84ea503d-d758-4f69-9d0d-73d305f08293/enabled'
05:02:51.793 [AsyncHttpClient-1-5] DEBUG org.asynchttpclient.netty.handler.HttpHandler - 

Request DefaultFullHttpRequest(decodeResult: success, version: HTTP/1.1, content: EmptyByteBufBE)
GET /session/d77979fe3f716d98305f495fe70ad0d7/element/84ea503d-d758-4f69-9d0d-73d305f08293/enabled HTTP/1.1
User-Agent: selenium/4.1.2 (java windows)
Cache-Control: no-cache
Content-Type: application/json; charset=utf-8
host: localhost:56111
accept: */*

Response DefaultHttpResponse(decodeResult: success, version: HTTP/1.1)
HTTP/1.1 200 OK
Content-Type: application/json; charset=utf-8
cache-control: no-cache
content-length: 14

05:02:51.794 [AsyncHttpClient-1-5] DEBUG org.asynchttpclient.netty.channel.ChannelManager - Adding key: http://localhost:56111 for channel [id: 0x6a8d0d46, L:/127.0.0.1:64672 - R:localhost/127.0.0.1:56111]
05:02:51.798 [Forwarding findElement on session d77979fe3f716d98305f495fe70ad0d7 to remote] DEBUG org.asynchttpclient.netty.request.NettyRequestSender - Using pooled Channel '[id: 0x6a8d0d46, L:/127.0.0.1:64672 - R:localhost/127.0.0.1:56111]' for 'POST' to 'http://localhost:56111/session/d77979fe3f716d98305f495fe70ad0d7/element'
05:02:51.798 [Forwarding findElement on session d77979fe3f716d98305f495fe70ad0d7 to remote] DEBUG org.asynchttpclient.netty.request.NettyRequestSender - Using open Channel [id: 0x6a8d0d46, L:/127.0.0.1:64672 - R:localhost/127.0.0.1:56111] for POST '/session/d77979fe3f716d98305f495fe70ad0d7/element'
05:02:51.813 [AsyncHttpClient-1-5] DEBUG org.asynchttpclient.netty.handler.HttpHandler - 

Request DefaultHttpRequest(decodeResult: success, version: HTTP/1.1)
POST /session/d77979fe3f716d98305f495fe70ad0d7/element HTTP/1.1
User-Agent: selenium/4.1.2 (java windows)
Content-Length: 68
Content-Type: application/json; charset=utf-8
host: localhost:56111
accept: */*

Response DefaultHttpResponse(decodeResult: success, version: HTTP/1.1)
HTTP/1.1 200 OK
Content-Type: application/json; charset=utf-8
cache-control: no-cache
content-length: 88

05:02:51.814 [AsyncHttpClient-1-5] DEBUG org.asynchttpclient.netty.channel.ChannelManager - Adding key: http://localhost:56111 for channel [id: 0x6a8d0d46, L:/127.0.0.1:64672 - R:localhost/127.0.0.1:56111]
05:02:51.817 [Forwarding clickElement on session d77979fe3f716d98305f495fe70ad0d7 to remote] DEBUG org.asynchttpclient.netty.request.NettyRequestSender - Using pooled Channel '[id: 0x6a8d0d46, L:/127.0.0.1:64672 - R:localhost/127.0.0.1:56111]' for 'POST' to 'http://localhost:56111/session/d77979fe3f716d98305f495fe70ad0d7/element/84ea503d-d758-4f69-9d0d-73d305f08293/click'
05:02:51.817 [Forwarding clickElement on session d77979fe3f716d98305f495fe70ad0d7 to remote] DEBUG org.asynchttpclient.netty.request.NettyRequestSender - Using open Channel [id: 0x6a8d0d46, L:/127.0.0.1:64672 - R:localhost/127.0.0.1:56111] for POST '/session/d77979fe3f716d98305f495fe70ad0d7/element/84ea503d-d758-4f69-9d0d-73d305f08293/click'
05:02:51.837 [AsyncHttpClient-1-1] DEBUG org.asynchttpclient.netty.channel.DefaultChannelPool - Entry count for : http://localhost:64673 : 1
05:02:51.894 [AsyncHttpClient-1-5] DEBUG org.asynchttpclient.netty.handler.HttpHandler - 

Request DefaultHttpRequest(decodeResult: success, version: HTTP/1.1)
POST /session/d77979fe3f716d98305f495fe70ad0d7/element/84ea503d-d758-4f69-9d0d-73d305f08293/click HTTP/1.1
User-Agent: selenium/4.1.2 (java windows)
Content-Length: 50
Content-Type: application/json; charset=utf-8
host: localhost:56111
accept: */*

Response DefaultHttpResponse(decodeResult: success, version: HTTP/1.1)
HTTP/1.1 200 OK
Content-Type: application/json; charset=utf-8
cache-control: no-cache
content-length: 14

05:02:51.895 [AsyncHttpClient-1-5] DEBUG org.asynchttpclient.netty.channel.ChannelManager - Adding key: http://localhost:56111 for channel [id: 0x6a8d0d46, L:/127.0.0.1:64672 - R:localhost/127.0.0.1:56111]
05:02:51.911 [Forwarding screenshot on session d77979fe3f716d98305f495fe70ad0d7 to remote] DEBUG org.asynchttpclient.netty.request.NettyRequestSender - Using pooled Channel '[id: 0x6a8d0d46, L:/127.0.0.1:64672 - R:localhost/127.0.0.1:56111]' for 'GET' to 'http://localhost:56111/session/d77979fe3f716d98305f495fe70ad0d7/screenshot'
05:02:51.912 [Forwarding screenshot on session d77979fe3f716d98305f495fe70ad0d7 to remote] DEBUG org.asynchttpclient.netty.request.NettyRequestSender - Using open Channel [id: 0x6a8d0d46, L:/127.0.0.1:64672 - R:localhost/127.0.0.1:56111] for GET '/session/d77979fe3f716d98305f495fe70ad0d7/screenshot'
05:02:52.246 [AsyncHttpClient-1-5] DEBUG org.asynchttpclient.netty.handler.HttpHandler - 

Request DefaultFullHttpRequest(decodeResult: success, version: HTTP/1.1, content: EmptyByteBufBE)
GET /session/d77979fe3f716d98305f495fe70ad0d7/screenshot HTTP/1.1
User-Agent: selenium/4.1.2 (java windows)
Cache-Control: no-cache
Content-Type: application/json; charset=utf-8
host: localhost:56111
accept: */*

Response DefaultHttpResponse(decodeResult: success, version: HTTP/1.1)
HTTP/1.1 200 OK
Content-Type: application/json; charset=utf-8
cache-control: no-cache
content-length: 130640

05:02:52.248 [AsyncHttpClient-1-5] DEBUG org.asynchttpclient.netty.channel.ChannelManager - Adding key: http://localhost:56111 for channel [id: 0x6a8d0d46, L:/127.0.0.1:64672 - R:localhost/127.0.0.1:56111]
05:02:52.264 [main] DEBUG net.serenitybdd.core.photography.Darkroom - Send negative for processing for target\site\serenity\62c4d8356b6097723abb8a697436fe8b35c41a3e1600b11e10fc3d32f9d69206.png
05:02:52.264 [main] DEBUG net.thucydides.core.steps.StepInterceptor - STEP DONE: clickSuccessButton
  &amp#27;[32mThen &amp#27;[0m&amp#27;[32mi success login&amp#27;[0m                                           &amp#27;[90m# starter.stepdefenitions.LoginSteps.successLogin()&amp#27;[0m
05:02:52.266 [Darkroom Processing Line] DEBUG net.serenitybdd.core.photography.DarkroomProcessingLine - Processing screenshot image in /var/screenshots/screenshot-7857836914837370791
05:02:52.266 [Darkroom Processing Line] DEBUG net.serenitybdd.core.photography.DarkroomProcessingLine - Saving screenshot to target\site\serenity\62c4d8356b6097723abb8a697436fe8b35c41a3e1600b11e10fc3d32f9d69206.png
05:02:52.331 [Forwarding screenshot on session d77979fe3f716d98305f495fe70ad0d7 to remote] DEBUG org.asynchttpclient.netty.request.NettyRequestSender - Using pooled Channel '[id: 0x6a8d0d46, L:/127.0.0.1:64672 - R:localhost/127.0.0.1:56111]' for 'GET' to 'http://localhost:56111/session/d77979fe3f716d98305f495fe70ad0d7/screenshot'
05:02:52.331 [Forwarding screenshot on session d77979fe3f716d98305f495fe70ad0d7 to remote] DEBUG org.asynchttpclient.netty.request.NettyRequestSender - Using open Channel [id: 0x6a8d0d46, L:/127.0.0.1:64672 - R:localhost/127.0.0.1:56111] for GET '/session/d77979fe3f716d98305f495fe70ad0d7/screenshot'
05:02:52.623 [AsyncHttpClient-1-5] DEBUG org.asynchttpclient.netty.handler.HttpHandler - 

Request DefaultFullHttpRequest(decodeResult: success, version: HTTP/1.1, content: EmptyByteBufBE)
GET /session/d77979fe3f716d98305f495fe70ad0d7/screenshot HTTP/1.1
User-Agent: selenium/4.1.2 (java windows)
Cache-Control: no-cache
Content-Type: application/json; charset=utf-8
host: localhost:56111
accept: */*

Response DefaultHttpResponse(decodeResult: success, version: HTTP/1.1)
HTTP/1.1 200 OK
Content-Type: application/json; charset=utf-8
cache-control: no-cache
content-length: 130568

05:02:52.625 [AsyncHttpClient-1-5] DEBUG org.asynchttpclient.netty.channel.ChannelManager - Adding key: http://localhost:56111 for channel [id: 0x6a8d0d46, L:/127.0.0.1:64672 - R:localhost/127.0.0.1:56111]
05:02:52.641 [main] DEBUG net.serenitybdd.core.photography.Darkroom - Send negative for processing for target\site\serenity\c43161e3c16acaf0e6b497b48b40547c2086c23c8a4e9095f224016a9d5972dc.png
05:02:52.642 [main] DEBUG net.thucydides.core.steps.StepInterceptor - STARTING STEP: ComplexSteps.adminOnTheHomePage - validationOnHomepage
05:02:52.648 [Forwarding findElement on session d77979fe3f716d98305f495fe70ad0d7 to remote] DEBUG org.asynchttpclient.netty.request.NettyRequestSender - Using pooled Channel '[id: 0x6a8d0d46, L:/127.0.0.1:64672 - R:localhost/127.0.0.1:56111]' for 'POST' to 'http://localhost:56111/session/d77979fe3f716d98305f495fe70ad0d7/element'
05:02:52.648 [Forwarding findElement on session d77979fe3f716d98305f495fe70ad0d7 to remote] DEBUG org.asynchttpclient.netty.request.NettyRequestSender - Using open Channel [id: 0x6a8d0d46, L:/127.0.0.1:64672 - R:localhost/127.0.0.1:56111] for POST '/session/d77979fe3f716d98305f495fe70ad0d7/element'
05:02:52.676 [AsyncHttpClient-1-5] DEBUG org.asynchttpclient.netty.handler.HttpHandler - 

Request DefaultHttpRequest(decodeResult: success, version: HTTP/1.1)
POST /session/d77979fe3f716d98305f495fe70ad0d7/element HTTP/1.1
User-Agent: selenium/4.1.2 (java windows)
Content-Length: 70
Content-Type: application/json; charset=utf-8
host: localhost:56111
accept: */*

Response DefaultHttpResponse(decodeResult: success, version: HTTP/1.1)
HTTP/1.1 200 OK
Content-Type: application/json; charset=utf-8
cache-control: no-cache
content-length: 88

05:02:52.676 [AsyncHttpClient-1-5] DEBUG org.asynchttpclient.netty.channel.ChannelManager - Adding key: http://localhost:56111 for channel [id: 0x6a8d0d46, L:/127.0.0.1:64672 - R:localhost/127.0.0.1:56111]
05:02:52.686 [Forwarding isElementDisplayed on session d77979fe3f716d98305f495fe70ad0d7 to remote] DEBUG org.asynchttpclient.netty.request.NettyRequestSender - Using pooled Channel '[id: 0x6a8d0d46, L:/127.0.0.1:64672 - R:localhost/127.0.0.1:56111]' for 'POST' to 'http://localhost:56111/session/d77979fe3f716d98305f495fe70ad0d7/execute/sync'
05:02:52.687 [Forwarding isElementDisplayed on session d77979fe3f716d98305f495fe70ad0d7 to remote] DEBUG org.asynchttpclient.netty.request.NettyRequestSender - Using open Channel [id: 0x6a8d0d46, L:/127.0.0.1:64672 - R:localhost/127.0.0.1:56111] for POST '/session/d77979fe3f716d98305f495fe70ad0d7/execute/sync'
05:02:52.708 [AsyncHttpClient-1-5] DEBUG org.asynchttpclient.netty.handler.HttpHandler - 

Request DefaultHttpRequest(decodeResult: success, version: HTTP/1.1)
POST /session/d77979fe3f716d98305f495fe70ad0d7/execute/sync HTTP/1.1
User-Agent: selenium/4.1.2 (java windows)
Content-Length: 48780
Content-Type: application/json; charset=utf-8
host: localhost:56111
accept: */*

Response DefaultHttpResponse(decodeResult: success, version: HTTP/1.1)
HTTP/1.1 200 OK
Content-Type: application/json; charset=utf-8
cache-control: no-cache
content-length: 14

05:02:52.709 [AsyncHttpClient-1-5] DEBUG org.asynchttpclient.netty.channel.ChannelManager - Adding key: http://localhost:56111 for channel [id: 0x6a8d0d46, L:/127.0.0.1:64672 - R:localhost/127.0.0.1:56111]
05:02:52.760 [Forwarding screenshot on session d77979fe3f716d98305f495fe70ad0d7 to remote] DEBUG org.asynchttpclient.netty.request.NettyRequestSender - Using pooled Channel '[id: 0x6a8d0d46, L:/127.0.0.1:64672 - R:localhost/127.0.0.1:56111]' for 'GET' to 'http://localhost:56111/session/d77979fe3f716d98305f495fe70ad0d7/screenshot'
05:02:52.760 [Forwarding screenshot on session d77979fe3f716d98305f495fe70ad0d7 to remote] DEBUG org.asynchttpclient.netty.request.NettyRequestSender - Using open Channel [id: 0x6a8d0d46, L:/127.0.0.1:64672 - R:localhost/127.0.0.1:56111] for GET '/session/d77979fe3f716d98305f495fe70ad0d7/screenshot'
05:02:52.934 [AsyncHttpClient-1-1] DEBUG org.asynchttpclient.netty.channel.DefaultChannelPool - Entry count for : http://localhost:64673 : 1
05:02:53.040 [AsyncHttpClient-1-5] DEBUG org.asynchttpclient.netty.handler.HttpHandler - 

Request DefaultFullHttpRequest(decodeResult: success, version: HTTP/1.1, content: EmptyByteBufBE)
GET /session/d77979fe3f716d98305f495fe70ad0d7/screenshot HTTP/1.1
User-Agent: selenium/4.1.2 (java windows)
Cache-Control: no-cache
Content-Type: application/json; charset=utf-8
host: localhost:56111
accept: */*

Response DefaultHttpResponse(decodeResult: success, version: HTTP/1.1)
HTTP/1.1 200 OK
Content-Type: application/json; charset=utf-8
cache-control: no-cache
content-length: 130568

05:02:53.042 [AsyncHttpClient-1-5] DEBUG org.asynchttpclient.netty.channel.ChannelManager - Adding key: http://localhost:56111 for channel [id: 0x6a8d0d46, L:/127.0.0.1:64672 - R:localhost/127.0.0.1:56111]
05:02:53.055 [main] DEBUG net.serenitybdd.core.photography.Darkroom - Send negative for processing for target\site\serenity\c43161e3c16acaf0e6b497b48b40547c2086c23c8a4e9095f224016a9d5972dc.png
05:02:53.056 [main] DEBUG net.thucydides.core.steps.StepInterceptor - STEP DONE: validationOnHomepage
  &amp#27;[32mGiven &amp#27;[0m&amp#27;[32madmin on the home page&amp#27;[0m                                   &amp#27;[90m# starter.stepdefenitions.ComplexSteps.adminOnTheHomePage()&amp#27;[0m
05:02:53.109 [Forwarding screenshot on session d77979fe3f716d98305f495fe70ad0d7 to remote] DEBUG org.asynchttpclient.netty.request.NettyRequestSender - Using pooled Channel '[id: 0x6a8d0d46, L:/127.0.0.1:64672 - R:localhost/127.0.0.1:56111]' for 'GET' to 'http://localhost:56111/session/d77979fe3f716d98305f495fe70ad0d7/screenshot'
05:02:53.109 [Forwarding screenshot on session d77979fe3f716d98305f495fe70ad0d7 to remote] DEBUG org.asynchttpclient.netty.request.NettyRequestSender - Using open Channel [id: 0x6a8d0d46, L:/127.0.0.1:64672 - R:localhost/127.0.0.1:56111] for GET '/session/d77979fe3f716d98305f495fe70ad0d7/screenshot'
05:02:53.387 [AsyncHttpClient-1-5] DEBUG org.asynchttpclient.netty.handler.HttpHandler - 

Request DefaultFullHttpRequest(decodeResult: success, version: HTTP/1.1, content: EmptyByteBufBE)
GET /session/d77979fe3f716d98305f495fe70ad0d7/screenshot HTTP/1.1
User-Agent: selenium/4.1.2 (java windows)
Cache-Control: no-cache
Content-Type: application/json; charset=utf-8
host: localhost:56111
accept: */*

Response DefaultHttpResponse(decodeResult: success, version: HTTP/1.1)
HTTP/1.1 200 OK
Content-Type: application/json; charset=utf-8
cache-control: no-cache
content-length: 130568

05:02:53.388 [AsyncHttpClient-1-5] DEBUG org.asynchttpclient.netty.channel.ChannelManager - Adding key: http://localhost:56111 for channel [id: 0x6a8d0d46, L:/127.0.0.1:64672 - R:localhost/127.0.0.1:56111]
05:02:53.402 [main] DEBUG net.serenitybdd.core.photography.Darkroom - Send negative for processing for target\site\serenity\c43161e3c16acaf0e6b497b48b40547c2086c23c8a4e9095f224016a9d5972dc.png
05:02:53.403 [main] DEBUG net.thucydides.core.steps.StepInterceptor - STARTING STEP: BuildingSteps.iClickBuildingOnHomePage - toBuildingPage
05:02:53.413 [Forwarding findElement on session d77979fe3f716d98305f495fe70ad0d7 to remote] DEBUG org.asynchttpclient.netty.request.NettyRequestSender - Using pooled Channel '[id: 0x6a8d0d46, L:/127.0.0.1:64672 - R:localhost/127.0.0.1:56111]' for 'POST' to 'http://localhost:56111/session/d77979fe3f716d98305f495fe70ad0d7/element'
05:02:53.413 [Forwarding findElement on session d77979fe3f716d98305f495fe70ad0d7 to remote] DEBUG org.asynchttpclient.netty.request.NettyRequestSender - Using open Channel [id: 0x6a8d0d46, L:/127.0.0.1:64672 - R:localhost/127.0.0.1:56111] for POST '/session/d77979fe3f716d98305f495fe70ad0d7/element'
05:02:53.439 [AsyncHttpClient-1-5] DEBUG org.asynchttpclient.netty.handler.HttpHandler - 

Request DefaultHttpRequest(decodeResult: success, version: HTTP/1.1)
POST /session/d77979fe3f716d98305f495fe70ad0d7/element HTTP/1.1
User-Agent: selenium/4.1.2 (java windows)
Content-Length: 74
Content-Type: application/json; charset=utf-8
host: localhost:56111
accept: */*

Response DefaultHttpResponse(decodeResult: success, version: HTTP/1.1)
HTTP/1.1 200 OK
Content-Type: application/json; charset=utf-8
cache-control: no-cache
content-length: 88

05:02:53.439 [AsyncHttpClient-1-5] DEBUG org.asynchttpclient.netty.channel.ChannelManager - Adding key: http://localhost:56111 for channel [id: 0x6a8d0d46, L:/127.0.0.1:64672 - R:localhost/127.0.0.1:56111]
05:02:53.443 [Forwarding getElementTagName on session d77979fe3f716d98305f495fe70ad0d7 to remote] DEBUG org.asynchttpclient.netty.request.NettyRequestSender - Using pooled Channel '[id: 0x6a8d0d46, L:/127.0.0.1:64672 - R:localhost/127.0.0.1:56111]' for 'GET' to 'http://localhost:56111/session/d77979fe3f716d98305f495fe70ad0d7/element/1eeadadb-a729-495e-94b3-2aacb27bcb25/name'
05:02:53.443 [Forwarding getElementTagName on session d77979fe3f716d98305f495fe70ad0d7 to remote] DEBUG org.asynchttpclient.netty.request.NettyRequestSender - Using open Channel [id: 0x6a8d0d46, L:/127.0.0.1:64672 - R:localhost/127.0.0.1:56111] for GET '/session/d77979fe3f716d98305f495fe70ad0d7/element/1eeadadb-a729-495e-94b3-2aacb27bcb25/name'
05:02:53.451 [AsyncHttpClient-1-5] DEBUG org.asynchttpclient.netty.handler.HttpHandler - 

Request DefaultFullHttpRequest(decodeResult: success, version: HTTP/1.1, content: EmptyByteBufBE)
GET /session/d77979fe3f716d98305f495fe70ad0d7/element/1eeadadb-a729-495e-94b3-2aacb27bcb25/name HTTP/1.1
User-Agent: selenium/4.1.2 (java windows)
Cache-Control: no-cache
Content-Type: application/json; charset=utf-8
host: localhost:56111
accept: */*

Response DefaultHttpResponse(decodeResult: success, version: HTTP/1.1)
HTTP/1.1 200 OK
Content-Type: application/json; charset=utf-8
cache-control: no-cache
content-length: 13

05:02:53.451 [AsyncHttpClient-1-5] DEBUG org.asynchttpclient.netty.channel.ChannelManager - Adding key: http://localhost:56111 for channel [id: 0x6a8d0d46, L:/127.0.0.1:64672 - R:localhost/127.0.0.1:56111]
05:02:53.454 [Forwarding getElementTagName on session d77979fe3f716d98305f495fe70ad0d7 to remote] DEBUG org.asynchttpclient.netty.request.NettyRequestSender - Using pooled Channel '[id: 0x6a8d0d46, L:/127.0.0.1:64672 - R:localhost/127.0.0.1:56111]' for 'GET' to 'http://localhost:56111/session/d77979fe3f716d98305f495fe70ad0d7/element/1eeadadb-a729-495e-94b3-2aacb27bcb25/name'
05:02:53.454 [Forwarding getElementTagName on session d77979fe3f716d98305f495fe70ad0d7 to remote] DEBUG org.asynchttpclient.netty.request.NettyRequestSender - Using open Channel [id: 0x6a8d0d46, L:/127.0.0.1:64672 - R:localhost/127.0.0.1:56111] for GET '/session/d77979fe3f716d98305f495fe70ad0d7/element/1eeadadb-a729-495e-94b3-2aacb27bcb25/name'
05:02:53.460 [AsyncHttpClient-1-5] DEBUG org.asynchttpclient.netty.handler.HttpHandler - 

Request DefaultFullHttpRequest(decodeResult: success, version: HTTP/1.1, content: EmptyByteBufBE)
GET /session/d77979fe3f716d98305f495fe70ad0d7/element/1eeadadb-a729-495e-94b3-2aacb27bcb25/name HTTP/1.1
User-Agent: selenium/4.1.2 (java windows)
Cache-Control: no-cache
Content-Type: application/json; charset=utf-8
host: localhost:56111
accept: */*

Response DefaultHttpResponse(decodeResult: success, version: HTTP/1.1)
HTTP/1.1 200 OK
Content-Type: application/json; charset=utf-8
cache-control: no-cache
content-length: 13

05:02:53.461 [AsyncHttpClient-1-5] DEBUG org.asynchttpclient.netty.channel.ChannelManager - Adding key: http://localhost:56111 for channel [id: 0x6a8d0d46, L:/127.0.0.1:64672 - R:localhost/127.0.0.1:56111]
05:02:53.465 [Forwarding findElement on session d77979fe3f716d98305f495fe70ad0d7 to remote] DEBUG org.asynchttpclient.netty.request.NettyRequestSender - Using pooled Channel '[id: 0x6a8d0d46, L:/127.0.0.1:64672 - R:localhost/127.0.0.1:56111]' for 'POST' to 'http://localhost:56111/session/d77979fe3f716d98305f495fe70ad0d7/element'
05:02:53.465 [Forwarding findElement on session d77979fe3f716d98305f495fe70ad0d7 to remote] DEBUG org.asynchttpclient.netty.request.NettyRequestSender - Using open Channel [id: 0x6a8d0d46, L:/127.0.0.1:64672 - R:localhost/127.0.0.1:56111] for POST '/session/d77979fe3f716d98305f495fe70ad0d7/element'
05:02:53.478 [AsyncHttpClient-1-5] DEBUG org.asynchttpclient.netty.handler.HttpHandler - 

Request DefaultHttpRequest(decodeResult: success, version: HTTP/1.1)
POST /session/d77979fe3f716d98305f495fe70ad0d7/element HTTP/1.1
User-Agent: selenium/4.1.2 (java windows)
Content-Length: 74
Content-Type: application/json; charset=utf-8
host: localhost:56111
accept: */*

Response DefaultHttpResponse(decodeResult: success, version: HTTP/1.1)
HTTP/1.1 200 OK
Content-Type: application/json; charset=utf-8
cache-control: no-cache
content-length: 88

05:02:53.478 [AsyncHttpClient-1-5] DEBUG org.asynchttpclient.netty.channel.ChannelManager - Adding key: http://localhost:56111 for channel [id: 0x6a8d0d46, L:/127.0.0.1:64672 - R:localhost/127.0.0.1:56111]
05:02:53.481 [Forwarding clickElement on session d77979fe3f716d98305f495fe70ad0d7 to remote] DEBUG org.asynchttpclient.netty.request.NettyRequestSender - Using pooled Channel '[id: 0x6a8d0d46, L:/127.0.0.1:64672 - R:localhost/127.0.0.1:56111]' for 'POST' to 'http://localhost:56111/session/d77979fe3f716d98305f495fe70ad0d7/element/1eeadadb-a729-495e-94b3-2aacb27bcb25/click'
05:02:53.481 [Forwarding clickElement on session d77979fe3f716d98305f495fe70ad0d7 to remote] DEBUG org.asynchttpclient.netty.request.NettyRequestSender - Using open Channel [id: 0x6a8d0d46, L:/127.0.0.1:64672 - R:localhost/127.0.0.1:56111] for POST '/session/d77979fe3f716d98305f495fe70ad0d7/element/1eeadadb-a729-495e-94b3-2aacb27bcb25/click'
05:02:53.656 [AsyncHttpClient-1-5] DEBUG org.asynchttpclient.netty.handler.HttpHandler - 

Request DefaultHttpRequest(decodeResult: success, version: HTTP/1.1)
POST /session/d77979fe3f716d98305f495fe70ad0d7/element/1eeadadb-a729-495e-94b3-2aacb27bcb25/click HTTP/1.1
User-Agent: selenium/4.1.2 (java windows)
Content-Length: 50
Content-Type: application/json; charset=utf-8
host: localhost:56111
accept: */*

Response DefaultHttpResponse(decodeResult: success, version: HTTP/1.1)
HTTP/1.1 200 OK
Content-Type: application/json; charset=utf-8
cache-control: no-cache
content-length: 14

05:02:53.656 [AsyncHttpClient-1-5] DEBUG org.asynchttpclient.netty.channel.ChannelManager - Adding key: http://localhost:56111 for channel [id: 0x6a8d0d46, L:/127.0.0.1:64672 - R:localhost/127.0.0.1:56111]
05:02:53.674 [Forwarding screenshot on session d77979fe3f716d98305f495fe70ad0d7 to remote] DEBUG org.asynchttpclient.netty.request.NettyRequestSender - Using pooled Channel '[id: 0x6a8d0d46, L:/127.0.0.1:64672 - R:localhost/127.0.0.1:56111]' for 'GET' to 'http://localhost:56111/session/d77979fe3f716d98305f495fe70ad0d7/screenshot'
05:02:53.674 [Forwarding screenshot on session d77979fe3f716d98305f495fe70ad0d7 to remote] DEBUG org.asynchttpclient.netty.request.NettyRequestSender - Using open Channel [id: 0x6a8d0d46, L:/127.0.0.1:64672 - R:localhost/127.0.0.1:56111] for GET '/session/d77979fe3f716d98305f495fe70ad0d7/screenshot'
05:02:53.937 [AsyncHttpClient-1-5] DEBUG org.asynchttpclient.netty.handler.HttpHandler - 

Request DefaultFullHttpRequest(decodeResult: success, version: HTTP/1.1, content: EmptyByteBufBE)
GET /session/d77979fe3f716d98305f495fe70ad0d7/screenshot HTTP/1.1
User-Agent: selenium/4.1.2 (java windows)
Cache-Control: no-cache
Content-Type: application/json; charset=utf-8
host: localhost:56111
accept: */*

Response DefaultHttpResponse(decodeResult: success, version: HTTP/1.1)
HTTP/1.1 200 OK
Content-Type: application/json; charset=utf-8
cache-control: no-cache
content-length: 56504

05:02:53.938 [AsyncHttpClient-1-5] DEBUG org.asynchttpclient.netty.channel.ChannelManager - Adding key: http://localhost:56111 for channel [id: 0x6a8d0d46, L:/127.0.0.1:64672 - R:localhost/127.0.0.1:56111]
05:02:53.946 [main] DEBUG net.serenitybdd.core.photography.Darkroom - Send negative for processing for target\site\serenity\afdaba35cf5ef4da5cdfc2da6ba377c9389ec2df5e152e370be672376afc5247.png
05:02:53.946 [main] DEBUG net.thucydides.core.steps.StepInterceptor - STEP DONE: toBuildingPage
  &amp#27;[32mWhen &amp#27;[0m&amp#27;[32mI click building on home page&amp#27;[0m                             &amp#27;[90m# starter.stepdefenitions.BuildingSteps.iClickBuildingOnHomePage()&amp#27;[0m
05:02:54.002 [Forwarding screenshot on session d77979fe3f716d98305f495fe70ad0d7 to remote] DEBUG org.asynchttpclient.netty.request.NettyRequestSender - Using pooled Channel '[id: 0x6a8d0d46, L:/127.0.0.1:64672 - R:localhost/127.0.0.1:56111]' for 'GET' to 'http://localhost:56111/session/d77979fe3f716d98305f495fe70ad0d7/screenshot'
05:02:54.003 [Forwarding screenshot on session d77979fe3f716d98305f495fe70ad0d7 to remote] DEBUG org.asynchttpclient.netty.request.NettyRequestSender - Using open Channel [id: 0x6a8d0d46, L:/127.0.0.1:64672 - R:localhost/127.0.0.1:56111] for GET '/session/d77979fe3f716d98305f495fe70ad0d7/screenshot'
05:02:54.042 [AsyncHttpClient-1-1] DEBUG org.asynchttpclient.netty.channel.DefaultChannelPool - Entry count for : http://localhost:64673 : 1
05:02:54.345 [AsyncHttpClient-1-5] DEBUG org.asynchttpclient.netty.handler.HttpHandler - 

Request DefaultFullHttpRequest(decodeResult: success, version: HTTP/1.1, content: EmptyByteBufBE)
GET /session/d77979fe3f716d98305f495fe70ad0d7/screenshot HTTP/1.1
User-Agent: selenium/4.1.2 (java windows)
Cache-Control: no-cache
Content-Type: application/json; charset=utf-8
host: localhost:56111
accept: */*

Response DefaultHttpResponse(decodeResult: success, version: HTTP/1.1)
HTTP/1.1 200 OK
Content-Type: application/json; charset=utf-8
cache-control: no-cache
content-length: 125376

05:02:54.346 [AsyncHttpClient-1-5] DEBUG org.asynchttpclient.netty.channel.ChannelManager - Adding key: http://localhost:56111 for channel [id: 0x6a8d0d46, L:/127.0.0.1:64672 - R:localhost/127.0.0.1:56111]
05:02:54.361 [main] DEBUG net.serenitybdd.core.photography.Darkroom - Send negative for processing for target\site\serenity\c839a9fde8705c6d7245d42694b3362024c670e8ae82a5e21046481bd6b97a1b.png
05:02:54.362 [main] DEBUG net.thucydides.core.steps.StepInterceptor - STARTING STEP: BuildingSteps.adminClickCreateNewBuilding - clickCreateBuilding
05:02:54.371 [Forwarding findElement on session d77979fe3f716d98305f495fe70ad0d7 to remote] DEBUG org.asynchttpclient.netty.request.NettyRequestSender - Using pooled Channel '[id: 0x6a8d0d46, L:/127.0.0.1:64672 - R:localhost/127.0.0.1:56111]' for 'POST' to 'http://localhost:56111/session/d77979fe3f716d98305f495fe70ad0d7/element'
05:02:54.371 [Forwarding findElement on session d77979fe3f716d98305f495fe70ad0d7 to remote] DEBUG org.asynchttpclient.netty.request.NettyRequestSender - Using open Channel [id: 0x6a8d0d46, L:/127.0.0.1:64672 - R:localhost/127.0.0.1:56111] for POST '/session/d77979fe3f716d98305f495fe70ad0d7/element'
05:02:54.397 [AsyncHttpClient-1-5] DEBUG org.asynchttpclient.netty.handler.HttpHandler - 

Request DefaultHttpRequest(decodeResult: success, version: HTTP/1.1)
POST /session/d77979fe3f716d98305f495fe70ad0d7/element HTTP/1.1
User-Agent: selenium/4.1.2 (java windows)
Content-Length: 92
Content-Type: application/json; charset=utf-8
host: localhost:56111
accept: */*

Response DefaultHttpResponse(decodeResult: success, version: HTTP/1.1)
HTTP/1.1 200 OK
Content-Type: application/json; charset=utf-8
cache-control: no-cache
content-length: 88

05:02:54.398 [AsyncHttpClient-1-5] DEBUG org.asynchttpclient.netty.channel.ChannelManager - Adding key: http://localhost:56111 for channel [id: 0x6a8d0d46, L:/127.0.0.1:64672 - R:localhost/127.0.0.1:56111]
05:02:54.401 [Forwarding getElementTagName on session d77979fe3f716d98305f495fe70ad0d7 to remote] DEBUG org.asynchttpclient.netty.request.NettyRequestSender - Using pooled Channel '[id: 0x6a8d0d46, L:/127.0.0.1:64672 - R:localhost/127.0.0.1:56111]' for 'GET' to 'http://localhost:56111/session/d77979fe3f716d98305f495fe70ad0d7/element/988ee703-9f1a-405a-972a-e60d0506db50/name'
05:02:54.401 [Forwarding getElementTagName on session d77979fe3f716d98305f495fe70ad0d7 to remote] DEBUG org.asynchttpclient.netty.request.NettyRequestSender - Using open Channel [id: 0x6a8d0d46, L:/127.0.0.1:64672 - R:localhost/127.0.0.1:56111] for GET '/session/d77979fe3f716d98305f495fe70ad0d7/element/988ee703-9f1a-405a-972a-e60d0506db50/name'
05:02:54.413 [AsyncHttpClient-1-5] DEBUG org.asynchttpclient.netty.handler.HttpHandler - 

Request DefaultFullHttpRequest(decodeResult: success, version: HTTP/1.1, content: EmptyByteBufBE)
GET /session/d77979fe3f716d98305f495fe70ad0d7/element/988ee703-9f1a-405a-972a-e60d0506db50/name HTTP/1.1
User-Agent: selenium/4.1.2 (java windows)
Cache-Control: no-cache
Content-Type: application/json; charset=utf-8
host: localhost:56111
accept: */*

Response DefaultHttpResponse(decodeResult: success, version: HTTP/1.1)
HTTP/1.1 200 OK
Content-Type: application/json; charset=utf-8
cache-control: no-cache
content-length: 18

05:02:54.413 [AsyncHttpClient-1-5] DEBUG org.asynchttpclient.netty.channel.ChannelManager - Adding key: http://localhost:56111 for channel [id: 0x6a8d0d46, L:/127.0.0.1:64672 - R:localhost/127.0.0.1:56111]
05:02:54.417 [Forwarding getElementTagName on session d77979fe3f716d98305f495fe70ad0d7 to remote] DEBUG org.asynchttpclient.netty.request.NettyRequestSender - Using pooled Channel '[id: 0x6a8d0d46, L:/127.0.0.1:64672 - R:localhost/127.0.0.1:56111]' for 'GET' to 'http://localhost:56111/session/d77979fe3f716d98305f495fe70ad0d7/element/988ee703-9f1a-405a-972a-e60d0506db50/name'
05:02:54.418 [Forwarding getElementTagName on session d77979fe3f716d98305f495fe70ad0d7 to remote] DEBUG org.asynchttpclient.netty.request.NettyRequestSender - Using open Channel [id: 0x6a8d0d46, L:/127.0.0.1:64672 - R:localhost/127.0.0.1:56111] for GET '/session/d77979fe3f716d98305f495fe70ad0d7/element/988ee703-9f1a-405a-972a-e60d0506db50/name'
05:02:54.425 [AsyncHttpClient-1-5] DEBUG org.asynchttpclient.netty.handler.HttpHandler - 

Request DefaultFullHttpRequest(decodeResult: success, version: HTTP/1.1, content: EmptyByteBufBE)
GET /session/d77979fe3f716d98305f495fe70ad0d7/element/988ee703-9f1a-405a-972a-e60d0506db50/name HTTP/1.1
User-Agent: selenium/4.1.2 (java windows)
Cache-Control: no-cache
Content-Type: application/json; charset=utf-8
host: localhost:56111
accept: */*

Response DefaultHttpResponse(decodeResult: success, version: HTTP/1.1)
HTTP/1.1 200 OK
Content-Type: application/json; charset=utf-8
cache-control: no-cache
content-length: 18

05:02:54.425 [AsyncHttpClient-1-5] DEBUG org.asynchttpclient.netty.channel.ChannelManager - Adding key: http://localhost:56111 for channel [id: 0x6a8d0d46, L:/127.0.0.1:64672 - R:localhost/127.0.0.1:56111]
05:02:54.432 [Forwarding isElementEnabled on session d77979fe3f716d98305f495fe70ad0d7 to remote] DEBUG org.asynchttpclient.netty.request.NettyRequestSender - Using pooled Channel '[id: 0x6a8d0d46, L:/127.0.0.1:64672 - R:localhost/127.0.0.1:56111]' for 'GET' to 'http://localhost:56111/session/d77979fe3f716d98305f495fe70ad0d7/element/988ee703-9f1a-405a-972a-e60d0506db50/enabled'
05:02:54.433 [Forwarding isElementEnabled on session d77979fe3f716d98305f495fe70ad0d7 to remote] DEBUG org.asynchttpclient.netty.request.NettyRequestSender - Using open Channel [id: 0x6a8d0d46, L:/127.0.0.1:64672 - R:localhost/127.0.0.1:56111] for GET '/session/d77979fe3f716d98305f495fe70ad0d7/element/988ee703-9f1a-405a-972a-e60d0506db50/enabled'
05:02:54.451 [AsyncHttpClient-1-5] DEBUG org.asynchttpclient.netty.handler.HttpHandler - 

Request DefaultFullHttpRequest(decodeResult: success, version: HTTP/1.1, content: EmptyByteBufBE)
GET /session/d77979fe3f716d98305f495fe70ad0d7/element/988ee703-9f1a-405a-972a-e60d0506db50/enabled HTTP/1.1
User-Agent: selenium/4.1.2 (java windows)
Cache-Control: no-cache
Content-Type: application/json; charset=utf-8
host: localhost:56111
accept: */*

Response DefaultHttpResponse(decodeResult: success, version: HTTP/1.1)
HTTP/1.1 200 OK
Content-Type: application/json; charset=utf-8
cache-control: no-cache
content-length: 14

05:02:54.452 [AsyncHttpClient-1-5] DEBUG org.asynchttpclient.netty.channel.ChannelManager - Adding key: http://localhost:56111 for channel [id: 0x6a8d0d46, L:/127.0.0.1:64672 - R:localhost/127.0.0.1:56111]
05:02:54.455 [Forwarding isElementEnabled on session d77979fe3f716d98305f495fe70ad0d7 to remote] DEBUG org.asynchttpclient.netty.request.NettyRequestSender - Using pooled Channel '[id: 0x6a8d0d46, L:/127.0.0.1:64672 - R:localhost/127.0.0.1:56111]' for 'GET' to 'http://localhost:56111/session/d77979fe3f716d98305f495fe70ad0d7/element/988ee703-9f1a-405a-972a-e60d0506db50/enabled'
05:02:54.455 [Forwarding isElementEnabled on session d77979fe3f716d98305f495fe70ad0d7 to remote] DEBUG org.asynchttpclient.netty.request.NettyRequestSender - Using open Channel [id: 0x6a8d0d46, L:/127.0.0.1:64672 - R:localhost/127.0.0.1:56111] for GET '/session/d77979fe3f716d98305f495fe70ad0d7/element/988ee703-9f1a-405a-972a-e60d0506db50/enabled'
05:02:54.466 [AsyncHttpClient-1-5] DEBUG org.asynchttpclient.netty.handler.HttpHandler - 

Request DefaultFullHttpRequest(decodeResult: success, version: HTTP/1.1, content: EmptyByteBufBE)
GET /session/d77979fe3f716d98305f495fe70ad0d7/element/988ee703-9f1a-405a-972a-e60d0506db50/enabled HTTP/1.1
User-Agent: selenium/4.1.2 (java windows)
Cache-Control: no-cache
Content-Type: application/json; charset=utf-8
host: localhost:56111
accept: */*

Response DefaultHttpResponse(decodeResult: success, version: HTTP/1.1)
HTTP/1.1 200 OK
Content-Type: application/json; charset=utf-8
cache-control: no-cache
content-length: 14

05:02:54.466 [AsyncHttpClient-1-5] DEBUG org.asynchttpclient.netty.channel.ChannelManager - Adding key: http://localhost:56111 for channel [id: 0x6a8d0d46, L:/127.0.0.1:64672 - R:localhost/127.0.0.1:56111]
05:02:54.471 [Forwarding findElement on session d77979fe3f716d98305f495fe70ad0d7 to remote] DEBUG org.asynchttpclient.netty.request.NettyRequestSender - Using pooled Channel '[id: 0x6a8d0d46, L:/127.0.0.1:64672 - R:localhost/127.0.0.1:56111]' for 'POST' to 'http://localhost:56111/session/d77979fe3f716d98305f495fe70ad0d7/element'
05:02:54.472 [Forwarding findElement on session d77979fe3f716d98305f495fe70ad0d7 to remote] DEBUG org.asynchttpclient.netty.request.NettyRequestSender - Using open Channel [id: 0x6a8d0d46, L:/127.0.0.1:64672 - R:localhost/127.0.0.1:56111] for POST '/session/d77979fe3f716d98305f495fe70ad0d7/element'
05:02:54.488 [AsyncHttpClient-1-5] DEBUG org.asynchttpclient.netty.handler.HttpHandler - 

Request DefaultHttpRequest(decodeResult: success, version: HTTP/1.1)
POST /session/d77979fe3f716d98305f495fe70ad0d7/element HTTP/1.1
User-Agent: selenium/4.1.2 (java windows)
Content-Length: 92
Content-Type: application/json; charset=utf-8
host: localhost:56111
accept: */*

Response DefaultHttpResponse(decodeResult: success, version: HTTP/1.1)
HTTP/1.1 200 OK
Content-Type: application/json; charset=utf-8
cache-control: no-cache
content-length: 88

05:02:54.489 [AsyncHttpClient-1-5] DEBUG org.asynchttpclient.netty.channel.ChannelManager - Adding key: http://localhost:56111 for channel [id: 0x6a8d0d46, L:/127.0.0.1:64672 - R:localhost/127.0.0.1:56111]
05:02:54.492 [Forwarding clickElement on session d77979fe3f716d98305f495fe70ad0d7 to remote] DEBUG org.asynchttpclient.netty.request.NettyRequestSender - Using pooled Channel '[id: 0x6a8d0d46, L:/127.0.0.1:64672 - R:localhost/127.0.0.1:56111]' for 'POST' to 'http://localhost:56111/session/d77979fe3f716d98305f495fe70ad0d7/element/988ee703-9f1a-405a-972a-e60d0506db50/click'
05:02:54.492 [Forwarding clickElement on session d77979fe3f716d98305f495fe70ad0d7 to remote] DEBUG org.asynchttpclient.netty.request.NettyRequestSender - Using open Channel [id: 0x6a8d0d46, L:/127.0.0.1:64672 - R:localhost/127.0.0.1:56111] for POST '/session/d77979fe3f716d98305f495fe70ad0d7/element/988ee703-9f1a-405a-972a-e60d0506db50/click'
05:02:54.671 [AsyncHttpClient-1-5] DEBUG org.asynchttpclient.netty.handler.HttpHandler - 

Request DefaultHttpRequest(decodeResult: success, version: HTTP/1.1)
POST /session/d77979fe3f716d98305f495fe70ad0d7/element/988ee703-9f1a-405a-972a-e60d0506db50/click HTTP/1.1
User-Agent: selenium/4.1.2 (java windows)
Content-Length: 50
Content-Type: application/json; charset=utf-8
host: localhost:56111
accept: */*

Response DefaultHttpResponse(decodeResult: success, version: HTTP/1.1)
HTTP/1.1 200 OK
Content-Type: application/json; charset=utf-8
cache-control: no-cache
content-length: 14

05:02:54.672 [AsyncHttpClient-1-5] DEBUG org.asynchttpclient.netty.channel.ChannelManager - Adding key: http://localhost:56111 for channel [id: 0x6a8d0d46, L:/127.0.0.1:64672 - R:localhost/127.0.0.1:56111]
05:02:54.692 [Forwarding screenshot on session d77979fe3f716d98305f495fe70ad0d7 to remote] DEBUG org.asynchttpclient.netty.request.NettyRequestSender - Using pooled Channel '[id: 0x6a8d0d46, L:/127.0.0.1:64672 - R:localhost/127.0.0.1:56111]' for 'GET' to 'http://localhost:56111/session/d77979fe3f716d98305f495fe70ad0d7/screenshot'
05:02:54.692 [Forwarding screenshot on session d77979fe3f716d98305f495fe70ad0d7 to remote] DEBUG org.asynchttpclient.netty.request.NettyRequestSender - Using open Channel [id: 0x6a8d0d46, L:/127.0.0.1:64672 - R:localhost/127.0.0.1:56111] for GET '/session/d77979fe3f716d98305f495fe70ad0d7/screenshot'
05:02:54.990 [AsyncHttpClient-1-5] DEBUG org.asynchttpclient.netty.handler.HttpHandler - 

Request DefaultFullHttpRequest(decodeResult: success, version: HTTP/1.1, content: EmptyByteBufBE)
GET /session/d77979fe3f716d98305f495fe70ad0d7/screenshot HTTP/1.1
User-Agent: selenium/4.1.2 (java windows)
Cache-Control: no-cache
Content-Type: application/json; charset=utf-8
host: localhost:56111
accept: */*

Response DefaultHttpResponse(decodeResult: success, version: HTTP/1.1)
HTTP/1.1 200 OK
Content-Type: application/json; charset=utf-8
cache-control: no-cache
content-length: 65948

05:02:54.991 [AsyncHttpClient-1-5] DEBUG org.asynchttpclient.netty.channel.ChannelManager - Adding key: http://localhost:56111 for channel [id: 0x6a8d0d46, L:/127.0.0.1:64672 - R:localhost/127.0.0.1:56111]
05:02:54.999 [main] DEBUG net.serenitybdd.core.photography.Darkroom - Send negative for processing for target\site\serenity\5c83d39dd64dd3ab66d2ba48c2b9308bccf03fcaa28f3e8341e115ceead84064.png
05:02:54.999 [main] DEBUG net.thucydides.core.steps.StepInterceptor - STEP DONE: clickCreateBuilding
  &amp#27;[32mAnd &amp#27;[0m&amp#27;[32madmin click create new building&amp#27;[0m                            &amp#27;[90m# starter.stepdefenitions.BuildingSteps.adminClickCreateNewBuilding()&amp#27;[0m
05:02:55.000 [Darkroom Processing Line] DEBUG net.serenitybdd.core.photography.DarkroomProcessingLine - Processing screenshot image in /var/screenshots/screenshot-8830266294686418334
05:02:55.001 [Darkroom Processing Line] DEBUG net.serenitybdd.core.photography.DarkroomProcessingLine - Saving screenshot to target\site\serenity\5c83d39dd64dd3ab66d2ba48c2b9308bccf03fcaa28f3e8341e115ceead84064.png
05:02:55.037 [main] DEBUG net.thucydides.core.steps.StepInterceptor - STARTING STEP: BuildingSteps.adminFillNameBuilding - fillNameBuilding
05:02:55.044 [Forwarding findElement on session d77979fe3f716d98305f495fe70ad0d7 to remote] DEBUG org.asynchttpclient.netty.request.NettyRequestSender - Using pooled Channel '[id: 0x6a8d0d46, L:/127.0.0.1:64672 - R:localhost/127.0.0.1:56111]' for 'POST' to 'http://localhost:56111/session/d77979fe3f716d98305f495fe70ad0d7/element'
05:02:55.044 [Forwarding findElement on session d77979fe3f716d98305f495fe70ad0d7 to remote] DEBUG org.asynchttpclient.netty.request.NettyRequestSender - Using open Channel [id: 0x6a8d0d46, L:/127.0.0.1:64672 - R:localhost/127.0.0.1:56111] for POST '/session/d77979fe3f716d98305f495fe70ad0d7/element'
05:02:55.069 [AsyncHttpClient-1-5] DEBUG org.asynchttpclient.netty.handler.HttpHandler - 

Request DefaultHttpRequest(decodeResult: success, version: HTTP/1.1)
POST /session/d77979fe3f716d98305f495fe70ad0d7/element HTTP/1.1
User-Agent: selenium/4.1.2 (java windows)
Content-Length: 115
Content-Type: application/json; charset=utf-8
host: localhost:56111
accept: */*

Response DefaultHttpResponse(decodeResult: success, version: HTTP/1.1)
HTTP/1.1 200 OK
Content-Type: application/json; charset=utf-8
cache-control: no-cache
content-length: 88

05:02:55.069 [AsyncHttpClient-1-5] DEBUG org.asynchttpclient.netty.channel.ChannelManager - Adding key: http://localhost:56111 for channel [id: 0x6a8d0d46, L:/127.0.0.1:64672 - R:localhost/127.0.0.1:56111]
05:02:55.073 [Forwarding clearElement on session d77979fe3f716d98305f495fe70ad0d7 to remote] DEBUG org.asynchttpclient.netty.request.NettyRequestSender - Using pooled Channel '[id: 0x6a8d0d46, L:/127.0.0.1:64672 - R:localhost/127.0.0.1:56111]' for 'POST' to 'http://localhost:56111/session/d77979fe3f716d98305f495fe70ad0d7/element/7369d0f4-6b69-486e-828d-6a9a21acca68/clear'
05:02:55.073 [Forwarding clearElement on session d77979fe3f716d98305f495fe70ad0d7 to remote] DEBUG org.asynchttpclient.netty.request.NettyRequestSender - Using open Channel [id: 0x6a8d0d46, L:/127.0.0.1:64672 - R:localhost/127.0.0.1:56111] for POST '/session/d77979fe3f716d98305f495fe70ad0d7/element/7369d0f4-6b69-486e-828d-6a9a21acca68/clear'
05:02:55.143 [AsyncHttpClient-1-1] DEBUG org.asynchttpclient.netty.channel.DefaultChannelPool - Entry count for : http://localhost:64673 : 1
05:02:55.161 [AsyncHttpClient-1-5] DEBUG org.asynchttpclient.netty.handler.HttpHandler - 

Request DefaultHttpRequest(decodeResult: success, version: HTTP/1.1)
POST /session/d77979fe3f716d98305f495fe70ad0d7/element/7369d0f4-6b69-486e-828d-6a9a21acca68/clear HTTP/1.1
User-Agent: selenium/4.1.2 (java windows)
Content-Length: 50
Content-Type: application/json; charset=utf-8
host: localhost:56111
accept: */*

Response DefaultHttpResponse(decodeResult: success, version: HTTP/1.1)
HTTP/1.1 200 OK
Content-Type: application/json; charset=utf-8
cache-control: no-cache
content-length: 14

05:02:55.161 [AsyncHttpClient-1-5] DEBUG org.asynchttpclient.netty.channel.ChannelManager - Adding key: http://localhost:56111 for channel [id: 0x6a8d0d46, L:/127.0.0.1:64672 - R:localhost/127.0.0.1:56111]
05:02:55.166 [Forwarding sendKeysToElement on session d77979fe3f716d98305f495fe70ad0d7 to remote] DEBUG org.asynchttpclient.netty.request.NettyRequestSender - Using pooled Channel '[id: 0x6a8d0d46, L:/127.0.0.1:64672 - R:localhost/127.0.0.1:56111]' for 'POST' to 'http://localhost:56111/session/d77979fe3f716d98305f495fe70ad0d7/element/7369d0f4-6b69-486e-828d-6a9a21acca68/value'
05:02:55.166 [Forwarding sendKeysToElement on session d77979fe3f716d98305f495fe70ad0d7 to remote] DEBUG org.asynchttpclient.netty.request.NettyRequestSender - Using open Channel [id: 0x6a8d0d46, L:/127.0.0.1:64672 - R:localhost/127.0.0.1:56111] for POST '/session/d77979fe3f716d98305f495fe70ad0d7/element/7369d0f4-6b69-486e-828d-6a9a21acca68/value'
05:02:55.577 [AsyncHttpClient-1-5] DEBUG org.asynchttpclient.netty.handler.HttpHandler - 

Request DefaultHttpRequest(decodeResult: success, version: HTTP/1.1)
POST /session/d77979fe3f716d98305f495fe70ad0d7/element/7369d0f4-6b69-486e-828d-6a9a21acca68/value HTTP/1.1
User-Agent: selenium/4.1.2 (java windows)
Content-Length: 291
Content-Type: application/json; charset=utf-8
host: localhost:56111
accept: */*

Response DefaultHttpResponse(decodeResult: success, version: HTTP/1.1)
HTTP/1.1 200 OK
Content-Type: application/json; charset=utf-8
cache-control: no-cache
content-length: 14

05:02:55.578 [AsyncHttpClient-1-5] DEBUG org.asynchttpclient.netty.channel.ChannelManager - Adding key: http://localhost:56111 for channel [id: 0x6a8d0d46, L:/127.0.0.1:64672 - R:localhost/127.0.0.1:56111]
05:02:55.591 [Forwarding screenshot on session d77979fe3f716d98305f495fe70ad0d7 to remote] DEBUG org.asynchttpclient.netty.request.NettyRequestSender - Using pooled Channel '[id: 0x6a8d0d46, L:/127.0.0.1:64672 - R:localhost/127.0.0.1:56111]' for 'GET' to 'http://localhost:56111/session/d77979fe3f716d98305f495fe70ad0d7/screenshot'
05:02:55.592 [Forwarding screenshot on session d77979fe3f716d98305f495fe70ad0d7 to remote] DEBUG org.asynchttpclient.netty.request.NettyRequestSender - Using open Channel [id: 0x6a8d0d46, L:/127.0.0.1:64672 - R:localhost/127.0.0.1:56111] for GET '/session/d77979fe3f716d98305f495fe70ad0d7/screenshot'
05:02:55.870 [AsyncHttpClient-1-5] DEBUG org.asynchttpclient.netty.handler.HttpHandler - 

Request DefaultFullHttpRequest(decodeResult: success, version: HTTP/1.1, content: EmptyByteBufBE)
GET /session/d77979fe3f716d98305f495fe70ad0d7/screenshot HTTP/1.1
User-Agent: selenium/4.1.2 (java windows)
Cache-Control: no-cache
Content-Type: application/json; charset=utf-8
host: localhost:56111
accept: */*

Response DefaultHttpResponse(decodeResult: success, version: HTTP/1.1)
HTTP/1.1 200 OK
Content-Type: application/json; charset=utf-8
cache-control: no-cache
content-length: 68024

05:02:55.871 [AsyncHttpClient-1-5] DEBUG org.asynchttpclient.netty.channel.ChannelManager - Adding key: http://localhost:56111 for channel [id: 0x6a8d0d46, L:/127.0.0.1:64672 - R:localhost/127.0.0.1:56111]
05:02:55.880 [main] DEBUG net.serenitybdd.core.photography.Darkroom - Send negative for processing for target\site\serenity\2ce5e56dfe4dcd0ca158a6da664d345d8dc91245a12f6caa3e4c1e295dfb3fc0.png
05:02:55.880 [main] DEBUG net.thucydides.core.steps.StepInterceptor - STEP DONE: fillNameBuilding
  &amp#27;[32mAnd &amp#27;[0m&amp#27;[32madmin fill name building&amp#27;[0m                                   &amp#27;[90m# starter.stepdefenitions.BuildingSteps.adminFillNameBuilding()&amp#27;[0m
05:02:55.880 [Darkroom Processing Line] DEBUG net.serenitybdd.core.photography.DarkroomProcessingLine - Processing screenshot image in /var/screenshots/screenshot-8043657620994377293
05:02:55.881 [Darkroom Processing Line] DEBUG net.serenitybdd.core.photography.DarkroomProcessingLine - Saving screenshot to target\site\serenity\2ce5e56dfe4dcd0ca158a6da664d345d8dc91245a12f6caa3e4c1e295dfb3fc0.png
05:02:55.916 [main] DEBUG net.thucydides.core.steps.StepInterceptor - STARTING STEP: BuildingSteps.adminChooseComplex - chooseExistingComplex
05:02:55.925 [Forwarding findElement on session d77979fe3f716d98305f495fe70ad0d7 to remote] DEBUG org.asynchttpclient.netty.request.NettyRequestSender - Using pooled Channel '[id: 0x6a8d0d46, L:/127.0.0.1:64672 - R:localhost/127.0.0.1:56111]' for 'POST' to 'http://localhost:56111/session/d77979fe3f716d98305f495fe70ad0d7/element'
05:02:55.925 [Forwarding findElement on session d77979fe3f716d98305f495fe70ad0d7 to remote] DEBUG org.asynchttpclient.netty.request.NettyRequestSender - Using open Channel [id: 0x6a8d0d46, L:/127.0.0.1:64672 - R:localhost/127.0.0.1:56111] for POST '/session/d77979fe3f716d98305f495fe70ad0d7/element'
05:02:55.952 [AsyncHttpClient-1-5] DEBUG org.asynchttpclient.netty.handler.HttpHandler - 

Request DefaultHttpRequest(decodeResult: success, version: HTTP/1.1)
POST /session/d77979fe3f716d98305f495fe70ad0d7/element HTTP/1.1
User-Agent: selenium/4.1.2 (java windows)
Content-Length: 145
Content-Type: application/json; charset=utf-8
host: localhost:56111
accept: */*

Response DefaultHttpResponse(decodeResult: success, version: HTTP/1.1)
HTTP/1.1 200 OK
Content-Type: application/json; charset=utf-8
cache-control: no-cache
content-length: 88

05:02:55.952 [AsyncHttpClient-1-5] DEBUG org.asynchttpclient.netty.channel.ChannelManager - Adding key: http://localhost:56111 for channel [id: 0x6a8d0d46, L:/127.0.0.1:64672 - R:localhost/127.0.0.1:56111]
05:02:55.955 [Forwarding getElementTagName on session d77979fe3f716d98305f495fe70ad0d7 to remote] DEBUG org.asynchttpclient.netty.request.NettyRequestSender - Using pooled Channel '[id: 0x6a8d0d46, L:/127.0.0.1:64672 - R:localhost/127.0.0.1:56111]' for 'GET' to 'http://localhost:56111/session/d77979fe3f716d98305f495fe70ad0d7/element/3e49d419-34ce-4717-8ce2-41b1e1117fa8/name'
05:02:55.956 [Forwarding getElementTagName on session d77979fe3f716d98305f495fe70ad0d7 to remote] DEBUG org.asynchttpclient.netty.request.NettyRequestSender - Using open Channel [id: 0x6a8d0d46, L:/127.0.0.1:64672 - R:localhost/127.0.0.1:56111] for GET '/session/d77979fe3f716d98305f495fe70ad0d7/element/3e49d419-34ce-4717-8ce2-41b1e1117fa8/name'
05:02:55.963 [AsyncHttpClient-1-5] DEBUG org.asynchttpclient.netty.handler.HttpHandler - 

Request DefaultFullHttpRequest(decodeResult: success, version: HTTP/1.1, content: EmptyByteBufBE)
GET /session/d77979fe3f716d98305f495fe70ad0d7/element/3e49d419-34ce-4717-8ce2-41b1e1117fa8/name HTTP/1.1
User-Agent: selenium/4.1.2 (java windows)
Cache-Control: no-cache
Content-Type: application/json; charset=utf-8
host: localhost:56111
accept: */*

Response DefaultHttpResponse(decodeResult: success, version: HTTP/1.1)
HTTP/1.1 200 OK
Content-Type: application/json; charset=utf-8
cache-control: no-cache
content-length: 18

05:02:55.964 [AsyncHttpClient-1-5] DEBUG org.asynchttpclient.netty.channel.ChannelManager - Adding key: http://localhost:56111 for channel [id: 0x6a8d0d46, L:/127.0.0.1:64672 - R:localhost/127.0.0.1:56111]
05:02:55.967 [Forwarding getElementTagName on session d77979fe3f716d98305f495fe70ad0d7 to remote] DEBUG org.asynchttpclient.netty.request.NettyRequestSender - Using pooled Channel '[id: 0x6a8d0d46, L:/127.0.0.1:64672 - R:localhost/127.0.0.1:56111]' for 'GET' to 'http://localhost:56111/session/d77979fe3f716d98305f495fe70ad0d7/element/3e49d419-34ce-4717-8ce2-41b1e1117fa8/name'
05:02:55.967 [Forwarding getElementTagName on session d77979fe3f716d98305f495fe70ad0d7 to remote] DEBUG org.asynchttpclient.netty.request.NettyRequestSender - Using open Channel [id: 0x6a8d0d46, L:/127.0.0.1:64672 - R:localhost/127.0.0.1:56111] for GET '/session/d77979fe3f716d98305f495fe70ad0d7/element/3e49d419-34ce-4717-8ce2-41b1e1117fa8/name'
05:02:55.974 [AsyncHttpClient-1-5] DEBUG org.asynchttpclient.netty.handler.HttpHandler - 

Request DefaultFullHttpRequest(decodeResult: success, version: HTTP/1.1, content: EmptyByteBufBE)
GET /session/d77979fe3f716d98305f495fe70ad0d7/element/3e49d419-34ce-4717-8ce2-41b1e1117fa8/name HTTP/1.1
User-Agent: selenium/4.1.2 (java windows)
Cache-Control: no-cache
Content-Type: application/json; charset=utf-8
host: localhost:56111
accept: */*

Response DefaultHttpResponse(decodeResult: success, version: HTTP/1.1)
HTTP/1.1 200 OK
Content-Type: application/json; charset=utf-8
cache-control: no-cache
content-length: 18

05:02:55.974 [AsyncHttpClient-1-5] DEBUG org.asynchttpclient.netty.channel.ChannelManager - Adding key: http://localhost:56111 for channel [id: 0x6a8d0d46, L:/127.0.0.1:64672 - R:localhost/127.0.0.1:56111]
05:02:55.980 [Forwarding isElementEnabled on session d77979fe3f716d98305f495fe70ad0d7 to remote] DEBUG org.asynchttpclient.netty.request.NettyRequestSender - Using pooled Channel '[id: 0x6a8d0d46, L:/127.0.0.1:64672 - R:localhost/127.0.0.1:56111]' for 'GET' to 'http://localhost:56111/session/d77979fe3f716d98305f495fe70ad0d7/element/3e49d419-34ce-4717-8ce2-41b1e1117fa8/enabled'
05:02:55.980 [Forwarding isElementEnabled on session d77979fe3f716d98305f495fe70ad0d7 to remote] DEBUG org.asynchttpclient.netty.request.NettyRequestSender - Using open Channel [id: 0x6a8d0d46, L:/127.0.0.1:64672 - R:localhost/127.0.0.1:56111] for GET '/session/d77979fe3f716d98305f495fe70ad0d7/element/3e49d419-34ce-4717-8ce2-41b1e1117fa8/enabled'
05:02:55.998 [AsyncHttpClient-1-5] DEBUG org.asynchttpclient.netty.handler.HttpHandler - 

Request DefaultFullHttpRequest(decodeResult: success, version: HTTP/1.1, content: EmptyByteBufBE)
GET /session/d77979fe3f716d98305f495fe70ad0d7/element/3e49d419-34ce-4717-8ce2-41b1e1117fa8/enabled HTTP/1.1
User-Agent: selenium/4.1.2 (java windows)
Cache-Control: no-cache
Content-Type: application/json; charset=utf-8
host: localhost:56111
accept: */*

Response DefaultHttpResponse(decodeResult: success, version: HTTP/1.1)
HTTP/1.1 200 OK
Content-Type: application/json; charset=utf-8
cache-control: no-cache
content-length: 14

05:02:55.998 [AsyncHttpClient-1-5] DEBUG org.asynchttpclient.netty.channel.ChannelManager - Adding key: http://localhost:56111 for channel [id: 0x6a8d0d46, L:/127.0.0.1:64672 - R:localhost/127.0.0.1:56111]
05:02:56.002 [Forwarding isElementEnabled on session d77979fe3f716d98305f495fe70ad0d7 to remote] DEBUG org.asynchttpclient.netty.request.NettyRequestSender - Using pooled Channel '[id: 0x6a8d0d46, L:/127.0.0.1:64672 - R:localhost/127.0.0.1:56111]' for 'GET' to 'http://localhost:56111/session/d77979fe3f716d98305f495fe70ad0d7/element/3e49d419-34ce-4717-8ce2-41b1e1117fa8/enabled'
05:02:56.002 [Forwarding isElementEnabled on session d77979fe3f716d98305f495fe70ad0d7 to remote] DEBUG org.asynchttpclient.netty.request.NettyRequestSender - Using open Channel [id: 0x6a8d0d46, L:/127.0.0.1:64672 - R:localhost/127.0.0.1:56111] for GET '/session/d77979fe3f716d98305f495fe70ad0d7/element/3e49d419-34ce-4717-8ce2-41b1e1117fa8/enabled'
05:02:56.030 [AsyncHttpClient-1-5] DEBUG org.asynchttpclient.netty.handler.HttpHandler - 

Request DefaultFullHttpRequest(decodeResult: success, version: HTTP/1.1, content: EmptyByteBufBE)
GET /session/d77979fe3f716d98305f495fe70ad0d7/element/3e49d419-34ce-4717-8ce2-41b1e1117fa8/enabled HTTP/1.1
User-Agent: selenium/4.1.2 (java windows)
Cache-Control: no-cache
Content-Type: application/json; charset=utf-8
host: localhost:56111
accept: */*

Response DefaultHttpResponse(decodeResult: success, version: HTTP/1.1)
HTTP/1.1 200 OK
Content-Type: application/json; charset=utf-8
cache-control: no-cache
content-length: 14

05:02:56.030 [AsyncHttpClient-1-5] DEBUG org.asynchttpclient.netty.channel.ChannelManager - Adding key: http://localhost:56111 for channel [id: 0x6a8d0d46, L:/127.0.0.1:64672 - R:localhost/127.0.0.1:56111]
05:02:56.036 [Forwarding findElement on session d77979fe3f716d98305f495fe70ad0d7 to remote] DEBUG org.asynchttpclient.netty.request.NettyRequestSender - Using pooled Channel '[id: 0x6a8d0d46, L:/127.0.0.1:64672 - R:localhost/127.0.0.1:56111]' for 'POST' to 'http://localhost:56111/session/d77979fe3f716d98305f495fe70ad0d7/element'
05:02:56.036 [Forwarding findElement on session d77979fe3f716d98305f495fe70ad0d7 to remote] DEBUG org.asynchttpclient.netty.request.NettyRequestSender - Using open Channel [id: 0x6a8d0d46, L:/127.0.0.1:64672 - R:localhost/127.0.0.1:56111] for POST '/session/d77979fe3f716d98305f495fe70ad0d7/element'
05:02:56.052 [AsyncHttpClient-1-5] DEBUG org.asynchttpclient.netty.handler.HttpHandler - 

Request DefaultHttpRequest(decodeResult: success, version: HTTP/1.1)
POST /session/d77979fe3f716d98305f495fe70ad0d7/element HTTP/1.1
User-Agent: selenium/4.1.2 (java windows)
Content-Length: 145
Content-Type: application/json; charset=utf-8
host: localhost:56111
accept: */*

Response DefaultHttpResponse(decodeResult: success, version: HTTP/1.1)
HTTP/1.1 200 OK
Content-Type: application/json; charset=utf-8
cache-control: no-cache
content-length: 88

05:02:56.053 [AsyncHttpClient-1-5] DEBUG org.asynchttpclient.netty.channel.ChannelManager - Adding key: http://localhost:56111 for channel [id: 0x6a8d0d46, L:/127.0.0.1:64672 - R:localhost/127.0.0.1:56111]
05:02:56.054 [Forwarding getElementTagName on session d77979fe3f716d98305f495fe70ad0d7 to remote] DEBUG org.asynchttpclient.netty.request.NettyRequestSender - Using pooled Channel '[id: 0x6a8d0d46, L:/127.0.0.1:64672 - R:localhost/127.0.0.1:56111]' for 'GET' to 'http://localhost:56111/session/d77979fe3f716d98305f495fe70ad0d7/element/3e49d419-34ce-4717-8ce2-41b1e1117fa8/name'
05:02:56.055 [Forwarding getElementTagName on session d77979fe3f716d98305f495fe70ad0d7 to remote] DEBUG org.asynchttpclient.netty.request.NettyRequestSender - Using open Channel [id: 0x6a8d0d46, L:/127.0.0.1:64672 - R:localhost/127.0.0.1:56111] for GET '/session/d77979fe3f716d98305f495fe70ad0d7/element/3e49d419-34ce-4717-8ce2-41b1e1117fa8/name'
05:02:56.063 [AsyncHttpClient-1-5] DEBUG org.asynchttpclient.netty.handler.HttpHandler - 

Request DefaultFullHttpRequest(decodeResult: success, version: HTTP/1.1, content: EmptyByteBufBE)
GET /session/d77979fe3f716d98305f495fe70ad0d7/element/3e49d419-34ce-4717-8ce2-41b1e1117fa8/name HTTP/1.1
User-Agent: selenium/4.1.2 (java windows)
Cache-Control: no-cache
Content-Type: application/json; charset=utf-8
host: localhost:56111
accept: */*

Response DefaultHttpResponse(decodeResult: success, version: HTTP/1.1)
HTTP/1.1 200 OK
Content-Type: application/json; charset=utf-8
cache-control: no-cache
content-length: 18

05:02:56.063 [AsyncHttpClient-1-5] DEBUG org.asynchttpclient.netty.channel.ChannelManager - Adding key: http://localhost:56111 for channel [id: 0x6a8d0d46, L:/127.0.0.1:64672 - R:localhost/127.0.0.1:56111]
05:02:56.065 [Forwarding getElementDomAttribute on session d77979fe3f716d98305f495fe70ad0d7 to remote] DEBUG org.asynchttpclient.netty.request.NettyRequestSender - Using pooled Channel '[id: 0x6a8d0d46, L:/127.0.0.1:64672 - R:localhost/127.0.0.1:56111]' for 'GET' to 'http://localhost:56111/session/d77979fe3f716d98305f495fe70ad0d7/element/3e49d419-34ce-4717-8ce2-41b1e1117fa8/attribute/multiple'
05:02:56.065 [Forwarding getElementDomAttribute on session d77979fe3f716d98305f495fe70ad0d7 to remote] DEBUG org.asynchttpclient.netty.request.NettyRequestSender - Using open Channel [id: 0x6a8d0d46, L:/127.0.0.1:64672 - R:localhost/127.0.0.1:56111] for GET '/session/d77979fe3f716d98305f495fe70ad0d7/element/3e49d419-34ce-4717-8ce2-41b1e1117fa8/attribute/multiple'
05:02:56.074 [AsyncHttpClient-1-5] DEBUG org.asynchttpclient.netty.handler.HttpHandler - 

Request DefaultFullHttpRequest(decodeResult: success, version: HTTP/1.1, content: EmptyByteBufBE)
GET /session/d77979fe3f716d98305f495fe70ad0d7/element/3e49d419-34ce-4717-8ce2-41b1e1117fa8/attribute/multiple HTTP/1.1
User-Agent: selenium/4.1.2 (java windows)
Cache-Control: no-cache
Content-Type: application/json; charset=utf-8
host: localhost:56111
accept: */*

Response DefaultHttpResponse(decodeResult: success, version: HTTP/1.1)
HTTP/1.1 200 OK
Content-Type: application/json; charset=utf-8
cache-control: no-cache
content-length: 14

05:02:56.074 [AsyncHttpClient-1-5] DEBUG org.asynchttpclient.netty.channel.ChannelManager - Adding key: http://localhost:56111 for channel [id: 0x6a8d0d46, L:/127.0.0.1:64672 - R:localhost/127.0.0.1:56111]
05:02:56.079 [Forwarding findChildElements on session d77979fe3f716d98305f495fe70ad0d7 to remote] DEBUG org.asynchttpclient.netty.request.NettyRequestSender - Using pooled Channel '[id: 0x6a8d0d46, L:/127.0.0.1:64672 - R:localhost/127.0.0.1:56111]' for 'POST' to 'http://localhost:56111/session/d77979fe3f716d98305f495fe70ad0d7/element/3e49d419-34ce-4717-8ce2-41b1e1117fa8/elements'
05:02:56.080 [Forwarding findChildElements on session d77979fe3f716d98305f495fe70ad0d7 to remote] DEBUG org.asynchttpclient.netty.request.NettyRequestSender - Using open Channel [id: 0x6a8d0d46, L:/127.0.0.1:64672 - R:localhost/127.0.0.1:56111] for POST '/session/d77979fe3f716d98305f495fe70ad0d7/element/3e49d419-34ce-4717-8ce2-41b1e1117fa8/elements'
05:02:56.108 [AsyncHttpClient-1-5] DEBUG org.asynchttpclient.netty.handler.HttpHandler - 

Request DefaultHttpRequest(decodeResult: success, version: HTTP/1.1)
POST /session/d77979fe3f716d98305f495fe70ad0d7/element/3e49d419-34ce-4717-8ce2-41b1e1117fa8/elements HTTP/1.1
User-Agent: selenium/4.1.2 (java windows)
Content-Length: 147
Content-Type: application/json; charset=utf-8
host: localhost:56111
accept: */*

Response DefaultHttpResponse(decodeResult: success, version: HTTP/1.1)
HTTP/1.1 200 OK
Content-Type: application/json; charset=utf-8
cache-control: no-cache
content-length: 90

05:02:56.108 [AsyncHttpClient-1-5] DEBUG org.asynchttpclient.netty.channel.ChannelManager - Adding key: http://localhost:56111 for channel [id: 0x6a8d0d46, L:/127.0.0.1:64672 - R:localhost/127.0.0.1:56111]
05:02:56.113 [Forwarding isElementSelected on session d77979fe3f716d98305f495fe70ad0d7 to remote] DEBUG org.asynchttpclient.netty.request.NettyRequestSender - Using pooled Channel '[id: 0x6a8d0d46, L:/127.0.0.1:64672 - R:localhost/127.0.0.1:56111]' for 'GET' to 'http://localhost:56111/session/d77979fe3f716d98305f495fe70ad0d7/element/b6d975ca-5504-4225-ba5b-808b7036c7c2/selected'
05:02:56.113 [Forwarding isElementSelected on session d77979fe3f716d98305f495fe70ad0d7 to remote] DEBUG org.asynchttpclient.netty.request.NettyRequestSender - Using open Channel [id: 0x6a8d0d46, L:/127.0.0.1:64672 - R:localhost/127.0.0.1:56111] for GET '/session/d77979fe3f716d98305f495fe70ad0d7/element/b6d975ca-5504-4225-ba5b-808b7036c7c2/selected'
05:02:56.134 [AsyncHttpClient-1-5] DEBUG org.asynchttpclient.netty.handler.HttpHandler - 

Request DefaultFullHttpRequest(decodeResult: success, version: HTTP/1.1, content: EmptyByteBufBE)
GET /session/d77979fe3f716d98305f495fe70ad0d7/element/b6d975ca-5504-4225-ba5b-808b7036c7c2/selected HTTP/1.1
User-Agent: selenium/4.1.2 (java windows)
Cache-Control: no-cache
Content-Type: application/json; charset=utf-8
host: localhost:56111
accept: */*

Response DefaultHttpResponse(decodeResult: success, version: HTTP/1.1)
HTTP/1.1 200 OK
Content-Type: application/json; charset=utf-8
cache-control: no-cache
content-length: 15

05:02:56.134 [AsyncHttpClient-1-5] DEBUG org.asynchttpclient.netty.channel.ChannelManager - Adding key: http://localhost:56111 for channel [id: 0x6a8d0d46, L:/127.0.0.1:64672 - R:localhost/127.0.0.1:56111]
05:02:56.137 [Forwarding clickElement on session d77979fe3f716d98305f495fe70ad0d7 to remote] DEBUG org.asynchttpclient.netty.request.NettyRequestSender - Using pooled Channel '[id: 0x6a8d0d46, L:/127.0.0.1:64672 - R:localhost/127.0.0.1:56111]' for 'POST' to 'http://localhost:56111/session/d77979fe3f716d98305f495fe70ad0d7/element/b6d975ca-5504-4225-ba5b-808b7036c7c2/click'
05:02:56.137 [Forwarding clickElement on session d77979fe3f716d98305f495fe70ad0d7 to remote] DEBUG org.asynchttpclient.netty.request.NettyRequestSender - Using open Channel [id: 0x6a8d0d46, L:/127.0.0.1:64672 - R:localhost/127.0.0.1:56111] for POST '/session/d77979fe3f716d98305f495fe70ad0d7/element/b6d975ca-5504-4225-ba5b-808b7036c7c2/click'
05:02:56.234 [AsyncHttpClient-1-1] DEBUG org.asynchttpclient.netty.channel.DefaultChannelPool - Entry count for : http://localhost:64673 : 1
05:02:56.242 [AsyncHttpClient-1-5] DEBUG org.asynchttpclient.netty.handler.HttpHandler - 

Request DefaultHttpRequest(decodeResult: success, version: HTTP/1.1)
POST /session/d77979fe3f716d98305f495fe70ad0d7/element/b6d975ca-5504-4225-ba5b-808b7036c7c2/click HTTP/1.1
User-Agent: selenium/4.1.2 (java windows)
Content-Length: 50
Content-Type: application/json; charset=utf-8
host: localhost:56111
accept: */*

Response DefaultHttpResponse(decodeResult: success, version: HTTP/1.1)
HTTP/1.1 200 OK
Content-Type: application/json; charset=utf-8
cache-control: no-cache
content-length: 14

05:02:56.243 [AsyncHttpClient-1-5] DEBUG org.asynchttpclient.netty.channel.ChannelManager - Adding key: http://localhost:56111 for channel [id: 0x6a8d0d46, L:/127.0.0.1:64672 - R:localhost/127.0.0.1:56111]
05:02:56.257 [Forwarding screenshot on session d77979fe3f716d98305f495fe70ad0d7 to remote] DEBUG org.asynchttpclient.netty.request.NettyRequestSender - Using pooled Channel '[id: 0x6a8d0d46, L:/127.0.0.1:64672 - R:localhost/127.0.0.1:56111]' for 'GET' to 'http://localhost:56111/session/d77979fe3f716d98305f495fe70ad0d7/screenshot'
05:02:56.257 [Forwarding screenshot on session d77979fe3f716d98305f495fe70ad0d7 to remote] DEBUG org.asynchttpclient.netty.request.NettyRequestSender - Using open Channel [id: 0x6a8d0d46, L:/127.0.0.1:64672 - R:localhost/127.0.0.1:56111] for GET '/session/d77979fe3f716d98305f495fe70ad0d7/screenshot'
05:02:56.529 [AsyncHttpClient-1-5] DEBUG org.asynchttpclient.netty.handler.HttpHandler - 

Request DefaultFullHttpRequest(decodeResult: success, version: HTTP/1.1, content: EmptyByteBufBE)
GET /session/d77979fe3f716d98305f495fe70ad0d7/screenshot HTTP/1.1
User-Agent: selenium/4.1.2 (java windows)
Cache-Control: no-cache
Content-Type: application/json; charset=utf-8
host: localhost:56111
accept: */*

Response DefaultHttpResponse(decodeResult: success, version: HTTP/1.1)
HTTP/1.1 200 OK
Content-Type: application/json; charset=utf-8
cache-control: no-cache
content-length: 68804

05:02:56.529 [AsyncHttpClient-1-5] DEBUG org.asynchttpclient.netty.channel.ChannelManager - Adding key: http://localhost:56111 for channel [id: 0x6a8d0d46, L:/127.0.0.1:64672 - R:localhost/127.0.0.1:56111]
05:02:56.538 [main] DEBUG net.serenitybdd.core.photography.Darkroom - Send negative for processing for target\site\serenity\cb6c1251e873a576dbf0f12f35e5798f439765b6e022510e8773dcc1f8dde601.png
05:02:56.539 [main] DEBUG net.thucydides.core.steps.StepInterceptor - STEP DONE: chooseExistingComplex
05:02:56.539 [Darkroom Processing Line] DEBUG net.serenitybdd.core.photography.DarkroomProcessingLine - Processing screenshot image in /var/screenshots/screenshot-5493853867891331825
  &amp#27;[32mAnd &amp#27;[0m&amp#27;[32madmin choose complex&amp#27;[0m                                       &amp#27;[90m# starter.stepdefenitions.BuildingSteps.adminChooseComplex()&amp#27;[0m
05:02:56.539 [Darkroom Processing Line] DEBUG net.serenitybdd.core.photography.DarkroomProcessingLine - Saving screenshot to target\site\serenity\cb6c1251e873a576dbf0f12f35e5798f439765b6e022510e8773dcc1f8dde601.png
05:02:56.574 [main] DEBUG net.thucydides.core.steps.StepInterceptor - STARTING STEP: BuildingSteps.adminFillAddressBuilding - fillAddressBuilding
05:02:56.581 [Forwarding findElement on session d77979fe3f716d98305f495fe70ad0d7 to remote] DEBUG org.asynchttpclient.netty.request.NettyRequestSender - Using pooled Channel '[id: 0x6a8d0d46, L:/127.0.0.1:64672 - R:localhost/127.0.0.1:56111]' for 'POST' to 'http://localhost:56111/session/d77979fe3f716d98305f495fe70ad0d7/element'
05:02:56.581 [Forwarding findElement on session d77979fe3f716d98305f495fe70ad0d7 to remote] DEBUG org.asynchttpclient.netty.request.NettyRequestSender - Using open Channel [id: 0x6a8d0d46, L:/127.0.0.1:64672 - R:localhost/127.0.0.1:56111] for POST '/session/d77979fe3f716d98305f495fe70ad0d7/element'
05:02:56.615 [AsyncHttpClient-1-5] DEBUG org.asynchttpclient.netty.handler.HttpHandler - 

Request DefaultHttpRequest(decodeResult: success, version: HTTP/1.1)
POST /session/d77979fe3f716d98305f495fe70ad0d7/element HTTP/1.1
User-Agent: selenium/4.1.2 (java windows)
Content-Length: 115
Content-Type: application/json; charset=utf-8
host: localhost:56111
accept: */*

Response DefaultHttpResponse(decodeResult: success, version: HTTP/1.1)
HTTP/1.1 200 OK
Content-Type: application/json; charset=utf-8
cache-control: no-cache
content-length: 88

05:02:56.615 [AsyncHttpClient-1-5] DEBUG org.asynchttpclient.netty.channel.ChannelManager - Adding key: http://localhost:56111 for channel [id: 0x6a8d0d46, L:/127.0.0.1:64672 - R:localhost/127.0.0.1:56111]
05:02:56.618 [Forwarding clearElement on session d77979fe3f716d98305f495fe70ad0d7 to remote] DEBUG org.asynchttpclient.netty.request.NettyRequestSender - Using pooled Channel '[id: 0x6a8d0d46, L:/127.0.0.1:64672 - R:localhost/127.0.0.1:56111]' for 'POST' to 'http://localhost:56111/session/d77979fe3f716d98305f495fe70ad0d7/element/ce2a2c15-10ee-4f9b-9cfa-9a013d8e0893/clear'
05:02:56.618 [Forwarding clearElement on session d77979fe3f716d98305f495fe70ad0d7 to remote] DEBUG org.asynchttpclient.netty.request.NettyRequestSender - Using open Channel [id: 0x6a8d0d46, L:/127.0.0.1:64672 - R:localhost/127.0.0.1:56111] for POST '/session/d77979fe3f716d98305f495fe70ad0d7/element/ce2a2c15-10ee-4f9b-9cfa-9a013d8e0893/clear'
05:02:56.697 [AsyncHttpClient-1-5] DEBUG org.asynchttpclient.netty.handler.HttpHandler - 

Request DefaultHttpRequest(decodeResult: success, version: HTTP/1.1)
POST /session/d77979fe3f716d98305f495fe70ad0d7/element/ce2a2c15-10ee-4f9b-9cfa-9a013d8e0893/clear HTTP/1.1
User-Agent: selenium/4.1.2 (java windows)
Content-Length: 50
Content-Type: application/json; charset=utf-8
host: localhost:56111
accept: */*

Response DefaultHttpResponse(decodeResult: success, version: HTTP/1.1)
HTTP/1.1 200 OK
Content-Type: application/json; charset=utf-8
cache-control: no-cache
content-length: 14

05:02:56.697 [AsyncHttpClient-1-5] DEBUG org.asynchttpclient.netty.channel.ChannelManager - Adding key: http://localhost:56111 for channel [id: 0x6a8d0d46, L:/127.0.0.1:64672 - R:localhost/127.0.0.1:56111]
05:02:56.700 [Forwarding sendKeysToElement on session d77979fe3f716d98305f495fe70ad0d7 to remote] DEBUG org.asynchttpclient.netty.request.NettyRequestSender - Using pooled Channel '[id: 0x6a8d0d46, L:/127.0.0.1:64672 - R:localhost/127.0.0.1:56111]' for 'POST' to 'http://localhost:56111/session/d77979fe3f716d98305f495fe70ad0d7/element/ce2a2c15-10ee-4f9b-9cfa-9a013d8e0893/value'
05:02:56.700 [Forwarding sendKeysToElement on session d77979fe3f716d98305f495fe70ad0d7 to remote] DEBUG org.asynchttpclient.netty.request.NettyRequestSender - Using open Channel [id: 0x6a8d0d46, L:/127.0.0.1:64672 - R:localhost/127.0.0.1:56111] for POST '/session/d77979fe3f716d98305f495fe70ad0d7/element/ce2a2c15-10ee-4f9b-9cfa-9a013d8e0893/value'
05:02:56.993 [AsyncHttpClient-1-5] DEBUG org.asynchttpclient.netty.handler.HttpHandler - 

Request DefaultHttpRequest(decodeResult: success, version: HTTP/1.1)
POST /session/d77979fe3f716d98305f495fe70ad0d7/element/ce2a2c15-10ee-4f9b-9cfa-9a013d8e0893/value HTTP/1.1
User-Agent: selenium/4.1.2 (java windows)
Content-Length: 211
Content-Type: application/json; charset=utf-8
host: localhost:56111
accept: */*

Response DefaultHttpResponse(decodeResult: success, version: HTTP/1.1)
HTTP/1.1 200 OK
Content-Type: application/json; charset=utf-8
cache-control: no-cache
content-length: 14

05:02:56.993 [AsyncHttpClient-1-5] DEBUG org.asynchttpclient.netty.channel.ChannelManager - Adding key: http://localhost:56111 for channel [id: 0x6a8d0d46, L:/127.0.0.1:64672 - R:localhost/127.0.0.1:56111]
05:02:57.012 [Forwarding screenshot on session d77979fe3f716d98305f495fe70ad0d7 to remote] DEBUG org.asynchttpclient.netty.request.NettyRequestSender - Using pooled Channel '[id: 0x6a8d0d46, L:/127.0.0.1:64672 - R:localhost/127.0.0.1:56111]' for 'GET' to 'http://localhost:56111/session/d77979fe3f716d98305f495fe70ad0d7/screenshot'
05:02:57.012 [Forwarding screenshot on session d77979fe3f716d98305f495fe70ad0d7 to remote] DEBUG org.asynchttpclient.netty.request.NettyRequestSender - Using open Channel [id: 0x6a8d0d46, L:/127.0.0.1:64672 - R:localhost/127.0.0.1:56111] for GET '/session/d77979fe3f716d98305f495fe70ad0d7/screenshot'
05:02:57.273 [AsyncHttpClient-1-5] DEBUG org.asynchttpclient.netty.handler.HttpHandler - 

Request DefaultFullHttpRequest(decodeResult: success, version: HTTP/1.1, content: EmptyByteBufBE)
GET /session/d77979fe3f716d98305f495fe70ad0d7/screenshot HTTP/1.1
User-Agent: selenium/4.1.2 (java windows)
Cache-Control: no-cache
Content-Type: application/json; charset=utf-8
host: localhost:56111
accept: */*

Response DefaultHttpResponse(decodeResult: success, version: HTTP/1.1)
HTTP/1.1 200 OK
Content-Type: application/json; charset=utf-8
cache-control: no-cache
content-length: 70116

05:02:57.274 [AsyncHttpClient-1-5] DEBUG org.asynchttpclient.netty.channel.ChannelManager - Adding key: http://localhost:56111 for channel [id: 0x6a8d0d46, L:/127.0.0.1:64672 - R:localhost/127.0.0.1:56111]
05:02:57.283 [main] DEBUG net.serenitybdd.core.photography.Darkroom - Send negative for processing for target\site\serenity\4a24f7aef80889dd912eb6ed9025bf2efecf190486b9a0f2354f8f585ed092ca.png
05:02:57.283 [main] DEBUG net.thucydides.core.steps.StepInterceptor - STEP DONE: fillAddressBuilding
  &amp#27;[32mAnd &amp#27;[0m&amp#27;[32madmin fill address building&amp#27;[0m                                &amp#27;[90m# starter.stepdefenitions.BuildingSteps.adminFillAddressBuilding()&amp#27;[0m
05:02:57.284 [Darkroom Processing Line] DEBUG net.serenitybdd.core.photography.DarkroomProcessingLine - Processing screenshot image in /var/screenshots/screenshot-3568634571365554694
05:02:57.285 [Darkroom Processing Line] DEBUG net.serenitybdd.core.photography.DarkroomProcessingLine - Saving screenshot to target\site\serenity\4a24f7aef80889dd912eb6ed9025bf2efecf190486b9a0f2354f8f585ed092ca.png
05:02:57.318 [main] DEBUG net.thucydides.core.steps.StepInterceptor - STARTING STEP: BuildingSteps.adminFillDescription - fillDescriptionBuilding
05:02:57.326 [Forwarding findElement on session d77979fe3f716d98305f495fe70ad0d7 to remote] DEBUG org.asynchttpclient.netty.request.NettyRequestSender - Using pooled Channel '[id: 0x6a8d0d46, L:/127.0.0.1:64672 - R:localhost/127.0.0.1:56111]' for 'POST' to 'http://localhost:56111/session/d77979fe3f716d98305f495fe70ad0d7/element'
05:02:57.326 [Forwarding findElement on session d77979fe3f716d98305f495fe70ad0d7 to remote] DEBUG org.asynchttpclient.netty.request.NettyRequestSender - Using open Channel [id: 0x6a8d0d46, L:/127.0.0.1:64672 - R:localhost/127.0.0.1:56111] for POST '/session/d77979fe3f716d98305f495fe70ad0d7/element'
05:02:57.340 [AsyncHttpClient-1-1] DEBUG org.asynchttpclient.netty.channel.DefaultChannelPool - Entry count for : http://localhost:64673 : 1
05:02:57.355 [AsyncHttpClient-1-5] DEBUG org.asynchttpclient.netty.handler.HttpHandler - 

Request DefaultHttpRequest(decodeResult: success, version: HTTP/1.1)
POST /session/d77979fe3f716d98305f495fe70ad0d7/element HTTP/1.1
User-Agent: selenium/4.1.2 (java windows)
Content-Length: 66
Content-Type: application/json; charset=utf-8
host: localhost:56111
accept: */*

Response DefaultHttpResponse(decodeResult: success, version: HTTP/1.1)
HTTP/1.1 200 OK
Content-Type: application/json; charset=utf-8
cache-control: no-cache
content-length: 88

05:02:57.355 [AsyncHttpClient-1-5] DEBUG org.asynchttpclient.netty.channel.ChannelManager - Adding key: http://localhost:56111 for channel [id: 0x6a8d0d46, L:/127.0.0.1:64672 - R:localhost/127.0.0.1:56111]
05:02:57.358 [Forwarding clearElement on session d77979fe3f716d98305f495fe70ad0d7 to remote] DEBUG org.asynchttpclient.netty.request.NettyRequestSender - Using pooled Channel '[id: 0x6a8d0d46, L:/127.0.0.1:64672 - R:localhost/127.0.0.1:56111]' for 'POST' to 'http://localhost:56111/session/d77979fe3f716d98305f495fe70ad0d7/element/ef23656e-38a3-41c5-a3fa-4231b2786982/clear'
05:02:57.358 [Forwarding clearElement on session d77979fe3f716d98305f495fe70ad0d7 to remote] DEBUG org.asynchttpclient.netty.request.NettyRequestSender - Using open Channel [id: 0x6a8d0d46, L:/127.0.0.1:64672 - R:localhost/127.0.0.1:56111] for POST '/session/d77979fe3f716d98305f495fe70ad0d7/element/ef23656e-38a3-41c5-a3fa-4231b2786982/clear'
05:02:57.415 [AsyncHttpClient-1-5] DEBUG org.asynchttpclient.netty.handler.HttpHandler - 

Request DefaultHttpRequest(decodeResult: success, version: HTTP/1.1)
POST /session/d77979fe3f716d98305f495fe70ad0d7/element/ef23656e-38a3-41c5-a3fa-4231b2786982/clear HTTP/1.1
User-Agent: selenium/4.1.2 (java windows)
Content-Length: 50
Content-Type: application/json; charset=utf-8
host: localhost:56111
accept: */*

Response DefaultHttpResponse(decodeResult: success, version: HTTP/1.1)
HTTP/1.1 200 OK
Content-Type: application/json; charset=utf-8
cache-control: no-cache
content-length: 14

05:02:57.415 [AsyncHttpClient-1-5] DEBUG org.asynchttpclient.netty.channel.ChannelManager - Adding key: http://localhost:56111 for channel [id: 0x6a8d0d46, L:/127.0.0.1:64672 - R:localhost/127.0.0.1:56111]
05:02:57.420 [Forwarding sendKeysToElement on session d77979fe3f716d98305f495fe70ad0d7 to remote] DEBUG org.asynchttpclient.netty.request.NettyRequestSender - Using pooled Channel '[id: 0x6a8d0d46, L:/127.0.0.1:64672 - R:localhost/127.0.0.1:56111]' for 'POST' to 'http://localhost:56111/session/d77979fe3f716d98305f495fe70ad0d7/element/ef23656e-38a3-41c5-a3fa-4231b2786982/value'
05:02:57.420 [Forwarding sendKeysToElement on session d77979fe3f716d98305f495fe70ad0d7 to remote] DEBUG org.asynchttpclient.netty.request.NettyRequestSender - Using open Channel [id: 0x6a8d0d46, L:/127.0.0.1:64672 - R:localhost/127.0.0.1:56111] for POST '/session/d77979fe3f716d98305f495fe70ad0d7/element/ef23656e-38a3-41c5-a3fa-4231b2786982/value'
05:02:58.116 [AsyncHttpClient-1-5] DEBUG org.asynchttpclient.netty.handler.HttpHandler - 

Request DefaultHttpRequest(decodeResult: success, version: HTTP/1.1)
POST /session/d77979fe3f716d98305f495fe70ad0d7/element/ef23656e-38a3-41c5-a3fa-4231b2786982/value HTTP/1.1
User-Agent: selenium/4.1.2 (java windows)
Content-Length: 441
Content-Type: application/json; charset=utf-8
host: localhost:56111
accept: */*

Response DefaultHttpResponse(decodeResult: success, version: HTTP/1.1)
HTTP/1.1 200 OK
Content-Type: application/json; charset=utf-8
cache-control: no-cache
content-length: 14

05:02:58.117 [AsyncHttpClient-1-5] DEBUG org.asynchttpclient.netty.channel.ChannelManager - Adding key: http://localhost:56111 for channel [id: 0x6a8d0d46, L:/127.0.0.1:64672 - R:localhost/127.0.0.1:56111]
05:02:58.132 [Forwarding screenshot on session d77979fe3f716d98305f495fe70ad0d7 to remote] DEBUG org.asynchttpclient.netty.request.NettyRequestSender - Using pooled Channel '[id: 0x6a8d0d46, L:/127.0.0.1:64672 - R:localhost/127.0.0.1:56111]' for 'GET' to 'http://localhost:56111/session/d77979fe3f716d98305f495fe70ad0d7/screenshot'
05:02:58.132 [Forwarding screenshot on session d77979fe3f716d98305f495fe70ad0d7 to remote] DEBUG org.asynchttpclient.netty.request.NettyRequestSender - Using open Channel [id: 0x6a8d0d46, L:/127.0.0.1:64672 - R:localhost/127.0.0.1:56111] for GET '/session/d77979fe3f716d98305f495fe70ad0d7/screenshot'
05:02:58.388 [AsyncHttpClient-1-5] DEBUG org.asynchttpclient.netty.handler.HttpHandler - 

Request DefaultFullHttpRequest(decodeResult: success, version: HTTP/1.1, content: EmptyByteBufBE)
GET /session/d77979fe3f716d98305f495fe70ad0d7/screenshot HTTP/1.1
User-Agent: selenium/4.1.2 (java windows)
Cache-Control: no-cache
Content-Type: application/json; charset=utf-8
host: localhost:56111
accept: */*

Response DefaultHttpResponse(decodeResult: success, version: HTTP/1.1)
HTTP/1.1 200 OK
Content-Type: application/json; charset=utf-8
cache-control: no-cache
content-length: 71756

05:02:58.390 [AsyncHttpClient-1-5] DEBUG org.asynchttpclient.netty.channel.ChannelManager - Adding key: http://localhost:56111 for channel [id: 0x6a8d0d46, L:/127.0.0.1:64672 - R:localhost/127.0.0.1:56111]
05:02:58.398 [main] DEBUG net.serenitybdd.core.photography.Darkroom - Send negative for processing for target\site\serenity\4f6ddada639d83ecba9a6d8895306cdc43a5ebd62362027318508c55df94cf3c.png
05:02:58.398 [main] DEBUG net.thucydides.core.steps.StepInterceptor - STEP DONE: fillDescriptionBuilding
  &amp#27;[32mAnd &amp#27;[0m&amp#27;[32madmin fill description&amp#27;[0m                                     &amp#27;[90m# starter.stepdefenitions.BuildingSteps.adminFillDescription()&amp#27;[0m
05:02:58.399 [Darkroom Processing Line] DEBUG net.serenitybdd.core.photography.DarkroomProcessingLine - Processing screenshot image in /var/screenshots/screenshot-8631776324865809566
05:02:58.399 [Darkroom Processing Line] DEBUG net.serenitybdd.core.photography.DarkroomProcessingLine - Saving screenshot to target\site\serenity\4f6ddada639d83ecba9a6d8895306cdc43a5ebd62362027318508c55df94cf3c.png
05:02:58.432 [AsyncHttpClient-1-1] DEBUG org.asynchttpclient.netty.channel.DefaultChannelPool - Entry count for : http://localhost:56111 : 1
05:02:58.432 [AsyncHttpClient-1-1] DEBUG org.asynchttpclient.netty.channel.DefaultChannelPool - Entry count for : http://localhost:64673 : 1
05:02:58.432 [main] DEBUG net.thucydides.core.steps.StepInterceptor - STARTING STEP: BuildingSteps.adminClickCreate - clickAddBuilding
05:02:58.442 [Forwarding findElement on session d77979fe3f716d98305f495fe70ad0d7 to remote] DEBUG org.asynchttpclient.netty.request.NettyRequestSender - Using pooled Channel '[id: 0x6a8d0d46, L:/127.0.0.1:64672 - R:localhost/127.0.0.1:56111]' for 'POST' to 'http://localhost:56111/session/d77979fe3f716d98305f495fe70ad0d7/element'
05:02:58.442 [Forwarding findElement on session d77979fe3f716d98305f495fe70ad0d7 to remote] DEBUG org.asynchttpclient.netty.request.NettyRequestSender - Using open Channel [id: 0x6a8d0d46, L:/127.0.0.1:64672 - R:localhost/127.0.0.1:56111] for POST '/session/d77979fe3f716d98305f495fe70ad0d7/element'
05:02:58.455 [AsyncHttpClient-1-5] DEBUG org.asynchttpclient.netty.handler.HttpHandler - 

Request DefaultHttpRequest(decodeResult: success, version: HTTP/1.1)
POST /session/d77979fe3f716d98305f495fe70ad0d7/element HTTP/1.1
User-Agent: selenium/4.1.2 (java windows)
Content-Length: 92
Content-Type: application/json; charset=utf-8
host: localhost:56111
accept: */*

Response DefaultHttpResponse(decodeResult: success, version: HTTP/1.1)
HTTP/1.1 200 OK
Content-Type: application/json; charset=utf-8
cache-control: no-cache
content-length: 88

05:02:58.455 [AsyncHttpClient-1-5] DEBUG org.asynchttpclient.netty.channel.ChannelManager - Adding key: http://localhost:56111 for channel [id: 0x6a8d0d46, L:/127.0.0.1:64672 - R:localhost/127.0.0.1:56111]
05:02:58.458 [Forwarding getElementTagName on session d77979fe3f716d98305f495fe70ad0d7 to remote] DEBUG org.asynchttpclient.netty.request.NettyRequestSender - Using pooled Channel '[id: 0x6a8d0d46, L:/127.0.0.1:64672 - R:localhost/127.0.0.1:56111]' for 'GET' to 'http://localhost:56111/session/d77979fe3f716d98305f495fe70ad0d7/element/823650be-9fa2-4d53-854d-3c4cf799d14d/name'
05:02:58.458 [Forwarding getElementTagName on session d77979fe3f716d98305f495fe70ad0d7 to remote] DEBUG org.asynchttpclient.netty.request.NettyRequestSender - Using open Channel [id: 0x6a8d0d46, L:/127.0.0.1:64672 - R:localhost/127.0.0.1:56111] for GET '/session/d77979fe3f716d98305f495fe70ad0d7/element/823650be-9fa2-4d53-854d-3c4cf799d14d/name'
05:02:58.475 [AsyncHttpClient-1-5] DEBUG org.asynchttpclient.netty.handler.HttpHandler - 

Request DefaultFullHttpRequest(decodeResult: success, version: HTTP/1.1, content: EmptyByteBufBE)
GET /session/d77979fe3f716d98305f495fe70ad0d7/element/823650be-9fa2-4d53-854d-3c4cf799d14d/name HTTP/1.1
User-Agent: selenium/4.1.2 (java windows)
Cache-Control: no-cache
Content-Type: application/json; charset=utf-8
host: localhost:56111
accept: */*

Response DefaultHttpResponse(decodeResult: success, version: HTTP/1.1)
HTTP/1.1 200 OK
Content-Type: application/json; charset=utf-8
cache-control: no-cache
content-length: 18

05:02:58.475 [AsyncHttpClient-1-5] DEBUG org.asynchttpclient.netty.channel.ChannelManager - Adding key: http://localhost:56111 for channel [id: 0x6a8d0d46, L:/127.0.0.1:64672 - R:localhost/127.0.0.1:56111]
05:02:58.479 [Forwarding getElementTagName on session d77979fe3f716d98305f495fe70ad0d7 to remote] DEBUG org.asynchttpclient.netty.request.NettyRequestSender - Using pooled Channel '[id: 0x6a8d0d46, L:/127.0.0.1:64672 - R:localhost/127.0.0.1:56111]' for 'GET' to 'http://localhost:56111/session/d77979fe3f716d98305f495fe70ad0d7/element/823650be-9fa2-4d53-854d-3c4cf799d14d/name'
05:02:58.479 [Forwarding getElementTagName on session d77979fe3f716d98305f495fe70ad0d7 to remote] DEBUG org.asynchttpclient.netty.request.NettyRequestSender - Using open Channel [id: 0x6a8d0d46, L:/127.0.0.1:64672 - R:localhost/127.0.0.1:56111] for GET '/session/d77979fe3f716d98305f495fe70ad0d7/element/823650be-9fa2-4d53-854d-3c4cf799d14d/name'
05:02:58.485 [AsyncHttpClient-1-5] DEBUG org.asynchttpclient.netty.handler.HttpHandler - 

Request DefaultFullHttpRequest(decodeResult: success, version: HTTP/1.1, content: EmptyByteBufBE)
GET /session/d77979fe3f716d98305f495fe70ad0d7/element/823650be-9fa2-4d53-854d-3c4cf799d14d/name HTTP/1.1
User-Agent: selenium/4.1.2 (java windows)
Cache-Control: no-cache
Content-Type: application/json; charset=utf-8
host: localhost:56111
accept: */*

Response DefaultHttpResponse(decodeResult: success, version: HTTP/1.1)
HTTP/1.1 200 OK
Content-Type: application/json; charset=utf-8
cache-control: no-cache
content-length: 18

05:02:58.485 [AsyncHttpClient-1-5] DEBUG org.asynchttpclient.netty.channel.ChannelManager - Adding key: http://localhost:56111 for channel [id: 0x6a8d0d46, L:/127.0.0.1:64672 - R:localhost/127.0.0.1:56111]
05:02:58.491 [Forwarding isElementEnabled on session d77979fe3f716d98305f495fe70ad0d7 to remote] DEBUG org.asynchttpclient.netty.request.NettyRequestSender - Using pooled Channel '[id: 0x6a8d0d46, L:/127.0.0.1:64672 - R:localhost/127.0.0.1:56111]' for 'GET' to 'http://localhost:56111/session/d77979fe3f716d98305f495fe70ad0d7/element/823650be-9fa2-4d53-854d-3c4cf799d14d/enabled'
05:02:58.491 [Forwarding isElementEnabled on session d77979fe3f716d98305f495fe70ad0d7 to remote] DEBUG org.asynchttpclient.netty.request.NettyRequestSender - Using open Channel [id: 0x6a8d0d46, L:/127.0.0.1:64672 - R:localhost/127.0.0.1:56111] for GET '/session/d77979fe3f716d98305f495fe70ad0d7/element/823650be-9fa2-4d53-854d-3c4cf799d14d/enabled'
05:02:58.509 [AsyncHttpClient-1-5] DEBUG org.asynchttpclient.netty.handler.HttpHandler - 

Request DefaultFullHttpRequest(decodeResult: success, version: HTTP/1.1, content: EmptyByteBufBE)
GET /session/d77979fe3f716d98305f495fe70ad0d7/element/823650be-9fa2-4d53-854d-3c4cf799d14d/enabled HTTP/1.1
User-Agent: selenium/4.1.2 (java windows)
Cache-Control: no-cache
Content-Type: application/json; charset=utf-8
host: localhost:56111
accept: */*

Response DefaultHttpResponse(decodeResult: success, version: HTTP/1.1)
HTTP/1.1 200 OK
Content-Type: application/json; charset=utf-8
cache-control: no-cache
content-length: 14

05:02:58.509 [AsyncHttpClient-1-5] DEBUG org.asynchttpclient.netty.channel.ChannelManager - Adding key: http://localhost:56111 for channel [id: 0x6a8d0d46, L:/127.0.0.1:64672 - R:localhost/127.0.0.1:56111]
05:02:58.512 [Forwarding isElementEnabled on session d77979fe3f716d98305f495fe70ad0d7 to remote] DEBUG org.asynchttpclient.netty.request.NettyRequestSender - Using pooled Channel '[id: 0x6a8d0d46, L:/127.0.0.1:64672 - R:localhost/127.0.0.1:56111]' for 'GET' to 'http://localhost:56111/session/d77979fe3f716d98305f495fe70ad0d7/element/823650be-9fa2-4d53-854d-3c4cf799d14d/enabled'
05:02:58.512 [Forwarding isElementEnabled on session d77979fe3f716d98305f495fe70ad0d7 to remote] DEBUG org.asynchttpclient.netty.request.NettyRequestSender - Using open Channel [id: 0x6a8d0d46, L:/127.0.0.1:64672 - R:localhost/127.0.0.1:56111] for GET '/session/d77979fe3f716d98305f495fe70ad0d7/element/823650be-9fa2-4d53-854d-3c4cf799d14d/enabled'
05:02:58.523 [AsyncHttpClient-1-5] DEBUG org.asynchttpclient.netty.handler.HttpHandler - 

Request DefaultFullHttpRequest(decodeResult: success, version: HTTP/1.1, content: EmptyByteBufBE)
GET /session/d77979fe3f716d98305f495fe70ad0d7/element/823650be-9fa2-4d53-854d-3c4cf799d14d/enabled HTTP/1.1
User-Agent: selenium/4.1.2 (java windows)
Cache-Control: no-cache
Content-Type: application/json; charset=utf-8
host: localhost:56111
accept: */*

Response DefaultHttpResponse(decodeResult: success, version: HTTP/1.1)
HTTP/1.1 200 OK
Content-Type: application/json; charset=utf-8
cache-control: no-cache
content-length: 14

05:02:58.523 [AsyncHttpClient-1-5] DEBUG org.asynchttpclient.netty.channel.ChannelManager - Adding key: http://localhost:56111 for channel [id: 0x6a8d0d46, L:/127.0.0.1:64672 - R:localhost/127.0.0.1:56111]
05:02:58.527 [Forwarding findElement on session d77979fe3f716d98305f495fe70ad0d7 to remote] DEBUG org.asynchttpclient.netty.request.NettyRequestSender - Using pooled Channel '[id: 0x6a8d0d46, L:/127.0.0.1:64672 - R:localhost/127.0.0.1:56111]' for 'POST' to 'http://localhost:56111/session/d77979fe3f716d98305f495fe70ad0d7/element'
05:02:58.527 [Forwarding findElement on session d77979fe3f716d98305f495fe70ad0d7 to remote] DEBUG org.asynchttpclient.netty.request.NettyRequestSender - Using open Channel [id: 0x6a8d0d46, L:/127.0.0.1:64672 - R:localhost/127.0.0.1:56111] for POST '/session/d77979fe3f716d98305f495fe70ad0d7/element'
05:02:58.542 [AsyncHttpClient-1-5] DEBUG org.asynchttpclient.netty.handler.HttpHandler - 

Request DefaultHttpRequest(decodeResult: success, version: HTTP/1.1)
POST /session/d77979fe3f716d98305f495fe70ad0d7/element HTTP/1.1
User-Agent: selenium/4.1.2 (java windows)
Content-Length: 92
Content-Type: application/json; charset=utf-8
host: localhost:56111
accept: */*

Response DefaultHttpResponse(decodeResult: success, version: HTTP/1.1)
HTTP/1.1 200 OK
Content-Type: application/json; charset=utf-8
cache-control: no-cache
content-length: 88

05:02:58.542 [AsyncHttpClient-1-5] DEBUG org.asynchttpclient.netty.channel.ChannelManager - Adding key: http://localhost:56111 for channel [id: 0x6a8d0d46, L:/127.0.0.1:64672 - R:localhost/127.0.0.1:56111]
05:02:58.545 [Forwarding clickElement on session d77979fe3f716d98305f495fe70ad0d7 to remote] DEBUG org.asynchttpclient.netty.request.NettyRequestSender - Using pooled Channel '[id: 0x6a8d0d46, L:/127.0.0.1:64672 - R:localhost/127.0.0.1:56111]' for 'POST' to 'http://localhost:56111/session/d77979fe3f716d98305f495fe70ad0d7/element/823650be-9fa2-4d53-854d-3c4cf799d14d/click'
05:02:58.545 [Forwarding clickElement on session d77979fe3f716d98305f495fe70ad0d7 to remote] DEBUG org.asynchttpclient.netty.request.NettyRequestSender - Using open Channel [id: 0x6a8d0d46, L:/127.0.0.1:64672 - R:localhost/127.0.0.1:56111] for POST '/session/d77979fe3f716d98305f495fe70ad0d7/element/823650be-9fa2-4d53-854d-3c4cf799d14d/click'
05:02:58.765 [AsyncHttpClient-1-5] DEBUG org.asynchttpclient.netty.handler.HttpHandler - 

Request DefaultHttpRequest(decodeResult: success, version: HTTP/1.1)
POST /session/d77979fe3f716d98305f495fe70ad0d7/element/823650be-9fa2-4d53-854d-3c4cf799d14d/click HTTP/1.1
User-Agent: selenium/4.1.2 (java windows)
Content-Length: 50
Content-Type: application/json; charset=utf-8
host: localhost:56111
accept: */*

Response DefaultHttpResponse(decodeResult: success, version: HTTP/1.1)
HTTP/1.1 200 OK
Content-Type: application/json; charset=utf-8
cache-control: no-cache
content-length: 14

05:02:58.765 [AsyncHttpClient-1-5] DEBUG org.asynchttpclient.netty.channel.ChannelManager - Adding key: http://localhost:56111 for channel [id: 0x6a8d0d46, L:/127.0.0.1:64672 - R:localhost/127.0.0.1:56111]
05:02:58.783 [Forwarding screenshot on session d77979fe3f716d98305f495fe70ad0d7 to remote] DEBUG org.asynchttpclient.netty.request.NettyRequestSender - Using pooled Channel '[id: 0x6a8d0d46, L:/127.0.0.1:64672 - R:localhost/127.0.0.1:56111]' for 'GET' to 'http://localhost:56111/session/d77979fe3f716d98305f495fe70ad0d7/screenshot'
05:02:58.783 [Forwarding screenshot on session d77979fe3f716d98305f495fe70ad0d7 to remote] DEBUG org.asynchttpclient.netty.request.NettyRequestSender - Using open Channel [id: 0x6a8d0d46, L:/127.0.0.1:64672 - R:localhost/127.0.0.1:56111] for GET '/session/d77979fe3f716d98305f495fe70ad0d7/screenshot'
05:02:59.133 [AsyncHttpClient-1-5] DEBUG org.asynchttpclient.netty.handler.HttpHandler - 

Request DefaultFullHttpRequest(decodeResult: success, version: HTTP/1.1, content: EmptyByteBufBE)
GET /session/d77979fe3f716d98305f495fe70ad0d7/screenshot HTTP/1.1
User-Agent: selenium/4.1.2 (java windows)
Cache-Control: no-cache
Content-Type: application/json; charset=utf-8
host: localhost:56111
accept: */*

Response DefaultHttpResponse(decodeResult: success, version: HTTP/1.1)
HTTP/1.1 200 OK
Content-Type: application/json; charset=utf-8
cache-control: no-cache
content-length: 70868

05:02:59.135 [AsyncHttpClient-1-5] DEBUG org.asynchttpclient.netty.channel.ChannelManager - Adding key: http://localhost:56111 for channel [id: 0x6a8d0d46, L:/127.0.0.1:64672 - R:localhost/127.0.0.1:56111]
05:02:59.146 [main] DEBUG net.serenitybdd.core.photography.Darkroom - Send negative for processing for target\site\serenity\d6e95bcdcccacb1bde52e2296093bbd51fdafeaa9a7178bdafcf011eaf50b502.png
05:02:59.147 [main] DEBUG net.thucydides.core.steps.StepInterceptor - STEP DONE: clickAddBuilding
  &amp#27;[32mAnd &amp#27;[0m&amp#27;[32madmin click create&amp#27;[0m                                         &amp#27;[90m# starter.stepdefenitions.BuildingSteps.adminClickCreate()&amp#27;[0m
05:02:59.155 [Darkroom Processing Line] DEBUG net.serenitybdd.core.photography.DarkroomProcessingLine - Processing screenshot image in /var/screenshots/screenshot-120569681355452365
05:02:59.155 [Darkroom Processing Line] DEBUG net.serenitybdd.core.photography.DarkroomProcessingLine - Saving screenshot to target\site\serenity\d6e95bcdcccacb1bde52e2296093bbd51fdafeaa9a7178bdafcf011eaf50b502.png
05:02:59.207 [Forwarding screenshot on session d77979fe3f716d98305f495fe70ad0d7 to remote] DEBUG org.asynchttpclient.netty.request.NettyRequestSender - Using pooled Channel '[id: 0x6a8d0d46, L:/127.0.0.1:64672 - R:localhost/127.0.0.1:56111]' for 'GET' to 'http://localhost:56111/session/d77979fe3f716d98305f495fe70ad0d7/screenshot'
05:02:59.207 [Forwarding screenshot on session d77979fe3f716d98305f495fe70ad0d7 to remote] DEBUG org.asynchttpclient.netty.request.NettyRequestSender - Using open Channel [id: 0x6a8d0d46, L:/127.0.0.1:64672 - R:localhost/127.0.0.1:56111] for GET '/session/d77979fe3f716d98305f495fe70ad0d7/screenshot'
05:02:59.538 [AsyncHttpClient-1-1] DEBUG org.asynchttpclient.netty.channel.DefaultChannelPool - Entry count for : http://localhost:64673 : 1
05:02:59.557 [AsyncHttpClient-1-5] DEBUG org.asynchttpclient.netty.handler.HttpHandler - 

Request DefaultFullHttpRequest(decodeResult: success, version: HTTP/1.1, content: EmptyByteBufBE)
GET /session/d77979fe3f716d98305f495fe70ad0d7/screenshot HTTP/1.1
User-Agent: selenium/4.1.2 (java windows)
Cache-Control: no-cache
Content-Type: application/json; charset=utf-8
host: localhost:56111
accept: */*

Response DefaultHttpResponse(decodeResult: success, version: HTTP/1.1)
HTTP/1.1 200 OK
Content-Type: application/json; charset=utf-8
cache-control: no-cache
content-length: 114628

05:02:59.558 [AsyncHttpClient-1-5] DEBUG org.asynchttpclient.netty.channel.ChannelManager - Adding key: http://localhost:56111 for channel [id: 0x6a8d0d46, L:/127.0.0.1:64672 - R:localhost/127.0.0.1:56111]
05:02:59.570 [main] DEBUG net.serenitybdd.core.photography.Darkroom - Send negative for processing for target\site\serenity\2199af817f18d1b800bd2263b4b8c16c603bf11203b8bebf8a46228bf032d743.png
05:02:59.571 [main] DEBUG net.thucydides.core.steps.StepInterceptor - STARTING STEP: BuildingSteps.adminClickSuccessAdd - clickSuccessButton
05:02:59.572 [Darkroom Processing Line] DEBUG net.serenitybdd.core.photography.DarkroomProcessingLine - Processing screenshot image in /var/screenshots/screenshot-2156443956800105007
05:02:59.572 [Darkroom Processing Line] DEBUG net.serenitybdd.core.photography.DarkroomProcessingLine - Saving screenshot to target\site\serenity\2199af817f18d1b800bd2263b4b8c16c603bf11203b8bebf8a46228bf032d743.png
05:02:59.580 [Forwarding findElement on session d77979fe3f716d98305f495fe70ad0d7 to remote] DEBUG org.asynchttpclient.netty.request.NettyRequestSender - Using pooled Channel '[id: 0x6a8d0d46, L:/127.0.0.1:64672 - R:localhost/127.0.0.1:56111]' for 'POST' to 'http://localhost:56111/session/d77979fe3f716d98305f495fe70ad0d7/element'
05:02:59.581 [Forwarding findElement on session d77979fe3f716d98305f495fe70ad0d7 to remote] DEBUG org.asynchttpclient.netty.request.NettyRequestSender - Using open Channel [id: 0x6a8d0d46, L:/127.0.0.1:64672 - R:localhost/127.0.0.1:56111] for POST '/session/d77979fe3f716d98305f495fe70ad0d7/element'
05:02:59.609 [AsyncHttpClient-1-5] DEBUG org.asynchttpclient.netty.handler.HttpHandler - 

Request DefaultHttpRequest(decodeResult: success, version: HTTP/1.1)
POST /session/d77979fe3f716d98305f495fe70ad0d7/element HTTP/1.1
User-Agent: selenium/4.1.2 (java windows)
Content-Length: 79
Content-Type: application/json; charset=utf-8
host: localhost:56111
accept: */*

Response DefaultHttpResponse(decodeResult: success, version: HTTP/1.1)
HTTP/1.1 200 OK
Content-Type: application/json; charset=utf-8
cache-control: no-cache
content-length: 88

05:02:59.609 [AsyncHttpClient-1-5] DEBUG org.asynchttpclient.netty.channel.ChannelManager - Adding key: http://localhost:56111 for channel [id: 0x6a8d0d46, L:/127.0.0.1:64672 - R:localhost/127.0.0.1:56111]
05:02:59.612 [Forwarding getElementTagName on session d77979fe3f716d98305f495fe70ad0d7 to remote] DEBUG org.asynchttpclient.netty.request.NettyRequestSender - Using pooled Channel '[id: 0x6a8d0d46, L:/127.0.0.1:64672 - R:localhost/127.0.0.1:56111]' for 'GET' to 'http://localhost:56111/session/d77979fe3f716d98305f495fe70ad0d7/element/a4a5b005-c43c-43a2-b78b-e0b7e3c49f5a/name'
05:02:59.612 [Forwarding getElementTagName on session d77979fe3f716d98305f495fe70ad0d7 to remote] DEBUG org.asynchttpclient.netty.request.NettyRequestSender - Using open Channel [id: 0x6a8d0d46, L:/127.0.0.1:64672 - R:localhost/127.0.0.1:56111] for GET '/session/d77979fe3f716d98305f495fe70ad0d7/element/a4a5b005-c43c-43a2-b78b-e0b7e3c49f5a/name'
05:02:59.621 [AsyncHttpClient-1-5] DEBUG org.asynchttpclient.netty.handler.HttpHandler - 

Request DefaultFullHttpRequest(decodeResult: success, version: HTTP/1.1, content: EmptyByteBufBE)
GET /session/d77979fe3f716d98305f495fe70ad0d7/element/a4a5b005-c43c-43a2-b78b-e0b7e3c49f5a/name HTTP/1.1
User-Agent: selenium/4.1.2 (java windows)
Cache-Control: no-cache
Content-Type: application/json; charset=utf-8
host: localhost:56111
accept: */*

Response DefaultHttpResponse(decodeResult: success, version: HTTP/1.1)
HTTP/1.1 200 OK
Content-Type: application/json; charset=utf-8
cache-control: no-cache
content-length: 18

05:02:59.621 [AsyncHttpClient-1-5] DEBUG org.asynchttpclient.netty.channel.ChannelManager - Adding key: http://localhost:56111 for channel [id: 0x6a8d0d46, L:/127.0.0.1:64672 - R:localhost/127.0.0.1:56111]
05:02:59.625 [Forwarding getElementTagName on session d77979fe3f716d98305f495fe70ad0d7 to remote] DEBUG org.asynchttpclient.netty.request.NettyRequestSender - Using pooled Channel '[id: 0x6a8d0d46, L:/127.0.0.1:64672 - R:localhost/127.0.0.1:56111]' for 'GET' to 'http://localhost:56111/session/d77979fe3f716d98305f495fe70ad0d7/element/a4a5b005-c43c-43a2-b78b-e0b7e3c49f5a/name'
05:02:59.626 [Forwarding getElementTagName on session d77979fe3f716d98305f495fe70ad0d7 to remote] DEBUG org.asynchttpclient.netty.request.NettyRequestSender - Using open Channel [id: 0x6a8d0d46, L:/127.0.0.1:64672 - R:localhost/127.0.0.1:56111] for GET '/session/d77979fe3f716d98305f495fe70ad0d7/element/a4a5b005-c43c-43a2-b78b-e0b7e3c49f5a/name'
05:02:59.632 [AsyncHttpClient-1-5] DEBUG org.asynchttpclient.netty.handler.HttpHandler - 

Request DefaultFullHttpRequest(decodeResult: success, version: HTTP/1.1, content: EmptyByteBufBE)
GET /session/d77979fe3f716d98305f495fe70ad0d7/element/a4a5b005-c43c-43a2-b78b-e0b7e3c49f5a/name HTTP/1.1
User-Agent: selenium/4.1.2 (java windows)
Cache-Control: no-cache
Content-Type: application/json; charset=utf-8
host: localhost:56111
accept: */*

Response DefaultHttpResponse(decodeResult: success, version: HTTP/1.1)
HTTP/1.1 200 OK
Content-Type: application/json; charset=utf-8
cache-control: no-cache
content-length: 18

05:02:59.632 [AsyncHttpClient-1-5] DEBUG org.asynchttpclient.netty.channel.ChannelManager - Adding key: http://localhost:56111 for channel [id: 0x6a8d0d46, L:/127.0.0.1:64672 - R:localhost/127.0.0.1:56111]
05:02:59.640 [Forwarding isElementEnabled on session d77979fe3f716d98305f495fe70ad0d7 to remote] DEBUG org.asynchttpclient.netty.request.NettyRequestSender - Using pooled Channel '[id: 0x6a8d0d46, L:/127.0.0.1:64672 - R:localhost/127.0.0.1:56111]' for 'GET' to 'http://localhost:56111/session/d77979fe3f716d98305f495fe70ad0d7/element/a4a5b005-c43c-43a2-b78b-e0b7e3c49f5a/enabled'
05:02:59.641 [Forwarding isElementEnabled on session d77979fe3f716d98305f495fe70ad0d7 to remote] DEBUG org.asynchttpclient.netty.request.NettyRequestSender - Using open Channel [id: 0x6a8d0d46, L:/127.0.0.1:64672 - R:localhost/127.0.0.1:56111] for GET '/session/d77979fe3f716d98305f495fe70ad0d7/element/a4a5b005-c43c-43a2-b78b-e0b7e3c49f5a/enabled'
05:02:59.659 [AsyncHttpClient-1-5] DEBUG org.asynchttpclient.netty.handler.HttpHandler - 

Request DefaultFullHttpRequest(decodeResult: success, version: HTTP/1.1, content: EmptyByteBufBE)
GET /session/d77979fe3f716d98305f495fe70ad0d7/element/a4a5b005-c43c-43a2-b78b-e0b7e3c49f5a/enabled HTTP/1.1
User-Agent: selenium/4.1.2 (java windows)
Cache-Control: no-cache
Content-Type: application/json; charset=utf-8
host: localhost:56111
accept: */*

Response DefaultHttpResponse(decodeResult: success, version: HTTP/1.1)
HTTP/1.1 200 OK
Content-Type: application/json; charset=utf-8
cache-control: no-cache
content-length: 14

05:02:59.660 [AsyncHttpClient-1-5] DEBUG org.asynchttpclient.netty.channel.ChannelManager - Adding key: http://localhost:56111 for channel [id: 0x6a8d0d46, L:/127.0.0.1:64672 - R:localhost/127.0.0.1:56111]
05:02:59.662 [Forwarding isElementEnabled on session d77979fe3f716d98305f495fe70ad0d7 to remote] DEBUG org.asynchttpclient.netty.request.NettyRequestSender - Using pooled Channel '[id: 0x6a8d0d46, L:/127.0.0.1:64672 - R:localhost/127.0.0.1:56111]' for 'GET' to 'http://localhost:56111/session/d77979fe3f716d98305f495fe70ad0d7/element/a4a5b005-c43c-43a2-b78b-e0b7e3c49f5a/enabled'
05:02:59.662 [Forwarding isElementEnabled on session d77979fe3f716d98305f495fe70ad0d7 to remote] DEBUG org.asynchttpclient.netty.request.NettyRequestSender - Using open Channel [id: 0x6a8d0d46, L:/127.0.0.1:64672 - R:localhost/127.0.0.1:56111] for GET '/session/d77979fe3f716d98305f495fe70ad0d7/element/a4a5b005-c43c-43a2-b78b-e0b7e3c49f5a/enabled'
05:02:59.674 [AsyncHttpClient-1-5] DEBUG org.asynchttpclient.netty.handler.HttpHandler - 

Request DefaultFullHttpRequest(decodeResult: success, version: HTTP/1.1, content: EmptyByteBufBE)
GET /session/d77979fe3f716d98305f495fe70ad0d7/element/a4a5b005-c43c-43a2-b78b-e0b7e3c49f5a/enabled HTTP/1.1
User-Agent: selenium/4.1.2 (java windows)
Cache-Control: no-cache
Content-Type: application/json; charset=utf-8
host: localhost:56111
accept: */*

Response DefaultHttpResponse(decodeResult: success, version: HTTP/1.1)
HTTP/1.1 200 OK
Content-Type: application/json; charset=utf-8
cache-control: no-cache
content-length: 14

05:02:59.674 [AsyncHttpClient-1-5] DEBUG org.asynchttpclient.netty.channel.ChannelManager - Adding key: http://localhost:56111 for channel [id: 0x6a8d0d46, L:/127.0.0.1:64672 - R:localhost/127.0.0.1:56111]
05:02:59.678 [Forwarding findElement on session d77979fe3f716d98305f495fe70ad0d7 to remote] DEBUG org.asynchttpclient.netty.request.NettyRequestSender - Using pooled Channel '[id: 0x6a8d0d46, L:/127.0.0.1:64672 - R:localhost/127.0.0.1:56111]' for 'POST' to 'http://localhost:56111/session/d77979fe3f716d98305f495fe70ad0d7/element'
05:02:59.678 [Forwarding findElement on session d77979fe3f716d98305f495fe70ad0d7 to remote] DEBUG org.asynchttpclient.netty.request.NettyRequestSender - Using open Channel [id: 0x6a8d0d46, L:/127.0.0.1:64672 - R:localhost/127.0.0.1:56111] for POST '/session/d77979fe3f716d98305f495fe70ad0d7/element'
05:02:59.693 [AsyncHttpClient-1-5] DEBUG org.asynchttpclient.netty.handler.HttpHandler - 

Request DefaultHttpRequest(decodeResult: success, version: HTTP/1.1)
POST /session/d77979fe3f716d98305f495fe70ad0d7/element HTTP/1.1
User-Agent: selenium/4.1.2 (java windows)
Content-Length: 79
Content-Type: application/json; charset=utf-8
host: localhost:56111
accept: */*

Response DefaultHttpResponse(decodeResult: success, version: HTTP/1.1)
HTTP/1.1 200 OK
Content-Type: application/json; charset=utf-8
cache-control: no-cache
content-length: 88

05:02:59.693 [AsyncHttpClient-1-5] DEBUG org.asynchttpclient.netty.channel.ChannelManager - Adding key: http://localhost:56111 for channel [id: 0x6a8d0d46, L:/127.0.0.1:64672 - R:localhost/127.0.0.1:56111]
05:02:59.696 [Forwarding clickElement on session d77979fe3f716d98305f495fe70ad0d7 to remote] DEBUG org.asynchttpclient.netty.request.NettyRequestSender - Using pooled Channel '[id: 0x6a8d0d46, L:/127.0.0.1:64672 - R:localhost/127.0.0.1:56111]' for 'POST' to 'http://localhost:56111/session/d77979fe3f716d98305f495fe70ad0d7/element/a4a5b005-c43c-43a2-b78b-e0b7e3c49f5a/click'
05:02:59.696 [Forwarding clickElement on session d77979fe3f716d98305f495fe70ad0d7 to remote] DEBUG org.asynchttpclient.netty.request.NettyRequestSender - Using open Channel [id: 0x6a8d0d46, L:/127.0.0.1:64672 - R:localhost/127.0.0.1:56111] for POST '/session/d77979fe3f716d98305f495fe70ad0d7/element/a4a5b005-c43c-43a2-b78b-e0b7e3c49f5a/click'
05:02:59.774 [AsyncHttpClient-1-5] DEBUG org.asynchttpclient.netty.handler.HttpHandler - 

Request DefaultHttpRequest(decodeResult: success, version: HTTP/1.1)
POST /session/d77979fe3f716d98305f495fe70ad0d7/element/a4a5b005-c43c-43a2-b78b-e0b7e3c49f5a/click HTTP/1.1
User-Agent: selenium/4.1.2 (java windows)
Content-Length: 50
Content-Type: application/json; charset=utf-8
host: localhost:56111
accept: */*

Response DefaultHttpResponse(decodeResult: success, version: HTTP/1.1)
HTTP/1.1 200 OK
Content-Type: application/json; charset=utf-8
cache-control: no-cache
content-length: 14

05:02:59.774 [AsyncHttpClient-1-5] DEBUG org.asynchttpclient.netty.channel.ChannelManager - Adding key: http://localhost:56111 for channel [id: 0x6a8d0d46, L:/127.0.0.1:64672 - R:localhost/127.0.0.1:56111]
05:02:59.793 [Forwarding screenshot on session d77979fe3f716d98305f495fe70ad0d7 to remote] DEBUG org.asynchttpclient.netty.request.NettyRequestSender - Using pooled Channel '[id: 0x6a8d0d46, L:/127.0.0.1:64672 - R:localhost/127.0.0.1:56111]' for 'GET' to 'http://localhost:56111/session/d77979fe3f716d98305f495fe70ad0d7/screenshot'
05:02:59.793 [Forwarding screenshot on session d77979fe3f716d98305f495fe70ad0d7 to remote] DEBUG org.asynchttpclient.netty.request.NettyRequestSender - Using open Channel [id: 0x6a8d0d46, L:/127.0.0.1:64672 - R:localhost/127.0.0.1:56111] for GET '/session/d77979fe3f716d98305f495fe70ad0d7/screenshot'
05:03:00.111 [AsyncHttpClient-1-5] DEBUG org.asynchttpclient.netty.handler.HttpHandler - 

Request DefaultFullHttpRequest(decodeResult: success, version: HTTP/1.1, content: EmptyByteBufBE)
GET /session/d77979fe3f716d98305f495fe70ad0d7/screenshot HTTP/1.1
User-Agent: selenium/4.1.2 (java windows)
Cache-Control: no-cache
Content-Type: application/json; charset=utf-8
host: localhost:56111
accept: */*

Response DefaultHttpResponse(decodeResult: success, version: HTTP/1.1)
HTTP/1.1 200 OK
Content-Type: application/json; charset=utf-8
cache-control: no-cache
content-length: 137080

05:03:00.112 [AsyncHttpClient-1-5] DEBUG org.asynchttpclient.netty.channel.ChannelManager - Adding key: http://localhost:56111 for channel [id: 0x6a8d0d46, L:/127.0.0.1:64672 - R:localhost/127.0.0.1:56111]
05:03:00.126 [main] DEBUG net.serenitybdd.core.photography.Darkroom - Send negative for processing for target\site\serenity\ba2114168a02fee3435858ca4b02da9ed6e03f3a76e39fb82890eda2a164a1d4.png
05:03:00.126 [main] DEBUG net.thucydides.core.steps.StepInterceptor - STEP DONE: clickSuccessButton
  &amp#27;[32mAnd &amp#27;[0m&amp#27;[32madmin click success add&amp#27;[0m                                    &amp#27;[90m# starter.stepdefenitions.BuildingSteps.adminClickSuccessAdd()&amp#27;[0m
05:03:00.127 [Darkroom Processing Line] DEBUG net.serenitybdd.core.photography.DarkroomProcessingLine - Processing screenshot image in /var/screenshots/screenshot-6613435714287375269
05:03:00.127 [Darkroom Processing Line] DEBUG net.serenitybdd.core.photography.DarkroomProcessingLine - Saving screenshot to target\site\serenity\ba2114168a02fee3435858ca4b02da9ed6e03f3a76e39fb82890eda2a164a1d4.png
05:03:00.168 [main] DEBUG net.thucydides.core.steps.StepInterceptor - STARTING STEP: BuildingSteps.adminSuccessCreteNewBuilding - validationOnBuildingPage
05:03:00.179 [Forwarding findElement on session d77979fe3f716d98305f495fe70ad0d7 to remote] DEBUG org.asynchttpclient.netty.request.NettyRequestSender - Using pooled Channel '[id: 0x6a8d0d46, L:/127.0.0.1:64672 - R:localhost/127.0.0.1:56111]' for 'POST' to 'http://localhost:56111/session/d77979fe3f716d98305f495fe70ad0d7/element'
05:03:00.179 [Forwarding findElement on session d77979fe3f716d98305f495fe70ad0d7 to remote] DEBUG org.asynchttpclient.netty.request.NettyRequestSender - Using open Channel [id: 0x6a8d0d46, L:/127.0.0.1:64672 - R:localhost/127.0.0.1:56111] for POST '/session/d77979fe3f716d98305f495fe70ad0d7/element'
05:03:00.207 [AsyncHttpClient-1-5] DEBUG org.asynchttpclient.netty.handler.HttpHandler - 

Request DefaultHttpRequest(decodeResult: success, version: HTTP/1.1)
POST /session/d77979fe3f716d98305f495fe70ad0d7/element HTTP/1.1
User-Agent: selenium/4.1.2 (java windows)
Content-Length: 74
Content-Type: application/json; charset=utf-8
host: localhost:56111
accept: */*

Response DefaultHttpResponse(decodeResult: success, version: HTTP/1.1)
HTTP/1.1 200 OK
Content-Type: application/json; charset=utf-8
cache-control: no-cache
content-length: 88

05:03:00.207 [AsyncHttpClient-1-5] DEBUG org.asynchttpclient.netty.channel.ChannelManager - Adding key: http://localhost:56111 for channel [id: 0x6a8d0d46, L:/127.0.0.1:64672 - R:localhost/127.0.0.1:56111]
05:03:00.215 [Forwarding isElementDisplayed on session d77979fe3f716d98305f495fe70ad0d7 to remote] DEBUG org.asynchttpclient.netty.request.NettyRequestSender - Using pooled Channel '[id: 0x6a8d0d46, L:/127.0.0.1:64672 - R:localhost/127.0.0.1:56111]' for 'POST' to 'http://localhost:56111/session/d77979fe3f716d98305f495fe70ad0d7/execute/sync'
05:03:00.215 [Forwarding isElementDisplayed on session d77979fe3f716d98305f495fe70ad0d7 to remote] DEBUG org.asynchttpclient.netty.request.NettyRequestSender - Using open Channel [id: 0x6a8d0d46, L:/127.0.0.1:64672 - R:localhost/127.0.0.1:56111] for POST '/session/d77979fe3f716d98305f495fe70ad0d7/execute/sync'
05:03:00.238 [AsyncHttpClient-1-5] DEBUG org.asynchttpclient.netty.handler.HttpHandler - 

Request DefaultHttpRequest(decodeResult: success, version: HTTP/1.1)
POST /session/d77979fe3f716d98305f495fe70ad0d7/execute/sync HTTP/1.1
User-Agent: selenium/4.1.2 (java windows)
Content-Length: 48780
Content-Type: application/json; charset=utf-8
host: localhost:56111
accept: */*

Response DefaultHttpResponse(decodeResult: success, version: HTTP/1.1)
HTTP/1.1 200 OK
Content-Type: application/json; charset=utf-8
cache-control: no-cache
content-length: 14

05:03:00.238 [AsyncHttpClient-1-5] DEBUG org.asynchttpclient.netty.channel.ChannelManager - Adding key: http://localhost:56111 for channel [id: 0x6a8d0d46, L:/127.0.0.1:64672 - R:localhost/127.0.0.1:56111]
05:03:00.250 [Forwarding screenshot on session d77979fe3f716d98305f495fe70ad0d7 to remote] DEBUG org.asynchttpclient.netty.request.NettyRequestSender - Using pooled Channel '[id: 0x6a8d0d46, L:/127.0.0.1:64672 - R:localhost/127.0.0.1:56111]' for 'GET' to 'http://localhost:56111/session/d77979fe3f716d98305f495fe70ad0d7/screenshot'
05:03:00.250 [Forwarding screenshot on session d77979fe3f716d98305f495fe70ad0d7 to remote] DEBUG org.asynchttpclient.netty.request.NettyRequestSender - Using open Channel [id: 0x6a8d0d46, L:/127.0.0.1:64672 - R:localhost/127.0.0.1:56111] for GET '/session/d77979fe3f716d98305f495fe70ad0d7/screenshot'
05:03:00.540 [AsyncHttpClient-1-5] DEBUG org.asynchttpclient.netty.handler.HttpHandler - 

Request DefaultFullHttpRequest(decodeResult: success, version: HTTP/1.1, content: EmptyByteBufBE)
GET /session/d77979fe3f716d98305f495fe70ad0d7/screenshot HTTP/1.1
User-Agent: selenium/4.1.2 (java windows)
Cache-Control: no-cache
Content-Type: application/json; charset=utf-8
host: localhost:56111
accept: */*

Response DefaultHttpResponse(decodeResult: success, version: HTTP/1.1)
HTTP/1.1 200 OK
Content-Type: application/json; charset=utf-8
cache-control: no-cache
content-length: 125396

05:03:00.542 [AsyncHttpClient-1-5] DEBUG org.asynchttpclient.netty.channel.ChannelManager - Adding key: http://localhost:56111 for channel [id: 0x6a8d0d46, L:/127.0.0.1:64672 - R:localhost/127.0.0.1:56111]
05:03:00.554 [main] DEBUG net.serenitybdd.core.photography.Darkroom - Send negative for processing for target\site\serenity\2b31ad2fc8a6bc9cc7c92357a5d203b9935ae0cf54e40034fa83d412e8ca7fd6.png
05:03:00.555 [main] DEBUG net.thucydides.core.steps.StepInterceptor - STEP DONE: validationOnBuildingPage
  &amp#27;[32mThen &amp#27;[0m&amp#27;[32madmin success crete new building&amp#27;[0m                          &amp#27;[90m# starter.stepdefenitions.BuildingSteps.adminSuccessCreteNewBuilding()&amp#27;[0m
05:03:00.555 [Darkroom Processing Line] DEBUG net.serenitybdd.core.photography.DarkroomProcessingLine - Processing screenshot image in /var/screenshots/screenshot-2155611307199421109
05:03:00.555 [Darkroom Processing Line] DEBUG net.serenitybdd.core.photography.DarkroomProcessingLine - Saving screenshot to target\site\serenity\2b31ad2fc8a6bc9cc7c92357a5d203b9935ae0cf54e40034fa83d412e8ca7fd6.png
05:03:00.569 [main] INFO  - 
  _____   ___   ___   _____     ___     _     ___   ___   ___   ___  
 |_   _| | __| / __| |_   _|   | _ \   /_\   / __| / __| | __| |   \ 
   | |   | _|  \__ \   | |     |  _/  / _ \  \__ \ \__ \ | _|  | |) |
   |_|   |___| |___/   |_|     |_|   /_/ \_\ |___/ |___/ |___| |___/ 

As admin i have be able success to create new building
----------------------------------------------------------------------
05:03:00.572 [AsyncHttpClient-1-7] DEBUG org.asynchttpclient.netty.handler.WebSocketHandler - Channel Closed: [id: 0x1e822ed4, L:/127.0.0.1:64680 ! R:localhost/127.0.0.1:64673] with attribute NettyResponseFuture{currentRetry=5,
	isDone=1,
	isCancelled=0,
	asyncHandler=org.asynchttpclient.ws.WebSocketUpgradeHandler@472a2819,
	nettyRequest=org.asynchttpclient.netty.request.NettyRequest@228be98,
	future=java.util.concurrent.CompletableFuture@5d3e6cbf[Completed normally],
	uri=ws://localhost:64673/devtools/browser/b5d9856e-ff4b-46e6-b38f-edfe3399bc40,
	keepAlive=true,
	redirectCount=0,
	timeoutsHolder=null,
	inAuth=0,
	touch=1658095364882}
05:03:00.573 [AsyncHttpClient-1-7] DEBUG org.asynchttpclient.netty.channel.ChannelManager - Closing Channel [id: 0x1e822ed4, L:/127.0.0.1:64680 ! R:localhost/127.0.0.1:64673] 
05:03:00.573 [Driver Command Executor] DEBUG org.asynchttpclient.netty.request.NettyRequestSender - Using pooled Channel '[id: 0x6a8d0d46, L:/127.0.0.1:64672 - R:localhost/127.0.0.1:56111]' for 'DELETE' to 'http://localhost:56111/session/d77979fe3f716d98305f495fe70ad0d7'
05:03:00.574 [Driver Command Executor] DEBUG org.asynchttpclient.netty.request.NettyRequestSender - Using open Channel [id: 0x6a8d0d46, L:/127.0.0.1:64672 - R:localhost/127.0.0.1:56111] for DELETE '/session/d77979fe3f716d98305f495fe70ad0d7'
05:03:00.633 [AsyncHttpClient-1-1] DEBUG org.asynchttpclient.netty.channel.DefaultChannelPool - Entry count for : http://localhost:64673 : 1
05:03:01.404 [AsyncHttpClient-1-6] DEBUG org.asynchttpclient.netty.handler.HttpHandler - Unexpected I/O exception on channel [id: 0xc8b85d05, L:/127.0.0.1:64679 - R:localhost/127.0.0.1:64673]
java.io.IOException: An existing connection was forcibly closed by the remote host
	at sun.nio.ch.SocketDispatcher.read0(Native Method)
	at sun.nio.ch.SocketDispatcher.read(SocketDispatcher.java:43)
	at sun.nio.ch.IOUtil.readIntoNativeBuffer(IOUtil.java:223)
	at sun.nio.ch.IOUtil.read(IOUtil.java:192)
	at sun.nio.ch.SocketChannelImpl.read(SocketChannelImpl.java:378)
	at io.netty.buffer.PooledByteBuf.setBytes(PooledByteBuf.java:258)
	at io.netty.buffer.AbstractByteBuf.writeBytes(AbstractByteBuf.java:1132)
	at io.netty.channel.socket.nio.NioSocketChannel.doReadBytes(NioSocketChannel.java:350)
	at io.netty.channel.nio.AbstractNioByteChannel$NioByteUnsafe.read(AbstractNioByteChannel.java:151)
	at io.netty.channel.nio.NioEventLoop.processSelectedKey(NioEventLoop.java:722)
	at io.netty.channel.nio.NioEventLoop.processSelectedKeysOptimized(NioEventLoop.java:658)
	at io.netty.channel.nio.NioEventLoop.processSelectedKeys(NioEventLoop.java:584)
	at io.netty.channel.nio.NioEventLoop.run(NioEventLoop.java:496)
	at io.netty.util.concurrent.SingleThreadEventExecutor$4.run(SingleThreadEventExecutor.java:986)
	at io.netty.util.internal.ThreadExecutorMap$2.run(ThreadExecutorMap.java:74)
	at io.netty.util.concurrent.FastThreadLocalRunnable.run(FastThreadLocalRunnable.java:30)
	at java.lang.Thread.run(Thread.java:750)
05:03:01.404 [AsyncHttpClient-1-6] DEBUG org.asynchttpclient.netty.channel.ChannelManager - Closing Channel [id: 0xc8b85d05, L:/127.0.0.1:64679 - R:localhost/127.0.0.1:64673] 
05:03:01.404 [AsyncHttpClient-1-6] DEBUG org.asynchttpclient.netty.handler.HttpHandler - Channel Closed: [id: 0xc8b85d05, L:/127.0.0.1:64679 ! R:localhost/127.0.0.1:64673] with attribute DISCARD
05:03:01.746 [AsyncHttpClient-1-1] DEBUG org.asynchttpclient.netty.channel.DefaultChannelPool - Entry count for : http://localhost:64673 : 1
05:03:01.747 [AsyncHttpClient-1-1] DEBUG org.asynchttpclient.netty.channel.DefaultChannelPool - Adding Candidate expired Channel [id: 0xc8b85d05, L:/127.0.0.1:64679 ! R:localhost/127.0.0.1:64673] isIdleTimeoutExpired=false isRemotelyClosed=true isTtlExpired=false
05:03:01.747 [AsyncHttpClient-1-1] DEBUG org.asynchttpclient.netty.channel.DefaultChannelPool - Closing Idle Channel [id: 0xc8b85d05, L:/127.0.0.1:64679 ! R:localhost/127.0.0.1:64673]
05:03:01.747 [AsyncHttpClient-1-1] DEBUG org.asynchttpclient.netty.channel.DefaultChannelPool - Closed 1 connections out of 1 in 0 ms
05:03:02.241 [AsyncHttpClient-1-5] DEBUG org.asynchttpclient.netty.handler.HttpHandler - 

Request DefaultFullHttpRequest(decodeResult: success, version: HTTP/1.1, content: EmptyByteBufBE)
DELETE /session/d77979fe3f716d98305f495fe70ad0d7 HTTP/1.1
User-Agent: selenium/4.1.2 (java windows)
Content-Type: application/json; charset=utf-8
host: localhost:56111
accept: */*

Response DefaultHttpResponse(decodeResult: success, version: HTTP/1.1)
HTTP/1.1 200 OK
Content-Type: application/json; charset=utf-8
cache-control: no-cache
content-length: 14

05:03:02.242 [AsyncHttpClient-1-5] DEBUG org.asynchttpclient.netty.channel.ChannelManager - Adding key: http://localhost:56111 for channel [id: 0x6a8d0d46, L:/127.0.0.1:64672 - R:localhost/127.0.0.1:56111]
05:03:03.015 [AsyncHttpClient-1-1] DEBUG org.asynchttpclient.netty.channel.DefaultChannelPool - Entry count for : http://localhost:56111 : 1
05:03:04.072 [AsyncHttpClient-1-1] DEBUG org.asynchttpclient.netty.channel.DefaultChannelPool - Entry count for : http://localhost:56111 : 1
05:03:05.173 [AsyncHttpClient-1-1] DEBUG org.asynchttpclient.netty.channel.DefaultChannelPool - Entry count for : http://localhost:56111 : 1
05:03:06.260 [AsyncHttpClient-1-1] DEBUG org.asynchttpclient.netty.channel.DefaultChannelPool - Entry count for : http://localhost:56111 : 1
05:03:07.340 [AsyncHttpClient-1-1] DEBUG org.asynchttpclient.netty.channel.DefaultChannelPool - Entry count for : http://localhost:56111 : 1
05:03:08.035 [AsyncHttpClient-1-5] DEBUG org.asynchttpclient.netty.handler.HttpHandler - Unexpected I/O exception on channel [id: 0x6a8d0d46, L:/127.0.0.1:64672 - R:localhost/127.0.0.1:56111]
java.io.IOException: An existing connection was forcibly closed by the remote host
	at sun.nio.ch.SocketDispatcher.read0(Native Method)
	at sun.nio.ch.SocketDispatcher.read(SocketDispatcher.java:43)
	at sun.nio.ch.IOUtil.readIntoNativeBuffer(IOUtil.java:223)
	at sun.nio.ch.IOUtil.read(IOUtil.java:192)
	at sun.nio.ch.SocketChannelImpl.read(SocketChannelImpl.java:378)
	at io.netty.buffer.PooledByteBuf.setBytes(PooledByteBuf.java:258)
	at io.netty.buffer.AbstractByteBuf.writeBytes(AbstractByteBuf.java:1132)
	at io.netty.channel.socket.nio.NioSocketChannel.doReadBytes(NioSocketChannel.java:350)
	at io.netty.channel.nio.AbstractNioByteChannel$NioByteUnsafe.read(AbstractNioByteChannel.java:151)
	at io.netty.channel.nio.NioEventLoop.processSelectedKey(NioEventLoop.java:722)
	at io.netty.channel.nio.NioEventLoop.processSelectedKeysOptimized(NioEventLoop.java:658)
	at io.netty.channel.nio.NioEventLoop.processSelectedKeys(NioEventLoop.java:584)
	at io.netty.channel.nio.NioEventLoop.run(NioEventLoop.java:496)
	at io.netty.util.concurrent.SingleThreadEventExecutor$4.run(SingleThreadEventExecutor.java:986)
	at io.netty.util.internal.ThreadExecutorMap$2.run(ThreadExecutorMap.java:74)
	at io.netty.util.concurrent.FastThreadLocalRunnable.run(FastThreadLocalRunnable.java:30)
	at java.lang.Thread.run(Thread.java:750)
05:03:08.035 [AsyncHttpClient-1-5] DEBUG org.asynchttpclient.netty.channel.ChannelManager - Closing Channel [id: 0x6a8d0d46, L:/127.0.0.1:64672 - R:localhost/127.0.0.1:56111] 
05:03:08.035 [AsyncHttpClient-1-5] DEBUG org.asynchttpclient.netty.handler.HttpHandler - Channel Closed: [id: 0x6a8d0d46, L:/127.0.0.1:64672 ! R:localhost/127.0.0.1:56111] with attribute DISCARD
]]></system-out>
    <system-err><![CDATA[Starting ChromeDriver 103.0.5060.53 (a1711811edd74ff1cf2150f36ffa3b0dae40b17f-refs/branch-heads/5060@{#853}) on port 56111
Only local connections are allowed.
Please see https://chromedriver.chromium.org/security-considerations for suggestions on keeping ChromeDriver safe.
ChromeDriver was started successfully.
Jul 18, 2022 5:02:44 AM org.openqa.selenium.remote.ProtocolHandshake createSession
INFO: Detected dialect: W3C
Jul 18, 2022 5:02:44 AM org.openqa.selenium.devtools.CdpVersionFinder findNearestMatch
WARNING: Unable to find an exact match for CDP version 103, so returning the closest version found: a no-op implementation
Jul 18, 2022 5:02:44 AM org.openqa.selenium.devtools.CdpVersionFinder findNearestMatch
INFO: Unable to find CDP implementation matching 103.
Jul 18, 2022 5:02:44 AM org.openqa.selenium.chromium.ChromiumDriver lambda$new$3
WARNING: Unable to find version of CDP to use for . You may need to include a dependency on a specific version of the CDP using something similar to `org.seleniumhq.selenium:selenium-devtools-v86:4.1.2` where the version ("v86") matches the version of the chromium-based browser you're using and the version number of the artifact is the same as Selenium's.
Jul 18, 2022 5:03:08 AM org.openqa.selenium.os.OsProcess destroy
SEVERE: Unable to kill process java.lang.ProcessImpl@7b9d1a4
]]></system-err>
  </testcase>
  <testcase name="As admin i have be able success to create new building with fill facilities" classname="As admin I want to see details building on building page" time="30.406">
    <system-out><![CDATA[
@building @feature @positifBuild3
Scenario: As admin i have be able success to create new building with fill facilities &amp#27;[90m# src/test/resources/features/Building.feature:31&amp#27;[0m
05:03:08.144 [main] INFO io.cucumber.core.plugin.SerenityReporter - Running feature from file:///D:/kampus%20merdeka/QE_Capstone%20Kanbo/capstone/web/src/test/resources/features/Building.feature
05:03:08.148 [main] INFO  - 
  _____   ___   ___   _____     ___   _____     _     ___   _____   ___   ___  
 |_   _| | __| / __| |_   _|   / __| |_   _|   /_\   | _ \ |_   _| | __| |   \ 
   | |   | _|  \__ \   | |     \__ \   | |    / _ \  |   /   | |   | _|  | |) |
   |_|   |___| |___/   |_|     |___/   |_|   /_/ \_\ |_|_\   |_|   |___| |___/ 

As admin i have be able success to create new building with fill facilities(as-admin-i-want-to-see-details-building-on-building-page;as-admin-i-have-be-able-success-to-create-new-building-with-fill-facilities)
--------------------------------------------------------------------------------
05:03:08.189 [main] DEBUG net.thucydides.core.steps.StepInterceptor - STARTING STEP: LoginSteps.onLoginPage - openPage
05:03:08.193 [main] INFO net.serenitybdd.core.webdriver.driverproviders.ChromeDriverProvider - Using automatically driver download
05:03:08.435 [AsyncHttpClient-1-1] DEBUG org.asynchttpclient.netty.channel.DefaultChannelPool - Entry count for : http://localhost:56111 : 1
05:03:08.435 [AsyncHttpClient-1-1] DEBUG org.asynchttpclient.netty.channel.DefaultChannelPool - Adding Candidate expired Channel [id: 0x6a8d0d46, L:/127.0.0.1:64672 ! R:localhost/127.0.0.1:56111] isIdleTimeoutExpired=false isRemotelyClosed=true isTtlExpired=false
05:03:08.435 [AsyncHttpClient-1-1] DEBUG org.asynchttpclient.netty.channel.DefaultChannelPool - Closing Idle Channel [id: 0x6a8d0d46, L:/127.0.0.1:64672 ! R:localhost/127.0.0.1:56111]
05:03:08.436 [AsyncHttpClient-1-1] DEBUG org.asynchttpclient.netty.channel.DefaultChannelPool - Closed 1 connections out of 1 in 1 ms
05:03:08.577 [main] DEBUG io.github.bonigarcia.wdm.cache.ResolutionCache - Resolution chrome=103 in cache (valid until 05:51:31 18/07/2022 ICT)
05:03:08.589 [main] DEBUG io.github.bonigarcia.wdm.cache.ResolutionCache - Resolution chrome103=103.0.5060.53 in cache (valid until 03:51:18 19/07/2022 ICT)
05:03:08.594 [main] INFO io.github.bonigarcia.wdm.WebDriverManager - Using chromedriver 103.0.5060.53 (resolved driver for Chrome 103)
05:03:08.631 [main] DEBUG io.github.bonigarcia.wdm.WebDriverManager - Driver chromedriver 103.0.5060.53 found in cache
05:03:08.633 [main] INFO io.github.bonigarcia.wdm.WebDriverManager - Exporting webdriver.chrome.driver as C:\Users\Admin\.cache\selenium\chromedriver\win32\103.0.5060.53\chromedriver.exe
05:03:08.958 [main] DEBUG net.serenitybdd.core.webdriver.driverproviders.ProvideNewDriver - Instantiating driver
05:03:08.958 [main] DEBUG net.serenitybdd.core.webdriver.driverproviders.ProvideNewDriver - Driver capabilities: Capabilities {acceptInsecureCerts: false, base.url: https://kanbo.netlify.app/, browserName: chrome, chrome.driver: src/test/resources/webdrive..., driver: chrome, goog:chromeOptions: {args: [], extensions: []}}
05:03:10.069 [AsyncHttpClient-1-8] DEBUG org.asynchttpclient.netty.channel.NettyConnectListener - Using new Channel '[id: 0xb30c7316, L:/127.0.0.1:64704 - R:localhost/127.0.0.1:54153]' for 'POST' to '/session'
05:03:11.304 [AsyncHttpClient-1-8] DEBUG org.asynchttpclient.netty.handler.HttpHandler - 

Request DefaultHttpRequest(decodeResult: success, version: HTTP/1.1)
POST /session HTTP/1.1
User-Agent: selenium/4.1.2 (java windows)
Content-Length: 612
Content-Type: application/json; charset=utf-8
host: localhost:54153
accept: */*

Response DefaultHttpResponse(decodeResult: success, version: HTTP/1.1)
HTTP/1.1 200 OK
Content-Type: application/json; charset=utf-8
cache-control: no-cache
content-length: 789

05:03:11.305 [AsyncHttpClient-1-8] DEBUG org.asynchttpclient.netty.channel.ChannelManager - Adding key: http://localhost:54153 for channel [id: 0xb30c7316, L:/127.0.0.1:64704 - R:localhost/127.0.0.1:54153]
05:03:11.343 [AsyncHttpClient-1-9] DEBUG org.asynchttpclient.netty.channel.NettyConnectListener - Using new Channel '[id: 0x2b0afc3e, L:/127.0.0.1:64712 - R:localhost/127.0.0.1:64705]' for 'GET' to '/json/version'
05:03:11.344 [AsyncHttpClient-1-9] DEBUG org.asynchttpclient.netty.handler.HttpHandler - 

Request DefaultFullHttpRequest(decodeResult: success, version: HTTP/1.1, content: EmptyByteBufBE)
GET /json/version HTTP/1.1
User-Agent: selenium/4.1.2 (java windows)
host: localhost:64705
accept: */*

Response DefaultHttpResponse(decodeResult: success, version: HTTP/1.1)
HTTP/1.1 200 OK
Content-Type: application/json; charset=UTF-8
content-length: 429

05:03:11.345 [AsyncHttpClient-1-9] DEBUG org.asynchttpclient.netty.channel.ChannelManager - Adding key: http://localhost:64705 for channel [id: 0x2b0afc3e, L:/127.0.0.1:64712 - R:localhost/127.0.0.1:64705]
05:03:11.351 [AsyncHttpClient-1-2] DEBUG org.asynchttpclient.netty.channel.NettyConnectListener - Using new Channel '[id: 0x1e12556f, L:/127.0.0.1:64713 - R:localhost/127.0.0.1:64705]' for 'GET' to '/devtools/browser/651ed99c-33de-4d01-a00c-71af8d94d528'
05:03:11.354 [AsyncHttpClient-1-2] DEBUG org.asynchttpclient.netty.handler.WebSocketHandler - 

Request DefaultFullHttpRequest(decodeResult: success, version: HTTP/1.1, content: EmptyByteBufBE)
GET /devtools/browser/651ed99c-33de-4d01-a00c-71af8d94d528 HTTP/1.1
upgrade: websocket
connection: upgrade
sec-websocket-key: DsmCBJPTMopOVXQP370XfA==
sec-websocket-version: 13
origin: http://localhost:64705
host: localhost:64705
accept: */*
user-agent: AHC/2.1

Response DefaultHttpResponse(decodeResult: success, version: HTTP/1.1)
HTTP/1.1 101 WebSocket Protocol Handshake
Upgrade: WebSocket
Connection: Upgrade
Sec-WebSocket-Accept: QC4ua3WV2iZpKM0lHErC37PPmYc=

05:03:11.380 [Forwarding setCurrentWindowSize on session cf225d7652b6d621971c0b5aa24e58c2 to remote] DEBUG org.asynchttpclient.netty.request.NettyRequestSender - Using pooled Channel '[id: 0xb30c7316, L:/127.0.0.1:64704 - R:localhost/127.0.0.1:54153]' for 'POST' to 'http://localhost:54153/session/cf225d7652b6d621971c0b5aa24e58c2/window/rect'
05:03:11.381 [Forwarding setCurrentWindowSize on session cf225d7652b6d621971c0b5aa24e58c2 to remote] DEBUG org.asynchttpclient.netty.request.NettyRequestSender - Using open Channel [id: 0xb30c7316, L:/127.0.0.1:64704 - R:localhost/127.0.0.1:54153] for POST '/session/cf225d7652b6d621971c0b5aa24e58c2/window/rect'
05:03:11.535 [AsyncHttpClient-1-8] DEBUG org.asynchttpclient.netty.handler.HttpHandler - 

Request DefaultHttpRequest(decodeResult: success, version: HTTP/1.1)
POST /session/cf225d7652b6d621971c0b5aa24e58c2/window/rect HTTP/1.1
User-Agent: selenium/4.1.2 (java windows)
Content-Length: 37
Content-Type: application/json; charset=utf-8
host: localhost:54153
accept: */*

Response DefaultHttpResponse(decodeResult: success, version: HTTP/1.1)
HTTP/1.1 200 OK
Content-Type: application/json; charset=utf-8
cache-control: no-cache
content-length: 51

05:03:11.536 [AsyncHttpClient-1-8] DEBUG org.asynchttpclient.netty.channel.ChannelManager - Adding key: http://localhost:54153 for channel [id: 0xb30c7316, L:/127.0.0.1:64704 - R:localhost/127.0.0.1:54153]
05:03:11.540 [Forwarding setWindowPosition on session cf225d7652b6d621971c0b5aa24e58c2 to remote] DEBUG org.asynchttpclient.netty.request.NettyRequestSender - Using pooled Channel '[id: 0xb30c7316, L:/127.0.0.1:64704 - R:localhost/127.0.0.1:54153]' for 'POST' to 'http://localhost:54153/session/cf225d7652b6d621971c0b5aa24e58c2/window/rect'
05:03:11.540 [Forwarding setWindowPosition on session cf225d7652b6d621971c0b5aa24e58c2 to remote] DEBUG org.asynchttpclient.netty.request.NettyRequestSender - Using open Channel [id: 0xb30c7316, L:/127.0.0.1:64704 - R:localhost/127.0.0.1:54153] for POST '/session/cf225d7652b6d621971c0b5aa24e58c2/window/rect'
05:03:11.662 [AsyncHttpClient-1-8] DEBUG org.asynchttpclient.netty.handler.HttpHandler - 

Request DefaultHttpRequest(decodeResult: success, version: HTTP/1.1)
POST /session/cf225d7652b6d621971c0b5aa24e58c2/window/rect HTTP/1.1
User-Agent: selenium/4.1.2 (java windows)
Content-Length: 22
Content-Type: application/json; charset=utf-8
host: localhost:54153
accept: */*

Response DefaultHttpResponse(decodeResult: success, version: HTTP/1.1)
HTTP/1.1 200 OK
Content-Type: application/json; charset=utf-8
cache-control: no-cache
content-length: 49

05:03:11.662 [AsyncHttpClient-1-8] DEBUG org.asynchttpclient.netty.channel.ChannelManager - Adding key: http://localhost:54153 for channel [id: 0xb30c7316, L:/127.0.0.1:64704 - R:localhost/127.0.0.1:54153]
05:03:11.665 [Forwarding get on session cf225d7652b6d621971c0b5aa24e58c2 to remote] DEBUG org.asynchttpclient.netty.request.NettyRequestSender - Using pooled Channel '[id: 0xb30c7316, L:/127.0.0.1:64704 - R:localhost/127.0.0.1:54153]' for 'POST' to 'http://localhost:54153/session/cf225d7652b6d621971c0b5aa24e58c2/url'
05:03:11.665 [Forwarding get on session cf225d7652b6d621971c0b5aa24e58c2 to remote] DEBUG org.asynchttpclient.netty.request.NettyRequestSender - Using open Channel [id: 0xb30c7316, L:/127.0.0.1:64704 - R:localhost/127.0.0.1:54153] for POST '/session/cf225d7652b6d621971c0b5aa24e58c2/url'
05:03:11.739 [AsyncHttpClient-1-1] DEBUG org.asynchttpclient.netty.channel.DefaultChannelPool - Entry count for : http://localhost:64705 : 1
05:03:12.853 [AsyncHttpClient-1-1] DEBUG org.asynchttpclient.netty.channel.DefaultChannelPool - Entry count for : http://localhost:64705 : 1
05:03:13.037 [AsyncHttpClient-1-8] DEBUG org.asynchttpclient.netty.handler.HttpHandler - 

Request DefaultHttpRequest(decodeResult: success, version: HTTP/1.1)
POST /session/cf225d7652b6d621971c0b5aa24e58c2/url HTTP/1.1
User-Agent: selenium/4.1.2 (java windows)
Content-Length: 56
Content-Type: application/json; charset=utf-8
host: localhost:54153
accept: */*

Response DefaultHttpResponse(decodeResult: success, version: HTTP/1.1)
HTTP/1.1 200 OK
Content-Type: application/json; charset=utf-8
cache-control: no-cache
content-length: 14

05:03:13.037 [AsyncHttpClient-1-8] DEBUG org.asynchttpclient.netty.channel.ChannelManager - Adding key: http://localhost:54153 for channel [id: 0xb30c7316, L:/127.0.0.1:64704 - R:localhost/127.0.0.1:54153]
05:03:13.040 [Forwarding setTimeout on session cf225d7652b6d621971c0b5aa24e58c2 to remote] DEBUG org.asynchttpclient.netty.request.NettyRequestSender - Using pooled Channel '[id: 0xb30c7316, L:/127.0.0.1:64704 - R:localhost/127.0.0.1:54153]' for 'POST' to 'http://localhost:54153/session/cf225d7652b6d621971c0b5aa24e58c2/timeouts'
05:03:13.040 [Forwarding setTimeout on session cf225d7652b6d621971c0b5aa24e58c2 to remote] DEBUG org.asynchttpclient.netty.request.NettyRequestSender - Using open Channel [id: 0xb30c7316, L:/127.0.0.1:64704 - R:localhost/127.0.0.1:54153] for POST '/session/cf225d7652b6d621971c0b5aa24e58c2/timeouts'
05:03:13.060 [AsyncHttpClient-1-8] DEBUG org.asynchttpclient.netty.handler.HttpHandler - 

Request DefaultHttpRequest(decodeResult: success, version: HTTP/1.1)
POST /session/cf225d7652b6d621971c0b5aa24e58c2/timeouts HTTP/1.1
User-Agent: selenium/4.1.2 (java windows)
Content-Length: 22
Content-Type: application/json; charset=utf-8
host: localhost:54153
accept: */*

Response DefaultHttpResponse(decodeResult: success, version: HTTP/1.1)
HTTP/1.1 200 OK
Content-Type: application/json; charset=utf-8
cache-control: no-cache
content-length: 14

05:03:13.060 [AsyncHttpClient-1-8] DEBUG org.asynchttpclient.netty.channel.ChannelManager - Adding key: http://localhost:54153 for channel [id: 0xb30c7316, L:/127.0.0.1:64704 - R:localhost/127.0.0.1:54153]
05:03:13.071 [Forwarding getCurrentUrl on session cf225d7652b6d621971c0b5aa24e58c2 to remote] DEBUG org.asynchttpclient.netty.request.NettyRequestSender - Using pooled Channel '[id: 0xb30c7316, L:/127.0.0.1:64704 - R:localhost/127.0.0.1:54153]' for 'GET' to 'http://localhost:54153/session/cf225d7652b6d621971c0b5aa24e58c2/url'
05:03:13.071 [Forwarding getCurrentUrl on session cf225d7652b6d621971c0b5aa24e58c2 to remote] DEBUG org.asynchttpclient.netty.request.NettyRequestSender - Using open Channel [id: 0xb30c7316, L:/127.0.0.1:64704 - R:localhost/127.0.0.1:54153] for GET '/session/cf225d7652b6d621971c0b5aa24e58c2/url'
05:03:13.099 [AsyncHttpClient-1-8] DEBUG org.asynchttpclient.netty.handler.HttpHandler - 

Request DefaultFullHttpRequest(decodeResult: success, version: HTTP/1.1, content: EmptyByteBufBE)
GET /session/cf225d7652b6d621971c0b5aa24e58c2/url HTTP/1.1
User-Agent: selenium/4.1.2 (java windows)
Cache-Control: no-cache
Content-Type: application/json; charset=utf-8
host: localhost:54153
accept: */*

Response DefaultHttpResponse(decodeResult: success, version: HTTP/1.1)
HTTP/1.1 200 OK
Content-Type: application/json; charset=utf-8
cache-control: no-cache
content-length: 38

05:03:13.099 [AsyncHttpClient-1-8] DEBUG org.asynchttpclient.netty.channel.ChannelManager - Adding key: http://localhost:54153 for channel [id: 0xb30c7316, L:/127.0.0.1:64704 - R:localhost/127.0.0.1:54153]
05:03:13.114 [Forwarding getCurrentUrl on session cf225d7652b6d621971c0b5aa24e58c2 to remote] DEBUG org.asynchttpclient.netty.request.NettyRequestSender - Using pooled Channel '[id: 0xb30c7316, L:/127.0.0.1:64704 - R:localhost/127.0.0.1:54153]' for 'GET' to 'http://localhost:54153/session/cf225d7652b6d621971c0b5aa24e58c2/url'
05:03:13.114 [Forwarding getCurrentUrl on session cf225d7652b6d621971c0b5aa24e58c2 to remote] DEBUG org.asynchttpclient.netty.request.NettyRequestSender - Using open Channel [id: 0xb30c7316, L:/127.0.0.1:64704 - R:localhost/127.0.0.1:54153] for GET '/session/cf225d7652b6d621971c0b5aa24e58c2/url'
05:03:13.147 [AsyncHttpClient-1-8] DEBUG org.asynchttpclient.netty.handler.HttpHandler - 

Request DefaultFullHttpRequest(decodeResult: success, version: HTTP/1.1, content: EmptyByteBufBE)
GET /session/cf225d7652b6d621971c0b5aa24e58c2/url HTTP/1.1
User-Agent: selenium/4.1.2 (java windows)
Cache-Control: no-cache
Content-Type: application/json; charset=utf-8
host: localhost:54153
accept: */*

Response DefaultHttpResponse(decodeResult: success, version: HTTP/1.1)
HTTP/1.1 200 OK
Content-Type: application/json; charset=utf-8
cache-control: no-cache
content-length: 38

05:03:13.199 [AsyncHttpClient-1-8] DEBUG org.asynchttpclient.netty.channel.ChannelManager - Adding key: http://localhost:54153 for channel [id: 0xb30c7316, L:/127.0.0.1:64704 - R:localhost/127.0.0.1:54153]
05:03:13.215 [Forwarding screenshot on session cf225d7652b6d621971c0b5aa24e58c2 to remote] DEBUG org.asynchttpclient.netty.request.NettyRequestSender - Using pooled Channel '[id: 0xb30c7316, L:/127.0.0.1:64704 - R:localhost/127.0.0.1:54153]' for 'GET' to 'http://localhost:54153/session/cf225d7652b6d621971c0b5aa24e58c2/screenshot'
05:03:13.215 [Forwarding screenshot on session cf225d7652b6d621971c0b5aa24e58c2 to remote] DEBUG org.asynchttpclient.netty.request.NettyRequestSender - Using open Channel [id: 0xb30c7316, L:/127.0.0.1:64704 - R:localhost/127.0.0.1:54153] for GET '/session/cf225d7652b6d621971c0b5aa24e58c2/screenshot'
05:03:13.499 [AsyncHttpClient-1-8] DEBUG org.asynchttpclient.netty.handler.HttpHandler - 

Request DefaultFullHttpRequest(decodeResult: success, version: HTTP/1.1, content: EmptyByteBufBE)
GET /session/cf225d7652b6d621971c0b5aa24e58c2/screenshot HTTP/1.1
User-Agent: selenium/4.1.2 (java windows)
Cache-Control: no-cache
Content-Type: application/json; charset=utf-8
host: localhost:54153
accept: */*

Response DefaultHttpResponse(decodeResult: success, version: HTTP/1.1)
HTTP/1.1 200 OK
Content-Type: application/json; charset=utf-8
cache-control: no-cache
content-length: 28152

05:03:13.500 [AsyncHttpClient-1-8] DEBUG org.asynchttpclient.netty.channel.ChannelManager - Adding key: http://localhost:54153 for channel [id: 0xb30c7316, L:/127.0.0.1:64704 - R:localhost/127.0.0.1:54153]
05:03:13.514 [main] DEBUG net.serenitybdd.core.photography.Darkroom - Send negative for processing for target\site\serenity\b1504508bf31254a628889aee802132ef68b4ae0d1328a1070fdcad1067aa5c3.png
05:03:13.514 [main] DEBUG net.thucydides.core.steps.StepInterceptor - STEP DONE: openPage
05:03:13.514 [Darkroom Processing Line] DEBUG net.serenitybdd.core.photography.DarkroomProcessingLine - Processing screenshot image in /var/screenshots/screenshot-2756869628253477228
05:03:13.514 [Darkroom Processing Line] DEBUG net.serenitybdd.core.photography.DarkroomProcessingLine - Saving screenshot to target\site\serenity\b1504508bf31254a628889aee802132ef68b4ae0d1328a1070fdcad1067aa5c3.png
05:03:13.530 [main] DEBUG net.thucydides.core.steps.StepInterceptor - STARTING STEP: LoginSteps.onLoginPage - validationOnloginPage
05:03:13.536 [Forwarding findElement on session cf225d7652b6d621971c0b5aa24e58c2 to remote] DEBUG org.asynchttpclient.netty.request.NettyRequestSender - Using pooled Channel '[id: 0xb30c7316, L:/127.0.0.1:64704 - R:localhost/127.0.0.1:54153]' for 'POST' to 'http://localhost:54153/session/cf225d7652b6d621971c0b5aa24e58c2/element'
05:03:13.536 [Forwarding findElement on session cf225d7652b6d621971c0b5aa24e58c2 to remote] DEBUG org.asynchttpclient.netty.request.NettyRequestSender - Using open Channel [id: 0xb30c7316, L:/127.0.0.1:64704 - R:localhost/127.0.0.1:54153] for POST '/session/cf225d7652b6d621971c0b5aa24e58c2/element'
05:03:13.580 [AsyncHttpClient-1-8] DEBUG org.asynchttpclient.netty.handler.HttpHandler - 

Request DefaultHttpRequest(decodeResult: success, version: HTTP/1.1)
POST /session/cf225d7652b6d621971c0b5aa24e58c2/element HTTP/1.1
User-Agent: selenium/4.1.2 (java windows)
Content-Length: 66
Content-Type: application/json; charset=utf-8
host: localhost:54153
accept: */*

Response DefaultHttpResponse(decodeResult: success, version: HTTP/1.1)
HTTP/1.1 200 OK
Content-Type: application/json; charset=utf-8
cache-control: no-cache
content-length: 88

05:03:13.580 [AsyncHttpClient-1-8] DEBUG org.asynchttpclient.netty.channel.ChannelManager - Adding key: http://localhost:54153 for channel [id: 0xb30c7316, L:/127.0.0.1:64704 - R:localhost/127.0.0.1:54153]
05:03:13.590 [Forwarding isElementDisplayed on session cf225d7652b6d621971c0b5aa24e58c2 to remote] DEBUG org.asynchttpclient.netty.request.NettyRequestSender - Using pooled Channel '[id: 0xb30c7316, L:/127.0.0.1:64704 - R:localhost/127.0.0.1:54153]' for 'POST' to 'http://localhost:54153/session/cf225d7652b6d621971c0b5aa24e58c2/execute/sync'
05:03:13.591 [Forwarding isElementDisplayed on session cf225d7652b6d621971c0b5aa24e58c2 to remote] DEBUG org.asynchttpclient.netty.request.NettyRequestSender - Using open Channel [id: 0xb30c7316, L:/127.0.0.1:64704 - R:localhost/127.0.0.1:54153] for POST '/session/cf225d7652b6d621971c0b5aa24e58c2/execute/sync'
05:03:13.643 [AsyncHttpClient-1-8] DEBUG org.asynchttpclient.netty.handler.HttpHandler - 

Request DefaultHttpRequest(decodeResult: success, version: HTTP/1.1)
POST /session/cf225d7652b6d621971c0b5aa24e58c2/execute/sync HTTP/1.1
User-Agent: selenium/4.1.2 (java windows)
Content-Length: 48780
Content-Type: application/json; charset=utf-8
host: localhost:54153
accept: */*

Response DefaultHttpResponse(decodeResult: success, version: HTTP/1.1)
HTTP/1.1 200 OK
Content-Type: application/json; charset=utf-8
cache-control: no-cache
content-length: 14

05:03:13.643 [AsyncHttpClient-1-8] DEBUG org.asynchttpclient.netty.channel.ChannelManager - Adding key: http://localhost:54153 for channel [id: 0xb30c7316, L:/127.0.0.1:64704 - R:localhost/127.0.0.1:54153]
05:03:13.656 [Forwarding screenshot on session cf225d7652b6d621971c0b5aa24e58c2 to remote] DEBUG org.asynchttpclient.netty.request.NettyRequestSender - Using pooled Channel '[id: 0xb30c7316, L:/127.0.0.1:64704 - R:localhost/127.0.0.1:54153]' for 'GET' to 'http://localhost:54153/session/cf225d7652b6d621971c0b5aa24e58c2/screenshot'
05:03:13.656 [Forwarding screenshot on session cf225d7652b6d621971c0b5aa24e58c2 to remote] DEBUG org.asynchttpclient.netty.request.NettyRequestSender - Using open Channel [id: 0xb30c7316, L:/127.0.0.1:64704 - R:localhost/127.0.0.1:54153] for GET '/session/cf225d7652b6d621971c0b5aa24e58c2/screenshot'
05:03:13.932 [AsyncHttpClient-1-1] DEBUG org.asynchttpclient.netty.channel.DefaultChannelPool - Entry count for : http://localhost:64705 : 1
05:03:14.077 [AsyncHttpClient-1-8] DEBUG org.asynchttpclient.netty.handler.HttpHandler - 

Request DefaultFullHttpRequest(decodeResult: success, version: HTTP/1.1, content: EmptyByteBufBE)
GET /session/cf225d7652b6d621971c0b5aa24e58c2/screenshot HTTP/1.1
User-Agent: selenium/4.1.2 (java windows)
Cache-Control: no-cache
Content-Type: application/json; charset=utf-8
host: localhost:54153
accept: */*

Response DefaultHttpResponse(decodeResult: success, version: HTTP/1.1)
HTTP/1.1 200 OK
Content-Type: application/json; charset=utf-8
cache-control: no-cache
content-length: 226248

05:03:14.079 [AsyncHttpClient-1-8] DEBUG org.asynchttpclient.netty.channel.ChannelManager - Adding key: http://localhost:54153 for channel [id: 0xb30c7316, L:/127.0.0.1:64704 - R:localhost/127.0.0.1:54153]
05:03:14.101 [main] DEBUG net.serenitybdd.core.photography.Darkroom - Send negative for processing for target\site\serenity\2a5d2923b4b494a1ff0aeab781315180ab4dee3f7e8111246690078773e5a5c9.png
05:03:14.101 [main] DEBUG net.thucydides.core.steps.StepInterceptor - STEP DONE: validationOnloginPage
  &amp#27;[32mGiven &amp#27;[0m&amp#27;[32mi am on the login page&amp#27;[0m                                                        &amp#27;[90m# starter.stepdefenitions.LoginSteps.onLoginPage()&amp#27;[0m
05:03:14.156 [Forwarding screenshot on session cf225d7652b6d621971c0b5aa24e58c2 to remote] DEBUG org.asynchttpclient.netty.request.NettyRequestSender - Using pooled Channel '[id: 0xb30c7316, L:/127.0.0.1:64704 - R:localhost/127.0.0.1:54153]' for 'GET' to 'http://localhost:54153/session/cf225d7652b6d621971c0b5aa24e58c2/screenshot'
05:03:14.157 [Forwarding screenshot on session cf225d7652b6d621971c0b5aa24e58c2 to remote] DEBUG org.asynchttpclient.netty.request.NettyRequestSender - Using open Channel [id: 0xb30c7316, L:/127.0.0.1:64704 - R:localhost/127.0.0.1:54153] for GET '/session/cf225d7652b6d621971c0b5aa24e58c2/screenshot'
05:03:14.541 [AsyncHttpClient-1-8] DEBUG org.asynchttpclient.netty.handler.HttpHandler - 

Request DefaultFullHttpRequest(decodeResult: success, version: HTTP/1.1, content: EmptyByteBufBE)
GET /session/cf225d7652b6d621971c0b5aa24e58c2/screenshot HTTP/1.1
User-Agent: selenium/4.1.2 (java windows)
Cache-Control: no-cache
Content-Type: application/json; charset=utf-8
host: localhost:54153
accept: */*

Response DefaultHttpResponse(decodeResult: success, version: HTTP/1.1)
HTTP/1.1 200 OK
Content-Type: application/json; charset=utf-8
cache-control: no-cache
content-length: 226248

05:03:14.543 [AsyncHttpClient-1-8] DEBUG org.asynchttpclient.netty.channel.ChannelManager - Adding key: http://localhost:54153 for channel [id: 0xb30c7316, L:/127.0.0.1:64704 - R:localhost/127.0.0.1:54153]
05:03:14.564 [main] DEBUG net.serenitybdd.core.photography.Darkroom - Send negative for processing for target\site\serenity\2a5d2923b4b494a1ff0aeab781315180ab4dee3f7e8111246690078773e5a5c9.png
05:03:14.565 [main] DEBUG net.thucydides.core.steps.StepInterceptor - STARTING STEP: LoginSteps.inputValidEmail - inputEmail
05:03:14.574 [Forwarding findElement on session cf225d7652b6d621971c0b5aa24e58c2 to remote] DEBUG org.asynchttpclient.netty.request.NettyRequestSender - Using pooled Channel '[id: 0xb30c7316, L:/127.0.0.1:64704 - R:localhost/127.0.0.1:54153]' for 'POST' to 'http://localhost:54153/session/cf225d7652b6d621971c0b5aa24e58c2/element'
05:03:14.574 [Forwarding findElement on session cf225d7652b6d621971c0b5aa24e58c2 to remote] DEBUG org.asynchttpclient.netty.request.NettyRequestSender - Using open Channel [id: 0xb30c7316, L:/127.0.0.1:64704 - R:localhost/127.0.0.1:54153] for POST '/session/cf225d7652b6d621971c0b5aa24e58c2/element'
05:03:14.603 [AsyncHttpClient-1-8] DEBUG org.asynchttpclient.netty.handler.HttpHandler - 

Request DefaultHttpRequest(decodeResult: success, version: HTTP/1.1)
POST /session/cf225d7652b6d621971c0b5aa24e58c2/element HTTP/1.1
User-Agent: selenium/4.1.2 (java windows)
Content-Length: 76
Content-Type: application/json; charset=utf-8
host: localhost:54153
accept: */*

Response DefaultHttpResponse(decodeResult: success, version: HTTP/1.1)
HTTP/1.1 200 OK
Content-Type: application/json; charset=utf-8
cache-control: no-cache
content-length: 88

05:03:14.604 [AsyncHttpClient-1-8] DEBUG org.asynchttpclient.netty.channel.ChannelManager - Adding key: http://localhost:54153 for channel [id: 0xb30c7316, L:/127.0.0.1:64704 - R:localhost/127.0.0.1:54153]
05:03:14.606 [Forwarding clearElement on session cf225d7652b6d621971c0b5aa24e58c2 to remote] DEBUG org.asynchttpclient.netty.request.NettyRequestSender - Using pooled Channel '[id: 0xb30c7316, L:/127.0.0.1:64704 - R:localhost/127.0.0.1:54153]' for 'POST' to 'http://localhost:54153/session/cf225d7652b6d621971c0b5aa24e58c2/element/06177b09-460e-4520-b48d-851f8706cf13/clear'
05:03:14.606 [Forwarding clearElement on session cf225d7652b6d621971c0b5aa24e58c2 to remote] DEBUG org.asynchttpclient.netty.request.NettyRequestSender - Using open Channel [id: 0xb30c7316, L:/127.0.0.1:64704 - R:localhost/127.0.0.1:54153] for POST '/session/cf225d7652b6d621971c0b5aa24e58c2/element/06177b09-460e-4520-b48d-851f8706cf13/clear'
05:03:14.676 [AsyncHttpClient-1-8] DEBUG org.asynchttpclient.netty.handler.HttpHandler - 

Request DefaultHttpRequest(decodeResult: success, version: HTTP/1.1)
POST /session/cf225d7652b6d621971c0b5aa24e58c2/element/06177b09-460e-4520-b48d-851f8706cf13/clear HTTP/1.1
User-Agent: selenium/4.1.2 (java windows)
Content-Length: 50
Content-Type: application/json; charset=utf-8
host: localhost:54153
accept: */*

Response DefaultHttpResponse(decodeResult: success, version: HTTP/1.1)
HTTP/1.1 200 OK
Content-Type: application/json; charset=utf-8
cache-control: no-cache
content-length: 14

05:03:14.676 [AsyncHttpClient-1-8] DEBUG org.asynchttpclient.netty.channel.ChannelManager - Adding key: http://localhost:54153 for channel [id: 0xb30c7316, L:/127.0.0.1:64704 - R:localhost/127.0.0.1:54153]
05:03:14.680 [Forwarding sendKeysToElement on session cf225d7652b6d621971c0b5aa24e58c2 to remote] DEBUG org.asynchttpclient.netty.request.NettyRequestSender - Using pooled Channel '[id: 0xb30c7316, L:/127.0.0.1:64704 - R:localhost/127.0.0.1:54153]' for 'POST' to 'http://localhost:54153/session/cf225d7652b6d621971c0b5aa24e58c2/element/06177b09-460e-4520-b48d-851f8706cf13/value'
05:03:14.680 [Forwarding sendKeysToElement on session cf225d7652b6d621971c0b5aa24e58c2 to remote] DEBUG org.asynchttpclient.netty.request.NettyRequestSender - Using open Channel [id: 0xb30c7316, L:/127.0.0.1:64704 - R:localhost/127.0.0.1:54153] for POST '/session/cf225d7652b6d621971c0b5aa24e58c2/element/06177b09-460e-4520-b48d-851f8706cf13/value'
05:03:14.949 [AsyncHttpClient-1-8] DEBUG org.asynchttpclient.netty.handler.HttpHandler - 

Request DefaultHttpRequest(decodeResult: success, version: HTTP/1.1)
POST /session/cf225d7652b6d621971c0b5aa24e58c2/element/06177b09-460e-4520-b48d-851f8706cf13/value HTTP/1.1
User-Agent: selenium/4.1.2 (java windows)
Content-Length: 261
Content-Type: application/json; charset=utf-8
host: localhost:54153
accept: */*

Response DefaultHttpResponse(decodeResult: success, version: HTTP/1.1)
HTTP/1.1 200 OK
Content-Type: application/json; charset=utf-8
cache-control: no-cache
content-length: 14

05:03:14.950 [AsyncHttpClient-1-8] DEBUG org.asynchttpclient.netty.channel.ChannelManager - Adding key: http://localhost:54153 for channel [id: 0xb30c7316, L:/127.0.0.1:64704 - R:localhost/127.0.0.1:54153]
05:03:14.965 [Forwarding screenshot on session cf225d7652b6d621971c0b5aa24e58c2 to remote] DEBUG org.asynchttpclient.netty.request.NettyRequestSender - Using pooled Channel '[id: 0xb30c7316, L:/127.0.0.1:64704 - R:localhost/127.0.0.1:54153]' for 'GET' to 'http://localhost:54153/session/cf225d7652b6d621971c0b5aa24e58c2/screenshot'
05:03:14.965 [Forwarding screenshot on session cf225d7652b6d621971c0b5aa24e58c2 to remote] DEBUG org.asynchttpclient.netty.request.NettyRequestSender - Using open Channel [id: 0xb30c7316, L:/127.0.0.1:64704 - R:localhost/127.0.0.1:54153] for GET '/session/cf225d7652b6d621971c0b5aa24e58c2/screenshot'
05:03:15.033 [AsyncHttpClient-1-1] DEBUG org.asynchttpclient.netty.channel.DefaultChannelPool - Entry count for : http://localhost:64705 : 1
05:03:15.304 [AsyncHttpClient-1-8] DEBUG org.asynchttpclient.netty.handler.HttpHandler - 

Request DefaultFullHttpRequest(decodeResult: success, version: HTTP/1.1, content: EmptyByteBufBE)
GET /session/cf225d7652b6d621971c0b5aa24e58c2/screenshot HTTP/1.1
User-Agent: selenium/4.1.2 (java windows)
Cache-Control: no-cache
Content-Type: application/json; charset=utf-8
host: localhost:54153
accept: */*

Response DefaultHttpResponse(decodeResult: success, version: HTTP/1.1)
HTTP/1.1 200 OK
Content-Type: application/json; charset=utf-8
cache-control: no-cache
content-length: 231396

05:03:15.306 [AsyncHttpClient-1-8] DEBUG org.asynchttpclient.netty.channel.ChannelManager - Adding key: http://localhost:54153 for channel [id: 0xb30c7316, L:/127.0.0.1:64704 - R:localhost/127.0.0.1:54153]
05:03:15.327 [main] DEBUG net.serenitybdd.core.photography.Darkroom - Send negative for processing for target\site\serenity\b3868473e2b79f40f8dab620f33c839d85b92d940d318baf66bea1557b15d68d.png
05:03:15.328 [main] DEBUG net.thucydides.core.steps.StepInterceptor - STEP DONE: inputEmail
  &amp#27;[32mWhen &amp#27;[0m&amp#27;[32mi input valid email&amp#27;[0m                                                            &amp#27;[90m# starter.stepdefenitions.LoginSteps.inputValidEmail()&amp#27;[0m
05:03:15.367 [main] DEBUG net.thucydides.core.steps.StepInterceptor - STARTING STEP: LoginSteps.inputValidPassword - showPass
05:03:15.375 [Forwarding findElement on session cf225d7652b6d621971c0b5aa24e58c2 to remote] DEBUG org.asynchttpclient.netty.request.NettyRequestSender - Using pooled Channel '[id: 0xb30c7316, L:/127.0.0.1:64704 - R:localhost/127.0.0.1:54153]' for 'POST' to 'http://localhost:54153/session/cf225d7652b6d621971c0b5aa24e58c2/element'
05:03:15.375 [Forwarding findElement on session cf225d7652b6d621971c0b5aa24e58c2 to remote] DEBUG org.asynchttpclient.netty.request.NettyRequestSender - Using open Channel [id: 0xb30c7316, L:/127.0.0.1:64704 - R:localhost/127.0.0.1:54153] for POST '/session/cf225d7652b6d621971c0b5aa24e58c2/element'
05:03:15.400 [AsyncHttpClient-1-8] DEBUG org.asynchttpclient.netty.handler.HttpHandler - 

Request DefaultHttpRequest(decodeResult: success, version: HTTP/1.1)
POST /session/cf225d7652b6d621971c0b5aa24e58c2/element HTTP/1.1
User-Agent: selenium/4.1.2 (java windows)
Content-Length: 95
Content-Type: application/json; charset=utf-8
host: localhost:54153
accept: */*

Response DefaultHttpResponse(decodeResult: success, version: HTTP/1.1)
HTTP/1.1 200 OK
Content-Type: application/json; charset=utf-8
cache-control: no-cache
content-length: 88

05:03:15.401 [AsyncHttpClient-1-8] DEBUG org.asynchttpclient.netty.channel.ChannelManager - Adding key: http://localhost:54153 for channel [id: 0xb30c7316, L:/127.0.0.1:64704 - R:localhost/127.0.0.1:54153]
05:03:15.404 [Forwarding getElementTagName on session cf225d7652b6d621971c0b5aa24e58c2 to remote] DEBUG org.asynchttpclient.netty.request.NettyRequestSender - Using pooled Channel '[id: 0xb30c7316, L:/127.0.0.1:64704 - R:localhost/127.0.0.1:54153]' for 'GET' to 'http://localhost:54153/session/cf225d7652b6d621971c0b5aa24e58c2/element/401a6258-f7ed-452b-b759-799cc7eaf285/name'
05:03:15.405 [Forwarding getElementTagName on session cf225d7652b6d621971c0b5aa24e58c2 to remote] DEBUG org.asynchttpclient.netty.request.NettyRequestSender - Using open Channel [id: 0xb30c7316, L:/127.0.0.1:64704 - R:localhost/127.0.0.1:54153] for GET '/session/cf225d7652b6d621971c0b5aa24e58c2/element/401a6258-f7ed-452b-b759-799cc7eaf285/name'
05:03:15.413 [AsyncHttpClient-1-8] DEBUG org.asynchttpclient.netty.handler.HttpHandler - 

Request DefaultFullHttpRequest(decodeResult: success, version: HTTP/1.1, content: EmptyByteBufBE)
GET /session/cf225d7652b6d621971c0b5aa24e58c2/element/401a6258-f7ed-452b-b759-799cc7eaf285/name HTTP/1.1
User-Agent: selenium/4.1.2 (java windows)
Cache-Control: no-cache
Content-Type: application/json; charset=utf-8
host: localhost:54153
accept: */*

Response DefaultHttpResponse(decodeResult: success, version: HTTP/1.1)
HTTP/1.1 200 OK
Content-Type: application/json; charset=utf-8
cache-control: no-cache
content-length: 16

05:03:15.413 [AsyncHttpClient-1-8] DEBUG org.asynchttpclient.netty.channel.ChannelManager - Adding key: http://localhost:54153 for channel [id: 0xb30c7316, L:/127.0.0.1:64704 - R:localhost/127.0.0.1:54153]
05:03:15.416 [Forwarding getElementTagName on session cf225d7652b6d621971c0b5aa24e58c2 to remote] DEBUG org.asynchttpclient.netty.request.NettyRequestSender - Using pooled Channel '[id: 0xb30c7316, L:/127.0.0.1:64704 - R:localhost/127.0.0.1:54153]' for 'GET' to 'http://localhost:54153/session/cf225d7652b6d621971c0b5aa24e58c2/element/401a6258-f7ed-452b-b759-799cc7eaf285/name'
05:03:15.416 [Forwarding getElementTagName on session cf225d7652b6d621971c0b5aa24e58c2 to remote] DEBUG org.asynchttpclient.netty.request.NettyRequestSender - Using open Channel [id: 0xb30c7316, L:/127.0.0.1:64704 - R:localhost/127.0.0.1:54153] for GET '/session/cf225d7652b6d621971c0b5aa24e58c2/element/401a6258-f7ed-452b-b759-799cc7eaf285/name'
05:03:15.423 [AsyncHttpClient-1-8] DEBUG org.asynchttpclient.netty.handler.HttpHandler - 

Request DefaultFullHttpRequest(decodeResult: success, version: HTTP/1.1, content: EmptyByteBufBE)
GET /session/cf225d7652b6d621971c0b5aa24e58c2/element/401a6258-f7ed-452b-b759-799cc7eaf285/name HTTP/1.1
User-Agent: selenium/4.1.2 (java windows)
Cache-Control: no-cache
Content-Type: application/json; charset=utf-8
host: localhost:54153
accept: */*

Response DefaultHttpResponse(decodeResult: success, version: HTTP/1.1)
HTTP/1.1 200 OK
Content-Type: application/json; charset=utf-8
cache-control: no-cache
content-length: 16

05:03:15.423 [AsyncHttpClient-1-8] DEBUG org.asynchttpclient.netty.channel.ChannelManager - Adding key: http://localhost:54153 for channel [id: 0xb30c7316, L:/127.0.0.1:64704 - R:localhost/127.0.0.1:54153]
05:03:15.427 [Forwarding findElement on session cf225d7652b6d621971c0b5aa24e58c2 to remote] DEBUG org.asynchttpclient.netty.request.NettyRequestSender - Using pooled Channel '[id: 0xb30c7316, L:/127.0.0.1:64704 - R:localhost/127.0.0.1:54153]' for 'POST' to 'http://localhost:54153/session/cf225d7652b6d621971c0b5aa24e58c2/element'
05:03:15.427 [Forwarding findElement on session cf225d7652b6d621971c0b5aa24e58c2 to remote] DEBUG org.asynchttpclient.netty.request.NettyRequestSender - Using open Channel [id: 0xb30c7316, L:/127.0.0.1:64704 - R:localhost/127.0.0.1:54153] for POST '/session/cf225d7652b6d621971c0b5aa24e58c2/element'
05:03:15.440 [AsyncHttpClient-1-8] DEBUG org.asynchttpclient.netty.handler.HttpHandler - 

Request DefaultHttpRequest(decodeResult: success, version: HTTP/1.1)
POST /session/cf225d7652b6d621971c0b5aa24e58c2/element HTTP/1.1
User-Agent: selenium/4.1.2 (java windows)
Content-Length: 95
Content-Type: application/json; charset=utf-8
host: localhost:54153
accept: */*

Response DefaultHttpResponse(decodeResult: success, version: HTTP/1.1)
HTTP/1.1 200 OK
Content-Type: application/json; charset=utf-8
cache-control: no-cache
content-length: 88

05:03:15.441 [AsyncHttpClient-1-8] DEBUG org.asynchttpclient.netty.channel.ChannelManager - Adding key: http://localhost:54153 for channel [id: 0xb30c7316, L:/127.0.0.1:64704 - R:localhost/127.0.0.1:54153]
05:03:15.444 [Forwarding clickElement on session cf225d7652b6d621971c0b5aa24e58c2 to remote] DEBUG org.asynchttpclient.netty.request.NettyRequestSender - Using pooled Channel '[id: 0xb30c7316, L:/127.0.0.1:64704 - R:localhost/127.0.0.1:54153]' for 'POST' to 'http://localhost:54153/session/cf225d7652b6d621971c0b5aa24e58c2/element/401a6258-f7ed-452b-b759-799cc7eaf285/click'
05:03:15.444 [Forwarding clickElement on session cf225d7652b6d621971c0b5aa24e58c2 to remote] DEBUG org.asynchttpclient.netty.request.NettyRequestSender - Using open Channel [id: 0xb30c7316, L:/127.0.0.1:64704 - R:localhost/127.0.0.1:54153] for POST '/session/cf225d7652b6d621971c0b5aa24e58c2/element/401a6258-f7ed-452b-b759-799cc7eaf285/click'
05:03:15.546 [AsyncHttpClient-1-8] DEBUG org.asynchttpclient.netty.handler.HttpHandler - 

Request DefaultHttpRequest(decodeResult: success, version: HTTP/1.1)
POST /session/cf225d7652b6d621971c0b5aa24e58c2/element/401a6258-f7ed-452b-b759-799cc7eaf285/click HTTP/1.1
User-Agent: selenium/4.1.2 (java windows)
Content-Length: 50
Content-Type: application/json; charset=utf-8
host: localhost:54153
accept: */*

Response DefaultHttpResponse(decodeResult: success, version: HTTP/1.1)
HTTP/1.1 200 OK
Content-Type: application/json; charset=utf-8
cache-control: no-cache
content-length: 14

05:03:15.546 [AsyncHttpClient-1-8] DEBUG org.asynchttpclient.netty.channel.ChannelManager - Adding key: http://localhost:54153 for channel [id: 0xb30c7316, L:/127.0.0.1:64704 - R:localhost/127.0.0.1:54153]
05:03:15.562 [Forwarding screenshot on session cf225d7652b6d621971c0b5aa24e58c2 to remote] DEBUG org.asynchttpclient.netty.request.NettyRequestSender - Using pooled Channel '[id: 0xb30c7316, L:/127.0.0.1:64704 - R:localhost/127.0.0.1:54153]' for 'GET' to 'http://localhost:54153/session/cf225d7652b6d621971c0b5aa24e58c2/screenshot'
05:03:15.562 [Forwarding screenshot on session cf225d7652b6d621971c0b5aa24e58c2 to remote] DEBUG org.asynchttpclient.netty.request.NettyRequestSender - Using open Channel [id: 0xb30c7316, L:/127.0.0.1:64704 - R:localhost/127.0.0.1:54153] for GET '/session/cf225d7652b6d621971c0b5aa24e58c2/screenshot'
05:03:15.937 [AsyncHttpClient-1-8] DEBUG org.asynchttpclient.netty.handler.HttpHandler - 

Request DefaultFullHttpRequest(decodeResult: success, version: HTTP/1.1, content: EmptyByteBufBE)
GET /session/cf225d7652b6d621971c0b5aa24e58c2/screenshot HTTP/1.1
User-Agent: selenium/4.1.2 (java windows)
Cache-Control: no-cache
Content-Type: application/json; charset=utf-8
host: localhost:54153
accept: */*

Response DefaultHttpResponse(decodeResult: success, version: HTTP/1.1)
HTTP/1.1 200 OK
Content-Type: application/json; charset=utf-8
cache-control: no-cache
content-length: 230264

05:03:15.940 [AsyncHttpClient-1-8] DEBUG org.asynchttpclient.netty.channel.ChannelManager - Adding key: http://localhost:54153 for channel [id: 0xb30c7316, L:/127.0.0.1:64704 - R:localhost/127.0.0.1:54153]
05:03:15.962 [main] DEBUG net.serenitybdd.core.photography.Darkroom - Send negative for processing for target\site\serenity\1f64d945581aa112a9e326d75a198002832c07176f6f857cd0bc505a1c243bb1.png
05:03:15.962 [main] DEBUG net.thucydides.core.steps.StepInterceptor - STEP DONE: showPass
05:03:15.977 [main] DEBUG net.thucydides.core.steps.StepInterceptor - STARTING STEP: LoginSteps.inputValidPassword - inputPassword
05:03:15.988 [Forwarding findElement on session cf225d7652b6d621971c0b5aa24e58c2 to remote] DEBUG org.asynchttpclient.netty.request.NettyRequestSender - Using pooled Channel '[id: 0xb30c7316, L:/127.0.0.1:64704 - R:localhost/127.0.0.1:54153]' for 'POST' to 'http://localhost:54153/session/cf225d7652b6d621971c0b5aa24e58c2/element'
05:03:15.988 [Forwarding findElement on session cf225d7652b6d621971c0b5aa24e58c2 to remote] DEBUG org.asynchttpclient.netty.request.NettyRequestSender - Using open Channel [id: 0xb30c7316, L:/127.0.0.1:64704 - R:localhost/127.0.0.1:54153] for POST '/session/cf225d7652b6d621971c0b5aa24e58c2/element'
05:03:16.014 [AsyncHttpClient-1-8] DEBUG org.asynchttpclient.netty.handler.HttpHandler - 

Request DefaultHttpRequest(decodeResult: success, version: HTTP/1.1)
POST /session/cf225d7652b6d621971c0b5aa24e58c2/element HTTP/1.1
User-Agent: selenium/4.1.2 (java windows)
Content-Length: 63
Content-Type: application/json; charset=utf-8
host: localhost:54153
accept: */*

Response DefaultHttpResponse(decodeResult: success, version: HTTP/1.1)
HTTP/1.1 200 OK
Content-Type: application/json; charset=utf-8
cache-control: no-cache
content-length: 88

05:03:16.015 [AsyncHttpClient-1-8] DEBUG org.asynchttpclient.netty.channel.ChannelManager - Adding key: http://localhost:54153 for channel [id: 0xb30c7316, L:/127.0.0.1:64704 - R:localhost/127.0.0.1:54153]
05:03:16.017 [Forwarding clearElement on session cf225d7652b6d621971c0b5aa24e58c2 to remote] DEBUG org.asynchttpclient.netty.request.NettyRequestSender - Using pooled Channel '[id: 0xb30c7316, L:/127.0.0.1:64704 - R:localhost/127.0.0.1:54153]' for 'POST' to 'http://localhost:54153/session/cf225d7652b6d621971c0b5aa24e58c2/element/375c41c4-04da-4ec7-bfd1-4216a68e327d/clear'
05:03:16.017 [Forwarding clearElement on session cf225d7652b6d621971c0b5aa24e58c2 to remote] DEBUG org.asynchttpclient.netty.request.NettyRequestSender - Using open Channel [id: 0xb30c7316, L:/127.0.0.1:64704 - R:localhost/127.0.0.1:54153] for POST '/session/cf225d7652b6d621971c0b5aa24e58c2/element/375c41c4-04da-4ec7-bfd1-4216a68e327d/clear'
05:03:16.097 [AsyncHttpClient-1-8] DEBUG org.asynchttpclient.netty.handler.HttpHandler - 

Request DefaultHttpRequest(decodeResult: success, version: HTTP/1.1)
POST /session/cf225d7652b6d621971c0b5aa24e58c2/element/375c41c4-04da-4ec7-bfd1-4216a68e327d/clear HTTP/1.1
User-Agent: selenium/4.1.2 (java windows)
Content-Length: 50
Content-Type: application/json; charset=utf-8
host: localhost:54153
accept: */*

Response DefaultHttpResponse(decodeResult: success, version: HTTP/1.1)
HTTP/1.1 200 OK
Content-Type: application/json; charset=utf-8
cache-control: no-cache
content-length: 14

05:03:16.097 [AsyncHttpClient-1-8] DEBUG org.asynchttpclient.netty.channel.ChannelManager - Adding key: http://localhost:54153 for channel [id: 0xb30c7316, L:/127.0.0.1:64704 - R:localhost/127.0.0.1:54153]
05:03:16.101 [Forwarding sendKeysToElement on session cf225d7652b6d621971c0b5aa24e58c2 to remote] DEBUG org.asynchttpclient.netty.request.NettyRequestSender - Using pooled Channel '[id: 0xb30c7316, L:/127.0.0.1:64704 - R:localhost/127.0.0.1:54153]' for 'POST' to 'http://localhost:54153/session/cf225d7652b6d621971c0b5aa24e58c2/element/375c41c4-04da-4ec7-bfd1-4216a68e327d/value'
05:03:16.101 [Forwarding sendKeysToElement on session cf225d7652b6d621971c0b5aa24e58c2 to remote] DEBUG org.asynchttpclient.netty.request.NettyRequestSender - Using open Channel [id: 0xb30c7316, L:/127.0.0.1:64704 - R:localhost/127.0.0.1:54153] for POST '/session/cf225d7652b6d621971c0b5aa24e58c2/element/375c41c4-04da-4ec7-bfd1-4216a68e327d/value'
05:03:16.147 [AsyncHttpClient-1-1] DEBUG org.asynchttpclient.netty.channel.DefaultChannelPool - Entry count for : http://localhost:64705 : 1
05:03:16.264 [AsyncHttpClient-1-8] DEBUG org.asynchttpclient.netty.handler.HttpHandler - 

Request DefaultHttpRequest(decodeResult: success, version: HTTP/1.1)
POST /session/cf225d7652b6d621971c0b5aa24e58c2/element/375c41c4-04da-4ec7-bfd1-4216a68e327d/value HTTP/1.1
User-Agent: selenium/4.1.2 (java windows)
Content-Length: 181
Content-Type: application/json; charset=utf-8
host: localhost:54153
accept: */*

Response DefaultHttpResponse(decodeResult: success, version: HTTP/1.1)
HTTP/1.1 200 OK
Content-Type: application/json; charset=utf-8
cache-control: no-cache
content-length: 14

05:03:16.265 [AsyncHttpClient-1-8] DEBUG org.asynchttpclient.netty.channel.ChannelManager - Adding key: http://localhost:54153 for channel [id: 0xb30c7316, L:/127.0.0.1:64704 - R:localhost/127.0.0.1:54153]
05:03:16.282 [Forwarding screenshot on session cf225d7652b6d621971c0b5aa24e58c2 to remote] DEBUG org.asynchttpclient.netty.request.NettyRequestSender - Using pooled Channel '[id: 0xb30c7316, L:/127.0.0.1:64704 - R:localhost/127.0.0.1:54153]' for 'GET' to 'http://localhost:54153/session/cf225d7652b6d621971c0b5aa24e58c2/screenshot'
05:03:16.282 [Forwarding screenshot on session cf225d7652b6d621971c0b5aa24e58c2 to remote] DEBUG org.asynchttpclient.netty.request.NettyRequestSender - Using open Channel [id: 0xb30c7316, L:/127.0.0.1:64704 - R:localhost/127.0.0.1:54153] for GET '/session/cf225d7652b6d621971c0b5aa24e58c2/screenshot'
05:03:16.651 [AsyncHttpClient-1-8] DEBUG org.asynchttpclient.netty.handler.HttpHandler - 

Request DefaultFullHttpRequest(decodeResult: success, version: HTTP/1.1, content: EmptyByteBufBE)
GET /session/cf225d7652b6d621971c0b5aa24e58c2/screenshot HTTP/1.1
User-Agent: selenium/4.1.2 (java windows)
Cache-Control: no-cache
Content-Type: application/json; charset=utf-8
host: localhost:54153
accept: */*

Response DefaultHttpResponse(decodeResult: success, version: HTTP/1.1)
HTTP/1.1 200 OK
Content-Type: application/json; charset=utf-8
cache-control: no-cache
content-length: 233392

05:03:16.654 [AsyncHttpClient-1-8] DEBUG org.asynchttpclient.netty.channel.ChannelManager - Adding key: http://localhost:54153 for channel [id: 0xb30c7316, L:/127.0.0.1:64704 - R:localhost/127.0.0.1:54153]
05:03:16.676 [main] DEBUG net.serenitybdd.core.photography.Darkroom - Send negative for processing for target\site\serenity\3ece4fd11926f08c5bf85ce6af4bed34f7e08d6061a1a81642467700e67c8d73.png
05:03:16.677 [main] DEBUG net.thucydides.core.steps.StepInterceptor - STEP DONE: inputPassword
  &amp#27;[32mAnd &amp#27;[0m&amp#27;[32mi input valid password&amp#27;[0m                                                          &amp#27;[90m# starter.stepdefenitions.LoginSteps.inputValidPassword()&amp#27;[0m
05:03:16.713 [main] DEBUG net.thucydides.core.steps.StepInterceptor - STARTING STEP: LoginSteps.clickLoginButton - clickLoginButton
05:03:16.721 [Forwarding findElement on session cf225d7652b6d621971c0b5aa24e58c2 to remote] DEBUG org.asynchttpclient.netty.request.NettyRequestSender - Using pooled Channel '[id: 0xb30c7316, L:/127.0.0.1:64704 - R:localhost/127.0.0.1:54153]' for 'POST' to 'http://localhost:54153/session/cf225d7652b6d621971c0b5aa24e58c2/element'
05:03:16.721 [Forwarding findElement on session cf225d7652b6d621971c0b5aa24e58c2 to remote] DEBUG org.asynchttpclient.netty.request.NettyRequestSender - Using open Channel [id: 0xb30c7316, L:/127.0.0.1:64704 - R:localhost/127.0.0.1:54153] for POST '/session/cf225d7652b6d621971c0b5aa24e58c2/element'
05:03:16.735 [AsyncHttpClient-1-8] DEBUG org.asynchttpclient.netty.handler.HttpHandler - 

Request DefaultHttpRequest(decodeResult: success, version: HTTP/1.1)
POST /session/cf225d7652b6d621971c0b5aa24e58c2/element HTTP/1.1
User-Agent: selenium/4.1.2 (java windows)
Content-Length: 66
Content-Type: application/json; charset=utf-8
host: localhost:54153
accept: */*

Response DefaultHttpResponse(decodeResult: success, version: HTTP/1.1)
HTTP/1.1 200 OK
Content-Type: application/json; charset=utf-8
cache-control: no-cache
content-length: 88

05:03:16.735 [AsyncHttpClient-1-8] DEBUG org.asynchttpclient.netty.channel.ChannelManager - Adding key: http://localhost:54153 for channel [id: 0xb30c7316, L:/127.0.0.1:64704 - R:localhost/127.0.0.1:54153]
05:03:16.739 [Forwarding getElementTagName on session cf225d7652b6d621971c0b5aa24e58c2 to remote] DEBUG org.asynchttpclient.netty.request.NettyRequestSender - Using pooled Channel '[id: 0xb30c7316, L:/127.0.0.1:64704 - R:localhost/127.0.0.1:54153]' for 'GET' to 'http://localhost:54153/session/cf225d7652b6d621971c0b5aa24e58c2/element/ce3f918c-83fd-4bd3-ac2b-30ccb68fe3ae/name'
05:03:16.739 [Forwarding getElementTagName on session cf225d7652b6d621971c0b5aa24e58c2 to remote] DEBUG org.asynchttpclient.netty.request.NettyRequestSender - Using open Channel [id: 0xb30c7316, L:/127.0.0.1:64704 - R:localhost/127.0.0.1:54153] for GET '/session/cf225d7652b6d621971c0b5aa24e58c2/element/ce3f918c-83fd-4bd3-ac2b-30ccb68fe3ae/name'
05:03:16.747 [AsyncHttpClient-1-8] DEBUG org.asynchttpclient.netty.handler.HttpHandler - 

Request DefaultFullHttpRequest(decodeResult: success, version: HTTP/1.1, content: EmptyByteBufBE)
GET /session/cf225d7652b6d621971c0b5aa24e58c2/element/ce3f918c-83fd-4bd3-ac2b-30ccb68fe3ae/name HTTP/1.1
User-Agent: selenium/4.1.2 (java windows)
Cache-Control: no-cache
Content-Type: application/json; charset=utf-8
host: localhost:54153
accept: */*

Response DefaultHttpResponse(decodeResult: success, version: HTTP/1.1)
HTTP/1.1 200 OK
Content-Type: application/json; charset=utf-8
cache-control: no-cache
content-length: 18

05:03:16.747 [AsyncHttpClient-1-8] DEBUG org.asynchttpclient.netty.channel.ChannelManager - Adding key: http://localhost:54153 for channel [id: 0xb30c7316, L:/127.0.0.1:64704 - R:localhost/127.0.0.1:54153]
05:03:16.749 [Forwarding getElementTagName on session cf225d7652b6d621971c0b5aa24e58c2 to remote] DEBUG org.asynchttpclient.netty.request.NettyRequestSender - Using pooled Channel '[id: 0xb30c7316, L:/127.0.0.1:64704 - R:localhost/127.0.0.1:54153]' for 'GET' to 'http://localhost:54153/session/cf225d7652b6d621971c0b5aa24e58c2/element/ce3f918c-83fd-4bd3-ac2b-30ccb68fe3ae/name'
05:03:16.749 [Forwarding getElementTagName on session cf225d7652b6d621971c0b5aa24e58c2 to remote] DEBUG org.asynchttpclient.netty.request.NettyRequestSender - Using open Channel [id: 0xb30c7316, L:/127.0.0.1:64704 - R:localhost/127.0.0.1:54153] for GET '/session/cf225d7652b6d621971c0b5aa24e58c2/element/ce3f918c-83fd-4bd3-ac2b-30ccb68fe3ae/name'
05:03:16.756 [AsyncHttpClient-1-8] DEBUG org.asynchttpclient.netty.handler.HttpHandler - 

Request DefaultFullHttpRequest(decodeResult: success, version: HTTP/1.1, content: EmptyByteBufBE)
GET /session/cf225d7652b6d621971c0b5aa24e58c2/element/ce3f918c-83fd-4bd3-ac2b-30ccb68fe3ae/name HTTP/1.1
User-Agent: selenium/4.1.2 (java windows)
Cache-Control: no-cache
Content-Type: application/json; charset=utf-8
host: localhost:54153
accept: */*

Response DefaultHttpResponse(decodeResult: success, version: HTTP/1.1)
HTTP/1.1 200 OK
Content-Type: application/json; charset=utf-8
cache-control: no-cache
content-length: 18

05:03:16.756 [AsyncHttpClient-1-8] DEBUG org.asynchttpclient.netty.channel.ChannelManager - Adding key: http://localhost:54153 for channel [id: 0xb30c7316, L:/127.0.0.1:64704 - R:localhost/127.0.0.1:54153]
05:03:16.761 [Forwarding isElementEnabled on session cf225d7652b6d621971c0b5aa24e58c2 to remote] DEBUG org.asynchttpclient.netty.request.NettyRequestSender - Using pooled Channel '[id: 0xb30c7316, L:/127.0.0.1:64704 - R:localhost/127.0.0.1:54153]' for 'GET' to 'http://localhost:54153/session/cf225d7652b6d621971c0b5aa24e58c2/element/ce3f918c-83fd-4bd3-ac2b-30ccb68fe3ae/enabled'
05:03:16.762 [Forwarding isElementEnabled on session cf225d7652b6d621971c0b5aa24e58c2 to remote] DEBUG org.asynchttpclient.netty.request.NettyRequestSender - Using open Channel [id: 0xb30c7316, L:/127.0.0.1:64704 - R:localhost/127.0.0.1:54153] for GET '/session/cf225d7652b6d621971c0b5aa24e58c2/element/ce3f918c-83fd-4bd3-ac2b-30ccb68fe3ae/enabled'
05:03:16.779 [AsyncHttpClient-1-8] DEBUG org.asynchttpclient.netty.handler.HttpHandler - 

Request DefaultFullHttpRequest(decodeResult: success, version: HTTP/1.1, content: EmptyByteBufBE)
GET /session/cf225d7652b6d621971c0b5aa24e58c2/element/ce3f918c-83fd-4bd3-ac2b-30ccb68fe3ae/enabled HTTP/1.1
User-Agent: selenium/4.1.2 (java windows)
Cache-Control: no-cache
Content-Type: application/json; charset=utf-8
host: localhost:54153
accept: */*

Response DefaultHttpResponse(decodeResult: success, version: HTTP/1.1)
HTTP/1.1 200 OK
Content-Type: application/json; charset=utf-8
cache-control: no-cache
content-length: 14

05:03:16.779 [AsyncHttpClient-1-8] DEBUG org.asynchttpclient.netty.channel.ChannelManager - Adding key: http://localhost:54153 for channel [id: 0xb30c7316, L:/127.0.0.1:64704 - R:localhost/127.0.0.1:54153]
05:03:16.782 [Forwarding isElementEnabled on session cf225d7652b6d621971c0b5aa24e58c2 to remote] DEBUG org.asynchttpclient.netty.request.NettyRequestSender - Using pooled Channel '[id: 0xb30c7316, L:/127.0.0.1:64704 - R:localhost/127.0.0.1:54153]' for 'GET' to 'http://localhost:54153/session/cf225d7652b6d621971c0b5aa24e58c2/element/ce3f918c-83fd-4bd3-ac2b-30ccb68fe3ae/enabled'
05:03:16.782 [Forwarding isElementEnabled on session cf225d7652b6d621971c0b5aa24e58c2 to remote] DEBUG org.asynchttpclient.netty.request.NettyRequestSender - Using open Channel [id: 0xb30c7316, L:/127.0.0.1:64704 - R:localhost/127.0.0.1:54153] for GET '/session/cf225d7652b6d621971c0b5aa24e58c2/element/ce3f918c-83fd-4bd3-ac2b-30ccb68fe3ae/enabled'
05:03:16.793 [AsyncHttpClient-1-8] DEBUG org.asynchttpclient.netty.handler.HttpHandler - 

Request DefaultFullHttpRequest(decodeResult: success, version: HTTP/1.1, content: EmptyByteBufBE)
GET /session/cf225d7652b6d621971c0b5aa24e58c2/element/ce3f918c-83fd-4bd3-ac2b-30ccb68fe3ae/enabled HTTP/1.1
User-Agent: selenium/4.1.2 (java windows)
Cache-Control: no-cache
Content-Type: application/json; charset=utf-8
host: localhost:54153
accept: */*

Response DefaultHttpResponse(decodeResult: success, version: HTTP/1.1)
HTTP/1.1 200 OK
Content-Type: application/json; charset=utf-8
cache-control: no-cache
content-length: 14

05:03:16.793 [AsyncHttpClient-1-8] DEBUG org.asynchttpclient.netty.channel.ChannelManager - Adding key: http://localhost:54153 for channel [id: 0xb30c7316, L:/127.0.0.1:64704 - R:localhost/127.0.0.1:54153]
05:03:16.797 [Forwarding findElement on session cf225d7652b6d621971c0b5aa24e58c2 to remote] DEBUG org.asynchttpclient.netty.request.NettyRequestSender - Using pooled Channel '[id: 0xb30c7316, L:/127.0.0.1:64704 - R:localhost/127.0.0.1:54153]' for 'POST' to 'http://localhost:54153/session/cf225d7652b6d621971c0b5aa24e58c2/element'
05:03:16.797 [Forwarding findElement on session cf225d7652b6d621971c0b5aa24e58c2 to remote] DEBUG org.asynchttpclient.netty.request.NettyRequestSender - Using open Channel [id: 0xb30c7316, L:/127.0.0.1:64704 - R:localhost/127.0.0.1:54153] for POST '/session/cf225d7652b6d621971c0b5aa24e58c2/element'
05:03:16.814 [AsyncHttpClient-1-8] DEBUG org.asynchttpclient.netty.handler.HttpHandler - 

Request DefaultHttpRequest(decodeResult: success, version: HTTP/1.1)
POST /session/cf225d7652b6d621971c0b5aa24e58c2/element HTTP/1.1
User-Agent: selenium/4.1.2 (java windows)
Content-Length: 66
Content-Type: application/json; charset=utf-8
host: localhost:54153
accept: */*

Response DefaultHttpResponse(decodeResult: success, version: HTTP/1.1)
HTTP/1.1 200 OK
Content-Type: application/json; charset=utf-8
cache-control: no-cache
content-length: 88

05:03:16.814 [AsyncHttpClient-1-8] DEBUG org.asynchttpclient.netty.channel.ChannelManager - Adding key: http://localhost:54153 for channel [id: 0xb30c7316, L:/127.0.0.1:64704 - R:localhost/127.0.0.1:54153]
05:03:16.816 [Forwarding clickElement on session cf225d7652b6d621971c0b5aa24e58c2 to remote] DEBUG org.asynchttpclient.netty.request.NettyRequestSender - Using pooled Channel '[id: 0xb30c7316, L:/127.0.0.1:64704 - R:localhost/127.0.0.1:54153]' for 'POST' to 'http://localhost:54153/session/cf225d7652b6d621971c0b5aa24e58c2/element/ce3f918c-83fd-4bd3-ac2b-30ccb68fe3ae/click'
05:03:16.816 [Forwarding clickElement on session cf225d7652b6d621971c0b5aa24e58c2 to remote] DEBUG org.asynchttpclient.netty.request.NettyRequestSender - Using open Channel [id: 0xb30c7316, L:/127.0.0.1:64704 - R:localhost/127.0.0.1:54153] for POST '/session/cf225d7652b6d621971c0b5aa24e58c2/element/ce3f918c-83fd-4bd3-ac2b-30ccb68fe3ae/click'
05:03:16.905 [AsyncHttpClient-1-8] DEBUG org.asynchttpclient.netty.handler.HttpHandler - 

Request DefaultHttpRequest(decodeResult: success, version: HTTP/1.1)
POST /session/cf225d7652b6d621971c0b5aa24e58c2/element/ce3f918c-83fd-4bd3-ac2b-30ccb68fe3ae/click HTTP/1.1
User-Agent: selenium/4.1.2 (java windows)
Content-Length: 50
Content-Type: application/json; charset=utf-8
host: localhost:54153
accept: */*

Response DefaultHttpResponse(decodeResult: success, version: HTTP/1.1)
HTTP/1.1 200 OK
Content-Type: application/json; charset=utf-8
cache-control: no-cache
content-length: 14

05:03:16.905 [AsyncHttpClient-1-8] DEBUG org.asynchttpclient.netty.channel.ChannelManager - Adding key: http://localhost:54153 for channel [id: 0xb30c7316, L:/127.0.0.1:64704 - R:localhost/127.0.0.1:54153]
05:03:16.920 [Forwarding screenshot on session cf225d7652b6d621971c0b5aa24e58c2 to remote] DEBUG org.asynchttpclient.netty.request.NettyRequestSender - Using pooled Channel '[id: 0xb30c7316, L:/127.0.0.1:64704 - R:localhost/127.0.0.1:54153]' for 'GET' to 'http://localhost:54153/session/cf225d7652b6d621971c0b5aa24e58c2/screenshot'
05:03:16.920 [Forwarding screenshot on session cf225d7652b6d621971c0b5aa24e58c2 to remote] DEBUG org.asynchttpclient.netty.request.NettyRequestSender - Using open Channel [id: 0xb30c7316, L:/127.0.0.1:64704 - R:localhost/127.0.0.1:54153] for GET '/session/cf225d7652b6d621971c0b5aa24e58c2/screenshot'
05:03:17.236 [AsyncHttpClient-1-1] DEBUG org.asynchttpclient.netty.channel.DefaultChannelPool - Entry count for : http://localhost:64705 : 1
05:03:17.291 [AsyncHttpClient-1-8] DEBUG org.asynchttpclient.netty.handler.HttpHandler - 

Request DefaultFullHttpRequest(decodeResult: success, version: HTTP/1.1, content: EmptyByteBufBE)
GET /session/cf225d7652b6d621971c0b5aa24e58c2/screenshot HTTP/1.1
User-Agent: selenium/4.1.2 (java windows)
Cache-Control: no-cache
Content-Type: application/json; charset=utf-8
host: localhost:54153
accept: */*

Response DefaultHttpResponse(decodeResult: success, version: HTTP/1.1)
HTTP/1.1 200 OK
Content-Type: application/json; charset=utf-8
cache-control: no-cache
content-length: 231088

05:03:17.293 [AsyncHttpClient-1-8] DEBUG org.asynchttpclient.netty.channel.ChannelManager - Adding key: http://localhost:54153 for channel [id: 0xb30c7316, L:/127.0.0.1:64704 - R:localhost/127.0.0.1:54153]
05:03:17.315 [main] DEBUG net.serenitybdd.core.photography.Darkroom - Send negative for processing for target\site\serenity\ad4eac8545d86ff1f21e5ed20dc4809932140e15ead7bd40df09fe1eec8267a9.png
05:03:17.315 [main] DEBUG net.thucydides.core.steps.StepInterceptor - STEP DONE: clickLoginButton
  &amp#27;[32mAnd &amp#27;[0m&amp#27;[32mi click login button&amp#27;[0m                                                            &amp#27;[90m# starter.stepdefenitions.LoginSteps.clickLoginButton()&amp#27;[0m
05:03:17.351 [main] DEBUG net.thucydides.core.steps.StepInterceptor - STARTING STEP: LoginSteps.successLogin - validationDialog
05:03:17.358 [Forwarding findElement on session cf225d7652b6d621971c0b5aa24e58c2 to remote] DEBUG org.asynchttpclient.netty.request.NettyRequestSender - Using pooled Channel '[id: 0xb30c7316, L:/127.0.0.1:64704 - R:localhost/127.0.0.1:54153]' for 'POST' to 'http://localhost:54153/session/cf225d7652b6d621971c0b5aa24e58c2/element'
05:03:17.358 [Forwarding findElement on session cf225d7652b6d621971c0b5aa24e58c2 to remote] DEBUG org.asynchttpclient.netty.request.NettyRequestSender - Using open Channel [id: 0xb30c7316, L:/127.0.0.1:64704 - R:localhost/127.0.0.1:54153] for POST '/session/cf225d7652b6d621971c0b5aa24e58c2/element'
05:03:17.746 [AsyncHttpClient-1-8] DEBUG org.asynchttpclient.netty.handler.HttpHandler - 

Request DefaultHttpRequest(decodeResult: success, version: HTTP/1.1)
POST /session/cf225d7652b6d621971c0b5aa24e58c2/element HTTP/1.1
User-Agent: selenium/4.1.2 (java windows)
Content-Length: 68
Content-Type: application/json; charset=utf-8
host: localhost:54153
accept: */*

Response DefaultHttpResponse(decodeResult: success, version: HTTP/1.1)
HTTP/1.1 200 OK
Content-Type: application/json; charset=utf-8
cache-control: no-cache
content-length: 88

05:03:17.746 [AsyncHttpClient-1-8] DEBUG org.asynchttpclient.netty.channel.ChannelManager - Adding key: http://localhost:54153 for channel [id: 0xb30c7316, L:/127.0.0.1:64704 - R:localhost/127.0.0.1:54153]
05:03:17.756 [Forwarding isElementDisplayed on session cf225d7652b6d621971c0b5aa24e58c2 to remote] DEBUG org.asynchttpclient.netty.request.NettyRequestSender - Using pooled Channel '[id: 0xb30c7316, L:/127.0.0.1:64704 - R:localhost/127.0.0.1:54153]' for 'POST' to 'http://localhost:54153/session/cf225d7652b6d621971c0b5aa24e58c2/execute/sync'
05:03:17.756 [Forwarding isElementDisplayed on session cf225d7652b6d621971c0b5aa24e58c2 to remote] DEBUG org.asynchttpclient.netty.request.NettyRequestSender - Using open Channel [id: 0xb30c7316, L:/127.0.0.1:64704 - R:localhost/127.0.0.1:54153] for POST '/session/cf225d7652b6d621971c0b5aa24e58c2/execute/sync'
05:03:17.804 [AsyncHttpClient-1-8] DEBUG org.asynchttpclient.netty.handler.HttpHandler - 

Request DefaultHttpRequest(decodeResult: success, version: HTTP/1.1)
POST /session/cf225d7652b6d621971c0b5aa24e58c2/execute/sync HTTP/1.1
User-Agent: selenium/4.1.2 (java windows)
Content-Length: 48780
Content-Type: application/json; charset=utf-8
host: localhost:54153
accept: */*

Response DefaultHttpResponse(decodeResult: success, version: HTTP/1.1)
HTTP/1.1 200 OK
Content-Type: application/json; charset=utf-8
cache-control: no-cache
content-length: 14

05:03:17.804 [AsyncHttpClient-1-8] DEBUG org.asynchttpclient.netty.channel.ChannelManager - Adding key: http://localhost:54153 for channel [id: 0xb30c7316, L:/127.0.0.1:64704 - R:localhost/127.0.0.1:54153]
05:03:17.816 [Forwarding screenshot on session cf225d7652b6d621971c0b5aa24e58c2 to remote] DEBUG org.asynchttpclient.netty.request.NettyRequestSender - Using pooled Channel '[id: 0xb30c7316, L:/127.0.0.1:64704 - R:localhost/127.0.0.1:54153]' for 'GET' to 'http://localhost:54153/session/cf225d7652b6d621971c0b5aa24e58c2/screenshot'
05:03:17.816 [Forwarding screenshot on session cf225d7652b6d621971c0b5aa24e58c2 to remote] DEBUG org.asynchttpclient.netty.request.NettyRequestSender - Using open Channel [id: 0xb30c7316, L:/127.0.0.1:64704 - R:localhost/127.0.0.1:54153] for GET '/session/cf225d7652b6d621971c0b5aa24e58c2/screenshot'
05:03:18.145 [AsyncHttpClient-1-8] DEBUG org.asynchttpclient.netty.handler.HttpHandler - 

Request DefaultFullHttpRequest(decodeResult: success, version: HTTP/1.1, content: EmptyByteBufBE)
GET /session/cf225d7652b6d621971c0b5aa24e58c2/screenshot HTTP/1.1
User-Agent: selenium/4.1.2 (java windows)
Cache-Control: no-cache
Content-Type: application/json; charset=utf-8
host: localhost:54153
accept: */*

Response DefaultHttpResponse(decodeResult: success, version: HTTP/1.1)
HTTP/1.1 200 OK
Content-Type: application/json; charset=utf-8
cache-control: no-cache
content-length: 126332

05:03:18.146 [AsyncHttpClient-1-8] DEBUG org.asynchttpclient.netty.channel.ChannelManager - Adding key: http://localhost:54153 for channel [id: 0xb30c7316, L:/127.0.0.1:64704 - R:localhost/127.0.0.1:54153]
05:03:18.160 [main] DEBUG net.serenitybdd.core.photography.Darkroom - Send negative for processing for target\site\serenity\e6f6cadd8f233d34a3543f25ba99802cfe5220acb03dde857275d00cd4fcab1b.png
05:03:18.160 [main] DEBUG net.thucydides.core.steps.StepInterceptor - STEP DONE: validationDialog
05:03:18.161 [Darkroom Processing Line] DEBUG net.serenitybdd.core.photography.DarkroomProcessingLine - Processing screenshot image in /var/screenshots/screenshot-16195471751868693
05:03:18.161 [Darkroom Processing Line] DEBUG net.serenitybdd.core.photography.DarkroomProcessingLine - Saving screenshot to target\site\serenity\e6f6cadd8f233d34a3543f25ba99802cfe5220acb03dde857275d00cd4fcab1b.png
05:03:18.175 [main] DEBUG net.thucydides.core.steps.StepInterceptor - STARTING STEP: LoginSteps.successLogin - clickSuccessButton
05:03:18.182 [Forwarding findElement on session cf225d7652b6d621971c0b5aa24e58c2 to remote] DEBUG org.asynchttpclient.netty.request.NettyRequestSender - Using pooled Channel '[id: 0xb30c7316, L:/127.0.0.1:64704 - R:localhost/127.0.0.1:54153]' for 'POST' to 'http://localhost:54153/session/cf225d7652b6d621971c0b5aa24e58c2/element'
05:03:18.182 [Forwarding findElement on session cf225d7652b6d621971c0b5aa24e58c2 to remote] DEBUG org.asynchttpclient.netty.request.NettyRequestSender - Using open Channel [id: 0xb30c7316, L:/127.0.0.1:64704 - R:localhost/127.0.0.1:54153] for POST '/session/cf225d7652b6d621971c0b5aa24e58c2/element'
05:03:18.209 [AsyncHttpClient-1-8] DEBUG org.asynchttpclient.netty.handler.HttpHandler - 

Request DefaultHttpRequest(decodeResult: success, version: HTTP/1.1)
POST /session/cf225d7652b6d621971c0b5aa24e58c2/element HTTP/1.1
User-Agent: selenium/4.1.2 (java windows)
Content-Length: 68
Content-Type: application/json; charset=utf-8
host: localhost:54153
accept: */*

Response DefaultHttpResponse(decodeResult: success, version: HTTP/1.1)
HTTP/1.1 200 OK
Content-Type: application/json; charset=utf-8
cache-control: no-cache
content-length: 88

05:03:18.210 [AsyncHttpClient-1-8] DEBUG org.asynchttpclient.netty.channel.ChannelManager - Adding key: http://localhost:54153 for channel [id: 0xb30c7316, L:/127.0.0.1:64704 - R:localhost/127.0.0.1:54153]
05:03:18.212 [Forwarding getElementTagName on session cf225d7652b6d621971c0b5aa24e58c2 to remote] DEBUG org.asynchttpclient.netty.request.NettyRequestSender - Using pooled Channel '[id: 0xb30c7316, L:/127.0.0.1:64704 - R:localhost/127.0.0.1:54153]' for 'GET' to 'http://localhost:54153/session/cf225d7652b6d621971c0b5aa24e58c2/element/12e65e8a-4202-42af-bf6c-2aebd87fe571/name'
05:03:18.213 [Forwarding getElementTagName on session cf225d7652b6d621971c0b5aa24e58c2 to remote] DEBUG org.asynchttpclient.netty.request.NettyRequestSender - Using open Channel [id: 0xb30c7316, L:/127.0.0.1:64704 - R:localhost/127.0.0.1:54153] for GET '/session/cf225d7652b6d621971c0b5aa24e58c2/element/12e65e8a-4202-42af-bf6c-2aebd87fe571/name'
05:03:18.221 [AsyncHttpClient-1-8] DEBUG org.asynchttpclient.netty.handler.HttpHandler - 

Request DefaultFullHttpRequest(decodeResult: success, version: HTTP/1.1, content: EmptyByteBufBE)
GET /session/cf225d7652b6d621971c0b5aa24e58c2/element/12e65e8a-4202-42af-bf6c-2aebd87fe571/name HTTP/1.1
User-Agent: selenium/4.1.2 (java windows)
Cache-Control: no-cache
Content-Type: application/json; charset=utf-8
host: localhost:54153
accept: */*

Response DefaultHttpResponse(decodeResult: success, version: HTTP/1.1)
HTTP/1.1 200 OK
Content-Type: application/json; charset=utf-8
cache-control: no-cache
content-length: 18

05:03:18.221 [AsyncHttpClient-1-8] DEBUG org.asynchttpclient.netty.channel.ChannelManager - Adding key: http://localhost:54153 for channel [id: 0xb30c7316, L:/127.0.0.1:64704 - R:localhost/127.0.0.1:54153]
05:03:18.224 [Forwarding getElementTagName on session cf225d7652b6d621971c0b5aa24e58c2 to remote] DEBUG org.asynchttpclient.netty.request.NettyRequestSender - Using pooled Channel '[id: 0xb30c7316, L:/127.0.0.1:64704 - R:localhost/127.0.0.1:54153]' for 'GET' to 'http://localhost:54153/session/cf225d7652b6d621971c0b5aa24e58c2/element/12e65e8a-4202-42af-bf6c-2aebd87fe571/name'
05:03:18.224 [Forwarding getElementTagName on session cf225d7652b6d621971c0b5aa24e58c2 to remote] DEBUG org.asynchttpclient.netty.request.NettyRequestSender - Using open Channel [id: 0xb30c7316, L:/127.0.0.1:64704 - R:localhost/127.0.0.1:54153] for GET '/session/cf225d7652b6d621971c0b5aa24e58c2/element/12e65e8a-4202-42af-bf6c-2aebd87fe571/name'
05:03:18.230 [AsyncHttpClient-1-8] DEBUG org.asynchttpclient.netty.handler.HttpHandler - 

Request DefaultFullHttpRequest(decodeResult: success, version: HTTP/1.1, content: EmptyByteBufBE)
GET /session/cf225d7652b6d621971c0b5aa24e58c2/element/12e65e8a-4202-42af-bf6c-2aebd87fe571/name HTTP/1.1
User-Agent: selenium/4.1.2 (java windows)
Cache-Control: no-cache
Content-Type: application/json; charset=utf-8
host: localhost:54153
accept: */*

Response DefaultHttpResponse(decodeResult: success, version: HTTP/1.1)
HTTP/1.1 200 OK
Content-Type: application/json; charset=utf-8
cache-control: no-cache
content-length: 18

05:03:18.231 [AsyncHttpClient-1-8] DEBUG org.asynchttpclient.netty.channel.ChannelManager - Adding key: http://localhost:54153 for channel [id: 0xb30c7316, L:/127.0.0.1:64704 - R:localhost/127.0.0.1:54153]
05:03:18.235 [Forwarding isElementEnabled on session cf225d7652b6d621971c0b5aa24e58c2 to remote] DEBUG org.asynchttpclient.netty.request.NettyRequestSender - Using pooled Channel '[id: 0xb30c7316, L:/127.0.0.1:64704 - R:localhost/127.0.0.1:54153]' for 'GET' to 'http://localhost:54153/session/cf225d7652b6d621971c0b5aa24e58c2/element/12e65e8a-4202-42af-bf6c-2aebd87fe571/enabled'
05:03:18.236 [Forwarding isElementEnabled on session cf225d7652b6d621971c0b5aa24e58c2 to remote] DEBUG org.asynchttpclient.netty.request.NettyRequestSender - Using open Channel [id: 0xb30c7316, L:/127.0.0.1:64704 - R:localhost/127.0.0.1:54153] for GET '/session/cf225d7652b6d621971c0b5aa24e58c2/element/12e65e8a-4202-42af-bf6c-2aebd87fe571/enabled'
05:03:18.254 [AsyncHttpClient-1-8] DEBUG org.asynchttpclient.netty.handler.HttpHandler - 

Request DefaultFullHttpRequest(decodeResult: success, version: HTTP/1.1, content: EmptyByteBufBE)
GET /session/cf225d7652b6d621971c0b5aa24e58c2/element/12e65e8a-4202-42af-bf6c-2aebd87fe571/enabled HTTP/1.1
User-Agent: selenium/4.1.2 (java windows)
Cache-Control: no-cache
Content-Type: application/json; charset=utf-8
host: localhost:54153
accept: */*

Response DefaultHttpResponse(decodeResult: success, version: HTTP/1.1)
HTTP/1.1 200 OK
Content-Type: application/json; charset=utf-8
cache-control: no-cache
content-length: 14

05:03:18.254 [AsyncHttpClient-1-8] DEBUG org.asynchttpclient.netty.channel.ChannelManager - Adding key: http://localhost:54153 for channel [id: 0xb30c7316, L:/127.0.0.1:64704 - R:localhost/127.0.0.1:54153]
05:03:18.257 [Forwarding isElementEnabled on session cf225d7652b6d621971c0b5aa24e58c2 to remote] DEBUG org.asynchttpclient.netty.request.NettyRequestSender - Using pooled Channel '[id: 0xb30c7316, L:/127.0.0.1:64704 - R:localhost/127.0.0.1:54153]' for 'GET' to 'http://localhost:54153/session/cf225d7652b6d621971c0b5aa24e58c2/element/12e65e8a-4202-42af-bf6c-2aebd87fe571/enabled'
05:03:18.257 [Forwarding isElementEnabled on session cf225d7652b6d621971c0b5aa24e58c2 to remote] DEBUG org.asynchttpclient.netty.request.NettyRequestSender - Using open Channel [id: 0xb30c7316, L:/127.0.0.1:64704 - R:localhost/127.0.0.1:54153] for GET '/session/cf225d7652b6d621971c0b5aa24e58c2/element/12e65e8a-4202-42af-bf6c-2aebd87fe571/enabled'
05:03:18.268 [AsyncHttpClient-1-8] DEBUG org.asynchttpclient.netty.handler.HttpHandler - 

Request DefaultFullHttpRequest(decodeResult: success, version: HTTP/1.1, content: EmptyByteBufBE)
GET /session/cf225d7652b6d621971c0b5aa24e58c2/element/12e65e8a-4202-42af-bf6c-2aebd87fe571/enabled HTTP/1.1
User-Agent: selenium/4.1.2 (java windows)
Cache-Control: no-cache
Content-Type: application/json; charset=utf-8
host: localhost:54153
accept: */*

Response DefaultHttpResponse(decodeResult: success, version: HTTP/1.1)
HTTP/1.1 200 OK
Content-Type: application/json; charset=utf-8
cache-control: no-cache
content-length: 14

05:03:18.268 [AsyncHttpClient-1-8] DEBUG org.asynchttpclient.netty.channel.ChannelManager - Adding key: http://localhost:54153 for channel [id: 0xb30c7316, L:/127.0.0.1:64704 - R:localhost/127.0.0.1:54153]
05:03:18.273 [Forwarding findElement on session cf225d7652b6d621971c0b5aa24e58c2 to remote] DEBUG org.asynchttpclient.netty.request.NettyRequestSender - Using pooled Channel '[id: 0xb30c7316, L:/127.0.0.1:64704 - R:localhost/127.0.0.1:54153]' for 'POST' to 'http://localhost:54153/session/cf225d7652b6d621971c0b5aa24e58c2/element'
05:03:18.273 [Forwarding findElement on session cf225d7652b6d621971c0b5aa24e58c2 to remote] DEBUG org.asynchttpclient.netty.request.NettyRequestSender - Using open Channel [id: 0xb30c7316, L:/127.0.0.1:64704 - R:localhost/127.0.0.1:54153] for POST '/session/cf225d7652b6d621971c0b5aa24e58c2/element'
05:03:18.287 [AsyncHttpClient-1-8] DEBUG org.asynchttpclient.netty.handler.HttpHandler - 

Request DefaultHttpRequest(decodeResult: success, version: HTTP/1.1)
POST /session/cf225d7652b6d621971c0b5aa24e58c2/element HTTP/1.1
User-Agent: selenium/4.1.2 (java windows)
Content-Length: 68
Content-Type: application/json; charset=utf-8
host: localhost:54153
accept: */*

Response DefaultHttpResponse(decodeResult: success, version: HTTP/1.1)
HTTP/1.1 200 OK
Content-Type: application/json; charset=utf-8
cache-control: no-cache
content-length: 88

05:03:18.288 [AsyncHttpClient-1-8] DEBUG org.asynchttpclient.netty.channel.ChannelManager - Adding key: http://localhost:54153 for channel [id: 0xb30c7316, L:/127.0.0.1:64704 - R:localhost/127.0.0.1:54153]
05:03:18.290 [Forwarding clickElement on session cf225d7652b6d621971c0b5aa24e58c2 to remote] DEBUG org.asynchttpclient.netty.request.NettyRequestSender - Using pooled Channel '[id: 0xb30c7316, L:/127.0.0.1:64704 - R:localhost/127.0.0.1:54153]' for 'POST' to 'http://localhost:54153/session/cf225d7652b6d621971c0b5aa24e58c2/element/12e65e8a-4202-42af-bf6c-2aebd87fe571/click'
05:03:18.291 [Forwarding clickElement on session cf225d7652b6d621971c0b5aa24e58c2 to remote] DEBUG org.asynchttpclient.netty.request.NettyRequestSender - Using open Channel [id: 0xb30c7316, L:/127.0.0.1:64704 - R:localhost/127.0.0.1:54153] for POST '/session/cf225d7652b6d621971c0b5aa24e58c2/element/12e65e8a-4202-42af-bf6c-2aebd87fe571/click'
05:03:18.335 [AsyncHttpClient-1-1] DEBUG org.asynchttpclient.netty.channel.DefaultChannelPool - Entry count for : http://localhost:64705 : 1
05:03:18.366 [AsyncHttpClient-1-8] DEBUG org.asynchttpclient.netty.handler.HttpHandler - 

Request DefaultHttpRequest(decodeResult: success, version: HTTP/1.1)
POST /session/cf225d7652b6d621971c0b5aa24e58c2/element/12e65e8a-4202-42af-bf6c-2aebd87fe571/click HTTP/1.1
User-Agent: selenium/4.1.2 (java windows)
Content-Length: 50
Content-Type: application/json; charset=utf-8
host: localhost:54153
accept: */*

Response DefaultHttpResponse(decodeResult: success, version: HTTP/1.1)
HTTP/1.1 200 OK
Content-Type: application/json; charset=utf-8
cache-control: no-cache
content-length: 14

05:03:18.367 [AsyncHttpClient-1-8] DEBUG org.asynchttpclient.netty.channel.ChannelManager - Adding key: http://localhost:54153 for channel [id: 0xb30c7316, L:/127.0.0.1:64704 - R:localhost/127.0.0.1:54153]
05:03:18.383 [Forwarding screenshot on session cf225d7652b6d621971c0b5aa24e58c2 to remote] DEBUG org.asynchttpclient.netty.request.NettyRequestSender - Using pooled Channel '[id: 0xb30c7316, L:/127.0.0.1:64704 - R:localhost/127.0.0.1:54153]' for 'GET' to 'http://localhost:54153/session/cf225d7652b6d621971c0b5aa24e58c2/screenshot'
05:03:18.383 [Forwarding screenshot on session cf225d7652b6d621971c0b5aa24e58c2 to remote] DEBUG org.asynchttpclient.netty.request.NettyRequestSender - Using open Channel [id: 0xb30c7316, L:/127.0.0.1:64704 - R:localhost/127.0.0.1:54153] for GET '/session/cf225d7652b6d621971c0b5aa24e58c2/screenshot'
05:03:18.747 [AsyncHttpClient-1-8] DEBUG org.asynchttpclient.netty.handler.HttpHandler - 

Request DefaultFullHttpRequest(decodeResult: success, version: HTTP/1.1, content: EmptyByteBufBE)
GET /session/cf225d7652b6d621971c0b5aa24e58c2/screenshot HTTP/1.1
User-Agent: selenium/4.1.2 (java windows)
Cache-Control: no-cache
Content-Type: application/json; charset=utf-8
host: localhost:54153
accept: */*

Response DefaultHttpResponse(decodeResult: success, version: HTTP/1.1)
HTTP/1.1 200 OK
Content-Type: application/json; charset=utf-8
cache-control: no-cache
content-length: 128508

05:03:18.748 [AsyncHttpClient-1-8] DEBUG org.asynchttpclient.netty.channel.ChannelManager - Adding key: http://localhost:54153 for channel [id: 0xb30c7316, L:/127.0.0.1:64704 - R:localhost/127.0.0.1:54153]
05:03:18.762 [main] DEBUG net.serenitybdd.core.photography.Darkroom - Send negative for processing for target\site\serenity\5e11f65b1b90ae11aac7580d1eba7ea722c93b993b07e075a6bbd95b249303e3.png
05:03:18.762 [main] DEBUG net.thucydides.core.steps.StepInterceptor - STEP DONE: clickSuccessButton
  &amp#27;[32mThen &amp#27;[0m&amp#27;[32mi success login&amp#27;[0m                                                                &amp#27;[90m# starter.stepdefenitions.LoginSteps.successLogin()&amp#27;[0m
05:03:18.762 [Darkroom Processing Line] DEBUG net.serenitybdd.core.photography.DarkroomProcessingLine - Processing screenshot image in /var/screenshots/screenshot-8858589672930753055
05:03:18.763 [Darkroom Processing Line] DEBUG net.serenitybdd.core.photography.DarkroomProcessingLine - Saving screenshot to target\site\serenity\5e11f65b1b90ae11aac7580d1eba7ea722c93b993b07e075a6bbd95b249303e3.png
05:03:18.821 [Forwarding screenshot on session cf225d7652b6d621971c0b5aa24e58c2 to remote] DEBUG org.asynchttpclient.netty.request.NettyRequestSender - Using pooled Channel '[id: 0xb30c7316, L:/127.0.0.1:64704 - R:localhost/127.0.0.1:54153]' for 'GET' to 'http://localhost:54153/session/cf225d7652b6d621971c0b5aa24e58c2/screenshot'
05:03:18.821 [Forwarding screenshot on session cf225d7652b6d621971c0b5aa24e58c2 to remote] DEBUG org.asynchttpclient.netty.request.NettyRequestSender - Using open Channel [id: 0xb30c7316, L:/127.0.0.1:64704 - R:localhost/127.0.0.1:54153] for GET '/session/cf225d7652b6d621971c0b5aa24e58c2/screenshot'
05:03:19.104 [AsyncHttpClient-1-8] DEBUG org.asynchttpclient.netty.handler.HttpHandler - 

Request DefaultFullHttpRequest(decodeResult: success, version: HTTP/1.1, content: EmptyByteBufBE)
GET /session/cf225d7652b6d621971c0b5aa24e58c2/screenshot HTTP/1.1
User-Agent: selenium/4.1.2 (java windows)
Cache-Control: no-cache
Content-Type: application/json; charset=utf-8
host: localhost:54153
accept: */*

Response DefaultHttpResponse(decodeResult: success, version: HTTP/1.1)
HTTP/1.1 200 OK
Content-Type: application/json; charset=utf-8
cache-control: no-cache
content-length: 130568

05:03:19.106 [AsyncHttpClient-1-8] DEBUG org.asynchttpclient.netty.channel.ChannelManager - Adding key: http://localhost:54153 for channel [id: 0xb30c7316, L:/127.0.0.1:64704 - R:localhost/127.0.0.1:54153]
05:03:19.119 [main] DEBUG net.serenitybdd.core.photography.Darkroom - Send negative for processing for target\site\serenity\c43161e3c16acaf0e6b497b48b40547c2086c23c8a4e9095f224016a9d5972dc.png
05:03:19.120 [main] DEBUG net.thucydides.core.steps.StepInterceptor - STARTING STEP: ComplexSteps.adminOnTheHomePage - validationOnHomepage
05:03:19.126 [Forwarding findElement on session cf225d7652b6d621971c0b5aa24e58c2 to remote] DEBUG org.asynchttpclient.netty.request.NettyRequestSender - Using pooled Channel '[id: 0xb30c7316, L:/127.0.0.1:64704 - R:localhost/127.0.0.1:54153]' for 'POST' to 'http://localhost:54153/session/cf225d7652b6d621971c0b5aa24e58c2/element'
05:03:19.126 [Forwarding findElement on session cf225d7652b6d621971c0b5aa24e58c2 to remote] DEBUG org.asynchttpclient.netty.request.NettyRequestSender - Using open Channel [id: 0xb30c7316, L:/127.0.0.1:64704 - R:localhost/127.0.0.1:54153] for POST '/session/cf225d7652b6d621971c0b5aa24e58c2/element'
05:03:19.155 [AsyncHttpClient-1-8] DEBUG org.asynchttpclient.netty.handler.HttpHandler - 

Request DefaultHttpRequest(decodeResult: success, version: HTTP/1.1)
POST /session/cf225d7652b6d621971c0b5aa24e58c2/element HTTP/1.1
User-Agent: selenium/4.1.2 (java windows)
Content-Length: 70
Content-Type: application/json; charset=utf-8
host: localhost:54153
accept: */*

Response DefaultHttpResponse(decodeResult: success, version: HTTP/1.1)
HTTP/1.1 200 OK
Content-Type: application/json; charset=utf-8
cache-control: no-cache
content-length: 88

05:03:19.156 [AsyncHttpClient-1-8] DEBUG org.asynchttpclient.netty.channel.ChannelManager - Adding key: http://localhost:54153 for channel [id: 0xb30c7316, L:/127.0.0.1:64704 - R:localhost/127.0.0.1:54153]
05:03:19.163 [Forwarding isElementDisplayed on session cf225d7652b6d621971c0b5aa24e58c2 to remote] DEBUG org.asynchttpclient.netty.request.NettyRequestSender - Using pooled Channel '[id: 0xb30c7316, L:/127.0.0.1:64704 - R:localhost/127.0.0.1:54153]' for 'POST' to 'http://localhost:54153/session/cf225d7652b6d621971c0b5aa24e58c2/execute/sync'
05:03:19.164 [Forwarding isElementDisplayed on session cf225d7652b6d621971c0b5aa24e58c2 to remote] DEBUG org.asynchttpclient.netty.request.NettyRequestSender - Using open Channel [id: 0xb30c7316, L:/127.0.0.1:64704 - R:localhost/127.0.0.1:54153] for POST '/session/cf225d7652b6d621971c0b5aa24e58c2/execute/sync'
05:03:19.186 [AsyncHttpClient-1-8] DEBUG org.asynchttpclient.netty.handler.HttpHandler - 

Request DefaultHttpRequest(decodeResult: success, version: HTTP/1.1)
POST /session/cf225d7652b6d621971c0b5aa24e58c2/execute/sync HTTP/1.1
User-Agent: selenium/4.1.2 (java windows)
Content-Length: 48780
Content-Type: application/json; charset=utf-8
host: localhost:54153
accept: */*

Response DefaultHttpResponse(decodeResult: success, version: HTTP/1.1)
HTTP/1.1 200 OK
Content-Type: application/json; charset=utf-8
cache-control: no-cache
content-length: 14

05:03:19.187 [AsyncHttpClient-1-8] DEBUG org.asynchttpclient.netty.channel.ChannelManager - Adding key: http://localhost:54153 for channel [id: 0xb30c7316, L:/127.0.0.1:64704 - R:localhost/127.0.0.1:54153]
05:03:19.201 [Forwarding screenshot on session cf225d7652b6d621971c0b5aa24e58c2 to remote] DEBUG org.asynchttpclient.netty.request.NettyRequestSender - Using pooled Channel '[id: 0xb30c7316, L:/127.0.0.1:64704 - R:localhost/127.0.0.1:54153]' for 'GET' to 'http://localhost:54153/session/cf225d7652b6d621971c0b5aa24e58c2/screenshot'
05:03:19.201 [Forwarding screenshot on session cf225d7652b6d621971c0b5aa24e58c2 to remote] DEBUG org.asynchttpclient.netty.request.NettyRequestSender - Using open Channel [id: 0xb30c7316, L:/127.0.0.1:64704 - R:localhost/127.0.0.1:54153] for GET '/session/cf225d7652b6d621971c0b5aa24e58c2/screenshot'
05:03:19.433 [AsyncHttpClient-1-1] DEBUG org.asynchttpclient.netty.channel.DefaultChannelPool - Entry count for : http://localhost:64705 : 1
05:03:19.456 [AsyncHttpClient-1-8] DEBUG org.asynchttpclient.netty.handler.HttpHandler - 

Request DefaultFullHttpRequest(decodeResult: success, version: HTTP/1.1, content: EmptyByteBufBE)
GET /session/cf225d7652b6d621971c0b5aa24e58c2/screenshot HTTP/1.1
User-Agent: selenium/4.1.2 (java windows)
Cache-Control: no-cache
Content-Type: application/json; charset=utf-8
host: localhost:54153
accept: */*

Response DefaultHttpResponse(decodeResult: success, version: HTTP/1.1)
HTTP/1.1 200 OK
Content-Type: application/json; charset=utf-8
cache-control: no-cache
content-length: 130568

05:03:19.458 [AsyncHttpClient-1-8] DEBUG org.asynchttpclient.netty.channel.ChannelManager - Adding key: http://localhost:54153 for channel [id: 0xb30c7316, L:/127.0.0.1:64704 - R:localhost/127.0.0.1:54153]
05:03:19.471 [main] DEBUG net.serenitybdd.core.photography.Darkroom - Send negative for processing for target\site\serenity\c43161e3c16acaf0e6b497b48b40547c2086c23c8a4e9095f224016a9d5972dc.png
05:03:19.471 [main] DEBUG net.thucydides.core.steps.StepInterceptor - STEP DONE: validationOnHomepage
  &amp#27;[32mGiven &amp#27;[0m&amp#27;[32madmin on the home page&amp#27;[0m                                                        &amp#27;[90m# starter.stepdefenitions.ComplexSteps.adminOnTheHomePage()&amp#27;[0m
05:03:19.526 [Forwarding screenshot on session cf225d7652b6d621971c0b5aa24e58c2 to remote] DEBUG org.asynchttpclient.netty.request.NettyRequestSender - Using pooled Channel '[id: 0xb30c7316, L:/127.0.0.1:64704 - R:localhost/127.0.0.1:54153]' for 'GET' to 'http://localhost:54153/session/cf225d7652b6d621971c0b5aa24e58c2/screenshot'
05:03:19.526 [Forwarding screenshot on session cf225d7652b6d621971c0b5aa24e58c2 to remote] DEBUG org.asynchttpclient.netty.request.NettyRequestSender - Using open Channel [id: 0xb30c7316, L:/127.0.0.1:64704 - R:localhost/127.0.0.1:54153] for GET '/session/cf225d7652b6d621971c0b5aa24e58c2/screenshot'
05:03:19.814 [AsyncHttpClient-1-8] DEBUG org.asynchttpclient.netty.handler.HttpHandler - 

Request DefaultFullHttpRequest(decodeResult: success, version: HTTP/1.1, content: EmptyByteBufBE)
GET /session/cf225d7652b6d621971c0b5aa24e58c2/screenshot HTTP/1.1
User-Agent: selenium/4.1.2 (java windows)
Cache-Control: no-cache
Content-Type: application/json; charset=utf-8
host: localhost:54153
accept: */*

Response DefaultHttpResponse(decodeResult: success, version: HTTP/1.1)
HTTP/1.1 200 OK
Content-Type: application/json; charset=utf-8
cache-control: no-cache
content-length: 130568

05:03:19.815 [AsyncHttpClient-1-8] DEBUG org.asynchttpclient.netty.channel.ChannelManager - Adding key: http://localhost:54153 for channel [id: 0xb30c7316, L:/127.0.0.1:64704 - R:localhost/127.0.0.1:54153]
05:03:19.828 [main] DEBUG net.serenitybdd.core.photography.Darkroom - Send negative for processing for target\site\serenity\c43161e3c16acaf0e6b497b48b40547c2086c23c8a4e9095f224016a9d5972dc.png
05:03:19.829 [main] DEBUG net.thucydides.core.steps.StepInterceptor - STARTING STEP: BuildingSteps.iClickBuildingOnHomePage - toBuildingPage
05:03:19.837 [Forwarding findElement on session cf225d7652b6d621971c0b5aa24e58c2 to remote] DEBUG org.asynchttpclient.netty.request.NettyRequestSender - Using pooled Channel '[id: 0xb30c7316, L:/127.0.0.1:64704 - R:localhost/127.0.0.1:54153]' for 'POST' to 'http://localhost:54153/session/cf225d7652b6d621971c0b5aa24e58c2/element'
05:03:19.837 [Forwarding findElement on session cf225d7652b6d621971c0b5aa24e58c2 to remote] DEBUG org.asynchttpclient.netty.request.NettyRequestSender - Using open Channel [id: 0xb30c7316, L:/127.0.0.1:64704 - R:localhost/127.0.0.1:54153] for POST '/session/cf225d7652b6d621971c0b5aa24e58c2/element'
05:03:19.860 [AsyncHttpClient-1-8] DEBUG org.asynchttpclient.netty.handler.HttpHandler - 

Request DefaultHttpRequest(decodeResult: success, version: HTTP/1.1)
POST /session/cf225d7652b6d621971c0b5aa24e58c2/element HTTP/1.1
User-Agent: selenium/4.1.2 (java windows)
Content-Length: 74
Content-Type: application/json; charset=utf-8
host: localhost:54153
accept: */*

Response DefaultHttpResponse(decodeResult: success, version: HTTP/1.1)
HTTP/1.1 200 OK
Content-Type: application/json; charset=utf-8
cache-control: no-cache
content-length: 88

05:03:19.861 [AsyncHttpClient-1-8] DEBUG org.asynchttpclient.netty.channel.ChannelManager - Adding key: http://localhost:54153 for channel [id: 0xb30c7316, L:/127.0.0.1:64704 - R:localhost/127.0.0.1:54153]
05:03:19.863 [Forwarding getElementTagName on session cf225d7652b6d621971c0b5aa24e58c2 to remote] DEBUG org.asynchttpclient.netty.request.NettyRequestSender - Using pooled Channel '[id: 0xb30c7316, L:/127.0.0.1:64704 - R:localhost/127.0.0.1:54153]' for 'GET' to 'http://localhost:54153/session/cf225d7652b6d621971c0b5aa24e58c2/element/7b644f74-46fa-42af-96d1-73911a68ef31/name'
05:03:19.863 [Forwarding getElementTagName on session cf225d7652b6d621971c0b5aa24e58c2 to remote] DEBUG org.asynchttpclient.netty.request.NettyRequestSender - Using open Channel [id: 0xb30c7316, L:/127.0.0.1:64704 - R:localhost/127.0.0.1:54153] for GET '/session/cf225d7652b6d621971c0b5aa24e58c2/element/7b644f74-46fa-42af-96d1-73911a68ef31/name'
05:03:19.872 [AsyncHttpClient-1-8] DEBUG org.asynchttpclient.netty.handler.HttpHandler - 

Request DefaultFullHttpRequest(decodeResult: success, version: HTTP/1.1, content: EmptyByteBufBE)
GET /session/cf225d7652b6d621971c0b5aa24e58c2/element/7b644f74-46fa-42af-96d1-73911a68ef31/name HTTP/1.1
User-Agent: selenium/4.1.2 (java windows)
Cache-Control: no-cache
Content-Type: application/json; charset=utf-8
host: localhost:54153
accept: */*

Response DefaultHttpResponse(decodeResult: success, version: HTTP/1.1)
HTTP/1.1 200 OK
Content-Type: application/json; charset=utf-8
cache-control: no-cache
content-length: 13

05:03:19.872 [AsyncHttpClient-1-8] DEBUG org.asynchttpclient.netty.channel.ChannelManager - Adding key: http://localhost:54153 for channel [id: 0xb30c7316, L:/127.0.0.1:64704 - R:localhost/127.0.0.1:54153]
05:03:19.875 [Forwarding getElementTagName on session cf225d7652b6d621971c0b5aa24e58c2 to remote] DEBUG org.asynchttpclient.netty.request.NettyRequestSender - Using pooled Channel '[id: 0xb30c7316, L:/127.0.0.1:64704 - R:localhost/127.0.0.1:54153]' for 'GET' to 'http://localhost:54153/session/cf225d7652b6d621971c0b5aa24e58c2/element/7b644f74-46fa-42af-96d1-73911a68ef31/name'
05:03:19.875 [Forwarding getElementTagName on session cf225d7652b6d621971c0b5aa24e58c2 to remote] DEBUG org.asynchttpclient.netty.request.NettyRequestSender - Using open Channel [id: 0xb30c7316, L:/127.0.0.1:64704 - R:localhost/127.0.0.1:54153] for GET '/session/cf225d7652b6d621971c0b5aa24e58c2/element/7b644f74-46fa-42af-96d1-73911a68ef31/name'
05:03:19.881 [AsyncHttpClient-1-8] DEBUG org.asynchttpclient.netty.handler.HttpHandler - 

Request DefaultFullHttpRequest(decodeResult: success, version: HTTP/1.1, content: EmptyByteBufBE)
GET /session/cf225d7652b6d621971c0b5aa24e58c2/element/7b644f74-46fa-42af-96d1-73911a68ef31/name HTTP/1.1
User-Agent: selenium/4.1.2 (java windows)
Cache-Control: no-cache
Content-Type: application/json; charset=utf-8
host: localhost:54153
accept: */*

Response DefaultHttpResponse(decodeResult: success, version: HTTP/1.1)
HTTP/1.1 200 OK
Content-Type: application/json; charset=utf-8
cache-control: no-cache
content-length: 13

05:03:19.882 [AsyncHttpClient-1-8] DEBUG org.asynchttpclient.netty.channel.ChannelManager - Adding key: http://localhost:54153 for channel [id: 0xb30c7316, L:/127.0.0.1:64704 - R:localhost/127.0.0.1:54153]
05:03:19.885 [Forwarding findElement on session cf225d7652b6d621971c0b5aa24e58c2 to remote] DEBUG org.asynchttpclient.netty.request.NettyRequestSender - Using pooled Channel '[id: 0xb30c7316, L:/127.0.0.1:64704 - R:localhost/127.0.0.1:54153]' for 'POST' to 'http://localhost:54153/session/cf225d7652b6d621971c0b5aa24e58c2/element'
05:03:19.886 [Forwarding findElement on session cf225d7652b6d621971c0b5aa24e58c2 to remote] DEBUG org.asynchttpclient.netty.request.NettyRequestSender - Using open Channel [id: 0xb30c7316, L:/127.0.0.1:64704 - R:localhost/127.0.0.1:54153] for POST '/session/cf225d7652b6d621971c0b5aa24e58c2/element'
05:03:19.898 [AsyncHttpClient-1-8] DEBUG org.asynchttpclient.netty.handler.HttpHandler - 

Request DefaultHttpRequest(decodeResult: success, version: HTTP/1.1)
POST /session/cf225d7652b6d621971c0b5aa24e58c2/element HTTP/1.1
User-Agent: selenium/4.1.2 (java windows)
Content-Length: 74
Content-Type: application/json; charset=utf-8
host: localhost:54153
accept: */*

Response DefaultHttpResponse(decodeResult: success, version: HTTP/1.1)
HTTP/1.1 200 OK
Content-Type: application/json; charset=utf-8
cache-control: no-cache
content-length: 88

05:03:19.898 [AsyncHttpClient-1-8] DEBUG org.asynchttpclient.netty.channel.ChannelManager - Adding key: http://localhost:54153 for channel [id: 0xb30c7316, L:/127.0.0.1:64704 - R:localhost/127.0.0.1:54153]
05:03:19.901 [Forwarding clickElement on session cf225d7652b6d621971c0b5aa24e58c2 to remote] DEBUG org.asynchttpclient.netty.request.NettyRequestSender - Using pooled Channel '[id: 0xb30c7316, L:/127.0.0.1:64704 - R:localhost/127.0.0.1:54153]' for 'POST' to 'http://localhost:54153/session/cf225d7652b6d621971c0b5aa24e58c2/element/7b644f74-46fa-42af-96d1-73911a68ef31/click'
05:03:19.901 [Forwarding clickElement on session cf225d7652b6d621971c0b5aa24e58c2 to remote] DEBUG org.asynchttpclient.netty.request.NettyRequestSender - Using open Channel [id: 0xb30c7316, L:/127.0.0.1:64704 - R:localhost/127.0.0.1:54153] for POST '/session/cf225d7652b6d621971c0b5aa24e58c2/element/7b644f74-46fa-42af-96d1-73911a68ef31/click'
05:03:20.058 [AsyncHttpClient-1-8] DEBUG org.asynchttpclient.netty.handler.HttpHandler - 

Request DefaultHttpRequest(decodeResult: success, version: HTTP/1.1)
POST /session/cf225d7652b6d621971c0b5aa24e58c2/element/7b644f74-46fa-42af-96d1-73911a68ef31/click HTTP/1.1
User-Agent: selenium/4.1.2 (java windows)
Content-Length: 50
Content-Type: application/json; charset=utf-8
host: localhost:54153
accept: */*

Response DefaultHttpResponse(decodeResult: success, version: HTTP/1.1)
HTTP/1.1 200 OK
Content-Type: application/json; charset=utf-8
cache-control: no-cache
content-length: 14

05:03:20.058 [AsyncHttpClient-1-8] DEBUG org.asynchttpclient.netty.channel.ChannelManager - Adding key: http://localhost:54153 for channel [id: 0xb30c7316, L:/127.0.0.1:64704 - R:localhost/127.0.0.1:54153]
05:03:20.074 [Forwarding screenshot on session cf225d7652b6d621971c0b5aa24e58c2 to remote] DEBUG org.asynchttpclient.netty.request.NettyRequestSender - Using pooled Channel '[id: 0xb30c7316, L:/127.0.0.1:64704 - R:localhost/127.0.0.1:54153]' for 'GET' to 'http://localhost:54153/session/cf225d7652b6d621971c0b5aa24e58c2/screenshot'
05:03:20.074 [Forwarding screenshot on session cf225d7652b6d621971c0b5aa24e58c2 to remote] DEBUG org.asynchttpclient.netty.request.NettyRequestSender - Using open Channel [id: 0xb30c7316, L:/127.0.0.1:64704 - R:localhost/127.0.0.1:54153] for GET '/session/cf225d7652b6d621971c0b5aa24e58c2/screenshot'
05:03:20.329 [AsyncHttpClient-1-8] DEBUG org.asynchttpclient.netty.handler.HttpHandler - 

Request DefaultFullHttpRequest(decodeResult: success, version: HTTP/1.1, content: EmptyByteBufBE)
GET /session/cf225d7652b6d621971c0b5aa24e58c2/screenshot HTTP/1.1
User-Agent: selenium/4.1.2 (java windows)
Cache-Control: no-cache
Content-Type: application/json; charset=utf-8
host: localhost:54153
accept: */*

Response DefaultHttpResponse(decodeResult: success, version: HTTP/1.1)
HTTP/1.1 200 OK
Content-Type: application/json; charset=utf-8
cache-control: no-cache
content-length: 56504

05:03:20.329 [AsyncHttpClient-1-8] DEBUG org.asynchttpclient.netty.channel.ChannelManager - Adding key: http://localhost:54153 for channel [id: 0xb30c7316, L:/127.0.0.1:64704 - R:localhost/127.0.0.1:54153]
05:03:20.337 [main] DEBUG net.serenitybdd.core.photography.Darkroom - Send negative for processing for target\site\serenity\afdaba35cf5ef4da5cdfc2da6ba377c9389ec2df5e152e370be672376afc5247.png
05:03:20.337 [main] DEBUG net.thucydides.core.steps.StepInterceptor - STEP DONE: toBuildingPage
  &amp#27;[32mWhen &amp#27;[0m&amp#27;[32mI click building on home page&amp#27;[0m                                                  &amp#27;[90m# starter.stepdefenitions.BuildingSteps.iClickBuildingOnHomePage()&amp#27;[0m
05:03:20.375 [main] DEBUG net.thucydides.core.steps.StepInterceptor - STARTING STEP: BuildingSteps.adminClickCreateNewBuilding - clickCreateBuilding
05:03:20.389 [Forwarding findElement on session cf225d7652b6d621971c0b5aa24e58c2 to remote] DEBUG org.asynchttpclient.netty.request.NettyRequestSender - Using pooled Channel '[id: 0xb30c7316, L:/127.0.0.1:64704 - R:localhost/127.0.0.1:54153]' for 'POST' to 'http://localhost:54153/session/cf225d7652b6d621971c0b5aa24e58c2/element'
05:03:20.389 [Forwarding findElement on session cf225d7652b6d621971c0b5aa24e58c2 to remote] DEBUG org.asynchttpclient.netty.request.NettyRequestSender - Using open Channel [id: 0xb30c7316, L:/127.0.0.1:64704 - R:localhost/127.0.0.1:54153] for POST '/session/cf225d7652b6d621971c0b5aa24e58c2/element'
05:03:20.446 [AsyncHttpClient-1-8] DEBUG org.asynchttpclient.netty.handler.HttpHandler - 

Request DefaultHttpRequest(decodeResult: success, version: HTTP/1.1)
POST /session/cf225d7652b6d621971c0b5aa24e58c2/element HTTP/1.1
User-Agent: selenium/4.1.2 (java windows)
Content-Length: 92
Content-Type: application/json; charset=utf-8
host: localhost:54153
accept: */*

Response DefaultHttpResponse(decodeResult: success, version: HTTP/1.1)
HTTP/1.1 200 OK
Content-Type: application/json; charset=utf-8
cache-control: no-cache
content-length: 88

05:03:20.447 [AsyncHttpClient-1-8] DEBUG org.asynchttpclient.netty.channel.ChannelManager - Adding key: http://localhost:54153 for channel [id: 0xb30c7316, L:/127.0.0.1:64704 - R:localhost/127.0.0.1:54153]
05:03:20.451 [Forwarding getElementTagName on session cf225d7652b6d621971c0b5aa24e58c2 to remote] DEBUG org.asynchttpclient.netty.request.NettyRequestSender - Using pooled Channel '[id: 0xb30c7316, L:/127.0.0.1:64704 - R:localhost/127.0.0.1:54153]' for 'GET' to 'http://localhost:54153/session/cf225d7652b6d621971c0b5aa24e58c2/element/8c837a6e-f276-40dc-911d-c1820146f460/name'
05:03:20.451 [Forwarding getElementTagName on session cf225d7652b6d621971c0b5aa24e58c2 to remote] DEBUG org.asynchttpclient.netty.request.NettyRequestSender - Using open Channel [id: 0xb30c7316, L:/127.0.0.1:64704 - R:localhost/127.0.0.1:54153] for GET '/session/cf225d7652b6d621971c0b5aa24e58c2/element/8c837a6e-f276-40dc-911d-c1820146f460/name'
05:03:20.459 [AsyncHttpClient-1-8] DEBUG org.asynchttpclient.netty.handler.HttpHandler - 

Request DefaultFullHttpRequest(decodeResult: success, version: HTTP/1.1, content: EmptyByteBufBE)
GET /session/cf225d7652b6d621971c0b5aa24e58c2/element/8c837a6e-f276-40dc-911d-c1820146f460/name HTTP/1.1
User-Agent: selenium/4.1.2 (java windows)
Cache-Control: no-cache
Content-Type: application/json; charset=utf-8
host: localhost:54153
accept: */*

Response DefaultHttpResponse(decodeResult: success, version: HTTP/1.1)
HTTP/1.1 200 OK
Content-Type: application/json; charset=utf-8
cache-control: no-cache
content-length: 18

05:03:20.460 [AsyncHttpClient-1-8] DEBUG org.asynchttpclient.netty.channel.ChannelManager - Adding key: http://localhost:54153 for channel [id: 0xb30c7316, L:/127.0.0.1:64704 - R:localhost/127.0.0.1:54153]
05:03:20.462 [Forwarding getElementTagName on session cf225d7652b6d621971c0b5aa24e58c2 to remote] DEBUG org.asynchttpclient.netty.request.NettyRequestSender - Using pooled Channel '[id: 0xb30c7316, L:/127.0.0.1:64704 - R:localhost/127.0.0.1:54153]' for 'GET' to 'http://localhost:54153/session/cf225d7652b6d621971c0b5aa24e58c2/element/8c837a6e-f276-40dc-911d-c1820146f460/name'
05:03:20.463 [Forwarding getElementTagName on session cf225d7652b6d621971c0b5aa24e58c2 to remote] DEBUG org.asynchttpclient.netty.request.NettyRequestSender - Using open Channel [id: 0xb30c7316, L:/127.0.0.1:64704 - R:localhost/127.0.0.1:54153] for GET '/session/cf225d7652b6d621971c0b5aa24e58c2/element/8c837a6e-f276-40dc-911d-c1820146f460/name'
05:03:20.469 [AsyncHttpClient-1-8] DEBUG org.asynchttpclient.netty.handler.HttpHandler - 

Request DefaultFullHttpRequest(decodeResult: success, version: HTTP/1.1, content: EmptyByteBufBE)
GET /session/cf225d7652b6d621971c0b5aa24e58c2/element/8c837a6e-f276-40dc-911d-c1820146f460/name HTTP/1.1
User-Agent: selenium/4.1.2 (java windows)
Cache-Control: no-cache
Content-Type: application/json; charset=utf-8
host: localhost:54153
accept: */*

Response DefaultHttpResponse(decodeResult: success, version: HTTP/1.1)
HTTP/1.1 200 OK
Content-Type: application/json; charset=utf-8
cache-control: no-cache
content-length: 18

05:03:20.470 [AsyncHttpClient-1-8] DEBUG org.asynchttpclient.netty.channel.ChannelManager - Adding key: http://localhost:54153 for channel [id: 0xb30c7316, L:/127.0.0.1:64704 - R:localhost/127.0.0.1:54153]
05:03:20.476 [Forwarding isElementEnabled on session cf225d7652b6d621971c0b5aa24e58c2 to remote] DEBUG org.asynchttpclient.netty.request.NettyRequestSender - Using pooled Channel '[id: 0xb30c7316, L:/127.0.0.1:64704 - R:localhost/127.0.0.1:54153]' for 'GET' to 'http://localhost:54153/session/cf225d7652b6d621971c0b5aa24e58c2/element/8c837a6e-f276-40dc-911d-c1820146f460/enabled'
05:03:20.476 [Forwarding isElementEnabled on session cf225d7652b6d621971c0b5aa24e58c2 to remote] DEBUG org.asynchttpclient.netty.request.NettyRequestSender - Using open Channel [id: 0xb30c7316, L:/127.0.0.1:64704 - R:localhost/127.0.0.1:54153] for GET '/session/cf225d7652b6d621971c0b5aa24e58c2/element/8c837a6e-f276-40dc-911d-c1820146f460/enabled'
05:03:20.493 [AsyncHttpClient-1-8] DEBUG org.asynchttpclient.netty.handler.HttpHandler - 

Request DefaultFullHttpRequest(decodeResult: success, version: HTTP/1.1, content: EmptyByteBufBE)
GET /session/cf225d7652b6d621971c0b5aa24e58c2/element/8c837a6e-f276-40dc-911d-c1820146f460/enabled HTTP/1.1
User-Agent: selenium/4.1.2 (java windows)
Cache-Control: no-cache
Content-Type: application/json; charset=utf-8
host: localhost:54153
accept: */*

Response DefaultHttpResponse(decodeResult: success, version: HTTP/1.1)
HTTP/1.1 200 OK
Content-Type: application/json; charset=utf-8
cache-control: no-cache
content-length: 14

05:03:20.493 [AsyncHttpClient-1-8] DEBUG org.asynchttpclient.netty.channel.ChannelManager - Adding key: http://localhost:54153 for channel [id: 0xb30c7316, L:/127.0.0.1:64704 - R:localhost/127.0.0.1:54153]
05:03:20.496 [Forwarding isElementEnabled on session cf225d7652b6d621971c0b5aa24e58c2 to remote] DEBUG org.asynchttpclient.netty.request.NettyRequestSender - Using pooled Channel '[id: 0xb30c7316, L:/127.0.0.1:64704 - R:localhost/127.0.0.1:54153]' for 'GET' to 'http://localhost:54153/session/cf225d7652b6d621971c0b5aa24e58c2/element/8c837a6e-f276-40dc-911d-c1820146f460/enabled'
05:03:20.496 [Forwarding isElementEnabled on session cf225d7652b6d621971c0b5aa24e58c2 to remote] DEBUG org.asynchttpclient.netty.request.NettyRequestSender - Using open Channel [id: 0xb30c7316, L:/127.0.0.1:64704 - R:localhost/127.0.0.1:54153] for GET '/session/cf225d7652b6d621971c0b5aa24e58c2/element/8c837a6e-f276-40dc-911d-c1820146f460/enabled'
05:03:20.510 [AsyncHttpClient-1-8] DEBUG org.asynchttpclient.netty.handler.HttpHandler - 

Request DefaultFullHttpRequest(decodeResult: success, version: HTTP/1.1, content: EmptyByteBufBE)
GET /session/cf225d7652b6d621971c0b5aa24e58c2/element/8c837a6e-f276-40dc-911d-c1820146f460/enabled HTTP/1.1
User-Agent: selenium/4.1.2 (java windows)
Cache-Control: no-cache
Content-Type: application/json; charset=utf-8
host: localhost:54153
accept: */*

Response DefaultHttpResponse(decodeResult: success, version: HTTP/1.1)
HTTP/1.1 200 OK
Content-Type: application/json; charset=utf-8
cache-control: no-cache
content-length: 14

05:03:20.510 [AsyncHttpClient-1-8] DEBUG org.asynchttpclient.netty.channel.ChannelManager - Adding key: http://localhost:54153 for channel [id: 0xb30c7316, L:/127.0.0.1:64704 - R:localhost/127.0.0.1:54153]
05:03:20.515 [Forwarding findElement on session cf225d7652b6d621971c0b5aa24e58c2 to remote] DEBUG org.asynchttpclient.netty.request.NettyRequestSender - Using pooled Channel '[id: 0xb30c7316, L:/127.0.0.1:64704 - R:localhost/127.0.0.1:54153]' for 'POST' to 'http://localhost:54153/session/cf225d7652b6d621971c0b5aa24e58c2/element'
05:03:20.515 [Forwarding findElement on session cf225d7652b6d621971c0b5aa24e58c2 to remote] DEBUG org.asynchttpclient.netty.request.NettyRequestSender - Using open Channel [id: 0xb30c7316, L:/127.0.0.1:64704 - R:localhost/127.0.0.1:54153] for POST '/session/cf225d7652b6d621971c0b5aa24e58c2/element'
05:03:20.531 [AsyncHttpClient-1-8] DEBUG org.asynchttpclient.netty.handler.HttpHandler - 

Request DefaultHttpRequest(decodeResult: success, version: HTTP/1.1)
POST /session/cf225d7652b6d621971c0b5aa24e58c2/element HTTP/1.1
User-Agent: selenium/4.1.2 (java windows)
Content-Length: 92
Content-Type: application/json; charset=utf-8
host: localhost:54153
accept: */*

Response DefaultHttpResponse(decodeResult: success, version: HTTP/1.1)
HTTP/1.1 200 OK
Content-Type: application/json; charset=utf-8
cache-control: no-cache
content-length: 88

05:03:20.531 [AsyncHttpClient-1-8] DEBUG org.asynchttpclient.netty.channel.ChannelManager - Adding key: http://localhost:54153 for channel [id: 0xb30c7316, L:/127.0.0.1:64704 - R:localhost/127.0.0.1:54153]
05:03:20.532 [AsyncHttpClient-1-1] DEBUG org.asynchttpclient.netty.channel.DefaultChannelPool - Entry count for : http://localhost:64705 : 1
05:03:20.532 [AsyncHttpClient-1-1] DEBUG org.asynchttpclient.netty.channel.DefaultChannelPool - Entry count for : http://localhost:54153 : 1
05:03:20.534 [Forwarding clickElement on session cf225d7652b6d621971c0b5aa24e58c2 to remote] DEBUG org.asynchttpclient.netty.request.NettyRequestSender - Using pooled Channel '[id: 0xb30c7316, L:/127.0.0.1:64704 - R:localhost/127.0.0.1:54153]' for 'POST' to 'http://localhost:54153/session/cf225d7652b6d621971c0b5aa24e58c2/element/8c837a6e-f276-40dc-911d-c1820146f460/click'
05:03:20.534 [Forwarding clickElement on session cf225d7652b6d621971c0b5aa24e58c2 to remote] DEBUG org.asynchttpclient.netty.request.NettyRequestSender - Using open Channel [id: 0xb30c7316, L:/127.0.0.1:64704 - R:localhost/127.0.0.1:54153] for POST '/session/cf225d7652b6d621971c0b5aa24e58c2/element/8c837a6e-f276-40dc-911d-c1820146f460/click'
05:03:20.705 [AsyncHttpClient-1-8] DEBUG org.asynchttpclient.netty.handler.HttpHandler - 

Request DefaultHttpRequest(decodeResult: success, version: HTTP/1.1)
POST /session/cf225d7652b6d621971c0b5aa24e58c2/element/8c837a6e-f276-40dc-911d-c1820146f460/click HTTP/1.1
User-Agent: selenium/4.1.2 (java windows)
Content-Length: 50
Content-Type: application/json; charset=utf-8
host: localhost:54153
accept: */*

Response DefaultHttpResponse(decodeResult: success, version: HTTP/1.1)
HTTP/1.1 200 OK
Content-Type: application/json; charset=utf-8
cache-control: no-cache
content-length: 14

05:03:20.706 [AsyncHttpClient-1-8] DEBUG org.asynchttpclient.netty.channel.ChannelManager - Adding key: http://localhost:54153 for channel [id: 0xb30c7316, L:/127.0.0.1:64704 - R:localhost/127.0.0.1:54153]
05:03:20.724 [Forwarding screenshot on session cf225d7652b6d621971c0b5aa24e58c2 to remote] DEBUG org.asynchttpclient.netty.request.NettyRequestSender - Using pooled Channel '[id: 0xb30c7316, L:/127.0.0.1:64704 - R:localhost/127.0.0.1:54153]' for 'GET' to 'http://localhost:54153/session/cf225d7652b6d621971c0b5aa24e58c2/screenshot'
05:03:20.724 [Forwarding screenshot on session cf225d7652b6d621971c0b5aa24e58c2 to remote] DEBUG org.asynchttpclient.netty.request.NettyRequestSender - Using open Channel [id: 0xb30c7316, L:/127.0.0.1:64704 - R:localhost/127.0.0.1:54153] for GET '/session/cf225d7652b6d621971c0b5aa24e58c2/screenshot'
05:03:21.009 [AsyncHttpClient-1-8] DEBUG org.asynchttpclient.netty.handler.HttpHandler - 

Request DefaultFullHttpRequest(decodeResult: success, version: HTTP/1.1, content: EmptyByteBufBE)
GET /session/cf225d7652b6d621971c0b5aa24e58c2/screenshot HTTP/1.1
User-Agent: selenium/4.1.2 (java windows)
Cache-Control: no-cache
Content-Type: application/json; charset=utf-8
host: localhost:54153
accept: */*

Response DefaultHttpResponse(decodeResult: success, version: HTTP/1.1)
HTTP/1.1 200 OK
Content-Type: application/json; charset=utf-8
cache-control: no-cache
content-length: 65948

05:03:21.010 [AsyncHttpClient-1-8] DEBUG org.asynchttpclient.netty.channel.ChannelManager - Adding key: http://localhost:54153 for channel [id: 0xb30c7316, L:/127.0.0.1:64704 - R:localhost/127.0.0.1:54153]
05:03:21.017 [main] DEBUG net.serenitybdd.core.photography.Darkroom - Send negative for processing for target\site\serenity\5c83d39dd64dd3ab66d2ba48c2b9308bccf03fcaa28f3e8341e115ceead84064.png
05:03:21.018 [main] DEBUG net.thucydides.core.steps.StepInterceptor - STEP DONE: clickCreateBuilding
  &amp#27;[32mAnd &amp#27;[0m&amp#27;[32madmin click create new building&amp#27;[0m                                                 &amp#27;[90m# starter.stepdefenitions.BuildingSteps.adminClickCreateNewBuilding()&amp#27;[0m
05:03:21.052 [main] DEBUG net.thucydides.core.steps.StepInterceptor - STARTING STEP: BuildingSteps.adminFillNameBuilding - fillNameBuilding
05:03:21.060 [Forwarding findElement on session cf225d7652b6d621971c0b5aa24e58c2 to remote] DEBUG org.asynchttpclient.netty.request.NettyRequestSender - Using pooled Channel '[id: 0xb30c7316, L:/127.0.0.1:64704 - R:localhost/127.0.0.1:54153]' for 'POST' to 'http://localhost:54153/session/cf225d7652b6d621971c0b5aa24e58c2/element'
05:03:21.061 [Forwarding findElement on session cf225d7652b6d621971c0b5aa24e58c2 to remote] DEBUG org.asynchttpclient.netty.request.NettyRequestSender - Using open Channel [id: 0xb30c7316, L:/127.0.0.1:64704 - R:localhost/127.0.0.1:54153] for POST '/session/cf225d7652b6d621971c0b5aa24e58c2/element'
05:03:21.086 [AsyncHttpClient-1-8] DEBUG org.asynchttpclient.netty.handler.HttpHandler - 

Request DefaultHttpRequest(decodeResult: success, version: HTTP/1.1)
POST /session/cf225d7652b6d621971c0b5aa24e58c2/element HTTP/1.1
User-Agent: selenium/4.1.2 (java windows)
Content-Length: 115
Content-Type: application/json; charset=utf-8
host: localhost:54153
accept: */*

Response DefaultHttpResponse(decodeResult: success, version: HTTP/1.1)
HTTP/1.1 200 OK
Content-Type: application/json; charset=utf-8
cache-control: no-cache
content-length: 88

05:03:21.087 [AsyncHttpClient-1-8] DEBUG org.asynchttpclient.netty.channel.ChannelManager - Adding key: http://localhost:54153 for channel [id: 0xb30c7316, L:/127.0.0.1:64704 - R:localhost/127.0.0.1:54153]
05:03:21.089 [Forwarding clearElement on session cf225d7652b6d621971c0b5aa24e58c2 to remote] DEBUG org.asynchttpclient.netty.request.NettyRequestSender - Using pooled Channel '[id: 0xb30c7316, L:/127.0.0.1:64704 - R:localhost/127.0.0.1:54153]' for 'POST' to 'http://localhost:54153/session/cf225d7652b6d621971c0b5aa24e58c2/element/a116ae53-fee6-463d-bb98-6112b0dac993/clear'
05:03:21.089 [Forwarding clearElement on session cf225d7652b6d621971c0b5aa24e58c2 to remote] DEBUG org.asynchttpclient.netty.request.NettyRequestSender - Using open Channel [id: 0xb30c7316, L:/127.0.0.1:64704 - R:localhost/127.0.0.1:54153] for POST '/session/cf225d7652b6d621971c0b5aa24e58c2/element/a116ae53-fee6-463d-bb98-6112b0dac993/clear'
05:03:21.188 [AsyncHttpClient-1-8] DEBUG org.asynchttpclient.netty.handler.HttpHandler - 

Request DefaultHttpRequest(decodeResult: success, version: HTTP/1.1)
POST /session/cf225d7652b6d621971c0b5aa24e58c2/element/a116ae53-fee6-463d-bb98-6112b0dac993/clear HTTP/1.1
User-Agent: selenium/4.1.2 (java windows)
Content-Length: 50
Content-Type: application/json; charset=utf-8
host: localhost:54153
accept: */*

Response DefaultHttpResponse(decodeResult: success, version: HTTP/1.1)
HTTP/1.1 200 OK
Content-Type: application/json; charset=utf-8
cache-control: no-cache
content-length: 14

05:03:21.188 [AsyncHttpClient-1-8] DEBUG org.asynchttpclient.netty.channel.ChannelManager - Adding key: http://localhost:54153 for channel [id: 0xb30c7316, L:/127.0.0.1:64704 - R:localhost/127.0.0.1:54153]
05:03:21.193 [Forwarding sendKeysToElement on session cf225d7652b6d621971c0b5aa24e58c2 to remote] DEBUG org.asynchttpclient.netty.request.NettyRequestSender - Using pooled Channel '[id: 0xb30c7316, L:/127.0.0.1:64704 - R:localhost/127.0.0.1:54153]' for 'POST' to 'http://localhost:54153/session/cf225d7652b6d621971c0b5aa24e58c2/element/a116ae53-fee6-463d-bb98-6112b0dac993/value'
05:03:21.193 [Forwarding sendKeysToElement on session cf225d7652b6d621971c0b5aa24e58c2 to remote] DEBUG org.asynchttpclient.netty.request.NettyRequestSender - Using open Channel [id: 0xb30c7316, L:/127.0.0.1:64704 - R:localhost/127.0.0.1:54153] for POST '/session/cf225d7652b6d621971c0b5aa24e58c2/element/a116ae53-fee6-463d-bb98-6112b0dac993/value'
05:03:21.607 [AsyncHttpClient-1-8] DEBUG org.asynchttpclient.netty.handler.HttpHandler - 

Request DefaultHttpRequest(decodeResult: success, version: HTTP/1.1)
POST /session/cf225d7652b6d621971c0b5aa24e58c2/element/a116ae53-fee6-463d-bb98-6112b0dac993/value HTTP/1.1
User-Agent: selenium/4.1.2 (java windows)
Content-Length: 291
Content-Type: application/json; charset=utf-8
host: localhost:54153
accept: */*

Response DefaultHttpResponse(decodeResult: success, version: HTTP/1.1)
HTTP/1.1 200 OK
Content-Type: application/json; charset=utf-8
cache-control: no-cache
content-length: 14

05:03:21.607 [AsyncHttpClient-1-8] DEBUG org.asynchttpclient.netty.channel.ChannelManager - Adding key: http://localhost:54153 for channel [id: 0xb30c7316, L:/127.0.0.1:64704 - R:localhost/127.0.0.1:54153]
05:03:21.623 [Forwarding screenshot on session cf225d7652b6d621971c0b5aa24e58c2 to remote] DEBUG org.asynchttpclient.netty.request.NettyRequestSender - Using pooled Channel '[id: 0xb30c7316, L:/127.0.0.1:64704 - R:localhost/127.0.0.1:54153]' for 'GET' to 'http://localhost:54153/session/cf225d7652b6d621971c0b5aa24e58c2/screenshot'
05:03:21.623 [Forwarding screenshot on session cf225d7652b6d621971c0b5aa24e58c2 to remote] DEBUG org.asynchttpclient.netty.request.NettyRequestSender - Using open Channel [id: 0xb30c7316, L:/127.0.0.1:64704 - R:localhost/127.0.0.1:54153] for GET '/session/cf225d7652b6d621971c0b5aa24e58c2/screenshot'
05:03:21.641 [AsyncHttpClient-1-1] DEBUG org.asynchttpclient.netty.channel.DefaultChannelPool - Entry count for : http://localhost:64705 : 1
05:03:21.908 [AsyncHttpClient-1-8] DEBUG org.asynchttpclient.netty.handler.HttpHandler - 

Request DefaultFullHttpRequest(decodeResult: success, version: HTTP/1.1, content: EmptyByteBufBE)
GET /session/cf225d7652b6d621971c0b5aa24e58c2/screenshot HTTP/1.1
User-Agent: selenium/4.1.2 (java windows)
Cache-Control: no-cache
Content-Type: application/json; charset=utf-8
host: localhost:54153
accept: */*

Response DefaultHttpResponse(decodeResult: success, version: HTTP/1.1)
HTTP/1.1 200 OK
Content-Type: application/json; charset=utf-8
cache-control: no-cache
content-length: 68024

05:03:21.909 [AsyncHttpClient-1-8] DEBUG org.asynchttpclient.netty.channel.ChannelManager - Adding key: http://localhost:54153 for channel [id: 0xb30c7316, L:/127.0.0.1:64704 - R:localhost/127.0.0.1:54153]
05:03:21.916 [main] DEBUG net.serenitybdd.core.photography.Darkroom - Send negative for processing for target\site\serenity\2ce5e56dfe4dcd0ca158a6da664d345d8dc91245a12f6caa3e4c1e295dfb3fc0.png
05:03:21.917 [main] DEBUG net.thucydides.core.steps.StepInterceptor - STEP DONE: fillNameBuilding
  &amp#27;[32mAnd &amp#27;[0m&amp#27;[32madmin fill name building&amp#27;[0m                                                        &amp#27;[90m# starter.stepdefenitions.BuildingSteps.adminFillNameBuilding()&amp#27;[0m
05:03:21.950 [main] DEBUG net.thucydides.core.steps.StepInterceptor - STARTING STEP: BuildingSteps.adminChooseComplex - chooseExistingComplex
05:03:21.958 [Forwarding findElement on session cf225d7652b6d621971c0b5aa24e58c2 to remote] DEBUG org.asynchttpclient.netty.request.NettyRequestSender - Using pooled Channel '[id: 0xb30c7316, L:/127.0.0.1:64704 - R:localhost/127.0.0.1:54153]' for 'POST' to 'http://localhost:54153/session/cf225d7652b6d621971c0b5aa24e58c2/element'
05:03:21.959 [Forwarding findElement on session cf225d7652b6d621971c0b5aa24e58c2 to remote] DEBUG org.asynchttpclient.netty.request.NettyRequestSender - Using open Channel [id: 0xb30c7316, L:/127.0.0.1:64704 - R:localhost/127.0.0.1:54153] for POST '/session/cf225d7652b6d621971c0b5aa24e58c2/element'
05:03:21.985 [AsyncHttpClient-1-8] DEBUG org.asynchttpclient.netty.handler.HttpHandler - 

Request DefaultHttpRequest(decodeResult: success, version: HTTP/1.1)
POST /session/cf225d7652b6d621971c0b5aa24e58c2/element HTTP/1.1
User-Agent: selenium/4.1.2 (java windows)
Content-Length: 145
Content-Type: application/json; charset=utf-8
host: localhost:54153
accept: */*

Response DefaultHttpResponse(decodeResult: success, version: HTTP/1.1)
HTTP/1.1 200 OK
Content-Type: application/json; charset=utf-8
cache-control: no-cache
content-length: 88

05:03:21.986 [AsyncHttpClient-1-8] DEBUG org.asynchttpclient.netty.channel.ChannelManager - Adding key: http://localhost:54153 for channel [id: 0xb30c7316, L:/127.0.0.1:64704 - R:localhost/127.0.0.1:54153]
05:03:21.989 [Forwarding getElementTagName on session cf225d7652b6d621971c0b5aa24e58c2 to remote] DEBUG org.asynchttpclient.netty.request.NettyRequestSender - Using pooled Channel '[id: 0xb30c7316, L:/127.0.0.1:64704 - R:localhost/127.0.0.1:54153]' for 'GET' to 'http://localhost:54153/session/cf225d7652b6d621971c0b5aa24e58c2/element/6468a1fa-dd67-4df0-9640-5c2f33d5ad2d/name'
05:03:21.989 [Forwarding getElementTagName on session cf225d7652b6d621971c0b5aa24e58c2 to remote] DEBUG org.asynchttpclient.netty.request.NettyRequestSender - Using open Channel [id: 0xb30c7316, L:/127.0.0.1:64704 - R:localhost/127.0.0.1:54153] for GET '/session/cf225d7652b6d621971c0b5aa24e58c2/element/6468a1fa-dd67-4df0-9640-5c2f33d5ad2d/name'
05:03:22.033 [AsyncHttpClient-1-8] DEBUG org.asynchttpclient.netty.handler.HttpHandler - 

Request DefaultFullHttpRequest(decodeResult: success, version: HTTP/1.1, content: EmptyByteBufBE)
GET /session/cf225d7652b6d621971c0b5aa24e58c2/element/6468a1fa-dd67-4df0-9640-5c2f33d5ad2d/name HTTP/1.1
User-Agent: selenium/4.1.2 (java windows)
Cache-Control: no-cache
Content-Type: application/json; charset=utf-8
host: localhost:54153
accept: */*

Response DefaultHttpResponse(decodeResult: success, version: HTTP/1.1)
HTTP/1.1 200 OK
Content-Type: application/json; charset=utf-8
cache-control: no-cache
content-length: 18

05:03:22.034 [AsyncHttpClient-1-8] DEBUG org.asynchttpclient.netty.channel.ChannelManager - Adding key: http://localhost:54153 for channel [id: 0xb30c7316, L:/127.0.0.1:64704 - R:localhost/127.0.0.1:54153]
05:03:22.037 [Forwarding getElementTagName on session cf225d7652b6d621971c0b5aa24e58c2 to remote] DEBUG org.asynchttpclient.netty.request.NettyRequestSender - Using pooled Channel '[id: 0xb30c7316, L:/127.0.0.1:64704 - R:localhost/127.0.0.1:54153]' for 'GET' to 'http://localhost:54153/session/cf225d7652b6d621971c0b5aa24e58c2/element/6468a1fa-dd67-4df0-9640-5c2f33d5ad2d/name'
05:03:22.037 [Forwarding getElementTagName on session cf225d7652b6d621971c0b5aa24e58c2 to remote] DEBUG org.asynchttpclient.netty.request.NettyRequestSender - Using open Channel [id: 0xb30c7316, L:/127.0.0.1:64704 - R:localhost/127.0.0.1:54153] for GET '/session/cf225d7652b6d621971c0b5aa24e58c2/element/6468a1fa-dd67-4df0-9640-5c2f33d5ad2d/name'
05:03:22.055 [AsyncHttpClient-1-8] DEBUG org.asynchttpclient.netty.handler.HttpHandler - 

Request DefaultFullHttpRequest(decodeResult: success, version: HTTP/1.1, content: EmptyByteBufBE)
GET /session/cf225d7652b6d621971c0b5aa24e58c2/element/6468a1fa-dd67-4df0-9640-5c2f33d5ad2d/name HTTP/1.1
User-Agent: selenium/4.1.2 (java windows)
Cache-Control: no-cache
Content-Type: application/json; charset=utf-8
host: localhost:54153
accept: */*

Response DefaultHttpResponse(decodeResult: success, version: HTTP/1.1)
HTTP/1.1 200 OK
Content-Type: application/json; charset=utf-8
cache-control: no-cache
content-length: 18

05:03:22.055 [AsyncHttpClient-1-8] DEBUG org.asynchttpclient.netty.channel.ChannelManager - Adding key: http://localhost:54153 for channel [id: 0xb30c7316, L:/127.0.0.1:64704 - R:localhost/127.0.0.1:54153]
05:03:22.061 [Forwarding isElementEnabled on session cf225d7652b6d621971c0b5aa24e58c2 to remote] DEBUG org.asynchttpclient.netty.request.NettyRequestSender - Using pooled Channel '[id: 0xb30c7316, L:/127.0.0.1:64704 - R:localhost/127.0.0.1:54153]' for 'GET' to 'http://localhost:54153/session/cf225d7652b6d621971c0b5aa24e58c2/element/6468a1fa-dd67-4df0-9640-5c2f33d5ad2d/enabled'
05:03:22.061 [Forwarding isElementEnabled on session cf225d7652b6d621971c0b5aa24e58c2 to remote] DEBUG org.asynchttpclient.netty.request.NettyRequestSender - Using open Channel [id: 0xb30c7316, L:/127.0.0.1:64704 - R:localhost/127.0.0.1:54153] for GET '/session/cf225d7652b6d621971c0b5aa24e58c2/element/6468a1fa-dd67-4df0-9640-5c2f33d5ad2d/enabled'
05:03:22.083 [AsyncHttpClient-1-8] DEBUG org.asynchttpclient.netty.handler.HttpHandler - 

Request DefaultFullHttpRequest(decodeResult: success, version: HTTP/1.1, content: EmptyByteBufBE)
GET /session/cf225d7652b6d621971c0b5aa24e58c2/element/6468a1fa-dd67-4df0-9640-5c2f33d5ad2d/enabled HTTP/1.1
User-Agent: selenium/4.1.2 (java windows)
Cache-Control: no-cache
Content-Type: application/json; charset=utf-8
host: localhost:54153
accept: */*

Response DefaultHttpResponse(decodeResult: success, version: HTTP/1.1)
HTTP/1.1 200 OK
Content-Type: application/json; charset=utf-8
cache-control: no-cache
content-length: 14

05:03:22.083 [AsyncHttpClient-1-8] DEBUG org.asynchttpclient.netty.channel.ChannelManager - Adding key: http://localhost:54153 for channel [id: 0xb30c7316, L:/127.0.0.1:64704 - R:localhost/127.0.0.1:54153]
05:03:22.098 [Forwarding isElementEnabled on session cf225d7652b6d621971c0b5aa24e58c2 to remote] DEBUG org.asynchttpclient.netty.request.NettyRequestSender - Using pooled Channel '[id: 0xb30c7316, L:/127.0.0.1:64704 - R:localhost/127.0.0.1:54153]' for 'GET' to 'http://localhost:54153/session/cf225d7652b6d621971c0b5aa24e58c2/element/6468a1fa-dd67-4df0-9640-5c2f33d5ad2d/enabled'
05:03:22.098 [Forwarding isElementEnabled on session cf225d7652b6d621971c0b5aa24e58c2 to remote] DEBUG org.asynchttpclient.netty.request.NettyRequestSender - Using open Channel [id: 0xb30c7316, L:/127.0.0.1:64704 - R:localhost/127.0.0.1:54153] for GET '/session/cf225d7652b6d621971c0b5aa24e58c2/element/6468a1fa-dd67-4df0-9640-5c2f33d5ad2d/enabled'
05:03:22.131 [AsyncHttpClient-1-8] DEBUG org.asynchttpclient.netty.handler.HttpHandler - 

Request DefaultFullHttpRequest(decodeResult: success, version: HTTP/1.1, content: EmptyByteBufBE)
GET /session/cf225d7652b6d621971c0b5aa24e58c2/element/6468a1fa-dd67-4df0-9640-5c2f33d5ad2d/enabled HTTP/1.1
User-Agent: selenium/4.1.2 (java windows)
Cache-Control: no-cache
Content-Type: application/json; charset=utf-8
host: localhost:54153
accept: */*

Response DefaultHttpResponse(decodeResult: success, version: HTTP/1.1)
HTTP/1.1 200 OK
Content-Type: application/json; charset=utf-8
cache-control: no-cache
content-length: 14

05:03:22.131 [AsyncHttpClient-1-8] DEBUG org.asynchttpclient.netty.channel.ChannelManager - Adding key: http://localhost:54153 for channel [id: 0xb30c7316, L:/127.0.0.1:64704 - R:localhost/127.0.0.1:54153]
05:03:22.136 [Forwarding findElement on session cf225d7652b6d621971c0b5aa24e58c2 to remote] DEBUG org.asynchttpclient.netty.request.NettyRequestSender - Using pooled Channel '[id: 0xb30c7316, L:/127.0.0.1:64704 - R:localhost/127.0.0.1:54153]' for 'POST' to 'http://localhost:54153/session/cf225d7652b6d621971c0b5aa24e58c2/element'
05:03:22.136 [Forwarding findElement on session cf225d7652b6d621971c0b5aa24e58c2 to remote] DEBUG org.asynchttpclient.netty.request.NettyRequestSender - Using open Channel [id: 0xb30c7316, L:/127.0.0.1:64704 - R:localhost/127.0.0.1:54153] for POST '/session/cf225d7652b6d621971c0b5aa24e58c2/element'
05:03:22.162 [AsyncHttpClient-1-8] DEBUG org.asynchttpclient.netty.handler.HttpHandler - 

Request DefaultHttpRequest(decodeResult: success, version: HTTP/1.1)
POST /session/cf225d7652b6d621971c0b5aa24e58c2/element HTTP/1.1
User-Agent: selenium/4.1.2 (java windows)
Content-Length: 145
Content-Type: application/json; charset=utf-8
host: localhost:54153
accept: */*

Response DefaultHttpResponse(decodeResult: success, version: HTTP/1.1)
HTTP/1.1 200 OK
Content-Type: application/json; charset=utf-8
cache-control: no-cache
content-length: 88

05:03:22.162 [AsyncHttpClient-1-8] DEBUG org.asynchttpclient.netty.channel.ChannelManager - Adding key: http://localhost:54153 for channel [id: 0xb30c7316, L:/127.0.0.1:64704 - R:localhost/127.0.0.1:54153]
05:03:22.167 [Forwarding getElementTagName on session cf225d7652b6d621971c0b5aa24e58c2 to remote] DEBUG org.asynchttpclient.netty.request.NettyRequestSender - Using pooled Channel '[id: 0xb30c7316, L:/127.0.0.1:64704 - R:localhost/127.0.0.1:54153]' for 'GET' to 'http://localhost:54153/session/cf225d7652b6d621971c0b5aa24e58c2/element/6468a1fa-dd67-4df0-9640-5c2f33d5ad2d/name'
05:03:22.167 [Forwarding getElementTagName on session cf225d7652b6d621971c0b5aa24e58c2 to remote] DEBUG org.asynchttpclient.netty.request.NettyRequestSender - Using open Channel [id: 0xb30c7316, L:/127.0.0.1:64704 - R:localhost/127.0.0.1:54153] for GET '/session/cf225d7652b6d621971c0b5aa24e58c2/element/6468a1fa-dd67-4df0-9640-5c2f33d5ad2d/name'
05:03:22.175 [AsyncHttpClient-1-8] DEBUG org.asynchttpclient.netty.handler.HttpHandler - 

Request DefaultFullHttpRequest(decodeResult: success, version: HTTP/1.1, content: EmptyByteBufBE)
GET /session/cf225d7652b6d621971c0b5aa24e58c2/element/6468a1fa-dd67-4df0-9640-5c2f33d5ad2d/name HTTP/1.1
User-Agent: selenium/4.1.2 (java windows)
Cache-Control: no-cache
Content-Type: application/json; charset=utf-8
host: localhost:54153
accept: */*

Response DefaultHttpResponse(decodeResult: success, version: HTTP/1.1)
HTTP/1.1 200 OK
Content-Type: application/json; charset=utf-8
cache-control: no-cache
content-length: 18

05:03:22.175 [AsyncHttpClient-1-8] DEBUG org.asynchttpclient.netty.channel.ChannelManager - Adding key: http://localhost:54153 for channel [id: 0xb30c7316, L:/127.0.0.1:64704 - R:localhost/127.0.0.1:54153]
05:03:22.177 [Forwarding getElementDomAttribute on session cf225d7652b6d621971c0b5aa24e58c2 to remote] DEBUG org.asynchttpclient.netty.request.NettyRequestSender - Using pooled Channel '[id: 0xb30c7316, L:/127.0.0.1:64704 - R:localhost/127.0.0.1:54153]' for 'GET' to 'http://localhost:54153/session/cf225d7652b6d621971c0b5aa24e58c2/element/6468a1fa-dd67-4df0-9640-5c2f33d5ad2d/attribute/multiple'
05:03:22.177 [Forwarding getElementDomAttribute on session cf225d7652b6d621971c0b5aa24e58c2 to remote] DEBUG org.asynchttpclient.netty.request.NettyRequestSender - Using open Channel [id: 0xb30c7316, L:/127.0.0.1:64704 - R:localhost/127.0.0.1:54153] for GET '/session/cf225d7652b6d621971c0b5aa24e58c2/element/6468a1fa-dd67-4df0-9640-5c2f33d5ad2d/attribute/multiple'
05:03:22.189 [AsyncHttpClient-1-8] DEBUG org.asynchttpclient.netty.handler.HttpHandler - 

Request DefaultFullHttpRequest(decodeResult: success, version: HTTP/1.1, content: EmptyByteBufBE)
GET /session/cf225d7652b6d621971c0b5aa24e58c2/element/6468a1fa-dd67-4df0-9640-5c2f33d5ad2d/attribute/multiple HTTP/1.1
User-Agent: selenium/4.1.2 (java windows)
Cache-Control: no-cache
Content-Type: application/json; charset=utf-8
host: localhost:54153
accept: */*

Response DefaultHttpResponse(decodeResult: success, version: HTTP/1.1)
HTTP/1.1 200 OK
Content-Type: application/json; charset=utf-8
cache-control: no-cache
content-length: 14

05:03:22.189 [AsyncHttpClient-1-8] DEBUG org.asynchttpclient.netty.channel.ChannelManager - Adding key: http://localhost:54153 for channel [id: 0xb30c7316, L:/127.0.0.1:64704 - R:localhost/127.0.0.1:54153]
05:03:22.191 [Forwarding findChildElements on session cf225d7652b6d621971c0b5aa24e58c2 to remote] DEBUG org.asynchttpclient.netty.request.NettyRequestSender - Using pooled Channel '[id: 0xb30c7316, L:/127.0.0.1:64704 - R:localhost/127.0.0.1:54153]' for 'POST' to 'http://localhost:54153/session/cf225d7652b6d621971c0b5aa24e58c2/element/6468a1fa-dd67-4df0-9640-5c2f33d5ad2d/elements'
05:03:22.191 [Forwarding findChildElements on session cf225d7652b6d621971c0b5aa24e58c2 to remote] DEBUG org.asynchttpclient.netty.request.NettyRequestSender - Using open Channel [id: 0xb30c7316, L:/127.0.0.1:64704 - R:localhost/127.0.0.1:54153] for POST '/session/cf225d7652b6d621971c0b5aa24e58c2/element/6468a1fa-dd67-4df0-9640-5c2f33d5ad2d/elements'
05:03:22.228 [AsyncHttpClient-1-8] DEBUG org.asynchttpclient.netty.handler.HttpHandler - 

Request DefaultHttpRequest(decodeResult: success, version: HTTP/1.1)
POST /session/cf225d7652b6d621971c0b5aa24e58c2/element/6468a1fa-dd67-4df0-9640-5c2f33d5ad2d/elements HTTP/1.1
User-Agent: selenium/4.1.2 (java windows)
Content-Length: 147
Content-Type: application/json; charset=utf-8
host: localhost:54153
accept: */*

Response DefaultHttpResponse(decodeResult: success, version: HTTP/1.1)
HTTP/1.1 200 OK
Content-Type: application/json; charset=utf-8
cache-control: no-cache
content-length: 90

05:03:22.228 [AsyncHttpClient-1-8] DEBUG org.asynchttpclient.netty.channel.ChannelManager - Adding key: http://localhost:54153 for channel [id: 0xb30c7316, L:/127.0.0.1:64704 - R:localhost/127.0.0.1:54153]
05:03:22.231 [Forwarding isElementSelected on session cf225d7652b6d621971c0b5aa24e58c2 to remote] DEBUG org.asynchttpclient.netty.request.NettyRequestSender - Using pooled Channel '[id: 0xb30c7316, L:/127.0.0.1:64704 - R:localhost/127.0.0.1:54153]' for 'GET' to 'http://localhost:54153/session/cf225d7652b6d621971c0b5aa24e58c2/element/96d38a61-c21c-4dbd-95b0-e8671addff1a/selected'
05:03:22.231 [Forwarding isElementSelected on session cf225d7652b6d621971c0b5aa24e58c2 to remote] DEBUG org.asynchttpclient.netty.request.NettyRequestSender - Using open Channel [id: 0xb30c7316, L:/127.0.0.1:64704 - R:localhost/127.0.0.1:54153] for GET '/session/cf225d7652b6d621971c0b5aa24e58c2/element/96d38a61-c21c-4dbd-95b0-e8671addff1a/selected'
05:03:22.250 [AsyncHttpClient-1-8] DEBUG org.asynchttpclient.netty.handler.HttpHandler - 

Request DefaultFullHttpRequest(decodeResult: success, version: HTTP/1.1, content: EmptyByteBufBE)
GET /session/cf225d7652b6d621971c0b5aa24e58c2/element/96d38a61-c21c-4dbd-95b0-e8671addff1a/selected HTTP/1.1
User-Agent: selenium/4.1.2 (java windows)
Cache-Control: no-cache
Content-Type: application/json; charset=utf-8
host: localhost:54153
accept: */*

Response DefaultHttpResponse(decodeResult: success, version: HTTP/1.1)
HTTP/1.1 200 OK
Content-Type: application/json; charset=utf-8
cache-control: no-cache
content-length: 15

05:03:22.251 [AsyncHttpClient-1-8] DEBUG org.asynchttpclient.netty.channel.ChannelManager - Adding key: http://localhost:54153 for channel [id: 0xb30c7316, L:/127.0.0.1:64704 - R:localhost/127.0.0.1:54153]
05:03:22.254 [Forwarding clickElement on session cf225d7652b6d621971c0b5aa24e58c2 to remote] DEBUG org.asynchttpclient.netty.request.NettyRequestSender - Using pooled Channel '[id: 0xb30c7316, L:/127.0.0.1:64704 - R:localhost/127.0.0.1:54153]' for 'POST' to 'http://localhost:54153/session/cf225d7652b6d621971c0b5aa24e58c2/element/96d38a61-c21c-4dbd-95b0-e8671addff1a/click'
05:03:22.254 [Forwarding clickElement on session cf225d7652b6d621971c0b5aa24e58c2 to remote] DEBUG org.asynchttpclient.netty.request.NettyRequestSender - Using open Channel [id: 0xb30c7316, L:/127.0.0.1:64704 - R:localhost/127.0.0.1:54153] for POST '/session/cf225d7652b6d621971c0b5aa24e58c2/element/96d38a61-c21c-4dbd-95b0-e8671addff1a/click'
05:03:22.344 [AsyncHttpClient-1-8] DEBUG org.asynchttpclient.netty.handler.HttpHandler - 

Request DefaultHttpRequest(decodeResult: success, version: HTTP/1.1)
POST /session/cf225d7652b6d621971c0b5aa24e58c2/element/96d38a61-c21c-4dbd-95b0-e8671addff1a/click HTTP/1.1
User-Agent: selenium/4.1.2 (java windows)
Content-Length: 50
Content-Type: application/json; charset=utf-8
host: localhost:54153
accept: */*

Response DefaultHttpResponse(decodeResult: success, version: HTTP/1.1)
HTTP/1.1 200 OK
Content-Type: application/json; charset=utf-8
cache-control: no-cache
content-length: 14

05:03:22.345 [AsyncHttpClient-1-8] DEBUG org.asynchttpclient.netty.channel.ChannelManager - Adding key: http://localhost:54153 for channel [id: 0xb30c7316, L:/127.0.0.1:64704 - R:localhost/127.0.0.1:54153]
05:03:22.362 [Forwarding screenshot on session cf225d7652b6d621971c0b5aa24e58c2 to remote] DEBUG org.asynchttpclient.netty.request.NettyRequestSender - Using pooled Channel '[id: 0xb30c7316, L:/127.0.0.1:64704 - R:localhost/127.0.0.1:54153]' for 'GET' to 'http://localhost:54153/session/cf225d7652b6d621971c0b5aa24e58c2/screenshot'
05:03:22.362 [Forwarding screenshot on session cf225d7652b6d621971c0b5aa24e58c2 to remote] DEBUG org.asynchttpclient.netty.request.NettyRequestSender - Using open Channel [id: 0xb30c7316, L:/127.0.0.1:64704 - R:localhost/127.0.0.1:54153] for GET '/session/cf225d7652b6d621971c0b5aa24e58c2/screenshot'
05:03:22.639 [AsyncHttpClient-1-8] DEBUG org.asynchttpclient.netty.handler.HttpHandler - 

Request DefaultFullHttpRequest(decodeResult: success, version: HTTP/1.1, content: EmptyByteBufBE)
GET /session/cf225d7652b6d621971c0b5aa24e58c2/screenshot HTTP/1.1
User-Agent: selenium/4.1.2 (java windows)
Cache-Control: no-cache
Content-Type: application/json; charset=utf-8
host: localhost:54153
accept: */*

Response DefaultHttpResponse(decodeResult: success, version: HTTP/1.1)
HTTP/1.1 200 OK
Content-Type: application/json; charset=utf-8
cache-control: no-cache
content-length: 68804

05:03:22.640 [AsyncHttpClient-1-8] DEBUG org.asynchttpclient.netty.channel.ChannelManager - Adding key: http://localhost:54153 for channel [id: 0xb30c7316, L:/127.0.0.1:64704 - R:localhost/127.0.0.1:54153]
05:03:22.648 [main] DEBUG net.serenitybdd.core.photography.Darkroom - Send negative for processing for target\site\serenity\cb6c1251e873a576dbf0f12f35e5798f439765b6e022510e8773dcc1f8dde601.png
05:03:22.649 [main] DEBUG net.thucydides.core.steps.StepInterceptor - STEP DONE: chooseExistingComplex
  &amp#27;[32mAnd &amp#27;[0m&amp#27;[32madmin choose complex&amp#27;[0m                                                            &amp#27;[90m# starter.stepdefenitions.BuildingSteps.adminChooseComplex()&amp#27;[0m
05:03:22.679 [main] DEBUG net.thucydides.core.steps.StepInterceptor - STARTING STEP: BuildingSteps.adminFillAddressBuilding - fillAddressBuilding
05:03:22.687 [Forwarding findElement on session cf225d7652b6d621971c0b5aa24e58c2 to remote] DEBUG org.asynchttpclient.netty.request.NettyRequestSender - Using pooled Channel '[id: 0xb30c7316, L:/127.0.0.1:64704 - R:localhost/127.0.0.1:54153]' for 'POST' to 'http://localhost:54153/session/cf225d7652b6d621971c0b5aa24e58c2/element'
05:03:22.687 [Forwarding findElement on session cf225d7652b6d621971c0b5aa24e58c2 to remote] DEBUG org.asynchttpclient.netty.request.NettyRequestSender - Using open Channel [id: 0xb30c7316, L:/127.0.0.1:64704 - R:localhost/127.0.0.1:54153] for POST '/session/cf225d7652b6d621971c0b5aa24e58c2/element'
05:03:22.713 [AsyncHttpClient-1-8] DEBUG org.asynchttpclient.netty.handler.HttpHandler - 

Request DefaultHttpRequest(decodeResult: success, version: HTTP/1.1)
POST /session/cf225d7652b6d621971c0b5aa24e58c2/element HTTP/1.1
User-Agent: selenium/4.1.2 (java windows)
Content-Length: 115
Content-Type: application/json; charset=utf-8
host: localhost:54153
accept: */*

Response DefaultHttpResponse(decodeResult: success, version: HTTP/1.1)
HTTP/1.1 200 OK
Content-Type: application/json; charset=utf-8
cache-control: no-cache
content-length: 88

05:03:22.713 [AsyncHttpClient-1-8] DEBUG org.asynchttpclient.netty.channel.ChannelManager - Adding key: http://localhost:54153 for channel [id: 0xb30c7316, L:/127.0.0.1:64704 - R:localhost/127.0.0.1:54153]
05:03:22.717 [Forwarding clearElement on session cf225d7652b6d621971c0b5aa24e58c2 to remote] DEBUG org.asynchttpclient.netty.request.NettyRequestSender - Using pooled Channel '[id: 0xb30c7316, L:/127.0.0.1:64704 - R:localhost/127.0.0.1:54153]' for 'POST' to 'http://localhost:54153/session/cf225d7652b6d621971c0b5aa24e58c2/element/f33a6444-ef74-4276-93de-baba631462d2/clear'
05:03:22.717 [Forwarding clearElement on session cf225d7652b6d621971c0b5aa24e58c2 to remote] DEBUG org.asynchttpclient.netty.request.NettyRequestSender - Using open Channel [id: 0xb30c7316, L:/127.0.0.1:64704 - R:localhost/127.0.0.1:54153] for POST '/session/cf225d7652b6d621971c0b5aa24e58c2/element/f33a6444-ef74-4276-93de-baba631462d2/clear'
05:03:22.733 [AsyncHttpClient-1-1] DEBUG org.asynchttpclient.netty.channel.DefaultChannelPool - Entry count for : http://localhost:64705 : 1
05:03:22.786 [AsyncHttpClient-1-8] DEBUG org.asynchttpclient.netty.handler.HttpHandler - 

Request DefaultHttpRequest(decodeResult: success, version: HTTP/1.1)
POST /session/cf225d7652b6d621971c0b5aa24e58c2/element/f33a6444-ef74-4276-93de-baba631462d2/clear HTTP/1.1
User-Agent: selenium/4.1.2 (java windows)
Content-Length: 50
Content-Type: application/json; charset=utf-8
host: localhost:54153
accept: */*

Response DefaultHttpResponse(decodeResult: success, version: HTTP/1.1)
HTTP/1.1 200 OK
Content-Type: application/json; charset=utf-8
cache-control: no-cache
content-length: 14

05:03:22.787 [AsyncHttpClient-1-8] DEBUG org.asynchttpclient.netty.channel.ChannelManager - Adding key: http://localhost:54153 for channel [id: 0xb30c7316, L:/127.0.0.1:64704 - R:localhost/127.0.0.1:54153]
05:03:22.791 [Forwarding sendKeysToElement on session cf225d7652b6d621971c0b5aa24e58c2 to remote] DEBUG org.asynchttpclient.netty.request.NettyRequestSender - Using pooled Channel '[id: 0xb30c7316, L:/127.0.0.1:64704 - R:localhost/127.0.0.1:54153]' for 'POST' to 'http://localhost:54153/session/cf225d7652b6d621971c0b5aa24e58c2/element/f33a6444-ef74-4276-93de-baba631462d2/value'
05:03:22.791 [Forwarding sendKeysToElement on session cf225d7652b6d621971c0b5aa24e58c2 to remote] DEBUG org.asynchttpclient.netty.request.NettyRequestSender - Using open Channel [id: 0xb30c7316, L:/127.0.0.1:64704 - R:localhost/127.0.0.1:54153] for POST '/session/cf225d7652b6d621971c0b5aa24e58c2/element/f33a6444-ef74-4276-93de-baba631462d2/value'
05:03:23.045 [AsyncHttpClient-1-8] DEBUG org.asynchttpclient.netty.handler.HttpHandler - 

Request DefaultHttpRequest(decodeResult: success, version: HTTP/1.1)
POST /session/cf225d7652b6d621971c0b5aa24e58c2/element/f33a6444-ef74-4276-93de-baba631462d2/value HTTP/1.1
User-Agent: selenium/4.1.2 (java windows)
Content-Length: 211
Content-Type: application/json; charset=utf-8
host: localhost:54153
accept: */*

Response DefaultHttpResponse(decodeResult: success, version: HTTP/1.1)
HTTP/1.1 200 OK
Content-Type: application/json; charset=utf-8
cache-control: no-cache
content-length: 14

05:03:23.045 [AsyncHttpClient-1-8] DEBUG org.asynchttpclient.netty.channel.ChannelManager - Adding key: http://localhost:54153 for channel [id: 0xb30c7316, L:/127.0.0.1:64704 - R:localhost/127.0.0.1:54153]
05:03:23.060 [Forwarding screenshot on session cf225d7652b6d621971c0b5aa24e58c2 to remote] DEBUG org.asynchttpclient.netty.request.NettyRequestSender - Using pooled Channel '[id: 0xb30c7316, L:/127.0.0.1:64704 - R:localhost/127.0.0.1:54153]' for 'GET' to 'http://localhost:54153/session/cf225d7652b6d621971c0b5aa24e58c2/screenshot'
05:03:23.060 [Forwarding screenshot on session cf225d7652b6d621971c0b5aa24e58c2 to remote] DEBUG org.asynchttpclient.netty.request.NettyRequestSender - Using open Channel [id: 0xb30c7316, L:/127.0.0.1:64704 - R:localhost/127.0.0.1:54153] for GET '/session/cf225d7652b6d621971c0b5aa24e58c2/screenshot'
05:03:23.353 [AsyncHttpClient-1-8] DEBUG org.asynchttpclient.netty.handler.HttpHandler - 

Request DefaultFullHttpRequest(decodeResult: success, version: HTTP/1.1, content: EmptyByteBufBE)
GET /session/cf225d7652b6d621971c0b5aa24e58c2/screenshot HTTP/1.1
User-Agent: selenium/4.1.2 (java windows)
Cache-Control: no-cache
Content-Type: application/json; charset=utf-8
host: localhost:54153
accept: */*

Response DefaultHttpResponse(decodeResult: success, version: HTTP/1.1)
HTTP/1.1 200 OK
Content-Type: application/json; charset=utf-8
cache-control: no-cache
content-length: 70116

05:03:23.354 [AsyncHttpClient-1-8] DEBUG org.asynchttpclient.netty.channel.ChannelManager - Adding key: http://localhost:54153 for channel [id: 0xb30c7316, L:/127.0.0.1:64704 - R:localhost/127.0.0.1:54153]
05:03:23.361 [main] DEBUG net.serenitybdd.core.photography.Darkroom - Send negative for processing for target\site\serenity\4a24f7aef80889dd912eb6ed9025bf2efecf190486b9a0f2354f8f585ed092ca.png
05:03:23.362 [main] DEBUG net.thucydides.core.steps.StepInterceptor - STEP DONE: fillAddressBuilding
  &amp#27;[32mAnd &amp#27;[0m&amp#27;[32madmin fill address building&amp#27;[0m                                                     &amp#27;[90m# starter.stepdefenitions.BuildingSteps.adminFillAddressBuilding()&amp#27;[0m
05:03:23.395 [main] DEBUG net.thucydides.core.steps.StepInterceptor - STARTING STEP: BuildingSteps.adminFillDescription - fillDescriptionBuilding
05:03:23.402 [Forwarding findElement on session cf225d7652b6d621971c0b5aa24e58c2 to remote] DEBUG org.asynchttpclient.netty.request.NettyRequestSender - Using pooled Channel '[id: 0xb30c7316, L:/127.0.0.1:64704 - R:localhost/127.0.0.1:54153]' for 'POST' to 'http://localhost:54153/session/cf225d7652b6d621971c0b5aa24e58c2/element'
05:03:23.402 [Forwarding findElement on session cf225d7652b6d621971c0b5aa24e58c2 to remote] DEBUG org.asynchttpclient.netty.request.NettyRequestSender - Using open Channel [id: 0xb30c7316, L:/127.0.0.1:64704 - R:localhost/127.0.0.1:54153] for POST '/session/cf225d7652b6d621971c0b5aa24e58c2/element'
05:03:23.432 [AsyncHttpClient-1-8] DEBUG org.asynchttpclient.netty.handler.HttpHandler - 

Request DefaultHttpRequest(decodeResult: success, version: HTTP/1.1)
POST /session/cf225d7652b6d621971c0b5aa24e58c2/element HTTP/1.1
User-Agent: selenium/4.1.2 (java windows)
Content-Length: 66
Content-Type: application/json; charset=utf-8
host: localhost:54153
accept: */*

Response DefaultHttpResponse(decodeResult: success, version: HTTP/1.1)
HTTP/1.1 200 OK
Content-Type: application/json; charset=utf-8
cache-control: no-cache
content-length: 88

05:03:23.432 [AsyncHttpClient-1-8] DEBUG org.asynchttpclient.netty.channel.ChannelManager - Adding key: http://localhost:54153 for channel [id: 0xb30c7316, L:/127.0.0.1:64704 - R:localhost/127.0.0.1:54153]
05:03:23.434 [Forwarding clearElement on session cf225d7652b6d621971c0b5aa24e58c2 to remote] DEBUG org.asynchttpclient.netty.request.NettyRequestSender - Using pooled Channel '[id: 0xb30c7316, L:/127.0.0.1:64704 - R:localhost/127.0.0.1:54153]' for 'POST' to 'http://localhost:54153/session/cf225d7652b6d621971c0b5aa24e58c2/element/7efcda3c-42f4-48f4-80b4-441d9ab423d0/clear'
05:03:23.435 [Forwarding clearElement on session cf225d7652b6d621971c0b5aa24e58c2 to remote] DEBUG org.asynchttpclient.netty.request.NettyRequestSender - Using open Channel [id: 0xb30c7316, L:/127.0.0.1:64704 - R:localhost/127.0.0.1:54153] for POST '/session/cf225d7652b6d621971c0b5aa24e58c2/element/7efcda3c-42f4-48f4-80b4-441d9ab423d0/clear'
05:03:23.496 [AsyncHttpClient-1-8] DEBUG org.asynchttpclient.netty.handler.HttpHandler - 

Request DefaultHttpRequest(decodeResult: success, version: HTTP/1.1)
POST /session/cf225d7652b6d621971c0b5aa24e58c2/element/7efcda3c-42f4-48f4-80b4-441d9ab423d0/clear HTTP/1.1
User-Agent: selenium/4.1.2 (java windows)
Content-Length: 50
Content-Type: application/json; charset=utf-8
host: localhost:54153
accept: */*

Response DefaultHttpResponse(decodeResult: success, version: HTTP/1.1)
HTTP/1.1 200 OK
Content-Type: application/json; charset=utf-8
cache-control: no-cache
content-length: 14

05:03:23.497 [AsyncHttpClient-1-8] DEBUG org.asynchttpclient.netty.channel.ChannelManager - Adding key: http://localhost:54153 for channel [id: 0xb30c7316, L:/127.0.0.1:64704 - R:localhost/127.0.0.1:54153]
05:03:23.508 [Forwarding sendKeysToElement on session cf225d7652b6d621971c0b5aa24e58c2 to remote] DEBUG org.asynchttpclient.netty.request.NettyRequestSender - Using pooled Channel '[id: 0xb30c7316, L:/127.0.0.1:64704 - R:localhost/127.0.0.1:54153]' for 'POST' to 'http://localhost:54153/session/cf225d7652b6d621971c0b5aa24e58c2/element/7efcda3c-42f4-48f4-80b4-441d9ab423d0/value'
05:03:23.511 [Forwarding sendKeysToElement on session cf225d7652b6d621971c0b5aa24e58c2 to remote] DEBUG org.asynchttpclient.netty.request.NettyRequestSender - Using open Channel [id: 0xb30c7316, L:/127.0.0.1:64704 - R:localhost/127.0.0.1:54153] for POST '/session/cf225d7652b6d621971c0b5aa24e58c2/element/7efcda3c-42f4-48f4-80b4-441d9ab423d0/value'
05:03:23.849 [AsyncHttpClient-1-1] DEBUG org.asynchttpclient.netty.channel.DefaultChannelPool - Entry count for : http://localhost:64705 : 1
05:03:24.211 [AsyncHttpClient-1-8] DEBUG org.asynchttpclient.netty.handler.HttpHandler - 

Request DefaultHttpRequest(decodeResult: success, version: HTTP/1.1)
POST /session/cf225d7652b6d621971c0b5aa24e58c2/element/7efcda3c-42f4-48f4-80b4-441d9ab423d0/value HTTP/1.1
User-Agent: selenium/4.1.2 (java windows)
Content-Length: 441
Content-Type: application/json; charset=utf-8
host: localhost:54153
accept: */*

Response DefaultHttpResponse(decodeResult: success, version: HTTP/1.1)
HTTP/1.1 200 OK
Content-Type: application/json; charset=utf-8
cache-control: no-cache
content-length: 14

05:03:24.212 [AsyncHttpClient-1-8] DEBUG org.asynchttpclient.netty.channel.ChannelManager - Adding key: http://localhost:54153 for channel [id: 0xb30c7316, L:/127.0.0.1:64704 - R:localhost/127.0.0.1:54153]
05:03:24.228 [Forwarding screenshot on session cf225d7652b6d621971c0b5aa24e58c2 to remote] DEBUG org.asynchttpclient.netty.request.NettyRequestSender - Using pooled Channel '[id: 0xb30c7316, L:/127.0.0.1:64704 - R:localhost/127.0.0.1:54153]' for 'GET' to 'http://localhost:54153/session/cf225d7652b6d621971c0b5aa24e58c2/screenshot'
05:03:24.228 [Forwarding screenshot on session cf225d7652b6d621971c0b5aa24e58c2 to remote] DEBUG org.asynchttpclient.netty.request.NettyRequestSender - Using open Channel [id: 0xb30c7316, L:/127.0.0.1:64704 - R:localhost/127.0.0.1:54153] for GET '/session/cf225d7652b6d621971c0b5aa24e58c2/screenshot'
05:03:24.515 [AsyncHttpClient-1-8] DEBUG org.asynchttpclient.netty.handler.HttpHandler - 

Request DefaultFullHttpRequest(decodeResult: success, version: HTTP/1.1, content: EmptyByteBufBE)
GET /session/cf225d7652b6d621971c0b5aa24e58c2/screenshot HTTP/1.1
User-Agent: selenium/4.1.2 (java windows)
Cache-Control: no-cache
Content-Type: application/json; charset=utf-8
host: localhost:54153
accept: */*

Response DefaultHttpResponse(decodeResult: success, version: HTTP/1.1)
HTTP/1.1 200 OK
Content-Type: application/json; charset=utf-8
cache-control: no-cache
content-length: 71756

05:03:24.516 [AsyncHttpClient-1-8] DEBUG org.asynchttpclient.netty.channel.ChannelManager - Adding key: http://localhost:54153 for channel [id: 0xb30c7316, L:/127.0.0.1:64704 - R:localhost/127.0.0.1:54153]
05:03:24.524 [main] DEBUG net.serenitybdd.core.photography.Darkroom - Send negative for processing for target\site\serenity\4f6ddada639d83ecba9a6d8895306cdc43a5ebd62362027318508c55df94cf3c.png
05:03:24.525 [main] DEBUG net.thucydides.core.steps.StepInterceptor - STEP DONE: fillDescriptionBuilding
  &amp#27;[32mAnd &amp#27;[0m&amp#27;[32madmin fill description&amp#27;[0m                                                          &amp#27;[90m# starter.stepdefenitions.BuildingSteps.adminFillDescription()&amp#27;[0m
05:03:24.563 [main] DEBUG net.thucydides.core.steps.StepInterceptor - STARTING STEP: BuildingSteps.adminChooseFacilities - chooseExistingFacilitiesCategory
05:03:24.571 [Forwarding findElement on session cf225d7652b6d621971c0b5aa24e58c2 to remote] DEBUG org.asynchttpclient.netty.request.NettyRequestSender - Using pooled Channel '[id: 0xb30c7316, L:/127.0.0.1:64704 - R:localhost/127.0.0.1:54153]' for 'POST' to 'http://localhost:54153/session/cf225d7652b6d621971c0b5aa24e58c2/element'
05:03:24.571 [Forwarding findElement on session cf225d7652b6d621971c0b5aa24e58c2 to remote] DEBUG org.asynchttpclient.netty.request.NettyRequestSender - Using open Channel [id: 0xb30c7316, L:/127.0.0.1:64704 - R:localhost/127.0.0.1:54153] for POST '/session/cf225d7652b6d621971c0b5aa24e58c2/element'
05:03:24.595 [AsyncHttpClient-1-8] DEBUG org.asynchttpclient.netty.handler.HttpHandler - 

Request DefaultHttpRequest(decodeResult: success, version: HTTP/1.1)
POST /session/cf225d7652b6d621971c0b5aa24e58c2/element HTTP/1.1
User-Agent: selenium/4.1.2 (java windows)
Content-Length: 157
Content-Type: application/json; charset=utf-8
host: localhost:54153
accept: */*

Response DefaultHttpResponse(decodeResult: success, version: HTTP/1.1)
HTTP/1.1 200 OK
Content-Type: application/json; charset=utf-8
cache-control: no-cache
content-length: 88

05:03:24.596 [AsyncHttpClient-1-8] DEBUG org.asynchttpclient.netty.channel.ChannelManager - Adding key: http://localhost:54153 for channel [id: 0xb30c7316, L:/127.0.0.1:64704 - R:localhost/127.0.0.1:54153]
05:03:24.598 [Forwarding getElementTagName on session cf225d7652b6d621971c0b5aa24e58c2 to remote] DEBUG org.asynchttpclient.netty.request.NettyRequestSender - Using pooled Channel '[id: 0xb30c7316, L:/127.0.0.1:64704 - R:localhost/127.0.0.1:54153]' for 'GET' to 'http://localhost:54153/session/cf225d7652b6d621971c0b5aa24e58c2/element/b9133a7c-90fe-40f8-9312-72d48155a770/name'
05:03:24.598 [Forwarding getElementTagName on session cf225d7652b6d621971c0b5aa24e58c2 to remote] DEBUG org.asynchttpclient.netty.request.NettyRequestSender - Using open Channel [id: 0xb30c7316, L:/127.0.0.1:64704 - R:localhost/127.0.0.1:54153] for GET '/session/cf225d7652b6d621971c0b5aa24e58c2/element/b9133a7c-90fe-40f8-9312-72d48155a770/name'
05:03:24.613 [AsyncHttpClient-1-8] DEBUG org.asynchttpclient.netty.handler.HttpHandler - 

Request DefaultFullHttpRequest(decodeResult: success, version: HTTP/1.1, content: EmptyByteBufBE)
GET /session/cf225d7652b6d621971c0b5aa24e58c2/element/b9133a7c-90fe-40f8-9312-72d48155a770/name HTTP/1.1
User-Agent: selenium/4.1.2 (java windows)
Cache-Control: no-cache
Content-Type: application/json; charset=utf-8
host: localhost:54153
accept: */*

Response DefaultHttpResponse(decodeResult: success, version: HTTP/1.1)
HTTP/1.1 200 OK
Content-Type: application/json; charset=utf-8
cache-control: no-cache
content-length: 18

05:03:24.614 [AsyncHttpClient-1-8] DEBUG org.asynchttpclient.netty.channel.ChannelManager - Adding key: http://localhost:54153 for channel [id: 0xb30c7316, L:/127.0.0.1:64704 - R:localhost/127.0.0.1:54153]
05:03:24.617 [Forwarding getElementTagName on session cf225d7652b6d621971c0b5aa24e58c2 to remote] DEBUG org.asynchttpclient.netty.request.NettyRequestSender - Using pooled Channel '[id: 0xb30c7316, L:/127.0.0.1:64704 - R:localhost/127.0.0.1:54153]' for 'GET' to 'http://localhost:54153/session/cf225d7652b6d621971c0b5aa24e58c2/element/b9133a7c-90fe-40f8-9312-72d48155a770/name'
05:03:24.617 [Forwarding getElementTagName on session cf225d7652b6d621971c0b5aa24e58c2 to remote] DEBUG org.asynchttpclient.netty.request.NettyRequestSender - Using open Channel [id: 0xb30c7316, L:/127.0.0.1:64704 - R:localhost/127.0.0.1:54153] for GET '/session/cf225d7652b6d621971c0b5aa24e58c2/element/b9133a7c-90fe-40f8-9312-72d48155a770/name'
05:03:24.629 [AsyncHttpClient-1-8] DEBUG org.asynchttpclient.netty.handler.HttpHandler - 

Request DefaultFullHttpRequest(decodeResult: success, version: HTTP/1.1, content: EmptyByteBufBE)
GET /session/cf225d7652b6d621971c0b5aa24e58c2/element/b9133a7c-90fe-40f8-9312-72d48155a770/name HTTP/1.1
User-Agent: selenium/4.1.2 (java windows)
Cache-Control: no-cache
Content-Type: application/json; charset=utf-8
host: localhost:54153
accept: */*

Response DefaultHttpResponse(decodeResult: success, version: HTTP/1.1)
HTTP/1.1 200 OK
Content-Type: application/json; charset=utf-8
cache-control: no-cache
content-length: 18

05:03:24.629 [AsyncHttpClient-1-8] DEBUG org.asynchttpclient.netty.channel.ChannelManager - Adding key: http://localhost:54153 for channel [id: 0xb30c7316, L:/127.0.0.1:64704 - R:localhost/127.0.0.1:54153]
05:03:24.634 [Forwarding isElementEnabled on session cf225d7652b6d621971c0b5aa24e58c2 to remote] DEBUG org.asynchttpclient.netty.request.NettyRequestSender - Using pooled Channel '[id: 0xb30c7316, L:/127.0.0.1:64704 - R:localhost/127.0.0.1:54153]' for 'GET' to 'http://localhost:54153/session/cf225d7652b6d621971c0b5aa24e58c2/element/b9133a7c-90fe-40f8-9312-72d48155a770/enabled'
05:03:24.634 [Forwarding isElementEnabled on session cf225d7652b6d621971c0b5aa24e58c2 to remote] DEBUG org.asynchttpclient.netty.request.NettyRequestSender - Using open Channel [id: 0xb30c7316, L:/127.0.0.1:64704 - R:localhost/127.0.0.1:54153] for GET '/session/cf225d7652b6d621971c0b5aa24e58c2/element/b9133a7c-90fe-40f8-9312-72d48155a770/enabled'
05:03:24.651 [AsyncHttpClient-1-8] DEBUG org.asynchttpclient.netty.handler.HttpHandler - 

Request DefaultFullHttpRequest(decodeResult: success, version: HTTP/1.1, content: EmptyByteBufBE)
GET /session/cf225d7652b6d621971c0b5aa24e58c2/element/b9133a7c-90fe-40f8-9312-72d48155a770/enabled HTTP/1.1
User-Agent: selenium/4.1.2 (java windows)
Cache-Control: no-cache
Content-Type: application/json; charset=utf-8
host: localhost:54153
accept: */*

Response DefaultHttpResponse(decodeResult: success, version: HTTP/1.1)
HTTP/1.1 200 OK
Content-Type: application/json; charset=utf-8
cache-control: no-cache
content-length: 14

05:03:24.651 [AsyncHttpClient-1-8] DEBUG org.asynchttpclient.netty.channel.ChannelManager - Adding key: http://localhost:54153 for channel [id: 0xb30c7316, L:/127.0.0.1:64704 - R:localhost/127.0.0.1:54153]
05:03:24.654 [Forwarding isElementEnabled on session cf225d7652b6d621971c0b5aa24e58c2 to remote] DEBUG org.asynchttpclient.netty.request.NettyRequestSender - Using pooled Channel '[id: 0xb30c7316, L:/127.0.0.1:64704 - R:localhost/127.0.0.1:54153]' for 'GET' to 'http://localhost:54153/session/cf225d7652b6d621971c0b5aa24e58c2/element/b9133a7c-90fe-40f8-9312-72d48155a770/enabled'
05:03:24.654 [Forwarding isElementEnabled on session cf225d7652b6d621971c0b5aa24e58c2 to remote] DEBUG org.asynchttpclient.netty.request.NettyRequestSender - Using open Channel [id: 0xb30c7316, L:/127.0.0.1:64704 - R:localhost/127.0.0.1:54153] for GET '/session/cf225d7652b6d621971c0b5aa24e58c2/element/b9133a7c-90fe-40f8-9312-72d48155a770/enabled'
05:03:24.663 [AsyncHttpClient-1-8] DEBUG org.asynchttpclient.netty.handler.HttpHandler - 

Request DefaultFullHttpRequest(decodeResult: success, version: HTTP/1.1, content: EmptyByteBufBE)
GET /session/cf225d7652b6d621971c0b5aa24e58c2/element/b9133a7c-90fe-40f8-9312-72d48155a770/enabled HTTP/1.1
User-Agent: selenium/4.1.2 (java windows)
Cache-Control: no-cache
Content-Type: application/json; charset=utf-8
host: localhost:54153
accept: */*

Response DefaultHttpResponse(decodeResult: success, version: HTTP/1.1)
HTTP/1.1 200 OK
Content-Type: application/json; charset=utf-8
cache-control: no-cache
content-length: 14

05:03:24.664 [AsyncHttpClient-1-8] DEBUG org.asynchttpclient.netty.channel.ChannelManager - Adding key: http://localhost:54153 for channel [id: 0xb30c7316, L:/127.0.0.1:64704 - R:localhost/127.0.0.1:54153]
05:03:24.667 [Forwarding findElement on session cf225d7652b6d621971c0b5aa24e58c2 to remote] DEBUG org.asynchttpclient.netty.request.NettyRequestSender - Using pooled Channel '[id: 0xb30c7316, L:/127.0.0.1:64704 - R:localhost/127.0.0.1:54153]' for 'POST' to 'http://localhost:54153/session/cf225d7652b6d621971c0b5aa24e58c2/element'
05:03:24.667 [Forwarding findElement on session cf225d7652b6d621971c0b5aa24e58c2 to remote] DEBUG org.asynchttpclient.netty.request.NettyRequestSender - Using open Channel [id: 0xb30c7316, L:/127.0.0.1:64704 - R:localhost/127.0.0.1:54153] for POST '/session/cf225d7652b6d621971c0b5aa24e58c2/element'
05:03:24.686 [AsyncHttpClient-1-8] DEBUG org.asynchttpclient.netty.handler.HttpHandler - 

Request DefaultHttpRequest(decodeResult: success, version: HTTP/1.1)
POST /session/cf225d7652b6d621971c0b5aa24e58c2/element HTTP/1.1
User-Agent: selenium/4.1.2 (java windows)
Content-Length: 157
Content-Type: application/json; charset=utf-8
host: localhost:54153
accept: */*

Response DefaultHttpResponse(decodeResult: success, version: HTTP/1.1)
HTTP/1.1 200 OK
Content-Type: application/json; charset=utf-8
cache-control: no-cache
content-length: 88

05:03:24.686 [AsyncHttpClient-1-8] DEBUG org.asynchttpclient.netty.channel.ChannelManager - Adding key: http://localhost:54153 for channel [id: 0xb30c7316, L:/127.0.0.1:64704 - R:localhost/127.0.0.1:54153]
05:03:24.687 [Forwarding getElementTagName on session cf225d7652b6d621971c0b5aa24e58c2 to remote] DEBUG org.asynchttpclient.netty.request.NettyRequestSender - Using pooled Channel '[id: 0xb30c7316, L:/127.0.0.1:64704 - R:localhost/127.0.0.1:54153]' for 'GET' to 'http://localhost:54153/session/cf225d7652b6d621971c0b5aa24e58c2/element/b9133a7c-90fe-40f8-9312-72d48155a770/name'
05:03:24.688 [Forwarding getElementTagName on session cf225d7652b6d621971c0b5aa24e58c2 to remote] DEBUG org.asynchttpclient.netty.request.NettyRequestSender - Using open Channel [id: 0xb30c7316, L:/127.0.0.1:64704 - R:localhost/127.0.0.1:54153] for GET '/session/cf225d7652b6d621971c0b5aa24e58c2/element/b9133a7c-90fe-40f8-9312-72d48155a770/name'
05:03:24.698 [AsyncHttpClient-1-8] DEBUG org.asynchttpclient.netty.handler.HttpHandler - 

Request DefaultFullHttpRequest(decodeResult: success, version: HTTP/1.1, content: EmptyByteBufBE)
GET /session/cf225d7652b6d621971c0b5aa24e58c2/element/b9133a7c-90fe-40f8-9312-72d48155a770/name HTTP/1.1
User-Agent: selenium/4.1.2 (java windows)
Cache-Control: no-cache
Content-Type: application/json; charset=utf-8
host: localhost:54153
accept: */*

Response DefaultHttpResponse(decodeResult: success, version: HTTP/1.1)
HTTP/1.1 200 OK
Content-Type: application/json; charset=utf-8
cache-control: no-cache
content-length: 18

05:03:24.699 [AsyncHttpClient-1-8] DEBUG org.asynchttpclient.netty.channel.ChannelManager - Adding key: http://localhost:54153 for channel [id: 0xb30c7316, L:/127.0.0.1:64704 - R:localhost/127.0.0.1:54153]
05:03:24.700 [Forwarding getElementDomAttribute on session cf225d7652b6d621971c0b5aa24e58c2 to remote] DEBUG org.asynchttpclient.netty.request.NettyRequestSender - Using pooled Channel '[id: 0xb30c7316, L:/127.0.0.1:64704 - R:localhost/127.0.0.1:54153]' for 'GET' to 'http://localhost:54153/session/cf225d7652b6d621971c0b5aa24e58c2/element/b9133a7c-90fe-40f8-9312-72d48155a770/attribute/multiple'
05:03:24.700 [Forwarding getElementDomAttribute on session cf225d7652b6d621971c0b5aa24e58c2 to remote] DEBUG org.asynchttpclient.netty.request.NettyRequestSender - Using open Channel [id: 0xb30c7316, L:/127.0.0.1:64704 - R:localhost/127.0.0.1:54153] for GET '/session/cf225d7652b6d621971c0b5aa24e58c2/element/b9133a7c-90fe-40f8-9312-72d48155a770/attribute/multiple'
05:03:24.709 [AsyncHttpClient-1-8] DEBUG org.asynchttpclient.netty.handler.HttpHandler - 

Request DefaultFullHttpRequest(decodeResult: success, version: HTTP/1.1, content: EmptyByteBufBE)
GET /session/cf225d7652b6d621971c0b5aa24e58c2/element/b9133a7c-90fe-40f8-9312-72d48155a770/attribute/multiple HTTP/1.1
User-Agent: selenium/4.1.2 (java windows)
Cache-Control: no-cache
Content-Type: application/json; charset=utf-8
host: localhost:54153
accept: */*

Response DefaultHttpResponse(decodeResult: success, version: HTTP/1.1)
HTTP/1.1 200 OK
Content-Type: application/json; charset=utf-8
cache-control: no-cache
content-length: 14

05:03:24.709 [AsyncHttpClient-1-8] DEBUG org.asynchttpclient.netty.channel.ChannelManager - Adding key: http://localhost:54153 for channel [id: 0xb30c7316, L:/127.0.0.1:64704 - R:localhost/127.0.0.1:54153]
05:03:24.711 [Forwarding findChildElements on session cf225d7652b6d621971c0b5aa24e58c2 to remote] DEBUG org.asynchttpclient.netty.request.NettyRequestSender - Using pooled Channel '[id: 0xb30c7316, L:/127.0.0.1:64704 - R:localhost/127.0.0.1:54153]' for 'POST' to 'http://localhost:54153/session/cf225d7652b6d621971c0b5aa24e58c2/element/b9133a7c-90fe-40f8-9312-72d48155a770/elements'
05:03:24.711 [Forwarding findChildElements on session cf225d7652b6d621971c0b5aa24e58c2 to remote] DEBUG org.asynchttpclient.netty.request.NettyRequestSender - Using open Channel [id: 0xb30c7316, L:/127.0.0.1:64704 - R:localhost/127.0.0.1:54153] for POST '/session/cf225d7652b6d621971c0b5aa24e58c2/element/b9133a7c-90fe-40f8-9312-72d48155a770/elements'
05:03:24.738 [AsyncHttpClient-1-8] DEBUG org.asynchttpclient.netty.handler.HttpHandler - 

Request DefaultHttpRequest(decodeResult: success, version: HTTP/1.1)
POST /session/cf225d7652b6d621971c0b5aa24e58c2/element/b9133a7c-90fe-40f8-9312-72d48155a770/elements HTTP/1.1
User-Agent: selenium/4.1.2 (java windows)
Content-Length: 139
Content-Type: application/json; charset=utf-8
host: localhost:54153
accept: */*

Response DefaultHttpResponse(decodeResult: success, version: HTTP/1.1)
HTTP/1.1 200 OK
Content-Type: application/json; charset=utf-8
cache-control: no-cache
content-length: 90

05:03:24.738 [AsyncHttpClient-1-8] DEBUG org.asynchttpclient.netty.channel.ChannelManager - Adding key: http://localhost:54153 for channel [id: 0xb30c7316, L:/127.0.0.1:64704 - R:localhost/127.0.0.1:54153]
05:03:24.741 [Forwarding isElementSelected on session cf225d7652b6d621971c0b5aa24e58c2 to remote] DEBUG org.asynchttpclient.netty.request.NettyRequestSender - Using pooled Channel '[id: 0xb30c7316, L:/127.0.0.1:64704 - R:localhost/127.0.0.1:54153]' for 'GET' to 'http://localhost:54153/session/cf225d7652b6d621971c0b5aa24e58c2/element/f4152242-b36f-4f83-867a-f2b28b6e76e6/selected'
05:03:24.741 [Forwarding isElementSelected on session cf225d7652b6d621971c0b5aa24e58c2 to remote] DEBUG org.asynchttpclient.netty.request.NettyRequestSender - Using open Channel [id: 0xb30c7316, L:/127.0.0.1:64704 - R:localhost/127.0.0.1:54153] for GET '/session/cf225d7652b6d621971c0b5aa24e58c2/element/f4152242-b36f-4f83-867a-f2b28b6e76e6/selected'
05:03:24.768 [AsyncHttpClient-1-8] DEBUG org.asynchttpclient.netty.handler.HttpHandler - 

Request DefaultFullHttpRequest(decodeResult: success, version: HTTP/1.1, content: EmptyByteBufBE)
GET /session/cf225d7652b6d621971c0b5aa24e58c2/element/f4152242-b36f-4f83-867a-f2b28b6e76e6/selected HTTP/1.1
User-Agent: selenium/4.1.2 (java windows)
Cache-Control: no-cache
Content-Type: application/json; charset=utf-8
host: localhost:54153
accept: */*

Response DefaultHttpResponse(decodeResult: success, version: HTTP/1.1)
HTTP/1.1 200 OK
Content-Type: application/json; charset=utf-8
cache-control: no-cache
content-length: 15

05:03:24.768 [AsyncHttpClient-1-8] DEBUG org.asynchttpclient.netty.channel.ChannelManager - Adding key: http://localhost:54153 for channel [id: 0xb30c7316, L:/127.0.0.1:64704 - R:localhost/127.0.0.1:54153]
05:03:24.770 [Forwarding clickElement on session cf225d7652b6d621971c0b5aa24e58c2 to remote] DEBUG org.asynchttpclient.netty.request.NettyRequestSender - Using pooled Channel '[id: 0xb30c7316, L:/127.0.0.1:64704 - R:localhost/127.0.0.1:54153]' for 'POST' to 'http://localhost:54153/session/cf225d7652b6d621971c0b5aa24e58c2/element/f4152242-b36f-4f83-867a-f2b28b6e76e6/click'
05:03:24.770 [Forwarding clickElement on session cf225d7652b6d621971c0b5aa24e58c2 to remote] DEBUG org.asynchttpclient.netty.request.NettyRequestSender - Using open Channel [id: 0xb30c7316, L:/127.0.0.1:64704 - R:localhost/127.0.0.1:54153] for POST '/session/cf225d7652b6d621971c0b5aa24e58c2/element/f4152242-b36f-4f83-867a-f2b28b6e76e6/click'
05:03:24.873 [AsyncHttpClient-1-8] DEBUG org.asynchttpclient.netty.handler.HttpHandler - 

Request DefaultHttpRequest(decodeResult: success, version: HTTP/1.1)
POST /session/cf225d7652b6d621971c0b5aa24e58c2/element/f4152242-b36f-4f83-867a-f2b28b6e76e6/click HTTP/1.1
User-Agent: selenium/4.1.2 (java windows)
Content-Length: 50
Content-Type: application/json; charset=utf-8
host: localhost:54153
accept: */*

Response DefaultHttpResponse(decodeResult: success, version: HTTP/1.1)
HTTP/1.1 200 OK
Content-Type: application/json; charset=utf-8
cache-control: no-cache
content-length: 14

05:03:24.874 [AsyncHttpClient-1-8] DEBUG org.asynchttpclient.netty.channel.ChannelManager - Adding key: http://localhost:54153 for channel [id: 0xb30c7316, L:/127.0.0.1:64704 - R:localhost/127.0.0.1:54153]
05:03:24.888 [Forwarding screenshot on session cf225d7652b6d621971c0b5aa24e58c2 to remote] DEBUG org.asynchttpclient.netty.request.NettyRequestSender - Using pooled Channel '[id: 0xb30c7316, L:/127.0.0.1:64704 - R:localhost/127.0.0.1:54153]' for 'GET' to 'http://localhost:54153/session/cf225d7652b6d621971c0b5aa24e58c2/screenshot'
05:03:24.888 [Forwarding screenshot on session cf225d7652b6d621971c0b5aa24e58c2 to remote] DEBUG org.asynchttpclient.netty.request.NettyRequestSender - Using open Channel [id: 0xb30c7316, L:/127.0.0.1:64704 - R:localhost/127.0.0.1:54153] for GET '/session/cf225d7652b6d621971c0b5aa24e58c2/screenshot'
05:03:24.932 [AsyncHttpClient-1-1] DEBUG org.asynchttpclient.netty.channel.DefaultChannelPool - Entry count for : http://localhost:64705 : 1
05:03:25.154 [AsyncHttpClient-1-8] DEBUG org.asynchttpclient.netty.handler.HttpHandler - 

Request DefaultFullHttpRequest(decodeResult: success, version: HTTP/1.1, content: EmptyByteBufBE)
GET /session/cf225d7652b6d621971c0b5aa24e58c2/screenshot HTTP/1.1
User-Agent: selenium/4.1.2 (java windows)
Cache-Control: no-cache
Content-Type: application/json; charset=utf-8
host: localhost:54153
accept: */*

Response DefaultHttpResponse(decodeResult: success, version: HTTP/1.1)
HTTP/1.1 200 OK
Content-Type: application/json; charset=utf-8
cache-control: no-cache
content-length: 70452

05:03:25.155 [AsyncHttpClient-1-8] DEBUG org.asynchttpclient.netty.channel.ChannelManager - Adding key: http://localhost:54153 for channel [id: 0xb30c7316, L:/127.0.0.1:64704 - R:localhost/127.0.0.1:54153]
05:03:25.163 [main] DEBUG net.serenitybdd.core.photography.Darkroom - Send negative for processing for target\site\serenity\f52d7c50385f740c4c9f083713d149200a8337bbb5d8fa7ba337d66871507f47.png
05:03:25.163 [main] DEBUG net.thucydides.core.steps.StepInterceptor - STEP DONE: chooseExistingFacilitiesCategory
  &amp#27;[32mAnd &amp#27;[0m&amp#27;[32madmin choose facilities&amp#27;[0m                                                         &amp#27;[90m# starter.stepdefenitions.BuildingSteps.adminChooseFacilities()&amp#27;[0m
05:03:25.164 [Darkroom Processing Line] DEBUG net.serenitybdd.core.photography.DarkroomProcessingLine - Processing screenshot image in /var/screenshots/screenshot-5273361782454769522
05:03:25.164 [Darkroom Processing Line] DEBUG net.serenitybdd.core.photography.DarkroomProcessingLine - Saving screenshot to target\site\serenity\f52d7c50385f740c4c9f083713d149200a8337bbb5d8fa7ba337d66871507f47.png
05:03:25.198 [main] DEBUG net.thucydides.core.steps.StepInterceptor - STARTING STEP: BuildingSteps.adminFillNameFacilities - fillNameFacilities
05:03:25.206 [Forwarding findElement on session cf225d7652b6d621971c0b5aa24e58c2 to remote] DEBUG org.asynchttpclient.netty.request.NettyRequestSender - Using pooled Channel '[id: 0xb30c7316, L:/127.0.0.1:64704 - R:localhost/127.0.0.1:54153]' for 'POST' to 'http://localhost:54153/session/cf225d7652b6d621971c0b5aa24e58c2/element'
05:03:25.206 [Forwarding findElement on session cf225d7652b6d621971c0b5aa24e58c2 to remote] DEBUG org.asynchttpclient.netty.request.NettyRequestSender - Using open Channel [id: 0xb30c7316, L:/127.0.0.1:64704 - R:localhost/127.0.0.1:54153] for POST '/session/cf225d7652b6d621971c0b5aa24e58c2/element'
05:03:25.230 [AsyncHttpClient-1-8] DEBUG org.asynchttpclient.netty.handler.HttpHandler - 

Request DefaultHttpRequest(decodeResult: success, version: HTTP/1.1)
POST /session/cf225d7652b6d621971c0b5aa24e58c2/element HTTP/1.1
User-Agent: selenium/4.1.2 (java windows)
Content-Length: 131
Content-Type: application/json; charset=utf-8
host: localhost:54153
accept: */*

Response DefaultHttpResponse(decodeResult: success, version: HTTP/1.1)
HTTP/1.1 200 OK
Content-Type: application/json; charset=utf-8
cache-control: no-cache
content-length: 88

05:03:25.231 [AsyncHttpClient-1-8] DEBUG org.asynchttpclient.netty.channel.ChannelManager - Adding key: http://localhost:54153 for channel [id: 0xb30c7316, L:/127.0.0.1:64704 - R:localhost/127.0.0.1:54153]
05:03:25.233 [Forwarding clearElement on session cf225d7652b6d621971c0b5aa24e58c2 to remote] DEBUG org.asynchttpclient.netty.request.NettyRequestSender - Using pooled Channel '[id: 0xb30c7316, L:/127.0.0.1:64704 - R:localhost/127.0.0.1:54153]' for 'POST' to 'http://localhost:54153/session/cf225d7652b6d621971c0b5aa24e58c2/element/64818761-72fb-495b-bd3d-49ba6eb373e5/clear'
05:03:25.233 [Forwarding clearElement on session cf225d7652b6d621971c0b5aa24e58c2 to remote] DEBUG org.asynchttpclient.netty.request.NettyRequestSender - Using open Channel [id: 0xb30c7316, L:/127.0.0.1:64704 - R:localhost/127.0.0.1:54153] for POST '/session/cf225d7652b6d621971c0b5aa24e58c2/element/64818761-72fb-495b-bd3d-49ba6eb373e5/clear'
05:03:25.305 [AsyncHttpClient-1-8] DEBUG org.asynchttpclient.netty.handler.HttpHandler - 

Request DefaultHttpRequest(decodeResult: success, version: HTTP/1.1)
POST /session/cf225d7652b6d621971c0b5aa24e58c2/element/64818761-72fb-495b-bd3d-49ba6eb373e5/clear HTTP/1.1
User-Agent: selenium/4.1.2 (java windows)
Content-Length: 50
Content-Type: application/json; charset=utf-8
host: localhost:54153
accept: */*

Response DefaultHttpResponse(decodeResult: success, version: HTTP/1.1)
HTTP/1.1 200 OK
Content-Type: application/json; charset=utf-8
cache-control: no-cache
content-length: 14

05:03:25.305 [AsyncHttpClient-1-8] DEBUG org.asynchttpclient.netty.channel.ChannelManager - Adding key: http://localhost:54153 for channel [id: 0xb30c7316, L:/127.0.0.1:64704 - R:localhost/127.0.0.1:54153]
05:03:25.309 [Forwarding sendKeysToElement on session cf225d7652b6d621971c0b5aa24e58c2 to remote] DEBUG org.asynchttpclient.netty.request.NettyRequestSender - Using pooled Channel '[id: 0xb30c7316, L:/127.0.0.1:64704 - R:localhost/127.0.0.1:54153]' for 'POST' to 'http://localhost:54153/session/cf225d7652b6d621971c0b5aa24e58c2/element/64818761-72fb-495b-bd3d-49ba6eb373e5/value'
05:03:25.309 [Forwarding sendKeysToElement on session cf225d7652b6d621971c0b5aa24e58c2 to remote] DEBUG org.asynchttpclient.netty.request.NettyRequestSender - Using open Channel [id: 0xb30c7316, L:/127.0.0.1:64704 - R:localhost/127.0.0.1:54153] for POST '/session/cf225d7652b6d621971c0b5aa24e58c2/element/64818761-72fb-495b-bd3d-49ba6eb373e5/value'
05:03:25.561 [AsyncHttpClient-1-8] DEBUG org.asynchttpclient.netty.handler.HttpHandler - 

Request DefaultHttpRequest(decodeResult: success, version: HTTP/1.1)
POST /session/cf225d7652b6d621971c0b5aa24e58c2/element/64818761-72fb-495b-bd3d-49ba6eb373e5/value HTTP/1.1
User-Agent: selenium/4.1.2 (java windows)
Content-Length: 211
Content-Type: application/json; charset=utf-8
host: localhost:54153
accept: */*

Response DefaultHttpResponse(decodeResult: success, version: HTTP/1.1)
HTTP/1.1 200 OK
Content-Type: application/json; charset=utf-8
cache-control: no-cache
content-length: 14

05:03:25.562 [AsyncHttpClient-1-8] DEBUG org.asynchttpclient.netty.channel.ChannelManager - Adding key: http://localhost:54153 for channel [id: 0xb30c7316, L:/127.0.0.1:64704 - R:localhost/127.0.0.1:54153]
05:03:25.576 [Forwarding screenshot on session cf225d7652b6d621971c0b5aa24e58c2 to remote] DEBUG org.asynchttpclient.netty.request.NettyRequestSender - Using pooled Channel '[id: 0xb30c7316, L:/127.0.0.1:64704 - R:localhost/127.0.0.1:54153]' for 'GET' to 'http://localhost:54153/session/cf225d7652b6d621971c0b5aa24e58c2/screenshot'
05:03:25.576 [Forwarding screenshot on session cf225d7652b6d621971c0b5aa24e58c2 to remote] DEBUG org.asynchttpclient.netty.request.NettyRequestSender - Using open Channel [id: 0xb30c7316, L:/127.0.0.1:64704 - R:localhost/127.0.0.1:54153] for GET '/session/cf225d7652b6d621971c0b5aa24e58c2/screenshot'
05:03:25.875 [AsyncHttpClient-1-8] DEBUG org.asynchttpclient.netty.handler.HttpHandler - 

Request DefaultFullHttpRequest(decodeResult: success, version: HTTP/1.1, content: EmptyByteBufBE)
GET /session/cf225d7652b6d621971c0b5aa24e58c2/screenshot HTTP/1.1
User-Agent: selenium/4.1.2 (java windows)
Cache-Control: no-cache
Content-Type: application/json; charset=utf-8
host: localhost:54153
accept: */*

Response DefaultHttpResponse(decodeResult: success, version: HTTP/1.1)
HTTP/1.1 200 OK
Content-Type: application/json; charset=utf-8
cache-control: no-cache
content-length: 71736

05:03:25.876 [AsyncHttpClient-1-8] DEBUG org.asynchttpclient.netty.channel.ChannelManager - Adding key: http://localhost:54153 for channel [id: 0xb30c7316, L:/127.0.0.1:64704 - R:localhost/127.0.0.1:54153]
05:03:25.885 [main] DEBUG net.serenitybdd.core.photography.Darkroom - Send negative for processing for target\site\serenity\3fa25bf7404246898742a3a237926f859d3d01e2db021811bfb92a6e918aa6c5.png
05:03:25.886 [main] DEBUG net.thucydides.core.steps.StepInterceptor - STEP DONE: fillNameFacilities
05:03:25.886 [Darkroom Processing Line] DEBUG net.serenitybdd.core.photography.DarkroomProcessingLine - Processing screenshot image in /var/screenshots/screenshot-529760209488302885
  &amp#27;[32mAnd &amp#27;[0m&amp#27;[32madmin fill name facilities&amp#27;[0m                                                      &amp#27;[90m# starter.stepdefenitions.BuildingSteps.adminFillNameFacilities()&amp#27;[0m
05:03:25.886 [Darkroom Processing Line] DEBUG net.serenitybdd.core.photography.DarkroomProcessingLine - Saving screenshot to target\site\serenity\3fa25bf7404246898742a3a237926f859d3d01e2db021811bfb92a6e918aa6c5.png
05:03:25.928 [main] DEBUG net.thucydides.core.steps.StepInterceptor - STARTING STEP: BuildingSteps.adminFillDurationAndDistanceFacilities - fillDistanceFacilities
05:03:25.936 [Forwarding findElement on session cf225d7652b6d621971c0b5aa24e58c2 to remote] DEBUG org.asynchttpclient.netty.request.NettyRequestSender - Using pooled Channel '[id: 0xb30c7316, L:/127.0.0.1:64704 - R:localhost/127.0.0.1:54153]' for 'POST' to 'http://localhost:54153/session/cf225d7652b6d621971c0b5aa24e58c2/element'
05:03:25.937 [Forwarding findElement on session cf225d7652b6d621971c0b5aa24e58c2 to remote] DEBUG org.asynchttpclient.netty.request.NettyRequestSender - Using open Channel [id: 0xb30c7316, L:/127.0.0.1:64704 - R:localhost/127.0.0.1:54153] for POST '/session/cf225d7652b6d621971c0b5aa24e58c2/element'
05:03:25.962 [AsyncHttpClient-1-8] DEBUG org.asynchttpclient.netty.handler.HttpHandler - 

Request DefaultHttpRequest(decodeResult: success, version: HTTP/1.1)
POST /session/cf225d7652b6d621971c0b5aa24e58c2/element HTTP/1.1
User-Agent: selenium/4.1.2 (java windows)
Content-Length: 131
Content-Type: application/json; charset=utf-8
host: localhost:54153
accept: */*

Response DefaultHttpResponse(decodeResult: success, version: HTTP/1.1)
HTTP/1.1 200 OK
Content-Type: application/json; charset=utf-8
cache-control: no-cache
content-length: 88

05:03:25.962 [AsyncHttpClient-1-8] DEBUG org.asynchttpclient.netty.channel.ChannelManager - Adding key: http://localhost:54153 for channel [id: 0xb30c7316, L:/127.0.0.1:64704 - R:localhost/127.0.0.1:54153]
05:03:25.965 [Forwarding clearElement on session cf225d7652b6d621971c0b5aa24e58c2 to remote] DEBUG org.asynchttpclient.netty.request.NettyRequestSender - Using pooled Channel '[id: 0xb30c7316, L:/127.0.0.1:64704 - R:localhost/127.0.0.1:54153]' for 'POST' to 'http://localhost:54153/session/cf225d7652b6d621971c0b5aa24e58c2/element/413fca72-8b97-4812-b31d-ba145f623f87/clear'
05:03:25.965 [Forwarding clearElement on session cf225d7652b6d621971c0b5aa24e58c2 to remote] DEBUG org.asynchttpclient.netty.request.NettyRequestSender - Using open Channel [id: 0xb30c7316, L:/127.0.0.1:64704 - R:localhost/127.0.0.1:54153] for POST '/session/cf225d7652b6d621971c0b5aa24e58c2/element/413fca72-8b97-4812-b31d-ba145f623f87/clear'
05:03:26.033 [AsyncHttpClient-1-1] DEBUG org.asynchttpclient.netty.channel.DefaultChannelPool - Entry count for : http://localhost:64705 : 1
05:03:26.071 [AsyncHttpClient-1-8] DEBUG org.asynchttpclient.netty.handler.HttpHandler - 

Request DefaultHttpRequest(decodeResult: success, version: HTTP/1.1)
POST /session/cf225d7652b6d621971c0b5aa24e58c2/element/413fca72-8b97-4812-b31d-ba145f623f87/clear HTTP/1.1
User-Agent: selenium/4.1.2 (java windows)
Content-Length: 50
Content-Type: application/json; charset=utf-8
host: localhost:54153
accept: */*

Response DefaultHttpResponse(decodeResult: success, version: HTTP/1.1)
HTTP/1.1 200 OK
Content-Type: application/json; charset=utf-8
cache-control: no-cache
content-length: 14

05:03:26.072 [AsyncHttpClient-1-8] DEBUG org.asynchttpclient.netty.channel.ChannelManager - Adding key: http://localhost:54153 for channel [id: 0xb30c7316, L:/127.0.0.1:64704 - R:localhost/127.0.0.1:54153]
05:03:26.075 [Forwarding sendKeysToElement on session cf225d7652b6d621971c0b5aa24e58c2 to remote] DEBUG org.asynchttpclient.netty.request.NettyRequestSender - Using pooled Channel '[id: 0xb30c7316, L:/127.0.0.1:64704 - R:localhost/127.0.0.1:54153]' for 'POST' to 'http://localhost:54153/session/cf225d7652b6d621971c0b5aa24e58c2/element/413fca72-8b97-4812-b31d-ba145f623f87/value'
05:03:26.076 [Forwarding sendKeysToElement on session cf225d7652b6d621971c0b5aa24e58c2 to remote] DEBUG org.asynchttpclient.netty.request.NettyRequestSender - Using open Channel [id: 0xb30c7316, L:/127.0.0.1:64704 - R:localhost/127.0.0.1:54153] for POST '/session/cf225d7652b6d621971c0b5aa24e58c2/element/413fca72-8b97-4812-b31d-ba145f623f87/value'
05:03:26.177 [AsyncHttpClient-1-8] DEBUG org.asynchttpclient.netty.handler.HttpHandler - 

Request DefaultHttpRequest(decodeResult: success, version: HTTP/1.1)
POST /session/cf225d7652b6d621971c0b5aa24e58c2/element/413fca72-8b97-4812-b31d-ba145f623f87/value HTTP/1.1
User-Agent: selenium/4.1.2 (java windows)
Content-Length: 101
Content-Type: application/json; charset=utf-8
host: localhost:54153
accept: */*

Response DefaultHttpResponse(decodeResult: success, version: HTTP/1.1)
HTTP/1.1 200 OK
Content-Type: application/json; charset=utf-8
cache-control: no-cache
content-length: 14

05:03:26.178 [AsyncHttpClient-1-8] DEBUG org.asynchttpclient.netty.channel.ChannelManager - Adding key: http://localhost:54153 for channel [id: 0xb30c7316, L:/127.0.0.1:64704 - R:localhost/127.0.0.1:54153]
05:03:26.196 [Forwarding screenshot on session cf225d7652b6d621971c0b5aa24e58c2 to remote] DEBUG org.asynchttpclient.netty.request.NettyRequestSender - Using pooled Channel '[id: 0xb30c7316, L:/127.0.0.1:64704 - R:localhost/127.0.0.1:54153]' for 'GET' to 'http://localhost:54153/session/cf225d7652b6d621971c0b5aa24e58c2/screenshot'
05:03:26.197 [Forwarding screenshot on session cf225d7652b6d621971c0b5aa24e58c2 to remote] DEBUG org.asynchttpclient.netty.request.NettyRequestSender - Using open Channel [id: 0xb30c7316, L:/127.0.0.1:64704 - R:localhost/127.0.0.1:54153] for GET '/session/cf225d7652b6d621971c0b5aa24e58c2/screenshot'
05:03:26.479 [AsyncHttpClient-1-8] DEBUG org.asynchttpclient.netty.handler.HttpHandler - 

Request DefaultFullHttpRequest(decodeResult: success, version: HTTP/1.1, content: EmptyByteBufBE)
GET /session/cf225d7652b6d621971c0b5aa24e58c2/screenshot HTTP/1.1
User-Agent: selenium/4.1.2 (java windows)
Cache-Control: no-cache
Content-Type: application/json; charset=utf-8
host: localhost:54153
accept: */*

Response DefaultHttpResponse(decodeResult: success, version: HTTP/1.1)
HTTP/1.1 200 OK
Content-Type: application/json; charset=utf-8
cache-control: no-cache
content-length: 68596

05:03:26.480 [AsyncHttpClient-1-8] DEBUG org.asynchttpclient.netty.channel.ChannelManager - Adding key: http://localhost:54153 for channel [id: 0xb30c7316, L:/127.0.0.1:64704 - R:localhost/127.0.0.1:54153]
05:03:26.489 [main] DEBUG net.serenitybdd.core.photography.Darkroom - Send negative for processing for target\site\serenity\065d634d23bc3b4eccad4d95c71a5f61d03a323ce9d453427c209ac8de7fa579.png
05:03:26.490 [main] DEBUG net.thucydides.core.steps.StepInterceptor - STEP DONE: fillDistanceFacilities
05:03:26.490 [Darkroom Processing Line] DEBUG net.serenitybdd.core.photography.DarkroomProcessingLine - Processing screenshot image in /var/screenshots/screenshot-1874491761289291609
05:03:26.490 [Darkroom Processing Line] DEBUG net.serenitybdd.core.photography.DarkroomProcessingLine - Saving screenshot to target\site\serenity\065d634d23bc3b4eccad4d95c71a5f61d03a323ce9d453427c209ac8de7fa579.png
05:03:26.503 [main] DEBUG net.thucydides.core.steps.StepInterceptor - STARTING STEP: BuildingSteps.adminFillDurationAndDistanceFacilities - fillDurationFacilities
05:03:26.511 [Forwarding findElement on session cf225d7652b6d621971c0b5aa24e58c2 to remote] DEBUG org.asynchttpclient.netty.request.NettyRequestSender - Using pooled Channel '[id: 0xb30c7316, L:/127.0.0.1:64704 - R:localhost/127.0.0.1:54153]' for 'POST' to 'http://localhost:54153/session/cf225d7652b6d621971c0b5aa24e58c2/element'
05:03:26.511 [Forwarding findElement on session cf225d7652b6d621971c0b5aa24e58c2 to remote] DEBUG org.asynchttpclient.netty.request.NettyRequestSender - Using open Channel [id: 0xb30c7316, L:/127.0.0.1:64704 - R:localhost/127.0.0.1:54153] for POST '/session/cf225d7652b6d621971c0b5aa24e58c2/element'
05:03:26.537 [AsyncHttpClient-1-8] DEBUG org.asynchttpclient.netty.handler.HttpHandler - 

Request DefaultHttpRequest(decodeResult: success, version: HTTP/1.1)
POST /session/cf225d7652b6d621971c0b5aa24e58c2/element HTTP/1.1
User-Agent: selenium/4.1.2 (java windows)
Content-Length: 63
Content-Type: application/json; charset=utf-8
host: localhost:54153
accept: */*

Response DefaultHttpResponse(decodeResult: success, version: HTTP/1.1)
HTTP/1.1 200 OK
Content-Type: application/json; charset=utf-8
cache-control: no-cache
content-length: 88

05:03:26.538 [AsyncHttpClient-1-8] DEBUG org.asynchttpclient.netty.channel.ChannelManager - Adding key: http://localhost:54153 for channel [id: 0xb30c7316, L:/127.0.0.1:64704 - R:localhost/127.0.0.1:54153]
05:03:26.540 [Forwarding clearElement on session cf225d7652b6d621971c0b5aa24e58c2 to remote] DEBUG org.asynchttpclient.netty.request.NettyRequestSender - Using pooled Channel '[id: 0xb30c7316, L:/127.0.0.1:64704 - R:localhost/127.0.0.1:54153]' for 'POST' to 'http://localhost:54153/session/cf225d7652b6d621971c0b5aa24e58c2/element/a7d7116c-9dee-402d-b3ee-1dfad5ac7899/clear'
05:03:26.540 [Forwarding clearElement on session cf225d7652b6d621971c0b5aa24e58c2 to remote] DEBUG org.asynchttpclient.netty.request.NettyRequestSender - Using open Channel [id: 0xb30c7316, L:/127.0.0.1:64704 - R:localhost/127.0.0.1:54153] for POST '/session/cf225d7652b6d621971c0b5aa24e58c2/element/a7d7116c-9dee-402d-b3ee-1dfad5ac7899/clear'
05:03:26.632 [AsyncHttpClient-1-8] DEBUG org.asynchttpclient.netty.handler.HttpHandler - 

Request DefaultHttpRequest(decodeResult: success, version: HTTP/1.1)
POST /session/cf225d7652b6d621971c0b5aa24e58c2/element/a7d7116c-9dee-402d-b3ee-1dfad5ac7899/clear HTTP/1.1
User-Agent: selenium/4.1.2 (java windows)
Content-Length: 50
Content-Type: application/json; charset=utf-8
host: localhost:54153
accept: */*

Response DefaultHttpResponse(decodeResult: success, version: HTTP/1.1)
HTTP/1.1 200 OK
Content-Type: application/json; charset=utf-8
cache-control: no-cache
content-length: 14

05:03:26.633 [AsyncHttpClient-1-8] DEBUG org.asynchttpclient.netty.channel.ChannelManager - Adding key: http://localhost:54153 for channel [id: 0xb30c7316, L:/127.0.0.1:64704 - R:localhost/127.0.0.1:54153]
05:03:26.638 [Forwarding sendKeysToElement on session cf225d7652b6d621971c0b5aa24e58c2 to remote] DEBUG org.asynchttpclient.netty.request.NettyRequestSender - Using pooled Channel '[id: 0xb30c7316, L:/127.0.0.1:64704 - R:localhost/127.0.0.1:54153]' for 'POST' to 'http://localhost:54153/session/cf225d7652b6d621971c0b5aa24e58c2/element/a7d7116c-9dee-402d-b3ee-1dfad5ac7899/value'
05:03:26.639 [Forwarding sendKeysToElement on session cf225d7652b6d621971c0b5aa24e58c2 to remote] DEBUG org.asynchttpclient.netty.request.NettyRequestSender - Using open Channel [id: 0xb30c7316, L:/127.0.0.1:64704 - R:localhost/127.0.0.1:54153] for POST '/session/cf225d7652b6d621971c0b5aa24e58c2/element/a7d7116c-9dee-402d-b3ee-1dfad5ac7899/value'
05:03:26.744 [AsyncHttpClient-1-8] DEBUG org.asynchttpclient.netty.handler.HttpHandler - 

Request DefaultHttpRequest(decodeResult: success, version: HTTP/1.1)
POST /session/cf225d7652b6d621971c0b5aa24e58c2/element/a7d7116c-9dee-402d-b3ee-1dfad5ac7899/value HTTP/1.1
User-Agent: selenium/4.1.2 (java windows)
Content-Length: 101
Content-Type: application/json; charset=utf-8
host: localhost:54153
accept: */*

Response DefaultHttpResponse(decodeResult: success, version: HTTP/1.1)
HTTP/1.1 200 OK
Content-Type: application/json; charset=utf-8
cache-control: no-cache
content-length: 14

05:03:26.744 [AsyncHttpClient-1-8] DEBUG org.asynchttpclient.netty.channel.ChannelManager - Adding key: http://localhost:54153 for channel [id: 0xb30c7316, L:/127.0.0.1:64704 - R:localhost/127.0.0.1:54153]
05:03:26.760 [Forwarding screenshot on session cf225d7652b6d621971c0b5aa24e58c2 to remote] DEBUG org.asynchttpclient.netty.request.NettyRequestSender - Using pooled Channel '[id: 0xb30c7316, L:/127.0.0.1:64704 - R:localhost/127.0.0.1:54153]' for 'GET' to 'http://localhost:54153/session/cf225d7652b6d621971c0b5aa24e58c2/screenshot'
05:03:26.760 [Forwarding screenshot on session cf225d7652b6d621971c0b5aa24e58c2 to remote] DEBUG org.asynchttpclient.netty.request.NettyRequestSender - Using open Channel [id: 0xb30c7316, L:/127.0.0.1:64704 - R:localhost/127.0.0.1:54153] for GET '/session/cf225d7652b6d621971c0b5aa24e58c2/screenshot'
05:03:27.030 [AsyncHttpClient-1-8] DEBUG org.asynchttpclient.netty.handler.HttpHandler - 

Request DefaultFullHttpRequest(decodeResult: success, version: HTTP/1.1, content: EmptyByteBufBE)
GET /session/cf225d7652b6d621971c0b5aa24e58c2/screenshot HTTP/1.1
User-Agent: selenium/4.1.2 (java windows)
Cache-Control: no-cache
Content-Type: application/json; charset=utf-8
host: localhost:54153
accept: */*

Response DefaultHttpResponse(decodeResult: success, version: HTTP/1.1)
HTTP/1.1 200 OK
Content-Type: application/json; charset=utf-8
cache-control: no-cache
content-length: 66216

05:03:27.030 [AsyncHttpClient-1-8] DEBUG org.asynchttpclient.netty.channel.ChannelManager - Adding key: http://localhost:54153 for channel [id: 0xb30c7316, L:/127.0.0.1:64704 - R:localhost/127.0.0.1:54153]
05:03:27.058 [main] DEBUG net.serenitybdd.core.photography.Darkroom - Send negative for processing for target\site\serenity\f51ef4bc28551392462f3833ff4750e316219043c790a0ebce2b6db13af12186.png
05:03:27.059 [main] DEBUG net.thucydides.core.steps.StepInterceptor - STEP DONE: fillDurationFacilities
  &amp#27;[32mAnd &amp#27;[0m&amp#27;[32madmin fill duration and distance facilities&amp#27;[0m                                     &amp#27;[90m# starter.stepdefenitions.BuildingSteps.adminFillDurationAndDistanceFacilities()&amp#27;[0m
05:03:27.059 [Darkroom Processing Line] DEBUG net.serenitybdd.core.photography.DarkroomProcessingLine - Processing screenshot image in /var/screenshots/screenshot-7448765490880392357
05:03:27.059 [Darkroom Processing Line] DEBUG net.serenitybdd.core.photography.DarkroomProcessingLine - Saving screenshot to target\site\serenity\f51ef4bc28551392462f3833ff4750e316219043c790a0ebce2b6db13af12186.png
05:03:27.094 [main] DEBUG net.thucydides.core.steps.StepInterceptor - STARTING STEP: BuildingSteps.adminClickAddFacilities - clickAddFacilities
05:03:27.101 [Forwarding findElement on session cf225d7652b6d621971c0b5aa24e58c2 to remote] DEBUG org.asynchttpclient.netty.request.NettyRequestSender - Using pooled Channel '[id: 0xb30c7316, L:/127.0.0.1:64704 - R:localhost/127.0.0.1:54153]' for 'POST' to 'http://localhost:54153/session/cf225d7652b6d621971c0b5aa24e58c2/element'
05:03:27.101 [Forwarding findElement on session cf225d7652b6d621971c0b5aa24e58c2 to remote] DEBUG org.asynchttpclient.netty.request.NettyRequestSender - Using open Channel [id: 0xb30c7316, L:/127.0.0.1:64704 - R:localhost/127.0.0.1:54153] for POST '/session/cf225d7652b6d621971c0b5aa24e58c2/element'
05:03:27.128 [AsyncHttpClient-1-8] DEBUG org.asynchttpclient.netty.handler.HttpHandler - 

Request DefaultHttpRequest(decodeResult: success, version: HTTP/1.1)
POST /session/cf225d7652b6d621971c0b5aa24e58c2/element HTTP/1.1
User-Agent: selenium/4.1.2 (java windows)
Content-Length: 96
Content-Type: application/json; charset=utf-8
host: localhost:54153
accept: */*

Response DefaultHttpResponse(decodeResult: success, version: HTTP/1.1)
HTTP/1.1 200 OK
Content-Type: application/json; charset=utf-8
cache-control: no-cache
content-length: 88

05:03:27.128 [AsyncHttpClient-1-8] DEBUG org.asynchttpclient.netty.channel.ChannelManager - Adding key: http://localhost:54153 for channel [id: 0xb30c7316, L:/127.0.0.1:64704 - R:localhost/127.0.0.1:54153]
05:03:27.130 [Forwarding getElementTagName on session cf225d7652b6d621971c0b5aa24e58c2 to remote] DEBUG org.asynchttpclient.netty.request.NettyRequestSender - Using pooled Channel '[id: 0xb30c7316, L:/127.0.0.1:64704 - R:localhost/127.0.0.1:54153]' for 'GET' to 'http://localhost:54153/session/cf225d7652b6d621971c0b5aa24e58c2/element/1d0295dc-ec6a-4e2a-a8ba-6553bf44300a/name'
05:03:27.131 [Forwarding getElementTagName on session cf225d7652b6d621971c0b5aa24e58c2 to remote] DEBUG org.asynchttpclient.netty.request.NettyRequestSender - Using open Channel [id: 0xb30c7316, L:/127.0.0.1:64704 - R:localhost/127.0.0.1:54153] for GET '/session/cf225d7652b6d621971c0b5aa24e58c2/element/1d0295dc-ec6a-4e2a-a8ba-6553bf44300a/name'
05:03:27.139 [AsyncHttpClient-1-8] DEBUG org.asynchttpclient.netty.handler.HttpHandler - 

Request DefaultFullHttpRequest(decodeResult: success, version: HTTP/1.1, content: EmptyByteBufBE)
GET /session/cf225d7652b6d621971c0b5aa24e58c2/element/1d0295dc-ec6a-4e2a-a8ba-6553bf44300a/name HTTP/1.1
User-Agent: selenium/4.1.2 (java windows)
Cache-Control: no-cache
Content-Type: application/json; charset=utf-8
host: localhost:54153
accept: */*

Response DefaultHttpResponse(decodeResult: success, version: HTTP/1.1)
HTTP/1.1 200 OK
Content-Type: application/json; charset=utf-8
cache-control: no-cache
content-length: 18

05:03:27.140 [AsyncHttpClient-1-8] DEBUG org.asynchttpclient.netty.channel.ChannelManager - Adding key: http://localhost:54153 for channel [id: 0xb30c7316, L:/127.0.0.1:64704 - R:localhost/127.0.0.1:54153]
05:03:27.142 [Forwarding getElementTagName on session cf225d7652b6d621971c0b5aa24e58c2 to remote] DEBUG org.asynchttpclient.netty.request.NettyRequestSender - Using pooled Channel '[id: 0xb30c7316, L:/127.0.0.1:64704 - R:localhost/127.0.0.1:54153]' for 'GET' to 'http://localhost:54153/session/cf225d7652b6d621971c0b5aa24e58c2/element/1d0295dc-ec6a-4e2a-a8ba-6553bf44300a/name'
05:03:27.142 [Forwarding getElementTagName on session cf225d7652b6d621971c0b5aa24e58c2 to remote] DEBUG org.asynchttpclient.netty.request.NettyRequestSender - Using open Channel [id: 0xb30c7316, L:/127.0.0.1:64704 - R:localhost/127.0.0.1:54153] for GET '/session/cf225d7652b6d621971c0b5aa24e58c2/element/1d0295dc-ec6a-4e2a-a8ba-6553bf44300a/name'
05:03:27.143 [AsyncHttpClient-1-1] DEBUG org.asynchttpclient.netty.channel.DefaultChannelPool - Entry count for : http://localhost:64705 : 1
05:03:27.148 [AsyncHttpClient-1-8] DEBUG org.asynchttpclient.netty.handler.HttpHandler - 

Request DefaultFullHttpRequest(decodeResult: success, version: HTTP/1.1, content: EmptyByteBufBE)
GET /session/cf225d7652b6d621971c0b5aa24e58c2/element/1d0295dc-ec6a-4e2a-a8ba-6553bf44300a/name HTTP/1.1
User-Agent: selenium/4.1.2 (java windows)
Cache-Control: no-cache
Content-Type: application/json; charset=utf-8
host: localhost:54153
accept: */*

Response DefaultHttpResponse(decodeResult: success, version: HTTP/1.1)
HTTP/1.1 200 OK
Content-Type: application/json; charset=utf-8
cache-control: no-cache
content-length: 18

05:03:27.148 [AsyncHttpClient-1-8] DEBUG org.asynchttpclient.netty.channel.ChannelManager - Adding key: http://localhost:54153 for channel [id: 0xb30c7316, L:/127.0.0.1:64704 - R:localhost/127.0.0.1:54153]
05:03:27.153 [Forwarding isElementEnabled on session cf225d7652b6d621971c0b5aa24e58c2 to remote] DEBUG org.asynchttpclient.netty.request.NettyRequestSender - Using pooled Channel '[id: 0xb30c7316, L:/127.0.0.1:64704 - R:localhost/127.0.0.1:54153]' for 'GET' to 'http://localhost:54153/session/cf225d7652b6d621971c0b5aa24e58c2/element/1d0295dc-ec6a-4e2a-a8ba-6553bf44300a/enabled'
05:03:27.153 [Forwarding isElementEnabled on session cf225d7652b6d621971c0b5aa24e58c2 to remote] DEBUG org.asynchttpclient.netty.request.NettyRequestSender - Using open Channel [id: 0xb30c7316, L:/127.0.0.1:64704 - R:localhost/127.0.0.1:54153] for GET '/session/cf225d7652b6d621971c0b5aa24e58c2/element/1d0295dc-ec6a-4e2a-a8ba-6553bf44300a/enabled'
05:03:27.172 [AsyncHttpClient-1-8] DEBUG org.asynchttpclient.netty.handler.HttpHandler - 

Request DefaultFullHttpRequest(decodeResult: success, version: HTTP/1.1, content: EmptyByteBufBE)
GET /session/cf225d7652b6d621971c0b5aa24e58c2/element/1d0295dc-ec6a-4e2a-a8ba-6553bf44300a/enabled HTTP/1.1
User-Agent: selenium/4.1.2 (java windows)
Cache-Control: no-cache
Content-Type: application/json; charset=utf-8
host: localhost:54153
accept: */*

Response DefaultHttpResponse(decodeResult: success, version: HTTP/1.1)
HTTP/1.1 200 OK
Content-Type: application/json; charset=utf-8
cache-control: no-cache
content-length: 14

05:03:27.172 [AsyncHttpClient-1-8] DEBUG org.asynchttpclient.netty.channel.ChannelManager - Adding key: http://localhost:54153 for channel [id: 0xb30c7316, L:/127.0.0.1:64704 - R:localhost/127.0.0.1:54153]
05:03:27.175 [Forwarding isElementEnabled on session cf225d7652b6d621971c0b5aa24e58c2 to remote] DEBUG org.asynchttpclient.netty.request.NettyRequestSender - Using pooled Channel '[id: 0xb30c7316, L:/127.0.0.1:64704 - R:localhost/127.0.0.1:54153]' for 'GET' to 'http://localhost:54153/session/cf225d7652b6d621971c0b5aa24e58c2/element/1d0295dc-ec6a-4e2a-a8ba-6553bf44300a/enabled'
05:03:27.175 [Forwarding isElementEnabled on session cf225d7652b6d621971c0b5aa24e58c2 to remote] DEBUG org.asynchttpclient.netty.request.NettyRequestSender - Using open Channel [id: 0xb30c7316, L:/127.0.0.1:64704 - R:localhost/127.0.0.1:54153] for GET '/session/cf225d7652b6d621971c0b5aa24e58c2/element/1d0295dc-ec6a-4e2a-a8ba-6553bf44300a/enabled'
05:03:27.185 [AsyncHttpClient-1-8] DEBUG org.asynchttpclient.netty.handler.HttpHandler - 

Request DefaultFullHttpRequest(decodeResult: success, version: HTTP/1.1, content: EmptyByteBufBE)
GET /session/cf225d7652b6d621971c0b5aa24e58c2/element/1d0295dc-ec6a-4e2a-a8ba-6553bf44300a/enabled HTTP/1.1
User-Agent: selenium/4.1.2 (java windows)
Cache-Control: no-cache
Content-Type: application/json; charset=utf-8
host: localhost:54153
accept: */*

Response DefaultHttpResponse(decodeResult: success, version: HTTP/1.1)
HTTP/1.1 200 OK
Content-Type: application/json; charset=utf-8
cache-control: no-cache
content-length: 14

05:03:27.185 [AsyncHttpClient-1-8] DEBUG org.asynchttpclient.netty.channel.ChannelManager - Adding key: http://localhost:54153 for channel [id: 0xb30c7316, L:/127.0.0.1:64704 - R:localhost/127.0.0.1:54153]
05:03:27.189 [Forwarding findElement on session cf225d7652b6d621971c0b5aa24e58c2 to remote] DEBUG org.asynchttpclient.netty.request.NettyRequestSender - Using pooled Channel '[id: 0xb30c7316, L:/127.0.0.1:64704 - R:localhost/127.0.0.1:54153]' for 'POST' to 'http://localhost:54153/session/cf225d7652b6d621971c0b5aa24e58c2/element'
05:03:27.189 [Forwarding findElement on session cf225d7652b6d621971c0b5aa24e58c2 to remote] DEBUG org.asynchttpclient.netty.request.NettyRequestSender - Using open Channel [id: 0xb30c7316, L:/127.0.0.1:64704 - R:localhost/127.0.0.1:54153] for POST '/session/cf225d7652b6d621971c0b5aa24e58c2/element'
05:03:27.202 [AsyncHttpClient-1-8] DEBUG org.asynchttpclient.netty.handler.HttpHandler - 

Request DefaultHttpRequest(decodeResult: success, version: HTTP/1.1)
POST /session/cf225d7652b6d621971c0b5aa24e58c2/element HTTP/1.1
User-Agent: selenium/4.1.2 (java windows)
Content-Length: 96
Content-Type: application/json; charset=utf-8
host: localhost:54153
accept: */*

Response DefaultHttpResponse(decodeResult: success, version: HTTP/1.1)
HTTP/1.1 200 OK
Content-Type: application/json; charset=utf-8
cache-control: no-cache
content-length: 88

05:03:27.203 [AsyncHttpClient-1-8] DEBUG org.asynchttpclient.netty.channel.ChannelManager - Adding key: http://localhost:54153 for channel [id: 0xb30c7316, L:/127.0.0.1:64704 - R:localhost/127.0.0.1:54153]
05:03:27.205 [Forwarding clickElement on session cf225d7652b6d621971c0b5aa24e58c2 to remote] DEBUG org.asynchttpclient.netty.request.NettyRequestSender - Using pooled Channel '[id: 0xb30c7316, L:/127.0.0.1:64704 - R:localhost/127.0.0.1:54153]' for 'POST' to 'http://localhost:54153/session/cf225d7652b6d621971c0b5aa24e58c2/element/1d0295dc-ec6a-4e2a-a8ba-6553bf44300a/click'
05:03:27.205 [Forwarding clickElement on session cf225d7652b6d621971c0b5aa24e58c2 to remote] DEBUG org.asynchttpclient.netty.request.NettyRequestSender - Using open Channel [id: 0xb30c7316, L:/127.0.0.1:64704 - R:localhost/127.0.0.1:54153] for POST '/session/cf225d7652b6d621971c0b5aa24e58c2/element/1d0295dc-ec6a-4e2a-a8ba-6553bf44300a/click'
05:03:27.365 [AsyncHttpClient-1-8] DEBUG org.asynchttpclient.netty.handler.HttpHandler - 

Request DefaultHttpRequest(decodeResult: success, version: HTTP/1.1)
POST /session/cf225d7652b6d621971c0b5aa24e58c2/element/1d0295dc-ec6a-4e2a-a8ba-6553bf44300a/click HTTP/1.1
User-Agent: selenium/4.1.2 (java windows)
Content-Length: 50
Content-Type: application/json; charset=utf-8
host: localhost:54153
accept: */*

Response DefaultHttpResponse(decodeResult: success, version: HTTP/1.1)
HTTP/1.1 200 OK
Content-Type: application/json; charset=utf-8
cache-control: no-cache
content-length: 14

05:03:27.365 [AsyncHttpClient-1-8] DEBUG org.asynchttpclient.netty.channel.ChannelManager - Adding key: http://localhost:54153 for channel [id: 0xb30c7316, L:/127.0.0.1:64704 - R:localhost/127.0.0.1:54153]
05:03:27.380 [Forwarding screenshot on session cf225d7652b6d621971c0b5aa24e58c2 to remote] DEBUG org.asynchttpclient.netty.request.NettyRequestSender - Using pooled Channel '[id: 0xb30c7316, L:/127.0.0.1:64704 - R:localhost/127.0.0.1:54153]' for 'GET' to 'http://localhost:54153/session/cf225d7652b6d621971c0b5aa24e58c2/screenshot'
05:03:27.381 [Forwarding screenshot on session cf225d7652b6d621971c0b5aa24e58c2 to remote] DEBUG org.asynchttpclient.netty.request.NettyRequestSender - Using open Channel [id: 0xb30c7316, L:/127.0.0.1:64704 - R:localhost/127.0.0.1:54153] for GET '/session/cf225d7652b6d621971c0b5aa24e58c2/screenshot'
05:03:27.715 [AsyncHttpClient-1-8] DEBUG org.asynchttpclient.netty.handler.HttpHandler - 

Request DefaultFullHttpRequest(decodeResult: success, version: HTTP/1.1, content: EmptyByteBufBE)
GET /session/cf225d7652b6d621971c0b5aa24e58c2/screenshot HTTP/1.1
User-Agent: selenium/4.1.2 (java windows)
Cache-Control: no-cache
Content-Type: application/json; charset=utf-8
host: localhost:54153
accept: */*

Response DefaultHttpResponse(decodeResult: success, version: HTTP/1.1)
HTTP/1.1 200 OK
Content-Type: application/json; charset=utf-8
cache-control: no-cache
content-length: 88528

05:03:27.716 [AsyncHttpClient-1-8] DEBUG org.asynchttpclient.netty.channel.ChannelManager - Adding key: http://localhost:54153 for channel [id: 0xb30c7316, L:/127.0.0.1:64704 - R:localhost/127.0.0.1:54153]
05:03:27.727 [main] DEBUG net.serenitybdd.core.photography.Darkroom - Send negative for processing for target\site\serenity\77aa8a77f67ce6f02d04ab4cbfb2c18f1adf38c546f33055fcdbeb0540d7adab.png
05:03:27.728 [main] DEBUG net.thucydides.core.steps.StepInterceptor - STEP DONE: clickAddFacilities
05:03:27.728 [Darkroom Processing Line] DEBUG net.serenitybdd.core.photography.DarkroomProcessingLine - Processing screenshot image in /var/screenshots/screenshot-5610956687002593596
05:03:27.728 [Darkroom Processing Line] DEBUG net.serenitybdd.core.photography.DarkroomProcessingLine - Saving screenshot to target\site\serenity\77aa8a77f67ce6f02d04ab4cbfb2c18f1adf38c546f33055fcdbeb0540d7adab.png
05:03:27.743 [main] DEBUG net.thucydides.core.steps.StepInterceptor - STARTING STEP: BuildingSteps.adminClickAddFacilities - clickConfirmFacilities
05:03:27.751 [Forwarding findElement on session cf225d7652b6d621971c0b5aa24e58c2 to remote] DEBUG org.asynchttpclient.netty.request.NettyRequestSender - Using pooled Channel '[id: 0xb30c7316, L:/127.0.0.1:64704 - R:localhost/127.0.0.1:54153]' for 'POST' to 'http://localhost:54153/session/cf225d7652b6d621971c0b5aa24e58c2/element'
05:03:27.752 [Forwarding findElement on session cf225d7652b6d621971c0b5aa24e58c2 to remote] DEBUG org.asynchttpclient.netty.request.NettyRequestSender - Using open Channel [id: 0xb30c7316, L:/127.0.0.1:64704 - R:localhost/127.0.0.1:54153] for POST '/session/cf225d7652b6d621971c0b5aa24e58c2/element'
05:03:27.778 [AsyncHttpClient-1-8] DEBUG org.asynchttpclient.netty.handler.HttpHandler - 

Request DefaultHttpRequest(decodeResult: success, version: HTTP/1.1)
POST /session/cf225d7652b6d621971c0b5aa24e58c2/element HTTP/1.1
User-Agent: selenium/4.1.2 (java windows)
Content-Length: 79
Content-Type: application/json; charset=utf-8
host: localhost:54153
accept: */*

Response DefaultHttpResponse(decodeResult: success, version: HTTP/1.1)
HTTP/1.1 200 OK
Content-Type: application/json; charset=utf-8
cache-control: no-cache
content-length: 88

05:03:27.779 [AsyncHttpClient-1-8] DEBUG org.asynchttpclient.netty.channel.ChannelManager - Adding key: http://localhost:54153 for channel [id: 0xb30c7316, L:/127.0.0.1:64704 - R:localhost/127.0.0.1:54153]
05:03:27.781 [Forwarding getElementTagName on session cf225d7652b6d621971c0b5aa24e58c2 to remote] DEBUG org.asynchttpclient.netty.request.NettyRequestSender - Using pooled Channel '[id: 0xb30c7316, L:/127.0.0.1:64704 - R:localhost/127.0.0.1:54153]' for 'GET' to 'http://localhost:54153/session/cf225d7652b6d621971c0b5aa24e58c2/element/ed9ffe9f-3c27-44dd-a4e4-d954f7a3cb07/name'
05:03:27.781 [Forwarding getElementTagName on session cf225d7652b6d621971c0b5aa24e58c2 to remote] DEBUG org.asynchttpclient.netty.request.NettyRequestSender - Using open Channel [id: 0xb30c7316, L:/127.0.0.1:64704 - R:localhost/127.0.0.1:54153] for GET '/session/cf225d7652b6d621971c0b5aa24e58c2/element/ed9ffe9f-3c27-44dd-a4e4-d954f7a3cb07/name'
05:03:27.790 [AsyncHttpClient-1-8] DEBUG org.asynchttpclient.netty.handler.HttpHandler - 

Request DefaultFullHttpRequest(decodeResult: success, version: HTTP/1.1, content: EmptyByteBufBE)
GET /session/cf225d7652b6d621971c0b5aa24e58c2/element/ed9ffe9f-3c27-44dd-a4e4-d954f7a3cb07/name HTTP/1.1
User-Agent: selenium/4.1.2 (java windows)
Cache-Control: no-cache
Content-Type: application/json; charset=utf-8
host: localhost:54153
accept: */*

Response DefaultHttpResponse(decodeResult: success, version: HTTP/1.1)
HTTP/1.1 200 OK
Content-Type: application/json; charset=utf-8
cache-control: no-cache
content-length: 18

05:03:27.791 [AsyncHttpClient-1-8] DEBUG org.asynchttpclient.netty.channel.ChannelManager - Adding key: http://localhost:54153 for channel [id: 0xb30c7316, L:/127.0.0.1:64704 - R:localhost/127.0.0.1:54153]
05:03:27.793 [Forwarding getElementTagName on session cf225d7652b6d621971c0b5aa24e58c2 to remote] DEBUG org.asynchttpclient.netty.request.NettyRequestSender - Using pooled Channel '[id: 0xb30c7316, L:/127.0.0.1:64704 - R:localhost/127.0.0.1:54153]' for 'GET' to 'http://localhost:54153/session/cf225d7652b6d621971c0b5aa24e58c2/element/ed9ffe9f-3c27-44dd-a4e4-d954f7a3cb07/name'
05:03:27.794 [Forwarding getElementTagName on session cf225d7652b6d621971c0b5aa24e58c2 to remote] DEBUG org.asynchttpclient.netty.request.NettyRequestSender - Using open Channel [id: 0xb30c7316, L:/127.0.0.1:64704 - R:localhost/127.0.0.1:54153] for GET '/session/cf225d7652b6d621971c0b5aa24e58c2/element/ed9ffe9f-3c27-44dd-a4e4-d954f7a3cb07/name'
05:03:27.809 [AsyncHttpClient-1-8] DEBUG org.asynchttpclient.netty.handler.HttpHandler - 

Request DefaultFullHttpRequest(decodeResult: success, version: HTTP/1.1, content: EmptyByteBufBE)
GET /session/cf225d7652b6d621971c0b5aa24e58c2/element/ed9ffe9f-3c27-44dd-a4e4-d954f7a3cb07/name HTTP/1.1
User-Agent: selenium/4.1.2 (java windows)
Cache-Control: no-cache
Content-Type: application/json; charset=utf-8
host: localhost:54153
accept: */*

Response DefaultHttpResponse(decodeResult: success, version: HTTP/1.1)
HTTP/1.1 200 OK
Content-Type: application/json; charset=utf-8
cache-control: no-cache
content-length: 18

05:03:27.810 [AsyncHttpClient-1-8] DEBUG org.asynchttpclient.netty.channel.ChannelManager - Adding key: http://localhost:54153 for channel [id: 0xb30c7316, L:/127.0.0.1:64704 - R:localhost/127.0.0.1:54153]
05:03:27.815 [Forwarding isElementEnabled on session cf225d7652b6d621971c0b5aa24e58c2 to remote] DEBUG org.asynchttpclient.netty.request.NettyRequestSender - Using pooled Channel '[id: 0xb30c7316, L:/127.0.0.1:64704 - R:localhost/127.0.0.1:54153]' for 'GET' to 'http://localhost:54153/session/cf225d7652b6d621971c0b5aa24e58c2/element/ed9ffe9f-3c27-44dd-a4e4-d954f7a3cb07/enabled'
05:03:27.815 [Forwarding isElementEnabled on session cf225d7652b6d621971c0b5aa24e58c2 to remote] DEBUG org.asynchttpclient.netty.request.NettyRequestSender - Using open Channel [id: 0xb30c7316, L:/127.0.0.1:64704 - R:localhost/127.0.0.1:54153] for GET '/session/cf225d7652b6d621971c0b5aa24e58c2/element/ed9ffe9f-3c27-44dd-a4e4-d954f7a3cb07/enabled'
05:03:27.841 [AsyncHttpClient-1-8] DEBUG org.asynchttpclient.netty.handler.HttpHandler - 

Request DefaultFullHttpRequest(decodeResult: success, version: HTTP/1.1, content: EmptyByteBufBE)
GET /session/cf225d7652b6d621971c0b5aa24e58c2/element/ed9ffe9f-3c27-44dd-a4e4-d954f7a3cb07/enabled HTTP/1.1
User-Agent: selenium/4.1.2 (java windows)
Cache-Control: no-cache
Content-Type: application/json; charset=utf-8
host: localhost:54153
accept: */*

Response DefaultHttpResponse(decodeResult: success, version: HTTP/1.1)
HTTP/1.1 200 OK
Content-Type: application/json; charset=utf-8
cache-control: no-cache
content-length: 14

05:03:27.841 [AsyncHttpClient-1-8] DEBUG org.asynchttpclient.netty.channel.ChannelManager - Adding key: http://localhost:54153 for channel [id: 0xb30c7316, L:/127.0.0.1:64704 - R:localhost/127.0.0.1:54153]
05:03:27.845 [Forwarding isElementEnabled on session cf225d7652b6d621971c0b5aa24e58c2 to remote] DEBUG org.asynchttpclient.netty.request.NettyRequestSender - Using pooled Channel '[id: 0xb30c7316, L:/127.0.0.1:64704 - R:localhost/127.0.0.1:54153]' for 'GET' to 'http://localhost:54153/session/cf225d7652b6d621971c0b5aa24e58c2/element/ed9ffe9f-3c27-44dd-a4e4-d954f7a3cb07/enabled'
05:03:27.845 [Forwarding isElementEnabled on session cf225d7652b6d621971c0b5aa24e58c2 to remote] DEBUG org.asynchttpclient.netty.request.NettyRequestSender - Using open Channel [id: 0xb30c7316, L:/127.0.0.1:64704 - R:localhost/127.0.0.1:54153] for GET '/session/cf225d7652b6d621971c0b5aa24e58c2/element/ed9ffe9f-3c27-44dd-a4e4-d954f7a3cb07/enabled'
05:03:27.856 [AsyncHttpClient-1-8] DEBUG org.asynchttpclient.netty.handler.HttpHandler - 

Request DefaultFullHttpRequest(decodeResult: success, version: HTTP/1.1, content: EmptyByteBufBE)
GET /session/cf225d7652b6d621971c0b5aa24e58c2/element/ed9ffe9f-3c27-44dd-a4e4-d954f7a3cb07/enabled HTTP/1.1
User-Agent: selenium/4.1.2 (java windows)
Cache-Control: no-cache
Content-Type: application/json; charset=utf-8
host: localhost:54153
accept: */*

Response DefaultHttpResponse(decodeResult: success, version: HTTP/1.1)
HTTP/1.1 200 OK
Content-Type: application/json; charset=utf-8
cache-control: no-cache
content-length: 14

05:03:27.856 [AsyncHttpClient-1-8] DEBUG org.asynchttpclient.netty.channel.ChannelManager - Adding key: http://localhost:54153 for channel [id: 0xb30c7316, L:/127.0.0.1:64704 - R:localhost/127.0.0.1:54153]
05:03:27.865 [Forwarding findElement on session cf225d7652b6d621971c0b5aa24e58c2 to remote] DEBUG org.asynchttpclient.netty.request.NettyRequestSender - Using pooled Channel '[id: 0xb30c7316, L:/127.0.0.1:64704 - R:localhost/127.0.0.1:54153]' for 'POST' to 'http://localhost:54153/session/cf225d7652b6d621971c0b5aa24e58c2/element'
05:03:27.865 [Forwarding findElement on session cf225d7652b6d621971c0b5aa24e58c2 to remote] DEBUG org.asynchttpclient.netty.request.NettyRequestSender - Using open Channel [id: 0xb30c7316, L:/127.0.0.1:64704 - R:localhost/127.0.0.1:54153] for POST '/session/cf225d7652b6d621971c0b5aa24e58c2/element'
05:03:27.880 [AsyncHttpClient-1-8] DEBUG org.asynchttpclient.netty.handler.HttpHandler - 

Request DefaultHttpRequest(decodeResult: success, version: HTTP/1.1)
POST /session/cf225d7652b6d621971c0b5aa24e58c2/element HTTP/1.1
User-Agent: selenium/4.1.2 (java windows)
Content-Length: 79
Content-Type: application/json; charset=utf-8
host: localhost:54153
accept: */*

Response DefaultHttpResponse(decodeResult: success, version: HTTP/1.1)
HTTP/1.1 200 OK
Content-Type: application/json; charset=utf-8
cache-control: no-cache
content-length: 88

05:03:27.880 [AsyncHttpClient-1-8] DEBUG org.asynchttpclient.netty.channel.ChannelManager - Adding key: http://localhost:54153 for channel [id: 0xb30c7316, L:/127.0.0.1:64704 - R:localhost/127.0.0.1:54153]
05:03:27.883 [Forwarding clickElement on session cf225d7652b6d621971c0b5aa24e58c2 to remote] DEBUG org.asynchttpclient.netty.request.NettyRequestSender - Using pooled Channel '[id: 0xb30c7316, L:/127.0.0.1:64704 - R:localhost/127.0.0.1:54153]' for 'POST' to 'http://localhost:54153/session/cf225d7652b6d621971c0b5aa24e58c2/element/ed9ffe9f-3c27-44dd-a4e4-d954f7a3cb07/click'
05:03:27.883 [Forwarding clickElement on session cf225d7652b6d621971c0b5aa24e58c2 to remote] DEBUG org.asynchttpclient.netty.request.NettyRequestSender - Using open Channel [id: 0xb30c7316, L:/127.0.0.1:64704 - R:localhost/127.0.0.1:54153] for POST '/session/cf225d7652b6d621971c0b5aa24e58c2/element/ed9ffe9f-3c27-44dd-a4e4-d954f7a3cb07/click'
05:03:27.971 [AsyncHttpClient-1-8] DEBUG org.asynchttpclient.netty.handler.HttpHandler - 

Request DefaultHttpRequest(decodeResult: success, version: HTTP/1.1)
POST /session/cf225d7652b6d621971c0b5aa24e58c2/element/ed9ffe9f-3c27-44dd-a4e4-d954f7a3cb07/click HTTP/1.1
User-Agent: selenium/4.1.2 (java windows)
Content-Length: 50
Content-Type: application/json; charset=utf-8
host: localhost:54153
accept: */*

Response DefaultHttpResponse(decodeResult: success, version: HTTP/1.1)
HTTP/1.1 200 OK
Content-Type: application/json; charset=utf-8
cache-control: no-cache
content-length: 14

05:03:27.971 [AsyncHttpClient-1-8] DEBUG org.asynchttpclient.netty.channel.ChannelManager - Adding key: http://localhost:54153 for channel [id: 0xb30c7316, L:/127.0.0.1:64704 - R:localhost/127.0.0.1:54153]
05:03:27.986 [Forwarding screenshot on session cf225d7652b6d621971c0b5aa24e58c2 to remote] DEBUG org.asynchttpclient.netty.request.NettyRequestSender - Using pooled Channel '[id: 0xb30c7316, L:/127.0.0.1:64704 - R:localhost/127.0.0.1:54153]' for 'GET' to 'http://localhost:54153/session/cf225d7652b6d621971c0b5aa24e58c2/screenshot'
05:03:27.986 [Forwarding screenshot on session cf225d7652b6d621971c0b5aa24e58c2 to remote] DEBUG org.asynchttpclient.netty.request.NettyRequestSender - Using open Channel [id: 0xb30c7316, L:/127.0.0.1:64704 - R:localhost/127.0.0.1:54153] for GET '/session/cf225d7652b6d621971c0b5aa24e58c2/screenshot'
05:03:28.242 [AsyncHttpClient-1-1] DEBUG org.asynchttpclient.netty.channel.DefaultChannelPool - Entry count for : http://localhost:64705 : 1
05:03:28.363 [AsyncHttpClient-1-8] DEBUG org.asynchttpclient.netty.handler.HttpHandler - 

Request DefaultFullHttpRequest(decodeResult: success, version: HTTP/1.1, content: EmptyByteBufBE)
GET /session/cf225d7652b6d621971c0b5aa24e58c2/screenshot HTTP/1.1
User-Agent: selenium/4.1.2 (java windows)
Cache-Control: no-cache
Content-Type: application/json; charset=utf-8
host: localhost:54153
accept: */*

Response DefaultHttpResponse(decodeResult: success, version: HTTP/1.1)
HTTP/1.1 200 OK
Content-Type: application/json; charset=utf-8
cache-control: no-cache
content-length: 72360

05:03:28.364 [AsyncHttpClient-1-8] DEBUG org.asynchttpclient.netty.channel.ChannelManager - Adding key: http://localhost:54153 for channel [id: 0xb30c7316, L:/127.0.0.1:64704 - R:localhost/127.0.0.1:54153]
05:03:28.374 [main] DEBUG net.serenitybdd.core.photography.Darkroom - Send negative for processing for target\site\serenity\c49a2365962120c49c50ecea5115cd4fc59cfc5ce3c722b528d97b0392f939ac.png
05:03:28.374 [main] DEBUG net.thucydides.core.steps.StepInterceptor - STEP DONE: clickConfirmFacilities
  &amp#27;[32mAnd &amp#27;[0m&amp#27;[32madmin click add facilities&amp#27;[0m                                                      &amp#27;[90m# starter.stepdefenitions.BuildingSteps.adminClickAddFacilities()&amp#27;[0m
05:03:28.374 [Darkroom Processing Line] DEBUG net.serenitybdd.core.photography.DarkroomProcessingLine - Processing screenshot image in /var/screenshots/screenshot-3867118714913749985
05:03:28.374 [Darkroom Processing Line] DEBUG net.serenitybdd.core.photography.DarkroomProcessingLine - Saving screenshot to target\site\serenity\c49a2365962120c49c50ecea5115cd4fc59cfc5ce3c722b528d97b0392f939ac.png
05:03:28.408 [main] DEBUG net.thucydides.core.steps.StepInterceptor - STARTING STEP: BuildingSteps.adminClickCreate - clickAddBuilding
05:03:28.417 [Forwarding findElement on session cf225d7652b6d621971c0b5aa24e58c2 to remote] DEBUG org.asynchttpclient.netty.request.NettyRequestSender - Using pooled Channel '[id: 0xb30c7316, L:/127.0.0.1:64704 - R:localhost/127.0.0.1:54153]' for 'POST' to 'http://localhost:54153/session/cf225d7652b6d621971c0b5aa24e58c2/element'
05:03:28.417 [Forwarding findElement on session cf225d7652b6d621971c0b5aa24e58c2 to remote] DEBUG org.asynchttpclient.netty.request.NettyRequestSender - Using open Channel [id: 0xb30c7316, L:/127.0.0.1:64704 - R:localhost/127.0.0.1:54153] for POST '/session/cf225d7652b6d621971c0b5aa24e58c2/element'
05:03:28.434 [AsyncHttpClient-1-8] DEBUG org.asynchttpclient.netty.handler.HttpHandler - 

Request DefaultHttpRequest(decodeResult: success, version: HTTP/1.1)
POST /session/cf225d7652b6d621971c0b5aa24e58c2/element HTTP/1.1
User-Agent: selenium/4.1.2 (java windows)
Content-Length: 92
Content-Type: application/json; charset=utf-8
host: localhost:54153
accept: */*

Response DefaultHttpResponse(decodeResult: success, version: HTTP/1.1)
HTTP/1.1 200 OK
Content-Type: application/json; charset=utf-8
cache-control: no-cache
content-length: 88

05:03:28.434 [AsyncHttpClient-1-8] DEBUG org.asynchttpclient.netty.channel.ChannelManager - Adding key: http://localhost:54153 for channel [id: 0xb30c7316, L:/127.0.0.1:64704 - R:localhost/127.0.0.1:54153]
05:03:28.437 [Forwarding getElementTagName on session cf225d7652b6d621971c0b5aa24e58c2 to remote] DEBUG org.asynchttpclient.netty.request.NettyRequestSender - Using pooled Channel '[id: 0xb30c7316, L:/127.0.0.1:64704 - R:localhost/127.0.0.1:54153]' for 'GET' to 'http://localhost:54153/session/cf225d7652b6d621971c0b5aa24e58c2/element/59d4df03-fd8d-41a9-b47a-83272538814b/name'
05:03:28.437 [Forwarding getElementTagName on session cf225d7652b6d621971c0b5aa24e58c2 to remote] DEBUG org.asynchttpclient.netty.request.NettyRequestSender - Using open Channel [id: 0xb30c7316, L:/127.0.0.1:64704 - R:localhost/127.0.0.1:54153] for GET '/session/cf225d7652b6d621971c0b5aa24e58c2/element/59d4df03-fd8d-41a9-b47a-83272538814b/name'
05:03:28.446 [AsyncHttpClient-1-8] DEBUG org.asynchttpclient.netty.handler.HttpHandler - 

Request DefaultFullHttpRequest(decodeResult: success, version: HTTP/1.1, content: EmptyByteBufBE)
GET /session/cf225d7652b6d621971c0b5aa24e58c2/element/59d4df03-fd8d-41a9-b47a-83272538814b/name HTTP/1.1
User-Agent: selenium/4.1.2 (java windows)
Cache-Control: no-cache
Content-Type: application/json; charset=utf-8
host: localhost:54153
accept: */*

Response DefaultHttpResponse(decodeResult: success, version: HTTP/1.1)
HTTP/1.1 200 OK
Content-Type: application/json; charset=utf-8
cache-control: no-cache
content-length: 18

05:03:28.446 [AsyncHttpClient-1-8] DEBUG org.asynchttpclient.netty.channel.ChannelManager - Adding key: http://localhost:54153 for channel [id: 0xb30c7316, L:/127.0.0.1:64704 - R:localhost/127.0.0.1:54153]
05:03:28.448 [Forwarding getElementTagName on session cf225d7652b6d621971c0b5aa24e58c2 to remote] DEBUG org.asynchttpclient.netty.request.NettyRequestSender - Using pooled Channel '[id: 0xb30c7316, L:/127.0.0.1:64704 - R:localhost/127.0.0.1:54153]' for 'GET' to 'http://localhost:54153/session/cf225d7652b6d621971c0b5aa24e58c2/element/59d4df03-fd8d-41a9-b47a-83272538814b/name'
05:03:28.448 [Forwarding getElementTagName on session cf225d7652b6d621971c0b5aa24e58c2 to remote] DEBUG org.asynchttpclient.netty.request.NettyRequestSender - Using open Channel [id: 0xb30c7316, L:/127.0.0.1:64704 - R:localhost/127.0.0.1:54153] for GET '/session/cf225d7652b6d621971c0b5aa24e58c2/element/59d4df03-fd8d-41a9-b47a-83272538814b/name'
05:03:28.455 [AsyncHttpClient-1-8] DEBUG org.asynchttpclient.netty.handler.HttpHandler - 

Request DefaultFullHttpRequest(decodeResult: success, version: HTTP/1.1, content: EmptyByteBufBE)
GET /session/cf225d7652b6d621971c0b5aa24e58c2/element/59d4df03-fd8d-41a9-b47a-83272538814b/name HTTP/1.1
User-Agent: selenium/4.1.2 (java windows)
Cache-Control: no-cache
Content-Type: application/json; charset=utf-8
host: localhost:54153
accept: */*

Response DefaultHttpResponse(decodeResult: success, version: HTTP/1.1)
HTTP/1.1 200 OK
Content-Type: application/json; charset=utf-8
cache-control: no-cache
content-length: 18

05:03:28.455 [AsyncHttpClient-1-8] DEBUG org.asynchttpclient.netty.channel.ChannelManager - Adding key: http://localhost:54153 for channel [id: 0xb30c7316, L:/127.0.0.1:64704 - R:localhost/127.0.0.1:54153]
05:03:28.460 [Forwarding isElementEnabled on session cf225d7652b6d621971c0b5aa24e58c2 to remote] DEBUG org.asynchttpclient.netty.request.NettyRequestSender - Using pooled Channel '[id: 0xb30c7316, L:/127.0.0.1:64704 - R:localhost/127.0.0.1:54153]' for 'GET' to 'http://localhost:54153/session/cf225d7652b6d621971c0b5aa24e58c2/element/59d4df03-fd8d-41a9-b47a-83272538814b/enabled'
05:03:28.460 [Forwarding isElementEnabled on session cf225d7652b6d621971c0b5aa24e58c2 to remote] DEBUG org.asynchttpclient.netty.request.NettyRequestSender - Using open Channel [id: 0xb30c7316, L:/127.0.0.1:64704 - R:localhost/127.0.0.1:54153] for GET '/session/cf225d7652b6d621971c0b5aa24e58c2/element/59d4df03-fd8d-41a9-b47a-83272538814b/enabled'
05:03:28.478 [AsyncHttpClient-1-8] DEBUG org.asynchttpclient.netty.handler.HttpHandler - 

Request DefaultFullHttpRequest(decodeResult: success, version: HTTP/1.1, content: EmptyByteBufBE)
GET /session/cf225d7652b6d621971c0b5aa24e58c2/element/59d4df03-fd8d-41a9-b47a-83272538814b/enabled HTTP/1.1
User-Agent: selenium/4.1.2 (java windows)
Cache-Control: no-cache
Content-Type: application/json; charset=utf-8
host: localhost:54153
accept: */*

Response DefaultHttpResponse(decodeResult: success, version: HTTP/1.1)
HTTP/1.1 200 OK
Content-Type: application/json; charset=utf-8
cache-control: no-cache
content-length: 14

05:03:28.479 [AsyncHttpClient-1-8] DEBUG org.asynchttpclient.netty.channel.ChannelManager - Adding key: http://localhost:54153 for channel [id: 0xb30c7316, L:/127.0.0.1:64704 - R:localhost/127.0.0.1:54153]
05:03:28.481 [Forwarding isElementEnabled on session cf225d7652b6d621971c0b5aa24e58c2 to remote] DEBUG org.asynchttpclient.netty.request.NettyRequestSender - Using pooled Channel '[id: 0xb30c7316, L:/127.0.0.1:64704 - R:localhost/127.0.0.1:54153]' for 'GET' to 'http://localhost:54153/session/cf225d7652b6d621971c0b5aa24e58c2/element/59d4df03-fd8d-41a9-b47a-83272538814b/enabled'
05:03:28.481 [Forwarding isElementEnabled on session cf225d7652b6d621971c0b5aa24e58c2 to remote] DEBUG org.asynchttpclient.netty.request.NettyRequestSender - Using open Channel [id: 0xb30c7316, L:/127.0.0.1:64704 - R:localhost/127.0.0.1:54153] for GET '/session/cf225d7652b6d621971c0b5aa24e58c2/element/59d4df03-fd8d-41a9-b47a-83272538814b/enabled'
05:03:28.492 [AsyncHttpClient-1-8] DEBUG org.asynchttpclient.netty.handler.HttpHandler - 

Request DefaultFullHttpRequest(decodeResult: success, version: HTTP/1.1, content: EmptyByteBufBE)
GET /session/cf225d7652b6d621971c0b5aa24e58c2/element/59d4df03-fd8d-41a9-b47a-83272538814b/enabled HTTP/1.1
User-Agent: selenium/4.1.2 (java windows)
Cache-Control: no-cache
Content-Type: application/json; charset=utf-8
host: localhost:54153
accept: */*

Response DefaultHttpResponse(decodeResult: success, version: HTTP/1.1)
HTTP/1.1 200 OK
Content-Type: application/json; charset=utf-8
cache-control: no-cache
content-length: 14

05:03:28.492 [AsyncHttpClient-1-8] DEBUG org.asynchttpclient.netty.channel.ChannelManager - Adding key: http://localhost:54153 for channel [id: 0xb30c7316, L:/127.0.0.1:64704 - R:localhost/127.0.0.1:54153]
05:03:28.496 [Forwarding findElement on session cf225d7652b6d621971c0b5aa24e58c2 to remote] DEBUG org.asynchttpclient.netty.request.NettyRequestSender - Using pooled Channel '[id: 0xb30c7316, L:/127.0.0.1:64704 - R:localhost/127.0.0.1:54153]' for 'POST' to 'http://localhost:54153/session/cf225d7652b6d621971c0b5aa24e58c2/element'
05:03:28.496 [Forwarding findElement on session cf225d7652b6d621971c0b5aa24e58c2 to remote] DEBUG org.asynchttpclient.netty.request.NettyRequestSender - Using open Channel [id: 0xb30c7316, L:/127.0.0.1:64704 - R:localhost/127.0.0.1:54153] for POST '/session/cf225d7652b6d621971c0b5aa24e58c2/element'
05:03:28.511 [AsyncHttpClient-1-8] DEBUG org.asynchttpclient.netty.handler.HttpHandler - 

Request DefaultHttpRequest(decodeResult: success, version: HTTP/1.1)
POST /session/cf225d7652b6d621971c0b5aa24e58c2/element HTTP/1.1
User-Agent: selenium/4.1.2 (java windows)
Content-Length: 92
Content-Type: application/json; charset=utf-8
host: localhost:54153
accept: */*

Response DefaultHttpResponse(decodeResult: success, version: HTTP/1.1)
HTTP/1.1 200 OK
Content-Type: application/json; charset=utf-8
cache-control: no-cache
content-length: 88

05:03:28.511 [AsyncHttpClient-1-8] DEBUG org.asynchttpclient.netty.channel.ChannelManager - Adding key: http://localhost:54153 for channel [id: 0xb30c7316, L:/127.0.0.1:64704 - R:localhost/127.0.0.1:54153]
05:03:28.513 [Forwarding clickElement on session cf225d7652b6d621971c0b5aa24e58c2 to remote] DEBUG org.asynchttpclient.netty.request.NettyRequestSender - Using pooled Channel '[id: 0xb30c7316, L:/127.0.0.1:64704 - R:localhost/127.0.0.1:54153]' for 'POST' to 'http://localhost:54153/session/cf225d7652b6d621971c0b5aa24e58c2/element/59d4df03-fd8d-41a9-b47a-83272538814b/click'
05:03:28.514 [Forwarding clickElement on session cf225d7652b6d621971c0b5aa24e58c2 to remote] DEBUG org.asynchttpclient.netty.request.NettyRequestSender - Using open Channel [id: 0xb30c7316, L:/127.0.0.1:64704 - R:localhost/127.0.0.1:54153] for POST '/session/cf225d7652b6d621971c0b5aa24e58c2/element/59d4df03-fd8d-41a9-b47a-83272538814b/click'
05:03:28.721 [AsyncHttpClient-1-8] DEBUG org.asynchttpclient.netty.handler.HttpHandler - 

Request DefaultHttpRequest(decodeResult: success, version: HTTP/1.1)
POST /session/cf225d7652b6d621971c0b5aa24e58c2/element/59d4df03-fd8d-41a9-b47a-83272538814b/click HTTP/1.1
User-Agent: selenium/4.1.2 (java windows)
Content-Length: 50
Content-Type: application/json; charset=utf-8
host: localhost:54153
accept: */*

Response DefaultHttpResponse(decodeResult: success, version: HTTP/1.1)
HTTP/1.1 200 OK
Content-Type: application/json; charset=utf-8
cache-control: no-cache
content-length: 14

05:03:28.722 [AsyncHttpClient-1-8] DEBUG org.asynchttpclient.netty.channel.ChannelManager - Adding key: http://localhost:54153 for channel [id: 0xb30c7316, L:/127.0.0.1:64704 - R:localhost/127.0.0.1:54153]
05:03:28.742 [Forwarding screenshot on session cf225d7652b6d621971c0b5aa24e58c2 to remote] DEBUG org.asynchttpclient.netty.request.NettyRequestSender - Using pooled Channel '[id: 0xb30c7316, L:/127.0.0.1:64704 - R:localhost/127.0.0.1:54153]' for 'GET' to 'http://localhost:54153/session/cf225d7652b6d621971c0b5aa24e58c2/screenshot'
05:03:28.742 [Forwarding screenshot on session cf225d7652b6d621971c0b5aa24e58c2 to remote] DEBUG org.asynchttpclient.netty.request.NettyRequestSender - Using open Channel [id: 0xb30c7316, L:/127.0.0.1:64704 - R:localhost/127.0.0.1:54153] for GET '/session/cf225d7652b6d621971c0b5aa24e58c2/screenshot'
05:03:29.116 [AsyncHttpClient-1-8] DEBUG org.asynchttpclient.netty.handler.HttpHandler - 

Request DefaultFullHttpRequest(decodeResult: success, version: HTTP/1.1, content: EmptyByteBufBE)
GET /session/cf225d7652b6d621971c0b5aa24e58c2/screenshot HTTP/1.1
User-Agent: selenium/4.1.2 (java windows)
Cache-Control: no-cache
Content-Type: application/json; charset=utf-8
host: localhost:54153
accept: */*

Response DefaultHttpResponse(decodeResult: success, version: HTTP/1.1)
HTTP/1.1 200 OK
Content-Type: application/json; charset=utf-8
cache-control: no-cache
content-length: 72756

05:03:29.118 [AsyncHttpClient-1-8] DEBUG org.asynchttpclient.netty.channel.ChannelManager - Adding key: http://localhost:54153 for channel [id: 0xb30c7316, L:/127.0.0.1:64704 - R:localhost/127.0.0.1:54153]
05:03:29.126 [main] DEBUG net.serenitybdd.core.photography.Darkroom - Send negative for processing for target\site\serenity\659ada00cbdb4797367cb95c4b6c2392af5f80469a89a48c3d0ed2b7246a1311.png
05:03:29.127 [main] DEBUG net.thucydides.core.steps.StepInterceptor - STEP DONE: clickAddBuilding
  &amp#27;[32mAnd &amp#27;[0m&amp#27;[32madmin click create&amp#27;[0m                                                              &amp#27;[90m# starter.stepdefenitions.BuildingSteps.adminClickCreate()&amp#27;[0m
05:03:29.131 [Darkroom Processing Line] DEBUG net.serenitybdd.core.photography.DarkroomProcessingLine - Processing screenshot image in /var/screenshots/screenshot-2140780198403028390
05:03:29.132 [Darkroom Processing Line] DEBUG net.serenitybdd.core.photography.DarkroomProcessingLine - Saving screenshot to target\site\serenity\659ada00cbdb4797367cb95c4b6c2392af5f80469a89a48c3d0ed2b7246a1311.png
05:03:29.170 [main] DEBUG net.thucydides.core.steps.StepInterceptor - STARTING STEP: BuildingSteps.adminClickSuccessAdd - clickSuccessButton
05:03:29.183 [Forwarding findElement on session cf225d7652b6d621971c0b5aa24e58c2 to remote] DEBUG org.asynchttpclient.netty.request.NettyRequestSender - Using pooled Channel '[id: 0xb30c7316, L:/127.0.0.1:64704 - R:localhost/127.0.0.1:54153]' for 'POST' to 'http://localhost:54153/session/cf225d7652b6d621971c0b5aa24e58c2/element'
05:03:29.183 [Forwarding findElement on session cf225d7652b6d621971c0b5aa24e58c2 to remote] DEBUG org.asynchttpclient.netty.request.NettyRequestSender - Using open Channel [id: 0xb30c7316, L:/127.0.0.1:64704 - R:localhost/127.0.0.1:54153] for POST '/session/cf225d7652b6d621971c0b5aa24e58c2/element'
05:03:29.208 [AsyncHttpClient-1-8] DEBUG org.asynchttpclient.netty.handler.HttpHandler - 

Request DefaultHttpRequest(decodeResult: success, version: HTTP/1.1)
POST /session/cf225d7652b6d621971c0b5aa24e58c2/element HTTP/1.1
User-Agent: selenium/4.1.2 (java windows)
Content-Length: 79
Content-Type: application/json; charset=utf-8
host: localhost:54153
accept: */*

Response DefaultHttpResponse(decodeResult: success, version: HTTP/1.1)
HTTP/1.1 200 OK
Content-Type: application/json; charset=utf-8
cache-control: no-cache
content-length: 88

05:03:29.209 [AsyncHttpClient-1-8] DEBUG org.asynchttpclient.netty.channel.ChannelManager - Adding key: http://localhost:54153 for channel [id: 0xb30c7316, L:/127.0.0.1:64704 - R:localhost/127.0.0.1:54153]
05:03:29.211 [Forwarding getElementTagName on session cf225d7652b6d621971c0b5aa24e58c2 to remote] DEBUG org.asynchttpclient.netty.request.NettyRequestSender - Using pooled Channel '[id: 0xb30c7316, L:/127.0.0.1:64704 - R:localhost/127.0.0.1:54153]' for 'GET' to 'http://localhost:54153/session/cf225d7652b6d621971c0b5aa24e58c2/element/3d1ff126-4614-4a5b-a4af-7aeebe98b0a7/name'
05:03:29.212 [Forwarding getElementTagName on session cf225d7652b6d621971c0b5aa24e58c2 to remote] DEBUG org.asynchttpclient.netty.request.NettyRequestSender - Using open Channel [id: 0xb30c7316, L:/127.0.0.1:64704 - R:localhost/127.0.0.1:54153] for GET '/session/cf225d7652b6d621971c0b5aa24e58c2/element/3d1ff126-4614-4a5b-a4af-7aeebe98b0a7/name'
05:03:29.224 [AsyncHttpClient-1-8] DEBUG org.asynchttpclient.netty.handler.HttpHandler - 

Request DefaultFullHttpRequest(decodeResult: success, version: HTTP/1.1, content: EmptyByteBufBE)
GET /session/cf225d7652b6d621971c0b5aa24e58c2/element/3d1ff126-4614-4a5b-a4af-7aeebe98b0a7/name HTTP/1.1
User-Agent: selenium/4.1.2 (java windows)
Cache-Control: no-cache
Content-Type: application/json; charset=utf-8
host: localhost:54153
accept: */*

Response DefaultHttpResponse(decodeResult: success, version: HTTP/1.1)
HTTP/1.1 200 OK
Content-Type: application/json; charset=utf-8
cache-control: no-cache
content-length: 18

05:03:29.225 [AsyncHttpClient-1-8] DEBUG org.asynchttpclient.netty.channel.ChannelManager - Adding key: http://localhost:54153 for channel [id: 0xb30c7316, L:/127.0.0.1:64704 - R:localhost/127.0.0.1:54153]
05:03:29.227 [Forwarding getElementTagName on session cf225d7652b6d621971c0b5aa24e58c2 to remote] DEBUG org.asynchttpclient.netty.request.NettyRequestSender - Using pooled Channel '[id: 0xb30c7316, L:/127.0.0.1:64704 - R:localhost/127.0.0.1:54153]' for 'GET' to 'http://localhost:54153/session/cf225d7652b6d621971c0b5aa24e58c2/element/3d1ff126-4614-4a5b-a4af-7aeebe98b0a7/name'
05:03:29.227 [Forwarding getElementTagName on session cf225d7652b6d621971c0b5aa24e58c2 to remote] DEBUG org.asynchttpclient.netty.request.NettyRequestSender - Using open Channel [id: 0xb30c7316, L:/127.0.0.1:64704 - R:localhost/127.0.0.1:54153] for GET '/session/cf225d7652b6d621971c0b5aa24e58c2/element/3d1ff126-4614-4a5b-a4af-7aeebe98b0a7/name'
05:03:29.234 [AsyncHttpClient-1-8] DEBUG org.asynchttpclient.netty.handler.HttpHandler - 

Request DefaultFullHttpRequest(decodeResult: success, version: HTTP/1.1, content: EmptyByteBufBE)
GET /session/cf225d7652b6d621971c0b5aa24e58c2/element/3d1ff126-4614-4a5b-a4af-7aeebe98b0a7/name HTTP/1.1
User-Agent: selenium/4.1.2 (java windows)
Cache-Control: no-cache
Content-Type: application/json; charset=utf-8
host: localhost:54153
accept: */*

Response DefaultHttpResponse(decodeResult: success, version: HTTP/1.1)
HTTP/1.1 200 OK
Content-Type: application/json; charset=utf-8
cache-control: no-cache
content-length: 18

05:03:29.234 [AsyncHttpClient-1-8] DEBUG org.asynchttpclient.netty.channel.ChannelManager - Adding key: http://localhost:54153 for channel [id: 0xb30c7316, L:/127.0.0.1:64704 - R:localhost/127.0.0.1:54153]
05:03:29.241 [Forwarding isElementEnabled on session cf225d7652b6d621971c0b5aa24e58c2 to remote] DEBUG org.asynchttpclient.netty.request.NettyRequestSender - Using pooled Channel '[id: 0xb30c7316, L:/127.0.0.1:64704 - R:localhost/127.0.0.1:54153]' for 'GET' to 'http://localhost:54153/session/cf225d7652b6d621971c0b5aa24e58c2/element/3d1ff126-4614-4a5b-a4af-7aeebe98b0a7/enabled'
05:03:29.241 [Forwarding isElementEnabled on session cf225d7652b6d621971c0b5aa24e58c2 to remote] DEBUG org.asynchttpclient.netty.request.NettyRequestSender - Using open Channel [id: 0xb30c7316, L:/127.0.0.1:64704 - R:localhost/127.0.0.1:54153] for GET '/session/cf225d7652b6d621971c0b5aa24e58c2/element/3d1ff126-4614-4a5b-a4af-7aeebe98b0a7/enabled'
05:03:29.264 [AsyncHttpClient-1-8] DEBUG org.asynchttpclient.netty.handler.HttpHandler - 

Request DefaultFullHttpRequest(decodeResult: success, version: HTTP/1.1, content: EmptyByteBufBE)
GET /session/cf225d7652b6d621971c0b5aa24e58c2/element/3d1ff126-4614-4a5b-a4af-7aeebe98b0a7/enabled HTTP/1.1
User-Agent: selenium/4.1.2 (java windows)
Cache-Control: no-cache
Content-Type: application/json; charset=utf-8
host: localhost:54153
accept: */*

Response DefaultHttpResponse(decodeResult: success, version: HTTP/1.1)
HTTP/1.1 200 OK
Content-Type: application/json; charset=utf-8
cache-control: no-cache
content-length: 14

05:03:29.265 [AsyncHttpClient-1-8] DEBUG org.asynchttpclient.netty.channel.ChannelManager - Adding key: http://localhost:54153 for channel [id: 0xb30c7316, L:/127.0.0.1:64704 - R:localhost/127.0.0.1:54153]
05:03:29.267 [Forwarding isElementEnabled on session cf225d7652b6d621971c0b5aa24e58c2 to remote] DEBUG org.asynchttpclient.netty.request.NettyRequestSender - Using pooled Channel '[id: 0xb30c7316, L:/127.0.0.1:64704 - R:localhost/127.0.0.1:54153]' for 'GET' to 'http://localhost:54153/session/cf225d7652b6d621971c0b5aa24e58c2/element/3d1ff126-4614-4a5b-a4af-7aeebe98b0a7/enabled'
05:03:29.267 [Forwarding isElementEnabled on session cf225d7652b6d621971c0b5aa24e58c2 to remote] DEBUG org.asynchttpclient.netty.request.NettyRequestSender - Using open Channel [id: 0xb30c7316, L:/127.0.0.1:64704 - R:localhost/127.0.0.1:54153] for GET '/session/cf225d7652b6d621971c0b5aa24e58c2/element/3d1ff126-4614-4a5b-a4af-7aeebe98b0a7/enabled'
05:03:29.282 [AsyncHttpClient-1-8] DEBUG org.asynchttpclient.netty.handler.HttpHandler - 

Request DefaultFullHttpRequest(decodeResult: success, version: HTTP/1.1, content: EmptyByteBufBE)
GET /session/cf225d7652b6d621971c0b5aa24e58c2/element/3d1ff126-4614-4a5b-a4af-7aeebe98b0a7/enabled HTTP/1.1
User-Agent: selenium/4.1.2 (java windows)
Cache-Control: no-cache
Content-Type: application/json; charset=utf-8
host: localhost:54153
accept: */*

Response DefaultHttpResponse(decodeResult: success, version: HTTP/1.1)
HTTP/1.1 200 OK
Content-Type: application/json; charset=utf-8
cache-control: no-cache
content-length: 14

05:03:29.282 [AsyncHttpClient-1-8] DEBUG org.asynchttpclient.netty.channel.ChannelManager - Adding key: http://localhost:54153 for channel [id: 0xb30c7316, L:/127.0.0.1:64704 - R:localhost/127.0.0.1:54153]
05:03:29.286 [Forwarding findElement on session cf225d7652b6d621971c0b5aa24e58c2 to remote] DEBUG org.asynchttpclient.netty.request.NettyRequestSender - Using pooled Channel '[id: 0xb30c7316, L:/127.0.0.1:64704 - R:localhost/127.0.0.1:54153]' for 'POST' to 'http://localhost:54153/session/cf225d7652b6d621971c0b5aa24e58c2/element'
05:03:29.286 [Forwarding findElement on session cf225d7652b6d621971c0b5aa24e58c2 to remote] DEBUG org.asynchttpclient.netty.request.NettyRequestSender - Using open Channel [id: 0xb30c7316, L:/127.0.0.1:64704 - R:localhost/127.0.0.1:54153] for POST '/session/cf225d7652b6d621971c0b5aa24e58c2/element'
05:03:29.304 [AsyncHttpClient-1-8] DEBUG org.asynchttpclient.netty.handler.HttpHandler - 

Request DefaultHttpRequest(decodeResult: success, version: HTTP/1.1)
POST /session/cf225d7652b6d621971c0b5aa24e58c2/element HTTP/1.1
User-Agent: selenium/4.1.2 (java windows)
Content-Length: 79
Content-Type: application/json; charset=utf-8
host: localhost:54153
accept: */*

Response DefaultHttpResponse(decodeResult: success, version: HTTP/1.1)
HTTP/1.1 200 OK
Content-Type: application/json; charset=utf-8
cache-control: no-cache
content-length: 88

05:03:29.305 [AsyncHttpClient-1-8] DEBUG org.asynchttpclient.netty.channel.ChannelManager - Adding key: http://localhost:54153 for channel [id: 0xb30c7316, L:/127.0.0.1:64704 - R:localhost/127.0.0.1:54153]
05:03:29.307 [Forwarding clickElement on session cf225d7652b6d621971c0b5aa24e58c2 to remote] DEBUG org.asynchttpclient.netty.request.NettyRequestSender - Using pooled Channel '[id: 0xb30c7316, L:/127.0.0.1:64704 - R:localhost/127.0.0.1:54153]' for 'POST' to 'http://localhost:54153/session/cf225d7652b6d621971c0b5aa24e58c2/element/3d1ff126-4614-4a5b-a4af-7aeebe98b0a7/click'
05:03:29.307 [Forwarding clickElement on session cf225d7652b6d621971c0b5aa24e58c2 to remote] DEBUG org.asynchttpclient.netty.request.NettyRequestSender - Using open Channel [id: 0xb30c7316, L:/127.0.0.1:64704 - R:localhost/127.0.0.1:54153] for POST '/session/cf225d7652b6d621971c0b5aa24e58c2/element/3d1ff126-4614-4a5b-a4af-7aeebe98b0a7/click'
05:03:29.339 [AsyncHttpClient-1-1] DEBUG org.asynchttpclient.netty.channel.DefaultChannelPool - Entry count for : http://localhost:64705 : 1
05:03:29.405 [AsyncHttpClient-1-8] DEBUG org.asynchttpclient.netty.handler.HttpHandler - 

Request DefaultHttpRequest(decodeResult: success, version: HTTP/1.1)
POST /session/cf225d7652b6d621971c0b5aa24e58c2/element/3d1ff126-4614-4a5b-a4af-7aeebe98b0a7/click HTTP/1.1
User-Agent: selenium/4.1.2 (java windows)
Content-Length: 50
Content-Type: application/json; charset=utf-8
host: localhost:54153
accept: */*

Response DefaultHttpResponse(decodeResult: success, version: HTTP/1.1)
HTTP/1.1 200 OK
Content-Type: application/json; charset=utf-8
cache-control: no-cache
content-length: 14

05:03:29.406 [AsyncHttpClient-1-8] DEBUG org.asynchttpclient.netty.channel.ChannelManager - Adding key: http://localhost:54153 for channel [id: 0xb30c7316, L:/127.0.0.1:64704 - R:localhost/127.0.0.1:54153]
05:03:29.419 [Forwarding screenshot on session cf225d7652b6d621971c0b5aa24e58c2 to remote] DEBUG org.asynchttpclient.netty.request.NettyRequestSender - Using pooled Channel '[id: 0xb30c7316, L:/127.0.0.1:64704 - R:localhost/127.0.0.1:54153]' for 'GET' to 'http://localhost:54153/session/cf225d7652b6d621971c0b5aa24e58c2/screenshot'
05:03:29.419 [Forwarding screenshot on session cf225d7652b6d621971c0b5aa24e58c2 to remote] DEBUG org.asynchttpclient.netty.request.NettyRequestSender - Using open Channel [id: 0xb30c7316, L:/127.0.0.1:64704 - R:localhost/127.0.0.1:54153] for GET '/session/cf225d7652b6d621971c0b5aa24e58c2/screenshot'
05:03:29.811 [AsyncHttpClient-1-8] DEBUG org.asynchttpclient.netty.handler.HttpHandler - 

Request DefaultFullHttpRequest(decodeResult: success, version: HTTP/1.1, content: EmptyByteBufBE)
GET /session/cf225d7652b6d621971c0b5aa24e58c2/screenshot HTTP/1.1
User-Agent: selenium/4.1.2 (java windows)
Cache-Control: no-cache
Content-Type: application/json; charset=utf-8
host: localhost:54153
accept: */*

Response DefaultHttpResponse(decodeResult: success, version: HTTP/1.1)
HTTP/1.1 200 OK
Content-Type: application/json; charset=utf-8
cache-control: no-cache
content-length: 134156

05:03:29.812 [AsyncHttpClient-1-8] DEBUG org.asynchttpclient.netty.channel.ChannelManager - Adding key: http://localhost:54153 for channel [id: 0xb30c7316, L:/127.0.0.1:64704 - R:localhost/127.0.0.1:54153]
05:03:29.828 [main] DEBUG net.serenitybdd.core.photography.Darkroom - Send negative for processing for target\site\serenity\254a565967cff0ef1dbb38e49ce2e8551fcc4b66155b7ae2d3f5e6790798a3a7.png
05:03:29.829 [main] DEBUG net.thucydides.core.steps.StepInterceptor - STEP DONE: clickSuccessButton
  &amp#27;[32mAnd &amp#27;[0m&amp#27;[32madmin click success add&amp#27;[0m                                                         &amp#27;[90m# starter.stepdefenitions.BuildingSteps.adminClickSuccessAdd()&amp#27;[0m
05:03:29.829 [Darkroom Processing Line] DEBUG net.serenitybdd.core.photography.DarkroomProcessingLine - Processing screenshot image in /var/screenshots/screenshot-6511555097492385910
05:03:29.829 [Darkroom Processing Line] DEBUG net.serenitybdd.core.photography.DarkroomProcessingLine - Saving screenshot to target\site\serenity\254a565967cff0ef1dbb38e49ce2e8551fcc4b66155b7ae2d3f5e6790798a3a7.png
05:03:29.862 [main] DEBUG net.thucydides.core.steps.StepInterceptor - STARTING STEP: BuildingSteps.adminSuccessCreteNewBuilding - validationOnBuildingPage
05:03:29.867 [Forwarding findElement on session cf225d7652b6d621971c0b5aa24e58c2 to remote] DEBUG org.asynchttpclient.netty.request.NettyRequestSender - Using pooled Channel '[id: 0xb30c7316, L:/127.0.0.1:64704 - R:localhost/127.0.0.1:54153]' for 'POST' to 'http://localhost:54153/session/cf225d7652b6d621971c0b5aa24e58c2/element'
05:03:29.867 [Forwarding findElement on session cf225d7652b6d621971c0b5aa24e58c2 to remote] DEBUG org.asynchttpclient.netty.request.NettyRequestSender - Using open Channel [id: 0xb30c7316, L:/127.0.0.1:64704 - R:localhost/127.0.0.1:54153] for POST '/session/cf225d7652b6d621971c0b5aa24e58c2/element'
05:03:29.897 [AsyncHttpClient-1-8] DEBUG org.asynchttpclient.netty.handler.HttpHandler - 

Request DefaultHttpRequest(decodeResult: success, version: HTTP/1.1)
POST /session/cf225d7652b6d621971c0b5aa24e58c2/element HTTP/1.1
User-Agent: selenium/4.1.2 (java windows)
Content-Length: 74
Content-Type: application/json; charset=utf-8
host: localhost:54153
accept: */*

Response DefaultHttpResponse(decodeResult: success, version: HTTP/1.1)
HTTP/1.1 200 OK
Content-Type: application/json; charset=utf-8
cache-control: no-cache
content-length: 88

05:03:29.897 [AsyncHttpClient-1-8] DEBUG org.asynchttpclient.netty.channel.ChannelManager - Adding key: http://localhost:54153 for channel [id: 0xb30c7316, L:/127.0.0.1:64704 - R:localhost/127.0.0.1:54153]
05:03:29.906 [Forwarding isElementDisplayed on session cf225d7652b6d621971c0b5aa24e58c2 to remote] DEBUG org.asynchttpclient.netty.request.NettyRequestSender - Using pooled Channel '[id: 0xb30c7316, L:/127.0.0.1:64704 - R:localhost/127.0.0.1:54153]' for 'POST' to 'http://localhost:54153/session/cf225d7652b6d621971c0b5aa24e58c2/execute/sync'
05:03:29.906 [Forwarding isElementDisplayed on session cf225d7652b6d621971c0b5aa24e58c2 to remote] DEBUG org.asynchttpclient.netty.request.NettyRequestSender - Using open Channel [id: 0xb30c7316, L:/127.0.0.1:64704 - R:localhost/127.0.0.1:54153] for POST '/session/cf225d7652b6d621971c0b5aa24e58c2/execute/sync'
05:03:29.931 [AsyncHttpClient-1-8] DEBUG org.asynchttpclient.netty.handler.HttpHandler - 

Request DefaultHttpRequest(decodeResult: success, version: HTTP/1.1)
POST /session/cf225d7652b6d621971c0b5aa24e58c2/execute/sync HTTP/1.1
User-Agent: selenium/4.1.2 (java windows)
Content-Length: 48780
Content-Type: application/json; charset=utf-8
host: localhost:54153
accept: */*

Response DefaultHttpResponse(decodeResult: success, version: HTTP/1.1)
HTTP/1.1 200 OK
Content-Type: application/json; charset=utf-8
cache-control: no-cache
content-length: 14

05:03:29.931 [AsyncHttpClient-1-8] DEBUG org.asynchttpclient.netty.channel.ChannelManager - Adding key: http://localhost:54153 for channel [id: 0xb30c7316, L:/127.0.0.1:64704 - R:localhost/127.0.0.1:54153]
05:03:29.943 [Forwarding screenshot on session cf225d7652b6d621971c0b5aa24e58c2 to remote] DEBUG org.asynchttpclient.netty.request.NettyRequestSender - Using pooled Channel '[id: 0xb30c7316, L:/127.0.0.1:64704 - R:localhost/127.0.0.1:54153]' for 'GET' to 'http://localhost:54153/session/cf225d7652b6d621971c0b5aa24e58c2/screenshot'
05:03:29.943 [Forwarding screenshot on session cf225d7652b6d621971c0b5aa24e58c2 to remote] DEBUG org.asynchttpclient.netty.request.NettyRequestSender - Using open Channel [id: 0xb30c7316, L:/127.0.0.1:64704 - R:localhost/127.0.0.1:54153] for GET '/session/cf225d7652b6d621971c0b5aa24e58c2/screenshot'
05:03:30.240 [AsyncHttpClient-1-8] DEBUG org.asynchttpclient.netty.handler.HttpHandler - 

Request DefaultFullHttpRequest(decodeResult: success, version: HTTP/1.1, content: EmptyByteBufBE)
GET /session/cf225d7652b6d621971c0b5aa24e58c2/screenshot HTTP/1.1
User-Agent: selenium/4.1.2 (java windows)
Cache-Control: no-cache
Content-Type: application/json; charset=utf-8
host: localhost:54153
accept: */*

Response DefaultHttpResponse(decodeResult: success, version: HTTP/1.1)
HTTP/1.1 200 OK
Content-Type: application/json; charset=utf-8
cache-control: no-cache
content-length: 125396

05:03:30.241 [AsyncHttpClient-1-8] DEBUG org.asynchttpclient.netty.channel.ChannelManager - Adding key: http://localhost:54153 for channel [id: 0xb30c7316, L:/127.0.0.1:64704 - R:localhost/127.0.0.1:54153]
05:03:30.254 [main] DEBUG net.serenitybdd.core.photography.Darkroom - Send negative for processing for target\site\serenity\2b31ad2fc8a6bc9cc7c92357a5d203b9935ae0cf54e40034fa83d412e8ca7fd6.png
05:03:30.254 [main] DEBUG net.thucydides.core.steps.StepInterceptor - STEP DONE: validationOnBuildingPage
  &amp#27;[32mThen &amp#27;[0m&amp#27;[32madmin success crete new building&amp#27;[0m                                               &amp#27;[90m# starter.stepdefenitions.BuildingSteps.adminSuccessCreteNewBuilding()&amp#27;[0m
05:03:30.267 [main] INFO  - 
  _____   ___   ___   _____     ___     _     ___   ___   ___   ___  
 |_   _| | __| / __| |_   _|   | _ \   /_\   / __| / __| | __| |   \ 
   | |   | _|  \__ \   | |     |  _/  / _ \  \__ \ \__ \ | _|  | |) |
   |_|   |___| |___/   |_|     |_|   /_/ \_\ |___/ |___/ |___| |___/ 

As admin i have be able success to create new building with fill facilities
----------------------------------------------------------------------
05:03:30.269 [AsyncHttpClient-1-2] DEBUG org.asynchttpclient.netty.handler.WebSocketHandler - Channel Closed: [id: 0x1e12556f, L:/127.0.0.1:64713 ! R:localhost/127.0.0.1:64705] with attribute NettyResponseFuture{currentRetry=5,
	isDone=1,
	isCancelled=0,
	asyncHandler=org.asynchttpclient.ws.WebSocketUpgradeHandler@585f9d41,
	nettyRequest=org.asynchttpclient.netty.request.NettyRequest@666ef8aa,
	future=java.util.concurrent.CompletableFuture@155e2b60[Completed normally],
	uri=ws://localhost:64705/devtools/browser/651ed99c-33de-4d01-a00c-71af8d94d528,
	keepAlive=true,
	redirectCount=0,
	timeoutsHolder=null,
	inAuth=0,
	touch=1658095391359}
05:03:30.269 [AsyncHttpClient-1-2] DEBUG org.asynchttpclient.netty.channel.ChannelManager - Closing Channel [id: 0x1e12556f, L:/127.0.0.1:64713 ! R:localhost/127.0.0.1:64705] 
05:03:30.272 [Driver Command Executor] DEBUG org.asynchttpclient.netty.request.NettyRequestSender - Using pooled Channel '[id: 0xb30c7316, L:/127.0.0.1:64704 - R:localhost/127.0.0.1:54153]' for 'DELETE' to 'http://localhost:54153/session/cf225d7652b6d621971c0b5aa24e58c2'
05:03:30.273 [Driver Command Executor] DEBUG org.asynchttpclient.netty.request.NettyRequestSender - Using open Channel [id: 0xb30c7316, L:/127.0.0.1:64704 - R:localhost/127.0.0.1:54153] for DELETE '/session/cf225d7652b6d621971c0b5aa24e58c2'
05:03:30.438 [AsyncHttpClient-1-1] DEBUG org.asynchttpclient.netty.channel.DefaultChannelPool - Entry count for : http://localhost:64705 : 1
05:03:31.534 [AsyncHttpClient-1-1] DEBUG org.asynchttpclient.netty.channel.DefaultChannelPool - Entry count for : http://localhost:64705 : 1
05:03:32.636 [AsyncHttpClient-1-1] DEBUG org.asynchttpclient.netty.channel.DefaultChannelPool - Entry count for : http://localhost:64705 : 1
05:03:33.915 [AsyncHttpClient-1-1] DEBUG org.asynchttpclient.netty.channel.DefaultChannelPool - Entry count for : http://localhost:64705 : 1
05:03:34.958 [AsyncHttpClient-1-1] DEBUG org.asynchttpclient.netty.channel.DefaultChannelPool - Entry count for : http://localhost:64705 : 1
05:03:36.060 [AsyncHttpClient-1-1] DEBUG org.asynchttpclient.netty.channel.DefaultChannelPool - Entry count for : http://localhost:64705 : 1
05:03:36.661 [AsyncHttpClient-1-9] DEBUG org.asynchttpclient.netty.handler.HttpHandler - Unexpected I/O exception on channel [id: 0x2b0afc3e, L:/127.0.0.1:64712 - R:localhost/127.0.0.1:64705]
java.io.IOException: An existing connection was forcibly closed by the remote host
	at sun.nio.ch.SocketDispatcher.read0(Native Method)
	at sun.nio.ch.SocketDispatcher.read(SocketDispatcher.java:43)
	at sun.nio.ch.IOUtil.readIntoNativeBuffer(IOUtil.java:223)
	at sun.nio.ch.IOUtil.read(IOUtil.java:192)
	at sun.nio.ch.SocketChannelImpl.read(SocketChannelImpl.java:378)
	at io.netty.buffer.PooledByteBuf.setBytes(PooledByteBuf.java:258)
	at io.netty.buffer.AbstractByteBuf.writeBytes(AbstractByteBuf.java:1132)
	at io.netty.channel.socket.nio.NioSocketChannel.doReadBytes(NioSocketChannel.java:350)
	at io.netty.channel.nio.AbstractNioByteChannel$NioByteUnsafe.read(AbstractNioByteChannel.java:151)
	at io.netty.channel.nio.NioEventLoop.processSelectedKey(NioEventLoop.java:722)
	at io.netty.channel.nio.NioEventLoop.processSelectedKeysOptimized(NioEventLoop.java:658)
	at io.netty.channel.nio.NioEventLoop.processSelectedKeys(NioEventLoop.java:584)
	at io.netty.channel.nio.NioEventLoop.run(NioEventLoop.java:496)
	at io.netty.util.concurrent.SingleThreadEventExecutor$4.run(SingleThreadEventExecutor.java:986)
	at io.netty.util.internal.ThreadExecutorMap$2.run(ThreadExecutorMap.java:74)
	at io.netty.util.concurrent.FastThreadLocalRunnable.run(FastThreadLocalRunnable.java:30)
	at java.lang.Thread.run(Thread.java:750)
05:03:36.661 [AsyncHttpClient-1-9] DEBUG org.asynchttpclient.netty.channel.ChannelManager - Closing Channel [id: 0x2b0afc3e, L:/127.0.0.1:64712 - R:localhost/127.0.0.1:64705] 
05:03:36.661 [AsyncHttpClient-1-9] DEBUG org.asynchttpclient.netty.handler.HttpHandler - Channel Closed: [id: 0x2b0afc3e, L:/127.0.0.1:64712 ! R:localhost/127.0.0.1:64705] with attribute DISCARD
05:03:36.689 [AsyncHttpClient-1-8] DEBUG org.asynchttpclient.netty.handler.HttpHandler - 

Request DefaultFullHttpRequest(decodeResult: success, version: HTTP/1.1, content: EmptyByteBufBE)
DELETE /session/cf225d7652b6d621971c0b5aa24e58c2 HTTP/1.1
User-Agent: selenium/4.1.2 (java windows)
Content-Type: application/json; charset=utf-8
host: localhost:54153
accept: */*

Response DefaultHttpResponse(decodeResult: success, version: HTTP/1.1)
HTTP/1.1 200 OK
Content-Type: application/json; charset=utf-8
cache-control: no-cache
content-length: 14

05:03:36.690 [AsyncHttpClient-1-8] DEBUG org.asynchttpclient.netty.channel.ChannelManager - Adding key: http://localhost:54153 for channel [id: 0xb30c7316, L:/127.0.0.1:64704 - R:localhost/127.0.0.1:54153]
05:03:37.143 [AsyncHttpClient-1-1] DEBUG org.asynchttpclient.netty.channel.DefaultChannelPool - Entry count for : http://localhost:64705 : 1
05:03:37.143 [AsyncHttpClient-1-1] DEBUG org.asynchttpclient.netty.channel.DefaultChannelPool - Entry count for : http://localhost:54153 : 1
05:03:37.143 [AsyncHttpClient-1-1] DEBUG org.asynchttpclient.netty.channel.DefaultChannelPool - Adding Candidate expired Channel [id: 0x2b0afc3e, L:/127.0.0.1:64712 ! R:localhost/127.0.0.1:64705] isIdleTimeoutExpired=false isRemotelyClosed=true isTtlExpired=false
05:03:37.144 [AsyncHttpClient-1-1] DEBUG org.asynchttpclient.netty.channel.DefaultChannelPool - Closing Idle Channel [id: 0x2b0afc3e, L:/127.0.0.1:64712 ! R:localhost/127.0.0.1:64705]
05:03:37.144 [AsyncHttpClient-1-1] DEBUG org.asynchttpclient.netty.channel.DefaultChannelPool - Closed 1 connections out of 2 in 1 ms
05:03:38.232 [AsyncHttpClient-1-1] DEBUG org.asynchttpclient.netty.channel.DefaultChannelPool - Entry count for : http://localhost:54153 : 1
05:03:38.403 [AsyncHttpClient-1-8] DEBUG org.asynchttpclient.netty.handler.HttpHandler - Unexpected I/O exception on channel [id: 0xb30c7316, L:/127.0.0.1:64704 - R:localhost/127.0.0.1:54153]
java.io.IOException: An existing connection was forcibly closed by the remote host
	at sun.nio.ch.SocketDispatcher.read0(Native Method)
	at sun.nio.ch.SocketDispatcher.read(SocketDispatcher.java:43)
	at sun.nio.ch.IOUtil.readIntoNativeBuffer(IOUtil.java:223)
	at sun.nio.ch.IOUtil.read(IOUtil.java:192)
	at sun.nio.ch.SocketChannelImpl.read(SocketChannelImpl.java:378)
	at io.netty.buffer.PooledByteBuf.setBytes(PooledByteBuf.java:258)
	at io.netty.buffer.AbstractByteBuf.writeBytes(AbstractByteBuf.java:1132)
	at io.netty.channel.socket.nio.NioSocketChannel.doReadBytes(NioSocketChannel.java:350)
	at io.netty.channel.nio.AbstractNioByteChannel$NioByteUnsafe.read(AbstractNioByteChannel.java:151)
	at io.netty.channel.nio.NioEventLoop.processSelectedKey(NioEventLoop.java:722)
	at io.netty.channel.nio.NioEventLoop.processSelectedKeysOptimized(NioEventLoop.java:658)
	at io.netty.channel.nio.NioEventLoop.processSelectedKeys(NioEventLoop.java:584)
	at io.netty.channel.nio.NioEventLoop.run(NioEventLoop.java:496)
	at io.netty.util.concurrent.SingleThreadEventExecutor$4.run(SingleThreadEventExecutor.java:986)
	at io.netty.util.internal.ThreadExecutorMap$2.run(ThreadExecutorMap.java:74)
	at io.netty.util.concurrent.FastThreadLocalRunnable.run(FastThreadLocalRunnable.java:30)
	at java.lang.Thread.run(Thread.java:750)
05:03:38.403 [AsyncHttpClient-1-8] DEBUG org.asynchttpclient.netty.channel.ChannelManager - Closing Channel [id: 0xb30c7316, L:/127.0.0.1:64704 - R:localhost/127.0.0.1:54153] 
05:03:38.403 [AsyncHttpClient-1-8] DEBUG org.asynchttpclient.netty.handler.HttpHandler - Channel Closed: [id: 0xb30c7316, L:/127.0.0.1:64704 ! R:localhost/127.0.0.1:54153] with attribute DISCARD
]]></system-out>
    <system-err><![CDATA[Starting ChromeDriver 103.0.5060.53 (a1711811edd74ff1cf2150f36ffa3b0dae40b17f-refs/branch-heads/5060@{#853}) on port 54153
Only local connections are allowed.
Please see https://chromedriver.chromium.org/security-considerations for suggestions on keeping ChromeDriver safe.
ChromeDriver was started successfully.
Jul 18, 2022 5:03:11 AM org.openqa.selenium.remote.ProtocolHandshake createSession
INFO: Detected dialect: W3C
Jul 18, 2022 5:03:11 AM org.openqa.selenium.devtools.CdpVersionFinder findNearestMatch
WARNING: Unable to find an exact match for CDP version 103, so returning the closest version found: a no-op implementation
Jul 18, 2022 5:03:11 AM org.openqa.selenium.devtools.CdpVersionFinder findNearestMatch
INFO: Unable to find CDP implementation matching 103.
Jul 18, 2022 5:03:11 AM org.openqa.selenium.chromium.ChromiumDriver lambda$new$3
WARNING: Unable to find version of CDP to use for . You may need to include a dependency on a specific version of the CDP using something similar to `org.seleniumhq.selenium:selenium-devtools-v86:4.1.2` where the version ("v86") matches the version of the chromium-based browser you're using and the version number of the artifact is the same as Selenium's.
]]></system-err>
  </testcase>
  <testcase name="As admin i have failed to create building with no choose complex" classname="As admin I want to see details building on building page" time="24.888">
    <system-out><![CDATA[
@building @feature
Scenario: As admin i have failed to create building with no choose complex &amp#27;[90m# src/test/resources/features/Building.feature:47&amp#27;[0m
05:03:38.544 [main] INFO io.cucumber.core.plugin.SerenityReporter - Running feature from file:///D:/kampus%20merdeka/QE_Capstone%20Kanbo/capstone/web/src/test/resources/features/Building.feature
05:03:38.551 [main] INFO  - 
  _____   ___   ___   _____     ___   _____     _     ___   _____   ___   ___  
 |_   _| | __| / __| |_   _|   / __| |_   _|   /_\   | _ \ |_   _| | __| |   \ 
   | |   | _|  \__ \   | |     \__ \   | |    / _ \  |   /   | |   | _|  | |) |
   |_|   |___| |___/   |_|     |___/   |_|   /_/ \_\ |_|_\   |_|   |___| |___/ 

As admin i have failed to create building with no choose complex(as-admin-i-want-to-see-details-building-on-building-page;as-admin-i-have-failed-to-create-building-with-no-choose-complex)
--------------------------------------------------------------------------------
05:03:38.600 [main] DEBUG net.thucydides.core.steps.StepInterceptor - STARTING STEP: LoginSteps.onLoginPage - openPage
05:03:38.603 [main] INFO net.serenitybdd.core.webdriver.driverproviders.ChromeDriverProvider - Using automatically driver download
05:03:38.950 [main] DEBUG io.github.bonigarcia.wdm.cache.ResolutionCache - Resolution chrome=103 in cache (valid until 05:51:31 18/07/2022 ICT)
05:03:38.962 [main] DEBUG io.github.bonigarcia.wdm.cache.ResolutionCache - Resolution chrome103=103.0.5060.53 in cache (valid until 03:51:18 19/07/2022 ICT)
05:03:38.967 [main] INFO io.github.bonigarcia.wdm.WebDriverManager - Using chromedriver 103.0.5060.53 (resolved driver for Chrome 103)
05:03:39.001 [main] DEBUG io.github.bonigarcia.wdm.WebDriverManager - Driver chromedriver 103.0.5060.53 found in cache
05:03:39.002 [main] INFO io.github.bonigarcia.wdm.WebDriverManager - Exporting webdriver.chrome.driver as C:\Users\Admin\.cache\selenium\chromedriver\win32\103.0.5060.53\chromedriver.exe
05:03:39.333 [AsyncHttpClient-1-1] DEBUG org.asynchttpclient.netty.channel.DefaultChannelPool - Entry count for : http://localhost:54153 : 1
05:03:39.333 [AsyncHttpClient-1-1] DEBUG org.asynchttpclient.netty.channel.DefaultChannelPool - Adding Candidate expired Channel [id: 0xb30c7316, L:/127.0.0.1:64704 ! R:localhost/127.0.0.1:54153] isIdleTimeoutExpired=false isRemotelyClosed=true isTtlExpired=false
05:03:39.334 [AsyncHttpClient-1-1] DEBUG org.asynchttpclient.netty.channel.DefaultChannelPool - Closing Idle Channel [id: 0xb30c7316, L:/127.0.0.1:64704 ! R:localhost/127.0.0.1:54153]
05:03:39.334 [AsyncHttpClient-1-1] DEBUG org.asynchttpclient.netty.channel.DefaultChannelPool - Closed 1 connections out of 1 in 1 ms
05:03:39.343 [main] DEBUG net.serenitybdd.core.webdriver.driverproviders.ProvideNewDriver - Instantiating driver
05:03:39.343 [main] DEBUG net.serenitybdd.core.webdriver.driverproviders.ProvideNewDriver - Driver capabilities: Capabilities {acceptInsecureCerts: false, base.url: https://kanbo.netlify.app/, browserName: chrome, chrome.driver: src/test/resources/webdrive..., driver: chrome, goog:chromeOptions: {args: [], extensions: []}}
05:03:40.446 [AsyncHttpClient-1-3] DEBUG org.asynchttpclient.netty.channel.NettyConnectListener - Using new Channel '[id: 0xeaeae362, L:/127.0.0.1:64738 - R:localhost/127.0.0.1:50860]' for 'POST' to '/session'
05:03:41.704 [AsyncHttpClient-1-3] DEBUG org.asynchttpclient.netty.handler.HttpHandler - 

Request DefaultHttpRequest(decodeResult: success, version: HTTP/1.1)
POST /session HTTP/1.1
User-Agent: selenium/4.1.2 (java windows)
Content-Length: 612
Content-Type: application/json; charset=utf-8
host: localhost:50860
accept: */*

Response DefaultHttpResponse(decodeResult: success, version: HTTP/1.1)
HTTP/1.1 200 OK
Content-Type: application/json; charset=utf-8
cache-control: no-cache
content-length: 791

05:03:41.705 [AsyncHttpClient-1-3] DEBUG org.asynchttpclient.netty.channel.ChannelManager - Adding key: http://localhost:50860 for channel [id: 0xeaeae362, L:/127.0.0.1:64738 - R:localhost/127.0.0.1:50860]
05:03:41.732 [AsyncHttpClient-1-4] DEBUG org.asynchttpclient.netty.channel.NettyConnectListener - Using new Channel '[id: 0x00770959, L:/127.0.0.1:64744 - R:localhost/127.0.0.1:64739]' for 'GET' to '/json/version'
05:03:41.733 [AsyncHttpClient-1-4] DEBUG org.asynchttpclient.netty.handler.HttpHandler - 

Request DefaultFullHttpRequest(decodeResult: success, version: HTTP/1.1, content: EmptyByteBufBE)
GET /json/version HTTP/1.1
User-Agent: selenium/4.1.2 (java windows)
host: localhost:64739
accept: */*

Response DefaultHttpResponse(decodeResult: success, version: HTTP/1.1)
HTTP/1.1 200 OK
Content-Type: application/json; charset=UTF-8
content-length: 429

05:03:41.734 [AsyncHttpClient-1-4] DEBUG org.asynchttpclient.netty.channel.ChannelManager - Adding key: http://localhost:64739 for channel [id: 0x00770959, L:/127.0.0.1:64744 - R:localhost/127.0.0.1:64739]
05:03:41.739 [AsyncHttpClient-1-5] DEBUG org.asynchttpclient.netty.channel.NettyConnectListener - Using new Channel '[id: 0xd3aea26d, L:/127.0.0.1:64746 - R:localhost/127.0.0.1:64739]' for 'GET' to '/devtools/browser/1ff444b3-2dc5-4cda-8593-5787edf15440'
05:03:41.741 [AsyncHttpClient-1-5] DEBUG org.asynchttpclient.netty.handler.WebSocketHandler - 

Request DefaultFullHttpRequest(decodeResult: success, version: HTTP/1.1, content: EmptyByteBufBE)
GET /devtools/browser/1ff444b3-2dc5-4cda-8593-5787edf15440 HTTP/1.1
upgrade: websocket
connection: upgrade
sec-websocket-key: aLcyWKHh7krzf9Ba0niMCA==
sec-websocket-version: 13
origin: http://localhost:64739
host: localhost:64739
accept: */*
user-agent: AHC/2.1

Response DefaultHttpResponse(decodeResult: success, version: HTTP/1.1)
HTTP/1.1 101 WebSocket Protocol Handshake
Upgrade: WebSocket
Connection: Upgrade
Sec-WebSocket-Accept: KC+cgcgXpCd8ONA0Pg9X7LvtM0o=

05:03:41.774 [Forwarding setCurrentWindowSize on session b104a5613c7fd32760b384447453fcb1 to remote] DEBUG org.asynchttpclient.netty.request.NettyRequestSender - Using pooled Channel '[id: 0xeaeae362, L:/127.0.0.1:64738 - R:localhost/127.0.0.1:50860]' for 'POST' to 'http://localhost:50860/session/b104a5613c7fd32760b384447453fcb1/window/rect'
05:03:41.774 [Forwarding setCurrentWindowSize on session b104a5613c7fd32760b384447453fcb1 to remote] DEBUG org.asynchttpclient.netty.request.NettyRequestSender - Using open Channel [id: 0xeaeae362, L:/127.0.0.1:64738 - R:localhost/127.0.0.1:50860] for POST '/session/b104a5613c7fd32760b384447453fcb1/window/rect'
05:03:41.910 [AsyncHttpClient-1-3] DEBUG org.asynchttpclient.netty.handler.HttpHandler - 

Request DefaultHttpRequest(decodeResult: success, version: HTTP/1.1)
POST /session/b104a5613c7fd32760b384447453fcb1/window/rect HTTP/1.1
User-Agent: selenium/4.1.2 (java windows)
Content-Length: 37
Content-Type: application/json; charset=utf-8
host: localhost:50860
accept: */*

Response DefaultHttpResponse(decodeResult: success, version: HTTP/1.1)
HTTP/1.1 200 OK
Content-Type: application/json; charset=utf-8
cache-control: no-cache
content-length: 51

05:03:41.910 [AsyncHttpClient-1-3] DEBUG org.asynchttpclient.netty.channel.ChannelManager - Adding key: http://localhost:50860 for channel [id: 0xeaeae362, L:/127.0.0.1:64738 - R:localhost/127.0.0.1:50860]
05:03:41.912 [Forwarding setWindowPosition on session b104a5613c7fd32760b384447453fcb1 to remote] DEBUG org.asynchttpclient.netty.request.NettyRequestSender - Using pooled Channel '[id: 0xeaeae362, L:/127.0.0.1:64738 - R:localhost/127.0.0.1:50860]' for 'POST' to 'http://localhost:50860/session/b104a5613c7fd32760b384447453fcb1/window/rect'
05:03:41.912 [Forwarding setWindowPosition on session b104a5613c7fd32760b384447453fcb1 to remote] DEBUG org.asynchttpclient.netty.request.NettyRequestSender - Using open Channel [id: 0xeaeae362, L:/127.0.0.1:64738 - R:localhost/127.0.0.1:50860] for POST '/session/b104a5613c7fd32760b384447453fcb1/window/rect'
05:03:42.036 [AsyncHttpClient-1-3] DEBUG org.asynchttpclient.netty.handler.HttpHandler - 

Request DefaultHttpRequest(decodeResult: success, version: HTTP/1.1)
POST /session/b104a5613c7fd32760b384447453fcb1/window/rect HTTP/1.1
User-Agent: selenium/4.1.2 (java windows)
Content-Length: 22
Content-Type: application/json; charset=utf-8
host: localhost:50860
accept: */*

Response DefaultHttpResponse(decodeResult: success, version: HTTP/1.1)
HTTP/1.1 200 OK
Content-Type: application/json; charset=utf-8
cache-control: no-cache
content-length: 49

05:03:42.037 [AsyncHttpClient-1-3] DEBUG org.asynchttpclient.netty.channel.ChannelManager - Adding key: http://localhost:50860 for channel [id: 0xeaeae362, L:/127.0.0.1:64738 - R:localhost/127.0.0.1:50860]
05:03:42.039 [Forwarding get on session b104a5613c7fd32760b384447453fcb1 to remote] DEBUG org.asynchttpclient.netty.request.NettyRequestSender - Using pooled Channel '[id: 0xeaeae362, L:/127.0.0.1:64738 - R:localhost/127.0.0.1:50860]' for 'POST' to 'http://localhost:50860/session/b104a5613c7fd32760b384447453fcb1/url'
05:03:42.039 [Forwarding get on session b104a5613c7fd32760b384447453fcb1 to remote] DEBUG org.asynchttpclient.netty.request.NettyRequestSender - Using open Channel [id: 0xeaeae362, L:/127.0.0.1:64738 - R:localhost/127.0.0.1:50860] for POST '/session/b104a5613c7fd32760b384447453fcb1/url'
05:03:42.645 [AsyncHttpClient-1-1] DEBUG org.asynchttpclient.netty.channel.DefaultChannelPool - Entry count for : http://localhost:64739 : 1
05:03:43.827 [AsyncHttpClient-1-1] DEBUG org.asynchttpclient.netty.channel.DefaultChannelPool - Entry count for : http://localhost:64739 : 1
05:03:43.922 [AsyncHttpClient-1-3] DEBUG org.asynchttpclient.netty.handler.HttpHandler - 

Request DefaultHttpRequest(decodeResult: success, version: HTTP/1.1)
POST /session/b104a5613c7fd32760b384447453fcb1/url HTTP/1.1
User-Agent: selenium/4.1.2 (java windows)
Content-Length: 56
Content-Type: application/json; charset=utf-8
host: localhost:50860
accept: */*

Response DefaultHttpResponse(decodeResult: success, version: HTTP/1.1)
HTTP/1.1 200 OK
Content-Type: application/json; charset=utf-8
cache-control: no-cache
content-length: 14

05:03:43.922 [AsyncHttpClient-1-3] DEBUG org.asynchttpclient.netty.channel.ChannelManager - Adding key: http://localhost:50860 for channel [id: 0xeaeae362, L:/127.0.0.1:64738 - R:localhost/127.0.0.1:50860]
05:03:43.924 [Forwarding setTimeout on session b104a5613c7fd32760b384447453fcb1 to remote] DEBUG org.asynchttpclient.netty.request.NettyRequestSender - Using pooled Channel '[id: 0xeaeae362, L:/127.0.0.1:64738 - R:localhost/127.0.0.1:50860]' for 'POST' to 'http://localhost:50860/session/b104a5613c7fd32760b384447453fcb1/timeouts'
05:03:43.924 [Forwarding setTimeout on session b104a5613c7fd32760b384447453fcb1 to remote] DEBUG org.asynchttpclient.netty.request.NettyRequestSender - Using open Channel [id: 0xeaeae362, L:/127.0.0.1:64738 - R:localhost/127.0.0.1:50860] for POST '/session/b104a5613c7fd32760b384447453fcb1/timeouts'
05:03:43.930 [AsyncHttpClient-1-3] DEBUG org.asynchttpclient.netty.handler.HttpHandler - 

Request DefaultHttpRequest(decodeResult: success, version: HTTP/1.1)
POST /session/b104a5613c7fd32760b384447453fcb1/timeouts HTTP/1.1
User-Agent: selenium/4.1.2 (java windows)
Content-Length: 22
Content-Type: application/json; charset=utf-8
host: localhost:50860
accept: */*

Response DefaultHttpResponse(decodeResult: success, version: HTTP/1.1)
HTTP/1.1 200 OK
Content-Type: application/json; charset=utf-8
cache-control: no-cache
content-length: 14

05:03:43.931 [AsyncHttpClient-1-3] DEBUG org.asynchttpclient.netty.channel.ChannelManager - Adding key: http://localhost:50860 for channel [id: 0xeaeae362, L:/127.0.0.1:64738 - R:localhost/127.0.0.1:50860]
05:03:43.940 [Forwarding getCurrentUrl on session b104a5613c7fd32760b384447453fcb1 to remote] DEBUG org.asynchttpclient.netty.request.NettyRequestSender - Using pooled Channel '[id: 0xeaeae362, L:/127.0.0.1:64738 - R:localhost/127.0.0.1:50860]' for 'GET' to 'http://localhost:50860/session/b104a5613c7fd32760b384447453fcb1/url'
05:03:43.940 [Forwarding getCurrentUrl on session b104a5613c7fd32760b384447453fcb1 to remote] DEBUG org.asynchttpclient.netty.request.NettyRequestSender - Using open Channel [id: 0xeaeae362, L:/127.0.0.1:64738 - R:localhost/127.0.0.1:50860] for GET '/session/b104a5613c7fd32760b384447453fcb1/url'
05:03:43.962 [AsyncHttpClient-1-3] DEBUG org.asynchttpclient.netty.handler.HttpHandler - 

Request DefaultFullHttpRequest(decodeResult: success, version: HTTP/1.1, content: EmptyByteBufBE)
GET /session/b104a5613c7fd32760b384447453fcb1/url HTTP/1.1
User-Agent: selenium/4.1.2 (java windows)
Cache-Control: no-cache
Content-Type: application/json; charset=utf-8
host: localhost:50860
accept: */*

Response DefaultHttpResponse(decodeResult: success, version: HTTP/1.1)
HTTP/1.1 200 OK
Content-Type: application/json; charset=utf-8
cache-control: no-cache
content-length: 38

05:03:43.962 [AsyncHttpClient-1-3] DEBUG org.asynchttpclient.netty.channel.ChannelManager - Adding key: http://localhost:50860 for channel [id: 0xeaeae362, L:/127.0.0.1:64738 - R:localhost/127.0.0.1:50860]
05:03:43.974 [Forwarding getCurrentUrl on session b104a5613c7fd32760b384447453fcb1 to remote] DEBUG org.asynchttpclient.netty.request.NettyRequestSender - Using pooled Channel '[id: 0xeaeae362, L:/127.0.0.1:64738 - R:localhost/127.0.0.1:50860]' for 'GET' to 'http://localhost:50860/session/b104a5613c7fd32760b384447453fcb1/url'
05:03:43.974 [Forwarding getCurrentUrl on session b104a5613c7fd32760b384447453fcb1 to remote] DEBUG org.asynchttpclient.netty.request.NettyRequestSender - Using open Channel [id: 0xeaeae362, L:/127.0.0.1:64738 - R:localhost/127.0.0.1:50860] for GET '/session/b104a5613c7fd32760b384447453fcb1/url'
05:03:43.987 [AsyncHttpClient-1-3] DEBUG org.asynchttpclient.netty.handler.HttpHandler - 

Request DefaultFullHttpRequest(decodeResult: success, version: HTTP/1.1, content: EmptyByteBufBE)
GET /session/b104a5613c7fd32760b384447453fcb1/url HTTP/1.1
User-Agent: selenium/4.1.2 (java windows)
Cache-Control: no-cache
Content-Type: application/json; charset=utf-8
host: localhost:50860
accept: */*

Response DefaultHttpResponse(decodeResult: success, version: HTTP/1.1)
HTTP/1.1 200 OK
Content-Type: application/json; charset=utf-8
cache-control: no-cache
content-length: 38

05:03:43.987 [AsyncHttpClient-1-3] DEBUG org.asynchttpclient.netty.channel.ChannelManager - Adding key: http://localhost:50860 for channel [id: 0xeaeae362, L:/127.0.0.1:64738 - R:localhost/127.0.0.1:50860]
05:03:44.008 [Forwarding screenshot on session b104a5613c7fd32760b384447453fcb1 to remote] DEBUG org.asynchttpclient.netty.request.NettyRequestSender - Using pooled Channel '[id: 0xeaeae362, L:/127.0.0.1:64738 - R:localhost/127.0.0.1:50860]' for 'GET' to 'http://localhost:50860/session/b104a5613c7fd32760b384447453fcb1/screenshot'
05:03:44.008 [Forwarding screenshot on session b104a5613c7fd32760b384447453fcb1 to remote] DEBUG org.asynchttpclient.netty.request.NettyRequestSender - Using open Channel [id: 0xeaeae362, L:/127.0.0.1:64738 - R:localhost/127.0.0.1:50860] for GET '/session/b104a5613c7fd32760b384447453fcb1/screenshot'
05:03:44.421 [AsyncHttpClient-1-3] DEBUG org.asynchttpclient.netty.handler.HttpHandler - 

Request DefaultFullHttpRequest(decodeResult: success, version: HTTP/1.1, content: EmptyByteBufBE)
GET /session/b104a5613c7fd32760b384447453fcb1/screenshot HTTP/1.1
User-Agent: selenium/4.1.2 (java windows)
Cache-Control: no-cache
Content-Type: application/json; charset=utf-8
host: localhost:50860
accept: */*

Response DefaultHttpResponse(decodeResult: success, version: HTTP/1.1)
HTTP/1.1 200 OK
Content-Type: application/json; charset=utf-8
cache-control: no-cache
content-length: 226248

05:03:44.424 [AsyncHttpClient-1-3] DEBUG org.asynchttpclient.netty.channel.ChannelManager - Adding key: http://localhost:50860 for channel [id: 0xeaeae362, L:/127.0.0.1:64738 - R:localhost/127.0.0.1:50860]
05:03:44.447 [main] DEBUG net.serenitybdd.core.photography.Darkroom - Send negative for processing for target\site\serenity\2a5d2923b4b494a1ff0aeab781315180ab4dee3f7e8111246690078773e5a5c9.png
05:03:44.447 [main] DEBUG net.thucydides.core.steps.StepInterceptor - STEP DONE: openPage
05:03:44.485 [main] DEBUG net.thucydides.core.steps.StepInterceptor - STARTING STEP: LoginSteps.onLoginPage - validationOnloginPage
05:03:44.489 [Forwarding findElement on session b104a5613c7fd32760b384447453fcb1 to remote] DEBUG org.asynchttpclient.netty.request.NettyRequestSender - Using pooled Channel '[id: 0xeaeae362, L:/127.0.0.1:64738 - R:localhost/127.0.0.1:50860]' for 'POST' to 'http://localhost:50860/session/b104a5613c7fd32760b384447453fcb1/element'
05:03:44.489 [Forwarding findElement on session b104a5613c7fd32760b384447453fcb1 to remote] DEBUG org.asynchttpclient.netty.request.NettyRequestSender - Using open Channel [id: 0xeaeae362, L:/127.0.0.1:64738 - R:localhost/127.0.0.1:50860] for POST '/session/b104a5613c7fd32760b384447453fcb1/element'
05:03:44.535 [AsyncHttpClient-1-3] DEBUG org.asynchttpclient.netty.handler.HttpHandler - 

Request DefaultHttpRequest(decodeResult: success, version: HTTP/1.1)
POST /session/b104a5613c7fd32760b384447453fcb1/element HTTP/1.1
User-Agent: selenium/4.1.2 (java windows)
Content-Length: 66
Content-Type: application/json; charset=utf-8
host: localhost:50860
accept: */*

Response DefaultHttpResponse(decodeResult: success, version: HTTP/1.1)
HTTP/1.1 200 OK
Content-Type: application/json; charset=utf-8
cache-control: no-cache
content-length: 88

05:03:44.535 [AsyncHttpClient-1-3] DEBUG org.asynchttpclient.netty.channel.ChannelManager - Adding key: http://localhost:50860 for channel [id: 0xeaeae362, L:/127.0.0.1:64738 - R:localhost/127.0.0.1:50860]
05:03:44.543 [Forwarding isElementDisplayed on session b104a5613c7fd32760b384447453fcb1 to remote] DEBUG org.asynchttpclient.netty.request.NettyRequestSender - Using pooled Channel '[id: 0xeaeae362, L:/127.0.0.1:64738 - R:localhost/127.0.0.1:50860]' for 'POST' to 'http://localhost:50860/session/b104a5613c7fd32760b384447453fcb1/execute/sync'
05:03:44.543 [Forwarding isElementDisplayed on session b104a5613c7fd32760b384447453fcb1 to remote] DEBUG org.asynchttpclient.netty.request.NettyRequestSender - Using open Channel [id: 0xeaeae362, L:/127.0.0.1:64738 - R:localhost/127.0.0.1:50860] for POST '/session/b104a5613c7fd32760b384447453fcb1/execute/sync'
05:03:44.589 [AsyncHttpClient-1-3] DEBUG org.asynchttpclient.netty.handler.HttpHandler - 

Request DefaultHttpRequest(decodeResult: success, version: HTTP/1.1)
POST /session/b104a5613c7fd32760b384447453fcb1/execute/sync HTTP/1.1
User-Agent: selenium/4.1.2 (java windows)
Content-Length: 48780
Content-Type: application/json; charset=utf-8
host: localhost:50860
accept: */*

Response DefaultHttpResponse(decodeResult: success, version: HTTP/1.1)
HTTP/1.1 200 OK
Content-Type: application/json; charset=utf-8
cache-control: no-cache
content-length: 14

05:03:44.589 [AsyncHttpClient-1-3] DEBUG org.asynchttpclient.netty.channel.ChannelManager - Adding key: http://localhost:50860 for channel [id: 0xeaeae362, L:/127.0.0.1:64738 - R:localhost/127.0.0.1:50860]
05:03:44.603 [Forwarding screenshot on session b104a5613c7fd32760b384447453fcb1 to remote] DEBUG org.asynchttpclient.netty.request.NettyRequestSender - Using pooled Channel '[id: 0xeaeae362, L:/127.0.0.1:64738 - R:localhost/127.0.0.1:50860]' for 'GET' to 'http://localhost:50860/session/b104a5613c7fd32760b384447453fcb1/screenshot'
05:03:44.603 [Forwarding screenshot on session b104a5613c7fd32760b384447453fcb1 to remote] DEBUG org.asynchttpclient.netty.request.NettyRequestSender - Using open Channel [id: 0xeaeae362, L:/127.0.0.1:64738 - R:localhost/127.0.0.1:50860] for GET '/session/b104a5613c7fd32760b384447453fcb1/screenshot'
05:03:44.842 [AsyncHttpClient-1-1] DEBUG org.asynchttpclient.netty.channel.DefaultChannelPool - Entry count for : http://localhost:64739 : 1
05:03:44.992 [AsyncHttpClient-1-3] DEBUG org.asynchttpclient.netty.handler.HttpHandler - 

Request DefaultFullHttpRequest(decodeResult: success, version: HTTP/1.1, content: EmptyByteBufBE)
GET /session/b104a5613c7fd32760b384447453fcb1/screenshot HTTP/1.1
User-Agent: selenium/4.1.2 (java windows)
Cache-Control: no-cache
Content-Type: application/json; charset=utf-8
host: localhost:50860
accept: */*

Response DefaultHttpResponse(decodeResult: success, version: HTTP/1.1)
HTTP/1.1 200 OK
Content-Type: application/json; charset=utf-8
cache-control: no-cache
content-length: 226248

05:03:44.993 [AsyncHttpClient-1-3] DEBUG org.asynchttpclient.netty.channel.ChannelManager - Adding key: http://localhost:50860 for channel [id: 0xeaeae362, L:/127.0.0.1:64738 - R:localhost/127.0.0.1:50860]
05:03:45.018 [main] DEBUG net.serenitybdd.core.photography.Darkroom - Send negative for processing for target\site\serenity\2a5d2923b4b494a1ff0aeab781315180ab4dee3f7e8111246690078773e5a5c9.png
05:03:45.018 [main] DEBUG net.thucydides.core.steps.StepInterceptor - STEP DONE: validationOnloginPage
  &amp#27;[32mGiven &amp#27;[0m&amp#27;[32mi am on the login page&amp#27;[0m                                             &amp#27;[90m# starter.stepdefenitions.LoginSteps.onLoginPage()&amp#27;[0m
05:03:45.067 [main] DEBUG net.thucydides.core.steps.StepInterceptor - STARTING STEP: LoginSteps.inputValidEmail - inputEmail
05:03:45.076 [Forwarding findElement on session b104a5613c7fd32760b384447453fcb1 to remote] DEBUG org.asynchttpclient.netty.request.NettyRequestSender - Using pooled Channel '[id: 0xeaeae362, L:/127.0.0.1:64738 - R:localhost/127.0.0.1:50860]' for 'POST' to 'http://localhost:50860/session/b104a5613c7fd32760b384447453fcb1/element'
05:03:45.076 [Forwarding findElement on session b104a5613c7fd32760b384447453fcb1 to remote] DEBUG org.asynchttpclient.netty.request.NettyRequestSender - Using open Channel [id: 0xeaeae362, L:/127.0.0.1:64738 - R:localhost/127.0.0.1:50860] for POST '/session/b104a5613c7fd32760b384447453fcb1/element'
05:03:45.101 [AsyncHttpClient-1-3] DEBUG org.asynchttpclient.netty.handler.HttpHandler - 

Request DefaultHttpRequest(decodeResult: success, version: HTTP/1.1)
POST /session/b104a5613c7fd32760b384447453fcb1/element HTTP/1.1
User-Agent: selenium/4.1.2 (java windows)
Content-Length: 76
Content-Type: application/json; charset=utf-8
host: localhost:50860
accept: */*

Response DefaultHttpResponse(decodeResult: success, version: HTTP/1.1)
HTTP/1.1 200 OK
Content-Type: application/json; charset=utf-8
cache-control: no-cache
content-length: 88

05:03:45.101 [AsyncHttpClient-1-3] DEBUG org.asynchttpclient.netty.channel.ChannelManager - Adding key: http://localhost:50860 for channel [id: 0xeaeae362, L:/127.0.0.1:64738 - R:localhost/127.0.0.1:50860]
05:03:45.104 [Forwarding clearElement on session b104a5613c7fd32760b384447453fcb1 to remote] DEBUG org.asynchttpclient.netty.request.NettyRequestSender - Using pooled Channel '[id: 0xeaeae362, L:/127.0.0.1:64738 - R:localhost/127.0.0.1:50860]' for 'POST' to 'http://localhost:50860/session/b104a5613c7fd32760b384447453fcb1/element/95f13f49-524b-4fa0-a901-a11637102bbb/clear'
05:03:45.104 [Forwarding clearElement on session b104a5613c7fd32760b384447453fcb1 to remote] DEBUG org.asynchttpclient.netty.request.NettyRequestSender - Using open Channel [id: 0xeaeae362, L:/127.0.0.1:64738 - R:localhost/127.0.0.1:50860] for POST '/session/b104a5613c7fd32760b384447453fcb1/element/95f13f49-524b-4fa0-a901-a11637102bbb/clear'
05:03:45.203 [AsyncHttpClient-1-3] DEBUG org.asynchttpclient.netty.handler.HttpHandler - 

Request DefaultHttpRequest(decodeResult: success, version: HTTP/1.1)
POST /session/b104a5613c7fd32760b384447453fcb1/element/95f13f49-524b-4fa0-a901-a11637102bbb/clear HTTP/1.1
User-Agent: selenium/4.1.2 (java windows)
Content-Length: 50
Content-Type: application/json; charset=utf-8
host: localhost:50860
accept: */*

Response DefaultHttpResponse(decodeResult: success, version: HTTP/1.1)
HTTP/1.1 200 OK
Content-Type: application/json; charset=utf-8
cache-control: no-cache
content-length: 14

05:03:45.204 [AsyncHttpClient-1-3] DEBUG org.asynchttpclient.netty.channel.ChannelManager - Adding key: http://localhost:50860 for channel [id: 0xeaeae362, L:/127.0.0.1:64738 - R:localhost/127.0.0.1:50860]
05:03:45.208 [Forwarding sendKeysToElement on session b104a5613c7fd32760b384447453fcb1 to remote] DEBUG org.asynchttpclient.netty.request.NettyRequestSender - Using pooled Channel '[id: 0xeaeae362, L:/127.0.0.1:64738 - R:localhost/127.0.0.1:50860]' for 'POST' to 'http://localhost:50860/session/b104a5613c7fd32760b384447453fcb1/element/95f13f49-524b-4fa0-a901-a11637102bbb/value'
05:03:45.208 [Forwarding sendKeysToElement on session b104a5613c7fd32760b384447453fcb1 to remote] DEBUG org.asynchttpclient.netty.request.NettyRequestSender - Using open Channel [id: 0xeaeae362, L:/127.0.0.1:64738 - R:localhost/127.0.0.1:50860] for POST '/session/b104a5613c7fd32760b384447453fcb1/element/95f13f49-524b-4fa0-a901-a11637102bbb/value'
05:03:45.456 [AsyncHttpClient-1-3] DEBUG org.asynchttpclient.netty.handler.HttpHandler - 

Request DefaultHttpRequest(decodeResult: success, version: HTTP/1.1)
POST /session/b104a5613c7fd32760b384447453fcb1/element/95f13f49-524b-4fa0-a901-a11637102bbb/value HTTP/1.1
User-Agent: selenium/4.1.2 (java windows)
Content-Length: 261
Content-Type: application/json; charset=utf-8
host: localhost:50860
accept: */*

Response DefaultHttpResponse(decodeResult: success, version: HTTP/1.1)
HTTP/1.1 200 OK
Content-Type: application/json; charset=utf-8
cache-control: no-cache
content-length: 14

05:03:45.456 [AsyncHttpClient-1-3] DEBUG org.asynchttpclient.netty.channel.ChannelManager - Adding key: http://localhost:50860 for channel [id: 0xeaeae362, L:/127.0.0.1:64738 - R:localhost/127.0.0.1:50860]
05:03:45.473 [Forwarding screenshot on session b104a5613c7fd32760b384447453fcb1 to remote] DEBUG org.asynchttpclient.netty.request.NettyRequestSender - Using pooled Channel '[id: 0xeaeae362, L:/127.0.0.1:64738 - R:localhost/127.0.0.1:50860]' for 'GET' to 'http://localhost:50860/session/b104a5613c7fd32760b384447453fcb1/screenshot'
05:03:45.474 [Forwarding screenshot on session b104a5613c7fd32760b384447453fcb1 to remote] DEBUG org.asynchttpclient.netty.request.NettyRequestSender - Using open Channel [id: 0xeaeae362, L:/127.0.0.1:64738 - R:localhost/127.0.0.1:50860] for GET '/session/b104a5613c7fd32760b384447453fcb1/screenshot'
05:03:45.919 [AsyncHttpClient-1-3] DEBUG org.asynchttpclient.netty.handler.HttpHandler - 

Request DefaultFullHttpRequest(decodeResult: success, version: HTTP/1.1, content: EmptyByteBufBE)
GET /session/b104a5613c7fd32760b384447453fcb1/screenshot HTTP/1.1
User-Agent: selenium/4.1.2 (java windows)
Cache-Control: no-cache
Content-Type: application/json; charset=utf-8
host: localhost:50860
accept: */*

Response DefaultHttpResponse(decodeResult: success, version: HTTP/1.1)
HTTP/1.1 200 OK
Content-Type: application/json; charset=utf-8
cache-control: no-cache
content-length: 231396

05:03:45.921 [AsyncHttpClient-1-3] DEBUG org.asynchttpclient.netty.channel.ChannelManager - Adding key: http://localhost:50860 for channel [id: 0xeaeae362, L:/127.0.0.1:64738 - R:localhost/127.0.0.1:50860]
05:03:45.941 [AsyncHttpClient-1-1] DEBUG org.asynchttpclient.netty.channel.DefaultChannelPool - Entry count for : http://localhost:64739 : 1
05:03:45.941 [AsyncHttpClient-1-1] DEBUG org.asynchttpclient.netty.channel.DefaultChannelPool - Entry count for : http://localhost:50860 : 1
05:03:45.943 [main] DEBUG net.serenitybdd.core.photography.Darkroom - Send negative for processing for target\site\serenity\b3868473e2b79f40f8dab620f33c839d85b92d940d318baf66bea1557b15d68d.png
05:03:45.943 [main] DEBUG net.thucydides.core.steps.StepInterceptor - STEP DONE: inputEmail
  &amp#27;[32mWhen &amp#27;[0m&amp#27;[32mi input valid email&amp#27;[0m                                                 &amp#27;[90m# starter.stepdefenitions.LoginSteps.inputValidEmail()&amp#27;[0m
05:03:45.981 [main] DEBUG net.thucydides.core.steps.StepInterceptor - STARTING STEP: LoginSteps.inputValidPassword - showPass
05:03:45.988 [Forwarding findElement on session b104a5613c7fd32760b384447453fcb1 to remote] DEBUG org.asynchttpclient.netty.request.NettyRequestSender - Using pooled Channel '[id: 0xeaeae362, L:/127.0.0.1:64738 - R:localhost/127.0.0.1:50860]' for 'POST' to 'http://localhost:50860/session/b104a5613c7fd32760b384447453fcb1/element'
05:03:45.988 [Forwarding findElement on session b104a5613c7fd32760b384447453fcb1 to remote] DEBUG org.asynchttpclient.netty.request.NettyRequestSender - Using open Channel [id: 0xeaeae362, L:/127.0.0.1:64738 - R:localhost/127.0.0.1:50860] for POST '/session/b104a5613c7fd32760b384447453fcb1/element'
05:03:46.015 [AsyncHttpClient-1-3] DEBUG org.asynchttpclient.netty.handler.HttpHandler - 

Request DefaultHttpRequest(decodeResult: success, version: HTTP/1.1)
POST /session/b104a5613c7fd32760b384447453fcb1/element HTTP/1.1
User-Agent: selenium/4.1.2 (java windows)
Content-Length: 95
Content-Type: application/json; charset=utf-8
host: localhost:50860
accept: */*

Response DefaultHttpResponse(decodeResult: success, version: HTTP/1.1)
HTTP/1.1 200 OK
Content-Type: application/json; charset=utf-8
cache-control: no-cache
content-length: 88

05:03:46.016 [AsyncHttpClient-1-3] DEBUG org.asynchttpclient.netty.channel.ChannelManager - Adding key: http://localhost:50860 for channel [id: 0xeaeae362, L:/127.0.0.1:64738 - R:localhost/127.0.0.1:50860]
05:03:46.018 [Forwarding getElementTagName on session b104a5613c7fd32760b384447453fcb1 to remote] DEBUG org.asynchttpclient.netty.request.NettyRequestSender - Using pooled Channel '[id: 0xeaeae362, L:/127.0.0.1:64738 - R:localhost/127.0.0.1:50860]' for 'GET' to 'http://localhost:50860/session/b104a5613c7fd32760b384447453fcb1/element/80c221d3-3c05-4d38-a03b-1c1c0ff02884/name'
05:03:46.018 [Forwarding getElementTagName on session b104a5613c7fd32760b384447453fcb1 to remote] DEBUG org.asynchttpclient.netty.request.NettyRequestSender - Using open Channel [id: 0xeaeae362, L:/127.0.0.1:64738 - R:localhost/127.0.0.1:50860] for GET '/session/b104a5613c7fd32760b384447453fcb1/element/80c221d3-3c05-4d38-a03b-1c1c0ff02884/name'
05:03:46.029 [AsyncHttpClient-1-3] DEBUG org.asynchttpclient.netty.handler.HttpHandler - 

Request DefaultFullHttpRequest(decodeResult: success, version: HTTP/1.1, content: EmptyByteBufBE)
GET /session/b104a5613c7fd32760b384447453fcb1/element/80c221d3-3c05-4d38-a03b-1c1c0ff02884/name HTTP/1.1
User-Agent: selenium/4.1.2 (java windows)
Cache-Control: no-cache
Content-Type: application/json; charset=utf-8
host: localhost:50860
accept: */*

Response DefaultHttpResponse(decodeResult: success, version: HTTP/1.1)
HTTP/1.1 200 OK
Content-Type: application/json; charset=utf-8
cache-control: no-cache
content-length: 16

05:03:46.029 [AsyncHttpClient-1-3] DEBUG org.asynchttpclient.netty.channel.ChannelManager - Adding key: http://localhost:50860 for channel [id: 0xeaeae362, L:/127.0.0.1:64738 - R:localhost/127.0.0.1:50860]
05:03:46.031 [Forwarding getElementTagName on session b104a5613c7fd32760b384447453fcb1 to remote] DEBUG org.asynchttpclient.netty.request.NettyRequestSender - Using pooled Channel '[id: 0xeaeae362, L:/127.0.0.1:64738 - R:localhost/127.0.0.1:50860]' for 'GET' to 'http://localhost:50860/session/b104a5613c7fd32760b384447453fcb1/element/80c221d3-3c05-4d38-a03b-1c1c0ff02884/name'
05:03:46.031 [Forwarding getElementTagName on session b104a5613c7fd32760b384447453fcb1 to remote] DEBUG org.asynchttpclient.netty.request.NettyRequestSender - Using open Channel [id: 0xeaeae362, L:/127.0.0.1:64738 - R:localhost/127.0.0.1:50860] for GET '/session/b104a5613c7fd32760b384447453fcb1/element/80c221d3-3c05-4d38-a03b-1c1c0ff02884/name'
05:03:46.037 [AsyncHttpClient-1-3] DEBUG org.asynchttpclient.netty.handler.HttpHandler - 

Request DefaultFullHttpRequest(decodeResult: success, version: HTTP/1.1, content: EmptyByteBufBE)
GET /session/b104a5613c7fd32760b384447453fcb1/element/80c221d3-3c05-4d38-a03b-1c1c0ff02884/name HTTP/1.1
User-Agent: selenium/4.1.2 (java windows)
Cache-Control: no-cache
Content-Type: application/json; charset=utf-8
host: localhost:50860
accept: */*

Response DefaultHttpResponse(decodeResult: success, version: HTTP/1.1)
HTTP/1.1 200 OK
Content-Type: application/json; charset=utf-8
cache-control: no-cache
content-length: 16

05:03:46.037 [AsyncHttpClient-1-3] DEBUG org.asynchttpclient.netty.channel.ChannelManager - Adding key: http://localhost:50860 for channel [id: 0xeaeae362, L:/127.0.0.1:64738 - R:localhost/127.0.0.1:50860]
05:03:46.041 [Forwarding findElement on session b104a5613c7fd32760b384447453fcb1 to remote] DEBUG org.asynchttpclient.netty.request.NettyRequestSender - Using pooled Channel '[id: 0xeaeae362, L:/127.0.0.1:64738 - R:localhost/127.0.0.1:50860]' for 'POST' to 'http://localhost:50860/session/b104a5613c7fd32760b384447453fcb1/element'
05:03:46.041 [Forwarding findElement on session b104a5613c7fd32760b384447453fcb1 to remote] DEBUG org.asynchttpclient.netty.request.NettyRequestSender - Using open Channel [id: 0xeaeae362, L:/127.0.0.1:64738 - R:localhost/127.0.0.1:50860] for POST '/session/b104a5613c7fd32760b384447453fcb1/element'
05:03:46.053 [AsyncHttpClient-1-3] DEBUG org.asynchttpclient.netty.handler.HttpHandler - 

Request DefaultHttpRequest(decodeResult: success, version: HTTP/1.1)
POST /session/b104a5613c7fd32760b384447453fcb1/element HTTP/1.1
User-Agent: selenium/4.1.2 (java windows)
Content-Length: 95
Content-Type: application/json; charset=utf-8
host: localhost:50860
accept: */*

Response DefaultHttpResponse(decodeResult: success, version: HTTP/1.1)
HTTP/1.1 200 OK
Content-Type: application/json; charset=utf-8
cache-control: no-cache
content-length: 88

05:03:46.053 [AsyncHttpClient-1-3] DEBUG org.asynchttpclient.netty.channel.ChannelManager - Adding key: http://localhost:50860 for channel [id: 0xeaeae362, L:/127.0.0.1:64738 - R:localhost/127.0.0.1:50860]
05:03:46.056 [Forwarding clickElement on session b104a5613c7fd32760b384447453fcb1 to remote] DEBUG org.asynchttpclient.netty.request.NettyRequestSender - Using pooled Channel '[id: 0xeaeae362, L:/127.0.0.1:64738 - R:localhost/127.0.0.1:50860]' for 'POST' to 'http://localhost:50860/session/b104a5613c7fd32760b384447453fcb1/element/80c221d3-3c05-4d38-a03b-1c1c0ff02884/click'
05:03:46.056 [Forwarding clickElement on session b104a5613c7fd32760b384447453fcb1 to remote] DEBUG org.asynchttpclient.netty.request.NettyRequestSender - Using open Channel [id: 0xeaeae362, L:/127.0.0.1:64738 - R:localhost/127.0.0.1:50860] for POST '/session/b104a5613c7fd32760b384447453fcb1/element/80c221d3-3c05-4d38-a03b-1c1c0ff02884/click'
05:03:46.157 [AsyncHttpClient-1-3] DEBUG org.asynchttpclient.netty.handler.HttpHandler - 

Request DefaultHttpRequest(decodeResult: success, version: HTTP/1.1)
POST /session/b104a5613c7fd32760b384447453fcb1/element/80c221d3-3c05-4d38-a03b-1c1c0ff02884/click HTTP/1.1
User-Agent: selenium/4.1.2 (java windows)
Content-Length: 50
Content-Type: application/json; charset=utf-8
host: localhost:50860
accept: */*

Response DefaultHttpResponse(decodeResult: success, version: HTTP/1.1)
HTTP/1.1 200 OK
Content-Type: application/json; charset=utf-8
cache-control: no-cache
content-length: 14

05:03:46.158 [AsyncHttpClient-1-3] DEBUG org.asynchttpclient.netty.channel.ChannelManager - Adding key: http://localhost:50860 for channel [id: 0xeaeae362, L:/127.0.0.1:64738 - R:localhost/127.0.0.1:50860]
05:03:46.173 [Forwarding screenshot on session b104a5613c7fd32760b384447453fcb1 to remote] DEBUG org.asynchttpclient.netty.request.NettyRequestSender - Using pooled Channel '[id: 0xeaeae362, L:/127.0.0.1:64738 - R:localhost/127.0.0.1:50860]' for 'GET' to 'http://localhost:50860/session/b104a5613c7fd32760b384447453fcb1/screenshot'
05:03:46.173 [Forwarding screenshot on session b104a5613c7fd32760b384447453fcb1 to remote] DEBUG org.asynchttpclient.netty.request.NettyRequestSender - Using open Channel [id: 0xeaeae362, L:/127.0.0.1:64738 - R:localhost/127.0.0.1:50860] for GET '/session/b104a5613c7fd32760b384447453fcb1/screenshot'
05:03:46.540 [AsyncHttpClient-1-3] DEBUG org.asynchttpclient.netty.handler.HttpHandler - 

Request DefaultFullHttpRequest(decodeResult: success, version: HTTP/1.1, content: EmptyByteBufBE)
GET /session/b104a5613c7fd32760b384447453fcb1/screenshot HTTP/1.1
User-Agent: selenium/4.1.2 (java windows)
Cache-Control: no-cache
Content-Type: application/json; charset=utf-8
host: localhost:50860
accept: */*

Response DefaultHttpResponse(decodeResult: success, version: HTTP/1.1)
HTTP/1.1 200 OK
Content-Type: application/json; charset=utf-8
cache-control: no-cache
content-length: 230264

05:03:46.542 [AsyncHttpClient-1-3] DEBUG org.asynchttpclient.netty.channel.ChannelManager - Adding key: http://localhost:50860 for channel [id: 0xeaeae362, L:/127.0.0.1:64738 - R:localhost/127.0.0.1:50860]
05:03:46.561 [main] DEBUG net.serenitybdd.core.photography.Darkroom - Send negative for processing for target\site\serenity\1f64d945581aa112a9e326d75a198002832c07176f6f857cd0bc505a1c243bb1.png
05:03:46.562 [main] DEBUG net.thucydides.core.steps.StepInterceptor - STEP DONE: showPass
05:03:46.575 [main] DEBUG net.thucydides.core.steps.StepInterceptor - STARTING STEP: LoginSteps.inputValidPassword - inputPassword
05:03:46.581 [Forwarding findElement on session b104a5613c7fd32760b384447453fcb1 to remote] DEBUG org.asynchttpclient.netty.request.NettyRequestSender - Using pooled Channel '[id: 0xeaeae362, L:/127.0.0.1:64738 - R:localhost/127.0.0.1:50860]' for 'POST' to 'http://localhost:50860/session/b104a5613c7fd32760b384447453fcb1/element'
05:03:46.581 [Forwarding findElement on session b104a5613c7fd32760b384447453fcb1 to remote] DEBUG org.asynchttpclient.netty.request.NettyRequestSender - Using open Channel [id: 0xeaeae362, L:/127.0.0.1:64738 - R:localhost/127.0.0.1:50860] for POST '/session/b104a5613c7fd32760b384447453fcb1/element'
05:03:46.605 [AsyncHttpClient-1-3] DEBUG org.asynchttpclient.netty.handler.HttpHandler - 

Request DefaultHttpRequest(decodeResult: success, version: HTTP/1.1)
POST /session/b104a5613c7fd32760b384447453fcb1/element HTTP/1.1
User-Agent: selenium/4.1.2 (java windows)
Content-Length: 63
Content-Type: application/json; charset=utf-8
host: localhost:50860
accept: */*

Response DefaultHttpResponse(decodeResult: success, version: HTTP/1.1)
HTTP/1.1 200 OK
Content-Type: application/json; charset=utf-8
cache-control: no-cache
content-length: 88

05:03:46.605 [AsyncHttpClient-1-3] DEBUG org.asynchttpclient.netty.channel.ChannelManager - Adding key: http://localhost:50860 for channel [id: 0xeaeae362, L:/127.0.0.1:64738 - R:localhost/127.0.0.1:50860]
05:03:46.608 [Forwarding clearElement on session b104a5613c7fd32760b384447453fcb1 to remote] DEBUG org.asynchttpclient.netty.request.NettyRequestSender - Using pooled Channel '[id: 0xeaeae362, L:/127.0.0.1:64738 - R:localhost/127.0.0.1:50860]' for 'POST' to 'http://localhost:50860/session/b104a5613c7fd32760b384447453fcb1/element/0aeb5c55-5271-4ad2-82ba-795975ffaa5a/clear'
05:03:46.608 [Forwarding clearElement on session b104a5613c7fd32760b384447453fcb1 to remote] DEBUG org.asynchttpclient.netty.request.NettyRequestSender - Using open Channel [id: 0xeaeae362, L:/127.0.0.1:64738 - R:localhost/127.0.0.1:50860] for POST '/session/b104a5613c7fd32760b384447453fcb1/element/0aeb5c55-5271-4ad2-82ba-795975ffaa5a/clear'
05:03:46.685 [AsyncHttpClient-1-3] DEBUG org.asynchttpclient.netty.handler.HttpHandler - 

Request DefaultHttpRequest(decodeResult: success, version: HTTP/1.1)
POST /session/b104a5613c7fd32760b384447453fcb1/element/0aeb5c55-5271-4ad2-82ba-795975ffaa5a/clear HTTP/1.1
User-Agent: selenium/4.1.2 (java windows)
Content-Length: 50
Content-Type: application/json; charset=utf-8
host: localhost:50860
accept: */*

Response DefaultHttpResponse(decodeResult: success, version: HTTP/1.1)
HTTP/1.1 200 OK
Content-Type: application/json; charset=utf-8
cache-control: no-cache
content-length: 14

05:03:46.685 [AsyncHttpClient-1-3] DEBUG org.asynchttpclient.netty.channel.ChannelManager - Adding key: http://localhost:50860 for channel [id: 0xeaeae362, L:/127.0.0.1:64738 - R:localhost/127.0.0.1:50860]
05:03:46.689 [Forwarding sendKeysToElement on session b104a5613c7fd32760b384447453fcb1 to remote] DEBUG org.asynchttpclient.netty.request.NettyRequestSender - Using pooled Channel '[id: 0xeaeae362, L:/127.0.0.1:64738 - R:localhost/127.0.0.1:50860]' for 'POST' to 'http://localhost:50860/session/b104a5613c7fd32760b384447453fcb1/element/0aeb5c55-5271-4ad2-82ba-795975ffaa5a/value'
05:03:46.690 [Forwarding sendKeysToElement on session b104a5613c7fd32760b384447453fcb1 to remote] DEBUG org.asynchttpclient.netty.request.NettyRequestSender - Using open Channel [id: 0xeaeae362, L:/127.0.0.1:64738 - R:localhost/127.0.0.1:50860] for POST '/session/b104a5613c7fd32760b384447453fcb1/element/0aeb5c55-5271-4ad2-82ba-795975ffaa5a/value'
05:03:46.841 [AsyncHttpClient-1-3] DEBUG org.asynchttpclient.netty.handler.HttpHandler - 

Request DefaultHttpRequest(decodeResult: success, version: HTTP/1.1)
POST /session/b104a5613c7fd32760b384447453fcb1/element/0aeb5c55-5271-4ad2-82ba-795975ffaa5a/value HTTP/1.1
User-Agent: selenium/4.1.2 (java windows)
Content-Length: 181
Content-Type: application/json; charset=utf-8
host: localhost:50860
accept: */*

Response DefaultHttpResponse(decodeResult: success, version: HTTP/1.1)
HTTP/1.1 200 OK
Content-Type: application/json; charset=utf-8
cache-control: no-cache
content-length: 14

05:03:46.841 [AsyncHttpClient-1-3] DEBUG org.asynchttpclient.netty.channel.ChannelManager - Adding key: http://localhost:50860 for channel [id: 0xeaeae362, L:/127.0.0.1:64738 - R:localhost/127.0.0.1:50860]
05:03:46.855 [Forwarding screenshot on session b104a5613c7fd32760b384447453fcb1 to remote] DEBUG org.asynchttpclient.netty.request.NettyRequestSender - Using pooled Channel '[id: 0xeaeae362, L:/127.0.0.1:64738 - R:localhost/127.0.0.1:50860]' for 'GET' to 'http://localhost:50860/session/b104a5613c7fd32760b384447453fcb1/screenshot'
05:03:46.855 [Forwarding screenshot on session b104a5613c7fd32760b384447453fcb1 to remote] DEBUG org.asynchttpclient.netty.request.NettyRequestSender - Using open Channel [id: 0xeaeae362, L:/127.0.0.1:64738 - R:localhost/127.0.0.1:50860] for GET '/session/b104a5613c7fd32760b384447453fcb1/screenshot'
05:03:47.032 [AsyncHttpClient-1-1] DEBUG org.asynchttpclient.netty.channel.DefaultChannelPool - Entry count for : http://localhost:64739 : 1
05:03:47.228 [AsyncHttpClient-1-3] DEBUG org.asynchttpclient.netty.handler.HttpHandler - 

Request DefaultFullHttpRequest(decodeResult: success, version: HTTP/1.1, content: EmptyByteBufBE)
GET /session/b104a5613c7fd32760b384447453fcb1/screenshot HTTP/1.1
User-Agent: selenium/4.1.2 (java windows)
Cache-Control: no-cache
Content-Type: application/json; charset=utf-8
host: localhost:50860
accept: */*

Response DefaultHttpResponse(decodeResult: success, version: HTTP/1.1)
HTTP/1.1 200 OK
Content-Type: application/json; charset=utf-8
cache-control: no-cache
content-length: 233392

05:03:47.230 [AsyncHttpClient-1-3] DEBUG org.asynchttpclient.netty.channel.ChannelManager - Adding key: http://localhost:50860 for channel [id: 0xeaeae362, L:/127.0.0.1:64738 - R:localhost/127.0.0.1:50860]
05:03:47.252 [main] DEBUG net.serenitybdd.core.photography.Darkroom - Send negative for processing for target\site\serenity\3ece4fd11926f08c5bf85ce6af4bed34f7e08d6061a1a81642467700e67c8d73.png
05:03:47.252 [main] DEBUG net.thucydides.core.steps.StepInterceptor - STEP DONE: inputPassword
  &amp#27;[32mAnd &amp#27;[0m&amp#27;[32mi input valid password&amp#27;[0m                                               &amp#27;[90m# starter.stepdefenitions.LoginSteps.inputValidPassword()&amp#27;[0m
05:03:47.288 [main] DEBUG net.thucydides.core.steps.StepInterceptor - STARTING STEP: LoginSteps.clickLoginButton - clickLoginButton
05:03:47.295 [Forwarding findElement on session b104a5613c7fd32760b384447453fcb1 to remote] DEBUG org.asynchttpclient.netty.request.NettyRequestSender - Using pooled Channel '[id: 0xeaeae362, L:/127.0.0.1:64738 - R:localhost/127.0.0.1:50860]' for 'POST' to 'http://localhost:50860/session/b104a5613c7fd32760b384447453fcb1/element'
05:03:47.296 [Forwarding findElement on session b104a5613c7fd32760b384447453fcb1 to remote] DEBUG org.asynchttpclient.netty.request.NettyRequestSender - Using open Channel [id: 0xeaeae362, L:/127.0.0.1:64738 - R:localhost/127.0.0.1:50860] for POST '/session/b104a5613c7fd32760b384447453fcb1/element'
05:03:47.310 [AsyncHttpClient-1-3] DEBUG org.asynchttpclient.netty.handler.HttpHandler - 

Request DefaultHttpRequest(decodeResult: success, version: HTTP/1.1)
POST /session/b104a5613c7fd32760b384447453fcb1/element HTTP/1.1
User-Agent: selenium/4.1.2 (java windows)
Content-Length: 66
Content-Type: application/json; charset=utf-8
host: localhost:50860
accept: */*

Response DefaultHttpResponse(decodeResult: success, version: HTTP/1.1)
HTTP/1.1 200 OK
Content-Type: application/json; charset=utf-8
cache-control: no-cache
content-length: 88

05:03:47.310 [AsyncHttpClient-1-3] DEBUG org.asynchttpclient.netty.channel.ChannelManager - Adding key: http://localhost:50860 for channel [id: 0xeaeae362, L:/127.0.0.1:64738 - R:localhost/127.0.0.1:50860]
05:03:47.313 [Forwarding getElementTagName on session b104a5613c7fd32760b384447453fcb1 to remote] DEBUG org.asynchttpclient.netty.request.NettyRequestSender - Using pooled Channel '[id: 0xeaeae362, L:/127.0.0.1:64738 - R:localhost/127.0.0.1:50860]' for 'GET' to 'http://localhost:50860/session/b104a5613c7fd32760b384447453fcb1/element/e6212996-860e-4ded-9bf6-8b442f7c6134/name'
05:03:47.313 [Forwarding getElementTagName on session b104a5613c7fd32760b384447453fcb1 to remote] DEBUG org.asynchttpclient.netty.request.NettyRequestSender - Using open Channel [id: 0xeaeae362, L:/127.0.0.1:64738 - R:localhost/127.0.0.1:50860] for GET '/session/b104a5613c7fd32760b384447453fcb1/element/e6212996-860e-4ded-9bf6-8b442f7c6134/name'
05:03:47.322 [AsyncHttpClient-1-3] DEBUG org.asynchttpclient.netty.handler.HttpHandler - 

Request DefaultFullHttpRequest(decodeResult: success, version: HTTP/1.1, content: EmptyByteBufBE)
GET /session/b104a5613c7fd32760b384447453fcb1/element/e6212996-860e-4ded-9bf6-8b442f7c6134/name HTTP/1.1
User-Agent: selenium/4.1.2 (java windows)
Cache-Control: no-cache
Content-Type: application/json; charset=utf-8
host: localhost:50860
accept: */*

Response DefaultHttpResponse(decodeResult: success, version: HTTP/1.1)
HTTP/1.1 200 OK
Content-Type: application/json; charset=utf-8
cache-control: no-cache
content-length: 18

05:03:47.322 [AsyncHttpClient-1-3] DEBUG org.asynchttpclient.netty.channel.ChannelManager - Adding key: http://localhost:50860 for channel [id: 0xeaeae362, L:/127.0.0.1:64738 - R:localhost/127.0.0.1:50860]
05:03:47.325 [Forwarding getElementTagName on session b104a5613c7fd32760b384447453fcb1 to remote] DEBUG org.asynchttpclient.netty.request.NettyRequestSender - Using pooled Channel '[id: 0xeaeae362, L:/127.0.0.1:64738 - R:localhost/127.0.0.1:50860]' for 'GET' to 'http://localhost:50860/session/b104a5613c7fd32760b384447453fcb1/element/e6212996-860e-4ded-9bf6-8b442f7c6134/name'
05:03:47.325 [Forwarding getElementTagName on session b104a5613c7fd32760b384447453fcb1 to remote] DEBUG org.asynchttpclient.netty.request.NettyRequestSender - Using open Channel [id: 0xeaeae362, L:/127.0.0.1:64738 - R:localhost/127.0.0.1:50860] for GET '/session/b104a5613c7fd32760b384447453fcb1/element/e6212996-860e-4ded-9bf6-8b442f7c6134/name'
05:03:47.331 [AsyncHttpClient-1-3] DEBUG org.asynchttpclient.netty.handler.HttpHandler - 

Request DefaultFullHttpRequest(decodeResult: success, version: HTTP/1.1, content: EmptyByteBufBE)
GET /session/b104a5613c7fd32760b384447453fcb1/element/e6212996-860e-4ded-9bf6-8b442f7c6134/name HTTP/1.1
User-Agent: selenium/4.1.2 (java windows)
Cache-Control: no-cache
Content-Type: application/json; charset=utf-8
host: localhost:50860
accept: */*

Response DefaultHttpResponse(decodeResult: success, version: HTTP/1.1)
HTTP/1.1 200 OK
Content-Type: application/json; charset=utf-8
cache-control: no-cache
content-length: 18

05:03:47.331 [AsyncHttpClient-1-3] DEBUG org.asynchttpclient.netty.channel.ChannelManager - Adding key: http://localhost:50860 for channel [id: 0xeaeae362, L:/127.0.0.1:64738 - R:localhost/127.0.0.1:50860]
05:03:47.336 [Forwarding isElementEnabled on session b104a5613c7fd32760b384447453fcb1 to remote] DEBUG org.asynchttpclient.netty.request.NettyRequestSender - Using pooled Channel '[id: 0xeaeae362, L:/127.0.0.1:64738 - R:localhost/127.0.0.1:50860]' for 'GET' to 'http://localhost:50860/session/b104a5613c7fd32760b384447453fcb1/element/e6212996-860e-4ded-9bf6-8b442f7c6134/enabled'
05:03:47.336 [Forwarding isElementEnabled on session b104a5613c7fd32760b384447453fcb1 to remote] DEBUG org.asynchttpclient.netty.request.NettyRequestSender - Using open Channel [id: 0xeaeae362, L:/127.0.0.1:64738 - R:localhost/127.0.0.1:50860] for GET '/session/b104a5613c7fd32760b384447453fcb1/element/e6212996-860e-4ded-9bf6-8b442f7c6134/enabled'
05:03:47.356 [AsyncHttpClient-1-3] DEBUG org.asynchttpclient.netty.handler.HttpHandler - 

Request DefaultFullHttpRequest(decodeResult: success, version: HTTP/1.1, content: EmptyByteBufBE)
GET /session/b104a5613c7fd32760b384447453fcb1/element/e6212996-860e-4ded-9bf6-8b442f7c6134/enabled HTTP/1.1
User-Agent: selenium/4.1.2 (java windows)
Cache-Control: no-cache
Content-Type: application/json; charset=utf-8
host: localhost:50860
accept: */*

Response DefaultHttpResponse(decodeResult: success, version: HTTP/1.1)
HTTP/1.1 200 OK
Content-Type: application/json; charset=utf-8
cache-control: no-cache
content-length: 14

05:03:47.356 [AsyncHttpClient-1-3] DEBUG org.asynchttpclient.netty.channel.ChannelManager - Adding key: http://localhost:50860 for channel [id: 0xeaeae362, L:/127.0.0.1:64738 - R:localhost/127.0.0.1:50860]
05:03:47.358 [Forwarding isElementEnabled on session b104a5613c7fd32760b384447453fcb1 to remote] DEBUG org.asynchttpclient.netty.request.NettyRequestSender - Using pooled Channel '[id: 0xeaeae362, L:/127.0.0.1:64738 - R:localhost/127.0.0.1:50860]' for 'GET' to 'http://localhost:50860/session/b104a5613c7fd32760b384447453fcb1/element/e6212996-860e-4ded-9bf6-8b442f7c6134/enabled'
05:03:47.359 [Forwarding isElementEnabled on session b104a5613c7fd32760b384447453fcb1 to remote] DEBUG org.asynchttpclient.netty.request.NettyRequestSender - Using open Channel [id: 0xeaeae362, L:/127.0.0.1:64738 - R:localhost/127.0.0.1:50860] for GET '/session/b104a5613c7fd32760b384447453fcb1/element/e6212996-860e-4ded-9bf6-8b442f7c6134/enabled'
05:03:47.369 [AsyncHttpClient-1-3] DEBUG org.asynchttpclient.netty.handler.HttpHandler - 

Request DefaultFullHttpRequest(decodeResult: success, version: HTTP/1.1, content: EmptyByteBufBE)
GET /session/b104a5613c7fd32760b384447453fcb1/element/e6212996-860e-4ded-9bf6-8b442f7c6134/enabled HTTP/1.1
User-Agent: selenium/4.1.2 (java windows)
Cache-Control: no-cache
Content-Type: application/json; charset=utf-8
host: localhost:50860
accept: */*

Response DefaultHttpResponse(decodeResult: success, version: HTTP/1.1)
HTTP/1.1 200 OK
Content-Type: application/json; charset=utf-8
cache-control: no-cache
content-length: 14

05:03:47.369 [AsyncHttpClient-1-3] DEBUG org.asynchttpclient.netty.channel.ChannelManager - Adding key: http://localhost:50860 for channel [id: 0xeaeae362, L:/127.0.0.1:64738 - R:localhost/127.0.0.1:50860]
05:03:47.374 [Forwarding findElement on session b104a5613c7fd32760b384447453fcb1 to remote] DEBUG org.asynchttpclient.netty.request.NettyRequestSender - Using pooled Channel '[id: 0xeaeae362, L:/127.0.0.1:64738 - R:localhost/127.0.0.1:50860]' for 'POST' to 'http://localhost:50860/session/b104a5613c7fd32760b384447453fcb1/element'
05:03:47.374 [Forwarding findElement on session b104a5613c7fd32760b384447453fcb1 to remote] DEBUG org.asynchttpclient.netty.request.NettyRequestSender - Using open Channel [id: 0xeaeae362, L:/127.0.0.1:64738 - R:localhost/127.0.0.1:50860] for POST '/session/b104a5613c7fd32760b384447453fcb1/element'
05:03:47.392 [AsyncHttpClient-1-3] DEBUG org.asynchttpclient.netty.handler.HttpHandler - 

Request DefaultHttpRequest(decodeResult: success, version: HTTP/1.1)
POST /session/b104a5613c7fd32760b384447453fcb1/element HTTP/1.1
User-Agent: selenium/4.1.2 (java windows)
Content-Length: 66
Content-Type: application/json; charset=utf-8
host: localhost:50860
accept: */*

Response DefaultHttpResponse(decodeResult: success, version: HTTP/1.1)
HTTP/1.1 200 OK
Content-Type: application/json; charset=utf-8
cache-control: no-cache
content-length: 88

05:03:47.392 [AsyncHttpClient-1-3] DEBUG org.asynchttpclient.netty.channel.ChannelManager - Adding key: http://localhost:50860 for channel [id: 0xeaeae362, L:/127.0.0.1:64738 - R:localhost/127.0.0.1:50860]
05:03:47.394 [Forwarding clickElement on session b104a5613c7fd32760b384447453fcb1 to remote] DEBUG org.asynchttpclient.netty.request.NettyRequestSender - Using pooled Channel '[id: 0xeaeae362, L:/127.0.0.1:64738 - R:localhost/127.0.0.1:50860]' for 'POST' to 'http://localhost:50860/session/b104a5613c7fd32760b384447453fcb1/element/e6212996-860e-4ded-9bf6-8b442f7c6134/click'
05:03:47.395 [Forwarding clickElement on session b104a5613c7fd32760b384447453fcb1 to remote] DEBUG org.asynchttpclient.netty.request.NettyRequestSender - Using open Channel [id: 0xeaeae362, L:/127.0.0.1:64738 - R:localhost/127.0.0.1:50860] for POST '/session/b104a5613c7fd32760b384447453fcb1/element/e6212996-860e-4ded-9bf6-8b442f7c6134/click'
05:03:47.487 [AsyncHttpClient-1-3] DEBUG org.asynchttpclient.netty.handler.HttpHandler - 

Request DefaultHttpRequest(decodeResult: success, version: HTTP/1.1)
POST /session/b104a5613c7fd32760b384447453fcb1/element/e6212996-860e-4ded-9bf6-8b442f7c6134/click HTTP/1.1
User-Agent: selenium/4.1.2 (java windows)
Content-Length: 50
Content-Type: application/json; charset=utf-8
host: localhost:50860
accept: */*

Response DefaultHttpResponse(decodeResult: success, version: HTTP/1.1)
HTTP/1.1 200 OK
Content-Type: application/json; charset=utf-8
cache-control: no-cache
content-length: 14

05:03:47.487 [AsyncHttpClient-1-3] DEBUG org.asynchttpclient.netty.channel.ChannelManager - Adding key: http://localhost:50860 for channel [id: 0xeaeae362, L:/127.0.0.1:64738 - R:localhost/127.0.0.1:50860]
05:03:47.500 [Forwarding screenshot on session b104a5613c7fd32760b384447453fcb1 to remote] DEBUG org.asynchttpclient.netty.request.NettyRequestSender - Using pooled Channel '[id: 0xeaeae362, L:/127.0.0.1:64738 - R:localhost/127.0.0.1:50860]' for 'GET' to 'http://localhost:50860/session/b104a5613c7fd32760b384447453fcb1/screenshot'
05:03:47.500 [Forwarding screenshot on session b104a5613c7fd32760b384447453fcb1 to remote] DEBUG org.asynchttpclient.netty.request.NettyRequestSender - Using open Channel [id: 0xeaeae362, L:/127.0.0.1:64738 - R:localhost/127.0.0.1:50860] for GET '/session/b104a5613c7fd32760b384447453fcb1/screenshot'
05:03:47.871 [AsyncHttpClient-1-3] DEBUG org.asynchttpclient.netty.handler.HttpHandler - 

Request DefaultFullHttpRequest(decodeResult: success, version: HTTP/1.1, content: EmptyByteBufBE)
GET /session/b104a5613c7fd32760b384447453fcb1/screenshot HTTP/1.1
User-Agent: selenium/4.1.2 (java windows)
Cache-Control: no-cache
Content-Type: application/json; charset=utf-8
host: localhost:50860
accept: */*

Response DefaultHttpResponse(decodeResult: success, version: HTTP/1.1)
HTTP/1.1 200 OK
Content-Type: application/json; charset=utf-8
cache-control: no-cache
content-length: 231088

05:03:47.874 [AsyncHttpClient-1-3] DEBUG org.asynchttpclient.netty.channel.ChannelManager - Adding key: http://localhost:50860 for channel [id: 0xeaeae362, L:/127.0.0.1:64738 - R:localhost/127.0.0.1:50860]
05:03:47.897 [main] DEBUG net.serenitybdd.core.photography.Darkroom - Send negative for processing for target\site\serenity\ad4eac8545d86ff1f21e5ed20dc4809932140e15ead7bd40df09fe1eec8267a9.png
05:03:47.897 [main] DEBUG net.thucydides.core.steps.StepInterceptor - STEP DONE: clickLoginButton
  &amp#27;[32mAnd &amp#27;[0m&amp#27;[32mi click login button&amp#27;[0m                                                 &amp#27;[90m# starter.stepdefenitions.LoginSteps.clickLoginButton()&amp#27;[0m
05:03:47.932 [main] DEBUG net.thucydides.core.steps.StepInterceptor - STARTING STEP: LoginSteps.successLogin - validationDialog
05:03:47.937 [Forwarding findElement on session b104a5613c7fd32760b384447453fcb1 to remote] DEBUG org.asynchttpclient.netty.request.NettyRequestSender - Using pooled Channel '[id: 0xeaeae362, L:/127.0.0.1:64738 - R:localhost/127.0.0.1:50860]' for 'POST' to 'http://localhost:50860/session/b104a5613c7fd32760b384447453fcb1/element'
05:03:47.938 [Forwarding findElement on session b104a5613c7fd32760b384447453fcb1 to remote] DEBUG org.asynchttpclient.netty.request.NettyRequestSender - Using open Channel [id: 0xeaeae362, L:/127.0.0.1:64738 - R:localhost/127.0.0.1:50860] for POST '/session/b104a5613c7fd32760b384447453fcb1/element'
05:03:48.141 [AsyncHttpClient-1-1] DEBUG org.asynchttpclient.netty.channel.DefaultChannelPool - Entry count for : http://localhost:64739 : 1
05:03:48.504 [AsyncHttpClient-1-3] DEBUG org.asynchttpclient.netty.handler.HttpHandler - 

Request DefaultHttpRequest(decodeResult: success, version: HTTP/1.1)
POST /session/b104a5613c7fd32760b384447453fcb1/element HTTP/1.1
User-Agent: selenium/4.1.2 (java windows)
Content-Length: 68
Content-Type: application/json; charset=utf-8
host: localhost:50860
accept: */*

Response DefaultHttpResponse(decodeResult: success, version: HTTP/1.1)
HTTP/1.1 200 OK
Content-Type: application/json; charset=utf-8
cache-control: no-cache
content-length: 88

05:03:48.505 [AsyncHttpClient-1-3] DEBUG org.asynchttpclient.netty.channel.ChannelManager - Adding key: http://localhost:50860 for channel [id: 0xeaeae362, L:/127.0.0.1:64738 - R:localhost/127.0.0.1:50860]
05:03:48.516 [Forwarding isElementDisplayed on session b104a5613c7fd32760b384447453fcb1 to remote] DEBUG org.asynchttpclient.netty.request.NettyRequestSender - Using pooled Channel '[id: 0xeaeae362, L:/127.0.0.1:64738 - R:localhost/127.0.0.1:50860]' for 'POST' to 'http://localhost:50860/session/b104a5613c7fd32760b384447453fcb1/execute/sync'
05:03:48.516 [Forwarding isElementDisplayed on session b104a5613c7fd32760b384447453fcb1 to remote] DEBUG org.asynchttpclient.netty.request.NettyRequestSender - Using open Channel [id: 0xeaeae362, L:/127.0.0.1:64738 - R:localhost/127.0.0.1:50860] for POST '/session/b104a5613c7fd32760b384447453fcb1/execute/sync'
05:03:48.549 [AsyncHttpClient-1-3] DEBUG org.asynchttpclient.netty.handler.HttpHandler - 

Request DefaultHttpRequest(decodeResult: success, version: HTTP/1.1)
POST /session/b104a5613c7fd32760b384447453fcb1/execute/sync HTTP/1.1
User-Agent: selenium/4.1.2 (java windows)
Content-Length: 48780
Content-Type: application/json; charset=utf-8
host: localhost:50860
accept: */*

Response DefaultHttpResponse(decodeResult: success, version: HTTP/1.1)
HTTP/1.1 200 OK
Content-Type: application/json; charset=utf-8
cache-control: no-cache
content-length: 14

05:03:48.549 [AsyncHttpClient-1-3] DEBUG org.asynchttpclient.netty.channel.ChannelManager - Adding key: http://localhost:50860 for channel [id: 0xeaeae362, L:/127.0.0.1:64738 - R:localhost/127.0.0.1:50860]
05:03:48.562 [Forwarding screenshot on session b104a5613c7fd32760b384447453fcb1 to remote] DEBUG org.asynchttpclient.netty.request.NettyRequestSender - Using pooled Channel '[id: 0xeaeae362, L:/127.0.0.1:64738 - R:localhost/127.0.0.1:50860]' for 'GET' to 'http://localhost:50860/session/b104a5613c7fd32760b384447453fcb1/screenshot'
05:03:48.562 [Forwarding screenshot on session b104a5613c7fd32760b384447453fcb1 to remote] DEBUG org.asynchttpclient.netty.request.NettyRequestSender - Using open Channel [id: 0xeaeae362, L:/127.0.0.1:64738 - R:localhost/127.0.0.1:50860] for GET '/session/b104a5613c7fd32760b384447453fcb1/screenshot'
05:03:48.893 [AsyncHttpClient-1-3] DEBUG org.asynchttpclient.netty.handler.HttpHandler - 

Request DefaultFullHttpRequest(decodeResult: success, version: HTTP/1.1, content: EmptyByteBufBE)
GET /session/b104a5613c7fd32760b384447453fcb1/screenshot HTTP/1.1
User-Agent: selenium/4.1.2 (java windows)
Cache-Control: no-cache
Content-Type: application/json; charset=utf-8
host: localhost:50860
accept: */*

Response DefaultHttpResponse(decodeResult: success, version: HTTP/1.1)
HTTP/1.1 200 OK
Content-Type: application/json; charset=utf-8
cache-control: no-cache
content-length: 127144

05:03:48.894 [AsyncHttpClient-1-3] DEBUG org.asynchttpclient.netty.channel.ChannelManager - Adding key: http://localhost:50860 for channel [id: 0xeaeae362, L:/127.0.0.1:64738 - R:localhost/127.0.0.1:50860]
05:03:48.907 [main] DEBUG net.serenitybdd.core.photography.Darkroom - Send negative for processing for target\site\serenity\d4f2da2da0e0d12a457cda119be6341863281c1560e6848e37636ffee9863ae1.png
05:03:48.907 [main] DEBUG net.thucydides.core.steps.StepInterceptor - STEP DONE: validationDialog
05:03:48.908 [Darkroom Processing Line] DEBUG net.serenitybdd.core.photography.DarkroomProcessingLine - Processing screenshot image in /var/screenshots/screenshot-5426679307574643560
05:03:48.908 [Darkroom Processing Line] DEBUG net.serenitybdd.core.photography.DarkroomProcessingLine - Saving screenshot to target\site\serenity\d4f2da2da0e0d12a457cda119be6341863281c1560e6848e37636ffee9863ae1.png
05:03:48.956 [main] DEBUG net.thucydides.core.steps.StepInterceptor - STARTING STEP: LoginSteps.successLogin - clickSuccessButton
05:03:48.963 [Forwarding findElement on session b104a5613c7fd32760b384447453fcb1 to remote] DEBUG org.asynchttpclient.netty.request.NettyRequestSender - Using pooled Channel '[id: 0xeaeae362, L:/127.0.0.1:64738 - R:localhost/127.0.0.1:50860]' for 'POST' to 'http://localhost:50860/session/b104a5613c7fd32760b384447453fcb1/element'
05:03:48.963 [Forwarding findElement on session b104a5613c7fd32760b384447453fcb1 to remote] DEBUG org.asynchttpclient.netty.request.NettyRequestSender - Using open Channel [id: 0xeaeae362, L:/127.0.0.1:64738 - R:localhost/127.0.0.1:50860] for POST '/session/b104a5613c7fd32760b384447453fcb1/element'
05:03:48.988 [AsyncHttpClient-1-3] DEBUG org.asynchttpclient.netty.handler.HttpHandler - 

Request DefaultHttpRequest(decodeResult: success, version: HTTP/1.1)
POST /session/b104a5613c7fd32760b384447453fcb1/element HTTP/1.1
User-Agent: selenium/4.1.2 (java windows)
Content-Length: 68
Content-Type: application/json; charset=utf-8
host: localhost:50860
accept: */*

Response DefaultHttpResponse(decodeResult: success, version: HTTP/1.1)
HTTP/1.1 200 OK
Content-Type: application/json; charset=utf-8
cache-control: no-cache
content-length: 88

05:03:48.988 [AsyncHttpClient-1-3] DEBUG org.asynchttpclient.netty.channel.ChannelManager - Adding key: http://localhost:50860 for channel [id: 0xeaeae362, L:/127.0.0.1:64738 - R:localhost/127.0.0.1:50860]
05:03:48.991 [Forwarding getElementTagName on session b104a5613c7fd32760b384447453fcb1 to remote] DEBUG org.asynchttpclient.netty.request.NettyRequestSender - Using pooled Channel '[id: 0xeaeae362, L:/127.0.0.1:64738 - R:localhost/127.0.0.1:50860]' for 'GET' to 'http://localhost:50860/session/b104a5613c7fd32760b384447453fcb1/element/d6292b95-5e30-4155-8d2e-c49c17159073/name'
05:03:48.991 [Forwarding getElementTagName on session b104a5613c7fd32760b384447453fcb1 to remote] DEBUG org.asynchttpclient.netty.request.NettyRequestSender - Using open Channel [id: 0xeaeae362, L:/127.0.0.1:64738 - R:localhost/127.0.0.1:50860] for GET '/session/b104a5613c7fd32760b384447453fcb1/element/d6292b95-5e30-4155-8d2e-c49c17159073/name'
05:03:48.998 [AsyncHttpClient-1-3] DEBUG org.asynchttpclient.netty.handler.HttpHandler - 

Request DefaultFullHttpRequest(decodeResult: success, version: HTTP/1.1, content: EmptyByteBufBE)
GET /session/b104a5613c7fd32760b384447453fcb1/element/d6292b95-5e30-4155-8d2e-c49c17159073/name HTTP/1.1
User-Agent: selenium/4.1.2 (java windows)
Cache-Control: no-cache
Content-Type: application/json; charset=utf-8
host: localhost:50860
accept: */*

Response DefaultHttpResponse(decodeResult: success, version: HTTP/1.1)
HTTP/1.1 200 OK
Content-Type: application/json; charset=utf-8
cache-control: no-cache
content-length: 18

05:03:48.999 [AsyncHttpClient-1-3] DEBUG org.asynchttpclient.netty.channel.ChannelManager - Adding key: http://localhost:50860 for channel [id: 0xeaeae362, L:/127.0.0.1:64738 - R:localhost/127.0.0.1:50860]
05:03:49.001 [Forwarding getElementTagName on session b104a5613c7fd32760b384447453fcb1 to remote] DEBUG org.asynchttpclient.netty.request.NettyRequestSender - Using pooled Channel '[id: 0xeaeae362, L:/127.0.0.1:64738 - R:localhost/127.0.0.1:50860]' for 'GET' to 'http://localhost:50860/session/b104a5613c7fd32760b384447453fcb1/element/d6292b95-5e30-4155-8d2e-c49c17159073/name'
05:03:49.001 [Forwarding getElementTagName on session b104a5613c7fd32760b384447453fcb1 to remote] DEBUG org.asynchttpclient.netty.request.NettyRequestSender - Using open Channel [id: 0xeaeae362, L:/127.0.0.1:64738 - R:localhost/127.0.0.1:50860] for GET '/session/b104a5613c7fd32760b384447453fcb1/element/d6292b95-5e30-4155-8d2e-c49c17159073/name'
05:03:49.008 [AsyncHttpClient-1-3] DEBUG org.asynchttpclient.netty.handler.HttpHandler - 

Request DefaultFullHttpRequest(decodeResult: success, version: HTTP/1.1, content: EmptyByteBufBE)
GET /session/b104a5613c7fd32760b384447453fcb1/element/d6292b95-5e30-4155-8d2e-c49c17159073/name HTTP/1.1
User-Agent: selenium/4.1.2 (java windows)
Cache-Control: no-cache
Content-Type: application/json; charset=utf-8
host: localhost:50860
accept: */*

Response DefaultHttpResponse(decodeResult: success, version: HTTP/1.1)
HTTP/1.1 200 OK
Content-Type: application/json; charset=utf-8
cache-control: no-cache
content-length: 18

05:03:49.008 [AsyncHttpClient-1-3] DEBUG org.asynchttpclient.netty.channel.ChannelManager - Adding key: http://localhost:50860 for channel [id: 0xeaeae362, L:/127.0.0.1:64738 - R:localhost/127.0.0.1:50860]
05:03:49.013 [Forwarding isElementEnabled on session b104a5613c7fd32760b384447453fcb1 to remote] DEBUG org.asynchttpclient.netty.request.NettyRequestSender - Using pooled Channel '[id: 0xeaeae362, L:/127.0.0.1:64738 - R:localhost/127.0.0.1:50860]' for 'GET' to 'http://localhost:50860/session/b104a5613c7fd32760b384447453fcb1/element/d6292b95-5e30-4155-8d2e-c49c17159073/enabled'
05:03:49.013 [Forwarding isElementEnabled on session b104a5613c7fd32760b384447453fcb1 to remote] DEBUG org.asynchttpclient.netty.request.NettyRequestSender - Using open Channel [id: 0xeaeae362, L:/127.0.0.1:64738 - R:localhost/127.0.0.1:50860] for GET '/session/b104a5613c7fd32760b384447453fcb1/element/d6292b95-5e30-4155-8d2e-c49c17159073/enabled'
05:03:49.030 [AsyncHttpClient-1-3] DEBUG org.asynchttpclient.netty.handler.HttpHandler - 

Request DefaultFullHttpRequest(decodeResult: success, version: HTTP/1.1, content: EmptyByteBufBE)
GET /session/b104a5613c7fd32760b384447453fcb1/element/d6292b95-5e30-4155-8d2e-c49c17159073/enabled HTTP/1.1
User-Agent: selenium/4.1.2 (java windows)
Cache-Control: no-cache
Content-Type: application/json; charset=utf-8
host: localhost:50860
accept: */*

Response DefaultHttpResponse(decodeResult: success, version: HTTP/1.1)
HTTP/1.1 200 OK
Content-Type: application/json; charset=utf-8
cache-control: no-cache
content-length: 14

05:03:49.030 [AsyncHttpClient-1-3] DEBUG org.asynchttpclient.netty.channel.ChannelManager - Adding key: http://localhost:50860 for channel [id: 0xeaeae362, L:/127.0.0.1:64738 - R:localhost/127.0.0.1:50860]
05:03:49.032 [Forwarding isElementEnabled on session b104a5613c7fd32760b384447453fcb1 to remote] DEBUG org.asynchttpclient.netty.request.NettyRequestSender - Using pooled Channel '[id: 0xeaeae362, L:/127.0.0.1:64738 - R:localhost/127.0.0.1:50860]' for 'GET' to 'http://localhost:50860/session/b104a5613c7fd32760b384447453fcb1/element/d6292b95-5e30-4155-8d2e-c49c17159073/enabled'
05:03:49.033 [Forwarding isElementEnabled on session b104a5613c7fd32760b384447453fcb1 to remote] DEBUG org.asynchttpclient.netty.request.NettyRequestSender - Using open Channel [id: 0xeaeae362, L:/127.0.0.1:64738 - R:localhost/127.0.0.1:50860] for GET '/session/b104a5613c7fd32760b384447453fcb1/element/d6292b95-5e30-4155-8d2e-c49c17159073/enabled'
05:03:49.044 [AsyncHttpClient-1-3] DEBUG org.asynchttpclient.netty.handler.HttpHandler - 

Request DefaultFullHttpRequest(decodeResult: success, version: HTTP/1.1, content: EmptyByteBufBE)
GET /session/b104a5613c7fd32760b384447453fcb1/element/d6292b95-5e30-4155-8d2e-c49c17159073/enabled HTTP/1.1
User-Agent: selenium/4.1.2 (java windows)
Cache-Control: no-cache
Content-Type: application/json; charset=utf-8
host: localhost:50860
accept: */*

Response DefaultHttpResponse(decodeResult: success, version: HTTP/1.1)
HTTP/1.1 200 OK
Content-Type: application/json; charset=utf-8
cache-control: no-cache
content-length: 14

05:03:49.044 [AsyncHttpClient-1-3] DEBUG org.asynchttpclient.netty.channel.ChannelManager - Adding key: http://localhost:50860 for channel [id: 0xeaeae362, L:/127.0.0.1:64738 - R:localhost/127.0.0.1:50860]
05:03:49.048 [Forwarding findElement on session b104a5613c7fd32760b384447453fcb1 to remote] DEBUG org.asynchttpclient.netty.request.NettyRequestSender - Using pooled Channel '[id: 0xeaeae362, L:/127.0.0.1:64738 - R:localhost/127.0.0.1:50860]' for 'POST' to 'http://localhost:50860/session/b104a5613c7fd32760b384447453fcb1/element'
05:03:49.048 [Forwarding findElement on session b104a5613c7fd32760b384447453fcb1 to remote] DEBUG org.asynchttpclient.netty.request.NettyRequestSender - Using open Channel [id: 0xeaeae362, L:/127.0.0.1:64738 - R:localhost/127.0.0.1:50860] for POST '/session/b104a5613c7fd32760b384447453fcb1/element'
05:03:49.061 [AsyncHttpClient-1-3] DEBUG org.asynchttpclient.netty.handler.HttpHandler - 

Request DefaultHttpRequest(decodeResult: success, version: HTTP/1.1)
POST /session/b104a5613c7fd32760b384447453fcb1/element HTTP/1.1
User-Agent: selenium/4.1.2 (java windows)
Content-Length: 68
Content-Type: application/json; charset=utf-8
host: localhost:50860
accept: */*

Response DefaultHttpResponse(decodeResult: success, version: HTTP/1.1)
HTTP/1.1 200 OK
Content-Type: application/json; charset=utf-8
cache-control: no-cache
content-length: 88

05:03:49.062 [AsyncHttpClient-1-3] DEBUG org.asynchttpclient.netty.channel.ChannelManager - Adding key: http://localhost:50860 for channel [id: 0xeaeae362, L:/127.0.0.1:64738 - R:localhost/127.0.0.1:50860]
05:03:49.064 [Forwarding clickElement on session b104a5613c7fd32760b384447453fcb1 to remote] DEBUG org.asynchttpclient.netty.request.NettyRequestSender - Using pooled Channel '[id: 0xeaeae362, L:/127.0.0.1:64738 - R:localhost/127.0.0.1:50860]' for 'POST' to 'http://localhost:50860/session/b104a5613c7fd32760b384447453fcb1/element/d6292b95-5e30-4155-8d2e-c49c17159073/click'
05:03:49.064 [Forwarding clickElement on session b104a5613c7fd32760b384447453fcb1 to remote] DEBUG org.asynchttpclient.netty.request.NettyRequestSender - Using open Channel [id: 0xeaeae362, L:/127.0.0.1:64738 - R:localhost/127.0.0.1:50860] for POST '/session/b104a5613c7fd32760b384447453fcb1/element/d6292b95-5e30-4155-8d2e-c49c17159073/click'
05:03:49.146 [AsyncHttpClient-1-3] DEBUG org.asynchttpclient.netty.handler.HttpHandler - 

Request DefaultHttpRequest(decodeResult: success, version: HTTP/1.1)
POST /session/b104a5613c7fd32760b384447453fcb1/element/d6292b95-5e30-4155-8d2e-c49c17159073/click HTTP/1.1
User-Agent: selenium/4.1.2 (java windows)
Content-Length: 50
Content-Type: application/json; charset=utf-8
host: localhost:50860
accept: */*

Response DefaultHttpResponse(decodeResult: success, version: HTTP/1.1)
HTTP/1.1 200 OK
Content-Type: application/json; charset=utf-8
cache-control: no-cache
content-length: 14

05:03:49.146 [AsyncHttpClient-1-3] DEBUG org.asynchttpclient.netty.channel.ChannelManager - Adding key: http://localhost:50860 for channel [id: 0xeaeae362, L:/127.0.0.1:64738 - R:localhost/127.0.0.1:50860]
05:03:49.163 [Forwarding screenshot on session b104a5613c7fd32760b384447453fcb1 to remote] DEBUG org.asynchttpclient.netty.request.NettyRequestSender - Using pooled Channel '[id: 0xeaeae362, L:/127.0.0.1:64738 - R:localhost/127.0.0.1:50860]' for 'GET' to 'http://localhost:50860/session/b104a5613c7fd32760b384447453fcb1/screenshot'
05:03:49.163 [Forwarding screenshot on session b104a5613c7fd32760b384447453fcb1 to remote] DEBUG org.asynchttpclient.netty.request.NettyRequestSender - Using open Channel [id: 0xeaeae362, L:/127.0.0.1:64738 - R:localhost/127.0.0.1:50860] for GET '/session/b104a5613c7fd32760b384447453fcb1/screenshot'
05:03:49.236 [AsyncHttpClient-1-1] DEBUG org.asynchttpclient.netty.channel.DefaultChannelPool - Entry count for : http://localhost:64739 : 1
05:03:49.495 [AsyncHttpClient-1-3] DEBUG org.asynchttpclient.netty.handler.HttpHandler - 

Request DefaultFullHttpRequest(decodeResult: success, version: HTTP/1.1, content: EmptyByteBufBE)
GET /session/b104a5613c7fd32760b384447453fcb1/screenshot HTTP/1.1
User-Agent: selenium/4.1.2 (java windows)
Cache-Control: no-cache
Content-Type: application/json; charset=utf-8
host: localhost:50860
accept: */*

Response DefaultHttpResponse(decodeResult: success, version: HTTP/1.1)
HTTP/1.1 200 OK
Content-Type: application/json; charset=utf-8
cache-control: no-cache
content-length: 130660

05:03:49.496 [AsyncHttpClient-1-3] DEBUG org.asynchttpclient.netty.channel.ChannelManager - Adding key: http://localhost:50860 for channel [id: 0xeaeae362, L:/127.0.0.1:64738 - R:localhost/127.0.0.1:50860]
05:03:49.509 [main] DEBUG net.serenitybdd.core.photography.Darkroom - Send negative for processing for target\site\serenity\1cc8a11d53ae280f82459d57eab028bcf5112335d518f6c4d62b286e33ad3c61.png
05:03:49.510 [main] DEBUG net.thucydides.core.steps.StepInterceptor - STEP DONE: clickSuccessButton
  &amp#27;[32mThen &amp#27;[0m&amp#27;[32mi success login&amp#27;[0m                                                     &amp#27;[90m# starter.stepdefenitions.LoginSteps.successLogin()&amp#27;[0m
05:03:49.510 [Darkroom Processing Line] DEBUG net.serenitybdd.core.photography.DarkroomProcessingLine - Processing screenshot image in /var/screenshots/screenshot-4142001061556318177
05:03:49.510 [Darkroom Processing Line] DEBUG net.serenitybdd.core.photography.DarkroomProcessingLine - Saving screenshot to target\site\serenity\1cc8a11d53ae280f82459d57eab028bcf5112335d518f6c4d62b286e33ad3c61.png
05:03:49.570 [Forwarding screenshot on session b104a5613c7fd32760b384447453fcb1 to remote] DEBUG org.asynchttpclient.netty.request.NettyRequestSender - Using pooled Channel '[id: 0xeaeae362, L:/127.0.0.1:64738 - R:localhost/127.0.0.1:50860]' for 'GET' to 'http://localhost:50860/session/b104a5613c7fd32760b384447453fcb1/screenshot'
05:03:49.570 [Forwarding screenshot on session b104a5613c7fd32760b384447453fcb1 to remote] DEBUG org.asynchttpclient.netty.request.NettyRequestSender - Using open Channel [id: 0xeaeae362, L:/127.0.0.1:64738 - R:localhost/127.0.0.1:50860] for GET '/session/b104a5613c7fd32760b384447453fcb1/screenshot'
05:03:49.866 [AsyncHttpClient-1-3] DEBUG org.asynchttpclient.netty.handler.HttpHandler - 

Request DefaultFullHttpRequest(decodeResult: success, version: HTTP/1.1, content: EmptyByteBufBE)
GET /session/b104a5613c7fd32760b384447453fcb1/screenshot HTTP/1.1
User-Agent: selenium/4.1.2 (java windows)
Cache-Control: no-cache
Content-Type: application/json; charset=utf-8
host: localhost:50860
accept: */*

Response DefaultHttpResponse(decodeResult: success, version: HTTP/1.1)
HTTP/1.1 200 OK
Content-Type: application/json; charset=utf-8
cache-control: no-cache
content-length: 130568

05:03:49.867 [AsyncHttpClient-1-3] DEBUG org.asynchttpclient.netty.channel.ChannelManager - Adding key: http://localhost:50860 for channel [id: 0xeaeae362, L:/127.0.0.1:64738 - R:localhost/127.0.0.1:50860]
05:03:49.881 [main] DEBUG net.serenitybdd.core.photography.Darkroom - Send negative for processing for target\site\serenity\c43161e3c16acaf0e6b497b48b40547c2086c23c8a4e9095f224016a9d5972dc.png
05:03:49.882 [main] DEBUG net.thucydides.core.steps.StepInterceptor - STARTING STEP: ComplexSteps.adminOnTheHomePage - validationOnHomepage
05:03:49.887 [Forwarding findElement on session b104a5613c7fd32760b384447453fcb1 to remote] DEBUG org.asynchttpclient.netty.request.NettyRequestSender - Using pooled Channel '[id: 0xeaeae362, L:/127.0.0.1:64738 - R:localhost/127.0.0.1:50860]' for 'POST' to 'http://localhost:50860/session/b104a5613c7fd32760b384447453fcb1/element'
05:03:49.888 [Forwarding findElement on session b104a5613c7fd32760b384447453fcb1 to remote] DEBUG org.asynchttpclient.netty.request.NettyRequestSender - Using open Channel [id: 0xeaeae362, L:/127.0.0.1:64738 - R:localhost/127.0.0.1:50860] for POST '/session/b104a5613c7fd32760b384447453fcb1/element'
05:03:49.914 [AsyncHttpClient-1-3] DEBUG org.asynchttpclient.netty.handler.HttpHandler - 

Request DefaultHttpRequest(decodeResult: success, version: HTTP/1.1)
POST /session/b104a5613c7fd32760b384447453fcb1/element HTTP/1.1
User-Agent: selenium/4.1.2 (java windows)
Content-Length: 70
Content-Type: application/json; charset=utf-8
host: localhost:50860
accept: */*

Response DefaultHttpResponse(decodeResult: success, version: HTTP/1.1)
HTTP/1.1 200 OK
Content-Type: application/json; charset=utf-8
cache-control: no-cache
content-length: 88

05:03:49.914 [AsyncHttpClient-1-3] DEBUG org.asynchttpclient.netty.channel.ChannelManager - Adding key: http://localhost:50860 for channel [id: 0xeaeae362, L:/127.0.0.1:64738 - R:localhost/127.0.0.1:50860]
05:03:49.921 [Forwarding isElementDisplayed on session b104a5613c7fd32760b384447453fcb1 to remote] DEBUG org.asynchttpclient.netty.request.NettyRequestSender - Using pooled Channel '[id: 0xeaeae362, L:/127.0.0.1:64738 - R:localhost/127.0.0.1:50860]' for 'POST' to 'http://localhost:50860/session/b104a5613c7fd32760b384447453fcb1/execute/sync'
05:03:49.922 [Forwarding isElementDisplayed on session b104a5613c7fd32760b384447453fcb1 to remote] DEBUG org.asynchttpclient.netty.request.NettyRequestSender - Using open Channel [id: 0xeaeae362, L:/127.0.0.1:64738 - R:localhost/127.0.0.1:50860] for POST '/session/b104a5613c7fd32760b384447453fcb1/execute/sync'
05:03:49.943 [AsyncHttpClient-1-3] DEBUG org.asynchttpclient.netty.handler.HttpHandler - 

Request DefaultHttpRequest(decodeResult: success, version: HTTP/1.1)
POST /session/b104a5613c7fd32760b384447453fcb1/execute/sync HTTP/1.1
User-Agent: selenium/4.1.2 (java windows)
Content-Length: 48780
Content-Type: application/json; charset=utf-8
host: localhost:50860
accept: */*

Response DefaultHttpResponse(decodeResult: success, version: HTTP/1.1)
HTTP/1.1 200 OK
Content-Type: application/json; charset=utf-8
cache-control: no-cache
content-length: 14

05:03:49.943 [AsyncHttpClient-1-3] DEBUG org.asynchttpclient.netty.channel.ChannelManager - Adding key: http://localhost:50860 for channel [id: 0xeaeae362, L:/127.0.0.1:64738 - R:localhost/127.0.0.1:50860]
05:03:49.954 [Forwarding screenshot on session b104a5613c7fd32760b384447453fcb1 to remote] DEBUG org.asynchttpclient.netty.request.NettyRequestSender - Using pooled Channel '[id: 0xeaeae362, L:/127.0.0.1:64738 - R:localhost/127.0.0.1:50860]' for 'GET' to 'http://localhost:50860/session/b104a5613c7fd32760b384447453fcb1/screenshot'
05:03:49.954 [Forwarding screenshot on session b104a5613c7fd32760b384447453fcb1 to remote] DEBUG org.asynchttpclient.netty.request.NettyRequestSender - Using open Channel [id: 0xeaeae362, L:/127.0.0.1:64738 - R:localhost/127.0.0.1:50860] for GET '/session/b104a5613c7fd32760b384447453fcb1/screenshot'
05:03:50.245 [AsyncHttpClient-1-3] DEBUG org.asynchttpclient.netty.handler.HttpHandler - 

Request DefaultFullHttpRequest(decodeResult: success, version: HTTP/1.1, content: EmptyByteBufBE)
GET /session/b104a5613c7fd32760b384447453fcb1/screenshot HTTP/1.1
User-Agent: selenium/4.1.2 (java windows)
Cache-Control: no-cache
Content-Type: application/json; charset=utf-8
host: localhost:50860
accept: */*

Response DefaultHttpResponse(decodeResult: success, version: HTTP/1.1)
HTTP/1.1 200 OK
Content-Type: application/json; charset=utf-8
cache-control: no-cache
content-length: 130568

05:03:50.245 [AsyncHttpClient-1-3] DEBUG org.asynchttpclient.netty.channel.ChannelManager - Adding key: http://localhost:50860 for channel [id: 0xeaeae362, L:/127.0.0.1:64738 - R:localhost/127.0.0.1:50860]
05:03:50.259 [main] DEBUG net.serenitybdd.core.photography.Darkroom - Send negative for processing for target\site\serenity\c43161e3c16acaf0e6b497b48b40547c2086c23c8a4e9095f224016a9d5972dc.png
05:03:50.260 [main] DEBUG net.thucydides.core.steps.StepInterceptor - STEP DONE: validationOnHomepage
  &amp#27;[32mGiven &amp#27;[0m&amp#27;[32madmin on the home page&amp#27;[0m                                             &amp#27;[90m# starter.stepdefenitions.ComplexSteps.adminOnTheHomePage()&amp#27;[0m
05:03:50.313 [Forwarding screenshot on session b104a5613c7fd32760b384447453fcb1 to remote] DEBUG org.asynchttpclient.netty.request.NettyRequestSender - Using pooled Channel '[id: 0xeaeae362, L:/127.0.0.1:64738 - R:localhost/127.0.0.1:50860]' for 'GET' to 'http://localhost:50860/session/b104a5613c7fd32760b384447453fcb1/screenshot'
05:03:50.314 [Forwarding screenshot on session b104a5613c7fd32760b384447453fcb1 to remote] DEBUG org.asynchttpclient.netty.request.NettyRequestSender - Using open Channel [id: 0xeaeae362, L:/127.0.0.1:64738 - R:localhost/127.0.0.1:50860] for GET '/session/b104a5613c7fd32760b384447453fcb1/screenshot'
05:03:50.335 [AsyncHttpClient-1-1] DEBUG org.asynchttpclient.netty.channel.DefaultChannelPool - Entry count for : http://localhost:64739 : 1
05:03:50.608 [AsyncHttpClient-1-3] DEBUG org.asynchttpclient.netty.handler.HttpHandler - 

Request DefaultFullHttpRequest(decodeResult: success, version: HTTP/1.1, content: EmptyByteBufBE)
GET /session/b104a5613c7fd32760b384447453fcb1/screenshot HTTP/1.1
User-Agent: selenium/4.1.2 (java windows)
Cache-Control: no-cache
Content-Type: application/json; charset=utf-8
host: localhost:50860
accept: */*

Response DefaultHttpResponse(decodeResult: success, version: HTTP/1.1)
HTTP/1.1 200 OK
Content-Type: application/json; charset=utf-8
cache-control: no-cache
content-length: 130568

05:03:50.609 [AsyncHttpClient-1-3] DEBUG org.asynchttpclient.netty.channel.ChannelManager - Adding key: http://localhost:50860 for channel [id: 0xeaeae362, L:/127.0.0.1:64738 - R:localhost/127.0.0.1:50860]
05:03:50.621 [main] DEBUG net.serenitybdd.core.photography.Darkroom - Send negative for processing for target\site\serenity\c43161e3c16acaf0e6b497b48b40547c2086c23c8a4e9095f224016a9d5972dc.png
05:03:50.622 [main] DEBUG net.thucydides.core.steps.StepInterceptor - STARTING STEP: BuildingSteps.iClickBuildingOnHomePage - toBuildingPage
05:03:50.630 [Forwarding findElement on session b104a5613c7fd32760b384447453fcb1 to remote] DEBUG org.asynchttpclient.netty.request.NettyRequestSender - Using pooled Channel '[id: 0xeaeae362, L:/127.0.0.1:64738 - R:localhost/127.0.0.1:50860]' for 'POST' to 'http://localhost:50860/session/b104a5613c7fd32760b384447453fcb1/element'
05:03:50.630 [Forwarding findElement on session b104a5613c7fd32760b384447453fcb1 to remote] DEBUG org.asynchttpclient.netty.request.NettyRequestSender - Using open Channel [id: 0xeaeae362, L:/127.0.0.1:64738 - R:localhost/127.0.0.1:50860] for POST '/session/b104a5613c7fd32760b384447453fcb1/element'
05:03:50.657 [AsyncHttpClient-1-3] DEBUG org.asynchttpclient.netty.handler.HttpHandler - 

Request DefaultHttpRequest(decodeResult: success, version: HTTP/1.1)
POST /session/b104a5613c7fd32760b384447453fcb1/element HTTP/1.1
User-Agent: selenium/4.1.2 (java windows)
Content-Length: 74
Content-Type: application/json; charset=utf-8
host: localhost:50860
accept: */*

Response DefaultHttpResponse(decodeResult: success, version: HTTP/1.1)
HTTP/1.1 200 OK
Content-Type: application/json; charset=utf-8
cache-control: no-cache
content-length: 88

05:03:50.657 [AsyncHttpClient-1-3] DEBUG org.asynchttpclient.netty.channel.ChannelManager - Adding key: http://localhost:50860 for channel [id: 0xeaeae362, L:/127.0.0.1:64738 - R:localhost/127.0.0.1:50860]
05:03:50.659 [Forwarding getElementTagName on session b104a5613c7fd32760b384447453fcb1 to remote] DEBUG org.asynchttpclient.netty.request.NettyRequestSender - Using pooled Channel '[id: 0xeaeae362, L:/127.0.0.1:64738 - R:localhost/127.0.0.1:50860]' for 'GET' to 'http://localhost:50860/session/b104a5613c7fd32760b384447453fcb1/element/5cadf4aa-b367-45fa-a40e-ebf19bdd858f/name'
05:03:50.660 [Forwarding getElementTagName on session b104a5613c7fd32760b384447453fcb1 to remote] DEBUG org.asynchttpclient.netty.request.NettyRequestSender - Using open Channel [id: 0xeaeae362, L:/127.0.0.1:64738 - R:localhost/127.0.0.1:50860] for GET '/session/b104a5613c7fd32760b384447453fcb1/element/5cadf4aa-b367-45fa-a40e-ebf19bdd858f/name'
05:03:50.667 [AsyncHttpClient-1-3] DEBUG org.asynchttpclient.netty.handler.HttpHandler - 

Request DefaultFullHttpRequest(decodeResult: success, version: HTTP/1.1, content: EmptyByteBufBE)
GET /session/b104a5613c7fd32760b384447453fcb1/element/5cadf4aa-b367-45fa-a40e-ebf19bdd858f/name HTTP/1.1
User-Agent: selenium/4.1.2 (java windows)
Cache-Control: no-cache
Content-Type: application/json; charset=utf-8
host: localhost:50860
accept: */*

Response DefaultHttpResponse(decodeResult: success, version: HTTP/1.1)
HTTP/1.1 200 OK
Content-Type: application/json; charset=utf-8
cache-control: no-cache
content-length: 13

05:03:50.667 [AsyncHttpClient-1-3] DEBUG org.asynchttpclient.netty.channel.ChannelManager - Adding key: http://localhost:50860 for channel [id: 0xeaeae362, L:/127.0.0.1:64738 - R:localhost/127.0.0.1:50860]
05:03:50.671 [Forwarding getElementTagName on session b104a5613c7fd32760b384447453fcb1 to remote] DEBUG org.asynchttpclient.netty.request.NettyRequestSender - Using pooled Channel '[id: 0xeaeae362, L:/127.0.0.1:64738 - R:localhost/127.0.0.1:50860]' for 'GET' to 'http://localhost:50860/session/b104a5613c7fd32760b384447453fcb1/element/5cadf4aa-b367-45fa-a40e-ebf19bdd858f/name'
05:03:50.671 [Forwarding getElementTagName on session b104a5613c7fd32760b384447453fcb1 to remote] DEBUG org.asynchttpclient.netty.request.NettyRequestSender - Using open Channel [id: 0xeaeae362, L:/127.0.0.1:64738 - R:localhost/127.0.0.1:50860] for GET '/session/b104a5613c7fd32760b384447453fcb1/element/5cadf4aa-b367-45fa-a40e-ebf19bdd858f/name'
05:03:50.677 [AsyncHttpClient-1-3] DEBUG org.asynchttpclient.netty.handler.HttpHandler - 

Request DefaultFullHttpRequest(decodeResult: success, version: HTTP/1.1, content: EmptyByteBufBE)
GET /session/b104a5613c7fd32760b384447453fcb1/element/5cadf4aa-b367-45fa-a40e-ebf19bdd858f/name HTTP/1.1
User-Agent: selenium/4.1.2 (java windows)
Cache-Control: no-cache
Content-Type: application/json; charset=utf-8
host: localhost:50860
accept: */*

Response DefaultHttpResponse(decodeResult: success, version: HTTP/1.1)
HTTP/1.1 200 OK
Content-Type: application/json; charset=utf-8
cache-control: no-cache
content-length: 13

05:03:50.677 [AsyncHttpClient-1-3] DEBUG org.asynchttpclient.netty.channel.ChannelManager - Adding key: http://localhost:50860 for channel [id: 0xeaeae362, L:/127.0.0.1:64738 - R:localhost/127.0.0.1:50860]
05:03:50.681 [Forwarding findElement on session b104a5613c7fd32760b384447453fcb1 to remote] DEBUG org.asynchttpclient.netty.request.NettyRequestSender - Using pooled Channel '[id: 0xeaeae362, L:/127.0.0.1:64738 - R:localhost/127.0.0.1:50860]' for 'POST' to 'http://localhost:50860/session/b104a5613c7fd32760b384447453fcb1/element'
05:03:50.681 [Forwarding findElement on session b104a5613c7fd32760b384447453fcb1 to remote] DEBUG org.asynchttpclient.netty.request.NettyRequestSender - Using open Channel [id: 0xeaeae362, L:/127.0.0.1:64738 - R:localhost/127.0.0.1:50860] for POST '/session/b104a5613c7fd32760b384447453fcb1/element'
05:03:50.695 [AsyncHttpClient-1-3] DEBUG org.asynchttpclient.netty.handler.HttpHandler - 

Request DefaultHttpRequest(decodeResult: success, version: HTTP/1.1)
POST /session/b104a5613c7fd32760b384447453fcb1/element HTTP/1.1
User-Agent: selenium/4.1.2 (java windows)
Content-Length: 74
Content-Type: application/json; charset=utf-8
host: localhost:50860
accept: */*

Response DefaultHttpResponse(decodeResult: success, version: HTTP/1.1)
HTTP/1.1 200 OK
Content-Type: application/json; charset=utf-8
cache-control: no-cache
content-length: 88

05:03:50.695 [AsyncHttpClient-1-3] DEBUG org.asynchttpclient.netty.channel.ChannelManager - Adding key: http://localhost:50860 for channel [id: 0xeaeae362, L:/127.0.0.1:64738 - R:localhost/127.0.0.1:50860]
05:03:50.697 [Forwarding clickElement on session b104a5613c7fd32760b384447453fcb1 to remote] DEBUG org.asynchttpclient.netty.request.NettyRequestSender - Using pooled Channel '[id: 0xeaeae362, L:/127.0.0.1:64738 - R:localhost/127.0.0.1:50860]' for 'POST' to 'http://localhost:50860/session/b104a5613c7fd32760b384447453fcb1/element/5cadf4aa-b367-45fa-a40e-ebf19bdd858f/click'
05:03:50.697 [Forwarding clickElement on session b104a5613c7fd32760b384447453fcb1 to remote] DEBUG org.asynchttpclient.netty.request.NettyRequestSender - Using open Channel [id: 0xeaeae362, L:/127.0.0.1:64738 - R:localhost/127.0.0.1:50860] for POST '/session/b104a5613c7fd32760b384447453fcb1/element/5cadf4aa-b367-45fa-a40e-ebf19bdd858f/click'
05:03:50.856 [AsyncHttpClient-1-3] DEBUG org.asynchttpclient.netty.handler.HttpHandler - 

Request DefaultHttpRequest(decodeResult: success, version: HTTP/1.1)
POST /session/b104a5613c7fd32760b384447453fcb1/element/5cadf4aa-b367-45fa-a40e-ebf19bdd858f/click HTTP/1.1
User-Agent: selenium/4.1.2 (java windows)
Content-Length: 50
Content-Type: application/json; charset=utf-8
host: localhost:50860
accept: */*

Response DefaultHttpResponse(decodeResult: success, version: HTTP/1.1)
HTTP/1.1 200 OK
Content-Type: application/json; charset=utf-8
cache-control: no-cache
content-length: 14

05:03:50.856 [AsyncHttpClient-1-3] DEBUG org.asynchttpclient.netty.channel.ChannelManager - Adding key: http://localhost:50860 for channel [id: 0xeaeae362, L:/127.0.0.1:64738 - R:localhost/127.0.0.1:50860]
05:03:50.873 [Forwarding screenshot on session b104a5613c7fd32760b384447453fcb1 to remote] DEBUG org.asynchttpclient.netty.request.NettyRequestSender - Using pooled Channel '[id: 0xeaeae362, L:/127.0.0.1:64738 - R:localhost/127.0.0.1:50860]' for 'GET' to 'http://localhost:50860/session/b104a5613c7fd32760b384447453fcb1/screenshot'
05:03:50.873 [Forwarding screenshot on session b104a5613c7fd32760b384447453fcb1 to remote] DEBUG org.asynchttpclient.netty.request.NettyRequestSender - Using open Channel [id: 0xeaeae362, L:/127.0.0.1:64738 - R:localhost/127.0.0.1:50860] for GET '/session/b104a5613c7fd32760b384447453fcb1/screenshot'
05:03:51.135 [AsyncHttpClient-1-3] DEBUG org.asynchttpclient.netty.handler.HttpHandler - 

Request DefaultFullHttpRequest(decodeResult: success, version: HTTP/1.1, content: EmptyByteBufBE)
GET /session/b104a5613c7fd32760b384447453fcb1/screenshot HTTP/1.1
User-Agent: selenium/4.1.2 (java windows)
Cache-Control: no-cache
Content-Type: application/json; charset=utf-8
host: localhost:50860
accept: */*

Response DefaultHttpResponse(decodeResult: success, version: HTTP/1.1)
HTTP/1.1 200 OK
Content-Type: application/json; charset=utf-8
cache-control: no-cache
content-length: 56504

05:03:51.136 [AsyncHttpClient-1-3] DEBUG org.asynchttpclient.netty.channel.ChannelManager - Adding key: http://localhost:50860 for channel [id: 0xeaeae362, L:/127.0.0.1:64738 - R:localhost/127.0.0.1:50860]
05:03:51.142 [main] DEBUG net.serenitybdd.core.photography.Darkroom - Send negative for processing for target\site\serenity\afdaba35cf5ef4da5cdfc2da6ba377c9389ec2df5e152e370be672376afc5247.png
05:03:51.143 [main] DEBUG net.thucydides.core.steps.StepInterceptor - STEP DONE: toBuildingPage
  &amp#27;[32mWhen &amp#27;[0m&amp#27;[32mI click building on home page&amp#27;[0m                                       &amp#27;[90m# starter.stepdefenitions.BuildingSteps.iClickBuildingOnHomePage()&amp#27;[0m
05:03:51.178 [main] DEBUG net.thucydides.core.steps.StepInterceptor - STARTING STEP: BuildingSteps.adminClickCreateNewBuilding - clickCreateBuilding
05:03:51.187 [Forwarding findElement on session b104a5613c7fd32760b384447453fcb1 to remote] DEBUG org.asynchttpclient.netty.request.NettyRequestSender - Using pooled Channel '[id: 0xeaeae362, L:/127.0.0.1:64738 - R:localhost/127.0.0.1:50860]' for 'POST' to 'http://localhost:50860/session/b104a5613c7fd32760b384447453fcb1/element'
05:03:51.188 [Forwarding findElement on session b104a5613c7fd32760b384447453fcb1 to remote] DEBUG org.asynchttpclient.netty.request.NettyRequestSender - Using open Channel [id: 0xeaeae362, L:/127.0.0.1:64738 - R:localhost/127.0.0.1:50860] for POST '/session/b104a5613c7fd32760b384447453fcb1/element'
05:03:51.214 [AsyncHttpClient-1-3] DEBUG org.asynchttpclient.netty.handler.HttpHandler - 

Request DefaultHttpRequest(decodeResult: success, version: HTTP/1.1)
POST /session/b104a5613c7fd32760b384447453fcb1/element HTTP/1.1
User-Agent: selenium/4.1.2 (java windows)
Content-Length: 92
Content-Type: application/json; charset=utf-8
host: localhost:50860
accept: */*

Response DefaultHttpResponse(decodeResult: success, version: HTTP/1.1)
HTTP/1.1 200 OK
Content-Type: application/json; charset=utf-8
cache-control: no-cache
content-length: 88

05:03:51.215 [AsyncHttpClient-1-3] DEBUG org.asynchttpclient.netty.channel.ChannelManager - Adding key: http://localhost:50860 for channel [id: 0xeaeae362, L:/127.0.0.1:64738 - R:localhost/127.0.0.1:50860]
05:03:51.217 [Forwarding getElementTagName on session b104a5613c7fd32760b384447453fcb1 to remote] DEBUG org.asynchttpclient.netty.request.NettyRequestSender - Using pooled Channel '[id: 0xeaeae362, L:/127.0.0.1:64738 - R:localhost/127.0.0.1:50860]' for 'GET' to 'http://localhost:50860/session/b104a5613c7fd32760b384447453fcb1/element/915cddb5-17df-43c8-8b5e-0921f504ba74/name'
05:03:51.217 [Forwarding getElementTagName on session b104a5613c7fd32760b384447453fcb1 to remote] DEBUG org.asynchttpclient.netty.request.NettyRequestSender - Using open Channel [id: 0xeaeae362, L:/127.0.0.1:64738 - R:localhost/127.0.0.1:50860] for GET '/session/b104a5613c7fd32760b384447453fcb1/element/915cddb5-17df-43c8-8b5e-0921f504ba74/name'
05:03:51.226 [AsyncHttpClient-1-3] DEBUG org.asynchttpclient.netty.handler.HttpHandler - 

Request DefaultFullHttpRequest(decodeResult: success, version: HTTP/1.1, content: EmptyByteBufBE)
GET /session/b104a5613c7fd32760b384447453fcb1/element/915cddb5-17df-43c8-8b5e-0921f504ba74/name HTTP/1.1
User-Agent: selenium/4.1.2 (java windows)
Cache-Control: no-cache
Content-Type: application/json; charset=utf-8
host: localhost:50860
accept: */*

Response DefaultHttpResponse(decodeResult: success, version: HTTP/1.1)
HTTP/1.1 200 OK
Content-Type: application/json; charset=utf-8
cache-control: no-cache
content-length: 18

05:03:51.227 [AsyncHttpClient-1-3] DEBUG org.asynchttpclient.netty.channel.ChannelManager - Adding key: http://localhost:50860 for channel [id: 0xeaeae362, L:/127.0.0.1:64738 - R:localhost/127.0.0.1:50860]
05:03:51.230 [Forwarding getElementTagName on session b104a5613c7fd32760b384447453fcb1 to remote] DEBUG org.asynchttpclient.netty.request.NettyRequestSender - Using pooled Channel '[id: 0xeaeae362, L:/127.0.0.1:64738 - R:localhost/127.0.0.1:50860]' for 'GET' to 'http://localhost:50860/session/b104a5613c7fd32760b384447453fcb1/element/915cddb5-17df-43c8-8b5e-0921f504ba74/name'
05:03:51.230 [Forwarding getElementTagName on session b104a5613c7fd32760b384447453fcb1 to remote] DEBUG org.asynchttpclient.netty.request.NettyRequestSender - Using open Channel [id: 0xeaeae362, L:/127.0.0.1:64738 - R:localhost/127.0.0.1:50860] for GET '/session/b104a5613c7fd32760b384447453fcb1/element/915cddb5-17df-43c8-8b5e-0921f504ba74/name'
05:03:51.238 [AsyncHttpClient-1-3] DEBUG org.asynchttpclient.netty.handler.HttpHandler - 

Request DefaultFullHttpRequest(decodeResult: success, version: HTTP/1.1, content: EmptyByteBufBE)
GET /session/b104a5613c7fd32760b384447453fcb1/element/915cddb5-17df-43c8-8b5e-0921f504ba74/name HTTP/1.1
User-Agent: selenium/4.1.2 (java windows)
Cache-Control: no-cache
Content-Type: application/json; charset=utf-8
host: localhost:50860
accept: */*

Response DefaultHttpResponse(decodeResult: success, version: HTTP/1.1)
HTTP/1.1 200 OK
Content-Type: application/json; charset=utf-8
cache-control: no-cache
content-length: 18

05:03:51.239 [AsyncHttpClient-1-3] DEBUG org.asynchttpclient.netty.channel.ChannelManager - Adding key: http://localhost:50860 for channel [id: 0xeaeae362, L:/127.0.0.1:64738 - R:localhost/127.0.0.1:50860]
05:03:51.244 [Forwarding isElementEnabled on session b104a5613c7fd32760b384447453fcb1 to remote] DEBUG org.asynchttpclient.netty.request.NettyRequestSender - Using pooled Channel '[id: 0xeaeae362, L:/127.0.0.1:64738 - R:localhost/127.0.0.1:50860]' for 'GET' to 'http://localhost:50860/session/b104a5613c7fd32760b384447453fcb1/element/915cddb5-17df-43c8-8b5e-0921f504ba74/enabled'
05:03:51.244 [Forwarding isElementEnabled on session b104a5613c7fd32760b384447453fcb1 to remote] DEBUG org.asynchttpclient.netty.request.NettyRequestSender - Using open Channel [id: 0xeaeae362, L:/127.0.0.1:64738 - R:localhost/127.0.0.1:50860] for GET '/session/b104a5613c7fd32760b384447453fcb1/element/915cddb5-17df-43c8-8b5e-0921f504ba74/enabled'
05:03:51.261 [AsyncHttpClient-1-3] DEBUG org.asynchttpclient.netty.handler.HttpHandler - 

Request DefaultFullHttpRequest(decodeResult: success, version: HTTP/1.1, content: EmptyByteBufBE)
GET /session/b104a5613c7fd32760b384447453fcb1/element/915cddb5-17df-43c8-8b5e-0921f504ba74/enabled HTTP/1.1
User-Agent: selenium/4.1.2 (java windows)
Cache-Control: no-cache
Content-Type: application/json; charset=utf-8
host: localhost:50860
accept: */*

Response DefaultHttpResponse(decodeResult: success, version: HTTP/1.1)
HTTP/1.1 200 OK
Content-Type: application/json; charset=utf-8
cache-control: no-cache
content-length: 14

05:03:51.261 [AsyncHttpClient-1-3] DEBUG org.asynchttpclient.netty.channel.ChannelManager - Adding key: http://localhost:50860 for channel [id: 0xeaeae362, L:/127.0.0.1:64738 - R:localhost/127.0.0.1:50860]
05:03:51.264 [Forwarding isElementEnabled on session b104a5613c7fd32760b384447453fcb1 to remote] DEBUG org.asynchttpclient.netty.request.NettyRequestSender - Using pooled Channel '[id: 0xeaeae362, L:/127.0.0.1:64738 - R:localhost/127.0.0.1:50860]' for 'GET' to 'http://localhost:50860/session/b104a5613c7fd32760b384447453fcb1/element/915cddb5-17df-43c8-8b5e-0921f504ba74/enabled'
05:03:51.264 [Forwarding isElementEnabled on session b104a5613c7fd32760b384447453fcb1 to remote] DEBUG org.asynchttpclient.netty.request.NettyRequestSender - Using open Channel [id: 0xeaeae362, L:/127.0.0.1:64738 - R:localhost/127.0.0.1:50860] for GET '/session/b104a5613c7fd32760b384447453fcb1/element/915cddb5-17df-43c8-8b5e-0921f504ba74/enabled'
05:03:51.278 [AsyncHttpClient-1-3] DEBUG org.asynchttpclient.netty.handler.HttpHandler - 

Request DefaultFullHttpRequest(decodeResult: success, version: HTTP/1.1, content: EmptyByteBufBE)
GET /session/b104a5613c7fd32760b384447453fcb1/element/915cddb5-17df-43c8-8b5e-0921f504ba74/enabled HTTP/1.1
User-Agent: selenium/4.1.2 (java windows)
Cache-Control: no-cache
Content-Type: application/json; charset=utf-8
host: localhost:50860
accept: */*

Response DefaultHttpResponse(decodeResult: success, version: HTTP/1.1)
HTTP/1.1 200 OK
Content-Type: application/json; charset=utf-8
cache-control: no-cache
content-length: 14

05:03:51.278 [AsyncHttpClient-1-3] DEBUG org.asynchttpclient.netty.channel.ChannelManager - Adding key: http://localhost:50860 for channel [id: 0xeaeae362, L:/127.0.0.1:64738 - R:localhost/127.0.0.1:50860]
05:03:51.281 [Forwarding findElement on session b104a5613c7fd32760b384447453fcb1 to remote] DEBUG org.asynchttpclient.netty.request.NettyRequestSender - Using pooled Channel '[id: 0xeaeae362, L:/127.0.0.1:64738 - R:localhost/127.0.0.1:50860]' for 'POST' to 'http://localhost:50860/session/b104a5613c7fd32760b384447453fcb1/element'
05:03:51.282 [Forwarding findElement on session b104a5613c7fd32760b384447453fcb1 to remote] DEBUG org.asynchttpclient.netty.request.NettyRequestSender - Using open Channel [id: 0xeaeae362, L:/127.0.0.1:64738 - R:localhost/127.0.0.1:50860] for POST '/session/b104a5613c7fd32760b384447453fcb1/element'
05:03:51.295 [AsyncHttpClient-1-3] DEBUG org.asynchttpclient.netty.handler.HttpHandler - 

Request DefaultHttpRequest(decodeResult: success, version: HTTP/1.1)
POST /session/b104a5613c7fd32760b384447453fcb1/element HTTP/1.1
User-Agent: selenium/4.1.2 (java windows)
Content-Length: 92
Content-Type: application/json; charset=utf-8
host: localhost:50860
accept: */*

Response DefaultHttpResponse(decodeResult: success, version: HTTP/1.1)
HTTP/1.1 200 OK
Content-Type: application/json; charset=utf-8
cache-control: no-cache
content-length: 88

05:03:51.296 [AsyncHttpClient-1-3] DEBUG org.asynchttpclient.netty.channel.ChannelManager - Adding key: http://localhost:50860 for channel [id: 0xeaeae362, L:/127.0.0.1:64738 - R:localhost/127.0.0.1:50860]
05:03:51.298 [Forwarding clickElement on session b104a5613c7fd32760b384447453fcb1 to remote] DEBUG org.asynchttpclient.netty.request.NettyRequestSender - Using pooled Channel '[id: 0xeaeae362, L:/127.0.0.1:64738 - R:localhost/127.0.0.1:50860]' for 'POST' to 'http://localhost:50860/session/b104a5613c7fd32760b384447453fcb1/element/915cddb5-17df-43c8-8b5e-0921f504ba74/click'
05:03:51.298 [Forwarding clickElement on session b104a5613c7fd32760b384447453fcb1 to remote] DEBUG org.asynchttpclient.netty.request.NettyRequestSender - Using open Channel [id: 0xeaeae362, L:/127.0.0.1:64738 - R:localhost/127.0.0.1:50860] for POST '/session/b104a5613c7fd32760b384447453fcb1/element/915cddb5-17df-43c8-8b5e-0921f504ba74/click'
05:03:51.440 [AsyncHttpClient-1-1] DEBUG org.asynchttpclient.netty.channel.DefaultChannelPool - Entry count for : http://localhost:64739 : 1
05:03:51.518 [AsyncHttpClient-1-3] DEBUG org.asynchttpclient.netty.handler.HttpHandler - 

Request DefaultHttpRequest(decodeResult: success, version: HTTP/1.1)
POST /session/b104a5613c7fd32760b384447453fcb1/element/915cddb5-17df-43c8-8b5e-0921f504ba74/click HTTP/1.1
User-Agent: selenium/4.1.2 (java windows)
Content-Length: 50
Content-Type: application/json; charset=utf-8
host: localhost:50860
accept: */*

Response DefaultHttpResponse(decodeResult: success, version: HTTP/1.1)
HTTP/1.1 200 OK
Content-Type: application/json; charset=utf-8
cache-control: no-cache
content-length: 14

05:03:51.519 [AsyncHttpClient-1-3] DEBUG org.asynchttpclient.netty.channel.ChannelManager - Adding key: http://localhost:50860 for channel [id: 0xeaeae362, L:/127.0.0.1:64738 - R:localhost/127.0.0.1:50860]
05:03:51.534 [Forwarding screenshot on session b104a5613c7fd32760b384447453fcb1 to remote] DEBUG org.asynchttpclient.netty.request.NettyRequestSender - Using pooled Channel '[id: 0xeaeae362, L:/127.0.0.1:64738 - R:localhost/127.0.0.1:50860]' for 'GET' to 'http://localhost:50860/session/b104a5613c7fd32760b384447453fcb1/screenshot'
05:03:51.534 [Forwarding screenshot on session b104a5613c7fd32760b384447453fcb1 to remote] DEBUG org.asynchttpclient.netty.request.NettyRequestSender - Using open Channel [id: 0xeaeae362, L:/127.0.0.1:64738 - R:localhost/127.0.0.1:50860] for GET '/session/b104a5613c7fd32760b384447453fcb1/screenshot'
05:03:51.817 [AsyncHttpClient-1-3] DEBUG org.asynchttpclient.netty.handler.HttpHandler - 

Request DefaultFullHttpRequest(decodeResult: success, version: HTTP/1.1, content: EmptyByteBufBE)
GET /session/b104a5613c7fd32760b384447453fcb1/screenshot HTTP/1.1
User-Agent: selenium/4.1.2 (java windows)
Cache-Control: no-cache
Content-Type: application/json; charset=utf-8
host: localhost:50860
accept: */*

Response DefaultHttpResponse(decodeResult: success, version: HTTP/1.1)
HTTP/1.1 200 OK
Content-Type: application/json; charset=utf-8
cache-control: no-cache
content-length: 65948

05:03:51.818 [AsyncHttpClient-1-3] DEBUG org.asynchttpclient.netty.channel.ChannelManager - Adding key: http://localhost:50860 for channel [id: 0xeaeae362, L:/127.0.0.1:64738 - R:localhost/127.0.0.1:50860]
05:03:51.826 [main] DEBUG net.serenitybdd.core.photography.Darkroom - Send negative for processing for target\site\serenity\5c83d39dd64dd3ab66d2ba48c2b9308bccf03fcaa28f3e8341e115ceead84064.png
05:03:51.826 [main] DEBUG net.thucydides.core.steps.StepInterceptor - STEP DONE: clickCreateBuilding
  &amp#27;[32mAnd &amp#27;[0m&amp#27;[32madmin click create new building&amp#27;[0m                                      &amp#27;[90m# starter.stepdefenitions.BuildingSteps.adminClickCreateNewBuilding()&amp#27;[0m
05:03:51.864 [main] DEBUG net.thucydides.core.steps.StepInterceptor - STARTING STEP: BuildingSteps.adminFillNameBuilding - fillNameBuilding
05:03:51.871 [Forwarding findElement on session b104a5613c7fd32760b384447453fcb1 to remote] DEBUG org.asynchttpclient.netty.request.NettyRequestSender - Using pooled Channel '[id: 0xeaeae362, L:/127.0.0.1:64738 - R:localhost/127.0.0.1:50860]' for 'POST' to 'http://localhost:50860/session/b104a5613c7fd32760b384447453fcb1/element'
05:03:51.871 [Forwarding findElement on session b104a5613c7fd32760b384447453fcb1 to remote] DEBUG org.asynchttpclient.netty.request.NettyRequestSender - Using open Channel [id: 0xeaeae362, L:/127.0.0.1:64738 - R:localhost/127.0.0.1:50860] for POST '/session/b104a5613c7fd32760b384447453fcb1/element'
05:03:51.896 [AsyncHttpClient-1-3] DEBUG org.asynchttpclient.netty.handler.HttpHandler - 

Request DefaultHttpRequest(decodeResult: success, version: HTTP/1.1)
POST /session/b104a5613c7fd32760b384447453fcb1/element HTTP/1.1
User-Agent: selenium/4.1.2 (java windows)
Content-Length: 115
Content-Type: application/json; charset=utf-8
host: localhost:50860
accept: */*

Response DefaultHttpResponse(decodeResult: success, version: HTTP/1.1)
HTTP/1.1 200 OK
Content-Type: application/json; charset=utf-8
cache-control: no-cache
content-length: 88

05:03:51.896 [AsyncHttpClient-1-3] DEBUG org.asynchttpclient.netty.channel.ChannelManager - Adding key: http://localhost:50860 for channel [id: 0xeaeae362, L:/127.0.0.1:64738 - R:localhost/127.0.0.1:50860]
05:03:51.898 [Forwarding clearElement on session b104a5613c7fd32760b384447453fcb1 to remote] DEBUG org.asynchttpclient.netty.request.NettyRequestSender - Using pooled Channel '[id: 0xeaeae362, L:/127.0.0.1:64738 - R:localhost/127.0.0.1:50860]' for 'POST' to 'http://localhost:50860/session/b104a5613c7fd32760b384447453fcb1/element/e7715f32-3526-408f-ab37-2d536d0fb979/clear'
05:03:51.898 [Forwarding clearElement on session b104a5613c7fd32760b384447453fcb1 to remote] DEBUG org.asynchttpclient.netty.request.NettyRequestSender - Using open Channel [id: 0xeaeae362, L:/127.0.0.1:64738 - R:localhost/127.0.0.1:50860] for POST '/session/b104a5613c7fd32760b384447453fcb1/element/e7715f32-3526-408f-ab37-2d536d0fb979/clear'
05:03:51.989 [AsyncHttpClient-1-3] DEBUG org.asynchttpclient.netty.handler.HttpHandler - 

Request DefaultHttpRequest(decodeResult: success, version: HTTP/1.1)
POST /session/b104a5613c7fd32760b384447453fcb1/element/e7715f32-3526-408f-ab37-2d536d0fb979/clear HTTP/1.1
User-Agent: selenium/4.1.2 (java windows)
Content-Length: 50
Content-Type: application/json; charset=utf-8
host: localhost:50860
accept: */*

Response DefaultHttpResponse(decodeResult: success, version: HTTP/1.1)
HTTP/1.1 200 OK
Content-Type: application/json; charset=utf-8
cache-control: no-cache
content-length: 14

05:03:51.989 [AsyncHttpClient-1-3] DEBUG org.asynchttpclient.netty.channel.ChannelManager - Adding key: http://localhost:50860 for channel [id: 0xeaeae362, L:/127.0.0.1:64738 - R:localhost/127.0.0.1:50860]
05:03:51.993 [Forwarding sendKeysToElement on session b104a5613c7fd32760b384447453fcb1 to remote] DEBUG org.asynchttpclient.netty.request.NettyRequestSender - Using pooled Channel '[id: 0xeaeae362, L:/127.0.0.1:64738 - R:localhost/127.0.0.1:50860]' for 'POST' to 'http://localhost:50860/session/b104a5613c7fd32760b384447453fcb1/element/e7715f32-3526-408f-ab37-2d536d0fb979/value'
05:03:51.993 [Forwarding sendKeysToElement on session b104a5613c7fd32760b384447453fcb1 to remote] DEBUG org.asynchttpclient.netty.request.NettyRequestSender - Using open Channel [id: 0xeaeae362, L:/127.0.0.1:64738 - R:localhost/127.0.0.1:50860] for POST '/session/b104a5613c7fd32760b384447453fcb1/element/e7715f32-3526-408f-ab37-2d536d0fb979/value'
05:03:52.413 [AsyncHttpClient-1-3] DEBUG org.asynchttpclient.netty.handler.HttpHandler - 

Request DefaultHttpRequest(decodeResult: success, version: HTTP/1.1)
POST /session/b104a5613c7fd32760b384447453fcb1/element/e7715f32-3526-408f-ab37-2d536d0fb979/value HTTP/1.1
User-Agent: selenium/4.1.2 (java windows)
Content-Length: 291
Content-Type: application/json; charset=utf-8
host: localhost:50860
accept: */*

Response DefaultHttpResponse(decodeResult: success, version: HTTP/1.1)
HTTP/1.1 200 OK
Content-Type: application/json; charset=utf-8
cache-control: no-cache
content-length: 14

05:03:52.414 [AsyncHttpClient-1-3] DEBUG org.asynchttpclient.netty.channel.ChannelManager - Adding key: http://localhost:50860 for channel [id: 0xeaeae362, L:/127.0.0.1:64738 - R:localhost/127.0.0.1:50860]
05:03:52.430 [Forwarding screenshot on session b104a5613c7fd32760b384447453fcb1 to remote] DEBUG org.asynchttpclient.netty.request.NettyRequestSender - Using pooled Channel '[id: 0xeaeae362, L:/127.0.0.1:64738 - R:localhost/127.0.0.1:50860]' for 'GET' to 'http://localhost:50860/session/b104a5613c7fd32760b384447453fcb1/screenshot'
05:03:52.431 [Forwarding screenshot on session b104a5613c7fd32760b384447453fcb1 to remote] DEBUG org.asynchttpclient.netty.request.NettyRequestSender - Using open Channel [id: 0xeaeae362, L:/127.0.0.1:64738 - R:localhost/127.0.0.1:50860] for GET '/session/b104a5613c7fd32760b384447453fcb1/screenshot'
05:03:52.533 [AsyncHttpClient-1-1] DEBUG org.asynchttpclient.netty.channel.DefaultChannelPool - Entry count for : http://localhost:64739 : 1
05:03:52.700 [AsyncHttpClient-1-3] DEBUG org.asynchttpclient.netty.handler.HttpHandler - 

Request DefaultFullHttpRequest(decodeResult: success, version: HTTP/1.1, content: EmptyByteBufBE)
GET /session/b104a5613c7fd32760b384447453fcb1/screenshot HTTP/1.1
User-Agent: selenium/4.1.2 (java windows)
Cache-Control: no-cache
Content-Type: application/json; charset=utf-8
host: localhost:50860
accept: */*

Response DefaultHttpResponse(decodeResult: success, version: HTTP/1.1)
HTTP/1.1 200 OK
Content-Type: application/json; charset=utf-8
cache-control: no-cache
content-length: 68024

05:03:52.701 [AsyncHttpClient-1-3] DEBUG org.asynchttpclient.netty.channel.ChannelManager - Adding key: http://localhost:50860 for channel [id: 0xeaeae362, L:/127.0.0.1:64738 - R:localhost/127.0.0.1:50860]
05:03:52.709 [main] DEBUG net.serenitybdd.core.photography.Darkroom - Send negative for processing for target\site\serenity\2ce5e56dfe4dcd0ca158a6da664d345d8dc91245a12f6caa3e4c1e295dfb3fc0.png
05:03:52.709 [main] DEBUG net.thucydides.core.steps.StepInterceptor - STEP DONE: fillNameBuilding
  &amp#27;[32mAnd &amp#27;[0m&amp#27;[32madmin fill name building&amp#27;[0m                                             &amp#27;[90m# starter.stepdefenitions.BuildingSteps.adminFillNameBuilding()&amp#27;[0m
05:03:52.742 [main] DEBUG net.thucydides.core.steps.StepInterceptor - STARTING STEP: BuildingSteps.adminNotChooseComplex - NotchooseExistingComplex
05:03:52.750 [Forwarding findElement on session b104a5613c7fd32760b384447453fcb1 to remote] DEBUG org.asynchttpclient.netty.request.NettyRequestSender - Using pooled Channel '[id: 0xeaeae362, L:/127.0.0.1:64738 - R:localhost/127.0.0.1:50860]' for 'POST' to 'http://localhost:50860/session/b104a5613c7fd32760b384447453fcb1/element'
05:03:52.750 [Forwarding findElement on session b104a5613c7fd32760b384447453fcb1 to remote] DEBUG org.asynchttpclient.netty.request.NettyRequestSender - Using open Channel [id: 0xeaeae362, L:/127.0.0.1:64738 - R:localhost/127.0.0.1:50860] for POST '/session/b104a5613c7fd32760b384447453fcb1/element'
05:03:52.776 [AsyncHttpClient-1-3] DEBUG org.asynchttpclient.netty.handler.HttpHandler - 

Request DefaultHttpRequest(decodeResult: success, version: HTTP/1.1)
POST /session/b104a5613c7fd32760b384447453fcb1/element HTTP/1.1
User-Agent: selenium/4.1.2 (java windows)
Content-Length: 145
Content-Type: application/json; charset=utf-8
host: localhost:50860
accept: */*

Response DefaultHttpResponse(decodeResult: success, version: HTTP/1.1)
HTTP/1.1 200 OK
Content-Type: application/json; charset=utf-8
cache-control: no-cache
content-length: 88

05:03:52.776 [AsyncHttpClient-1-3] DEBUG org.asynchttpclient.netty.channel.ChannelManager - Adding key: http://localhost:50860 for channel [id: 0xeaeae362, L:/127.0.0.1:64738 - R:localhost/127.0.0.1:50860]
05:03:52.779 [Forwarding getElementTagName on session b104a5613c7fd32760b384447453fcb1 to remote] DEBUG org.asynchttpclient.netty.request.NettyRequestSender - Using pooled Channel '[id: 0xeaeae362, L:/127.0.0.1:64738 - R:localhost/127.0.0.1:50860]' for 'GET' to 'http://localhost:50860/session/b104a5613c7fd32760b384447453fcb1/element/a3135b35-3371-43d7-b812-50447d6aa4de/name'
05:03:52.779 [Forwarding getElementTagName on session b104a5613c7fd32760b384447453fcb1 to remote] DEBUG org.asynchttpclient.netty.request.NettyRequestSender - Using open Channel [id: 0xeaeae362, L:/127.0.0.1:64738 - R:localhost/127.0.0.1:50860] for GET '/session/b104a5613c7fd32760b384447453fcb1/element/a3135b35-3371-43d7-b812-50447d6aa4de/name'
05:03:52.788 [AsyncHttpClient-1-3] DEBUG org.asynchttpclient.netty.handler.HttpHandler - 

Request DefaultFullHttpRequest(decodeResult: success, version: HTTP/1.1, content: EmptyByteBufBE)
GET /session/b104a5613c7fd32760b384447453fcb1/element/a3135b35-3371-43d7-b812-50447d6aa4de/name HTTP/1.1
User-Agent: selenium/4.1.2 (java windows)
Cache-Control: no-cache
Content-Type: application/json; charset=utf-8
host: localhost:50860
accept: */*

Response DefaultHttpResponse(decodeResult: success, version: HTTP/1.1)
HTTP/1.1 200 OK
Content-Type: application/json; charset=utf-8
cache-control: no-cache
content-length: 18

05:03:52.789 [AsyncHttpClient-1-3] DEBUG org.asynchttpclient.netty.channel.ChannelManager - Adding key: http://localhost:50860 for channel [id: 0xeaeae362, L:/127.0.0.1:64738 - R:localhost/127.0.0.1:50860]
05:03:52.791 [Forwarding getElementTagName on session b104a5613c7fd32760b384447453fcb1 to remote] DEBUG org.asynchttpclient.netty.request.NettyRequestSender - Using pooled Channel '[id: 0xeaeae362, L:/127.0.0.1:64738 - R:localhost/127.0.0.1:50860]' for 'GET' to 'http://localhost:50860/session/b104a5613c7fd32760b384447453fcb1/element/a3135b35-3371-43d7-b812-50447d6aa4de/name'
05:03:52.791 [Forwarding getElementTagName on session b104a5613c7fd32760b384447453fcb1 to remote] DEBUG org.asynchttpclient.netty.request.NettyRequestSender - Using open Channel [id: 0xeaeae362, L:/127.0.0.1:64738 - R:localhost/127.0.0.1:50860] for GET '/session/b104a5613c7fd32760b384447453fcb1/element/a3135b35-3371-43d7-b812-50447d6aa4de/name'
05:03:52.797 [AsyncHttpClient-1-3] DEBUG org.asynchttpclient.netty.handler.HttpHandler - 

Request DefaultFullHttpRequest(decodeResult: success, version: HTTP/1.1, content: EmptyByteBufBE)
GET /session/b104a5613c7fd32760b384447453fcb1/element/a3135b35-3371-43d7-b812-50447d6aa4de/name HTTP/1.1
User-Agent: selenium/4.1.2 (java windows)
Cache-Control: no-cache
Content-Type: application/json; charset=utf-8
host: localhost:50860
accept: */*

Response DefaultHttpResponse(decodeResult: success, version: HTTP/1.1)
HTTP/1.1 200 OK
Content-Type: application/json; charset=utf-8
cache-control: no-cache
content-length: 18

05:03:52.797 [AsyncHttpClient-1-3] DEBUG org.asynchttpclient.netty.channel.ChannelManager - Adding key: http://localhost:50860 for channel [id: 0xeaeae362, L:/127.0.0.1:64738 - R:localhost/127.0.0.1:50860]
05:03:52.802 [Forwarding isElementEnabled on session b104a5613c7fd32760b384447453fcb1 to remote] DEBUG org.asynchttpclient.netty.request.NettyRequestSender - Using pooled Channel '[id: 0xeaeae362, L:/127.0.0.1:64738 - R:localhost/127.0.0.1:50860]' for 'GET' to 'http://localhost:50860/session/b104a5613c7fd32760b384447453fcb1/element/a3135b35-3371-43d7-b812-50447d6aa4de/enabled'
05:03:52.802 [Forwarding isElementEnabled on session b104a5613c7fd32760b384447453fcb1 to remote] DEBUG org.asynchttpclient.netty.request.NettyRequestSender - Using open Channel [id: 0xeaeae362, L:/127.0.0.1:64738 - R:localhost/127.0.0.1:50860] for GET '/session/b104a5613c7fd32760b384447453fcb1/element/a3135b35-3371-43d7-b812-50447d6aa4de/enabled'
05:03:52.833 [AsyncHttpClient-1-3] DEBUG org.asynchttpclient.netty.handler.HttpHandler - 

Request DefaultFullHttpRequest(decodeResult: success, version: HTTP/1.1, content: EmptyByteBufBE)
GET /session/b104a5613c7fd32760b384447453fcb1/element/a3135b35-3371-43d7-b812-50447d6aa4de/enabled HTTP/1.1
User-Agent: selenium/4.1.2 (java windows)
Cache-Control: no-cache
Content-Type: application/json; charset=utf-8
host: localhost:50860
accept: */*

Response DefaultHttpResponse(decodeResult: success, version: HTTP/1.1)
HTTP/1.1 200 OK
Content-Type: application/json; charset=utf-8
cache-control: no-cache
content-length: 14

05:03:52.833 [AsyncHttpClient-1-3] DEBUG org.asynchttpclient.netty.channel.ChannelManager - Adding key: http://localhost:50860 for channel [id: 0xeaeae362, L:/127.0.0.1:64738 - R:localhost/127.0.0.1:50860]
05:03:52.836 [Forwarding isElementEnabled on session b104a5613c7fd32760b384447453fcb1 to remote] DEBUG org.asynchttpclient.netty.request.NettyRequestSender - Using pooled Channel '[id: 0xeaeae362, L:/127.0.0.1:64738 - R:localhost/127.0.0.1:50860]' for 'GET' to 'http://localhost:50860/session/b104a5613c7fd32760b384447453fcb1/element/a3135b35-3371-43d7-b812-50447d6aa4de/enabled'
05:03:52.836 [Forwarding isElementEnabled on session b104a5613c7fd32760b384447453fcb1 to remote] DEBUG org.asynchttpclient.netty.request.NettyRequestSender - Using open Channel [id: 0xeaeae362, L:/127.0.0.1:64738 - R:localhost/127.0.0.1:50860] for GET '/session/b104a5613c7fd32760b384447453fcb1/element/a3135b35-3371-43d7-b812-50447d6aa4de/enabled'
05:03:52.847 [AsyncHttpClient-1-3] DEBUG org.asynchttpclient.netty.handler.HttpHandler - 

Request DefaultFullHttpRequest(decodeResult: success, version: HTTP/1.1, content: EmptyByteBufBE)
GET /session/b104a5613c7fd32760b384447453fcb1/element/a3135b35-3371-43d7-b812-50447d6aa4de/enabled HTTP/1.1
User-Agent: selenium/4.1.2 (java windows)
Cache-Control: no-cache
Content-Type: application/json; charset=utf-8
host: localhost:50860
accept: */*

Response DefaultHttpResponse(decodeResult: success, version: HTTP/1.1)
HTTP/1.1 200 OK
Content-Type: application/json; charset=utf-8
cache-control: no-cache
content-length: 14

05:03:52.848 [AsyncHttpClient-1-3] DEBUG org.asynchttpclient.netty.channel.ChannelManager - Adding key: http://localhost:50860 for channel [id: 0xeaeae362, L:/127.0.0.1:64738 - R:localhost/127.0.0.1:50860]
05:03:52.851 [Forwarding findElement on session b104a5613c7fd32760b384447453fcb1 to remote] DEBUG org.asynchttpclient.netty.request.NettyRequestSender - Using pooled Channel '[id: 0xeaeae362, L:/127.0.0.1:64738 - R:localhost/127.0.0.1:50860]' for 'POST' to 'http://localhost:50860/session/b104a5613c7fd32760b384447453fcb1/element'
05:03:52.851 [Forwarding findElement on session b104a5613c7fd32760b384447453fcb1 to remote] DEBUG org.asynchttpclient.netty.request.NettyRequestSender - Using open Channel [id: 0xeaeae362, L:/127.0.0.1:64738 - R:localhost/127.0.0.1:50860] for POST '/session/b104a5613c7fd32760b384447453fcb1/element'
05:03:52.865 [AsyncHttpClient-1-3] DEBUG org.asynchttpclient.netty.handler.HttpHandler - 

Request DefaultHttpRequest(decodeResult: success, version: HTTP/1.1)
POST /session/b104a5613c7fd32760b384447453fcb1/element HTTP/1.1
User-Agent: selenium/4.1.2 (java windows)
Content-Length: 145
Content-Type: application/json; charset=utf-8
host: localhost:50860
accept: */*

Response DefaultHttpResponse(decodeResult: success, version: HTTP/1.1)
HTTP/1.1 200 OK
Content-Type: application/json; charset=utf-8
cache-control: no-cache
content-length: 88

05:03:52.865 [AsyncHttpClient-1-3] DEBUG org.asynchttpclient.netty.channel.ChannelManager - Adding key: http://localhost:50860 for channel [id: 0xeaeae362, L:/127.0.0.1:64738 - R:localhost/127.0.0.1:50860]
05:03:52.866 [Forwarding getElementTagName on session b104a5613c7fd32760b384447453fcb1 to remote] DEBUG org.asynchttpclient.netty.request.NettyRequestSender - Using pooled Channel '[id: 0xeaeae362, L:/127.0.0.1:64738 - R:localhost/127.0.0.1:50860]' for 'GET' to 'http://localhost:50860/session/b104a5613c7fd32760b384447453fcb1/element/a3135b35-3371-43d7-b812-50447d6aa4de/name'
05:03:52.866 [Forwarding getElementTagName on session b104a5613c7fd32760b384447453fcb1 to remote] DEBUG org.asynchttpclient.netty.request.NettyRequestSender - Using open Channel [id: 0xeaeae362, L:/127.0.0.1:64738 - R:localhost/127.0.0.1:50860] for GET '/session/b104a5613c7fd32760b384447453fcb1/element/a3135b35-3371-43d7-b812-50447d6aa4de/name'
05:03:52.875 [AsyncHttpClient-1-3] DEBUG org.asynchttpclient.netty.handler.HttpHandler - 

Request DefaultFullHttpRequest(decodeResult: success, version: HTTP/1.1, content: EmptyByteBufBE)
GET /session/b104a5613c7fd32760b384447453fcb1/element/a3135b35-3371-43d7-b812-50447d6aa4de/name HTTP/1.1
User-Agent: selenium/4.1.2 (java windows)
Cache-Control: no-cache
Content-Type: application/json; charset=utf-8
host: localhost:50860
accept: */*

Response DefaultHttpResponse(decodeResult: success, version: HTTP/1.1)
HTTP/1.1 200 OK
Content-Type: application/json; charset=utf-8
cache-control: no-cache
content-length: 18

05:03:52.875 [AsyncHttpClient-1-3] DEBUG org.asynchttpclient.netty.channel.ChannelManager - Adding key: http://localhost:50860 for channel [id: 0xeaeae362, L:/127.0.0.1:64738 - R:localhost/127.0.0.1:50860]
05:03:52.877 [Forwarding getElementDomAttribute on session b104a5613c7fd32760b384447453fcb1 to remote] DEBUG org.asynchttpclient.netty.request.NettyRequestSender - Using pooled Channel '[id: 0xeaeae362, L:/127.0.0.1:64738 - R:localhost/127.0.0.1:50860]' for 'GET' to 'http://localhost:50860/session/b104a5613c7fd32760b384447453fcb1/element/a3135b35-3371-43d7-b812-50447d6aa4de/attribute/multiple'
05:03:52.877 [Forwarding getElementDomAttribute on session b104a5613c7fd32760b384447453fcb1 to remote] DEBUG org.asynchttpclient.netty.request.NettyRequestSender - Using open Channel [id: 0xeaeae362, L:/127.0.0.1:64738 - R:localhost/127.0.0.1:50860] for GET '/session/b104a5613c7fd32760b384447453fcb1/element/a3135b35-3371-43d7-b812-50447d6aa4de/attribute/multiple'
05:03:52.884 [AsyncHttpClient-1-3] DEBUG org.asynchttpclient.netty.handler.HttpHandler - 

Request DefaultFullHttpRequest(decodeResult: success, version: HTTP/1.1, content: EmptyByteBufBE)
GET /session/b104a5613c7fd32760b384447453fcb1/element/a3135b35-3371-43d7-b812-50447d6aa4de/attribute/multiple HTTP/1.1
User-Agent: selenium/4.1.2 (java windows)
Cache-Control: no-cache
Content-Type: application/json; charset=utf-8
host: localhost:50860
accept: */*

Response DefaultHttpResponse(decodeResult: success, version: HTTP/1.1)
HTTP/1.1 200 OK
Content-Type: application/json; charset=utf-8
cache-control: no-cache
content-length: 14

05:03:52.884 [AsyncHttpClient-1-3] DEBUG org.asynchttpclient.netty.channel.ChannelManager - Adding key: http://localhost:50860 for channel [id: 0xeaeae362, L:/127.0.0.1:64738 - R:localhost/127.0.0.1:50860]
05:03:52.886 [Forwarding findChildElements on session b104a5613c7fd32760b384447453fcb1 to remote] DEBUG org.asynchttpclient.netty.request.NettyRequestSender - Using pooled Channel '[id: 0xeaeae362, L:/127.0.0.1:64738 - R:localhost/127.0.0.1:50860]' for 'POST' to 'http://localhost:50860/session/b104a5613c7fd32760b384447453fcb1/element/a3135b35-3371-43d7-b812-50447d6aa4de/elements'
05:03:52.886 [Forwarding findChildElements on session b104a5613c7fd32760b384447453fcb1 to remote] DEBUG org.asynchttpclient.netty.request.NettyRequestSender - Using open Channel [id: 0xeaeae362, L:/127.0.0.1:64738 - R:localhost/127.0.0.1:50860] for POST '/session/b104a5613c7fd32760b384447453fcb1/element/a3135b35-3371-43d7-b812-50447d6aa4de/elements'
05:03:52.909 [AsyncHttpClient-1-3] DEBUG org.asynchttpclient.netty.handler.HttpHandler - 

Request DefaultHttpRequest(decodeResult: success, version: HTTP/1.1)
POST /session/b104a5613c7fd32760b384447453fcb1/element/a3135b35-3371-43d7-b812-50447d6aa4de/elements HTTP/1.1
User-Agent: selenium/4.1.2 (java windows)
Content-Length: 138
Content-Type: application/json; charset=utf-8
host: localhost:50860
accept: */*

Response DefaultHttpResponse(decodeResult: success, version: HTTP/1.1)
HTTP/1.1 200 OK
Content-Type: application/json; charset=utf-8
cache-control: no-cache
content-length: 90

05:03:52.910 [AsyncHttpClient-1-3] DEBUG org.asynchttpclient.netty.channel.ChannelManager - Adding key: http://localhost:50860 for channel [id: 0xeaeae362, L:/127.0.0.1:64738 - R:localhost/127.0.0.1:50860]
05:03:52.911 [Forwarding isElementSelected on session b104a5613c7fd32760b384447453fcb1 to remote] DEBUG org.asynchttpclient.netty.request.NettyRequestSender - Using pooled Channel '[id: 0xeaeae362, L:/127.0.0.1:64738 - R:localhost/127.0.0.1:50860]' for 'GET' to 'http://localhost:50860/session/b104a5613c7fd32760b384447453fcb1/element/cad70559-a110-42ca-939a-e52f40133db4/selected'
05:03:52.911 [Forwarding isElementSelected on session b104a5613c7fd32760b384447453fcb1 to remote] DEBUG org.asynchttpclient.netty.request.NettyRequestSender - Using open Channel [id: 0xeaeae362, L:/127.0.0.1:64738 - R:localhost/127.0.0.1:50860] for GET '/session/b104a5613c7fd32760b384447453fcb1/element/cad70559-a110-42ca-939a-e52f40133db4/selected'
05:03:52.932 [AsyncHttpClient-1-3] DEBUG org.asynchttpclient.netty.handler.HttpHandler - 

Request DefaultFullHttpRequest(decodeResult: success, version: HTTP/1.1, content: EmptyByteBufBE)
GET /session/b104a5613c7fd32760b384447453fcb1/element/cad70559-a110-42ca-939a-e52f40133db4/selected HTTP/1.1
User-Agent: selenium/4.1.2 (java windows)
Cache-Control: no-cache
Content-Type: application/json; charset=utf-8
host: localhost:50860
accept: */*

Response DefaultHttpResponse(decodeResult: success, version: HTTP/1.1)
HTTP/1.1 200 OK
Content-Type: application/json; charset=utf-8
cache-control: no-cache
content-length: 14

05:03:52.933 [AsyncHttpClient-1-3] DEBUG org.asynchttpclient.netty.channel.ChannelManager - Adding key: http://localhost:50860 for channel [id: 0xeaeae362, L:/127.0.0.1:64738 - R:localhost/127.0.0.1:50860]
05:03:52.947 [Forwarding screenshot on session b104a5613c7fd32760b384447453fcb1 to remote] DEBUG org.asynchttpclient.netty.request.NettyRequestSender - Using pooled Channel '[id: 0xeaeae362, L:/127.0.0.1:64738 - R:localhost/127.0.0.1:50860]' for 'GET' to 'http://localhost:50860/session/b104a5613c7fd32760b384447453fcb1/screenshot'
05:03:52.947 [Forwarding screenshot on session b104a5613c7fd32760b384447453fcb1 to remote] DEBUG org.asynchttpclient.netty.request.NettyRequestSender - Using open Channel [id: 0xeaeae362, L:/127.0.0.1:64738 - R:localhost/127.0.0.1:50860] for GET '/session/b104a5613c7fd32760b384447453fcb1/screenshot'
05:03:53.240 [AsyncHttpClient-1-3] DEBUG org.asynchttpclient.netty.handler.HttpHandler - 

Request DefaultFullHttpRequest(decodeResult: success, version: HTTP/1.1, content: EmptyByteBufBE)
GET /session/b104a5613c7fd32760b384447453fcb1/screenshot HTTP/1.1
User-Agent: selenium/4.1.2 (java windows)
Cache-Control: no-cache
Content-Type: application/json; charset=utf-8
host: localhost:50860
accept: */*

Response DefaultHttpResponse(decodeResult: success, version: HTTP/1.1)
HTTP/1.1 200 OK
Content-Type: application/json; charset=utf-8
cache-control: no-cache
content-length: 68000

05:03:53.241 [AsyncHttpClient-1-3] DEBUG org.asynchttpclient.netty.channel.ChannelManager - Adding key: http://localhost:50860 for channel [id: 0xeaeae362, L:/127.0.0.1:64738 - R:localhost/127.0.0.1:50860]
05:03:53.248 [main] DEBUG net.serenitybdd.core.photography.Darkroom - Send negative for processing for target\site\serenity\0b943e493dec0f314f006054e0880e9dbd24bdac59a74475d46a4d7073146a83.png
05:03:53.249 [main] DEBUG net.thucydides.core.steps.StepInterceptor - STEP DONE: NotchooseExistingComplex
  &amp#27;[32mAnd &amp#27;[0m&amp#27;[32madmin not choose complex&amp#27;[0m                                             &amp#27;[90m# starter.stepdefenitions.BuildingSteps.adminNotChooseComplex()&amp#27;[0m
05:03:53.249 [Darkroom Processing Line] DEBUG net.serenitybdd.core.photography.DarkroomProcessingLine - Processing screenshot image in /var/screenshots/screenshot-7849672718690402579
05:03:53.249 [Darkroom Processing Line] DEBUG net.serenitybdd.core.photography.DarkroomProcessingLine - Saving screenshot to target\site\serenity\0b943e493dec0f314f006054e0880e9dbd24bdac59a74475d46a4d7073146a83.png
05:03:53.283 [main] DEBUG net.thucydides.core.steps.StepInterceptor - STARTING STEP: BuildingSteps.adminFillAddressBuilding - fillAddressBuilding
05:03:53.289 [Forwarding findElement on session b104a5613c7fd32760b384447453fcb1 to remote] DEBUG org.asynchttpclient.netty.request.NettyRequestSender - Using pooled Channel '[id: 0xeaeae362, L:/127.0.0.1:64738 - R:localhost/127.0.0.1:50860]' for 'POST' to 'http://localhost:50860/session/b104a5613c7fd32760b384447453fcb1/element'
05:03:53.289 [Forwarding findElement on session b104a5613c7fd32760b384447453fcb1 to remote] DEBUG org.asynchttpclient.netty.request.NettyRequestSender - Using open Channel [id: 0xeaeae362, L:/127.0.0.1:64738 - R:localhost/127.0.0.1:50860] for POST '/session/b104a5613c7fd32760b384447453fcb1/element'
05:03:53.313 [AsyncHttpClient-1-3] DEBUG org.asynchttpclient.netty.handler.HttpHandler - 

Request DefaultHttpRequest(decodeResult: success, version: HTTP/1.1)
POST /session/b104a5613c7fd32760b384447453fcb1/element HTTP/1.1
User-Agent: selenium/4.1.2 (java windows)
Content-Length: 115
Content-Type: application/json; charset=utf-8
host: localhost:50860
accept: */*

Response DefaultHttpResponse(decodeResult: success, version: HTTP/1.1)
HTTP/1.1 200 OK
Content-Type: application/json; charset=utf-8
cache-control: no-cache
content-length: 88

05:03:53.314 [AsyncHttpClient-1-3] DEBUG org.asynchttpclient.netty.channel.ChannelManager - Adding key: http://localhost:50860 for channel [id: 0xeaeae362, L:/127.0.0.1:64738 - R:localhost/127.0.0.1:50860]
05:03:53.316 [Forwarding clearElement on session b104a5613c7fd32760b384447453fcb1 to remote] DEBUG org.asynchttpclient.netty.request.NettyRequestSender - Using pooled Channel '[id: 0xeaeae362, L:/127.0.0.1:64738 - R:localhost/127.0.0.1:50860]' for 'POST' to 'http://localhost:50860/session/b104a5613c7fd32760b384447453fcb1/element/95b9ca2b-5feb-4348-aaf7-919df79f8248/clear'
05:03:53.316 [Forwarding clearElement on session b104a5613c7fd32760b384447453fcb1 to remote] DEBUG org.asynchttpclient.netty.request.NettyRequestSender - Using open Channel [id: 0xeaeae362, L:/127.0.0.1:64738 - R:localhost/127.0.0.1:50860] for POST '/session/b104a5613c7fd32760b384447453fcb1/element/95b9ca2b-5feb-4348-aaf7-919df79f8248/clear'
05:03:53.390 [AsyncHttpClient-1-3] DEBUG org.asynchttpclient.netty.handler.HttpHandler - 

Request DefaultHttpRequest(decodeResult: success, version: HTTP/1.1)
POST /session/b104a5613c7fd32760b384447453fcb1/element/95b9ca2b-5feb-4348-aaf7-919df79f8248/clear HTTP/1.1
User-Agent: selenium/4.1.2 (java windows)
Content-Length: 50
Content-Type: application/json; charset=utf-8
host: localhost:50860
accept: */*

Response DefaultHttpResponse(decodeResult: success, version: HTTP/1.1)
HTTP/1.1 200 OK
Content-Type: application/json; charset=utf-8
cache-control: no-cache
content-length: 14

05:03:53.390 [AsyncHttpClient-1-3] DEBUG org.asynchttpclient.netty.channel.ChannelManager - Adding key: http://localhost:50860 for channel [id: 0xeaeae362, L:/127.0.0.1:64738 - R:localhost/127.0.0.1:50860]
05:03:53.394 [Forwarding sendKeysToElement on session b104a5613c7fd32760b384447453fcb1 to remote] DEBUG org.asynchttpclient.netty.request.NettyRequestSender - Using pooled Channel '[id: 0xeaeae362, L:/127.0.0.1:64738 - R:localhost/127.0.0.1:50860]' for 'POST' to 'http://localhost:50860/session/b104a5613c7fd32760b384447453fcb1/element/95b9ca2b-5feb-4348-aaf7-919df79f8248/value'
05:03:53.394 [Forwarding sendKeysToElement on session b104a5613c7fd32760b384447453fcb1 to remote] DEBUG org.asynchttpclient.netty.request.NettyRequestSender - Using open Channel [id: 0xeaeae362, L:/127.0.0.1:64738 - R:localhost/127.0.0.1:50860] for POST '/session/b104a5613c7fd32760b384447453fcb1/element/95b9ca2b-5feb-4348-aaf7-919df79f8248/value'
05:03:53.632 [AsyncHttpClient-1-1] DEBUG org.asynchttpclient.netty.channel.DefaultChannelPool - Entry count for : http://localhost:64739 : 1
05:03:53.635 [AsyncHttpClient-1-3] DEBUG org.asynchttpclient.netty.handler.HttpHandler - 

Request DefaultHttpRequest(decodeResult: success, version: HTTP/1.1)
POST /session/b104a5613c7fd32760b384447453fcb1/element/95b9ca2b-5feb-4348-aaf7-919df79f8248/value HTTP/1.1
User-Agent: selenium/4.1.2 (java windows)
Content-Length: 211
Content-Type: application/json; charset=utf-8
host: localhost:50860
accept: */*

Response DefaultHttpResponse(decodeResult: success, version: HTTP/1.1)
HTTP/1.1 200 OK
Content-Type: application/json; charset=utf-8
cache-control: no-cache
content-length: 14

05:03:53.635 [AsyncHttpClient-1-3] DEBUG org.asynchttpclient.netty.channel.ChannelManager - Adding key: http://localhost:50860 for channel [id: 0xeaeae362, L:/127.0.0.1:64738 - R:localhost/127.0.0.1:50860]
05:03:53.651 [Forwarding screenshot on session b104a5613c7fd32760b384447453fcb1 to remote] DEBUG org.asynchttpclient.netty.request.NettyRequestSender - Using pooled Channel '[id: 0xeaeae362, L:/127.0.0.1:64738 - R:localhost/127.0.0.1:50860]' for 'GET' to 'http://localhost:50860/session/b104a5613c7fd32760b384447453fcb1/screenshot'
05:03:53.651 [Forwarding screenshot on session b104a5613c7fd32760b384447453fcb1 to remote] DEBUG org.asynchttpclient.netty.request.NettyRequestSender - Using open Channel [id: 0xeaeae362, L:/127.0.0.1:64738 - R:localhost/127.0.0.1:50860] for GET '/session/b104a5613c7fd32760b384447453fcb1/screenshot'
05:03:53.917 [AsyncHttpClient-1-3] DEBUG org.asynchttpclient.netty.handler.HttpHandler - 

Request DefaultFullHttpRequest(decodeResult: success, version: HTTP/1.1, content: EmptyByteBufBE)
GET /session/b104a5613c7fd32760b384447453fcb1/screenshot HTTP/1.1
User-Agent: selenium/4.1.2 (java windows)
Cache-Control: no-cache
Content-Type: application/json; charset=utf-8
host: localhost:50860
accept: */*

Response DefaultHttpResponse(decodeResult: success, version: HTTP/1.1)
HTTP/1.1 200 OK
Content-Type: application/json; charset=utf-8
cache-control: no-cache
content-length: 69036

05:03:53.918 [AsyncHttpClient-1-3] DEBUG org.asynchttpclient.netty.channel.ChannelManager - Adding key: http://localhost:50860 for channel [id: 0xeaeae362, L:/127.0.0.1:64738 - R:localhost/127.0.0.1:50860]
05:03:53.926 [main] DEBUG net.serenitybdd.core.photography.Darkroom - Send negative for processing for target\site\serenity\01f17fb9bd67985ac87d99d7c4485bf1372baba74b45c2de034c418b1e81589d.png
05:03:53.926 [main] DEBUG net.thucydides.core.steps.StepInterceptor - STEP DONE: fillAddressBuilding
  &amp#27;[32mAnd &amp#27;[0m&amp#27;[32madmin fill address building&amp#27;[0m                                          &amp#27;[90m# starter.stepdefenitions.BuildingSteps.adminFillAddressBuilding()&amp#27;[0m
05:03:53.927 [Darkroom Processing Line] DEBUG net.serenitybdd.core.photography.DarkroomProcessingLine - Processing screenshot image in /var/screenshots/screenshot-1029151266576811244
05:03:53.927 [Darkroom Processing Line] DEBUG net.serenitybdd.core.photography.DarkroomProcessingLine - Saving screenshot to target\site\serenity\01f17fb9bd67985ac87d99d7c4485bf1372baba74b45c2de034c418b1e81589d.png
05:03:53.962 [main] DEBUG net.thucydides.core.steps.StepInterceptor - STARTING STEP: BuildingSteps.adminFillDescription - fillDescriptionBuilding
05:03:53.969 [Forwarding findElement on session b104a5613c7fd32760b384447453fcb1 to remote] DEBUG org.asynchttpclient.netty.request.NettyRequestSender - Using pooled Channel '[id: 0xeaeae362, L:/127.0.0.1:64738 - R:localhost/127.0.0.1:50860]' for 'POST' to 'http://localhost:50860/session/b104a5613c7fd32760b384447453fcb1/element'
05:03:53.969 [Forwarding findElement on session b104a5613c7fd32760b384447453fcb1 to remote] DEBUG org.asynchttpclient.netty.request.NettyRequestSender - Using open Channel [id: 0xeaeae362, L:/127.0.0.1:64738 - R:localhost/127.0.0.1:50860] for POST '/session/b104a5613c7fd32760b384447453fcb1/element'
05:03:53.995 [AsyncHttpClient-1-3] DEBUG org.asynchttpclient.netty.handler.HttpHandler - 

Request DefaultHttpRequest(decodeResult: success, version: HTTP/1.1)
POST /session/b104a5613c7fd32760b384447453fcb1/element HTTP/1.1
User-Agent: selenium/4.1.2 (java windows)
Content-Length: 66
Content-Type: application/json; charset=utf-8
host: localhost:50860
accept: */*

Response DefaultHttpResponse(decodeResult: success, version: HTTP/1.1)
HTTP/1.1 200 OK
Content-Type: application/json; charset=utf-8
cache-control: no-cache
content-length: 88

05:03:53.995 [AsyncHttpClient-1-3] DEBUG org.asynchttpclient.netty.channel.ChannelManager - Adding key: http://localhost:50860 for channel [id: 0xeaeae362, L:/127.0.0.1:64738 - R:localhost/127.0.0.1:50860]
05:03:53.997 [Forwarding clearElement on session b104a5613c7fd32760b384447453fcb1 to remote] DEBUG org.asynchttpclient.netty.request.NettyRequestSender - Using pooled Channel '[id: 0xeaeae362, L:/127.0.0.1:64738 - R:localhost/127.0.0.1:50860]' for 'POST' to 'http://localhost:50860/session/b104a5613c7fd32760b384447453fcb1/element/55159cb5-88eb-42fe-b319-d0b46fe1fa7c/clear'
05:03:53.997 [Forwarding clearElement on session b104a5613c7fd32760b384447453fcb1 to remote] DEBUG org.asynchttpclient.netty.request.NettyRequestSender - Using open Channel [id: 0xeaeae362, L:/127.0.0.1:64738 - R:localhost/127.0.0.1:50860] for POST '/session/b104a5613c7fd32760b384447453fcb1/element/55159cb5-88eb-42fe-b319-d0b46fe1fa7c/clear'
05:03:54.055 [AsyncHttpClient-1-3] DEBUG org.asynchttpclient.netty.handler.HttpHandler - 

Request DefaultHttpRequest(decodeResult: success, version: HTTP/1.1)
POST /session/b104a5613c7fd32760b384447453fcb1/element/55159cb5-88eb-42fe-b319-d0b46fe1fa7c/clear HTTP/1.1
User-Agent: selenium/4.1.2 (java windows)
Content-Length: 50
Content-Type: application/json; charset=utf-8
host: localhost:50860
accept: */*

Response DefaultHttpResponse(decodeResult: success, version: HTTP/1.1)
HTTP/1.1 200 OK
Content-Type: application/json; charset=utf-8
cache-control: no-cache
content-length: 14

05:03:54.056 [AsyncHttpClient-1-3] DEBUG org.asynchttpclient.netty.channel.ChannelManager - Adding key: http://localhost:50860 for channel [id: 0xeaeae362, L:/127.0.0.1:64738 - R:localhost/127.0.0.1:50860]
05:03:54.059 [Forwarding sendKeysToElement on session b104a5613c7fd32760b384447453fcb1 to remote] DEBUG org.asynchttpclient.netty.request.NettyRequestSender - Using pooled Channel '[id: 0xeaeae362, L:/127.0.0.1:64738 - R:localhost/127.0.0.1:50860]' for 'POST' to 'http://localhost:50860/session/b104a5613c7fd32760b384447453fcb1/element/55159cb5-88eb-42fe-b319-d0b46fe1fa7c/value'
05:03:54.059 [Forwarding sendKeysToElement on session b104a5613c7fd32760b384447453fcb1 to remote] DEBUG org.asynchttpclient.netty.request.NettyRequestSender - Using open Channel [id: 0xeaeae362, L:/127.0.0.1:64738 - R:localhost/127.0.0.1:50860] for POST '/session/b104a5613c7fd32760b384447453fcb1/element/55159cb5-88eb-42fe-b319-d0b46fe1fa7c/value'
05:03:54.544 [AsyncHttpClient-1-3] DEBUG org.asynchttpclient.netty.handler.HttpHandler - 

Request DefaultHttpRequest(decodeResult: success, version: HTTP/1.1)
POST /session/b104a5613c7fd32760b384447453fcb1/element/55159cb5-88eb-42fe-b319-d0b46fe1fa7c/value HTTP/1.1
User-Agent: selenium/4.1.2 (java windows)
Content-Length: 441
Content-Type: application/json; charset=utf-8
host: localhost:50860
accept: */*

Response DefaultHttpResponse(decodeResult: success, version: HTTP/1.1)
HTTP/1.1 200 OK
Content-Type: application/json; charset=utf-8
cache-control: no-cache
content-length: 14

05:03:54.545 [AsyncHttpClient-1-3] DEBUG org.asynchttpclient.netty.channel.ChannelManager - Adding key: http://localhost:50860 for channel [id: 0xeaeae362, L:/127.0.0.1:64738 - R:localhost/127.0.0.1:50860]
05:03:54.558 [Forwarding screenshot on session b104a5613c7fd32760b384447453fcb1 to remote] DEBUG org.asynchttpclient.netty.request.NettyRequestSender - Using pooled Channel '[id: 0xeaeae362, L:/127.0.0.1:64738 - R:localhost/127.0.0.1:50860]' for 'GET' to 'http://localhost:50860/session/b104a5613c7fd32760b384447453fcb1/screenshot'
05:03:54.558 [Forwarding screenshot on session b104a5613c7fd32760b384447453fcb1 to remote] DEBUG org.asynchttpclient.netty.request.NettyRequestSender - Using open Channel [id: 0xeaeae362, L:/127.0.0.1:64738 - R:localhost/127.0.0.1:50860] for GET '/session/b104a5613c7fd32760b384447453fcb1/screenshot'
05:03:54.734 [AsyncHttpClient-1-1] DEBUG org.asynchttpclient.netty.channel.DefaultChannelPool - Entry count for : http://localhost:64739 : 1
05:03:54.825 [AsyncHttpClient-1-3] DEBUG org.asynchttpclient.netty.handler.HttpHandler - 

Request DefaultFullHttpRequest(decodeResult: success, version: HTTP/1.1, content: EmptyByteBufBE)
GET /session/b104a5613c7fd32760b384447453fcb1/screenshot HTTP/1.1
User-Agent: selenium/4.1.2 (java windows)
Cache-Control: no-cache
Content-Type: application/json; charset=utf-8
host: localhost:50860
accept: */*

Response DefaultHttpResponse(decodeResult: success, version: HTTP/1.1)
HTTP/1.1 200 OK
Content-Type: application/json; charset=utf-8
cache-control: no-cache
content-length: 70660

05:03:54.826 [AsyncHttpClient-1-3] DEBUG org.asynchttpclient.netty.channel.ChannelManager - Adding key: http://localhost:50860 for channel [id: 0xeaeae362, L:/127.0.0.1:64738 - R:localhost/127.0.0.1:50860]
05:03:54.835 [main] DEBUG net.serenitybdd.core.photography.Darkroom - Send negative for processing for target\site\serenity\10c0eb1b096b8b775e55f6d5ef0379264e1fe754b494e2f08d9e228bb65100fd.png
05:03:54.835 [main] DEBUG net.thucydides.core.steps.StepInterceptor - STEP DONE: fillDescriptionBuilding
  &amp#27;[32mAnd &amp#27;[0m&amp#27;[32madmin fill description&amp#27;[0m                                               &amp#27;[90m# starter.stepdefenitions.BuildingSteps.adminFillDescription()&amp#27;[0m
05:03:54.835 [Darkroom Processing Line] DEBUG net.serenitybdd.core.photography.DarkroomProcessingLine - Processing screenshot image in /var/screenshots/screenshot-9036983912784737817
05:03:54.835 [Darkroom Processing Line] DEBUG net.serenitybdd.core.photography.DarkroomProcessingLine - Saving screenshot to target\site\serenity\10c0eb1b096b8b775e55f6d5ef0379264e1fe754b494e2f08d9e228bb65100fd.png
05:03:54.869 [main] DEBUG net.thucydides.core.steps.StepInterceptor - STARTING STEP: BuildingSteps.adminClickCreate - clickAddBuilding
05:03:54.876 [Forwarding findElement on session b104a5613c7fd32760b384447453fcb1 to remote] DEBUG org.asynchttpclient.netty.request.NettyRequestSender - Using pooled Channel '[id: 0xeaeae362, L:/127.0.0.1:64738 - R:localhost/127.0.0.1:50860]' for 'POST' to 'http://localhost:50860/session/b104a5613c7fd32760b384447453fcb1/element'
05:03:54.877 [Forwarding findElement on session b104a5613c7fd32760b384447453fcb1 to remote] DEBUG org.asynchttpclient.netty.request.NettyRequestSender - Using open Channel [id: 0xeaeae362, L:/127.0.0.1:64738 - R:localhost/127.0.0.1:50860] for POST '/session/b104a5613c7fd32760b384447453fcb1/element'
05:03:54.891 [AsyncHttpClient-1-3] DEBUG org.asynchttpclient.netty.handler.HttpHandler - 

Request DefaultHttpRequest(decodeResult: success, version: HTTP/1.1)
POST /session/b104a5613c7fd32760b384447453fcb1/element HTTP/1.1
User-Agent: selenium/4.1.2 (java windows)
Content-Length: 92
Content-Type: application/json; charset=utf-8
host: localhost:50860
accept: */*

Response DefaultHttpResponse(decodeResult: success, version: HTTP/1.1)
HTTP/1.1 200 OK
Content-Type: application/json; charset=utf-8
cache-control: no-cache
content-length: 88

05:03:54.891 [AsyncHttpClient-1-3] DEBUG org.asynchttpclient.netty.channel.ChannelManager - Adding key: http://localhost:50860 for channel [id: 0xeaeae362, L:/127.0.0.1:64738 - R:localhost/127.0.0.1:50860]
05:03:54.893 [Forwarding getElementTagName on session b104a5613c7fd32760b384447453fcb1 to remote] DEBUG org.asynchttpclient.netty.request.NettyRequestSender - Using pooled Channel '[id: 0xeaeae362, L:/127.0.0.1:64738 - R:localhost/127.0.0.1:50860]' for 'GET' to 'http://localhost:50860/session/b104a5613c7fd32760b384447453fcb1/element/c22ca0c0-adbb-4bdd-b2ae-0538f66fc623/name'
05:03:54.893 [Forwarding getElementTagName on session b104a5613c7fd32760b384447453fcb1 to remote] DEBUG org.asynchttpclient.netty.request.NettyRequestSender - Using open Channel [id: 0xeaeae362, L:/127.0.0.1:64738 - R:localhost/127.0.0.1:50860] for GET '/session/b104a5613c7fd32760b384447453fcb1/element/c22ca0c0-adbb-4bdd-b2ae-0538f66fc623/name'
05:03:54.901 [AsyncHttpClient-1-3] DEBUG org.asynchttpclient.netty.handler.HttpHandler - 

Request DefaultFullHttpRequest(decodeResult: success, version: HTTP/1.1, content: EmptyByteBufBE)
GET /session/b104a5613c7fd32760b384447453fcb1/element/c22ca0c0-adbb-4bdd-b2ae-0538f66fc623/name HTTP/1.1
User-Agent: selenium/4.1.2 (java windows)
Cache-Control: no-cache
Content-Type: application/json; charset=utf-8
host: localhost:50860
accept: */*

Response DefaultHttpResponse(decodeResult: success, version: HTTP/1.1)
HTTP/1.1 200 OK
Content-Type: application/json; charset=utf-8
cache-control: no-cache
content-length: 18

05:03:54.902 [AsyncHttpClient-1-3] DEBUG org.asynchttpclient.netty.channel.ChannelManager - Adding key: http://localhost:50860 for channel [id: 0xeaeae362, L:/127.0.0.1:64738 - R:localhost/127.0.0.1:50860]
05:03:54.904 [Forwarding getElementTagName on session b104a5613c7fd32760b384447453fcb1 to remote] DEBUG org.asynchttpclient.netty.request.NettyRequestSender - Using pooled Channel '[id: 0xeaeae362, L:/127.0.0.1:64738 - R:localhost/127.0.0.1:50860]' for 'GET' to 'http://localhost:50860/session/b104a5613c7fd32760b384447453fcb1/element/c22ca0c0-adbb-4bdd-b2ae-0538f66fc623/name'
05:03:54.905 [Forwarding getElementTagName on session b104a5613c7fd32760b384447453fcb1 to remote] DEBUG org.asynchttpclient.netty.request.NettyRequestSender - Using open Channel [id: 0xeaeae362, L:/127.0.0.1:64738 - R:localhost/127.0.0.1:50860] for GET '/session/b104a5613c7fd32760b384447453fcb1/element/c22ca0c0-adbb-4bdd-b2ae-0538f66fc623/name'
05:03:54.911 [AsyncHttpClient-1-3] DEBUG org.asynchttpclient.netty.handler.HttpHandler - 

Request DefaultFullHttpRequest(decodeResult: success, version: HTTP/1.1, content: EmptyByteBufBE)
GET /session/b104a5613c7fd32760b384447453fcb1/element/c22ca0c0-adbb-4bdd-b2ae-0538f66fc623/name HTTP/1.1
User-Agent: selenium/4.1.2 (java windows)
Cache-Control: no-cache
Content-Type: application/json; charset=utf-8
host: localhost:50860
accept: */*

Response DefaultHttpResponse(decodeResult: success, version: HTTP/1.1)
HTTP/1.1 200 OK
Content-Type: application/json; charset=utf-8
cache-control: no-cache
content-length: 18

05:03:54.911 [AsyncHttpClient-1-3] DEBUG org.asynchttpclient.netty.channel.ChannelManager - Adding key: http://localhost:50860 for channel [id: 0xeaeae362, L:/127.0.0.1:64738 - R:localhost/127.0.0.1:50860]
05:03:54.916 [Forwarding isElementEnabled on session b104a5613c7fd32760b384447453fcb1 to remote] DEBUG org.asynchttpclient.netty.request.NettyRequestSender - Using pooled Channel '[id: 0xeaeae362, L:/127.0.0.1:64738 - R:localhost/127.0.0.1:50860]' for 'GET' to 'http://localhost:50860/session/b104a5613c7fd32760b384447453fcb1/element/c22ca0c0-adbb-4bdd-b2ae-0538f66fc623/enabled'
05:03:54.916 [Forwarding isElementEnabled on session b104a5613c7fd32760b384447453fcb1 to remote] DEBUG org.asynchttpclient.netty.request.NettyRequestSender - Using open Channel [id: 0xeaeae362, L:/127.0.0.1:64738 - R:localhost/127.0.0.1:50860] for GET '/session/b104a5613c7fd32760b384447453fcb1/element/c22ca0c0-adbb-4bdd-b2ae-0538f66fc623/enabled'
05:03:54.933 [AsyncHttpClient-1-3] DEBUG org.asynchttpclient.netty.handler.HttpHandler - 

Request DefaultFullHttpRequest(decodeResult: success, version: HTTP/1.1, content: EmptyByteBufBE)
GET /session/b104a5613c7fd32760b384447453fcb1/element/c22ca0c0-adbb-4bdd-b2ae-0538f66fc623/enabled HTTP/1.1
User-Agent: selenium/4.1.2 (java windows)
Cache-Control: no-cache
Content-Type: application/json; charset=utf-8
host: localhost:50860
accept: */*

Response DefaultHttpResponse(decodeResult: success, version: HTTP/1.1)
HTTP/1.1 200 OK
Content-Type: application/json; charset=utf-8
cache-control: no-cache
content-length: 14

05:03:54.934 [AsyncHttpClient-1-3] DEBUG org.asynchttpclient.netty.channel.ChannelManager - Adding key: http://localhost:50860 for channel [id: 0xeaeae362, L:/127.0.0.1:64738 - R:localhost/127.0.0.1:50860]
05:03:54.936 [Forwarding isElementEnabled on session b104a5613c7fd32760b384447453fcb1 to remote] DEBUG org.asynchttpclient.netty.request.NettyRequestSender - Using pooled Channel '[id: 0xeaeae362, L:/127.0.0.1:64738 - R:localhost/127.0.0.1:50860]' for 'GET' to 'http://localhost:50860/session/b104a5613c7fd32760b384447453fcb1/element/c22ca0c0-adbb-4bdd-b2ae-0538f66fc623/enabled'
05:03:54.936 [Forwarding isElementEnabled on session b104a5613c7fd32760b384447453fcb1 to remote] DEBUG org.asynchttpclient.netty.request.NettyRequestSender - Using open Channel [id: 0xeaeae362, L:/127.0.0.1:64738 - R:localhost/127.0.0.1:50860] for GET '/session/b104a5613c7fd32760b384447453fcb1/element/c22ca0c0-adbb-4bdd-b2ae-0538f66fc623/enabled'
05:03:54.948 [AsyncHttpClient-1-3] DEBUG org.asynchttpclient.netty.handler.HttpHandler - 

Request DefaultFullHttpRequest(decodeResult: success, version: HTTP/1.1, content: EmptyByteBufBE)
GET /session/b104a5613c7fd32760b384447453fcb1/element/c22ca0c0-adbb-4bdd-b2ae-0538f66fc623/enabled HTTP/1.1
User-Agent: selenium/4.1.2 (java windows)
Cache-Control: no-cache
Content-Type: application/json; charset=utf-8
host: localhost:50860
accept: */*

Response DefaultHttpResponse(decodeResult: success, version: HTTP/1.1)
HTTP/1.1 200 OK
Content-Type: application/json; charset=utf-8
cache-control: no-cache
content-length: 14

05:03:54.948 [AsyncHttpClient-1-3] DEBUG org.asynchttpclient.netty.channel.ChannelManager - Adding key: http://localhost:50860 for channel [id: 0xeaeae362, L:/127.0.0.1:64738 - R:localhost/127.0.0.1:50860]
05:03:54.952 [Forwarding findElement on session b104a5613c7fd32760b384447453fcb1 to remote] DEBUG org.asynchttpclient.netty.request.NettyRequestSender - Using pooled Channel '[id: 0xeaeae362, L:/127.0.0.1:64738 - R:localhost/127.0.0.1:50860]' for 'POST' to 'http://localhost:50860/session/b104a5613c7fd32760b384447453fcb1/element'
05:03:54.952 [Forwarding findElement on session b104a5613c7fd32760b384447453fcb1 to remote] DEBUG org.asynchttpclient.netty.request.NettyRequestSender - Using open Channel [id: 0xeaeae362, L:/127.0.0.1:64738 - R:localhost/127.0.0.1:50860] for POST '/session/b104a5613c7fd32760b384447453fcb1/element'
05:03:54.966 [AsyncHttpClient-1-3] DEBUG org.asynchttpclient.netty.handler.HttpHandler - 

Request DefaultHttpRequest(decodeResult: success, version: HTTP/1.1)
POST /session/b104a5613c7fd32760b384447453fcb1/element HTTP/1.1
User-Agent: selenium/4.1.2 (java windows)
Content-Length: 92
Content-Type: application/json; charset=utf-8
host: localhost:50860
accept: */*

Response DefaultHttpResponse(decodeResult: success, version: HTTP/1.1)
HTTP/1.1 200 OK
Content-Type: application/json; charset=utf-8
cache-control: no-cache
content-length: 88

05:03:54.967 [AsyncHttpClient-1-3] DEBUG org.asynchttpclient.netty.channel.ChannelManager - Adding key: http://localhost:50860 for channel [id: 0xeaeae362, L:/127.0.0.1:64738 - R:localhost/127.0.0.1:50860]
05:03:54.969 [Forwarding clickElement on session b104a5613c7fd32760b384447453fcb1 to remote] DEBUG org.asynchttpclient.netty.request.NettyRequestSender - Using pooled Channel '[id: 0xeaeae362, L:/127.0.0.1:64738 - R:localhost/127.0.0.1:50860]' for 'POST' to 'http://localhost:50860/session/b104a5613c7fd32760b384447453fcb1/element/c22ca0c0-adbb-4bdd-b2ae-0538f66fc623/click'
05:03:54.969 [Forwarding clickElement on session b104a5613c7fd32760b384447453fcb1 to remote] DEBUG org.asynchttpclient.netty.request.NettyRequestSender - Using open Channel [id: 0xeaeae362, L:/127.0.0.1:64738 - R:localhost/127.0.0.1:50860] for POST '/session/b104a5613c7fd32760b384447453fcb1/element/c22ca0c0-adbb-4bdd-b2ae-0538f66fc623/click'
05:03:55.067 [AsyncHttpClient-1-3] DEBUG org.asynchttpclient.netty.handler.HttpHandler - 

Request DefaultHttpRequest(decodeResult: success, version: HTTP/1.1)
POST /session/b104a5613c7fd32760b384447453fcb1/element/c22ca0c0-adbb-4bdd-b2ae-0538f66fc623/click HTTP/1.1
User-Agent: selenium/4.1.2 (java windows)
Content-Length: 50
Content-Type: application/json; charset=utf-8
host: localhost:50860
accept: */*

Response DefaultHttpResponse(decodeResult: success, version: HTTP/1.1)
HTTP/1.1 200 OK
Content-Type: application/json; charset=utf-8
cache-control: no-cache
content-length: 14

05:03:55.067 [AsyncHttpClient-1-3] DEBUG org.asynchttpclient.netty.channel.ChannelManager - Adding key: http://localhost:50860 for channel [id: 0xeaeae362, L:/127.0.0.1:64738 - R:localhost/127.0.0.1:50860]
05:03:55.081 [Forwarding screenshot on session b104a5613c7fd32760b384447453fcb1 to remote] DEBUG org.asynchttpclient.netty.request.NettyRequestSender - Using pooled Channel '[id: 0xeaeae362, L:/127.0.0.1:64738 - R:localhost/127.0.0.1:50860]' for 'GET' to 'http://localhost:50860/session/b104a5613c7fd32760b384447453fcb1/screenshot'
05:03:55.082 [Forwarding screenshot on session b104a5613c7fd32760b384447453fcb1 to remote] DEBUG org.asynchttpclient.netty.request.NettyRequestSender - Using open Channel [id: 0xeaeae362, L:/127.0.0.1:64738 - R:localhost/127.0.0.1:50860] for GET '/session/b104a5613c7fd32760b384447453fcb1/screenshot'
05:03:55.374 [AsyncHttpClient-1-3] DEBUG org.asynchttpclient.netty.handler.HttpHandler - 

Request DefaultFullHttpRequest(decodeResult: success, version: HTTP/1.1, content: EmptyByteBufBE)
GET /session/b104a5613c7fd32760b384447453fcb1/screenshot HTTP/1.1
User-Agent: selenium/4.1.2 (java windows)
Cache-Control: no-cache
Content-Type: application/json; charset=utf-8
host: localhost:50860
accept: */*

Response DefaultHttpResponse(decodeResult: success, version: HTTP/1.1)
HTTP/1.1 200 OK
Content-Type: application/json; charset=utf-8
cache-control: no-cache
content-length: 68224

05:03:55.375 [AsyncHttpClient-1-3] DEBUG org.asynchttpclient.netty.channel.ChannelManager - Adding key: http://localhost:50860 for channel [id: 0xeaeae362, L:/127.0.0.1:64738 - R:localhost/127.0.0.1:50860]
05:03:55.382 [main] DEBUG net.serenitybdd.core.photography.Darkroom - Send negative for processing for target\site\serenity\17cd6751459651e04486582dfdb295642a1e38dd0e0f5419d9dd6a835603f43f.png
05:03:55.383 [Darkroom Processing Line] DEBUG net.serenitybdd.core.photography.DarkroomProcessingLine - Processing screenshot image in /var/screenshots/screenshot-1035975629793200839
05:03:55.383 [Darkroom Processing Line] DEBUG net.serenitybdd.core.photography.DarkroomProcessingLine - Saving screenshot to target\site\serenity\17cd6751459651e04486582dfdb295642a1e38dd0e0f5419d9dd6a835603f43f.png
05:03:55.385 [main] DEBUG net.thucydides.core.steps.StepInterceptor - STEP DONE: clickAddBuilding
  &amp#27;[32mAnd &amp#27;[0m&amp#27;[32madmin click create&amp#27;[0m                                                   &amp#27;[90m# starter.stepdefenitions.BuildingSteps.adminClickCreate()&amp#27;[0m
05:03:55.420 [main] DEBUG net.thucydides.core.steps.StepInterceptor - STARTING STEP: BuildingSteps.adminFailToCreteBuildingAndGetMessage - getErrorEmpty
05:03:55.425 [Forwarding findElement on session b104a5613c7fd32760b384447453fcb1 to remote] DEBUG org.asynchttpclient.netty.request.NettyRequestSender - Using pooled Channel '[id: 0xeaeae362, L:/127.0.0.1:64738 - R:localhost/127.0.0.1:50860]' for 'POST' to 'http://localhost:50860/session/b104a5613c7fd32760b384447453fcb1/element'
05:03:55.425 [Forwarding findElement on session b104a5613c7fd32760b384447453fcb1 to remote] DEBUG org.asynchttpclient.netty.request.NettyRequestSender - Using open Channel [id: 0xeaeae362, L:/127.0.0.1:64738 - R:localhost/127.0.0.1:50860] for POST '/session/b104a5613c7fd32760b384447453fcb1/element'
05:03:55.449 [AsyncHttpClient-1-3] DEBUG org.asynchttpclient.netty.handler.HttpHandler - 

Request DefaultHttpRequest(decodeResult: success, version: HTTP/1.1)
POST /session/b104a5613c7fd32760b384447453fcb1/element HTTP/1.1
User-Agent: selenium/4.1.2 (java windows)
Content-Length: 93
Content-Type: application/json; charset=utf-8
host: localhost:50860
accept: */*

Response DefaultHttpResponse(decodeResult: success, version: HTTP/1.1)
HTTP/1.1 200 OK
Content-Type: application/json; charset=utf-8
cache-control: no-cache
content-length: 88

05:03:55.449 [AsyncHttpClient-1-3] DEBUG org.asynchttpclient.netty.channel.ChannelManager - Adding key: http://localhost:50860 for channel [id: 0xeaeae362, L:/127.0.0.1:64738 - R:localhost/127.0.0.1:50860]
05:03:55.456 [Forwarding isElementDisplayed on session b104a5613c7fd32760b384447453fcb1 to remote] DEBUG org.asynchttpclient.netty.request.NettyRequestSender - Using pooled Channel '[id: 0xeaeae362, L:/127.0.0.1:64738 - R:localhost/127.0.0.1:50860]' for 'POST' to 'http://localhost:50860/session/b104a5613c7fd32760b384447453fcb1/execute/sync'
05:03:55.456 [Forwarding isElementDisplayed on session b104a5613c7fd32760b384447453fcb1 to remote] DEBUG org.asynchttpclient.netty.request.NettyRequestSender - Using open Channel [id: 0xeaeae362, L:/127.0.0.1:64738 - R:localhost/127.0.0.1:50860] for POST '/session/b104a5613c7fd32760b384447453fcb1/execute/sync'
05:03:55.480 [AsyncHttpClient-1-3] DEBUG org.asynchttpclient.netty.handler.HttpHandler - 

Request DefaultHttpRequest(decodeResult: success, version: HTTP/1.1)
POST /session/b104a5613c7fd32760b384447453fcb1/execute/sync HTTP/1.1
User-Agent: selenium/4.1.2 (java windows)
Content-Length: 48780
Content-Type: application/json; charset=utf-8
host: localhost:50860
accept: */*

Response DefaultHttpResponse(decodeResult: success, version: HTTP/1.1)
HTTP/1.1 200 OK
Content-Type: application/json; charset=utf-8
cache-control: no-cache
content-length: 14

05:03:55.481 [AsyncHttpClient-1-3] DEBUG org.asynchttpclient.netty.channel.ChannelManager - Adding key: http://localhost:50860 for channel [id: 0xeaeae362, L:/127.0.0.1:64738 - R:localhost/127.0.0.1:50860]
05:03:55.493 [Forwarding screenshot on session b104a5613c7fd32760b384447453fcb1 to remote] DEBUG org.asynchttpclient.netty.request.NettyRequestSender - Using pooled Channel '[id: 0xeaeae362, L:/127.0.0.1:64738 - R:localhost/127.0.0.1:50860]' for 'GET' to 'http://localhost:50860/session/b104a5613c7fd32760b384447453fcb1/screenshot'
05:03:55.493 [Forwarding screenshot on session b104a5613c7fd32760b384447453fcb1 to remote] DEBUG org.asynchttpclient.netty.request.NettyRequestSender - Using open Channel [id: 0xeaeae362, L:/127.0.0.1:64738 - R:localhost/127.0.0.1:50860] for GET '/session/b104a5613c7fd32760b384447453fcb1/screenshot'
05:03:55.757 [AsyncHttpClient-1-3] DEBUG org.asynchttpclient.netty.handler.HttpHandler - 

Request DefaultFullHttpRequest(decodeResult: success, version: HTTP/1.1, content: EmptyByteBufBE)
GET /session/b104a5613c7fd32760b384447453fcb1/screenshot HTTP/1.1
User-Agent: selenium/4.1.2 (java windows)
Cache-Control: no-cache
Content-Type: application/json; charset=utf-8
host: localhost:50860
accept: */*

Response DefaultHttpResponse(decodeResult: success, version: HTTP/1.1)
HTTP/1.1 200 OK
Content-Type: application/json; charset=utf-8
cache-control: no-cache
content-length: 68224

05:03:55.757 [AsyncHttpClient-1-3] DEBUG org.asynchttpclient.netty.channel.ChannelManager - Adding key: http://localhost:50860 for channel [id: 0xeaeae362, L:/127.0.0.1:64738 - R:localhost/127.0.0.1:50860]
05:03:55.769 [main] DEBUG net.serenitybdd.core.photography.Darkroom - Send negative for processing for target\site\serenity\17cd6751459651e04486582dfdb295642a1e38dd0e0f5419d9dd6a835603f43f.png
05:03:55.770 [main] DEBUG net.thucydides.core.steps.StepInterceptor - STEP DONE: getErrorEmpty
  &amp#27;[32mThen &amp#27;[0m&amp#27;[32madmin fail to crete building and get message&amp#27;[0m                        &amp#27;[90m# starter.stepdefenitions.BuildingSteps.adminFailToCreteBuildingAndGetMessage()&amp#27;[0m
05:03:55.782 [main] INFO  - 
  _____   ___   ___   _____     ___     _     ___   ___   ___   ___  
 |_   _| | __| / __| |_   _|   | _ \   /_\   / __| / __| | __| |   \ 
   | |   | _|  \__ \   | |     |  _/  / _ \  \__ \ \__ \ | _|  | |) |
   |_|   |___| |___/   |_|     |_|   /_/ \_\ |___/ |___/ |___| |___/ 

As admin i have failed to create building with no choose complex
----------------------------------------------------------------------
05:03:55.784 [AsyncHttpClient-1-5] DEBUG org.asynchttpclient.netty.handler.WebSocketHandler - Channel Closed: [id: 0xd3aea26d, L:/127.0.0.1:64746 ! R:localhost/127.0.0.1:64739] with attribute NettyResponseFuture{currentRetry=5,
	isDone=1,
	isCancelled=0,
	asyncHandler=org.asynchttpclient.ws.WebSocketUpgradeHandler@6901ead4,
	nettyRequest=org.asynchttpclient.netty.request.NettyRequest@63aabf68,
	future=java.util.concurrent.CompletableFuture@47c2573f[Completed normally],
	uri=ws://localhost:64739/devtools/browser/1ff444b3-2dc5-4cda-8593-5787edf15440,
	keepAlive=true,
	redirectCount=0,
	timeoutsHolder=null,
	inAuth=0,
	touch=1658095421742}
05:03:55.785 [AsyncHttpClient-1-5] DEBUG org.asynchttpclient.netty.channel.ChannelManager - Closing Channel [id: 0xd3aea26d, L:/127.0.0.1:64746 ! R:localhost/127.0.0.1:64739] 
05:03:55.788 [Driver Command Executor] DEBUG org.asynchttpclient.netty.request.NettyRequestSender - Using pooled Channel '[id: 0xeaeae362, L:/127.0.0.1:64738 - R:localhost/127.0.0.1:50860]' for 'DELETE' to 'http://localhost:50860/session/b104a5613c7fd32760b384447453fcb1'
05:03:55.788 [Driver Command Executor] DEBUG org.asynchttpclient.netty.request.NettyRequestSender - Using open Channel [id: 0xeaeae362, L:/127.0.0.1:64738 - R:localhost/127.0.0.1:50860] for DELETE '/session/b104a5613c7fd32760b384447453fcb1'
05:03:55.841 [AsyncHttpClient-1-1] DEBUG org.asynchttpclient.netty.channel.DefaultChannelPool - Entry count for : http://localhost:64739 : 1
05:03:56.499 [AsyncHttpClient-1-4] DEBUG org.asynchttpclient.netty.handler.HttpHandler - Unexpected I/O exception on channel [id: 0x00770959, L:/127.0.0.1:64744 - R:localhost/127.0.0.1:64739]
java.io.IOException: An existing connection was forcibly closed by the remote host
	at sun.nio.ch.SocketDispatcher.read0(Native Method)
	at sun.nio.ch.SocketDispatcher.read(SocketDispatcher.java:43)
	at sun.nio.ch.IOUtil.readIntoNativeBuffer(IOUtil.java:223)
	at sun.nio.ch.IOUtil.read(IOUtil.java:192)
	at sun.nio.ch.SocketChannelImpl.read(SocketChannelImpl.java:378)
	at io.netty.buffer.PooledByteBuf.setBytes(PooledByteBuf.java:258)
	at io.netty.buffer.AbstractByteBuf.writeBytes(AbstractByteBuf.java:1132)
	at io.netty.channel.socket.nio.NioSocketChannel.doReadBytes(NioSocketChannel.java:350)
	at io.netty.channel.nio.AbstractNioByteChannel$NioByteUnsafe.read(AbstractNioByteChannel.java:151)
	at io.netty.channel.nio.NioEventLoop.processSelectedKey(NioEventLoop.java:722)
	at io.netty.channel.nio.NioEventLoop.processSelectedKeysOptimized(NioEventLoop.java:658)
	at io.netty.channel.nio.NioEventLoop.processSelectedKeys(NioEventLoop.java:584)
	at io.netty.channel.nio.NioEventLoop.run(NioEventLoop.java:496)
	at io.netty.util.concurrent.SingleThreadEventExecutor$4.run(SingleThreadEventExecutor.java:986)
	at io.netty.util.internal.ThreadExecutorMap$2.run(ThreadExecutorMap.java:74)
	at io.netty.util.concurrent.FastThreadLocalRunnable.run(FastThreadLocalRunnable.java:30)
	at java.lang.Thread.run(Thread.java:750)
05:03:56.499 [AsyncHttpClient-1-4] DEBUG org.asynchttpclient.netty.channel.ChannelManager - Closing Channel [id: 0x00770959, L:/127.0.0.1:64744 - R:localhost/127.0.0.1:64739] 
05:03:56.499 [AsyncHttpClient-1-4] DEBUG org.asynchttpclient.netty.handler.HttpHandler - Channel Closed: [id: 0x00770959, L:/127.0.0.1:64744 ! R:localhost/127.0.0.1:64739] with attribute DISCARD
05:03:56.616 [AsyncHttpClient-1-3] DEBUG org.asynchttpclient.netty.handler.HttpHandler - 

Request DefaultFullHttpRequest(decodeResult: success, version: HTTP/1.1, content: EmptyByteBufBE)
DELETE /session/b104a5613c7fd32760b384447453fcb1 HTTP/1.1
User-Agent: selenium/4.1.2 (java windows)
Content-Type: application/json; charset=utf-8
host: localhost:50860
accept: */*

Response DefaultHttpResponse(decodeResult: success, version: HTTP/1.1)
HTTP/1.1 200 OK
Content-Type: application/json; charset=utf-8
cache-control: no-cache
content-length: 14

05:03:56.616 [AsyncHttpClient-1-3] DEBUG org.asynchttpclient.netty.channel.ChannelManager - Adding key: http://localhost:50860 for channel [id: 0xeaeae362, L:/127.0.0.1:64738 - R:localhost/127.0.0.1:50860]
05:03:57.006 [AsyncHttpClient-1-1] DEBUG org.asynchttpclient.netty.channel.DefaultChannelPool - Entry count for : http://localhost:64739 : 1
05:03:57.007 [AsyncHttpClient-1-1] DEBUG org.asynchttpclient.netty.channel.DefaultChannelPool - Entry count for : http://localhost:50860 : 1
05:03:57.007 [AsyncHttpClient-1-1] DEBUG org.asynchttpclient.netty.channel.DefaultChannelPool - Adding Candidate expired Channel [id: 0x00770959, L:/127.0.0.1:64744 ! R:localhost/127.0.0.1:64739] isIdleTimeoutExpired=false isRemotelyClosed=true isTtlExpired=false
05:03:57.007 [AsyncHttpClient-1-1] DEBUG org.asynchttpclient.netty.channel.DefaultChannelPool - Closing Idle Channel [id: 0x00770959, L:/127.0.0.1:64744 ! R:localhost/127.0.0.1:64739]
05:03:57.007 [AsyncHttpClient-1-1] DEBUG org.asynchttpclient.netty.channel.DefaultChannelPool - Closed 1 connections out of 2 in 0 ms
05:03:58.196 [AsyncHttpClient-1-1] DEBUG org.asynchttpclient.netty.channel.DefaultChannelPool - Entry count for : http://localhost:50860 : 1
05:03:59.248 [AsyncHttpClient-1-1] DEBUG org.asynchttpclient.netty.channel.DefaultChannelPool - Entry count for : http://localhost:50860 : 1
05:04:00.487 [AsyncHttpClient-1-1] DEBUG org.asynchttpclient.netty.channel.DefaultChannelPool - Entry count for : http://localhost:50860 : 1
05:04:01.545 [AsyncHttpClient-1-1] DEBUG org.asynchttpclient.netty.channel.DefaultChannelPool - Entry count for : http://localhost:50860 : 1
05:04:02.638 [AsyncHttpClient-1-1] DEBUG org.asynchttpclient.netty.channel.DefaultChannelPool - Entry count for : http://localhost:50860 : 1
05:04:03.021 [AsyncHttpClient-1-3] DEBUG org.asynchttpclient.netty.handler.HttpHandler - Unexpected I/O exception on channel [id: 0xeaeae362, L:/127.0.0.1:64738 - R:localhost/127.0.0.1:50860]
java.io.IOException: An existing connection was forcibly closed by the remote host
	at sun.nio.ch.SocketDispatcher.read0(Native Method)
	at sun.nio.ch.SocketDispatcher.read(SocketDispatcher.java:43)
	at sun.nio.ch.IOUtil.readIntoNativeBuffer(IOUtil.java:223)
	at sun.nio.ch.IOUtil.read(IOUtil.java:192)
	at sun.nio.ch.SocketChannelImpl.read(SocketChannelImpl.java:378)
	at io.netty.buffer.PooledByteBuf.setBytes(PooledByteBuf.java:258)
	at io.netty.buffer.AbstractByteBuf.writeBytes(AbstractByteBuf.java:1132)
	at io.netty.channel.socket.nio.NioSocketChannel.doReadBytes(NioSocketChannel.java:350)
	at io.netty.channel.nio.AbstractNioByteChannel$NioByteUnsafe.read(AbstractNioByteChannel.java:151)
	at io.netty.channel.nio.NioEventLoop.processSelectedKey(NioEventLoop.java:722)
	at io.netty.channel.nio.NioEventLoop.processSelectedKeysOptimized(NioEventLoop.java:658)
	at io.netty.channel.nio.NioEventLoop.processSelectedKeys(NioEventLoop.java:584)
	at io.netty.channel.nio.NioEventLoop.run(NioEventLoop.java:496)
	at io.netty.util.concurrent.SingleThreadEventExecutor$4.run(SingleThreadEventExecutor.java:986)
	at io.netty.util.internal.ThreadExecutorMap$2.run(ThreadExecutorMap.java:74)
	at io.netty.util.concurrent.FastThreadLocalRunnable.run(FastThreadLocalRunnable.java:30)
	at java.lang.Thread.run(Thread.java:750)
05:04:03.021 [AsyncHttpClient-1-3] DEBUG org.asynchttpclient.netty.channel.ChannelManager - Closing Channel [id: 0xeaeae362, L:/127.0.0.1:64738 - R:localhost/127.0.0.1:50860] 
05:04:03.022 [AsyncHttpClient-1-3] DEBUG org.asynchttpclient.netty.handler.HttpHandler - Channel Closed: [id: 0xeaeae362, L:/127.0.0.1:64738 ! R:localhost/127.0.0.1:50860] with attribute DISCARD
]]></system-out>
    <system-err><![CDATA[Starting ChromeDriver 103.0.5060.53 (a1711811edd74ff1cf2150f36ffa3b0dae40b17f-refs/branch-heads/5060@{#853}) on port 50860
Only local connections are allowed.
Please see https://chromedriver.chromium.org/security-considerations for suggestions on keeping ChromeDriver safe.
ChromeDriver was started successfully.
Jul 18, 2022 5:03:41 AM org.openqa.selenium.remote.ProtocolHandshake createSession
INFO: Detected dialect: W3C
Jul 18, 2022 5:03:41 AM org.openqa.selenium.devtools.CdpVersionFinder findNearestMatch
WARNING: Unable to find an exact match for CDP version 103, so returning the closest version found: a no-op implementation
Jul 18, 2022 5:03:41 AM org.openqa.selenium.devtools.CdpVersionFinder findNearestMatch
INFO: Unable to find CDP implementation matching 103.
Jul 18, 2022 5:03:41 AM org.openqa.selenium.chromium.ChromiumDriver lambda$new$3
WARNING: Unable to find version of CDP to use for . You may need to include a dependency on a specific version of the CDP using something similar to `org.seleniumhq.selenium:selenium-devtools-v86:4.1.2` where the version ("v86") matches the version of the chromium-based browser you're using and the version number of the artifact is the same as Selenium's.
Jul 18, 2022 5:04:03 AM org.openqa.selenium.os.OsProcess destroy
INFO: Unable to drain process streams. Ignoring but the exception being swallowed follows.
org.apache.commons.exec.ExecuteException: The stop timeout of 2000 ms was exceeded (Exit value: -559038737)
	at org.apache.commons.exec.PumpStreamHandler.stopThread(PumpStreamHandler.java:295)
	at org.apache.commons.exec.PumpStreamHandler.stop(PumpStreamHandler.java:180)
	at org.openqa.selenium.os.OsProcess.destroy(OsProcess.java:135)
	at org.openqa.selenium.os.CommandLine.destroy(CommandLine.java:152)
	at org.openqa.selenium.remote.service.DriverService.stop(DriverService.java:281)
	at org.openqa.selenium.remote.service.DriverCommandExecutor.execute(DriverCommandExecutor.java:129)
	at org.openqa.selenium.remote.RemoteWebDriver.execute(RemoteWebDriver.java:558)
	at org.openqa.selenium.remote.RemoteWebDriver.execute(RemoteWebDriver.java:613)
	at org.openqa.selenium.remote.RemoteWebDriver.execute(RemoteWebDriver.java:617)
	at org.openqa.selenium.remote.RemoteWebDriver.quit(RemoteWebDriver.java:454)
	at org.openqa.selenium.chromium.ChromiumDriver.quit(ChromiumDriver.java:293)
	at net.thucydides.core.webdriver.WebDriverFacade.quit(WebDriverFacade.java:282)
	at net.thucydides.core.webdriver.WebdriverInstances.closeAndQuit(WebdriverInstances.java:77)
	at net.thucydides.core.webdriver.WebdriverInstances.closeCurrentDriver(WebdriverInstances.java:69)
	at net.thucydides.core.webdriver.WebdriverInstances.closeCurrentDrivers(WebdriverInstances.java:116)
	at net.thucydides.core.webdriver.SerenityWebdriverManager.closeCurrentDrivers(SerenityWebdriverManager.java:85)
	at net.thucydides.core.webdriver.ThucydidesWebDriverSupport.closeCurrentDrivers(ThucydidesWebDriverSupport.java:163)
	at net.thucydides.core.webdriver.WebdriverCloseBrowser.closeIfConfiguredForANew(WebdriverCloseBrowser.java:35)
	at net.thucydides.core.steps.BaseStepListener.testFinished(BaseStepListener.java:649)
	at net.thucydides.core.steps.StepEventBus.testFinished(StepEventBus.java:350)
	at io.cucumber.core.plugin.SerenityReporter.handleTestCaseFinished(SerenityReporter.java:316)
	at io.cucumber.core.eventbus.AbstractEventPublisher.send(AbstractEventPublisher.java:51)
	at io.cucumber.core.eventbus.AbstractEventBus.send(AbstractEventBus.java:12)
	at io.cucumber.core.runtime.SynchronizedEventBus.send(SynchronizedEventBus.java:47)
	at io.cucumber.core.runtime.ThreadLocalRunnerSupplier$LocalEventBus.send(ThreadLocalRunnerSupplier.java:62)
	at io.cucumber.core.runner.TestCase.emitTestCaseFinished(TestCase.java:224)
	at io.cucumber.core.runner.TestCase.run(TestCase.java:109)
	at io.cucumber.core.runner.Runner.runPickle(Runner.java:75)
	at io.cucumber.junit.PickleRunners$NoStepDescriptions.lambda$run$0(PickleRunners.java:151)
	at io.cucumber.core.runtime.CucumberExecutionContext.lambda$runTestCase$3(CucumberExecutionContext.java:151)
	at io.cucumber.core.runtime.RethrowingThrowableCollector.executeAndThrow(RethrowingThrowableCollector.java:23)
	at io.cucumber.core.runtime.CucumberExecutionContext.runTestCase(CucumberExecutionContext.java:151)
	at io.cucumber.junit.PickleRunners$NoStepDescriptions.run(PickleRunners.java:148)
	at io.cucumber.junit.FeatureRunner.runChild(FeatureRunner.java:144)
	at io.cucumber.junit.FeatureRunner.runChild(FeatureRunner.java:28)
	at org.junit.runners.ParentRunner$4.run(ParentRunner.java:331)
	at org.junit.runners.ParentRunner$1.schedule(ParentRunner.java:79)
	at org.junit.runners.ParentRunner.runChildren(ParentRunner.java:329)
	at org.junit.runners.ParentRunner.access$100(ParentRunner.java:66)
	at org.junit.runners.ParentRunner$2.evaluate(ParentRunner.java:293)
	at org.junit.runners.ParentRunner$3.evaluate(ParentRunner.java:306)
	at org.junit.runners.ParentRunner.run(ParentRunner.java:413)
	at io.cucumber.junit.FeatureRunner.run(FeatureRunner.java:137)
	at io.cucumber.junit.CucumberSerenityRunner.runChild(CucumberSerenityRunner.java:258)
	at io.cucumber.junit.CucumberSerenityRunner.runChild(CucumberSerenityRunner.java:58)
	at org.junit.runners.ParentRunner$4.run(ParentRunner.java:331)
	at org.junit.runners.ParentRunner$1.schedule(ParentRunner.java:79)
	at org.junit.runners.ParentRunner.runChildren(ParentRunner.java:329)
	at org.junit.runners.ParentRunner.access$100(ParentRunner.java:66)
	at org.junit.runners.ParentRunner$2.evaluate(ParentRunner.java:293)
	at io.cucumber.junit.CucumberSerenityRunner$RunCucumber.evaluate(CucumberSerenityRunner.java:287)
	at org.junit.runners.ParentRunner$3.evaluate(ParentRunner.java:306)
	at org.junit.runners.ParentRunner.run(ParentRunner.java:413)
	at org.junit.runner.JUnitCore.run(JUnitCore.java:137)
	at org.junit.runner.JUnitCore.run(JUnitCore.java:115)
	at org.junit.vintage.engine.execution.RunnerExecutor.execute(RunnerExecutor.java:42)
	at org.junit.vintage.engine.VintageTestEngine.executeAllChildren(VintageTestEngine.java:80)
	at org.junit.vintage.engine.VintageTestEngine.execute(VintageTestEngine.java:72)
	at org.junit.platform.launcher.core.EngineExecutionOrchestrator.execute(EngineExecutionOrchestrator.java:107)
	at org.junit.platform.launcher.core.EngineExecutionOrchestrator.execute(EngineExecutionOrchestrator.java:88)
	at org.junit.platform.launcher.core.EngineExecutionOrchestrator.lambda$execute$0(EngineExecutionOrchestrator.java:54)
	at org.junit.platform.launcher.core.EngineExecutionOrchestrator.withInterceptedStreams(EngineExecutionOrchestrator.java:67)
	at org.junit.platform.launcher.core.EngineExecutionOrchestrator.execute(EngineExecutionOrchestrator.java:52)
	at org.junit.platform.launcher.core.DefaultLauncher.execute(DefaultLauncher.java:114)
	at org.junit.platform.launcher.core.DefaultLauncher.execute(DefaultLauncher.java:86)
	at org.junit.platform.launcher.core.DefaultLauncherSession$DelegatingLauncher.execute(DefaultLauncherSession.java:86)
	at org.junit.platform.launcher.core.SessionPerRequestLauncher.execute(SessionPerRequestLauncher.java:53)
	at org.apache.maven.surefire.junitplatform.JUnitPlatformProvider.execute(JUnitPlatformProvider.java:188)
	at org.apache.maven.surefire.junitplatform.JUnitPlatformProvider.invokeAllTests(JUnitPlatformProvider.java:154)
	at org.apache.maven.surefire.junitplatform.JUnitPlatformProvider.invoke(JUnitPlatformProvider.java:128)
	at org.apache.maven.surefire.booter.ForkedBooter.runSuitesInProcess(ForkedBooter.java:428)
	at org.apache.maven.surefire.booter.ForkedBooter.execute(ForkedBooter.java:162)
	at org.apache.maven.surefire.booter.ForkedBooter.run(ForkedBooter.java:562)
	at org.apache.maven.surefire.booter.ForkedBooter.main(ForkedBooter.java:548)

Jul 18, 2022 5:04:03 AM org.openqa.selenium.os.OsProcess destroy
SEVERE: Unable to kill process java.lang.ProcessImpl@34e7cde3
]]></system-err>
  </testcase>
  <testcase name="As admin i create new building but i click cancel" classname="As admin I want to see details building on building page" time="21.254">
    <system-out><![CDATA[
@building @feature
Scenario: As admin i create new building but i click cancel &amp#27;[90m# src/test/resources/features/Building.feature:58&amp#27;[0m
05:04:03.408 [main] INFO io.cucumber.core.plugin.SerenityReporter - Running feature from file:///D:/kampus%20merdeka/QE_Capstone%20Kanbo/capstone/web/src/test/resources/features/Building.feature
05:04:03.420 [main] INFO  - 
  _____   ___   ___   _____     ___   _____     _     ___   _____   ___   ___  
 |_   _| | __| / __| |_   _|   / __| |_   _|   /_\   | _ \ |_   _| | __| |   \ 
   | |   | _|  \__ \   | |     \__ \   | |    / _ \  |   /   | |   | _|  | |) |
   |_|   |___| |___/   |_|     |___/   |_|   /_/ \_\ |_|_\   |_|   |___| |___/ 

As admin i create new building but i click cancel(as-admin-i-want-to-see-details-building-on-building-page;as-admin-i-create-new-building-but-i-click-cancel)
--------------------------------------------------------------------------------
05:04:03.454 [main] DEBUG net.thucydides.core.steps.StepInterceptor - STARTING STEP: LoginSteps.onLoginPage - openPage
05:04:03.457 [main] INFO net.serenitybdd.core.webdriver.driverproviders.ChromeDriverProvider - Using automatically driver download
05:04:03.738 [AsyncHttpClient-1-1] DEBUG org.asynchttpclient.netty.channel.DefaultChannelPool - Entry count for : http://localhost:50860 : 1
05:04:03.738 [AsyncHttpClient-1-1] DEBUG org.asynchttpclient.netty.channel.DefaultChannelPool - Adding Candidate expired Channel [id: 0xeaeae362, L:/127.0.0.1:64738 ! R:localhost/127.0.0.1:50860] isIdleTimeoutExpired=false isRemotelyClosed=true isTtlExpired=false
05:04:03.738 [AsyncHttpClient-1-1] DEBUG org.asynchttpclient.netty.channel.DefaultChannelPool - Closing Idle Channel [id: 0xeaeae362, L:/127.0.0.1:64738 ! R:localhost/127.0.0.1:50860]
05:04:03.738 [AsyncHttpClient-1-1] DEBUG org.asynchttpclient.netty.channel.DefaultChannelPool - Closed 1 connections out of 1 in 0 ms
05:04:03.811 [main] DEBUG io.github.bonigarcia.wdm.cache.ResolutionCache - Resolution chrome=103 in cache (valid until 05:51:31 18/07/2022 ICT)
05:04:03.826 [main] DEBUG io.github.bonigarcia.wdm.cache.ResolutionCache - Resolution chrome103=103.0.5060.53 in cache (valid until 03:51:18 19/07/2022 ICT)
05:04:03.832 [main] INFO io.github.bonigarcia.wdm.WebDriverManager - Using chromedriver 103.0.5060.53 (resolved driver for Chrome 103)
05:04:03.863 [main] DEBUG io.github.bonigarcia.wdm.WebDriverManager - Driver chromedriver 103.0.5060.53 found in cache
05:04:03.864 [main] INFO io.github.bonigarcia.wdm.WebDriverManager - Exporting webdriver.chrome.driver as C:\Users\Admin\.cache\selenium\chromedriver\win32\103.0.5060.53\chromedriver.exe
05:04:04.181 [main] DEBUG net.serenitybdd.core.webdriver.driverproviders.ProvideNewDriver - Instantiating driver
05:04:04.181 [main] DEBUG net.serenitybdd.core.webdriver.driverproviders.ProvideNewDriver - Driver capabilities: Capabilities {acceptInsecureCerts: false, base.url: https://kanbo.netlify.app/, browserName: chrome, chrome.driver: src/test/resources/webdrive..., driver: chrome, goog:chromeOptions: {args: [], extensions: []}}
05:04:05.288 [AsyncHttpClient-1-6] DEBUG org.asynchttpclient.netty.channel.NettyConnectListener - Using new Channel '[id: 0x51f8a2f1, L:/127.0.0.1:64770 - R:localhost/127.0.0.1:63994]' for 'POST' to '/session'
05:04:06.504 [AsyncHttpClient-1-6] DEBUG org.asynchttpclient.netty.handler.HttpHandler - 

Request DefaultHttpRequest(decodeResult: success, version: HTTP/1.1)
POST /session HTTP/1.1
User-Agent: selenium/4.1.2 (java windows)
Content-Length: 612
Content-Type: application/json; charset=utf-8
host: localhost:63994
accept: */*

Response DefaultHttpResponse(decodeResult: success, version: HTTP/1.1)
HTTP/1.1 200 OK
Content-Type: application/json; charset=utf-8
cache-control: no-cache
content-length: 791

05:04:06.504 [AsyncHttpClient-1-6] DEBUG org.asynchttpclient.netty.channel.ChannelManager - Adding key: http://localhost:63994 for channel [id: 0x51f8a2f1, L:/127.0.0.1:64770 - R:localhost/127.0.0.1:63994]
05:04:06.517 [AsyncHttpClient-1-7] DEBUG org.asynchttpclient.netty.channel.NettyConnectListener - Using new Channel '[id: 0x8bf65653, L:/127.0.0.1:64779 - R:localhost/127.0.0.1:64772]' for 'GET' to '/json/version'
05:04:06.519 [AsyncHttpClient-1-7] DEBUG org.asynchttpclient.netty.handler.HttpHandler - 

Request DefaultFullHttpRequest(decodeResult: success, version: HTTP/1.1, content: EmptyByteBufBE)
GET /json/version HTTP/1.1
User-Agent: selenium/4.1.2 (java windows)
host: localhost:64772
accept: */*

Response DefaultHttpResponse(decodeResult: success, version: HTTP/1.1)
HTTP/1.1 200 OK
Content-Type: application/json; charset=UTF-8
content-length: 429

05:04:06.519 [AsyncHttpClient-1-7] DEBUG org.asynchttpclient.netty.channel.ChannelManager - Adding key: http://localhost:64772 for channel [id: 0x8bf65653, L:/127.0.0.1:64779 - R:localhost/127.0.0.1:64772]
05:04:06.524 [AsyncHttpClient-1-8] DEBUG org.asynchttpclient.netty.channel.NettyConnectListener - Using new Channel '[id: 0x6158c206, L:/127.0.0.1:64780 - R:localhost/127.0.0.1:64772]' for 'GET' to '/devtools/browser/ab49ef28-4a41-4a29-8b07-caa1a05be0c7'
05:04:06.526 [AsyncHttpClient-1-8] DEBUG org.asynchttpclient.netty.handler.WebSocketHandler - 

Request DefaultFullHttpRequest(decodeResult: success, version: HTTP/1.1, content: EmptyByteBufBE)
GET /devtools/browser/ab49ef28-4a41-4a29-8b07-caa1a05be0c7 HTTP/1.1
upgrade: websocket
connection: upgrade
sec-websocket-key: HwEUy+KwXnK/B0lOhBW9OQ==
sec-websocket-version: 13
origin: http://localhost:64772
host: localhost:64772
accept: */*
user-agent: AHC/2.1

Response DefaultHttpResponse(decodeResult: success, version: HTTP/1.1)
HTTP/1.1 101 WebSocket Protocol Handshake
Upgrade: WebSocket
Connection: Upgrade
Sec-WebSocket-Accept: 2coqBZEXxFgQg8yFuFYmcpprjBA=

05:04:06.533 [Forwarding setCurrentWindowSize on session d7385e705afe01feb3f580b9517bcff9 to remote] DEBUG org.asynchttpclient.netty.request.NettyRequestSender - Using pooled Channel '[id: 0x51f8a2f1, L:/127.0.0.1:64770 - R:localhost/127.0.0.1:63994]' for 'POST' to 'http://localhost:63994/session/d7385e705afe01feb3f580b9517bcff9/window/rect'
05:04:06.533 [Forwarding setCurrentWindowSize on session d7385e705afe01feb3f580b9517bcff9 to remote] DEBUG org.asynchttpclient.netty.request.NettyRequestSender - Using open Channel [id: 0x51f8a2f1, L:/127.0.0.1:64770 - R:localhost/127.0.0.1:63994] for POST '/session/d7385e705afe01feb3f580b9517bcff9/window/rect'
05:04:06.678 [AsyncHttpClient-1-6] DEBUG org.asynchttpclient.netty.handler.HttpHandler - 

Request DefaultHttpRequest(decodeResult: success, version: HTTP/1.1)
POST /session/d7385e705afe01feb3f580b9517bcff9/window/rect HTTP/1.1
User-Agent: selenium/4.1.2 (java windows)
Content-Length: 37
Content-Type: application/json; charset=utf-8
host: localhost:63994
accept: */*

Response DefaultHttpResponse(decodeResult: success, version: HTTP/1.1)
HTTP/1.1 200 OK
Content-Type: application/json; charset=utf-8
cache-control: no-cache
content-length: 51

05:04:06.678 [AsyncHttpClient-1-6] DEBUG org.asynchttpclient.netty.channel.ChannelManager - Adding key: http://localhost:63994 for channel [id: 0x51f8a2f1, L:/127.0.0.1:64770 - R:localhost/127.0.0.1:63994]
05:04:06.680 [Forwarding setWindowPosition on session d7385e705afe01feb3f580b9517bcff9 to remote] DEBUG org.asynchttpclient.netty.request.NettyRequestSender - Using pooled Channel '[id: 0x51f8a2f1, L:/127.0.0.1:64770 - R:localhost/127.0.0.1:63994]' for 'POST' to 'http://localhost:63994/session/d7385e705afe01feb3f580b9517bcff9/window/rect'
05:04:06.680 [Forwarding setWindowPosition on session d7385e705afe01feb3f580b9517bcff9 to remote] DEBUG org.asynchttpclient.netty.request.NettyRequestSender - Using open Channel [id: 0x51f8a2f1, L:/127.0.0.1:64770 - R:localhost/127.0.0.1:63994] for POST '/session/d7385e705afe01feb3f580b9517bcff9/window/rect'
05:04:06.805 [AsyncHttpClient-1-6] DEBUG org.asynchttpclient.netty.handler.HttpHandler - 

Request DefaultHttpRequest(decodeResult: success, version: HTTP/1.1)
POST /session/d7385e705afe01feb3f580b9517bcff9/window/rect HTTP/1.1
User-Agent: selenium/4.1.2 (java windows)
Content-Length: 22
Content-Type: application/json; charset=utf-8
host: localhost:63994
accept: */*

Response DefaultHttpResponse(decodeResult: success, version: HTTP/1.1)
HTTP/1.1 200 OK
Content-Type: application/json; charset=utf-8
cache-control: no-cache
content-length: 49

05:04:06.805 [AsyncHttpClient-1-6] DEBUG org.asynchttpclient.netty.channel.ChannelManager - Adding key: http://localhost:63994 for channel [id: 0x51f8a2f1, L:/127.0.0.1:64770 - R:localhost/127.0.0.1:63994]
05:04:06.807 [Forwarding get on session d7385e705afe01feb3f580b9517bcff9 to remote] DEBUG org.asynchttpclient.netty.request.NettyRequestSender - Using pooled Channel '[id: 0x51f8a2f1, L:/127.0.0.1:64770 - R:localhost/127.0.0.1:63994]' for 'POST' to 'http://localhost:63994/session/d7385e705afe01feb3f580b9517bcff9/url'
05:04:06.807 [Forwarding get on session d7385e705afe01feb3f580b9517bcff9 to remote] DEBUG org.asynchttpclient.netty.request.NettyRequestSender - Using open Channel [id: 0x51f8a2f1, L:/127.0.0.1:64770 - R:localhost/127.0.0.1:63994] for POST '/session/d7385e705afe01feb3f580b9517bcff9/url'
05:04:07.034 [AsyncHttpClient-1-1] DEBUG org.asynchttpclient.netty.channel.DefaultChannelPool - Entry count for : http://localhost:64772 : 1
05:04:08.132 [AsyncHttpClient-1-1] DEBUG org.asynchttpclient.netty.channel.DefaultChannelPool - Entry count for : http://localhost:64772 : 1
05:04:08.680 [AsyncHttpClient-1-6] DEBUG org.asynchttpclient.netty.handler.HttpHandler - 

Request DefaultHttpRequest(decodeResult: success, version: HTTP/1.1)
POST /session/d7385e705afe01feb3f580b9517bcff9/url HTTP/1.1
User-Agent: selenium/4.1.2 (java windows)
Content-Length: 56
Content-Type: application/json; charset=utf-8
host: localhost:63994
accept: */*

Response DefaultHttpResponse(decodeResult: success, version: HTTP/1.1)
HTTP/1.1 200 OK
Content-Type: application/json; charset=utf-8
cache-control: no-cache
content-length: 14

05:04:08.681 [AsyncHttpClient-1-6] DEBUG org.asynchttpclient.netty.channel.ChannelManager - Adding key: http://localhost:63994 for channel [id: 0x51f8a2f1, L:/127.0.0.1:64770 - R:localhost/127.0.0.1:63994]
05:04:08.682 [Forwarding setTimeout on session d7385e705afe01feb3f580b9517bcff9 to remote] DEBUG org.asynchttpclient.netty.request.NettyRequestSender - Using pooled Channel '[id: 0x51f8a2f1, L:/127.0.0.1:64770 - R:localhost/127.0.0.1:63994]' for 'POST' to 'http://localhost:63994/session/d7385e705afe01feb3f580b9517bcff9/timeouts'
05:04:08.682 [Forwarding setTimeout on session d7385e705afe01feb3f580b9517bcff9 to remote] DEBUG org.asynchttpclient.netty.request.NettyRequestSender - Using open Channel [id: 0x51f8a2f1, L:/127.0.0.1:64770 - R:localhost/127.0.0.1:63994] for POST '/session/d7385e705afe01feb3f580b9517bcff9/timeouts'
05:04:08.692 [AsyncHttpClient-1-6] DEBUG org.asynchttpclient.netty.handler.HttpHandler - 

Request DefaultHttpRequest(decodeResult: success, version: HTTP/1.1)
POST /session/d7385e705afe01feb3f580b9517bcff9/timeouts HTTP/1.1
User-Agent: selenium/4.1.2 (java windows)
Content-Length: 22
Content-Type: application/json; charset=utf-8
host: localhost:63994
accept: */*

Response DefaultHttpResponse(decodeResult: success, version: HTTP/1.1)
HTTP/1.1 200 OK
Content-Type: application/json; charset=utf-8
cache-control: no-cache
content-length: 14

05:04:08.692 [AsyncHttpClient-1-6] DEBUG org.asynchttpclient.netty.channel.ChannelManager - Adding key: http://localhost:63994 for channel [id: 0x51f8a2f1, L:/127.0.0.1:64770 - R:localhost/127.0.0.1:63994]
05:04:08.702 [Forwarding getCurrentUrl on session d7385e705afe01feb3f580b9517bcff9 to remote] DEBUG org.asynchttpclient.netty.request.NettyRequestSender - Using pooled Channel '[id: 0x51f8a2f1, L:/127.0.0.1:64770 - R:localhost/127.0.0.1:63994]' for 'GET' to 'http://localhost:63994/session/d7385e705afe01feb3f580b9517bcff9/url'
05:04:08.702 [Forwarding getCurrentUrl on session d7385e705afe01feb3f580b9517bcff9 to remote] DEBUG org.asynchttpclient.netty.request.NettyRequestSender - Using open Channel [id: 0x51f8a2f1, L:/127.0.0.1:64770 - R:localhost/127.0.0.1:63994] for GET '/session/d7385e705afe01feb3f580b9517bcff9/url'
05:04:08.717 [AsyncHttpClient-1-6] DEBUG org.asynchttpclient.netty.handler.HttpHandler - 

Request DefaultFullHttpRequest(decodeResult: success, version: HTTP/1.1, content: EmptyByteBufBE)
GET /session/d7385e705afe01feb3f580b9517bcff9/url HTTP/1.1
User-Agent: selenium/4.1.2 (java windows)
Cache-Control: no-cache
Content-Type: application/json; charset=utf-8
host: localhost:63994
accept: */*

Response DefaultHttpResponse(decodeResult: success, version: HTTP/1.1)
HTTP/1.1 200 OK
Content-Type: application/json; charset=utf-8
cache-control: no-cache
content-length: 38

05:04:08.717 [AsyncHttpClient-1-6] DEBUG org.asynchttpclient.netty.channel.ChannelManager - Adding key: http://localhost:63994 for channel [id: 0x51f8a2f1, L:/127.0.0.1:64770 - R:localhost/127.0.0.1:63994]
05:04:08.726 [Forwarding getCurrentUrl on session d7385e705afe01feb3f580b9517bcff9 to remote] DEBUG org.asynchttpclient.netty.request.NettyRequestSender - Using pooled Channel '[id: 0x51f8a2f1, L:/127.0.0.1:64770 - R:localhost/127.0.0.1:63994]' for 'GET' to 'http://localhost:63994/session/d7385e705afe01feb3f580b9517bcff9/url'
05:04:08.726 [Forwarding getCurrentUrl on session d7385e705afe01feb3f580b9517bcff9 to remote] DEBUG org.asynchttpclient.netty.request.NettyRequestSender - Using open Channel [id: 0x51f8a2f1, L:/127.0.0.1:64770 - R:localhost/127.0.0.1:63994] for GET '/session/d7385e705afe01feb3f580b9517bcff9/url'
05:04:08.744 [AsyncHttpClient-1-6] DEBUG org.asynchttpclient.netty.handler.HttpHandler - 

Request DefaultFullHttpRequest(decodeResult: success, version: HTTP/1.1, content: EmptyByteBufBE)
GET /session/d7385e705afe01feb3f580b9517bcff9/url HTTP/1.1
User-Agent: selenium/4.1.2 (java windows)
Cache-Control: no-cache
Content-Type: application/json; charset=utf-8
host: localhost:63994
accept: */*

Response DefaultHttpResponse(decodeResult: success, version: HTTP/1.1)
HTTP/1.1 200 OK
Content-Type: application/json; charset=utf-8
cache-control: no-cache
content-length: 38

05:04:08.744 [AsyncHttpClient-1-6] DEBUG org.asynchttpclient.netty.channel.ChannelManager - Adding key: http://localhost:63994 for channel [id: 0x51f8a2f1, L:/127.0.0.1:64770 - R:localhost/127.0.0.1:63994]
05:04:08.756 [Forwarding screenshot on session d7385e705afe01feb3f580b9517bcff9 to remote] DEBUG org.asynchttpclient.netty.request.NettyRequestSender - Using pooled Channel '[id: 0x51f8a2f1, L:/127.0.0.1:64770 - R:localhost/127.0.0.1:63994]' for 'GET' to 'http://localhost:63994/session/d7385e705afe01feb3f580b9517bcff9/screenshot'
05:04:08.756 [Forwarding screenshot on session d7385e705afe01feb3f580b9517bcff9 to remote] DEBUG org.asynchttpclient.netty.request.NettyRequestSender - Using open Channel [id: 0x51f8a2f1, L:/127.0.0.1:64770 - R:localhost/127.0.0.1:63994] for GET '/session/d7385e705afe01feb3f580b9517bcff9/screenshot'
05:04:09.188 [AsyncHttpClient-1-6] DEBUG org.asynchttpclient.netty.handler.HttpHandler - 

Request DefaultFullHttpRequest(decodeResult: success, version: HTTP/1.1, content: EmptyByteBufBE)
GET /session/d7385e705afe01feb3f580b9517bcff9/screenshot HTTP/1.1
User-Agent: selenium/4.1.2 (java windows)
Cache-Control: no-cache
Content-Type: application/json; charset=utf-8
host: localhost:63994
accept: */*

Response DefaultHttpResponse(decodeResult: success, version: HTTP/1.1)
HTTP/1.1 200 OK
Content-Type: application/json; charset=utf-8
cache-control: no-cache
content-length: 226248

05:04:09.190 [AsyncHttpClient-1-6] DEBUG org.asynchttpclient.netty.channel.ChannelManager - Adding key: http://localhost:63994 for channel [id: 0x51f8a2f1, L:/127.0.0.1:64770 - R:localhost/127.0.0.1:63994]
05:04:09.210 [main] DEBUG net.serenitybdd.core.photography.Darkroom - Send negative for processing for target\site\serenity\2a5d2923b4b494a1ff0aeab781315180ab4dee3f7e8111246690078773e5a5c9.png
05:04:09.211 [main] DEBUG net.thucydides.core.steps.StepInterceptor - STEP DONE: openPage
05:04:09.227 [main] DEBUG net.thucydides.core.steps.StepInterceptor - STARTING STEP: LoginSteps.onLoginPage - validationOnloginPage
05:04:09.234 [Forwarding findElement on session d7385e705afe01feb3f580b9517bcff9 to remote] DEBUG org.asynchttpclient.netty.request.NettyRequestSender - Using pooled Channel '[id: 0x51f8a2f1, L:/127.0.0.1:64770 - R:localhost/127.0.0.1:63994]' for 'POST' to 'http://localhost:63994/session/d7385e705afe01feb3f580b9517bcff9/element'
05:04:09.234 [Forwarding findElement on session d7385e705afe01feb3f580b9517bcff9 to remote] DEBUG org.asynchttpclient.netty.request.NettyRequestSender - Using open Channel [id: 0x51f8a2f1, L:/127.0.0.1:64770 - R:localhost/127.0.0.1:63994] for POST '/session/d7385e705afe01feb3f580b9517bcff9/element'
05:04:09.242 [AsyncHttpClient-1-1] DEBUG org.asynchttpclient.netty.channel.DefaultChannelPool - Entry count for : http://localhost:64772 : 1
05:04:09.267 [AsyncHttpClient-1-6] DEBUG org.asynchttpclient.netty.handler.HttpHandler - 

Request DefaultHttpRequest(decodeResult: success, version: HTTP/1.1)
POST /session/d7385e705afe01feb3f580b9517bcff9/element HTTP/1.1
User-Agent: selenium/4.1.2 (java windows)
Content-Length: 66
Content-Type: application/json; charset=utf-8
host: localhost:63994
accept: */*

Response DefaultHttpResponse(decodeResult: success, version: HTTP/1.1)
HTTP/1.1 200 OK
Content-Type: application/json; charset=utf-8
cache-control: no-cache
content-length: 88

05:04:09.267 [AsyncHttpClient-1-6] DEBUG org.asynchttpclient.netty.channel.ChannelManager - Adding key: http://localhost:63994 for channel [id: 0x51f8a2f1, L:/127.0.0.1:64770 - R:localhost/127.0.0.1:63994]
05:04:09.276 [Forwarding isElementDisplayed on session d7385e705afe01feb3f580b9517bcff9 to remote] DEBUG org.asynchttpclient.netty.request.NettyRequestSender - Using pooled Channel '[id: 0x51f8a2f1, L:/127.0.0.1:64770 - R:localhost/127.0.0.1:63994]' for 'POST' to 'http://localhost:63994/session/d7385e705afe01feb3f580b9517bcff9/execute/sync'
05:04:09.276 [Forwarding isElementDisplayed on session d7385e705afe01feb3f580b9517bcff9 to remote] DEBUG org.asynchttpclient.netty.request.NettyRequestSender - Using open Channel [id: 0x51f8a2f1, L:/127.0.0.1:64770 - R:localhost/127.0.0.1:63994] for POST '/session/d7385e705afe01feb3f580b9517bcff9/execute/sync'
05:04:09.312 [AsyncHttpClient-1-6] DEBUG org.asynchttpclient.netty.handler.HttpHandler - 

Request DefaultHttpRequest(decodeResult: success, version: HTTP/1.1)
POST /session/d7385e705afe01feb3f580b9517bcff9/execute/sync HTTP/1.1
User-Agent: selenium/4.1.2 (java windows)
Content-Length: 48780
Content-Type: application/json; charset=utf-8
host: localhost:63994
accept: */*

Response DefaultHttpResponse(decodeResult: success, version: HTTP/1.1)
HTTP/1.1 200 OK
Content-Type: application/json; charset=utf-8
cache-control: no-cache
content-length: 14

05:04:09.313 [AsyncHttpClient-1-6] DEBUG org.asynchttpclient.netty.channel.ChannelManager - Adding key: http://localhost:63994 for channel [id: 0x51f8a2f1, L:/127.0.0.1:64770 - R:localhost/127.0.0.1:63994]
05:04:09.327 [Forwarding screenshot on session d7385e705afe01feb3f580b9517bcff9 to remote] DEBUG org.asynchttpclient.netty.request.NettyRequestSender - Using pooled Channel '[id: 0x51f8a2f1, L:/127.0.0.1:64770 - R:localhost/127.0.0.1:63994]' for 'GET' to 'http://localhost:63994/session/d7385e705afe01feb3f580b9517bcff9/screenshot'
05:04:09.327 [Forwarding screenshot on session d7385e705afe01feb3f580b9517bcff9 to remote] DEBUG org.asynchttpclient.netty.request.NettyRequestSender - Using open Channel [id: 0x51f8a2f1, L:/127.0.0.1:64770 - R:localhost/127.0.0.1:63994] for GET '/session/d7385e705afe01feb3f580b9517bcff9/screenshot'
05:04:09.691 [AsyncHttpClient-1-6] DEBUG org.asynchttpclient.netty.handler.HttpHandler - 

Request DefaultFullHttpRequest(decodeResult: success, version: HTTP/1.1, content: EmptyByteBufBE)
GET /session/d7385e705afe01feb3f580b9517bcff9/screenshot HTTP/1.1
User-Agent: selenium/4.1.2 (java windows)
Cache-Control: no-cache
Content-Type: application/json; charset=utf-8
host: localhost:63994
accept: */*

Response DefaultHttpResponse(decodeResult: success, version: HTTP/1.1)
HTTP/1.1 200 OK
Content-Type: application/json; charset=utf-8
cache-control: no-cache
content-length: 226248

05:04:09.692 [AsyncHttpClient-1-6] DEBUG org.asynchttpclient.netty.channel.ChannelManager - Adding key: http://localhost:63994 for channel [id: 0x51f8a2f1, L:/127.0.0.1:64770 - R:localhost/127.0.0.1:63994]
05:04:09.713 [main] DEBUG net.serenitybdd.core.photography.Darkroom - Send negative for processing for target\site\serenity\2a5d2923b4b494a1ff0aeab781315180ab4dee3f7e8111246690078773e5a5c9.png
05:04:09.714 [main] DEBUG net.thucydides.core.steps.StepInterceptor - STEP DONE: validationOnloginPage
  &amp#27;[32mGiven &amp#27;[0m&amp#27;[32mi am on the login page&amp#27;[0m                              &amp#27;[90m# starter.stepdefenitions.LoginSteps.onLoginPage()&amp#27;[0m
05:04:09.752 [main] DEBUG net.thucydides.core.steps.StepInterceptor - STARTING STEP: LoginSteps.inputValidEmail - inputEmail
05:04:09.758 [Forwarding findElement on session d7385e705afe01feb3f580b9517bcff9 to remote] DEBUG org.asynchttpclient.netty.request.NettyRequestSender - Using pooled Channel '[id: 0x51f8a2f1, L:/127.0.0.1:64770 - R:localhost/127.0.0.1:63994]' for 'POST' to 'http://localhost:63994/session/d7385e705afe01feb3f580b9517bcff9/element'
05:04:09.758 [Forwarding findElement on session d7385e705afe01feb3f580b9517bcff9 to remote] DEBUG org.asynchttpclient.netty.request.NettyRequestSender - Using open Channel [id: 0x51f8a2f1, L:/127.0.0.1:64770 - R:localhost/127.0.0.1:63994] for POST '/session/d7385e705afe01feb3f580b9517bcff9/element'
05:04:09.782 [AsyncHttpClient-1-6] DEBUG org.asynchttpclient.netty.handler.HttpHandler - 

Request DefaultHttpRequest(decodeResult: success, version: HTTP/1.1)
POST /session/d7385e705afe01feb3f580b9517bcff9/element HTTP/1.1
User-Agent: selenium/4.1.2 (java windows)
Content-Length: 76
Content-Type: application/json; charset=utf-8
host: localhost:63994
accept: */*

Response DefaultHttpResponse(decodeResult: success, version: HTTP/1.1)
HTTP/1.1 200 OK
Content-Type: application/json; charset=utf-8
cache-control: no-cache
content-length: 88

05:04:09.782 [AsyncHttpClient-1-6] DEBUG org.asynchttpclient.netty.channel.ChannelManager - Adding key: http://localhost:63994 for channel [id: 0x51f8a2f1, L:/127.0.0.1:64770 - R:localhost/127.0.0.1:63994]
05:04:09.784 [Forwarding clearElement on session d7385e705afe01feb3f580b9517bcff9 to remote] DEBUG org.asynchttpclient.netty.request.NettyRequestSender - Using pooled Channel '[id: 0x51f8a2f1, L:/127.0.0.1:64770 - R:localhost/127.0.0.1:63994]' for 'POST' to 'http://localhost:63994/session/d7385e705afe01feb3f580b9517bcff9/element/e51facfd-a065-4e73-a922-7c3ad836df48/clear'
05:04:09.784 [Forwarding clearElement on session d7385e705afe01feb3f580b9517bcff9 to remote] DEBUG org.asynchttpclient.netty.request.NettyRequestSender - Using open Channel [id: 0x51f8a2f1, L:/127.0.0.1:64770 - R:localhost/127.0.0.1:63994] for POST '/session/d7385e705afe01feb3f580b9517bcff9/element/e51facfd-a065-4e73-a922-7c3ad836df48/clear'
05:04:09.863 [AsyncHttpClient-1-6] DEBUG org.asynchttpclient.netty.handler.HttpHandler - 

Request DefaultHttpRequest(decodeResult: success, version: HTTP/1.1)
POST /session/d7385e705afe01feb3f580b9517bcff9/element/e51facfd-a065-4e73-a922-7c3ad836df48/clear HTTP/1.1
User-Agent: selenium/4.1.2 (java windows)
Content-Length: 50
Content-Type: application/json; charset=utf-8
host: localhost:63994
accept: */*

Response DefaultHttpResponse(decodeResult: success, version: HTTP/1.1)
HTTP/1.1 200 OK
Content-Type: application/json; charset=utf-8
cache-control: no-cache
content-length: 14

05:04:09.863 [AsyncHttpClient-1-6] DEBUG org.asynchttpclient.netty.channel.ChannelManager - Adding key: http://localhost:63994 for channel [id: 0x51f8a2f1, L:/127.0.0.1:64770 - R:localhost/127.0.0.1:63994]
05:04:09.866 [Forwarding sendKeysToElement on session d7385e705afe01feb3f580b9517bcff9 to remote] DEBUG org.asynchttpclient.netty.request.NettyRequestSender - Using pooled Channel '[id: 0x51f8a2f1, L:/127.0.0.1:64770 - R:localhost/127.0.0.1:63994]' for 'POST' to 'http://localhost:63994/session/d7385e705afe01feb3f580b9517bcff9/element/e51facfd-a065-4e73-a922-7c3ad836df48/value'
05:04:09.866 [Forwarding sendKeysToElement on session d7385e705afe01feb3f580b9517bcff9 to remote] DEBUG org.asynchttpclient.netty.request.NettyRequestSender - Using open Channel [id: 0x51f8a2f1, L:/127.0.0.1:64770 - R:localhost/127.0.0.1:63994] for POST '/session/d7385e705afe01feb3f580b9517bcff9/element/e51facfd-a065-4e73-a922-7c3ad836df48/value'
05:04:10.087 [AsyncHttpClient-1-6] DEBUG org.asynchttpclient.netty.handler.HttpHandler - 

Request DefaultHttpRequest(decodeResult: success, version: HTTP/1.1)
POST /session/d7385e705afe01feb3f580b9517bcff9/element/e51facfd-a065-4e73-a922-7c3ad836df48/value HTTP/1.1
User-Agent: selenium/4.1.2 (java windows)
Content-Length: 261
Content-Type: application/json; charset=utf-8
host: localhost:63994
accept: */*

Response DefaultHttpResponse(decodeResult: success, version: HTTP/1.1)
HTTP/1.1 200 OK
Content-Type: application/json; charset=utf-8
cache-control: no-cache
content-length: 14

05:04:10.087 [AsyncHttpClient-1-6] DEBUG org.asynchttpclient.netty.channel.ChannelManager - Adding key: http://localhost:63994 for channel [id: 0x51f8a2f1, L:/127.0.0.1:64770 - R:localhost/127.0.0.1:63994]
05:04:10.100 [Forwarding screenshot on session d7385e705afe01feb3f580b9517bcff9 to remote] DEBUG org.asynchttpclient.netty.request.NettyRequestSender - Using pooled Channel '[id: 0x51f8a2f1, L:/127.0.0.1:64770 - R:localhost/127.0.0.1:63994]' for 'GET' to 'http://localhost:63994/session/d7385e705afe01feb3f580b9517bcff9/screenshot'
05:04:10.100 [Forwarding screenshot on session d7385e705afe01feb3f580b9517bcff9 to remote] DEBUG org.asynchttpclient.netty.request.NettyRequestSender - Using open Channel [id: 0x51f8a2f1, L:/127.0.0.1:64770 - R:localhost/127.0.0.1:63994] for GET '/session/d7385e705afe01feb3f580b9517bcff9/screenshot'
05:04:10.341 [AsyncHttpClient-1-1] DEBUG org.asynchttpclient.netty.channel.DefaultChannelPool - Entry count for : http://localhost:64772 : 1
05:04:10.485 [AsyncHttpClient-1-6] DEBUG org.asynchttpclient.netty.handler.HttpHandler - 

Request DefaultFullHttpRequest(decodeResult: success, version: HTTP/1.1, content: EmptyByteBufBE)
GET /session/d7385e705afe01feb3f580b9517bcff9/screenshot HTTP/1.1
User-Agent: selenium/4.1.2 (java windows)
Cache-Control: no-cache
Content-Type: application/json; charset=utf-8
host: localhost:63994
accept: */*

Response DefaultHttpResponse(decodeResult: success, version: HTTP/1.1)
HTTP/1.1 200 OK
Content-Type: application/json; charset=utf-8
cache-control: no-cache
content-length: 231396

05:04:10.487 [AsyncHttpClient-1-6] DEBUG org.asynchttpclient.netty.channel.ChannelManager - Adding key: http://localhost:63994 for channel [id: 0x51f8a2f1, L:/127.0.0.1:64770 - R:localhost/127.0.0.1:63994]
05:04:10.510 [main] DEBUG net.serenitybdd.core.photography.Darkroom - Send negative for processing for target\site\serenity\b3868473e2b79f40f8dab620f33c839d85b92d940d318baf66bea1557b15d68d.png
05:04:10.510 [main] DEBUG net.thucydides.core.steps.StepInterceptor - STEP DONE: inputEmail
  &amp#27;[32mWhen &amp#27;[0m&amp#27;[32mi input valid email&amp#27;[0m                                  &amp#27;[90m# starter.stepdefenitions.LoginSteps.inputValidEmail()&amp#27;[0m
05:04:10.544 [main] DEBUG net.thucydides.core.steps.StepInterceptor - STARTING STEP: LoginSteps.inputValidPassword - showPass
05:04:10.550 [Forwarding findElement on session d7385e705afe01feb3f580b9517bcff9 to remote] DEBUG org.asynchttpclient.netty.request.NettyRequestSender - Using pooled Channel '[id: 0x51f8a2f1, L:/127.0.0.1:64770 - R:localhost/127.0.0.1:63994]' for 'POST' to 'http://localhost:63994/session/d7385e705afe01feb3f580b9517bcff9/element'
05:04:10.551 [Forwarding findElement on session d7385e705afe01feb3f580b9517bcff9 to remote] DEBUG org.asynchttpclient.netty.request.NettyRequestSender - Using open Channel [id: 0x51f8a2f1, L:/127.0.0.1:64770 - R:localhost/127.0.0.1:63994] for POST '/session/d7385e705afe01feb3f580b9517bcff9/element'
05:04:10.576 [AsyncHttpClient-1-6] DEBUG org.asynchttpclient.netty.handler.HttpHandler - 

Request DefaultHttpRequest(decodeResult: success, version: HTTP/1.1)
POST /session/d7385e705afe01feb3f580b9517bcff9/element HTTP/1.1
User-Agent: selenium/4.1.2 (java windows)
Content-Length: 95
Content-Type: application/json; charset=utf-8
host: localhost:63994
accept: */*

Response DefaultHttpResponse(decodeResult: success, version: HTTP/1.1)
HTTP/1.1 200 OK
Content-Type: application/json; charset=utf-8
cache-control: no-cache
content-length: 88

05:04:10.576 [AsyncHttpClient-1-6] DEBUG org.asynchttpclient.netty.channel.ChannelManager - Adding key: http://localhost:63994 for channel [id: 0x51f8a2f1, L:/127.0.0.1:64770 - R:localhost/127.0.0.1:63994]
05:04:10.578 [Forwarding getElementTagName on session d7385e705afe01feb3f580b9517bcff9 to remote] DEBUG org.asynchttpclient.netty.request.NettyRequestSender - Using pooled Channel '[id: 0x51f8a2f1, L:/127.0.0.1:64770 - R:localhost/127.0.0.1:63994]' for 'GET' to 'http://localhost:63994/session/d7385e705afe01feb3f580b9517bcff9/element/07976a69-d1d2-4cca-bc9f-670dbe311ddf/name'
05:04:10.579 [Forwarding getElementTagName on session d7385e705afe01feb3f580b9517bcff9 to remote] DEBUG org.asynchttpclient.netty.request.NettyRequestSender - Using open Channel [id: 0x51f8a2f1, L:/127.0.0.1:64770 - R:localhost/127.0.0.1:63994] for GET '/session/d7385e705afe01feb3f580b9517bcff9/element/07976a69-d1d2-4cca-bc9f-670dbe311ddf/name'
05:04:10.592 [AsyncHttpClient-1-6] DEBUG org.asynchttpclient.netty.handler.HttpHandler - 

Request DefaultFullHttpRequest(decodeResult: success, version: HTTP/1.1, content: EmptyByteBufBE)
GET /session/d7385e705afe01feb3f580b9517bcff9/element/07976a69-d1d2-4cca-bc9f-670dbe311ddf/name HTTP/1.1
User-Agent: selenium/4.1.2 (java windows)
Cache-Control: no-cache
Content-Type: application/json; charset=utf-8
host: localhost:63994
accept: */*

Response DefaultHttpResponse(decodeResult: success, version: HTTP/1.1)
HTTP/1.1 200 OK
Content-Type: application/json; charset=utf-8
cache-control: no-cache
content-length: 16

05:04:10.593 [AsyncHttpClient-1-6] DEBUG org.asynchttpclient.netty.channel.ChannelManager - Adding key: http://localhost:63994 for channel [id: 0x51f8a2f1, L:/127.0.0.1:64770 - R:localhost/127.0.0.1:63994]
05:04:10.605 [Forwarding getElementTagName on session d7385e705afe01feb3f580b9517bcff9 to remote] DEBUG org.asynchttpclient.netty.request.NettyRequestSender - Using pooled Channel '[id: 0x51f8a2f1, L:/127.0.0.1:64770 - R:localhost/127.0.0.1:63994]' for 'GET' to 'http://localhost:63994/session/d7385e705afe01feb3f580b9517bcff9/element/07976a69-d1d2-4cca-bc9f-670dbe311ddf/name'
05:04:10.605 [Forwarding getElementTagName on session d7385e705afe01feb3f580b9517bcff9 to remote] DEBUG org.asynchttpclient.netty.request.NettyRequestSender - Using open Channel [id: 0x51f8a2f1, L:/127.0.0.1:64770 - R:localhost/127.0.0.1:63994] for GET '/session/d7385e705afe01feb3f580b9517bcff9/element/07976a69-d1d2-4cca-bc9f-670dbe311ddf/name'
05:04:10.611 [AsyncHttpClient-1-6] DEBUG org.asynchttpclient.netty.handler.HttpHandler - 

Request DefaultFullHttpRequest(decodeResult: success, version: HTTP/1.1, content: EmptyByteBufBE)
GET /session/d7385e705afe01feb3f580b9517bcff9/element/07976a69-d1d2-4cca-bc9f-670dbe311ddf/name HTTP/1.1
User-Agent: selenium/4.1.2 (java windows)
Cache-Control: no-cache
Content-Type: application/json; charset=utf-8
host: localhost:63994
accept: */*

Response DefaultHttpResponse(decodeResult: success, version: HTTP/1.1)
HTTP/1.1 200 OK
Content-Type: application/json; charset=utf-8
cache-control: no-cache
content-length: 16

05:04:10.612 [AsyncHttpClient-1-6] DEBUG org.asynchttpclient.netty.channel.ChannelManager - Adding key: http://localhost:63994 for channel [id: 0x51f8a2f1, L:/127.0.0.1:64770 - R:localhost/127.0.0.1:63994]
05:04:10.616 [Forwarding findElement on session d7385e705afe01feb3f580b9517bcff9 to remote] DEBUG org.asynchttpclient.netty.request.NettyRequestSender - Using pooled Channel '[id: 0x51f8a2f1, L:/127.0.0.1:64770 - R:localhost/127.0.0.1:63994]' for 'POST' to 'http://localhost:63994/session/d7385e705afe01feb3f580b9517bcff9/element'
05:04:10.616 [Forwarding findElement on session d7385e705afe01feb3f580b9517bcff9 to remote] DEBUG org.asynchttpclient.netty.request.NettyRequestSender - Using open Channel [id: 0x51f8a2f1, L:/127.0.0.1:64770 - R:localhost/127.0.0.1:63994] for POST '/session/d7385e705afe01feb3f580b9517bcff9/element'
05:04:10.630 [AsyncHttpClient-1-6] DEBUG org.asynchttpclient.netty.handler.HttpHandler - 

Request DefaultHttpRequest(decodeResult: success, version: HTTP/1.1)
POST /session/d7385e705afe01feb3f580b9517bcff9/element HTTP/1.1
User-Agent: selenium/4.1.2 (java windows)
Content-Length: 95
Content-Type: application/json; charset=utf-8
host: localhost:63994
accept: */*

Response DefaultHttpResponse(decodeResult: success, version: HTTP/1.1)
HTTP/1.1 200 OK
Content-Type: application/json; charset=utf-8
cache-control: no-cache
content-length: 88

05:04:10.630 [AsyncHttpClient-1-6] DEBUG org.asynchttpclient.netty.channel.ChannelManager - Adding key: http://localhost:63994 for channel [id: 0x51f8a2f1, L:/127.0.0.1:64770 - R:localhost/127.0.0.1:63994]
05:04:10.632 [Forwarding clickElement on session d7385e705afe01feb3f580b9517bcff9 to remote] DEBUG org.asynchttpclient.netty.request.NettyRequestSender - Using pooled Channel '[id: 0x51f8a2f1, L:/127.0.0.1:64770 - R:localhost/127.0.0.1:63994]' for 'POST' to 'http://localhost:63994/session/d7385e705afe01feb3f580b9517bcff9/element/07976a69-d1d2-4cca-bc9f-670dbe311ddf/click'
05:04:10.632 [Forwarding clickElement on session d7385e705afe01feb3f580b9517bcff9 to remote] DEBUG org.asynchttpclient.netty.request.NettyRequestSender - Using open Channel [id: 0x51f8a2f1, L:/127.0.0.1:64770 - R:localhost/127.0.0.1:63994] for POST '/session/d7385e705afe01feb3f580b9517bcff9/element/07976a69-d1d2-4cca-bc9f-670dbe311ddf/click'
05:04:10.724 [AsyncHttpClient-1-6] DEBUG org.asynchttpclient.netty.handler.HttpHandler - 

Request DefaultHttpRequest(decodeResult: success, version: HTTP/1.1)
POST /session/d7385e705afe01feb3f580b9517bcff9/element/07976a69-d1d2-4cca-bc9f-670dbe311ddf/click HTTP/1.1
User-Agent: selenium/4.1.2 (java windows)
Content-Length: 50
Content-Type: application/json; charset=utf-8
host: localhost:63994
accept: */*

Response DefaultHttpResponse(decodeResult: success, version: HTTP/1.1)
HTTP/1.1 200 OK
Content-Type: application/json; charset=utf-8
cache-control: no-cache
content-length: 14

05:04:10.724 [AsyncHttpClient-1-6] DEBUG org.asynchttpclient.netty.channel.ChannelManager - Adding key: http://localhost:63994 for channel [id: 0x51f8a2f1, L:/127.0.0.1:64770 - R:localhost/127.0.0.1:63994]
05:04:10.739 [Forwarding screenshot on session d7385e705afe01feb3f580b9517bcff9 to remote] DEBUG org.asynchttpclient.netty.request.NettyRequestSender - Using pooled Channel '[id: 0x51f8a2f1, L:/127.0.0.1:64770 - R:localhost/127.0.0.1:63994]' for 'GET' to 'http://localhost:63994/session/d7385e705afe01feb3f580b9517bcff9/screenshot'
05:04:10.739 [Forwarding screenshot on session d7385e705afe01feb3f580b9517bcff9 to remote] DEBUG org.asynchttpclient.netty.request.NettyRequestSender - Using open Channel [id: 0x51f8a2f1, L:/127.0.0.1:64770 - R:localhost/127.0.0.1:63994] for GET '/session/d7385e705afe01feb3f580b9517bcff9/screenshot'
05:04:11.117 [AsyncHttpClient-1-6] DEBUG org.asynchttpclient.netty.handler.HttpHandler - 

Request DefaultFullHttpRequest(decodeResult: success, version: HTTP/1.1, content: EmptyByteBufBE)
GET /session/d7385e705afe01feb3f580b9517bcff9/screenshot HTTP/1.1
User-Agent: selenium/4.1.2 (java windows)
Cache-Control: no-cache
Content-Type: application/json; charset=utf-8
host: localhost:63994
accept: */*

Response DefaultHttpResponse(decodeResult: success, version: HTTP/1.1)
HTTP/1.1 200 OK
Content-Type: application/json; charset=utf-8
cache-control: no-cache
content-length: 230264

05:04:11.119 [AsyncHttpClient-1-6] DEBUG org.asynchttpclient.netty.channel.ChannelManager - Adding key: http://localhost:63994 for channel [id: 0x51f8a2f1, L:/127.0.0.1:64770 - R:localhost/127.0.0.1:63994]
05:04:11.142 [main] DEBUG net.serenitybdd.core.photography.Darkroom - Send negative for processing for target\site\serenity\1f64d945581aa112a9e326d75a198002832c07176f6f857cd0bc505a1c243bb1.png
05:04:11.143 [main] DEBUG net.thucydides.core.steps.StepInterceptor - STEP DONE: showPass
05:04:11.166 [main] DEBUG net.thucydides.core.steps.StepInterceptor - STARTING STEP: LoginSteps.inputValidPassword - inputPassword
05:04:11.175 [Forwarding findElement on session d7385e705afe01feb3f580b9517bcff9 to remote] DEBUG org.asynchttpclient.netty.request.NettyRequestSender - Using pooled Channel '[id: 0x51f8a2f1, L:/127.0.0.1:64770 - R:localhost/127.0.0.1:63994]' for 'POST' to 'http://localhost:63994/session/d7385e705afe01feb3f580b9517bcff9/element'
05:04:11.175 [Forwarding findElement on session d7385e705afe01feb3f580b9517bcff9 to remote] DEBUG org.asynchttpclient.netty.request.NettyRequestSender - Using open Channel [id: 0x51f8a2f1, L:/127.0.0.1:64770 - R:localhost/127.0.0.1:63994] for POST '/session/d7385e705afe01feb3f580b9517bcff9/element'
05:04:11.201 [AsyncHttpClient-1-6] DEBUG org.asynchttpclient.netty.handler.HttpHandler - 

Request DefaultHttpRequest(decodeResult: success, version: HTTP/1.1)
POST /session/d7385e705afe01feb3f580b9517bcff9/element HTTP/1.1
User-Agent: selenium/4.1.2 (java windows)
Content-Length: 63
Content-Type: application/json; charset=utf-8
host: localhost:63994
accept: */*

Response DefaultHttpResponse(decodeResult: success, version: HTTP/1.1)
HTTP/1.1 200 OK
Content-Type: application/json; charset=utf-8
cache-control: no-cache
content-length: 88

05:04:11.201 [AsyncHttpClient-1-6] DEBUG org.asynchttpclient.netty.channel.ChannelManager - Adding key: http://localhost:63994 for channel [id: 0x51f8a2f1, L:/127.0.0.1:64770 - R:localhost/127.0.0.1:63994]
05:04:11.203 [Forwarding clearElement on session d7385e705afe01feb3f580b9517bcff9 to remote] DEBUG org.asynchttpclient.netty.request.NettyRequestSender - Using pooled Channel '[id: 0x51f8a2f1, L:/127.0.0.1:64770 - R:localhost/127.0.0.1:63994]' for 'POST' to 'http://localhost:63994/session/d7385e705afe01feb3f580b9517bcff9/element/a09cf665-e529-4522-903a-719e86c469db/clear'
05:04:11.203 [Forwarding clearElement on session d7385e705afe01feb3f580b9517bcff9 to remote] DEBUG org.asynchttpclient.netty.request.NettyRequestSender - Using open Channel [id: 0x51f8a2f1, L:/127.0.0.1:64770 - R:localhost/127.0.0.1:63994] for POST '/session/d7385e705afe01feb3f580b9517bcff9/element/a09cf665-e529-4522-903a-719e86c469db/clear'
05:04:11.272 [AsyncHttpClient-1-6] DEBUG org.asynchttpclient.netty.handler.HttpHandler - 

Request DefaultHttpRequest(decodeResult: success, version: HTTP/1.1)
POST /session/d7385e705afe01feb3f580b9517bcff9/element/a09cf665-e529-4522-903a-719e86c469db/clear HTTP/1.1
User-Agent: selenium/4.1.2 (java windows)
Content-Length: 50
Content-Type: application/json; charset=utf-8
host: localhost:63994
accept: */*

Response DefaultHttpResponse(decodeResult: success, version: HTTP/1.1)
HTTP/1.1 200 OK
Content-Type: application/json; charset=utf-8
cache-control: no-cache
content-length: 14

05:04:11.272 [AsyncHttpClient-1-6] DEBUG org.asynchttpclient.netty.channel.ChannelManager - Adding key: http://localhost:63994 for channel [id: 0x51f8a2f1, L:/127.0.0.1:64770 - R:localhost/127.0.0.1:63994]
05:04:11.277 [Forwarding sendKeysToElement on session d7385e705afe01feb3f580b9517bcff9 to remote] DEBUG org.asynchttpclient.netty.request.NettyRequestSender - Using pooled Channel '[id: 0x51f8a2f1, L:/127.0.0.1:64770 - R:localhost/127.0.0.1:63994]' for 'POST' to 'http://localhost:63994/session/d7385e705afe01feb3f580b9517bcff9/element/a09cf665-e529-4522-903a-719e86c469db/value'
05:04:11.277 [Forwarding sendKeysToElement on session d7385e705afe01feb3f580b9517bcff9 to remote] DEBUG org.asynchttpclient.netty.request.NettyRequestSender - Using open Channel [id: 0x51f8a2f1, L:/127.0.0.1:64770 - R:localhost/127.0.0.1:63994] for POST '/session/d7385e705afe01feb3f580b9517bcff9/element/a09cf665-e529-4522-903a-719e86c469db/value'
05:04:11.434 [AsyncHttpClient-1-1] DEBUG org.asynchttpclient.netty.channel.DefaultChannelPool - Entry count for : http://localhost:64772 : 1
05:04:11.462 [AsyncHttpClient-1-6] DEBUG org.asynchttpclient.netty.handler.HttpHandler - 

Request DefaultHttpRequest(decodeResult: success, version: HTTP/1.1)
POST /session/d7385e705afe01feb3f580b9517bcff9/element/a09cf665-e529-4522-903a-719e86c469db/value HTTP/1.1
User-Agent: selenium/4.1.2 (java windows)
Content-Length: 181
Content-Type: application/json; charset=utf-8
host: localhost:63994
accept: */*

Response DefaultHttpResponse(decodeResult: success, version: HTTP/1.1)
HTTP/1.1 200 OK
Content-Type: application/json; charset=utf-8
cache-control: no-cache
content-length: 14

05:04:11.462 [AsyncHttpClient-1-6] DEBUG org.asynchttpclient.netty.channel.ChannelManager - Adding key: http://localhost:63994 for channel [id: 0x51f8a2f1, L:/127.0.0.1:64770 - R:localhost/127.0.0.1:63994]
05:04:11.477 [Forwarding screenshot on session d7385e705afe01feb3f580b9517bcff9 to remote] DEBUG org.asynchttpclient.netty.request.NettyRequestSender - Using pooled Channel '[id: 0x51f8a2f1, L:/127.0.0.1:64770 - R:localhost/127.0.0.1:63994]' for 'GET' to 'http://localhost:63994/session/d7385e705afe01feb3f580b9517bcff9/screenshot'
05:04:11.477 [Forwarding screenshot on session d7385e705afe01feb3f580b9517bcff9 to remote] DEBUG org.asynchttpclient.netty.request.NettyRequestSender - Using open Channel [id: 0x51f8a2f1, L:/127.0.0.1:64770 - R:localhost/127.0.0.1:63994] for GET '/session/d7385e705afe01feb3f580b9517bcff9/screenshot'
05:04:11.863 [AsyncHttpClient-1-6] DEBUG org.asynchttpclient.netty.handler.HttpHandler - 

Request DefaultFullHttpRequest(decodeResult: success, version: HTTP/1.1, content: EmptyByteBufBE)
GET /session/d7385e705afe01feb3f580b9517bcff9/screenshot HTTP/1.1
User-Agent: selenium/4.1.2 (java windows)
Cache-Control: no-cache
Content-Type: application/json; charset=utf-8
host: localhost:63994
accept: */*

Response DefaultHttpResponse(decodeResult: success, version: HTTP/1.1)
HTTP/1.1 200 OK
Content-Type: application/json; charset=utf-8
cache-control: no-cache
content-length: 233392

05:04:11.865 [AsyncHttpClient-1-6] DEBUG org.asynchttpclient.netty.channel.ChannelManager - Adding key: http://localhost:63994 for channel [id: 0x51f8a2f1, L:/127.0.0.1:64770 - R:localhost/127.0.0.1:63994]
05:04:11.918 [main] DEBUG net.serenitybdd.core.photography.Darkroom - Send negative for processing for target\site\serenity\3ece4fd11926f08c5bf85ce6af4bed34f7e08d6061a1a81642467700e67c8d73.png
05:04:11.918 [main] DEBUG net.thucydides.core.steps.StepInterceptor - STEP DONE: inputPassword
  &amp#27;[32mAnd &amp#27;[0m&amp#27;[32mi input valid password&amp#27;[0m                                &amp#27;[90m# starter.stepdefenitions.LoginSteps.inputValidPassword()&amp#27;[0m
05:04:11.951 [main] DEBUG net.thucydides.core.steps.StepInterceptor - STARTING STEP: LoginSteps.clickLoginButton - clickLoginButton
05:04:11.958 [Forwarding findElement on session d7385e705afe01feb3f580b9517bcff9 to remote] DEBUG org.asynchttpclient.netty.request.NettyRequestSender - Using pooled Channel '[id: 0x51f8a2f1, L:/127.0.0.1:64770 - R:localhost/127.0.0.1:63994]' for 'POST' to 'http://localhost:63994/session/d7385e705afe01feb3f580b9517bcff9/element'
05:04:11.958 [Forwarding findElement on session d7385e705afe01feb3f580b9517bcff9 to remote] DEBUG org.asynchttpclient.netty.request.NettyRequestSender - Using open Channel [id: 0x51f8a2f1, L:/127.0.0.1:64770 - R:localhost/127.0.0.1:63994] for POST '/session/d7385e705afe01feb3f580b9517bcff9/element'
05:04:11.973 [AsyncHttpClient-1-6] DEBUG org.asynchttpclient.netty.handler.HttpHandler - 

Request DefaultHttpRequest(decodeResult: success, version: HTTP/1.1)
POST /session/d7385e705afe01feb3f580b9517bcff9/element HTTP/1.1
User-Agent: selenium/4.1.2 (java windows)
Content-Length: 66
Content-Type: application/json; charset=utf-8
host: localhost:63994
accept: */*

Response DefaultHttpResponse(decodeResult: success, version: HTTP/1.1)
HTTP/1.1 200 OK
Content-Type: application/json; charset=utf-8
cache-control: no-cache
content-length: 88

05:04:11.973 [AsyncHttpClient-1-6] DEBUG org.asynchttpclient.netty.channel.ChannelManager - Adding key: http://localhost:63994 for channel [id: 0x51f8a2f1, L:/127.0.0.1:64770 - R:localhost/127.0.0.1:63994]
05:04:11.975 [Forwarding getElementTagName on session d7385e705afe01feb3f580b9517bcff9 to remote] DEBUG org.asynchttpclient.netty.request.NettyRequestSender - Using pooled Channel '[id: 0x51f8a2f1, L:/127.0.0.1:64770 - R:localhost/127.0.0.1:63994]' for 'GET' to 'http://localhost:63994/session/d7385e705afe01feb3f580b9517bcff9/element/5616a42e-09f7-45b7-a3ad-fe7f05ad66d5/name'
05:04:11.975 [Forwarding getElementTagName on session d7385e705afe01feb3f580b9517bcff9 to remote] DEBUG org.asynchttpclient.netty.request.NettyRequestSender - Using open Channel [id: 0x51f8a2f1, L:/127.0.0.1:64770 - R:localhost/127.0.0.1:63994] for GET '/session/d7385e705afe01feb3f580b9517bcff9/element/5616a42e-09f7-45b7-a3ad-fe7f05ad66d5/name'
05:04:11.987 [AsyncHttpClient-1-6] DEBUG org.asynchttpclient.netty.handler.HttpHandler - 

Request DefaultFullHttpRequest(decodeResult: success, version: HTTP/1.1, content: EmptyByteBufBE)
GET /session/d7385e705afe01feb3f580b9517bcff9/element/5616a42e-09f7-45b7-a3ad-fe7f05ad66d5/name HTTP/1.1
User-Agent: selenium/4.1.2 (java windows)
Cache-Control: no-cache
Content-Type: application/json; charset=utf-8
host: localhost:63994
accept: */*

Response DefaultHttpResponse(decodeResult: success, version: HTTP/1.1)
HTTP/1.1 200 OK
Content-Type: application/json; charset=utf-8
cache-control: no-cache
content-length: 18

05:04:11.987 [AsyncHttpClient-1-6] DEBUG org.asynchttpclient.netty.channel.ChannelManager - Adding key: http://localhost:63994 for channel [id: 0x51f8a2f1, L:/127.0.0.1:64770 - R:localhost/127.0.0.1:63994]
05:04:11.990 [Forwarding getElementTagName on session d7385e705afe01feb3f580b9517bcff9 to remote] DEBUG org.asynchttpclient.netty.request.NettyRequestSender - Using pooled Channel '[id: 0x51f8a2f1, L:/127.0.0.1:64770 - R:localhost/127.0.0.1:63994]' for 'GET' to 'http://localhost:63994/session/d7385e705afe01feb3f580b9517bcff9/element/5616a42e-09f7-45b7-a3ad-fe7f05ad66d5/name'
05:04:11.990 [Forwarding getElementTagName on session d7385e705afe01feb3f580b9517bcff9 to remote] DEBUG org.asynchttpclient.netty.request.NettyRequestSender - Using open Channel [id: 0x51f8a2f1, L:/127.0.0.1:64770 - R:localhost/127.0.0.1:63994] for GET '/session/d7385e705afe01feb3f580b9517bcff9/element/5616a42e-09f7-45b7-a3ad-fe7f05ad66d5/name'
05:04:11.998 [AsyncHttpClient-1-6] DEBUG org.asynchttpclient.netty.handler.HttpHandler - 

Request DefaultFullHttpRequest(decodeResult: success, version: HTTP/1.1, content: EmptyByteBufBE)
GET /session/d7385e705afe01feb3f580b9517bcff9/element/5616a42e-09f7-45b7-a3ad-fe7f05ad66d5/name HTTP/1.1
User-Agent: selenium/4.1.2 (java windows)
Cache-Control: no-cache
Content-Type: application/json; charset=utf-8
host: localhost:63994
accept: */*

Response DefaultHttpResponse(decodeResult: success, version: HTTP/1.1)
HTTP/1.1 200 OK
Content-Type: application/json; charset=utf-8
cache-control: no-cache
content-length: 18

05:04:11.999 [AsyncHttpClient-1-6] DEBUG org.asynchttpclient.netty.channel.ChannelManager - Adding key: http://localhost:63994 for channel [id: 0x51f8a2f1, L:/127.0.0.1:64770 - R:localhost/127.0.0.1:63994]
05:04:12.004 [Forwarding isElementEnabled on session d7385e705afe01feb3f580b9517bcff9 to remote] DEBUG org.asynchttpclient.netty.request.NettyRequestSender - Using pooled Channel '[id: 0x51f8a2f1, L:/127.0.0.1:64770 - R:localhost/127.0.0.1:63994]' for 'GET' to 'http://localhost:63994/session/d7385e705afe01feb3f580b9517bcff9/element/5616a42e-09f7-45b7-a3ad-fe7f05ad66d5/enabled'
05:04:12.004 [Forwarding isElementEnabled on session d7385e705afe01feb3f580b9517bcff9 to remote] DEBUG org.asynchttpclient.netty.request.NettyRequestSender - Using open Channel [id: 0x51f8a2f1, L:/127.0.0.1:64770 - R:localhost/127.0.0.1:63994] for GET '/session/d7385e705afe01feb3f580b9517bcff9/element/5616a42e-09f7-45b7-a3ad-fe7f05ad66d5/enabled'
05:04:12.022 [AsyncHttpClient-1-6] DEBUG org.asynchttpclient.netty.handler.HttpHandler - 

Request DefaultFullHttpRequest(decodeResult: success, version: HTTP/1.1, content: EmptyByteBufBE)
GET /session/d7385e705afe01feb3f580b9517bcff9/element/5616a42e-09f7-45b7-a3ad-fe7f05ad66d5/enabled HTTP/1.1
User-Agent: selenium/4.1.2 (java windows)
Cache-Control: no-cache
Content-Type: application/json; charset=utf-8
host: localhost:63994
accept: */*

Response DefaultHttpResponse(decodeResult: success, version: HTTP/1.1)
HTTP/1.1 200 OK
Content-Type: application/json; charset=utf-8
cache-control: no-cache
content-length: 14

05:04:12.022 [AsyncHttpClient-1-6] DEBUG org.asynchttpclient.netty.channel.ChannelManager - Adding key: http://localhost:63994 for channel [id: 0x51f8a2f1, L:/127.0.0.1:64770 - R:localhost/127.0.0.1:63994]
05:04:12.024 [Forwarding isElementEnabled on session d7385e705afe01feb3f580b9517bcff9 to remote] DEBUG org.asynchttpclient.netty.request.NettyRequestSender - Using pooled Channel '[id: 0x51f8a2f1, L:/127.0.0.1:64770 - R:localhost/127.0.0.1:63994]' for 'GET' to 'http://localhost:63994/session/d7385e705afe01feb3f580b9517bcff9/element/5616a42e-09f7-45b7-a3ad-fe7f05ad66d5/enabled'
05:04:12.024 [Forwarding isElementEnabled on session d7385e705afe01feb3f580b9517bcff9 to remote] DEBUG org.asynchttpclient.netty.request.NettyRequestSender - Using open Channel [id: 0x51f8a2f1, L:/127.0.0.1:64770 - R:localhost/127.0.0.1:63994] for GET '/session/d7385e705afe01feb3f580b9517bcff9/element/5616a42e-09f7-45b7-a3ad-fe7f05ad66d5/enabled'
05:04:12.034 [AsyncHttpClient-1-6] DEBUG org.asynchttpclient.netty.handler.HttpHandler - 

Request DefaultFullHttpRequest(decodeResult: success, version: HTTP/1.1, content: EmptyByteBufBE)
GET /session/d7385e705afe01feb3f580b9517bcff9/element/5616a42e-09f7-45b7-a3ad-fe7f05ad66d5/enabled HTTP/1.1
User-Agent: selenium/4.1.2 (java windows)
Cache-Control: no-cache
Content-Type: application/json; charset=utf-8
host: localhost:63994
accept: */*

Response DefaultHttpResponse(decodeResult: success, version: HTTP/1.1)
HTTP/1.1 200 OK
Content-Type: application/json; charset=utf-8
cache-control: no-cache
content-length: 14

05:04:12.034 [AsyncHttpClient-1-6] DEBUG org.asynchttpclient.netty.channel.ChannelManager - Adding key: http://localhost:63994 for channel [id: 0x51f8a2f1, L:/127.0.0.1:64770 - R:localhost/127.0.0.1:63994]
05:04:12.039 [Forwarding findElement on session d7385e705afe01feb3f580b9517bcff9 to remote] DEBUG org.asynchttpclient.netty.request.NettyRequestSender - Using pooled Channel '[id: 0x51f8a2f1, L:/127.0.0.1:64770 - R:localhost/127.0.0.1:63994]' for 'POST' to 'http://localhost:63994/session/d7385e705afe01feb3f580b9517bcff9/element'
05:04:12.039 [Forwarding findElement on session d7385e705afe01feb3f580b9517bcff9 to remote] DEBUG org.asynchttpclient.netty.request.NettyRequestSender - Using open Channel [id: 0x51f8a2f1, L:/127.0.0.1:64770 - R:localhost/127.0.0.1:63994] for POST '/session/d7385e705afe01feb3f580b9517bcff9/element'
05:04:12.055 [AsyncHttpClient-1-6] DEBUG org.asynchttpclient.netty.handler.HttpHandler - 

Request DefaultHttpRequest(decodeResult: success, version: HTTP/1.1)
POST /session/d7385e705afe01feb3f580b9517bcff9/element HTTP/1.1
User-Agent: selenium/4.1.2 (java windows)
Content-Length: 66
Content-Type: application/json; charset=utf-8
host: localhost:63994
accept: */*

Response DefaultHttpResponse(decodeResult: success, version: HTTP/1.1)
HTTP/1.1 200 OK
Content-Type: application/json; charset=utf-8
cache-control: no-cache
content-length: 88

05:04:12.056 [AsyncHttpClient-1-6] DEBUG org.asynchttpclient.netty.channel.ChannelManager - Adding key: http://localhost:63994 for channel [id: 0x51f8a2f1, L:/127.0.0.1:64770 - R:localhost/127.0.0.1:63994]
05:04:12.057 [Forwarding clickElement on session d7385e705afe01feb3f580b9517bcff9 to remote] DEBUG org.asynchttpclient.netty.request.NettyRequestSender - Using pooled Channel '[id: 0x51f8a2f1, L:/127.0.0.1:64770 - R:localhost/127.0.0.1:63994]' for 'POST' to 'http://localhost:63994/session/d7385e705afe01feb3f580b9517bcff9/element/5616a42e-09f7-45b7-a3ad-fe7f05ad66d5/click'
05:04:12.058 [Forwarding clickElement on session d7385e705afe01feb3f580b9517bcff9 to remote] DEBUG org.asynchttpclient.netty.request.NettyRequestSender - Using open Channel [id: 0x51f8a2f1, L:/127.0.0.1:64770 - R:localhost/127.0.0.1:63994] for POST '/session/d7385e705afe01feb3f580b9517bcff9/element/5616a42e-09f7-45b7-a3ad-fe7f05ad66d5/click'
05:04:12.268 [AsyncHttpClient-1-6] DEBUG org.asynchttpclient.netty.handler.HttpHandler - 

Request DefaultHttpRequest(decodeResult: success, version: HTTP/1.1)
POST /session/d7385e705afe01feb3f580b9517bcff9/element/5616a42e-09f7-45b7-a3ad-fe7f05ad66d5/click HTTP/1.1
User-Agent: selenium/4.1.2 (java windows)
Content-Length: 50
Content-Type: application/json; charset=utf-8
host: localhost:63994
accept: */*

Response DefaultHttpResponse(decodeResult: success, version: HTTP/1.1)
HTTP/1.1 200 OK
Content-Type: application/json; charset=utf-8
cache-control: no-cache
content-length: 14

05:04:12.268 [AsyncHttpClient-1-6] DEBUG org.asynchttpclient.netty.channel.ChannelManager - Adding key: http://localhost:63994 for channel [id: 0x51f8a2f1, L:/127.0.0.1:64770 - R:localhost/127.0.0.1:63994]
05:04:12.280 [Forwarding screenshot on session d7385e705afe01feb3f580b9517bcff9 to remote] DEBUG org.asynchttpclient.netty.request.NettyRequestSender - Using pooled Channel '[id: 0x51f8a2f1, L:/127.0.0.1:64770 - R:localhost/127.0.0.1:63994]' for 'GET' to 'http://localhost:63994/session/d7385e705afe01feb3f580b9517bcff9/screenshot'
05:04:12.280 [Forwarding screenshot on session d7385e705afe01feb3f580b9517bcff9 to remote] DEBUG org.asynchttpclient.netty.request.NettyRequestSender - Using open Channel [id: 0x51f8a2f1, L:/127.0.0.1:64770 - R:localhost/127.0.0.1:63994] for GET '/session/d7385e705afe01feb3f580b9517bcff9/screenshot'
05:04:12.550 [AsyncHttpClient-1-1] DEBUG org.asynchttpclient.netty.channel.DefaultChannelPool - Entry count for : http://localhost:64772 : 1
05:04:12.658 [AsyncHttpClient-1-6] DEBUG org.asynchttpclient.netty.handler.HttpHandler - 

Request DefaultFullHttpRequest(decodeResult: success, version: HTTP/1.1, content: EmptyByteBufBE)
GET /session/d7385e705afe01feb3f580b9517bcff9/screenshot HTTP/1.1
User-Agent: selenium/4.1.2 (java windows)
Cache-Control: no-cache
Content-Type: application/json; charset=utf-8
host: localhost:63994
accept: */*

Response DefaultHttpResponse(decodeResult: success, version: HTTP/1.1)
HTTP/1.1 200 OK
Content-Type: application/json; charset=utf-8
cache-control: no-cache
content-length: 231088

05:04:12.659 [AsyncHttpClient-1-6] DEBUG org.asynchttpclient.netty.channel.ChannelManager - Adding key: http://localhost:63994 for channel [id: 0x51f8a2f1, L:/127.0.0.1:64770 - R:localhost/127.0.0.1:63994]
05:04:12.681 [main] DEBUG net.serenitybdd.core.photography.Darkroom - Send negative for processing for target\site\serenity\ad4eac8545d86ff1f21e5ed20dc4809932140e15ead7bd40df09fe1eec8267a9.png
05:04:12.681 [main] DEBUG net.thucydides.core.steps.StepInterceptor - STEP DONE: clickLoginButton
  &amp#27;[32mAnd &amp#27;[0m&amp#27;[32mi click login button&amp#27;[0m                                  &amp#27;[90m# starter.stepdefenitions.LoginSteps.clickLoginButton()&amp#27;[0m
05:04:12.732 [Forwarding screenshot on session d7385e705afe01feb3f580b9517bcff9 to remote] DEBUG org.asynchttpclient.netty.request.NettyRequestSender - Using pooled Channel '[id: 0x51f8a2f1, L:/127.0.0.1:64770 - R:localhost/127.0.0.1:63994]' for 'GET' to 'http://localhost:63994/session/d7385e705afe01feb3f580b9517bcff9/screenshot'
05:04:12.732 [Forwarding screenshot on session d7385e705afe01feb3f580b9517bcff9 to remote] DEBUG org.asynchttpclient.netty.request.NettyRequestSender - Using open Channel [id: 0x51f8a2f1, L:/127.0.0.1:64770 - R:localhost/127.0.0.1:63994] for GET '/session/d7385e705afe01feb3f580b9517bcff9/screenshot'
05:04:13.250 [AsyncHttpClient-1-6] DEBUG org.asynchttpclient.netty.handler.HttpHandler - 

Request DefaultFullHttpRequest(decodeResult: success, version: HTTP/1.1, content: EmptyByteBufBE)
GET /session/d7385e705afe01feb3f580b9517bcff9/screenshot HTTP/1.1
User-Agent: selenium/4.1.2 (java windows)
Cache-Control: no-cache
Content-Type: application/json; charset=utf-8
host: localhost:63994
accept: */*

Response DefaultHttpResponse(decodeResult: success, version: HTTP/1.1)
HTTP/1.1 200 OK
Content-Type: application/json; charset=utf-8
cache-control: no-cache
content-length: 127700

05:04:13.251 [AsyncHttpClient-1-6] DEBUG org.asynchttpclient.netty.channel.ChannelManager - Adding key: http://localhost:63994 for channel [id: 0x51f8a2f1, L:/127.0.0.1:64770 - R:localhost/127.0.0.1:63994]
05:04:13.264 [main] DEBUG net.serenitybdd.core.photography.Darkroom - Send negative for processing for target\site\serenity\62143380c6ad6e1107da7daf101f1088571b2da58f2dec4f6a83c9bb3db36f61.png
05:04:13.265 [Darkroom Processing Line] DEBUG net.serenitybdd.core.photography.DarkroomProcessingLine - Processing screenshot image in /var/screenshots/screenshot-7416548226274065979
05:04:13.265 [Darkroom Processing Line] DEBUG net.serenitybdd.core.photography.DarkroomProcessingLine - Saving screenshot to target\site\serenity\62143380c6ad6e1107da7daf101f1088571b2da58f2dec4f6a83c9bb3db36f61.png
05:04:13.265 [main] DEBUG net.thucydides.core.steps.StepInterceptor - STARTING STEP: LoginSteps.successLogin - validationDialog
05:04:13.270 [Forwarding findElement on session d7385e705afe01feb3f580b9517bcff9 to remote] DEBUG org.asynchttpclient.netty.request.NettyRequestSender - Using pooled Channel '[id: 0x51f8a2f1, L:/127.0.0.1:64770 - R:localhost/127.0.0.1:63994]' for 'POST' to 'http://localhost:63994/session/d7385e705afe01feb3f580b9517bcff9/element'
05:04:13.270 [Forwarding findElement on session d7385e705afe01feb3f580b9517bcff9 to remote] DEBUG org.asynchttpclient.netty.request.NettyRequestSender - Using open Channel [id: 0x51f8a2f1, L:/127.0.0.1:64770 - R:localhost/127.0.0.1:63994] for POST '/session/d7385e705afe01feb3f580b9517bcff9/element'
05:04:13.296 [AsyncHttpClient-1-6] DEBUG org.asynchttpclient.netty.handler.HttpHandler - 

Request DefaultHttpRequest(decodeResult: success, version: HTTP/1.1)
POST /session/d7385e705afe01feb3f580b9517bcff9/element HTTP/1.1
User-Agent: selenium/4.1.2 (java windows)
Content-Length: 68
Content-Type: application/json; charset=utf-8
host: localhost:63994
accept: */*

Response DefaultHttpResponse(decodeResult: success, version: HTTP/1.1)
HTTP/1.1 200 OK
Content-Type: application/json; charset=utf-8
cache-control: no-cache
content-length: 88

05:04:13.296 [AsyncHttpClient-1-6] DEBUG org.asynchttpclient.netty.channel.ChannelManager - Adding key: http://localhost:63994 for channel [id: 0x51f8a2f1, L:/127.0.0.1:64770 - R:localhost/127.0.0.1:63994]
05:04:13.302 [Forwarding isElementDisplayed on session d7385e705afe01feb3f580b9517bcff9 to remote] DEBUG org.asynchttpclient.netty.request.NettyRequestSender - Using pooled Channel '[id: 0x51f8a2f1, L:/127.0.0.1:64770 - R:localhost/127.0.0.1:63994]' for 'POST' to 'http://localhost:63994/session/d7385e705afe01feb3f580b9517bcff9/execute/sync'
05:04:13.303 [Forwarding isElementDisplayed on session d7385e705afe01feb3f580b9517bcff9 to remote] DEBUG org.asynchttpclient.netty.request.NettyRequestSender - Using open Channel [id: 0x51f8a2f1, L:/127.0.0.1:64770 - R:localhost/127.0.0.1:63994] for POST '/session/d7385e705afe01feb3f580b9517bcff9/execute/sync'
05:04:13.333 [AsyncHttpClient-1-6] DEBUG org.asynchttpclient.netty.handler.HttpHandler - 

Request DefaultHttpRequest(decodeResult: success, version: HTTP/1.1)
POST /session/d7385e705afe01feb3f580b9517bcff9/execute/sync HTTP/1.1
User-Agent: selenium/4.1.2 (java windows)
Content-Length: 48780
Content-Type: application/json; charset=utf-8
host: localhost:63994
accept: */*

Response DefaultHttpResponse(decodeResult: success, version: HTTP/1.1)
HTTP/1.1 200 OK
Content-Type: application/json; charset=utf-8
cache-control: no-cache
content-length: 14

05:04:13.333 [AsyncHttpClient-1-6] DEBUG org.asynchttpclient.netty.channel.ChannelManager - Adding key: http://localhost:63994 for channel [id: 0x51f8a2f1, L:/127.0.0.1:64770 - R:localhost/127.0.0.1:63994]
05:04:13.346 [Forwarding screenshot on session d7385e705afe01feb3f580b9517bcff9 to remote] DEBUG org.asynchttpclient.netty.request.NettyRequestSender - Using pooled Channel '[id: 0x51f8a2f1, L:/127.0.0.1:64770 - R:localhost/127.0.0.1:63994]' for 'GET' to 'http://localhost:63994/session/d7385e705afe01feb3f580b9517bcff9/screenshot'
05:04:13.346 [Forwarding screenshot on session d7385e705afe01feb3f580b9517bcff9 to remote] DEBUG org.asynchttpclient.netty.request.NettyRequestSender - Using open Channel [id: 0x51f8a2f1, L:/127.0.0.1:64770 - R:localhost/127.0.0.1:63994] for GET '/session/d7385e705afe01feb3f580b9517bcff9/screenshot'
05:04:13.632 [AsyncHttpClient-1-1] DEBUG org.asynchttpclient.netty.channel.DefaultChannelPool - Entry count for : http://localhost:64772 : 1
05:04:13.648 [AsyncHttpClient-1-6] DEBUG org.asynchttpclient.netty.handler.HttpHandler - 

Request DefaultFullHttpRequest(decodeResult: success, version: HTTP/1.1, content: EmptyByteBufBE)
GET /session/d7385e705afe01feb3f580b9517bcff9/screenshot HTTP/1.1
User-Agent: selenium/4.1.2 (java windows)
Cache-Control: no-cache
Content-Type: application/json; charset=utf-8
host: localhost:63994
accept: */*

Response DefaultHttpResponse(decodeResult: success, version: HTTP/1.1)
HTTP/1.1 200 OK
Content-Type: application/json; charset=utf-8
cache-control: no-cache
content-length: 123452

05:04:13.649 [AsyncHttpClient-1-6] DEBUG org.asynchttpclient.netty.channel.ChannelManager - Adding key: http://localhost:63994 for channel [id: 0x51f8a2f1, L:/127.0.0.1:64770 - R:localhost/127.0.0.1:63994]
05:04:13.662 [main] DEBUG net.serenitybdd.core.photography.Darkroom - Send negative for processing for target\site\serenity\e3609a75ccb3c45cbf5ba10c8a8035d2eb27311ca3cb0434b850705b37fb54e8.png
05:04:13.662 [main] DEBUG net.thucydides.core.steps.StepInterceptor - STEP DONE: validationDialog
05:04:13.675 [main] DEBUG net.thucydides.core.steps.StepInterceptor - STARTING STEP: LoginSteps.successLogin - clickSuccessButton
05:04:13.682 [Forwarding findElement on session d7385e705afe01feb3f580b9517bcff9 to remote] DEBUG org.asynchttpclient.netty.request.NettyRequestSender - Using pooled Channel '[id: 0x51f8a2f1, L:/127.0.0.1:64770 - R:localhost/127.0.0.1:63994]' for 'POST' to 'http://localhost:63994/session/d7385e705afe01feb3f580b9517bcff9/element'
05:04:13.682 [Forwarding findElement on session d7385e705afe01feb3f580b9517bcff9 to remote] DEBUG org.asynchttpclient.netty.request.NettyRequestSender - Using open Channel [id: 0x51f8a2f1, L:/127.0.0.1:64770 - R:localhost/127.0.0.1:63994] for POST '/session/d7385e705afe01feb3f580b9517bcff9/element'
05:04:13.711 [AsyncHttpClient-1-6] DEBUG org.asynchttpclient.netty.handler.HttpHandler - 

Request DefaultHttpRequest(decodeResult: success, version: HTTP/1.1)
POST /session/d7385e705afe01feb3f580b9517bcff9/element HTTP/1.1
User-Agent: selenium/4.1.2 (java windows)
Content-Length: 68
Content-Type: application/json; charset=utf-8
host: localhost:63994
accept: */*

Response DefaultHttpResponse(decodeResult: success, version: HTTP/1.1)
HTTP/1.1 200 OK
Content-Type: application/json; charset=utf-8
cache-control: no-cache
content-length: 88

05:04:13.711 [AsyncHttpClient-1-6] DEBUG org.asynchttpclient.netty.channel.ChannelManager - Adding key: http://localhost:63994 for channel [id: 0x51f8a2f1, L:/127.0.0.1:64770 - R:localhost/127.0.0.1:63994]
05:04:13.713 [Forwarding getElementTagName on session d7385e705afe01feb3f580b9517bcff9 to remote] DEBUG org.asynchttpclient.netty.request.NettyRequestSender - Using pooled Channel '[id: 0x51f8a2f1, L:/127.0.0.1:64770 - R:localhost/127.0.0.1:63994]' for 'GET' to 'http://localhost:63994/session/d7385e705afe01feb3f580b9517bcff9/element/d1d0c435-569b-49b1-a7f5-3759af682859/name'
05:04:13.713 [Forwarding getElementTagName on session d7385e705afe01feb3f580b9517bcff9 to remote] DEBUG org.asynchttpclient.netty.request.NettyRequestSender - Using open Channel [id: 0x51f8a2f1, L:/127.0.0.1:64770 - R:localhost/127.0.0.1:63994] for GET '/session/d7385e705afe01feb3f580b9517bcff9/element/d1d0c435-569b-49b1-a7f5-3759af682859/name'
05:04:13.722 [AsyncHttpClient-1-6] DEBUG org.asynchttpclient.netty.handler.HttpHandler - 

Request DefaultFullHttpRequest(decodeResult: success, version: HTTP/1.1, content: EmptyByteBufBE)
GET /session/d7385e705afe01feb3f580b9517bcff9/element/d1d0c435-569b-49b1-a7f5-3759af682859/name HTTP/1.1
User-Agent: selenium/4.1.2 (java windows)
Cache-Control: no-cache
Content-Type: application/json; charset=utf-8
host: localhost:63994
accept: */*

Response DefaultHttpResponse(decodeResult: success, version: HTTP/1.1)
HTTP/1.1 200 OK
Content-Type: application/json; charset=utf-8
cache-control: no-cache
content-length: 18

05:04:13.723 [AsyncHttpClient-1-6] DEBUG org.asynchttpclient.netty.channel.ChannelManager - Adding key: http://localhost:63994 for channel [id: 0x51f8a2f1, L:/127.0.0.1:64770 - R:localhost/127.0.0.1:63994]
05:04:13.725 [Forwarding getElementTagName on session d7385e705afe01feb3f580b9517bcff9 to remote] DEBUG org.asynchttpclient.netty.request.NettyRequestSender - Using pooled Channel '[id: 0x51f8a2f1, L:/127.0.0.1:64770 - R:localhost/127.0.0.1:63994]' for 'GET' to 'http://localhost:63994/session/d7385e705afe01feb3f580b9517bcff9/element/d1d0c435-569b-49b1-a7f5-3759af682859/name'
05:04:13.725 [Forwarding getElementTagName on session d7385e705afe01feb3f580b9517bcff9 to remote] DEBUG org.asynchttpclient.netty.request.NettyRequestSender - Using open Channel [id: 0x51f8a2f1, L:/127.0.0.1:64770 - R:localhost/127.0.0.1:63994] for GET '/session/d7385e705afe01feb3f580b9517bcff9/element/d1d0c435-569b-49b1-a7f5-3759af682859/name'
05:04:13.732 [AsyncHttpClient-1-6] DEBUG org.asynchttpclient.netty.handler.HttpHandler - 

Request DefaultFullHttpRequest(decodeResult: success, version: HTTP/1.1, content: EmptyByteBufBE)
GET /session/d7385e705afe01feb3f580b9517bcff9/element/d1d0c435-569b-49b1-a7f5-3759af682859/name HTTP/1.1
User-Agent: selenium/4.1.2 (java windows)
Cache-Control: no-cache
Content-Type: application/json; charset=utf-8
host: localhost:63994
accept: */*

Response DefaultHttpResponse(decodeResult: success, version: HTTP/1.1)
HTTP/1.1 200 OK
Content-Type: application/json; charset=utf-8
cache-control: no-cache
content-length: 18

05:04:13.732 [AsyncHttpClient-1-6] DEBUG org.asynchttpclient.netty.channel.ChannelManager - Adding key: http://localhost:63994 for channel [id: 0x51f8a2f1, L:/127.0.0.1:64770 - R:localhost/127.0.0.1:63994]
05:04:13.737 [Forwarding isElementEnabled on session d7385e705afe01feb3f580b9517bcff9 to remote] DEBUG org.asynchttpclient.netty.request.NettyRequestSender - Using pooled Channel '[id: 0x51f8a2f1, L:/127.0.0.1:64770 - R:localhost/127.0.0.1:63994]' for 'GET' to 'http://localhost:63994/session/d7385e705afe01feb3f580b9517bcff9/element/d1d0c435-569b-49b1-a7f5-3759af682859/enabled'
05:04:13.737 [Forwarding isElementEnabled on session d7385e705afe01feb3f580b9517bcff9 to remote] DEBUG org.asynchttpclient.netty.request.NettyRequestSender - Using open Channel [id: 0x51f8a2f1, L:/127.0.0.1:64770 - R:localhost/127.0.0.1:63994] for GET '/session/d7385e705afe01feb3f580b9517bcff9/element/d1d0c435-569b-49b1-a7f5-3759af682859/enabled'
05:04:13.754 [AsyncHttpClient-1-6] DEBUG org.asynchttpclient.netty.handler.HttpHandler - 

Request DefaultFullHttpRequest(decodeResult: success, version: HTTP/1.1, content: EmptyByteBufBE)
GET /session/d7385e705afe01feb3f580b9517bcff9/element/d1d0c435-569b-49b1-a7f5-3759af682859/enabled HTTP/1.1
User-Agent: selenium/4.1.2 (java windows)
Cache-Control: no-cache
Content-Type: application/json; charset=utf-8
host: localhost:63994
accept: */*

Response DefaultHttpResponse(decodeResult: success, version: HTTP/1.1)
HTTP/1.1 200 OK
Content-Type: application/json; charset=utf-8
cache-control: no-cache
content-length: 14

05:04:13.755 [AsyncHttpClient-1-6] DEBUG org.asynchttpclient.netty.channel.ChannelManager - Adding key: http://localhost:63994 for channel [id: 0x51f8a2f1, L:/127.0.0.1:64770 - R:localhost/127.0.0.1:63994]
05:04:13.757 [Forwarding isElementEnabled on session d7385e705afe01feb3f580b9517bcff9 to remote] DEBUG org.asynchttpclient.netty.request.NettyRequestSender - Using pooled Channel '[id: 0x51f8a2f1, L:/127.0.0.1:64770 - R:localhost/127.0.0.1:63994]' for 'GET' to 'http://localhost:63994/session/d7385e705afe01feb3f580b9517bcff9/element/d1d0c435-569b-49b1-a7f5-3759af682859/enabled'
05:04:13.757 [Forwarding isElementEnabled on session d7385e705afe01feb3f580b9517bcff9 to remote] DEBUG org.asynchttpclient.netty.request.NettyRequestSender - Using open Channel [id: 0x51f8a2f1, L:/127.0.0.1:64770 - R:localhost/127.0.0.1:63994] for GET '/session/d7385e705afe01feb3f580b9517bcff9/element/d1d0c435-569b-49b1-a7f5-3759af682859/enabled'
05:04:13.767 [AsyncHttpClient-1-6] DEBUG org.asynchttpclient.netty.handler.HttpHandler - 

Request DefaultFullHttpRequest(decodeResult: success, version: HTTP/1.1, content: EmptyByteBufBE)
GET /session/d7385e705afe01feb3f580b9517bcff9/element/d1d0c435-569b-49b1-a7f5-3759af682859/enabled HTTP/1.1
User-Agent: selenium/4.1.2 (java windows)
Cache-Control: no-cache
Content-Type: application/json; charset=utf-8
host: localhost:63994
accept: */*

Response DefaultHttpResponse(decodeResult: success, version: HTTP/1.1)
HTTP/1.1 200 OK
Content-Type: application/json; charset=utf-8
cache-control: no-cache
content-length: 14

05:04:13.767 [AsyncHttpClient-1-6] DEBUG org.asynchttpclient.netty.channel.ChannelManager - Adding key: http://localhost:63994 for channel [id: 0x51f8a2f1, L:/127.0.0.1:64770 - R:localhost/127.0.0.1:63994]
05:04:13.771 [Forwarding findElement on session d7385e705afe01feb3f580b9517bcff9 to remote] DEBUG org.asynchttpclient.netty.request.NettyRequestSender - Using pooled Channel '[id: 0x51f8a2f1, L:/127.0.0.1:64770 - R:localhost/127.0.0.1:63994]' for 'POST' to 'http://localhost:63994/session/d7385e705afe01feb3f580b9517bcff9/element'
05:04:13.771 [Forwarding findElement on session d7385e705afe01feb3f580b9517bcff9 to remote] DEBUG org.asynchttpclient.netty.request.NettyRequestSender - Using open Channel [id: 0x51f8a2f1, L:/127.0.0.1:64770 - R:localhost/127.0.0.1:63994] for POST '/session/d7385e705afe01feb3f580b9517bcff9/element'
05:04:13.785 [AsyncHttpClient-1-6] DEBUG org.asynchttpclient.netty.handler.HttpHandler - 

Request DefaultHttpRequest(decodeResult: success, version: HTTP/1.1)
POST /session/d7385e705afe01feb3f580b9517bcff9/element HTTP/1.1
User-Agent: selenium/4.1.2 (java windows)
Content-Length: 68
Content-Type: application/json; charset=utf-8
host: localhost:63994
accept: */*

Response DefaultHttpResponse(decodeResult: success, version: HTTP/1.1)
HTTP/1.1 200 OK
Content-Type: application/json; charset=utf-8
cache-control: no-cache
content-length: 88

05:04:13.785 [AsyncHttpClient-1-6] DEBUG org.asynchttpclient.netty.channel.ChannelManager - Adding key: http://localhost:63994 for channel [id: 0x51f8a2f1, L:/127.0.0.1:64770 - R:localhost/127.0.0.1:63994]
05:04:13.788 [Forwarding clickElement on session d7385e705afe01feb3f580b9517bcff9 to remote] DEBUG org.asynchttpclient.netty.request.NettyRequestSender - Using pooled Channel '[id: 0x51f8a2f1, L:/127.0.0.1:64770 - R:localhost/127.0.0.1:63994]' for 'POST' to 'http://localhost:63994/session/d7385e705afe01feb3f580b9517bcff9/element/d1d0c435-569b-49b1-a7f5-3759af682859/click'
05:04:13.788 [Forwarding clickElement on session d7385e705afe01feb3f580b9517bcff9 to remote] DEBUG org.asynchttpclient.netty.request.NettyRequestSender - Using open Channel [id: 0x51f8a2f1, L:/127.0.0.1:64770 - R:localhost/127.0.0.1:63994] for POST '/session/d7385e705afe01feb3f580b9517bcff9/element/d1d0c435-569b-49b1-a7f5-3759af682859/click'
05:04:13.869 [AsyncHttpClient-1-6] DEBUG org.asynchttpclient.netty.handler.HttpHandler - 

Request DefaultHttpRequest(decodeResult: success, version: HTTP/1.1)
POST /session/d7385e705afe01feb3f580b9517bcff9/element/d1d0c435-569b-49b1-a7f5-3759af682859/click HTTP/1.1
User-Agent: selenium/4.1.2 (java windows)
Content-Length: 50
Content-Type: application/json; charset=utf-8
host: localhost:63994
accept: */*

Response DefaultHttpResponse(decodeResult: success, version: HTTP/1.1)
HTTP/1.1 200 OK
Content-Type: application/json; charset=utf-8
cache-control: no-cache
content-length: 14

05:04:13.869 [AsyncHttpClient-1-6] DEBUG org.asynchttpclient.netty.channel.ChannelManager - Adding key: http://localhost:63994 for channel [id: 0x51f8a2f1, L:/127.0.0.1:64770 - R:localhost/127.0.0.1:63994]
05:04:13.886 [Forwarding screenshot on session d7385e705afe01feb3f580b9517bcff9 to remote] DEBUG org.asynchttpclient.netty.request.NettyRequestSender - Using pooled Channel '[id: 0x51f8a2f1, L:/127.0.0.1:64770 - R:localhost/127.0.0.1:63994]' for 'GET' to 'http://localhost:63994/session/d7385e705afe01feb3f580b9517bcff9/screenshot'
05:04:13.886 [Forwarding screenshot on session d7385e705afe01feb3f580b9517bcff9 to remote] DEBUG org.asynchttpclient.netty.request.NettyRequestSender - Using open Channel [id: 0x51f8a2f1, L:/127.0.0.1:64770 - R:localhost/127.0.0.1:63994] for GET '/session/d7385e705afe01feb3f580b9517bcff9/screenshot'
05:04:14.192 [AsyncHttpClient-1-6] DEBUG org.asynchttpclient.netty.handler.HttpHandler - 

Request DefaultFullHttpRequest(decodeResult: success, version: HTTP/1.1, content: EmptyByteBufBE)
GET /session/d7385e705afe01feb3f580b9517bcff9/screenshot HTTP/1.1
User-Agent: selenium/4.1.2 (java windows)
Cache-Control: no-cache
Content-Type: application/json; charset=utf-8
host: localhost:63994
accept: */*

Response DefaultHttpResponse(decodeResult: success, version: HTTP/1.1)
HTTP/1.1 200 OK
Content-Type: application/json; charset=utf-8
cache-control: no-cache
content-length: 132304

05:04:14.193 [AsyncHttpClient-1-6] DEBUG org.asynchttpclient.netty.channel.ChannelManager - Adding key: http://localhost:63994 for channel [id: 0x51f8a2f1, L:/127.0.0.1:64770 - R:localhost/127.0.0.1:63994]
05:04:14.208 [main] DEBUG net.serenitybdd.core.photography.Darkroom - Send negative for processing for target\site\serenity\23c98611a94ad554b6667a35d2be66b87496c76c737cc3e82a401de600192f29.png
05:04:14.208 [main] DEBUG net.thucydides.core.steps.StepInterceptor - STEP DONE: clickSuccessButton
  &amp#27;[32mThen &amp#27;[0m&amp#27;[32mi success login&amp#27;[0m                                      &amp#27;[90m# starter.stepdefenitions.LoginSteps.successLogin()&amp#27;[0m
05:04:14.208 [Darkroom Processing Line] DEBUG net.serenitybdd.core.photography.DarkroomProcessingLine - Processing screenshot image in /var/screenshots/screenshot-415799394824662847
05:04:14.209 [Darkroom Processing Line] DEBUG net.serenitybdd.core.photography.DarkroomProcessingLine - Saving screenshot to target\site\serenity\23c98611a94ad554b6667a35d2be66b87496c76c737cc3e82a401de600192f29.png
05:04:14.263 [Forwarding screenshot on session d7385e705afe01feb3f580b9517bcff9 to remote] DEBUG org.asynchttpclient.netty.request.NettyRequestSender - Using pooled Channel '[id: 0x51f8a2f1, L:/127.0.0.1:64770 - R:localhost/127.0.0.1:63994]' for 'GET' to 'http://localhost:63994/session/d7385e705afe01feb3f580b9517bcff9/screenshot'
05:04:14.263 [Forwarding screenshot on session d7385e705afe01feb3f580b9517bcff9 to remote] DEBUG org.asynchttpclient.netty.request.NettyRequestSender - Using open Channel [id: 0x51f8a2f1, L:/127.0.0.1:64770 - R:localhost/127.0.0.1:63994] for GET '/session/d7385e705afe01feb3f580b9517bcff9/screenshot'
05:04:14.544 [AsyncHttpClient-1-6] DEBUG org.asynchttpclient.netty.handler.HttpHandler - 

Request DefaultFullHttpRequest(decodeResult: success, version: HTTP/1.1, content: EmptyByteBufBE)
GET /session/d7385e705afe01feb3f580b9517bcff9/screenshot HTTP/1.1
User-Agent: selenium/4.1.2 (java windows)
Cache-Control: no-cache
Content-Type: application/json; charset=utf-8
host: localhost:63994
accept: */*

Response DefaultHttpResponse(decodeResult: success, version: HTTP/1.1)
HTTP/1.1 200 OK
Content-Type: application/json; charset=utf-8
cache-control: no-cache
content-length: 130568

05:04:14.545 [AsyncHttpClient-1-6] DEBUG org.asynchttpclient.netty.channel.ChannelManager - Adding key: http://localhost:63994 for channel [id: 0x51f8a2f1, L:/127.0.0.1:64770 - R:localhost/127.0.0.1:63994]
05:04:14.558 [main] DEBUG net.serenitybdd.core.photography.Darkroom - Send negative for processing for target\site\serenity\c43161e3c16acaf0e6b497b48b40547c2086c23c8a4e9095f224016a9d5972dc.png
05:04:14.559 [main] DEBUG net.thucydides.core.steps.StepInterceptor - STARTING STEP: ComplexSteps.adminOnTheHomePage - validationOnHomepage
05:04:14.564 [Forwarding findElement on session d7385e705afe01feb3f580b9517bcff9 to remote] DEBUG org.asynchttpclient.netty.request.NettyRequestSender - Using pooled Channel '[id: 0x51f8a2f1, L:/127.0.0.1:64770 - R:localhost/127.0.0.1:63994]' for 'POST' to 'http://localhost:63994/session/d7385e705afe01feb3f580b9517bcff9/element'
05:04:14.564 [Forwarding findElement on session d7385e705afe01feb3f580b9517bcff9 to remote] DEBUG org.asynchttpclient.netty.request.NettyRequestSender - Using open Channel [id: 0x51f8a2f1, L:/127.0.0.1:64770 - R:localhost/127.0.0.1:63994] for POST '/session/d7385e705afe01feb3f580b9517bcff9/element'
05:04:14.593 [AsyncHttpClient-1-6] DEBUG org.asynchttpclient.netty.handler.HttpHandler - 

Request DefaultHttpRequest(decodeResult: success, version: HTTP/1.1)
POST /session/d7385e705afe01feb3f580b9517bcff9/element HTTP/1.1
User-Agent: selenium/4.1.2 (java windows)
Content-Length: 70
Content-Type: application/json; charset=utf-8
host: localhost:63994
accept: */*

Response DefaultHttpResponse(decodeResult: success, version: HTTP/1.1)
HTTP/1.1 200 OK
Content-Type: application/json; charset=utf-8
cache-control: no-cache
content-length: 88

05:04:14.593 [AsyncHttpClient-1-6] DEBUG org.asynchttpclient.netty.channel.ChannelManager - Adding key: http://localhost:63994 for channel [id: 0x51f8a2f1, L:/127.0.0.1:64770 - R:localhost/127.0.0.1:63994]
05:04:14.600 [Forwarding isElementDisplayed on session d7385e705afe01feb3f580b9517bcff9 to remote] DEBUG org.asynchttpclient.netty.request.NettyRequestSender - Using pooled Channel '[id: 0x51f8a2f1, L:/127.0.0.1:64770 - R:localhost/127.0.0.1:63994]' for 'POST' to 'http://localhost:63994/session/d7385e705afe01feb3f580b9517bcff9/execute/sync'
05:04:14.600 [Forwarding isElementDisplayed on session d7385e705afe01feb3f580b9517bcff9 to remote] DEBUG org.asynchttpclient.netty.request.NettyRequestSender - Using open Channel [id: 0x51f8a2f1, L:/127.0.0.1:64770 - R:localhost/127.0.0.1:63994] for POST '/session/d7385e705afe01feb3f580b9517bcff9/execute/sync'
05:04:14.622 [AsyncHttpClient-1-6] DEBUG org.asynchttpclient.netty.handler.HttpHandler - 

Request DefaultHttpRequest(decodeResult: success, version: HTTP/1.1)
POST /session/d7385e705afe01feb3f580b9517bcff9/execute/sync HTTP/1.1
User-Agent: selenium/4.1.2 (java windows)
Content-Length: 48780
Content-Type: application/json; charset=utf-8
host: localhost:63994
accept: */*

Response DefaultHttpResponse(decodeResult: success, version: HTTP/1.1)
HTTP/1.1 200 OK
Content-Type: application/json; charset=utf-8
cache-control: no-cache
content-length: 14

05:04:14.622 [AsyncHttpClient-1-6] DEBUG org.asynchttpclient.netty.channel.ChannelManager - Adding key: http://localhost:63994 for channel [id: 0x51f8a2f1, L:/127.0.0.1:64770 - R:localhost/127.0.0.1:63994]
05:04:14.632 [Forwarding screenshot on session d7385e705afe01feb3f580b9517bcff9 to remote] DEBUG org.asynchttpclient.netty.request.NettyRequestSender - Using pooled Channel '[id: 0x51f8a2f1, L:/127.0.0.1:64770 - R:localhost/127.0.0.1:63994]' for 'GET' to 'http://localhost:63994/session/d7385e705afe01feb3f580b9517bcff9/screenshot'
05:04:14.632 [Forwarding screenshot on session d7385e705afe01feb3f580b9517bcff9 to remote] DEBUG org.asynchttpclient.netty.request.NettyRequestSender - Using open Channel [id: 0x51f8a2f1, L:/127.0.0.1:64770 - R:localhost/127.0.0.1:63994] for GET '/session/d7385e705afe01feb3f580b9517bcff9/screenshot'
05:04:14.740 [AsyncHttpClient-1-1] DEBUG org.asynchttpclient.netty.channel.DefaultChannelPool - Entry count for : http://localhost:64772 : 1
05:04:14.920 [AsyncHttpClient-1-6] DEBUG org.asynchttpclient.netty.handler.HttpHandler - 

Request DefaultFullHttpRequest(decodeResult: success, version: HTTP/1.1, content: EmptyByteBufBE)
GET /session/d7385e705afe01feb3f580b9517bcff9/screenshot HTTP/1.1
User-Agent: selenium/4.1.2 (java windows)
Cache-Control: no-cache
Content-Type: application/json; charset=utf-8
host: localhost:63994
accept: */*

Response DefaultHttpResponse(decodeResult: success, version: HTTP/1.1)
HTTP/1.1 200 OK
Content-Type: application/json; charset=utf-8
cache-control: no-cache
content-length: 130568

05:04:14.921 [AsyncHttpClient-1-6] DEBUG org.asynchttpclient.netty.channel.ChannelManager - Adding key: http://localhost:63994 for channel [id: 0x51f8a2f1, L:/127.0.0.1:64770 - R:localhost/127.0.0.1:63994]
05:04:14.935 [main] DEBUG net.serenitybdd.core.photography.Darkroom - Send negative for processing for target\site\serenity\c43161e3c16acaf0e6b497b48b40547c2086c23c8a4e9095f224016a9d5972dc.png
05:04:14.935 [main] DEBUG net.thucydides.core.steps.StepInterceptor - STEP DONE: validationOnHomepage
  &amp#27;[32mGiven &amp#27;[0m&amp#27;[32madmin on the home page&amp#27;[0m                              &amp#27;[90m# starter.stepdefenitions.ComplexSteps.adminOnTheHomePage()&amp#27;[0m
05:04:14.986 [Forwarding screenshot on session d7385e705afe01feb3f580b9517bcff9 to remote] DEBUG org.asynchttpclient.netty.request.NettyRequestSender - Using pooled Channel '[id: 0x51f8a2f1, L:/127.0.0.1:64770 - R:localhost/127.0.0.1:63994]' for 'GET' to 'http://localhost:63994/session/d7385e705afe01feb3f580b9517bcff9/screenshot'
05:04:14.986 [Forwarding screenshot on session d7385e705afe01feb3f580b9517bcff9 to remote] DEBUG org.asynchttpclient.netty.request.NettyRequestSender - Using open Channel [id: 0x51f8a2f1, L:/127.0.0.1:64770 - R:localhost/127.0.0.1:63994] for GET '/session/d7385e705afe01feb3f580b9517bcff9/screenshot'
05:04:15.277 [AsyncHttpClient-1-6] DEBUG org.asynchttpclient.netty.handler.HttpHandler - 

Request DefaultFullHttpRequest(decodeResult: success, version: HTTP/1.1, content: EmptyByteBufBE)
GET /session/d7385e705afe01feb3f580b9517bcff9/screenshot HTTP/1.1
User-Agent: selenium/4.1.2 (java windows)
Cache-Control: no-cache
Content-Type: application/json; charset=utf-8
host: localhost:63994
accept: */*

Response DefaultHttpResponse(decodeResult: success, version: HTTP/1.1)
HTTP/1.1 200 OK
Content-Type: application/json; charset=utf-8
cache-control: no-cache
content-length: 130568

05:04:15.278 [AsyncHttpClient-1-6] DEBUG org.asynchttpclient.netty.channel.ChannelManager - Adding key: http://localhost:63994 for channel [id: 0x51f8a2f1, L:/127.0.0.1:64770 - R:localhost/127.0.0.1:63994]
05:04:15.292 [main] DEBUG net.serenitybdd.core.photography.Darkroom - Send negative for processing for target\site\serenity\c43161e3c16acaf0e6b497b48b40547c2086c23c8a4e9095f224016a9d5972dc.png
05:04:15.292 [main] DEBUG net.thucydides.core.steps.StepInterceptor - STARTING STEP: BuildingSteps.iClickBuildingOnHomePage - toBuildingPage
05:04:15.300 [Forwarding findElement on session d7385e705afe01feb3f580b9517bcff9 to remote] DEBUG org.asynchttpclient.netty.request.NettyRequestSender - Using pooled Channel '[id: 0x51f8a2f1, L:/127.0.0.1:64770 - R:localhost/127.0.0.1:63994]' for 'POST' to 'http://localhost:63994/session/d7385e705afe01feb3f580b9517bcff9/element'
05:04:15.300 [Forwarding findElement on session d7385e705afe01feb3f580b9517bcff9 to remote] DEBUG org.asynchttpclient.netty.request.NettyRequestSender - Using open Channel [id: 0x51f8a2f1, L:/127.0.0.1:64770 - R:localhost/127.0.0.1:63994] for POST '/session/d7385e705afe01feb3f580b9517bcff9/element'
05:04:15.328 [AsyncHttpClient-1-6] DEBUG org.asynchttpclient.netty.handler.HttpHandler - 

Request DefaultHttpRequest(decodeResult: success, version: HTTP/1.1)
POST /session/d7385e705afe01feb3f580b9517bcff9/element HTTP/1.1
User-Agent: selenium/4.1.2 (java windows)
Content-Length: 74
Content-Type: application/json; charset=utf-8
host: localhost:63994
accept: */*

Response DefaultHttpResponse(decodeResult: success, version: HTTP/1.1)
HTTP/1.1 200 OK
Content-Type: application/json; charset=utf-8
cache-control: no-cache
content-length: 88

05:04:15.329 [AsyncHttpClient-1-6] DEBUG org.asynchttpclient.netty.channel.ChannelManager - Adding key: http://localhost:63994 for channel [id: 0x51f8a2f1, L:/127.0.0.1:64770 - R:localhost/127.0.0.1:63994]
05:04:15.331 [Forwarding getElementTagName on session d7385e705afe01feb3f580b9517bcff9 to remote] DEBUG org.asynchttpclient.netty.request.NettyRequestSender - Using pooled Channel '[id: 0x51f8a2f1, L:/127.0.0.1:64770 - R:localhost/127.0.0.1:63994]' for 'GET' to 'http://localhost:63994/session/d7385e705afe01feb3f580b9517bcff9/element/4dc102db-3af6-4834-a6ff-a3f9afb47ebe/name'
05:04:15.331 [Forwarding getElementTagName on session d7385e705afe01feb3f580b9517bcff9 to remote] DEBUG org.asynchttpclient.netty.request.NettyRequestSender - Using open Channel [id: 0x51f8a2f1, L:/127.0.0.1:64770 - R:localhost/127.0.0.1:63994] for GET '/session/d7385e705afe01feb3f580b9517bcff9/element/4dc102db-3af6-4834-a6ff-a3f9afb47ebe/name'
05:04:15.340 [AsyncHttpClient-1-6] DEBUG org.asynchttpclient.netty.handler.HttpHandler - 

Request DefaultFullHttpRequest(decodeResult: success, version: HTTP/1.1, content: EmptyByteBufBE)
GET /session/d7385e705afe01feb3f580b9517bcff9/element/4dc102db-3af6-4834-a6ff-a3f9afb47ebe/name HTTP/1.1
User-Agent: selenium/4.1.2 (java windows)
Cache-Control: no-cache
Content-Type: application/json; charset=utf-8
host: localhost:63994
accept: */*

Response DefaultHttpResponse(decodeResult: success, version: HTTP/1.1)
HTTP/1.1 200 OK
Content-Type: application/json; charset=utf-8
cache-control: no-cache
content-length: 13

05:04:15.340 [AsyncHttpClient-1-6] DEBUG org.asynchttpclient.netty.channel.ChannelManager - Adding key: http://localhost:63994 for channel [id: 0x51f8a2f1, L:/127.0.0.1:64770 - R:localhost/127.0.0.1:63994]
05:04:15.342 [Forwarding getElementTagName on session d7385e705afe01feb3f580b9517bcff9 to remote] DEBUG org.asynchttpclient.netty.request.NettyRequestSender - Using pooled Channel '[id: 0x51f8a2f1, L:/127.0.0.1:64770 - R:localhost/127.0.0.1:63994]' for 'GET' to 'http://localhost:63994/session/d7385e705afe01feb3f580b9517bcff9/element/4dc102db-3af6-4834-a6ff-a3f9afb47ebe/name'
05:04:15.342 [Forwarding getElementTagName on session d7385e705afe01feb3f580b9517bcff9 to remote] DEBUG org.asynchttpclient.netty.request.NettyRequestSender - Using open Channel [id: 0x51f8a2f1, L:/127.0.0.1:64770 - R:localhost/127.0.0.1:63994] for GET '/session/d7385e705afe01feb3f580b9517bcff9/element/4dc102db-3af6-4834-a6ff-a3f9afb47ebe/name'
05:04:15.348 [AsyncHttpClient-1-6] DEBUG org.asynchttpclient.netty.handler.HttpHandler - 

Request DefaultFullHttpRequest(decodeResult: success, version: HTTP/1.1, content: EmptyByteBufBE)
GET /session/d7385e705afe01feb3f580b9517bcff9/element/4dc102db-3af6-4834-a6ff-a3f9afb47ebe/name HTTP/1.1
User-Agent: selenium/4.1.2 (java windows)
Cache-Control: no-cache
Content-Type: application/json; charset=utf-8
host: localhost:63994
accept: */*

Response DefaultHttpResponse(decodeResult: success, version: HTTP/1.1)
HTTP/1.1 200 OK
Content-Type: application/json; charset=utf-8
cache-control: no-cache
content-length: 13

05:04:15.348 [AsyncHttpClient-1-6] DEBUG org.asynchttpclient.netty.channel.ChannelManager - Adding key: http://localhost:63994 for channel [id: 0x51f8a2f1, L:/127.0.0.1:64770 - R:localhost/127.0.0.1:63994]
05:04:15.351 [Forwarding findElement on session d7385e705afe01feb3f580b9517bcff9 to remote] DEBUG org.asynchttpclient.netty.request.NettyRequestSender - Using pooled Channel '[id: 0x51f8a2f1, L:/127.0.0.1:64770 - R:localhost/127.0.0.1:63994]' for 'POST' to 'http://localhost:63994/session/d7385e705afe01feb3f580b9517bcff9/element'
05:04:15.352 [Forwarding findElement on session d7385e705afe01feb3f580b9517bcff9 to remote] DEBUG org.asynchttpclient.netty.request.NettyRequestSender - Using open Channel [id: 0x51f8a2f1, L:/127.0.0.1:64770 - R:localhost/127.0.0.1:63994] for POST '/session/d7385e705afe01feb3f580b9517bcff9/element'
05:04:15.365 [AsyncHttpClient-1-6] DEBUG org.asynchttpclient.netty.handler.HttpHandler - 

Request DefaultHttpRequest(decodeResult: success, version: HTTP/1.1)
POST /session/d7385e705afe01feb3f580b9517bcff9/element HTTP/1.1
User-Agent: selenium/4.1.2 (java windows)
Content-Length: 74
Content-Type: application/json; charset=utf-8
host: localhost:63994
accept: */*

Response DefaultHttpResponse(decodeResult: success, version: HTTP/1.1)
HTTP/1.1 200 OK
Content-Type: application/json; charset=utf-8
cache-control: no-cache
content-length: 88

05:04:15.366 [AsyncHttpClient-1-6] DEBUG org.asynchttpclient.netty.channel.ChannelManager - Adding key: http://localhost:63994 for channel [id: 0x51f8a2f1, L:/127.0.0.1:64770 - R:localhost/127.0.0.1:63994]
05:04:15.368 [Forwarding clickElement on session d7385e705afe01feb3f580b9517bcff9 to remote] DEBUG org.asynchttpclient.netty.request.NettyRequestSender - Using pooled Channel '[id: 0x51f8a2f1, L:/127.0.0.1:64770 - R:localhost/127.0.0.1:63994]' for 'POST' to 'http://localhost:63994/session/d7385e705afe01feb3f580b9517bcff9/element/4dc102db-3af6-4834-a6ff-a3f9afb47ebe/click'
05:04:15.368 [Forwarding clickElement on session d7385e705afe01feb3f580b9517bcff9 to remote] DEBUG org.asynchttpclient.netty.request.NettyRequestSender - Using open Channel [id: 0x51f8a2f1, L:/127.0.0.1:64770 - R:localhost/127.0.0.1:63994] for POST '/session/d7385e705afe01feb3f580b9517bcff9/element/4dc102db-3af6-4834-a6ff-a3f9afb47ebe/click'
05:04:15.524 [AsyncHttpClient-1-6] DEBUG org.asynchttpclient.netty.handler.HttpHandler - 

Request DefaultHttpRequest(decodeResult: success, version: HTTP/1.1)
POST /session/d7385e705afe01feb3f580b9517bcff9/element/4dc102db-3af6-4834-a6ff-a3f9afb47ebe/click HTTP/1.1
User-Agent: selenium/4.1.2 (java windows)
Content-Length: 50
Content-Type: application/json; charset=utf-8
host: localhost:63994
accept: */*

Response DefaultHttpResponse(decodeResult: success, version: HTTP/1.1)
HTTP/1.1 200 OK
Content-Type: application/json; charset=utf-8
cache-control: no-cache
content-length: 14

05:04:15.525 [AsyncHttpClient-1-6] DEBUG org.asynchttpclient.netty.channel.ChannelManager - Adding key: http://localhost:63994 for channel [id: 0x51f8a2f1, L:/127.0.0.1:64770 - R:localhost/127.0.0.1:63994]
05:04:15.541 [Forwarding screenshot on session d7385e705afe01feb3f580b9517bcff9 to remote] DEBUG org.asynchttpclient.netty.request.NettyRequestSender - Using pooled Channel '[id: 0x51f8a2f1, L:/127.0.0.1:64770 - R:localhost/127.0.0.1:63994]' for 'GET' to 'http://localhost:63994/session/d7385e705afe01feb3f580b9517bcff9/screenshot'
05:04:15.541 [Forwarding screenshot on session d7385e705afe01feb3f580b9517bcff9 to remote] DEBUG org.asynchttpclient.netty.request.NettyRequestSender - Using open Channel [id: 0x51f8a2f1, L:/127.0.0.1:64770 - R:localhost/127.0.0.1:63994] for GET '/session/d7385e705afe01feb3f580b9517bcff9/screenshot'
05:04:15.797 [AsyncHttpClient-1-6] DEBUG org.asynchttpclient.netty.handler.HttpHandler - 

Request DefaultFullHttpRequest(decodeResult: success, version: HTTP/1.1, content: EmptyByteBufBE)
GET /session/d7385e705afe01feb3f580b9517bcff9/screenshot HTTP/1.1
User-Agent: selenium/4.1.2 (java windows)
Cache-Control: no-cache
Content-Type: application/json; charset=utf-8
host: localhost:63994
accept: */*

Response DefaultHttpResponse(decodeResult: success, version: HTTP/1.1)
HTTP/1.1 200 OK
Content-Type: application/json; charset=utf-8
cache-control: no-cache
content-length: 56504

05:04:15.798 [AsyncHttpClient-1-6] DEBUG org.asynchttpclient.netty.channel.ChannelManager - Adding key: http://localhost:63994 for channel [id: 0x51f8a2f1, L:/127.0.0.1:64770 - R:localhost/127.0.0.1:63994]
05:04:15.805 [main] DEBUG net.serenitybdd.core.photography.Darkroom - Send negative for processing for target\site\serenity\afdaba35cf5ef4da5cdfc2da6ba377c9389ec2df5e152e370be672376afc5247.png
05:04:15.806 [main] DEBUG net.thucydides.core.steps.StepInterceptor - STEP DONE: toBuildingPage
  &amp#27;[32mWhen &amp#27;[0m&amp#27;[32mI click building on home page&amp#27;[0m                        &amp#27;[90m# starter.stepdefenitions.BuildingSteps.iClickBuildingOnHomePage()&amp#27;[0m
05:04:15.840 [AsyncHttpClient-1-1] DEBUG org.asynchttpclient.netty.channel.DefaultChannelPool - Entry count for : http://localhost:63994 : 1
05:04:15.840 [AsyncHttpClient-1-1] DEBUG org.asynchttpclient.netty.channel.DefaultChannelPool - Entry count for : http://localhost:64772 : 1
05:04:15.844 [main] DEBUG net.thucydides.core.steps.StepInterceptor - STARTING STEP: BuildingSteps.adminClickCreateNewBuilding - clickCreateBuilding
05:04:15.855 [Forwarding findElement on session d7385e705afe01feb3f580b9517bcff9 to remote] DEBUG org.asynchttpclient.netty.request.NettyRequestSender - Using pooled Channel '[id: 0x51f8a2f1, L:/127.0.0.1:64770 - R:localhost/127.0.0.1:63994]' for 'POST' to 'http://localhost:63994/session/d7385e705afe01feb3f580b9517bcff9/element'
05:04:15.855 [Forwarding findElement on session d7385e705afe01feb3f580b9517bcff9 to remote] DEBUG org.asynchttpclient.netty.request.NettyRequestSender - Using open Channel [id: 0x51f8a2f1, L:/127.0.0.1:64770 - R:localhost/127.0.0.1:63994] for POST '/session/d7385e705afe01feb3f580b9517bcff9/element'
05:04:15.937 [AsyncHttpClient-1-6] DEBUG org.asynchttpclient.netty.handler.HttpHandler - 

Request DefaultHttpRequest(decodeResult: success, version: HTTP/1.1)
POST /session/d7385e705afe01feb3f580b9517bcff9/element HTTP/1.1
User-Agent: selenium/4.1.2 (java windows)
Content-Length: 92
Content-Type: application/json; charset=utf-8
host: localhost:63994
accept: */*

Response DefaultHttpResponse(decodeResult: success, version: HTTP/1.1)
HTTP/1.1 200 OK
Content-Type: application/json; charset=utf-8
cache-control: no-cache
content-length: 88

05:04:15.937 [AsyncHttpClient-1-6] DEBUG org.asynchttpclient.netty.channel.ChannelManager - Adding key: http://localhost:63994 for channel [id: 0x51f8a2f1, L:/127.0.0.1:64770 - R:localhost/127.0.0.1:63994]
05:04:15.940 [Forwarding getElementTagName on session d7385e705afe01feb3f580b9517bcff9 to remote] DEBUG org.asynchttpclient.netty.request.NettyRequestSender - Using pooled Channel '[id: 0x51f8a2f1, L:/127.0.0.1:64770 - R:localhost/127.0.0.1:63994]' for 'GET' to 'http://localhost:63994/session/d7385e705afe01feb3f580b9517bcff9/element/3a989aae-e8ed-4f9b-b9b6-96091e3965b0/name'
05:04:15.940 [Forwarding getElementTagName on session d7385e705afe01feb3f580b9517bcff9 to remote] DEBUG org.asynchttpclient.netty.request.NettyRequestSender - Using open Channel [id: 0x51f8a2f1, L:/127.0.0.1:64770 - R:localhost/127.0.0.1:63994] for GET '/session/d7385e705afe01feb3f580b9517bcff9/element/3a989aae-e8ed-4f9b-b9b6-96091e3965b0/name'
05:04:15.947 [AsyncHttpClient-1-6] DEBUG org.asynchttpclient.netty.handler.HttpHandler - 

Request DefaultFullHttpRequest(decodeResult: success, version: HTTP/1.1, content: EmptyByteBufBE)
GET /session/d7385e705afe01feb3f580b9517bcff9/element/3a989aae-e8ed-4f9b-b9b6-96091e3965b0/name HTTP/1.1
User-Agent: selenium/4.1.2 (java windows)
Cache-Control: no-cache
Content-Type: application/json; charset=utf-8
host: localhost:63994
accept: */*

Response DefaultHttpResponse(decodeResult: success, version: HTTP/1.1)
HTTP/1.1 200 OK
Content-Type: application/json; charset=utf-8
cache-control: no-cache
content-length: 18

05:04:15.947 [AsyncHttpClient-1-6] DEBUG org.asynchttpclient.netty.channel.ChannelManager - Adding key: http://localhost:63994 for channel [id: 0x51f8a2f1, L:/127.0.0.1:64770 - R:localhost/127.0.0.1:63994]
05:04:15.949 [Forwarding getElementTagName on session d7385e705afe01feb3f580b9517bcff9 to remote] DEBUG org.asynchttpclient.netty.request.NettyRequestSender - Using pooled Channel '[id: 0x51f8a2f1, L:/127.0.0.1:64770 - R:localhost/127.0.0.1:63994]' for 'GET' to 'http://localhost:63994/session/d7385e705afe01feb3f580b9517bcff9/element/3a989aae-e8ed-4f9b-b9b6-96091e3965b0/name'
05:04:15.949 [Forwarding getElementTagName on session d7385e705afe01feb3f580b9517bcff9 to remote] DEBUG org.asynchttpclient.netty.request.NettyRequestSender - Using open Channel [id: 0x51f8a2f1, L:/127.0.0.1:64770 - R:localhost/127.0.0.1:63994] for GET '/session/d7385e705afe01feb3f580b9517bcff9/element/3a989aae-e8ed-4f9b-b9b6-96091e3965b0/name'
05:04:15.957 [AsyncHttpClient-1-6] DEBUG org.asynchttpclient.netty.handler.HttpHandler - 

Request DefaultFullHttpRequest(decodeResult: success, version: HTTP/1.1, content: EmptyByteBufBE)
GET /session/d7385e705afe01feb3f580b9517bcff9/element/3a989aae-e8ed-4f9b-b9b6-96091e3965b0/name HTTP/1.1
User-Agent: selenium/4.1.2 (java windows)
Cache-Control: no-cache
Content-Type: application/json; charset=utf-8
host: localhost:63994
accept: */*

Response DefaultHttpResponse(decodeResult: success, version: HTTP/1.1)
HTTP/1.1 200 OK
Content-Type: application/json; charset=utf-8
cache-control: no-cache
content-length: 18

05:04:15.957 [AsyncHttpClient-1-6] DEBUG org.asynchttpclient.netty.channel.ChannelManager - Adding key: http://localhost:63994 for channel [id: 0x51f8a2f1, L:/127.0.0.1:64770 - R:localhost/127.0.0.1:63994]
05:04:15.962 [Forwarding isElementEnabled on session d7385e705afe01feb3f580b9517bcff9 to remote] DEBUG org.asynchttpclient.netty.request.NettyRequestSender - Using pooled Channel '[id: 0x51f8a2f1, L:/127.0.0.1:64770 - R:localhost/127.0.0.1:63994]' for 'GET' to 'http://localhost:63994/session/d7385e705afe01feb3f580b9517bcff9/element/3a989aae-e8ed-4f9b-b9b6-96091e3965b0/enabled'
05:04:15.962 [Forwarding isElementEnabled on session d7385e705afe01feb3f580b9517bcff9 to remote] DEBUG org.asynchttpclient.netty.request.NettyRequestSender - Using open Channel [id: 0x51f8a2f1, L:/127.0.0.1:64770 - R:localhost/127.0.0.1:63994] for GET '/session/d7385e705afe01feb3f580b9517bcff9/element/3a989aae-e8ed-4f9b-b9b6-96091e3965b0/enabled'
05:04:15.979 [AsyncHttpClient-1-6] DEBUG org.asynchttpclient.netty.handler.HttpHandler - 

Request DefaultFullHttpRequest(decodeResult: success, version: HTTP/1.1, content: EmptyByteBufBE)
GET /session/d7385e705afe01feb3f580b9517bcff9/element/3a989aae-e8ed-4f9b-b9b6-96091e3965b0/enabled HTTP/1.1
User-Agent: selenium/4.1.2 (java windows)
Cache-Control: no-cache
Content-Type: application/json; charset=utf-8
host: localhost:63994
accept: */*

Response DefaultHttpResponse(decodeResult: success, version: HTTP/1.1)
HTTP/1.1 200 OK
Content-Type: application/json; charset=utf-8
cache-control: no-cache
content-length: 14

05:04:15.980 [AsyncHttpClient-1-6] DEBUG org.asynchttpclient.netty.channel.ChannelManager - Adding key: http://localhost:63994 for channel [id: 0x51f8a2f1, L:/127.0.0.1:64770 - R:localhost/127.0.0.1:63994]
05:04:15.982 [Forwarding isElementEnabled on session d7385e705afe01feb3f580b9517bcff9 to remote] DEBUG org.asynchttpclient.netty.request.NettyRequestSender - Using pooled Channel '[id: 0x51f8a2f1, L:/127.0.0.1:64770 - R:localhost/127.0.0.1:63994]' for 'GET' to 'http://localhost:63994/session/d7385e705afe01feb3f580b9517bcff9/element/3a989aae-e8ed-4f9b-b9b6-96091e3965b0/enabled'
05:04:15.982 [Forwarding isElementEnabled on session d7385e705afe01feb3f580b9517bcff9 to remote] DEBUG org.asynchttpclient.netty.request.NettyRequestSender - Using open Channel [id: 0x51f8a2f1, L:/127.0.0.1:64770 - R:localhost/127.0.0.1:63994] for GET '/session/d7385e705afe01feb3f580b9517bcff9/element/3a989aae-e8ed-4f9b-b9b6-96091e3965b0/enabled'
05:04:15.992 [AsyncHttpClient-1-6] DEBUG org.asynchttpclient.netty.handler.HttpHandler - 

Request DefaultFullHttpRequest(decodeResult: success, version: HTTP/1.1, content: EmptyByteBufBE)
GET /session/d7385e705afe01feb3f580b9517bcff9/element/3a989aae-e8ed-4f9b-b9b6-96091e3965b0/enabled HTTP/1.1
User-Agent: selenium/4.1.2 (java windows)
Cache-Control: no-cache
Content-Type: application/json; charset=utf-8
host: localhost:63994
accept: */*

Response DefaultHttpResponse(decodeResult: success, version: HTTP/1.1)
HTTP/1.1 200 OK
Content-Type: application/json; charset=utf-8
cache-control: no-cache
content-length: 14

05:04:15.992 [AsyncHttpClient-1-6] DEBUG org.asynchttpclient.netty.channel.ChannelManager - Adding key: http://localhost:63994 for channel [id: 0x51f8a2f1, L:/127.0.0.1:64770 - R:localhost/127.0.0.1:63994]
05:04:15.996 [Forwarding findElement on session d7385e705afe01feb3f580b9517bcff9 to remote] DEBUG org.asynchttpclient.netty.request.NettyRequestSender - Using pooled Channel '[id: 0x51f8a2f1, L:/127.0.0.1:64770 - R:localhost/127.0.0.1:63994]' for 'POST' to 'http://localhost:63994/session/d7385e705afe01feb3f580b9517bcff9/element'
05:04:15.996 [Forwarding findElement on session d7385e705afe01feb3f580b9517bcff9 to remote] DEBUG org.asynchttpclient.netty.request.NettyRequestSender - Using open Channel [id: 0x51f8a2f1, L:/127.0.0.1:64770 - R:localhost/127.0.0.1:63994] for POST '/session/d7385e705afe01feb3f580b9517bcff9/element'
05:04:16.012 [AsyncHttpClient-1-6] DEBUG org.asynchttpclient.netty.handler.HttpHandler - 

Request DefaultHttpRequest(decodeResult: success, version: HTTP/1.1)
POST /session/d7385e705afe01feb3f580b9517bcff9/element HTTP/1.1
User-Agent: selenium/4.1.2 (java windows)
Content-Length: 92
Content-Type: application/json; charset=utf-8
host: localhost:63994
accept: */*

Response DefaultHttpResponse(decodeResult: success, version: HTTP/1.1)
HTTP/1.1 200 OK
Content-Type: application/json; charset=utf-8
cache-control: no-cache
content-length: 88

05:04:16.013 [AsyncHttpClient-1-6] DEBUG org.asynchttpclient.netty.channel.ChannelManager - Adding key: http://localhost:63994 for channel [id: 0x51f8a2f1, L:/127.0.0.1:64770 - R:localhost/127.0.0.1:63994]
05:04:16.014 [Forwarding clickElement on session d7385e705afe01feb3f580b9517bcff9 to remote] DEBUG org.asynchttpclient.netty.request.NettyRequestSender - Using pooled Channel '[id: 0x51f8a2f1, L:/127.0.0.1:64770 - R:localhost/127.0.0.1:63994]' for 'POST' to 'http://localhost:63994/session/d7385e705afe01feb3f580b9517bcff9/element/3a989aae-e8ed-4f9b-b9b6-96091e3965b0/click'
05:04:16.014 [Forwarding clickElement on session d7385e705afe01feb3f580b9517bcff9 to remote] DEBUG org.asynchttpclient.netty.request.NettyRequestSender - Using open Channel [id: 0x51f8a2f1, L:/127.0.0.1:64770 - R:localhost/127.0.0.1:63994] for POST '/session/d7385e705afe01feb3f580b9517bcff9/element/3a989aae-e8ed-4f9b-b9b6-96091e3965b0/click'
05:04:16.199 [AsyncHttpClient-1-6] DEBUG org.asynchttpclient.netty.handler.HttpHandler - 

Request DefaultHttpRequest(decodeResult: success, version: HTTP/1.1)
POST /session/d7385e705afe01feb3f580b9517bcff9/element/3a989aae-e8ed-4f9b-b9b6-96091e3965b0/click HTTP/1.1
User-Agent: selenium/4.1.2 (java windows)
Content-Length: 50
Content-Type: application/json; charset=utf-8
host: localhost:63994
accept: */*

Response DefaultHttpResponse(decodeResult: success, version: HTTP/1.1)
HTTP/1.1 200 OK
Content-Type: application/json; charset=utf-8
cache-control: no-cache
content-length: 14

05:04:16.199 [AsyncHttpClient-1-6] DEBUG org.asynchttpclient.netty.channel.ChannelManager - Adding key: http://localhost:63994 for channel [id: 0x51f8a2f1, L:/127.0.0.1:64770 - R:localhost/127.0.0.1:63994]
05:04:16.214 [Forwarding screenshot on session d7385e705afe01feb3f580b9517bcff9 to remote] DEBUG org.asynchttpclient.netty.request.NettyRequestSender - Using pooled Channel '[id: 0x51f8a2f1, L:/127.0.0.1:64770 - R:localhost/127.0.0.1:63994]' for 'GET' to 'http://localhost:63994/session/d7385e705afe01feb3f580b9517bcff9/screenshot'
05:04:16.214 [Forwarding screenshot on session d7385e705afe01feb3f580b9517bcff9 to remote] DEBUG org.asynchttpclient.netty.request.NettyRequestSender - Using open Channel [id: 0x51f8a2f1, L:/127.0.0.1:64770 - R:localhost/127.0.0.1:63994] for GET '/session/d7385e705afe01feb3f580b9517bcff9/screenshot'
05:04:16.492 [AsyncHttpClient-1-6] DEBUG org.asynchttpclient.netty.handler.HttpHandler - 

Request DefaultFullHttpRequest(decodeResult: success, version: HTTP/1.1, content: EmptyByteBufBE)
GET /session/d7385e705afe01feb3f580b9517bcff9/screenshot HTTP/1.1
User-Agent: selenium/4.1.2 (java windows)
Cache-Control: no-cache
Content-Type: application/json; charset=utf-8
host: localhost:63994
accept: */*

Response DefaultHttpResponse(decodeResult: success, version: HTTP/1.1)
HTTP/1.1 200 OK
Content-Type: application/json; charset=utf-8
cache-control: no-cache
content-length: 65948

05:04:16.493 [AsyncHttpClient-1-6] DEBUG org.asynchttpclient.netty.channel.ChannelManager - Adding key: http://localhost:63994 for channel [id: 0x51f8a2f1, L:/127.0.0.1:64770 - R:localhost/127.0.0.1:63994]
05:04:16.500 [main] DEBUG net.serenitybdd.core.photography.Darkroom - Send negative for processing for target\site\serenity\5c83d39dd64dd3ab66d2ba48c2b9308bccf03fcaa28f3e8341e115ceead84064.png
05:04:16.500 [main] DEBUG net.thucydides.core.steps.StepInterceptor - STEP DONE: clickCreateBuilding
  &amp#27;[32mAnd &amp#27;[0m&amp#27;[32madmin click create new building&amp#27;[0m                       &amp#27;[90m# starter.stepdefenitions.BuildingSteps.adminClickCreateNewBuilding()&amp#27;[0m
05:04:16.534 [main] DEBUG net.thucydides.core.steps.StepInterceptor - STARTING STEP: BuildingSteps.adminFillNameBuilding - fillNameBuilding
05:04:16.541 [Forwarding findElement on session d7385e705afe01feb3f580b9517bcff9 to remote] DEBUG org.asynchttpclient.netty.request.NettyRequestSender - Using pooled Channel '[id: 0x51f8a2f1, L:/127.0.0.1:64770 - R:localhost/127.0.0.1:63994]' for 'POST' to 'http://localhost:63994/session/d7385e705afe01feb3f580b9517bcff9/element'
05:04:16.541 [Forwarding findElement on session d7385e705afe01feb3f580b9517bcff9 to remote] DEBUG org.asynchttpclient.netty.request.NettyRequestSender - Using open Channel [id: 0x51f8a2f1, L:/127.0.0.1:64770 - R:localhost/127.0.0.1:63994] for POST '/session/d7385e705afe01feb3f580b9517bcff9/element'
05:04:16.569 [AsyncHttpClient-1-6] DEBUG org.asynchttpclient.netty.handler.HttpHandler - 

Request DefaultHttpRequest(decodeResult: success, version: HTTP/1.1)
POST /session/d7385e705afe01feb3f580b9517bcff9/element HTTP/1.1
User-Agent: selenium/4.1.2 (java windows)
Content-Length: 115
Content-Type: application/json; charset=utf-8
host: localhost:63994
accept: */*

Response DefaultHttpResponse(decodeResult: success, version: HTTP/1.1)
HTTP/1.1 200 OK
Content-Type: application/json; charset=utf-8
cache-control: no-cache
content-length: 88

05:04:16.569 [AsyncHttpClient-1-6] DEBUG org.asynchttpclient.netty.channel.ChannelManager - Adding key: http://localhost:63994 for channel [id: 0x51f8a2f1, L:/127.0.0.1:64770 - R:localhost/127.0.0.1:63994]
05:04:16.572 [Forwarding clearElement on session d7385e705afe01feb3f580b9517bcff9 to remote] DEBUG org.asynchttpclient.netty.request.NettyRequestSender - Using pooled Channel '[id: 0x51f8a2f1, L:/127.0.0.1:64770 - R:localhost/127.0.0.1:63994]' for 'POST' to 'http://localhost:63994/session/d7385e705afe01feb3f580b9517bcff9/element/166e8d53-03db-42c2-92a5-5d11aadea513/clear'
05:04:16.572 [Forwarding clearElement on session d7385e705afe01feb3f580b9517bcff9 to remote] DEBUG org.asynchttpclient.netty.request.NettyRequestSender - Using open Channel [id: 0x51f8a2f1, L:/127.0.0.1:64770 - R:localhost/127.0.0.1:63994] for POST '/session/d7385e705afe01feb3f580b9517bcff9/element/166e8d53-03db-42c2-92a5-5d11aadea513/clear'
05:04:16.674 [AsyncHttpClient-1-6] DEBUG org.asynchttpclient.netty.handler.HttpHandler - 

Request DefaultHttpRequest(decodeResult: success, version: HTTP/1.1)
POST /session/d7385e705afe01feb3f580b9517bcff9/element/166e8d53-03db-42c2-92a5-5d11aadea513/clear HTTP/1.1
User-Agent: selenium/4.1.2 (java windows)
Content-Length: 50
Content-Type: application/json; charset=utf-8
host: localhost:63994
accept: */*

Response DefaultHttpResponse(decodeResult: success, version: HTTP/1.1)
HTTP/1.1 200 OK
Content-Type: application/json; charset=utf-8
cache-control: no-cache
content-length: 14

05:04:16.674 [AsyncHttpClient-1-6] DEBUG org.asynchttpclient.netty.channel.ChannelManager - Adding key: http://localhost:63994 for channel [id: 0x51f8a2f1, L:/127.0.0.1:64770 - R:localhost/127.0.0.1:63994]
05:04:16.678 [Forwarding sendKeysToElement on session d7385e705afe01feb3f580b9517bcff9 to remote] DEBUG org.asynchttpclient.netty.request.NettyRequestSender - Using pooled Channel '[id: 0x51f8a2f1, L:/127.0.0.1:64770 - R:localhost/127.0.0.1:63994]' for 'POST' to 'http://localhost:63994/session/d7385e705afe01feb3f580b9517bcff9/element/166e8d53-03db-42c2-92a5-5d11aadea513/value'
05:04:16.678 [Forwarding sendKeysToElement on session d7385e705afe01feb3f580b9517bcff9 to remote] DEBUG org.asynchttpclient.netty.request.NettyRequestSender - Using open Channel [id: 0x51f8a2f1, L:/127.0.0.1:64770 - R:localhost/127.0.0.1:63994] for POST '/session/d7385e705afe01feb3f580b9517bcff9/element/166e8d53-03db-42c2-92a5-5d11aadea513/value'
05:04:16.933 [AsyncHttpClient-1-1] DEBUG org.asynchttpclient.netty.channel.DefaultChannelPool - Entry count for : http://localhost:64772 : 1
05:04:17.114 [AsyncHttpClient-1-6] DEBUG org.asynchttpclient.netty.handler.HttpHandler - 

Request DefaultHttpRequest(decodeResult: success, version: HTTP/1.1)
POST /session/d7385e705afe01feb3f580b9517bcff9/element/166e8d53-03db-42c2-92a5-5d11aadea513/value HTTP/1.1
User-Agent: selenium/4.1.2 (java windows)
Content-Length: 291
Content-Type: application/json; charset=utf-8
host: localhost:63994
accept: */*

Response DefaultHttpResponse(decodeResult: success, version: HTTP/1.1)
HTTP/1.1 200 OK
Content-Type: application/json; charset=utf-8
cache-control: no-cache
content-length: 14

05:04:17.114 [AsyncHttpClient-1-6] DEBUG org.asynchttpclient.netty.channel.ChannelManager - Adding key: http://localhost:63994 for channel [id: 0x51f8a2f1, L:/127.0.0.1:64770 - R:localhost/127.0.0.1:63994]
05:04:17.128 [Forwarding screenshot on session d7385e705afe01feb3f580b9517bcff9 to remote] DEBUG org.asynchttpclient.netty.request.NettyRequestSender - Using pooled Channel '[id: 0x51f8a2f1, L:/127.0.0.1:64770 - R:localhost/127.0.0.1:63994]' for 'GET' to 'http://localhost:63994/session/d7385e705afe01feb3f580b9517bcff9/screenshot'
05:04:17.128 [Forwarding screenshot on session d7385e705afe01feb3f580b9517bcff9 to remote] DEBUG org.asynchttpclient.netty.request.NettyRequestSender - Using open Channel [id: 0x51f8a2f1, L:/127.0.0.1:64770 - R:localhost/127.0.0.1:63994] for GET '/session/d7385e705afe01feb3f580b9517bcff9/screenshot'
05:04:17.395 [AsyncHttpClient-1-6] DEBUG org.asynchttpclient.netty.handler.HttpHandler - 

Request DefaultFullHttpRequest(decodeResult: success, version: HTTP/1.1, content: EmptyByteBufBE)
GET /session/d7385e705afe01feb3f580b9517bcff9/screenshot HTTP/1.1
User-Agent: selenium/4.1.2 (java windows)
Cache-Control: no-cache
Content-Type: application/json; charset=utf-8
host: localhost:63994
accept: */*

Response DefaultHttpResponse(decodeResult: success, version: HTTP/1.1)
HTTP/1.1 200 OK
Content-Type: application/json; charset=utf-8
cache-control: no-cache
content-length: 68024

05:04:17.396 [AsyncHttpClient-1-6] DEBUG org.asynchttpclient.netty.channel.ChannelManager - Adding key: http://localhost:63994 for channel [id: 0x51f8a2f1, L:/127.0.0.1:64770 - R:localhost/127.0.0.1:63994]
05:04:17.403 [main] DEBUG net.serenitybdd.core.photography.Darkroom - Send negative for processing for target\site\serenity\2ce5e56dfe4dcd0ca158a6da664d345d8dc91245a12f6caa3e4c1e295dfb3fc0.png
05:04:17.404 [main] DEBUG net.thucydides.core.steps.StepInterceptor - STEP DONE: fillNameBuilding
  &amp#27;[32mAnd &amp#27;[0m&amp#27;[32madmin fill name building&amp#27;[0m                              &amp#27;[90m# starter.stepdefenitions.BuildingSteps.adminFillNameBuilding()&amp#27;[0m
05:04:17.434 [main] DEBUG net.thucydides.core.steps.StepInterceptor - STARTING STEP: BuildingSteps.adminChooseComplex - chooseExistingComplex
05:04:17.443 [Forwarding findElement on session d7385e705afe01feb3f580b9517bcff9 to remote] DEBUG org.asynchttpclient.netty.request.NettyRequestSender - Using pooled Channel '[id: 0x51f8a2f1, L:/127.0.0.1:64770 - R:localhost/127.0.0.1:63994]' for 'POST' to 'http://localhost:63994/session/d7385e705afe01feb3f580b9517bcff9/element'
05:04:17.443 [Forwarding findElement on session d7385e705afe01feb3f580b9517bcff9 to remote] DEBUG org.asynchttpclient.netty.request.NettyRequestSender - Using open Channel [id: 0x51f8a2f1, L:/127.0.0.1:64770 - R:localhost/127.0.0.1:63994] for POST '/session/d7385e705afe01feb3f580b9517bcff9/element'
05:04:17.468 [AsyncHttpClient-1-6] DEBUG org.asynchttpclient.netty.handler.HttpHandler - 

Request DefaultHttpRequest(decodeResult: success, version: HTTP/1.1)
POST /session/d7385e705afe01feb3f580b9517bcff9/element HTTP/1.1
User-Agent: selenium/4.1.2 (java windows)
Content-Length: 145
Content-Type: application/json; charset=utf-8
host: localhost:63994
accept: */*

Response DefaultHttpResponse(decodeResult: success, version: HTTP/1.1)
HTTP/1.1 200 OK
Content-Type: application/json; charset=utf-8
cache-control: no-cache
content-length: 88

05:04:17.468 [AsyncHttpClient-1-6] DEBUG org.asynchttpclient.netty.channel.ChannelManager - Adding key: http://localhost:63994 for channel [id: 0x51f8a2f1, L:/127.0.0.1:64770 - R:localhost/127.0.0.1:63994]
05:04:17.471 [Forwarding getElementTagName on session d7385e705afe01feb3f580b9517bcff9 to remote] DEBUG org.asynchttpclient.netty.request.NettyRequestSender - Using pooled Channel '[id: 0x51f8a2f1, L:/127.0.0.1:64770 - R:localhost/127.0.0.1:63994]' for 'GET' to 'http://localhost:63994/session/d7385e705afe01feb3f580b9517bcff9/element/44aeabcb-45f7-4cb6-ae07-a089e1808400/name'
05:04:17.471 [Forwarding getElementTagName on session d7385e705afe01feb3f580b9517bcff9 to remote] DEBUG org.asynchttpclient.netty.request.NettyRequestSender - Using open Channel [id: 0x51f8a2f1, L:/127.0.0.1:64770 - R:localhost/127.0.0.1:63994] for GET '/session/d7385e705afe01feb3f580b9517bcff9/element/44aeabcb-45f7-4cb6-ae07-a089e1808400/name'
05:04:17.481 [AsyncHttpClient-1-6] DEBUG org.asynchttpclient.netty.handler.HttpHandler - 

Request DefaultFullHttpRequest(decodeResult: success, version: HTTP/1.1, content: EmptyByteBufBE)
GET /session/d7385e705afe01feb3f580b9517bcff9/element/44aeabcb-45f7-4cb6-ae07-a089e1808400/name HTTP/1.1
User-Agent: selenium/4.1.2 (java windows)
Cache-Control: no-cache
Content-Type: application/json; charset=utf-8
host: localhost:63994
accept: */*

Response DefaultHttpResponse(decodeResult: success, version: HTTP/1.1)
HTTP/1.1 200 OK
Content-Type: application/json; charset=utf-8
cache-control: no-cache
content-length: 18

05:04:17.481 [AsyncHttpClient-1-6] DEBUG org.asynchttpclient.netty.channel.ChannelManager - Adding key: http://localhost:63994 for channel [id: 0x51f8a2f1, L:/127.0.0.1:64770 - R:localhost/127.0.0.1:63994]
05:04:17.483 [Forwarding getElementTagName on session d7385e705afe01feb3f580b9517bcff9 to remote] DEBUG org.asynchttpclient.netty.request.NettyRequestSender - Using pooled Channel '[id: 0x51f8a2f1, L:/127.0.0.1:64770 - R:localhost/127.0.0.1:63994]' for 'GET' to 'http://localhost:63994/session/d7385e705afe01feb3f580b9517bcff9/element/44aeabcb-45f7-4cb6-ae07-a089e1808400/name'
05:04:17.484 [Forwarding getElementTagName on session d7385e705afe01feb3f580b9517bcff9 to remote] DEBUG org.asynchttpclient.netty.request.NettyRequestSender - Using open Channel [id: 0x51f8a2f1, L:/127.0.0.1:64770 - R:localhost/127.0.0.1:63994] for GET '/session/d7385e705afe01feb3f580b9517bcff9/element/44aeabcb-45f7-4cb6-ae07-a089e1808400/name'
05:04:17.497 [AsyncHttpClient-1-6] DEBUG org.asynchttpclient.netty.handler.HttpHandler - 

Request DefaultFullHttpRequest(decodeResult: success, version: HTTP/1.1, content: EmptyByteBufBE)
GET /session/d7385e705afe01feb3f580b9517bcff9/element/44aeabcb-45f7-4cb6-ae07-a089e1808400/name HTTP/1.1
User-Agent: selenium/4.1.2 (java windows)
Cache-Control: no-cache
Content-Type: application/json; charset=utf-8
host: localhost:63994
accept: */*

Response DefaultHttpResponse(decodeResult: success, version: HTTP/1.1)
HTTP/1.1 200 OK
Content-Type: application/json; charset=utf-8
cache-control: no-cache
content-length: 18

05:04:17.498 [AsyncHttpClient-1-6] DEBUG org.asynchttpclient.netty.channel.ChannelManager - Adding key: http://localhost:63994 for channel [id: 0x51f8a2f1, L:/127.0.0.1:64770 - R:localhost/127.0.0.1:63994]
05:04:17.502 [Forwarding isElementEnabled on session d7385e705afe01feb3f580b9517bcff9 to remote] DEBUG org.asynchttpclient.netty.request.NettyRequestSender - Using pooled Channel '[id: 0x51f8a2f1, L:/127.0.0.1:64770 - R:localhost/127.0.0.1:63994]' for 'GET' to 'http://localhost:63994/session/d7385e705afe01feb3f580b9517bcff9/element/44aeabcb-45f7-4cb6-ae07-a089e1808400/enabled'
05:04:17.503 [Forwarding isElementEnabled on session d7385e705afe01feb3f580b9517bcff9 to remote] DEBUG org.asynchttpclient.netty.request.NettyRequestSender - Using open Channel [id: 0x51f8a2f1, L:/127.0.0.1:64770 - R:localhost/127.0.0.1:63994] for GET '/session/d7385e705afe01feb3f580b9517bcff9/element/44aeabcb-45f7-4cb6-ae07-a089e1808400/enabled'
05:04:17.527 [AsyncHttpClient-1-6] DEBUG org.asynchttpclient.netty.handler.HttpHandler - 

Request DefaultFullHttpRequest(decodeResult: success, version: HTTP/1.1, content: EmptyByteBufBE)
GET /session/d7385e705afe01feb3f580b9517bcff9/element/44aeabcb-45f7-4cb6-ae07-a089e1808400/enabled HTTP/1.1
User-Agent: selenium/4.1.2 (java windows)
Cache-Control: no-cache
Content-Type: application/json; charset=utf-8
host: localhost:63994
accept: */*

Response DefaultHttpResponse(decodeResult: success, version: HTTP/1.1)
HTTP/1.1 200 OK
Content-Type: application/json; charset=utf-8
cache-control: no-cache
content-length: 14

05:04:17.527 [AsyncHttpClient-1-6] DEBUG org.asynchttpclient.netty.channel.ChannelManager - Adding key: http://localhost:63994 for channel [id: 0x51f8a2f1, L:/127.0.0.1:64770 - R:localhost/127.0.0.1:63994]
05:04:17.529 [Forwarding isElementEnabled on session d7385e705afe01feb3f580b9517bcff9 to remote] DEBUG org.asynchttpclient.netty.request.NettyRequestSender - Using pooled Channel '[id: 0x51f8a2f1, L:/127.0.0.1:64770 - R:localhost/127.0.0.1:63994]' for 'GET' to 'http://localhost:63994/session/d7385e705afe01feb3f580b9517bcff9/element/44aeabcb-45f7-4cb6-ae07-a089e1808400/enabled'
05:04:17.529 [Forwarding isElementEnabled on session d7385e705afe01feb3f580b9517bcff9 to remote] DEBUG org.asynchttpclient.netty.request.NettyRequestSender - Using open Channel [id: 0x51f8a2f1, L:/127.0.0.1:64770 - R:localhost/127.0.0.1:63994] for GET '/session/d7385e705afe01feb3f580b9517bcff9/element/44aeabcb-45f7-4cb6-ae07-a089e1808400/enabled'
05:04:17.541 [AsyncHttpClient-1-6] DEBUG org.asynchttpclient.netty.handler.HttpHandler - 

Request DefaultFullHttpRequest(decodeResult: success, version: HTTP/1.1, content: EmptyByteBufBE)
GET /session/d7385e705afe01feb3f580b9517bcff9/element/44aeabcb-45f7-4cb6-ae07-a089e1808400/enabled HTTP/1.1
User-Agent: selenium/4.1.2 (java windows)
Cache-Control: no-cache
Content-Type: application/json; charset=utf-8
host: localhost:63994
accept: */*

Response DefaultHttpResponse(decodeResult: success, version: HTTP/1.1)
HTTP/1.1 200 OK
Content-Type: application/json; charset=utf-8
cache-control: no-cache
content-length: 14

05:04:17.542 [AsyncHttpClient-1-6] DEBUG org.asynchttpclient.netty.channel.ChannelManager - Adding key: http://localhost:63994 for channel [id: 0x51f8a2f1, L:/127.0.0.1:64770 - R:localhost/127.0.0.1:63994]
05:04:17.545 [Forwarding findElement on session d7385e705afe01feb3f580b9517bcff9 to remote] DEBUG org.asynchttpclient.netty.request.NettyRequestSender - Using pooled Channel '[id: 0x51f8a2f1, L:/127.0.0.1:64770 - R:localhost/127.0.0.1:63994]' for 'POST' to 'http://localhost:63994/session/d7385e705afe01feb3f580b9517bcff9/element'
05:04:17.545 [Forwarding findElement on session d7385e705afe01feb3f580b9517bcff9 to remote] DEBUG org.asynchttpclient.netty.request.NettyRequestSender - Using open Channel [id: 0x51f8a2f1, L:/127.0.0.1:64770 - R:localhost/127.0.0.1:63994] for POST '/session/d7385e705afe01feb3f580b9517bcff9/element'
05:04:17.561 [AsyncHttpClient-1-6] DEBUG org.asynchttpclient.netty.handler.HttpHandler - 

Request DefaultHttpRequest(decodeResult: success, version: HTTP/1.1)
POST /session/d7385e705afe01feb3f580b9517bcff9/element HTTP/1.1
User-Agent: selenium/4.1.2 (java windows)
Content-Length: 145
Content-Type: application/json; charset=utf-8
host: localhost:63994
accept: */*

Response DefaultHttpResponse(decodeResult: success, version: HTTP/1.1)
HTTP/1.1 200 OK
Content-Type: application/json; charset=utf-8
cache-control: no-cache
content-length: 88

05:04:17.562 [AsyncHttpClient-1-6] DEBUG org.asynchttpclient.netty.channel.ChannelManager - Adding key: http://localhost:63994 for channel [id: 0x51f8a2f1, L:/127.0.0.1:64770 - R:localhost/127.0.0.1:63994]
05:04:17.563 [Forwarding getElementTagName on session d7385e705afe01feb3f580b9517bcff9 to remote] DEBUG org.asynchttpclient.netty.request.NettyRequestSender - Using pooled Channel '[id: 0x51f8a2f1, L:/127.0.0.1:64770 - R:localhost/127.0.0.1:63994]' for 'GET' to 'http://localhost:63994/session/d7385e705afe01feb3f580b9517bcff9/element/44aeabcb-45f7-4cb6-ae07-a089e1808400/name'
05:04:17.563 [Forwarding getElementTagName on session d7385e705afe01feb3f580b9517bcff9 to remote] DEBUG org.asynchttpclient.netty.request.NettyRequestSender - Using open Channel [id: 0x51f8a2f1, L:/127.0.0.1:64770 - R:localhost/127.0.0.1:63994] for GET '/session/d7385e705afe01feb3f580b9517bcff9/element/44aeabcb-45f7-4cb6-ae07-a089e1808400/name'
05:04:17.572 [AsyncHttpClient-1-6] DEBUG org.asynchttpclient.netty.handler.HttpHandler - 

Request DefaultFullHttpRequest(decodeResult: success, version: HTTP/1.1, content: EmptyByteBufBE)
GET /session/d7385e705afe01feb3f580b9517bcff9/element/44aeabcb-45f7-4cb6-ae07-a089e1808400/name HTTP/1.1
User-Agent: selenium/4.1.2 (java windows)
Cache-Control: no-cache
Content-Type: application/json; charset=utf-8
host: localhost:63994
accept: */*

Response DefaultHttpResponse(decodeResult: success, version: HTTP/1.1)
HTTP/1.1 200 OK
Content-Type: application/json; charset=utf-8
cache-control: no-cache
content-length: 18

05:04:17.573 [AsyncHttpClient-1-6] DEBUG org.asynchttpclient.netty.channel.ChannelManager - Adding key: http://localhost:63994 for channel [id: 0x51f8a2f1, L:/127.0.0.1:64770 - R:localhost/127.0.0.1:63994]
05:04:17.575 [Forwarding getElementDomAttribute on session d7385e705afe01feb3f580b9517bcff9 to remote] DEBUG org.asynchttpclient.netty.request.NettyRequestSender - Using pooled Channel '[id: 0x51f8a2f1, L:/127.0.0.1:64770 - R:localhost/127.0.0.1:63994]' for 'GET' to 'http://localhost:63994/session/d7385e705afe01feb3f580b9517bcff9/element/44aeabcb-45f7-4cb6-ae07-a089e1808400/attribute/multiple'
05:04:17.576 [Forwarding getElementDomAttribute on session d7385e705afe01feb3f580b9517bcff9 to remote] DEBUG org.asynchttpclient.netty.request.NettyRequestSender - Using open Channel [id: 0x51f8a2f1, L:/127.0.0.1:64770 - R:localhost/127.0.0.1:63994] for GET '/session/d7385e705afe01feb3f580b9517bcff9/element/44aeabcb-45f7-4cb6-ae07-a089e1808400/attribute/multiple'
05:04:17.584 [AsyncHttpClient-1-6] DEBUG org.asynchttpclient.netty.handler.HttpHandler - 

Request DefaultFullHttpRequest(decodeResult: success, version: HTTP/1.1, content: EmptyByteBufBE)
GET /session/d7385e705afe01feb3f580b9517bcff9/element/44aeabcb-45f7-4cb6-ae07-a089e1808400/attribute/multiple HTTP/1.1
User-Agent: selenium/4.1.2 (java windows)
Cache-Control: no-cache
Content-Type: application/json; charset=utf-8
host: localhost:63994
accept: */*

Response DefaultHttpResponse(decodeResult: success, version: HTTP/1.1)
HTTP/1.1 200 OK
Content-Type: application/json; charset=utf-8
cache-control: no-cache
content-length: 14

05:04:17.584 [AsyncHttpClient-1-6] DEBUG org.asynchttpclient.netty.channel.ChannelManager - Adding key: http://localhost:63994 for channel [id: 0x51f8a2f1, L:/127.0.0.1:64770 - R:localhost/127.0.0.1:63994]
05:04:17.586 [Forwarding findChildElements on session d7385e705afe01feb3f580b9517bcff9 to remote] DEBUG org.asynchttpclient.netty.request.NettyRequestSender - Using pooled Channel '[id: 0x51f8a2f1, L:/127.0.0.1:64770 - R:localhost/127.0.0.1:63994]' for 'POST' to 'http://localhost:63994/session/d7385e705afe01feb3f580b9517bcff9/element/44aeabcb-45f7-4cb6-ae07-a089e1808400/elements'
05:04:17.586 [Forwarding findChildElements on session d7385e705afe01feb3f580b9517bcff9 to remote] DEBUG org.asynchttpclient.netty.request.NettyRequestSender - Using open Channel [id: 0x51f8a2f1, L:/127.0.0.1:64770 - R:localhost/127.0.0.1:63994] for POST '/session/d7385e705afe01feb3f580b9517bcff9/element/44aeabcb-45f7-4cb6-ae07-a089e1808400/elements'
05:04:17.611 [AsyncHttpClient-1-6] DEBUG org.asynchttpclient.netty.handler.HttpHandler - 

Request DefaultHttpRequest(decodeResult: success, version: HTTP/1.1)
POST /session/d7385e705afe01feb3f580b9517bcff9/element/44aeabcb-45f7-4cb6-ae07-a089e1808400/elements HTTP/1.1
User-Agent: selenium/4.1.2 (java windows)
Content-Length: 147
Content-Type: application/json; charset=utf-8
host: localhost:63994
accept: */*

Response DefaultHttpResponse(decodeResult: success, version: HTTP/1.1)
HTTP/1.1 200 OK
Content-Type: application/json; charset=utf-8
cache-control: no-cache
content-length: 90

05:04:17.612 [AsyncHttpClient-1-6] DEBUG org.asynchttpclient.netty.channel.ChannelManager - Adding key: http://localhost:63994 for channel [id: 0x51f8a2f1, L:/127.0.0.1:64770 - R:localhost/127.0.0.1:63994]
05:04:17.613 [Forwarding isElementSelected on session d7385e705afe01feb3f580b9517bcff9 to remote] DEBUG org.asynchttpclient.netty.request.NettyRequestSender - Using pooled Channel '[id: 0x51f8a2f1, L:/127.0.0.1:64770 - R:localhost/127.0.0.1:63994]' for 'GET' to 'http://localhost:63994/session/d7385e705afe01feb3f580b9517bcff9/element/9dc0d01d-59b6-4776-b8c7-37ff8f305f9d/selected'
05:04:17.613 [Forwarding isElementSelected on session d7385e705afe01feb3f580b9517bcff9 to remote] DEBUG org.asynchttpclient.netty.request.NettyRequestSender - Using open Channel [id: 0x51f8a2f1, L:/127.0.0.1:64770 - R:localhost/127.0.0.1:63994] for GET '/session/d7385e705afe01feb3f580b9517bcff9/element/9dc0d01d-59b6-4776-b8c7-37ff8f305f9d/selected'
05:04:17.633 [AsyncHttpClient-1-6] DEBUG org.asynchttpclient.netty.handler.HttpHandler - 

Request DefaultFullHttpRequest(decodeResult: success, version: HTTP/1.1, content: EmptyByteBufBE)
GET /session/d7385e705afe01feb3f580b9517bcff9/element/9dc0d01d-59b6-4776-b8c7-37ff8f305f9d/selected HTTP/1.1
User-Agent: selenium/4.1.2 (java windows)
Cache-Control: no-cache
Content-Type: application/json; charset=utf-8
host: localhost:63994
accept: */*

Response DefaultHttpResponse(decodeResult: success, version: HTTP/1.1)
HTTP/1.1 200 OK
Content-Type: application/json; charset=utf-8
cache-control: no-cache
content-length: 15

05:04:17.633 [AsyncHttpClient-1-6] DEBUG org.asynchttpclient.netty.channel.ChannelManager - Adding key: http://localhost:63994 for channel [id: 0x51f8a2f1, L:/127.0.0.1:64770 - R:localhost/127.0.0.1:63994]
05:04:17.636 [Forwarding clickElement on session d7385e705afe01feb3f580b9517bcff9 to remote] DEBUG org.asynchttpclient.netty.request.NettyRequestSender - Using pooled Channel '[id: 0x51f8a2f1, L:/127.0.0.1:64770 - R:localhost/127.0.0.1:63994]' for 'POST' to 'http://localhost:63994/session/d7385e705afe01feb3f580b9517bcff9/element/9dc0d01d-59b6-4776-b8c7-37ff8f305f9d/click'
05:04:17.636 [Forwarding clickElement on session d7385e705afe01feb3f580b9517bcff9 to remote] DEBUG org.asynchttpclient.netty.request.NettyRequestSender - Using open Channel [id: 0x51f8a2f1, L:/127.0.0.1:64770 - R:localhost/127.0.0.1:63994] for POST '/session/d7385e705afe01feb3f580b9517bcff9/element/9dc0d01d-59b6-4776-b8c7-37ff8f305f9d/click'
05:04:17.727 [AsyncHttpClient-1-6] DEBUG org.asynchttpclient.netty.handler.HttpHandler - 

Request DefaultHttpRequest(decodeResult: success, version: HTTP/1.1)
POST /session/d7385e705afe01feb3f580b9517bcff9/element/9dc0d01d-59b6-4776-b8c7-37ff8f305f9d/click HTTP/1.1
User-Agent: selenium/4.1.2 (java windows)
Content-Length: 50
Content-Type: application/json; charset=utf-8
host: localhost:63994
accept: */*

Response DefaultHttpResponse(decodeResult: success, version: HTTP/1.1)
HTTP/1.1 200 OK
Content-Type: application/json; charset=utf-8
cache-control: no-cache
content-length: 14

05:04:17.728 [AsyncHttpClient-1-6] DEBUG org.asynchttpclient.netty.channel.ChannelManager - Adding key: http://localhost:63994 for channel [id: 0x51f8a2f1, L:/127.0.0.1:64770 - R:localhost/127.0.0.1:63994]
05:04:17.744 [Forwarding screenshot on session d7385e705afe01feb3f580b9517bcff9 to remote] DEBUG org.asynchttpclient.netty.request.NettyRequestSender - Using pooled Channel '[id: 0x51f8a2f1, L:/127.0.0.1:64770 - R:localhost/127.0.0.1:63994]' for 'GET' to 'http://localhost:63994/session/d7385e705afe01feb3f580b9517bcff9/screenshot'
05:04:17.744 [Forwarding screenshot on session d7385e705afe01feb3f580b9517bcff9 to remote] DEBUG org.asynchttpclient.netty.request.NettyRequestSender - Using open Channel [id: 0x51f8a2f1, L:/127.0.0.1:64770 - R:localhost/127.0.0.1:63994] for GET '/session/d7385e705afe01feb3f580b9517bcff9/screenshot'
05:04:18.025 [AsyncHttpClient-1-6] DEBUG org.asynchttpclient.netty.handler.HttpHandler - 

Request DefaultFullHttpRequest(decodeResult: success, version: HTTP/1.1, content: EmptyByteBufBE)
GET /session/d7385e705afe01feb3f580b9517bcff9/screenshot HTTP/1.1
User-Agent: selenium/4.1.2 (java windows)
Cache-Control: no-cache
Content-Type: application/json; charset=utf-8
host: localhost:63994
accept: */*

Response DefaultHttpResponse(decodeResult: success, version: HTTP/1.1)
HTTP/1.1 200 OK
Content-Type: application/json; charset=utf-8
cache-control: no-cache
content-length: 68804

05:04:18.026 [AsyncHttpClient-1-6] DEBUG org.asynchttpclient.netty.channel.ChannelManager - Adding key: http://localhost:63994 for channel [id: 0x51f8a2f1, L:/127.0.0.1:64770 - R:localhost/127.0.0.1:63994]
05:04:18.033 [main] DEBUG net.serenitybdd.core.photography.Darkroom - Send negative for processing for target\site\serenity\cb6c1251e873a576dbf0f12f35e5798f439765b6e022510e8773dcc1f8dde601.png
05:04:18.034 [main] DEBUG net.thucydides.core.steps.StepInterceptor - STEP DONE: chooseExistingComplex
  &amp#27;[32mAnd &amp#27;[0m&amp#27;[32madmin choose complex&amp#27;[0m                                  &amp#27;[90m# starter.stepdefenitions.BuildingSteps.adminChooseComplex()&amp#27;[0m
05:04:18.035 [AsyncHttpClient-1-1] DEBUG org.asynchttpclient.netty.channel.DefaultChannelPool - Entry count for : http://localhost:63994 : 1
05:04:18.035 [AsyncHttpClient-1-1] DEBUG org.asynchttpclient.netty.channel.DefaultChannelPool - Entry count for : http://localhost:64772 : 1
05:04:18.066 [main] DEBUG net.thucydides.core.steps.StepInterceptor - STARTING STEP: BuildingSteps.adminFillAddressBuilding - fillAddressBuilding
05:04:18.074 [Forwarding findElement on session d7385e705afe01feb3f580b9517bcff9 to remote] DEBUG org.asynchttpclient.netty.request.NettyRequestSender - Using pooled Channel '[id: 0x51f8a2f1, L:/127.0.0.1:64770 - R:localhost/127.0.0.1:63994]' for 'POST' to 'http://localhost:63994/session/d7385e705afe01feb3f580b9517bcff9/element'
05:04:18.074 [Forwarding findElement on session d7385e705afe01feb3f580b9517bcff9 to remote] DEBUG org.asynchttpclient.netty.request.NettyRequestSender - Using open Channel [id: 0x51f8a2f1, L:/127.0.0.1:64770 - R:localhost/127.0.0.1:63994] for POST '/session/d7385e705afe01feb3f580b9517bcff9/element'
05:04:18.098 [AsyncHttpClient-1-6] DEBUG org.asynchttpclient.netty.handler.HttpHandler - 

Request DefaultHttpRequest(decodeResult: success, version: HTTP/1.1)
POST /session/d7385e705afe01feb3f580b9517bcff9/element HTTP/1.1
User-Agent: selenium/4.1.2 (java windows)
Content-Length: 115
Content-Type: application/json; charset=utf-8
host: localhost:63994
accept: */*

Response DefaultHttpResponse(decodeResult: success, version: HTTP/1.1)
HTTP/1.1 200 OK
Content-Type: application/json; charset=utf-8
cache-control: no-cache
content-length: 88

05:04:18.098 [AsyncHttpClient-1-6] DEBUG org.asynchttpclient.netty.channel.ChannelManager - Adding key: http://localhost:63994 for channel [id: 0x51f8a2f1, L:/127.0.0.1:64770 - R:localhost/127.0.0.1:63994]
05:04:18.100 [Forwarding clearElement on session d7385e705afe01feb3f580b9517bcff9 to remote] DEBUG org.asynchttpclient.netty.request.NettyRequestSender - Using pooled Channel '[id: 0x51f8a2f1, L:/127.0.0.1:64770 - R:localhost/127.0.0.1:63994]' for 'POST' to 'http://localhost:63994/session/d7385e705afe01feb3f580b9517bcff9/element/a9bd5f59-be1f-4097-b9af-ad4d9beeb6bb/clear'
05:04:18.100 [Forwarding clearElement on session d7385e705afe01feb3f580b9517bcff9 to remote] DEBUG org.asynchttpclient.netty.request.NettyRequestSender - Using open Channel [id: 0x51f8a2f1, L:/127.0.0.1:64770 - R:localhost/127.0.0.1:63994] for POST '/session/d7385e705afe01feb3f580b9517bcff9/element/a9bd5f59-be1f-4097-b9af-ad4d9beeb6bb/clear'
05:04:18.175 [AsyncHttpClient-1-6] DEBUG org.asynchttpclient.netty.handler.HttpHandler - 

Request DefaultHttpRequest(decodeResult: success, version: HTTP/1.1)
POST /session/d7385e705afe01feb3f580b9517bcff9/element/a9bd5f59-be1f-4097-b9af-ad4d9beeb6bb/clear HTTP/1.1
User-Agent: selenium/4.1.2 (java windows)
Content-Length: 50
Content-Type: application/json; charset=utf-8
host: localhost:63994
accept: */*

Response DefaultHttpResponse(decodeResult: success, version: HTTP/1.1)
HTTP/1.1 200 OK
Content-Type: application/json; charset=utf-8
cache-control: no-cache
content-length: 14

05:04:18.175 [AsyncHttpClient-1-6] DEBUG org.asynchttpclient.netty.channel.ChannelManager - Adding key: http://localhost:63994 for channel [id: 0x51f8a2f1, L:/127.0.0.1:64770 - R:localhost/127.0.0.1:63994]
05:04:18.179 [Forwarding sendKeysToElement on session d7385e705afe01feb3f580b9517bcff9 to remote] DEBUG org.asynchttpclient.netty.request.NettyRequestSender - Using pooled Channel '[id: 0x51f8a2f1, L:/127.0.0.1:64770 - R:localhost/127.0.0.1:63994]' for 'POST' to 'http://localhost:63994/session/d7385e705afe01feb3f580b9517bcff9/element/a9bd5f59-be1f-4097-b9af-ad4d9beeb6bb/value'
05:04:18.179 [Forwarding sendKeysToElement on session d7385e705afe01feb3f580b9517bcff9 to remote] DEBUG org.asynchttpclient.netty.request.NettyRequestSender - Using open Channel [id: 0x51f8a2f1, L:/127.0.0.1:64770 - R:localhost/127.0.0.1:63994] for POST '/session/d7385e705afe01feb3f580b9517bcff9/element/a9bd5f59-be1f-4097-b9af-ad4d9beeb6bb/value'
05:04:18.418 [AsyncHttpClient-1-6] DEBUG org.asynchttpclient.netty.handler.HttpHandler - 

Request DefaultHttpRequest(decodeResult: success, version: HTTP/1.1)
POST /session/d7385e705afe01feb3f580b9517bcff9/element/a9bd5f59-be1f-4097-b9af-ad4d9beeb6bb/value HTTP/1.1
User-Agent: selenium/4.1.2 (java windows)
Content-Length: 211
Content-Type: application/json; charset=utf-8
host: localhost:63994
accept: */*

Response DefaultHttpResponse(decodeResult: success, version: HTTP/1.1)
HTTP/1.1 200 OK
Content-Type: application/json; charset=utf-8
cache-control: no-cache
content-length: 14

05:04:18.418 [AsyncHttpClient-1-6] DEBUG org.asynchttpclient.netty.channel.ChannelManager - Adding key: http://localhost:63994 for channel [id: 0x51f8a2f1, L:/127.0.0.1:64770 - R:localhost/127.0.0.1:63994]
05:04:18.433 [Forwarding screenshot on session d7385e705afe01feb3f580b9517bcff9 to remote] DEBUG org.asynchttpclient.netty.request.NettyRequestSender - Using pooled Channel '[id: 0x51f8a2f1, L:/127.0.0.1:64770 - R:localhost/127.0.0.1:63994]' for 'GET' to 'http://localhost:63994/session/d7385e705afe01feb3f580b9517bcff9/screenshot'
05:04:18.433 [Forwarding screenshot on session d7385e705afe01feb3f580b9517bcff9 to remote] DEBUG org.asynchttpclient.netty.request.NettyRequestSender - Using open Channel [id: 0x51f8a2f1, L:/127.0.0.1:64770 - R:localhost/127.0.0.1:63994] for GET '/session/d7385e705afe01feb3f580b9517bcff9/screenshot'
05:04:18.721 [AsyncHttpClient-1-6] DEBUG org.asynchttpclient.netty.handler.HttpHandler - 

Request DefaultFullHttpRequest(decodeResult: success, version: HTTP/1.1, content: EmptyByteBufBE)
GET /session/d7385e705afe01feb3f580b9517bcff9/screenshot HTTP/1.1
User-Agent: selenium/4.1.2 (java windows)
Cache-Control: no-cache
Content-Type: application/json; charset=utf-8
host: localhost:63994
accept: */*

Response DefaultHttpResponse(decodeResult: success, version: HTTP/1.1)
HTTP/1.1 200 OK
Content-Type: application/json; charset=utf-8
cache-control: no-cache
content-length: 70116

05:04:18.722 [AsyncHttpClient-1-6] DEBUG org.asynchttpclient.netty.channel.ChannelManager - Adding key: http://localhost:63994 for channel [id: 0x51f8a2f1, L:/127.0.0.1:64770 - R:localhost/127.0.0.1:63994]
05:04:18.729 [main] DEBUG net.serenitybdd.core.photography.Darkroom - Send negative for processing for target\site\serenity\4a24f7aef80889dd912eb6ed9025bf2efecf190486b9a0f2354f8f585ed092ca.png
05:04:18.730 [main] DEBUG net.thucydides.core.steps.StepInterceptor - STEP DONE: fillAddressBuilding
  &amp#27;[32mAnd &amp#27;[0m&amp#27;[32madmin fill address building&amp#27;[0m                           &amp#27;[90m# starter.stepdefenitions.BuildingSteps.adminFillAddressBuilding()&amp#27;[0m
05:04:18.764 [main] DEBUG net.thucydides.core.steps.StepInterceptor - STARTING STEP: BuildingSteps.adminFillDescription - fillDescriptionBuilding
05:04:18.771 [Forwarding findElement on session d7385e705afe01feb3f580b9517bcff9 to remote] DEBUG org.asynchttpclient.netty.request.NettyRequestSender - Using pooled Channel '[id: 0x51f8a2f1, L:/127.0.0.1:64770 - R:localhost/127.0.0.1:63994]' for 'POST' to 'http://localhost:63994/session/d7385e705afe01feb3f580b9517bcff9/element'
05:04:18.771 [Forwarding findElement on session d7385e705afe01feb3f580b9517bcff9 to remote] DEBUG org.asynchttpclient.netty.request.NettyRequestSender - Using open Channel [id: 0x51f8a2f1, L:/127.0.0.1:64770 - R:localhost/127.0.0.1:63994] for POST '/session/d7385e705afe01feb3f580b9517bcff9/element'
05:04:18.797 [AsyncHttpClient-1-6] DEBUG org.asynchttpclient.netty.handler.HttpHandler - 

Request DefaultHttpRequest(decodeResult: success, version: HTTP/1.1)
POST /session/d7385e705afe01feb3f580b9517bcff9/element HTTP/1.1
User-Agent: selenium/4.1.2 (java windows)
Content-Length: 66
Content-Type: application/json; charset=utf-8
host: localhost:63994
accept: */*

Response DefaultHttpResponse(decodeResult: success, version: HTTP/1.1)
HTTP/1.1 200 OK
Content-Type: application/json; charset=utf-8
cache-control: no-cache
content-length: 88

05:04:18.798 [AsyncHttpClient-1-6] DEBUG org.asynchttpclient.netty.channel.ChannelManager - Adding key: http://localhost:63994 for channel [id: 0x51f8a2f1, L:/127.0.0.1:64770 - R:localhost/127.0.0.1:63994]
05:04:18.800 [Forwarding clearElement on session d7385e705afe01feb3f580b9517bcff9 to remote] DEBUG org.asynchttpclient.netty.request.NettyRequestSender - Using pooled Channel '[id: 0x51f8a2f1, L:/127.0.0.1:64770 - R:localhost/127.0.0.1:63994]' for 'POST' to 'http://localhost:63994/session/d7385e705afe01feb3f580b9517bcff9/element/2c42e815-1496-41e3-a607-c9836317e66c/clear'
05:04:18.800 [Forwarding clearElement on session d7385e705afe01feb3f580b9517bcff9 to remote] DEBUG org.asynchttpclient.netty.request.NettyRequestSender - Using open Channel [id: 0x51f8a2f1, L:/127.0.0.1:64770 - R:localhost/127.0.0.1:63994] for POST '/session/d7385e705afe01feb3f580b9517bcff9/element/2c42e815-1496-41e3-a607-c9836317e66c/clear'
05:04:18.857 [AsyncHttpClient-1-6] DEBUG org.asynchttpclient.netty.handler.HttpHandler - 

Request DefaultHttpRequest(decodeResult: success, version: HTTP/1.1)
POST /session/d7385e705afe01feb3f580b9517bcff9/element/2c42e815-1496-41e3-a607-c9836317e66c/clear HTTP/1.1
User-Agent: selenium/4.1.2 (java windows)
Content-Length: 50
Content-Type: application/json; charset=utf-8
host: localhost:63994
accept: */*

Response DefaultHttpResponse(decodeResult: success, version: HTTP/1.1)
HTTP/1.1 200 OK
Content-Type: application/json; charset=utf-8
cache-control: no-cache
content-length: 14

05:04:18.858 [AsyncHttpClient-1-6] DEBUG org.asynchttpclient.netty.channel.ChannelManager - Adding key: http://localhost:63994 for channel [id: 0x51f8a2f1, L:/127.0.0.1:64770 - R:localhost/127.0.0.1:63994]
05:04:18.861 [Forwarding sendKeysToElement on session d7385e705afe01feb3f580b9517bcff9 to remote] DEBUG org.asynchttpclient.netty.request.NettyRequestSender - Using pooled Channel '[id: 0x51f8a2f1, L:/127.0.0.1:64770 - R:localhost/127.0.0.1:63994]' for 'POST' to 'http://localhost:63994/session/d7385e705afe01feb3f580b9517bcff9/element/2c42e815-1496-41e3-a607-c9836317e66c/value'
05:04:18.861 [Forwarding sendKeysToElement on session d7385e705afe01feb3f580b9517bcff9 to remote] DEBUG org.asynchttpclient.netty.request.NettyRequestSender - Using open Channel [id: 0x51f8a2f1, L:/127.0.0.1:64770 - R:localhost/127.0.0.1:63994] for POST '/session/d7385e705afe01feb3f580b9517bcff9/element/2c42e815-1496-41e3-a607-c9836317e66c/value'
05:04:19.141 [AsyncHttpClient-1-1] DEBUG org.asynchttpclient.netty.channel.DefaultChannelPool - Entry count for : http://localhost:64772 : 1
05:04:19.359 [AsyncHttpClient-1-6] DEBUG org.asynchttpclient.netty.handler.HttpHandler - 

Request DefaultHttpRequest(decodeResult: success, version: HTTP/1.1)
POST /session/d7385e705afe01feb3f580b9517bcff9/element/2c42e815-1496-41e3-a607-c9836317e66c/value HTTP/1.1
User-Agent: selenium/4.1.2 (java windows)
Content-Length: 441
Content-Type: application/json; charset=utf-8
host: localhost:63994
accept: */*

Response DefaultHttpResponse(decodeResult: success, version: HTTP/1.1)
HTTP/1.1 200 OK
Content-Type: application/json; charset=utf-8
cache-control: no-cache
content-length: 14

05:04:19.359 [AsyncHttpClient-1-6] DEBUG org.asynchttpclient.netty.channel.ChannelManager - Adding key: http://localhost:63994 for channel [id: 0x51f8a2f1, L:/127.0.0.1:64770 - R:localhost/127.0.0.1:63994]
05:04:19.375 [Forwarding screenshot on session d7385e705afe01feb3f580b9517bcff9 to remote] DEBUG org.asynchttpclient.netty.request.NettyRequestSender - Using pooled Channel '[id: 0x51f8a2f1, L:/127.0.0.1:64770 - R:localhost/127.0.0.1:63994]' for 'GET' to 'http://localhost:63994/session/d7385e705afe01feb3f580b9517bcff9/screenshot'
05:04:19.375 [Forwarding screenshot on session d7385e705afe01feb3f580b9517bcff9 to remote] DEBUG org.asynchttpclient.netty.request.NettyRequestSender - Using open Channel [id: 0x51f8a2f1, L:/127.0.0.1:64770 - R:localhost/127.0.0.1:63994] for GET '/session/d7385e705afe01feb3f580b9517bcff9/screenshot'
05:04:19.639 [AsyncHttpClient-1-6] DEBUG org.asynchttpclient.netty.handler.HttpHandler - 

Request DefaultFullHttpRequest(decodeResult: success, version: HTTP/1.1, content: EmptyByteBufBE)
GET /session/d7385e705afe01feb3f580b9517bcff9/screenshot HTTP/1.1
User-Agent: selenium/4.1.2 (java windows)
Cache-Control: no-cache
Content-Type: application/json; charset=utf-8
host: localhost:63994
accept: */*

Response DefaultHttpResponse(decodeResult: success, version: HTTP/1.1)
HTTP/1.1 200 OK
Content-Type: application/json; charset=utf-8
cache-control: no-cache
content-length: 71756

05:04:19.640 [AsyncHttpClient-1-6] DEBUG org.asynchttpclient.netty.channel.ChannelManager - Adding key: http://localhost:63994 for channel [id: 0x51f8a2f1, L:/127.0.0.1:64770 - R:localhost/127.0.0.1:63994]
05:04:19.648 [main] DEBUG net.serenitybdd.core.photography.Darkroom - Send negative for processing for target\site\serenity\4f6ddada639d83ecba9a6d8895306cdc43a5ebd62362027318508c55df94cf3c.png
05:04:19.648 [main] DEBUG net.thucydides.core.steps.StepInterceptor - STEP DONE: fillDescriptionBuilding
  &amp#27;[32mAnd &amp#27;[0m&amp#27;[32madmin fill description&amp#27;[0m                                &amp#27;[90m# starter.stepdefenitions.BuildingSteps.adminFillDescription()&amp#27;[0m
05:04:19.683 [main] DEBUG net.thucydides.core.steps.StepInterceptor - STARTING STEP: BuildingSteps.adminClickClose - clickCancelButton
05:04:19.699 [Forwarding findElement on session d7385e705afe01feb3f580b9517bcff9 to remote] DEBUG org.asynchttpclient.netty.request.NettyRequestSender - Using pooled Channel '[id: 0x51f8a2f1, L:/127.0.0.1:64770 - R:localhost/127.0.0.1:63994]' for 'POST' to 'http://localhost:63994/session/d7385e705afe01feb3f580b9517bcff9/element'
05:04:19.699 [Forwarding findElement on session d7385e705afe01feb3f580b9517bcff9 to remote] DEBUG org.asynchttpclient.netty.request.NettyRequestSender - Using open Channel [id: 0x51f8a2f1, L:/127.0.0.1:64770 - R:localhost/127.0.0.1:63994] for POST '/session/d7385e705afe01feb3f580b9517bcff9/element'
05:04:19.738 [AsyncHttpClient-1-6] DEBUG org.asynchttpclient.netty.handler.HttpHandler - 

Request DefaultHttpRequest(decodeResult: success, version: HTTP/1.1)
POST /session/d7385e705afe01feb3f580b9517bcff9/element HTTP/1.1
User-Agent: selenium/4.1.2 (java windows)
Content-Length: 82
Content-Type: application/json; charset=utf-8
host: localhost:63994
accept: */*

Response DefaultHttpResponse(decodeResult: success, version: HTTP/1.1)
HTTP/1.1 200 OK
Content-Type: application/json; charset=utf-8
cache-control: no-cache
content-length: 88

05:04:19.739 [AsyncHttpClient-1-6] DEBUG org.asynchttpclient.netty.channel.ChannelManager - Adding key: http://localhost:63994 for channel [id: 0x51f8a2f1, L:/127.0.0.1:64770 - R:localhost/127.0.0.1:63994]
05:04:19.742 [Forwarding getElementTagName on session d7385e705afe01feb3f580b9517bcff9 to remote] DEBUG org.asynchttpclient.netty.request.NettyRequestSender - Using pooled Channel '[id: 0x51f8a2f1, L:/127.0.0.1:64770 - R:localhost/127.0.0.1:63994]' for 'GET' to 'http://localhost:63994/session/d7385e705afe01feb3f580b9517bcff9/element/fb29a5d5-4488-460d-8bf7-d5320498e75d/name'
05:04:19.742 [Forwarding getElementTagName on session d7385e705afe01feb3f580b9517bcff9 to remote] DEBUG org.asynchttpclient.netty.request.NettyRequestSender - Using open Channel [id: 0x51f8a2f1, L:/127.0.0.1:64770 - R:localhost/127.0.0.1:63994] for GET '/session/d7385e705afe01feb3f580b9517bcff9/element/fb29a5d5-4488-460d-8bf7-d5320498e75d/name'
05:04:19.751 [AsyncHttpClient-1-6] DEBUG org.asynchttpclient.netty.handler.HttpHandler - 

Request DefaultFullHttpRequest(decodeResult: success, version: HTTP/1.1, content: EmptyByteBufBE)
GET /session/d7385e705afe01feb3f580b9517bcff9/element/fb29a5d5-4488-460d-8bf7-d5320498e75d/name HTTP/1.1
User-Agent: selenium/4.1.2 (java windows)
Cache-Control: no-cache
Content-Type: application/json; charset=utf-8
host: localhost:63994
accept: */*

Response DefaultHttpResponse(decodeResult: success, version: HTTP/1.1)
HTTP/1.1 200 OK
Content-Type: application/json; charset=utf-8
cache-control: no-cache
content-length: 18

05:04:19.751 [AsyncHttpClient-1-6] DEBUG org.asynchttpclient.netty.channel.ChannelManager - Adding key: http://localhost:63994 for channel [id: 0x51f8a2f1, L:/127.0.0.1:64770 - R:localhost/127.0.0.1:63994]
05:04:19.754 [Forwarding getElementTagName on session d7385e705afe01feb3f580b9517bcff9 to remote] DEBUG org.asynchttpclient.netty.request.NettyRequestSender - Using pooled Channel '[id: 0x51f8a2f1, L:/127.0.0.1:64770 - R:localhost/127.0.0.1:63994]' for 'GET' to 'http://localhost:63994/session/d7385e705afe01feb3f580b9517bcff9/element/fb29a5d5-4488-460d-8bf7-d5320498e75d/name'
05:04:19.755 [Forwarding getElementTagName on session d7385e705afe01feb3f580b9517bcff9 to remote] DEBUG org.asynchttpclient.netty.request.NettyRequestSender - Using open Channel [id: 0x51f8a2f1, L:/127.0.0.1:64770 - R:localhost/127.0.0.1:63994] for GET '/session/d7385e705afe01feb3f580b9517bcff9/element/fb29a5d5-4488-460d-8bf7-d5320498e75d/name'
05:04:19.761 [AsyncHttpClient-1-6] DEBUG org.asynchttpclient.netty.handler.HttpHandler - 

Request DefaultFullHttpRequest(decodeResult: success, version: HTTP/1.1, content: EmptyByteBufBE)
GET /session/d7385e705afe01feb3f580b9517bcff9/element/fb29a5d5-4488-460d-8bf7-d5320498e75d/name HTTP/1.1
User-Agent: selenium/4.1.2 (java windows)
Cache-Control: no-cache
Content-Type: application/json; charset=utf-8
host: localhost:63994
accept: */*

Response DefaultHttpResponse(decodeResult: success, version: HTTP/1.1)
HTTP/1.1 200 OK
Content-Type: application/json; charset=utf-8
cache-control: no-cache
content-length: 18

05:04:19.761 [AsyncHttpClient-1-6] DEBUG org.asynchttpclient.netty.channel.ChannelManager - Adding key: http://localhost:63994 for channel [id: 0x51f8a2f1, L:/127.0.0.1:64770 - R:localhost/127.0.0.1:63994]
05:04:19.767 [Forwarding isElementEnabled on session d7385e705afe01feb3f580b9517bcff9 to remote] DEBUG org.asynchttpclient.netty.request.NettyRequestSender - Using pooled Channel '[id: 0x51f8a2f1, L:/127.0.0.1:64770 - R:localhost/127.0.0.1:63994]' for 'GET' to 'http://localhost:63994/session/d7385e705afe01feb3f580b9517bcff9/element/fb29a5d5-4488-460d-8bf7-d5320498e75d/enabled'
05:04:19.767 [Forwarding isElementEnabled on session d7385e705afe01feb3f580b9517bcff9 to remote] DEBUG org.asynchttpclient.netty.request.NettyRequestSender - Using open Channel [id: 0x51f8a2f1, L:/127.0.0.1:64770 - R:localhost/127.0.0.1:63994] for GET '/session/d7385e705afe01feb3f580b9517bcff9/element/fb29a5d5-4488-460d-8bf7-d5320498e75d/enabled'
05:04:19.803 [AsyncHttpClient-1-6] DEBUG org.asynchttpclient.netty.handler.HttpHandler - 

Request DefaultFullHttpRequest(decodeResult: success, version: HTTP/1.1, content: EmptyByteBufBE)
GET /session/d7385e705afe01feb3f580b9517bcff9/element/fb29a5d5-4488-460d-8bf7-d5320498e75d/enabled HTTP/1.1
User-Agent: selenium/4.1.2 (java windows)
Cache-Control: no-cache
Content-Type: application/json; charset=utf-8
host: localhost:63994
accept: */*

Response DefaultHttpResponse(decodeResult: success, version: HTTP/1.1)
HTTP/1.1 200 OK
Content-Type: application/json; charset=utf-8
cache-control: no-cache
content-length: 14

05:04:19.803 [AsyncHttpClient-1-6] DEBUG org.asynchttpclient.netty.channel.ChannelManager - Adding key: http://localhost:63994 for channel [id: 0x51f8a2f1, L:/127.0.0.1:64770 - R:localhost/127.0.0.1:63994]
05:04:19.806 [Forwarding isElementEnabled on session d7385e705afe01feb3f580b9517bcff9 to remote] DEBUG org.asynchttpclient.netty.request.NettyRequestSender - Using pooled Channel '[id: 0x51f8a2f1, L:/127.0.0.1:64770 - R:localhost/127.0.0.1:63994]' for 'GET' to 'http://localhost:63994/session/d7385e705afe01feb3f580b9517bcff9/element/fb29a5d5-4488-460d-8bf7-d5320498e75d/enabled'
05:04:19.806 [Forwarding isElementEnabled on session d7385e705afe01feb3f580b9517bcff9 to remote] DEBUG org.asynchttpclient.netty.request.NettyRequestSender - Using open Channel [id: 0x51f8a2f1, L:/127.0.0.1:64770 - R:localhost/127.0.0.1:63994] for GET '/session/d7385e705afe01feb3f580b9517bcff9/element/fb29a5d5-4488-460d-8bf7-d5320498e75d/enabled'
05:04:19.818 [AsyncHttpClient-1-6] DEBUG org.asynchttpclient.netty.handler.HttpHandler - 

Request DefaultFullHttpRequest(decodeResult: success, version: HTTP/1.1, content: EmptyByteBufBE)
GET /session/d7385e705afe01feb3f580b9517bcff9/element/fb29a5d5-4488-460d-8bf7-d5320498e75d/enabled HTTP/1.1
User-Agent: selenium/4.1.2 (java windows)
Cache-Control: no-cache
Content-Type: application/json; charset=utf-8
host: localhost:63994
accept: */*

Response DefaultHttpResponse(decodeResult: success, version: HTTP/1.1)
HTTP/1.1 200 OK
Content-Type: application/json; charset=utf-8
cache-control: no-cache
content-length: 14

05:04:19.818 [AsyncHttpClient-1-6] DEBUG org.asynchttpclient.netty.channel.ChannelManager - Adding key: http://localhost:63994 for channel [id: 0x51f8a2f1, L:/127.0.0.1:64770 - R:localhost/127.0.0.1:63994]
05:04:19.824 [Forwarding findElement on session d7385e705afe01feb3f580b9517bcff9 to remote] DEBUG org.asynchttpclient.netty.request.NettyRequestSender - Using pooled Channel '[id: 0x51f8a2f1, L:/127.0.0.1:64770 - R:localhost/127.0.0.1:63994]' for 'POST' to 'http://localhost:63994/session/d7385e705afe01feb3f580b9517bcff9/element'
05:04:19.824 [Forwarding findElement on session d7385e705afe01feb3f580b9517bcff9 to remote] DEBUG org.asynchttpclient.netty.request.NettyRequestSender - Using open Channel [id: 0x51f8a2f1, L:/127.0.0.1:64770 - R:localhost/127.0.0.1:63994] for POST '/session/d7385e705afe01feb3f580b9517bcff9/element'
05:04:19.842 [AsyncHttpClient-1-6] DEBUG org.asynchttpclient.netty.handler.HttpHandler - 

Request DefaultHttpRequest(decodeResult: success, version: HTTP/1.1)
POST /session/d7385e705afe01feb3f580b9517bcff9/element HTTP/1.1
User-Agent: selenium/4.1.2 (java windows)
Content-Length: 82
Content-Type: application/json; charset=utf-8
host: localhost:63994
accept: */*

Response DefaultHttpResponse(decodeResult: success, version: HTTP/1.1)
HTTP/1.1 200 OK
Content-Type: application/json; charset=utf-8
cache-control: no-cache
content-length: 88

05:04:19.842 [AsyncHttpClient-1-6] DEBUG org.asynchttpclient.netty.channel.ChannelManager - Adding key: http://localhost:63994 for channel [id: 0x51f8a2f1, L:/127.0.0.1:64770 - R:localhost/127.0.0.1:63994]
05:04:19.844 [Forwarding clickElement on session d7385e705afe01feb3f580b9517bcff9 to remote] DEBUG org.asynchttpclient.netty.request.NettyRequestSender - Using pooled Channel '[id: 0x51f8a2f1, L:/127.0.0.1:64770 - R:localhost/127.0.0.1:63994]' for 'POST' to 'http://localhost:63994/session/d7385e705afe01feb3f580b9517bcff9/element/fb29a5d5-4488-460d-8bf7-d5320498e75d/click'
05:04:19.844 [Forwarding clickElement on session d7385e705afe01feb3f580b9517bcff9 to remote] DEBUG org.asynchttpclient.netty.request.NettyRequestSender - Using open Channel [id: 0x51f8a2f1, L:/127.0.0.1:64770 - R:localhost/127.0.0.1:63994] for POST '/session/d7385e705afe01feb3f580b9517bcff9/element/fb29a5d5-4488-460d-8bf7-d5320498e75d/click'
05:04:19.977 [AsyncHttpClient-1-6] DEBUG org.asynchttpclient.netty.handler.HttpHandler - 

Request DefaultHttpRequest(decodeResult: success, version: HTTP/1.1)
POST /session/d7385e705afe01feb3f580b9517bcff9/element/fb29a5d5-4488-460d-8bf7-d5320498e75d/click HTTP/1.1
User-Agent: selenium/4.1.2 (java windows)
Content-Length: 50
Content-Type: application/json; charset=utf-8
host: localhost:63994
accept: */*

Response DefaultHttpResponse(decodeResult: success, version: HTTP/1.1)
HTTP/1.1 200 OK
Content-Type: application/json; charset=utf-8
cache-control: no-cache
content-length: 14

05:04:19.977 [AsyncHttpClient-1-6] DEBUG org.asynchttpclient.netty.channel.ChannelManager - Adding key: http://localhost:63994 for channel [id: 0x51f8a2f1, L:/127.0.0.1:64770 - R:localhost/127.0.0.1:63994]
05:04:19.996 [Forwarding screenshot on session d7385e705afe01feb3f580b9517bcff9 to remote] DEBUG org.asynchttpclient.netty.request.NettyRequestSender - Using pooled Channel '[id: 0x51f8a2f1, L:/127.0.0.1:64770 - R:localhost/127.0.0.1:63994]' for 'GET' to 'http://localhost:63994/session/d7385e705afe01feb3f580b9517bcff9/screenshot'
05:04:19.996 [Forwarding screenshot on session d7385e705afe01feb3f580b9517bcff9 to remote] DEBUG org.asynchttpclient.netty.request.NettyRequestSender - Using open Channel [id: 0x51f8a2f1, L:/127.0.0.1:64770 - R:localhost/127.0.0.1:63994] for GET '/session/d7385e705afe01feb3f580b9517bcff9/screenshot'
05:04:20.235 [AsyncHttpClient-1-1] DEBUG org.asynchttpclient.netty.channel.DefaultChannelPool - Entry count for : http://localhost:64772 : 1
05:04:20.263 [AsyncHttpClient-1-6] DEBUG org.asynchttpclient.netty.handler.HttpHandler - 

Request DefaultFullHttpRequest(decodeResult: success, version: HTTP/1.1, content: EmptyByteBufBE)
GET /session/d7385e705afe01feb3f580b9517bcff9/screenshot HTTP/1.1
User-Agent: selenium/4.1.2 (java windows)
Cache-Control: no-cache
Content-Type: application/json; charset=utf-8
host: localhost:63994
accept: */*

Response DefaultHttpResponse(decodeResult: success, version: HTTP/1.1)
HTTP/1.1 200 OK
Content-Type: application/json; charset=utf-8
cache-control: no-cache
content-length: 56504

05:04:20.264 [AsyncHttpClient-1-6] DEBUG org.asynchttpclient.netty.channel.ChannelManager - Adding key: http://localhost:63994 for channel [id: 0x51f8a2f1, L:/127.0.0.1:64770 - R:localhost/127.0.0.1:63994]
05:04:20.271 [main] DEBUG net.serenitybdd.core.photography.Darkroom - Send negative for processing for target\site\serenity\afdaba35cf5ef4da5cdfc2da6ba377c9389ec2df5e152e370be672376afc5247.png
05:04:20.271 [main] DEBUG net.thucydides.core.steps.StepInterceptor - STEP DONE: clickCancelButton
  &amp#27;[32mAnd &amp#27;[0m&amp#27;[32madmin click close&amp#27;[0m                                     &amp#27;[90m# starter.stepdefenitions.BuildingSteps.adminClickClose()&amp#27;[0m
05:04:20.308 [main] DEBUG net.thucydides.core.steps.StepInterceptor - STARTING STEP: BuildingSteps.adminFailAddBuildingAndBackToBuildingPage - validationOnBuildingPage
05:04:20.314 [Forwarding findElement on session d7385e705afe01feb3f580b9517bcff9 to remote] DEBUG org.asynchttpclient.netty.request.NettyRequestSender - Using pooled Channel '[id: 0x51f8a2f1, L:/127.0.0.1:64770 - R:localhost/127.0.0.1:63994]' for 'POST' to 'http://localhost:63994/session/d7385e705afe01feb3f580b9517bcff9/element'
05:04:20.314 [Forwarding findElement on session d7385e705afe01feb3f580b9517bcff9 to remote] DEBUG org.asynchttpclient.netty.request.NettyRequestSender - Using open Channel [id: 0x51f8a2f1, L:/127.0.0.1:64770 - R:localhost/127.0.0.1:63994] for POST '/session/d7385e705afe01feb3f580b9517bcff9/element'
05:04:20.383 [AsyncHttpClient-1-6] DEBUG org.asynchttpclient.netty.handler.HttpHandler - 

Request DefaultHttpRequest(decodeResult: success, version: HTTP/1.1)
POST /session/d7385e705afe01feb3f580b9517bcff9/element HTTP/1.1
User-Agent: selenium/4.1.2 (java windows)
Content-Length: 74
Content-Type: application/json; charset=utf-8
host: localhost:63994
accept: */*

Response DefaultHttpResponse(decodeResult: success, version: HTTP/1.1)
HTTP/1.1 200 OK
Content-Type: application/json; charset=utf-8
cache-control: no-cache
content-length: 88

05:04:20.384 [AsyncHttpClient-1-6] DEBUG org.asynchttpclient.netty.channel.ChannelManager - Adding key: http://localhost:63994 for channel [id: 0x51f8a2f1, L:/127.0.0.1:64770 - R:localhost/127.0.0.1:63994]
05:04:20.393 [Forwarding isElementDisplayed on session d7385e705afe01feb3f580b9517bcff9 to remote] DEBUG org.asynchttpclient.netty.request.NettyRequestSender - Using pooled Channel '[id: 0x51f8a2f1, L:/127.0.0.1:64770 - R:localhost/127.0.0.1:63994]' for 'POST' to 'http://localhost:63994/session/d7385e705afe01feb3f580b9517bcff9/execute/sync'
05:04:20.393 [Forwarding isElementDisplayed on session d7385e705afe01feb3f580b9517bcff9 to remote] DEBUG org.asynchttpclient.netty.request.NettyRequestSender - Using open Channel [id: 0x51f8a2f1, L:/127.0.0.1:64770 - R:localhost/127.0.0.1:63994] for POST '/session/d7385e705afe01feb3f580b9517bcff9/execute/sync'
05:04:20.429 [AsyncHttpClient-1-6] DEBUG org.asynchttpclient.netty.handler.HttpHandler - 

Request DefaultHttpRequest(decodeResult: success, version: HTTP/1.1)
POST /session/d7385e705afe01feb3f580b9517bcff9/execute/sync HTTP/1.1
User-Agent: selenium/4.1.2 (java windows)
Content-Length: 48780
Content-Type: application/json; charset=utf-8
host: localhost:63994
accept: */*

Response DefaultHttpResponse(decodeResult: success, version: HTTP/1.1)
HTTP/1.1 200 OK
Content-Type: application/json; charset=utf-8
cache-control: no-cache
content-length: 14

05:04:20.429 [AsyncHttpClient-1-6] DEBUG org.asynchttpclient.netty.channel.ChannelManager - Adding key: http://localhost:63994 for channel [id: 0x51f8a2f1, L:/127.0.0.1:64770 - R:localhost/127.0.0.1:63994]
05:04:20.458 [Forwarding screenshot on session d7385e705afe01feb3f580b9517bcff9 to remote] DEBUG org.asynchttpclient.netty.request.NettyRequestSender - Using pooled Channel '[id: 0x51f8a2f1, L:/127.0.0.1:64770 - R:localhost/127.0.0.1:63994]' for 'GET' to 'http://localhost:63994/session/d7385e705afe01feb3f580b9517bcff9/screenshot'
05:04:20.458 [Forwarding screenshot on session d7385e705afe01feb3f580b9517bcff9 to remote] DEBUG org.asynchttpclient.netty.request.NettyRequestSender - Using open Channel [id: 0x51f8a2f1, L:/127.0.0.1:64770 - R:localhost/127.0.0.1:63994] for GET '/session/d7385e705afe01feb3f580b9517bcff9/screenshot'
05:04:20.760 [AsyncHttpClient-1-6] DEBUG org.asynchttpclient.netty.handler.HttpHandler - 

Request DefaultFullHttpRequest(decodeResult: success, version: HTTP/1.1, content: EmptyByteBufBE)
GET /session/d7385e705afe01feb3f580b9517bcff9/screenshot HTTP/1.1
User-Agent: selenium/4.1.2 (java windows)
Cache-Control: no-cache
Content-Type: application/json; charset=utf-8
host: localhost:63994
accept: */*

Response DefaultHttpResponse(decodeResult: success, version: HTTP/1.1)
HTTP/1.1 200 OK
Content-Type: application/json; charset=utf-8
cache-control: no-cache
content-length: 125376

05:04:20.760 [AsyncHttpClient-1-6] DEBUG org.asynchttpclient.netty.channel.ChannelManager - Adding key: http://localhost:63994 for channel [id: 0x51f8a2f1, L:/127.0.0.1:64770 - R:localhost/127.0.0.1:63994]
05:04:20.773 [main] DEBUG net.serenitybdd.core.photography.Darkroom - Send negative for processing for target\site\serenity\c839a9fde8705c6d7245d42694b3362024c670e8ae82a5e21046481bd6b97a1b.png
05:04:20.773 [main] DEBUG net.thucydides.core.steps.StepInterceptor - STEP DONE: validationOnBuildingPage
  &amp#27;[32mThen &amp#27;[0m&amp#27;[32madmin fail add building and back to building page&amp#27;[0m    &amp#27;[90m# starter.stepdefenitions.BuildingSteps.adminFailAddBuildingAndBackToBuildingPage()&amp#27;[0m
05:04:20.784 [main] INFO  - 
  _____   ___   ___   _____     ___     _     ___   ___   ___   ___  
 |_   _| | __| / __| |_   _|   | _ \   /_\   / __| / __| | __| |   \ 
   | |   | _|  \__ \   | |     |  _/  / _ \  \__ \ \__ \ | _|  | |) |
   |_|   |___| |___/   |_|     |_|   /_/ \_\ |___/ |___/ |___| |___/ 

As admin i create new building but i click cancel
----------------------------------------------------------------------
05:04:20.786 [AsyncHttpClient-1-8] DEBUG org.asynchttpclient.netty.handler.WebSocketHandler - Channel Closed: [id: 0x6158c206, L:/127.0.0.1:64780 ! R:localhost/127.0.0.1:64772] with attribute NettyResponseFuture{currentRetry=5,
	isDone=1,
	isCancelled=0,
	asyncHandler=org.asynchttpclient.ws.WebSocketUpgradeHandler@e8c2c69,
	nettyRequest=org.asynchttpclient.netty.request.NettyRequest@5171c396,
	future=java.util.concurrent.CompletableFuture@11c25747[Completed normally],
	uri=ws://localhost:64772/devtools/browser/ab49ef28-4a41-4a29-8b07-caa1a05be0c7,
	keepAlive=true,
	redirectCount=0,
	timeoutsHolder=null,
	inAuth=0,
	touch=1658095446527}
05:04:20.787 [AsyncHttpClient-1-8] DEBUG org.asynchttpclient.netty.channel.ChannelManager - Closing Channel [id: 0x6158c206, L:/127.0.0.1:64780 ! R:localhost/127.0.0.1:64772] 
05:04:20.787 [Driver Command Executor] DEBUG org.asynchttpclient.netty.request.NettyRequestSender - Using pooled Channel '[id: 0x51f8a2f1, L:/127.0.0.1:64770 - R:localhost/127.0.0.1:63994]' for 'DELETE' to 'http://localhost:63994/session/d7385e705afe01feb3f580b9517bcff9'
05:04:20.787 [Driver Command Executor] DEBUG org.asynchttpclient.netty.request.NettyRequestSender - Using open Channel [id: 0x51f8a2f1, L:/127.0.0.1:64770 - R:localhost/127.0.0.1:63994] for DELETE '/session/d7385e705afe01feb3f580b9517bcff9'
05:04:21.337 [AsyncHttpClient-1-1] DEBUG org.asynchttpclient.netty.channel.DefaultChannelPool - Entry count for : http://localhost:64772 : 1
05:04:22.433 [AsyncHttpClient-1-1] DEBUG org.asynchttpclient.netty.channel.DefaultChannelPool - Entry count for : http://localhost:64772 : 1
05:04:22.978 [AsyncHttpClient-1-7] DEBUG org.asynchttpclient.netty.handler.HttpHandler - Unexpected I/O exception on channel [id: 0x8bf65653, L:/127.0.0.1:64779 - R:localhost/127.0.0.1:64772]
java.io.IOException: An existing connection was forcibly closed by the remote host
	at sun.nio.ch.SocketDispatcher.read0(Native Method)
	at sun.nio.ch.SocketDispatcher.read(SocketDispatcher.java:43)
	at sun.nio.ch.IOUtil.readIntoNativeBuffer(IOUtil.java:223)
	at sun.nio.ch.IOUtil.read(IOUtil.java:192)
	at sun.nio.ch.SocketChannelImpl.read(SocketChannelImpl.java:378)
	at io.netty.buffer.PooledByteBuf.setBytes(PooledByteBuf.java:258)
	at io.netty.buffer.AbstractByteBuf.writeBytes(AbstractByteBuf.java:1132)
	at io.netty.channel.socket.nio.NioSocketChannel.doReadBytes(NioSocketChannel.java:350)
	at io.netty.channel.nio.AbstractNioByteChannel$NioByteUnsafe.read(AbstractNioByteChannel.java:151)
	at io.netty.channel.nio.NioEventLoop.processSelectedKey(NioEventLoop.java:722)
	at io.netty.channel.nio.NioEventLoop.processSelectedKeysOptimized(NioEventLoop.java:658)
	at io.netty.channel.nio.NioEventLoop.processSelectedKeys(NioEventLoop.java:584)
	at io.netty.channel.nio.NioEventLoop.run(NioEventLoop.java:496)
	at io.netty.util.concurrent.SingleThreadEventExecutor$4.run(SingleThreadEventExecutor.java:986)
	at io.netty.util.internal.ThreadExecutorMap$2.run(ThreadExecutorMap.java:74)
	at io.netty.util.concurrent.FastThreadLocalRunnable.run(FastThreadLocalRunnable.java:30)
	at java.lang.Thread.run(Thread.java:750)
05:04:22.979 [AsyncHttpClient-1-7] DEBUG org.asynchttpclient.netty.channel.ChannelManager - Closing Channel [id: 0x8bf65653, L:/127.0.0.1:64779 - R:localhost/127.0.0.1:64772] 
05:04:22.979 [AsyncHttpClient-1-7] DEBUG org.asynchttpclient.netty.handler.HttpHandler - Channel Closed: [id: 0x8bf65653, L:/127.0.0.1:64779 ! R:localhost/127.0.0.1:64772] with attribute DISCARD
05:04:23.142 [AsyncHttpClient-1-6] DEBUG org.asynchttpclient.netty.handler.HttpHandler - 

Request DefaultFullHttpRequest(decodeResult: success, version: HTTP/1.1, content: EmptyByteBufBE)
DELETE /session/d7385e705afe01feb3f580b9517bcff9 HTTP/1.1
User-Agent: selenium/4.1.2 (java windows)
Content-Type: application/json; charset=utf-8
host: localhost:63994
accept: */*

Response DefaultHttpResponse(decodeResult: success, version: HTTP/1.1)
HTTP/1.1 200 OK
Content-Type: application/json; charset=utf-8
cache-control: no-cache
content-length: 14

05:04:23.142 [AsyncHttpClient-1-6] DEBUG org.asynchttpclient.netty.channel.ChannelManager - Adding key: http://localhost:63994 for channel [id: 0x51f8a2f1, L:/127.0.0.1:64770 - R:localhost/127.0.0.1:63994]
05:04:23.533 [AsyncHttpClient-1-1] DEBUG org.asynchttpclient.netty.channel.DefaultChannelPool - Entry count for : http://localhost:63994 : 1
05:04:23.533 [AsyncHttpClient-1-1] DEBUG org.asynchttpclient.netty.channel.DefaultChannelPool - Entry count for : http://localhost:64772 : 1
05:04:23.533 [AsyncHttpClient-1-1] DEBUG org.asynchttpclient.netty.channel.DefaultChannelPool - Adding Candidate expired Channel [id: 0x8bf65653, L:/127.0.0.1:64779 ! R:localhost/127.0.0.1:64772] isIdleTimeoutExpired=false isRemotelyClosed=true isTtlExpired=false
05:04:23.533 [AsyncHttpClient-1-1] DEBUG org.asynchttpclient.netty.channel.DefaultChannelPool - Closing Idle Channel [id: 0x8bf65653, L:/127.0.0.1:64779 ! R:localhost/127.0.0.1:64772]
05:04:23.533 [AsyncHttpClient-1-1] DEBUG org.asynchttpclient.netty.channel.DefaultChannelPool - Closed 1 connections out of 2 in 0 ms
05:04:23.901 [AsyncHttpClient-1-6] DEBUG org.asynchttpclient.netty.handler.HttpHandler - Channel Closed: [id: 0x51f8a2f1, L:/127.0.0.1:64770 ! R:localhost/127.0.0.1:63994] with attribute DISCARD
]]></system-out>
    <system-err><![CDATA[Starting ChromeDriver 103.0.5060.53 (a1711811edd74ff1cf2150f36ffa3b0dae40b17f-refs/branch-heads/5060@{#853}) on port 63994
Only local connections are allowed.
Please see https://chromedriver.chromium.org/security-considerations for suggestions on keeping ChromeDriver safe.
ChromeDriver was started successfully.
Jul 18, 2022 5:04:06 AM org.openqa.selenium.remote.ProtocolHandshake createSession
INFO: Detected dialect: W3C
Jul 18, 2022 5:04:06 AM org.openqa.selenium.devtools.CdpVersionFinder findNearestMatch
WARNING: Unable to find an exact match for CDP version 103, so returning the closest version found: a no-op implementation
Jul 18, 2022 5:04:06 AM org.openqa.selenium.devtools.CdpVersionFinder findNearestMatch
INFO: Unable to find CDP implementation matching 103.
Jul 18, 2022 5:04:06 AM org.openqa.selenium.chromium.ChromiumDriver lambda$new$3
WARNING: Unable to find version of CDP to use for . You may need to include a dependency on a specific version of the CDP using something similar to `org.seleniumhq.selenium:selenium-devtools-v86:4.1.2` where the version ("v86") matches the version of the chromium-based browser you're using and the version number of the artifact is the same as Selenium's.
]]></system-err>
  </testcase>
  <testcase name="As admin i failed to create building with empty data" classname="As admin I want to see details building on building page" time="26.496">
    <system-out><![CDATA[05:04:24.636 [AsyncHttpClient-1-1] DEBUG org.asynchttpclient.netty.channel.DefaultChannelPool - Entry count for : http://localhost:63994 : 1
05:04:24.636 [AsyncHttpClient-1-1] DEBUG org.asynchttpclient.netty.channel.DefaultChannelPool - Adding Candidate expired Channel [id: 0x51f8a2f1, L:/127.0.0.1:64770 ! R:localhost/127.0.0.1:63994] isIdleTimeoutExpired=false isRemotelyClosed=true isTtlExpired=false
05:04:24.636 [AsyncHttpClient-1-1] DEBUG org.asynchttpclient.netty.channel.DefaultChannelPool - Closing Idle Channel [id: 0x51f8a2f1, L:/127.0.0.1:64770 ! R:localhost/127.0.0.1:63994]
05:04:24.636 [AsyncHttpClient-1-1] DEBUG org.asynchttpclient.netty.channel.DefaultChannelPool - Closed 1 connections out of 1 in 0 ms

@building @feature @negatifBuild
Scenario: As admin i failed to create building with empty data &amp#27;[90m# src/test/resources/features/Building.feature:70&amp#27;[0m
05:04:24.682 [main] INFO io.cucumber.core.plugin.SerenityReporter - Running feature from file:///D:/kampus%20merdeka/QE_Capstone%20Kanbo/capstone/web/src/test/resources/features/Building.feature
05:04:24.713 [main] INFO  - 
  _____   ___   ___   _____     ___   _____     _     ___   _____   ___   ___  
 |_   _| | __| / __| |_   _|   / __| |_   _|   /_\   | _ \ |_   _| | __| |   \ 
   | |   | _|  \__ \   | |     \__ \   | |    / _ \  |   /   | |   | _|  | |) |
   |_|   |___| |___/   |_|     |___/   |_|   /_/ \_\ |_|_\   |_|   |___| |___/ 

As admin i failed to create building with empty data(as-admin-i-want-to-see-details-building-on-building-page;as-admin-i-failed-to-create-building-with-empty-data)
--------------------------------------------------------------------------------
05:04:24.773 [main] DEBUG net.thucydides.core.steps.StepInterceptor - STARTING STEP: LoginSteps.onLoginPage - openPage
05:04:24.776 [main] INFO net.serenitybdd.core.webdriver.driverproviders.ChromeDriverProvider - Using automatically driver download
05:04:25.139 [main] DEBUG io.github.bonigarcia.wdm.cache.ResolutionCache - Resolution chrome=103 in cache (valid until 05:51:31 18/07/2022 ICT)
05:04:25.150 [main] DEBUG io.github.bonigarcia.wdm.cache.ResolutionCache - Resolution chrome103=103.0.5060.53 in cache (valid until 03:51:18 19/07/2022 ICT)
05:04:25.156 [main] INFO io.github.bonigarcia.wdm.WebDriverManager - Using chromedriver 103.0.5060.53 (resolved driver for Chrome 103)
05:04:25.189 [main] DEBUG io.github.bonigarcia.wdm.WebDriverManager - Driver chromedriver 103.0.5060.53 found in cache
05:04:25.191 [main] INFO io.github.bonigarcia.wdm.WebDriverManager - Exporting webdriver.chrome.driver as C:\Users\Admin\.cache\selenium\chromedriver\win32\103.0.5060.53\chromedriver.exe
05:04:25.507 [main] DEBUG net.serenitybdd.core.webdriver.driverproviders.ProvideNewDriver - Instantiating driver
05:04:25.507 [main] DEBUG net.serenitybdd.core.webdriver.driverproviders.ProvideNewDriver - Driver capabilities: Capabilities {acceptInsecureCerts: false, base.url: https://kanbo.netlify.app/, browserName: chrome, chrome.driver: src/test/resources/webdrive..., driver: chrome, goog:chromeOptions: {args: [], extensions: []}}
05:04:26.607 [AsyncHttpClient-1-9] DEBUG org.asynchttpclient.netty.channel.NettyConnectListener - Using new Channel '[id: 0x77ccd155, L:/127.0.0.1:64801 - R:localhost/127.0.0.1:63389]' for 'POST' to '/session'
05:04:27.721 [AsyncHttpClient-1-9] DEBUG org.asynchttpclient.netty.handler.HttpHandler - 

Request DefaultHttpRequest(decodeResult: success, version: HTTP/1.1)
POST /session HTTP/1.1
User-Agent: selenium/4.1.2 (java windows)
Content-Length: 612
Content-Type: application/json; charset=utf-8
host: localhost:63389
accept: */*

Response DefaultHttpResponse(decodeResult: success, version: HTTP/1.1)
HTTP/1.1 200 OK
Content-Type: application/json; charset=utf-8
cache-control: no-cache
content-length: 791

05:04:27.721 [AsyncHttpClient-1-9] DEBUG org.asynchttpclient.netty.channel.ChannelManager - Adding key: http://localhost:63389 for channel [id: 0x77ccd155, L:/127.0.0.1:64801 - R:localhost/127.0.0.1:63389]
05:04:27.741 [AsyncHttpClient-1-2] DEBUG org.asynchttpclient.netty.channel.NettyConnectListener - Using new Channel '[id: 0xd06994f3, L:/127.0.0.1:64808 - R:localhost/127.0.0.1:64803]' for 'GET' to '/json/version'
05:04:27.742 [AsyncHttpClient-1-2] DEBUG org.asynchttpclient.netty.handler.HttpHandler - 

Request DefaultFullHttpRequest(decodeResult: success, version: HTTP/1.1, content: EmptyByteBufBE)
GET /json/version HTTP/1.1
User-Agent: selenium/4.1.2 (java windows)
host: localhost:64803
accept: */*

Response DefaultHttpResponse(decodeResult: success, version: HTTP/1.1)
HTTP/1.1 200 OK
Content-Type: application/json; charset=UTF-8
content-length: 429

05:04:27.742 [AsyncHttpClient-1-2] DEBUG org.asynchttpclient.netty.channel.ChannelManager - Adding key: http://localhost:64803 for channel [id: 0xd06994f3, L:/127.0.0.1:64808 - R:localhost/127.0.0.1:64803]
05:04:27.747 [AsyncHttpClient-1-3] DEBUG org.asynchttpclient.netty.channel.NettyConnectListener - Using new Channel '[id: 0x6cc709f3, L:/127.0.0.1:64809 - R:localhost/127.0.0.1:64803]' for 'GET' to '/devtools/browser/787ea395-075f-40b7-9a7e-e6df7145090c'
05:04:27.748 [AsyncHttpClient-1-3] DEBUG org.asynchttpclient.netty.handler.WebSocketHandler - 

Request DefaultFullHttpRequest(decodeResult: success, version: HTTP/1.1, content: EmptyByteBufBE)
GET /devtools/browser/787ea395-075f-40b7-9a7e-e6df7145090c HTTP/1.1
upgrade: websocket
connection: upgrade
sec-websocket-key: c+Bwg/e+NU7HobJyBgC+3Q==
sec-websocket-version: 13
origin: http://localhost:64803
host: localhost:64803
accept: */*
user-agent: AHC/2.1

Response DefaultHttpResponse(decodeResult: success, version: HTTP/1.1)
HTTP/1.1 101 WebSocket Protocol Handshake
Upgrade: WebSocket
Connection: Upgrade
Sec-WebSocket-Accept: DRx3AcLkc40JhtOv3y6R+p34Mn8=

05:04:27.822 [Forwarding setCurrentWindowSize on session 745971cc74c6a2a931830b963cd0363c to remote] DEBUG org.asynchttpclient.netty.request.NettyRequestSender - Using pooled Channel '[id: 0x77ccd155, L:/127.0.0.1:64801 - R:localhost/127.0.0.1:63389]' for 'POST' to 'http://localhost:63389/session/745971cc74c6a2a931830b963cd0363c/window/rect'
05:04:27.822 [Forwarding setCurrentWindowSize on session 745971cc74c6a2a931830b963cd0363c to remote] DEBUG org.asynchttpclient.netty.request.NettyRequestSender - Using open Channel [id: 0x77ccd155, L:/127.0.0.1:64801 - R:localhost/127.0.0.1:63389] for POST '/session/745971cc74c6a2a931830b963cd0363c/window/rect'
05:04:27.933 [AsyncHttpClient-1-1] DEBUG org.asynchttpclient.netty.channel.DefaultChannelPool - Entry count for : http://localhost:64803 : 1
05:04:28.000 [AsyncHttpClient-1-9] DEBUG org.asynchttpclient.netty.handler.HttpHandler - 

Request DefaultHttpRequest(decodeResult: success, version: HTTP/1.1)
POST /session/745971cc74c6a2a931830b963cd0363c/window/rect HTTP/1.1
User-Agent: selenium/4.1.2 (java windows)
Content-Length: 37
Content-Type: application/json; charset=utf-8
host: localhost:63389
accept: */*

Response DefaultHttpResponse(decodeResult: success, version: HTTP/1.1)
HTTP/1.1 200 OK
Content-Type: application/json; charset=utf-8
cache-control: no-cache
content-length: 51

05:04:28.000 [AsyncHttpClient-1-9] DEBUG org.asynchttpclient.netty.channel.ChannelManager - Adding key: http://localhost:63389 for channel [id: 0x77ccd155, L:/127.0.0.1:64801 - R:localhost/127.0.0.1:63389]
05:04:28.002 [Forwarding setWindowPosition on session 745971cc74c6a2a931830b963cd0363c to remote] DEBUG org.asynchttpclient.netty.request.NettyRequestSender - Using pooled Channel '[id: 0x77ccd155, L:/127.0.0.1:64801 - R:localhost/127.0.0.1:63389]' for 'POST' to 'http://localhost:63389/session/745971cc74c6a2a931830b963cd0363c/window/rect'
05:04:28.003 [Forwarding setWindowPosition on session 745971cc74c6a2a931830b963cd0363c to remote] DEBUG org.asynchttpclient.netty.request.NettyRequestSender - Using open Channel [id: 0x77ccd155, L:/127.0.0.1:64801 - R:localhost/127.0.0.1:63389] for POST '/session/745971cc74c6a2a931830b963cd0363c/window/rect'
05:04:28.124 [AsyncHttpClient-1-9] DEBUG org.asynchttpclient.netty.handler.HttpHandler - 

Request DefaultHttpRequest(decodeResult: success, version: HTTP/1.1)
POST /session/745971cc74c6a2a931830b963cd0363c/window/rect HTTP/1.1
User-Agent: selenium/4.1.2 (java windows)
Content-Length: 22
Content-Type: application/json; charset=utf-8
host: localhost:63389
accept: */*

Response DefaultHttpResponse(decodeResult: success, version: HTTP/1.1)
HTTP/1.1 200 OK
Content-Type: application/json; charset=utf-8
cache-control: no-cache
content-length: 49

05:04:28.124 [AsyncHttpClient-1-9] DEBUG org.asynchttpclient.netty.channel.ChannelManager - Adding key: http://localhost:63389 for channel [id: 0x77ccd155, L:/127.0.0.1:64801 - R:localhost/127.0.0.1:63389]
05:04:28.126 [Forwarding get on session 745971cc74c6a2a931830b963cd0363c to remote] DEBUG org.asynchttpclient.netty.request.NettyRequestSender - Using pooled Channel '[id: 0x77ccd155, L:/127.0.0.1:64801 - R:localhost/127.0.0.1:63389]' for 'POST' to 'http://localhost:63389/session/745971cc74c6a2a931830b963cd0363c/url'
05:04:28.126 [Forwarding get on session 745971cc74c6a2a931830b963cd0363c to remote] DEBUG org.asynchttpclient.netty.request.NettyRequestSender - Using open Channel [id: 0x77ccd155, L:/127.0.0.1:64801 - R:localhost/127.0.0.1:63389] for POST '/session/745971cc74c6a2a931830b963cd0363c/url'
05:04:29.044 [AsyncHttpClient-1-1] DEBUG org.asynchttpclient.netty.channel.DefaultChannelPool - Entry count for : http://localhost:64803 : 1
05:04:30.076 [AsyncHttpClient-1-9] DEBUG org.asynchttpclient.netty.handler.HttpHandler - 

Request DefaultHttpRequest(decodeResult: success, version: HTTP/1.1)
POST /session/745971cc74c6a2a931830b963cd0363c/url HTTP/1.1
User-Agent: selenium/4.1.2 (java windows)
Content-Length: 56
Content-Type: application/json; charset=utf-8
host: localhost:63389
accept: */*

Response DefaultHttpResponse(decodeResult: success, version: HTTP/1.1)
HTTP/1.1 200 OK
Content-Type: application/json; charset=utf-8
cache-control: no-cache
content-length: 14

05:04:30.076 [AsyncHttpClient-1-9] DEBUG org.asynchttpclient.netty.channel.ChannelManager - Adding key: http://localhost:63389 for channel [id: 0x77ccd155, L:/127.0.0.1:64801 - R:localhost/127.0.0.1:63389]
05:04:30.078 [Forwarding setTimeout on session 745971cc74c6a2a931830b963cd0363c to remote] DEBUG org.asynchttpclient.netty.request.NettyRequestSender - Using pooled Channel '[id: 0x77ccd155, L:/127.0.0.1:64801 - R:localhost/127.0.0.1:63389]' for 'POST' to 'http://localhost:63389/session/745971cc74c6a2a931830b963cd0363c/timeouts'
05:04:30.079 [Forwarding setTimeout on session 745971cc74c6a2a931830b963cd0363c to remote] DEBUG org.asynchttpclient.netty.request.NettyRequestSender - Using open Channel [id: 0x77ccd155, L:/127.0.0.1:64801 - R:localhost/127.0.0.1:63389] for POST '/session/745971cc74c6a2a931830b963cd0363c/timeouts'
05:04:30.081 [AsyncHttpClient-1-9] DEBUG org.asynchttpclient.netty.handler.HttpHandler - 

Request DefaultHttpRequest(decodeResult: success, version: HTTP/1.1)
POST /session/745971cc74c6a2a931830b963cd0363c/timeouts HTTP/1.1
User-Agent: selenium/4.1.2 (java windows)
Content-Length: 22
Content-Type: application/json; charset=utf-8
host: localhost:63389
accept: */*

Response DefaultHttpResponse(decodeResult: success, version: HTTP/1.1)
HTTP/1.1 200 OK
Content-Type: application/json; charset=utf-8
cache-control: no-cache
content-length: 14

05:04:30.081 [AsyncHttpClient-1-9] DEBUG org.asynchttpclient.netty.channel.ChannelManager - Adding key: http://localhost:63389 for channel [id: 0x77ccd155, L:/127.0.0.1:64801 - R:localhost/127.0.0.1:63389]
05:04:30.088 [Forwarding getCurrentUrl on session 745971cc74c6a2a931830b963cd0363c to remote] DEBUG org.asynchttpclient.netty.request.NettyRequestSender - Using pooled Channel '[id: 0x77ccd155, L:/127.0.0.1:64801 - R:localhost/127.0.0.1:63389]' for 'GET' to 'http://localhost:63389/session/745971cc74c6a2a931830b963cd0363c/url'
05:04:30.088 [Forwarding getCurrentUrl on session 745971cc74c6a2a931830b963cd0363c to remote] DEBUG org.asynchttpclient.netty.request.NettyRequestSender - Using open Channel [id: 0x77ccd155, L:/127.0.0.1:64801 - R:localhost/127.0.0.1:63389] for GET '/session/745971cc74c6a2a931830b963cd0363c/url'
05:04:30.108 [AsyncHttpClient-1-9] DEBUG org.asynchttpclient.netty.handler.HttpHandler - 

Request DefaultFullHttpRequest(decodeResult: success, version: HTTP/1.1, content: EmptyByteBufBE)
GET /session/745971cc74c6a2a931830b963cd0363c/url HTTP/1.1
User-Agent: selenium/4.1.2 (java windows)
Cache-Control: no-cache
Content-Type: application/json; charset=utf-8
host: localhost:63389
accept: */*

Response DefaultHttpResponse(decodeResult: success, version: HTTP/1.1)
HTTP/1.1 200 OK
Content-Type: application/json; charset=utf-8
cache-control: no-cache
content-length: 38

05:04:30.109 [AsyncHttpClient-1-9] DEBUG org.asynchttpclient.netty.channel.ChannelManager - Adding key: http://localhost:63389 for channel [id: 0x77ccd155, L:/127.0.0.1:64801 - R:localhost/127.0.0.1:63389]
05:04:30.117 [Forwarding getCurrentUrl on session 745971cc74c6a2a931830b963cd0363c to remote] DEBUG org.asynchttpclient.netty.request.NettyRequestSender - Using pooled Channel '[id: 0x77ccd155, L:/127.0.0.1:64801 - R:localhost/127.0.0.1:63389]' for 'GET' to 'http://localhost:63389/session/745971cc74c6a2a931830b963cd0363c/url'
05:04:30.117 [Forwarding getCurrentUrl on session 745971cc74c6a2a931830b963cd0363c to remote] DEBUG org.asynchttpclient.netty.request.NettyRequestSender - Using open Channel [id: 0x77ccd155, L:/127.0.0.1:64801 - R:localhost/127.0.0.1:63389] for GET '/session/745971cc74c6a2a931830b963cd0363c/url'
05:04:30.124 [AsyncHttpClient-1-9] DEBUG org.asynchttpclient.netty.handler.HttpHandler - 

Request DefaultFullHttpRequest(decodeResult: success, version: HTTP/1.1, content: EmptyByteBufBE)
GET /session/745971cc74c6a2a931830b963cd0363c/url HTTP/1.1
User-Agent: selenium/4.1.2 (java windows)
Cache-Control: no-cache
Content-Type: application/json; charset=utf-8
host: localhost:63389
accept: */*

Response DefaultHttpResponse(decodeResult: success, version: HTTP/1.1)
HTTP/1.1 200 OK
Content-Type: application/json; charset=utf-8
cache-control: no-cache
content-length: 38

05:04:30.124 [AsyncHttpClient-1-9] DEBUG org.asynchttpclient.netty.channel.ChannelManager - Adding key: http://localhost:63389 for channel [id: 0x77ccd155, L:/127.0.0.1:64801 - R:localhost/127.0.0.1:63389]
05:04:30.139 [Forwarding screenshot on session 745971cc74c6a2a931830b963cd0363c to remote] DEBUG org.asynchttpclient.netty.request.NettyRequestSender - Using pooled Channel '[id: 0x77ccd155, L:/127.0.0.1:64801 - R:localhost/127.0.0.1:63389]' for 'GET' to 'http://localhost:63389/session/745971cc74c6a2a931830b963cd0363c/screenshot'
05:04:30.139 [Forwarding screenshot on session 745971cc74c6a2a931830b963cd0363c to remote] DEBUG org.asynchttpclient.netty.request.NettyRequestSender - Using open Channel [id: 0x77ccd155, L:/127.0.0.1:64801 - R:localhost/127.0.0.1:63389] for GET '/session/745971cc74c6a2a931830b963cd0363c/screenshot'
05:04:30.140 [AsyncHttpClient-1-1] DEBUG org.asynchttpclient.netty.channel.DefaultChannelPool - Entry count for : http://localhost:64803 : 1
05:04:30.541 [AsyncHttpClient-1-9] DEBUG org.asynchttpclient.netty.handler.HttpHandler - 

Request DefaultFullHttpRequest(decodeResult: success, version: HTTP/1.1, content: EmptyByteBufBE)
GET /session/745971cc74c6a2a931830b963cd0363c/screenshot HTTP/1.1
User-Agent: selenium/4.1.2 (java windows)
Cache-Control: no-cache
Content-Type: application/json; charset=utf-8
host: localhost:63389
accept: */*

Response DefaultHttpResponse(decodeResult: success, version: HTTP/1.1)
HTTP/1.1 200 OK
Content-Type: application/json; charset=utf-8
cache-control: no-cache
content-length: 226248

05:04:30.543 [AsyncHttpClient-1-9] DEBUG org.asynchttpclient.netty.channel.ChannelManager - Adding key: http://localhost:63389 for channel [id: 0x77ccd155, L:/127.0.0.1:64801 - R:localhost/127.0.0.1:63389]
05:04:30.564 [main] DEBUG net.serenitybdd.core.photography.Darkroom - Send negative for processing for target\site\serenity\2a5d2923b4b494a1ff0aeab781315180ab4dee3f7e8111246690078773e5a5c9.png
05:04:30.564 [main] DEBUG net.thucydides.core.steps.StepInterceptor - STEP DONE: openPage
05:04:30.580 [main] DEBUG net.thucydides.core.steps.StepInterceptor - STARTING STEP: LoginSteps.onLoginPage - validationOnloginPage
05:04:30.585 [Forwarding findElement on session 745971cc74c6a2a931830b963cd0363c to remote] DEBUG org.asynchttpclient.netty.request.NettyRequestSender - Using pooled Channel '[id: 0x77ccd155, L:/127.0.0.1:64801 - R:localhost/127.0.0.1:63389]' for 'POST' to 'http://localhost:63389/session/745971cc74c6a2a931830b963cd0363c/element'
05:04:30.586 [Forwarding findElement on session 745971cc74c6a2a931830b963cd0363c to remote] DEBUG org.asynchttpclient.netty.request.NettyRequestSender - Using open Channel [id: 0x77ccd155, L:/127.0.0.1:64801 - R:localhost/127.0.0.1:63389] for POST '/session/745971cc74c6a2a931830b963cd0363c/element'
05:04:30.617 [AsyncHttpClient-1-9] DEBUG org.asynchttpclient.netty.handler.HttpHandler - 

Request DefaultHttpRequest(decodeResult: success, version: HTTP/1.1)
POST /session/745971cc74c6a2a931830b963cd0363c/element HTTP/1.1
User-Agent: selenium/4.1.2 (java windows)
Content-Length: 66
Content-Type: application/json; charset=utf-8
host: localhost:63389
accept: */*

Response DefaultHttpResponse(decodeResult: success, version: HTTP/1.1)
HTTP/1.1 200 OK
Content-Type: application/json; charset=utf-8
cache-control: no-cache
content-length: 88

05:04:30.617 [AsyncHttpClient-1-9] DEBUG org.asynchttpclient.netty.channel.ChannelManager - Adding key: http://localhost:63389 for channel [id: 0x77ccd155, L:/127.0.0.1:64801 - R:localhost/127.0.0.1:63389]
05:04:30.625 [Forwarding isElementDisplayed on session 745971cc74c6a2a931830b963cd0363c to remote] DEBUG org.asynchttpclient.netty.request.NettyRequestSender - Using pooled Channel '[id: 0x77ccd155, L:/127.0.0.1:64801 - R:localhost/127.0.0.1:63389]' for 'POST' to 'http://localhost:63389/session/745971cc74c6a2a931830b963cd0363c/execute/sync'
05:04:30.625 [Forwarding isElementDisplayed on session 745971cc74c6a2a931830b963cd0363c to remote] DEBUG org.asynchttpclient.netty.request.NettyRequestSender - Using open Channel [id: 0x77ccd155, L:/127.0.0.1:64801 - R:localhost/127.0.0.1:63389] for POST '/session/745971cc74c6a2a931830b963cd0363c/execute/sync'
05:04:30.672 [AsyncHttpClient-1-9] DEBUG org.asynchttpclient.netty.handler.HttpHandler - 

Request DefaultHttpRequest(decodeResult: success, version: HTTP/1.1)
POST /session/745971cc74c6a2a931830b963cd0363c/execute/sync HTTP/1.1
User-Agent: selenium/4.1.2 (java windows)
Content-Length: 48780
Content-Type: application/json; charset=utf-8
host: localhost:63389
accept: */*

Response DefaultHttpResponse(decodeResult: success, version: HTTP/1.1)
HTTP/1.1 200 OK
Content-Type: application/json; charset=utf-8
cache-control: no-cache
content-length: 14

05:04:30.673 [AsyncHttpClient-1-9] DEBUG org.asynchttpclient.netty.channel.ChannelManager - Adding key: http://localhost:63389 for channel [id: 0x77ccd155, L:/127.0.0.1:64801 - R:localhost/127.0.0.1:63389]
05:04:30.687 [Forwarding screenshot on session 745971cc74c6a2a931830b963cd0363c to remote] DEBUG org.asynchttpclient.netty.request.NettyRequestSender - Using pooled Channel '[id: 0x77ccd155, L:/127.0.0.1:64801 - R:localhost/127.0.0.1:63389]' for 'GET' to 'http://localhost:63389/session/745971cc74c6a2a931830b963cd0363c/screenshot'
05:04:30.687 [Forwarding screenshot on session 745971cc74c6a2a931830b963cd0363c to remote] DEBUG org.asynchttpclient.netty.request.NettyRequestSender - Using open Channel [id: 0x77ccd155, L:/127.0.0.1:64801 - R:localhost/127.0.0.1:63389] for GET '/session/745971cc74c6a2a931830b963cd0363c/screenshot'
05:04:31.114 [AsyncHttpClient-1-9] DEBUG org.asynchttpclient.netty.handler.HttpHandler - 

Request DefaultFullHttpRequest(decodeResult: success, version: HTTP/1.1, content: EmptyByteBufBE)
GET /session/745971cc74c6a2a931830b963cd0363c/screenshot HTTP/1.1
User-Agent: selenium/4.1.2 (java windows)
Cache-Control: no-cache
Content-Type: application/json; charset=utf-8
host: localhost:63389
accept: */*

Response DefaultHttpResponse(decodeResult: success, version: HTTP/1.1)
HTTP/1.1 200 OK
Content-Type: application/json; charset=utf-8
cache-control: no-cache
content-length: 226248

05:04:31.115 [AsyncHttpClient-1-9] DEBUG org.asynchttpclient.netty.channel.ChannelManager - Adding key: http://localhost:63389 for channel [id: 0x77ccd155, L:/127.0.0.1:64801 - R:localhost/127.0.0.1:63389]
05:04:31.133 [main] DEBUG net.serenitybdd.core.photography.Darkroom - Send negative for processing for target\site\serenity\2a5d2923b4b494a1ff0aeab781315180ab4dee3f7e8111246690078773e5a5c9.png
05:04:31.133 [main] DEBUG net.thucydides.core.steps.StepInterceptor - STEP DONE: validationOnloginPage
  &amp#27;[32mGiven &amp#27;[0m&amp#27;[32mi am on the login page&amp#27;[0m                                 &amp#27;[90m# starter.stepdefenitions.LoginSteps.onLoginPage()&amp#27;[0m
05:04:31.169 [main] DEBUG net.thucydides.core.steps.StepInterceptor - STARTING STEP: LoginSteps.inputValidEmail - inputEmail
05:04:31.174 [Forwarding findElement on session 745971cc74c6a2a931830b963cd0363c to remote] DEBUG org.asynchttpclient.netty.request.NettyRequestSender - Using pooled Channel '[id: 0x77ccd155, L:/127.0.0.1:64801 - R:localhost/127.0.0.1:63389]' for 'POST' to 'http://localhost:63389/session/745971cc74c6a2a931830b963cd0363c/element'
05:04:31.174 [Forwarding findElement on session 745971cc74c6a2a931830b963cd0363c to remote] DEBUG org.asynchttpclient.netty.request.NettyRequestSender - Using open Channel [id: 0x77ccd155, L:/127.0.0.1:64801 - R:localhost/127.0.0.1:63389] for POST '/session/745971cc74c6a2a931830b963cd0363c/element'
05:04:31.220 [AsyncHttpClient-1-9] DEBUG org.asynchttpclient.netty.handler.HttpHandler - 

Request DefaultHttpRequest(decodeResult: success, version: HTTP/1.1)
POST /session/745971cc74c6a2a931830b963cd0363c/element HTTP/1.1
User-Agent: selenium/4.1.2 (java windows)
Content-Length: 76
Content-Type: application/json; charset=utf-8
host: localhost:63389
accept: */*

Response DefaultHttpResponse(decodeResult: success, version: HTTP/1.1)
HTTP/1.1 200 OK
Content-Type: application/json; charset=utf-8
cache-control: no-cache
content-length: 88

05:04:31.220 [AsyncHttpClient-1-9] DEBUG org.asynchttpclient.netty.channel.ChannelManager - Adding key: http://localhost:63389 for channel [id: 0x77ccd155, L:/127.0.0.1:64801 - R:localhost/127.0.0.1:63389]
05:04:31.222 [Forwarding clearElement on session 745971cc74c6a2a931830b963cd0363c to remote] DEBUG org.asynchttpclient.netty.request.NettyRequestSender - Using pooled Channel '[id: 0x77ccd155, L:/127.0.0.1:64801 - R:localhost/127.0.0.1:63389]' for 'POST' to 'http://localhost:63389/session/745971cc74c6a2a931830b963cd0363c/element/85f26b01-6fe9-4a89-b5ed-01c2220326d0/clear'
05:04:31.222 [Forwarding clearElement on session 745971cc74c6a2a931830b963cd0363c to remote] DEBUG org.asynchttpclient.netty.request.NettyRequestSender - Using open Channel [id: 0x77ccd155, L:/127.0.0.1:64801 - R:localhost/127.0.0.1:63389] for POST '/session/745971cc74c6a2a931830b963cd0363c/element/85f26b01-6fe9-4a89-b5ed-01c2220326d0/clear'
05:04:31.247 [AsyncHttpClient-1-1] DEBUG org.asynchttpclient.netty.channel.DefaultChannelPool - Entry count for : http://localhost:64803 : 1
05:04:31.331 [AsyncHttpClient-1-9] DEBUG org.asynchttpclient.netty.handler.HttpHandler - 

Request DefaultHttpRequest(decodeResult: success, version: HTTP/1.1)
POST /session/745971cc74c6a2a931830b963cd0363c/element/85f26b01-6fe9-4a89-b5ed-01c2220326d0/clear HTTP/1.1
User-Agent: selenium/4.1.2 (java windows)
Content-Length: 50
Content-Type: application/json; charset=utf-8
host: localhost:63389
accept: */*

Response DefaultHttpResponse(decodeResult: success, version: HTTP/1.1)
HTTP/1.1 200 OK
Content-Type: application/json; charset=utf-8
cache-control: no-cache
content-length: 14

05:04:31.331 [AsyncHttpClient-1-9] DEBUG org.asynchttpclient.netty.channel.ChannelManager - Adding key: http://localhost:63389 for channel [id: 0x77ccd155, L:/127.0.0.1:64801 - R:localhost/127.0.0.1:63389]
05:04:31.334 [Forwarding sendKeysToElement on session 745971cc74c6a2a931830b963cd0363c to remote] DEBUG org.asynchttpclient.netty.request.NettyRequestSender - Using pooled Channel '[id: 0x77ccd155, L:/127.0.0.1:64801 - R:localhost/127.0.0.1:63389]' for 'POST' to 'http://localhost:63389/session/745971cc74c6a2a931830b963cd0363c/element/85f26b01-6fe9-4a89-b5ed-01c2220326d0/value'
05:04:31.334 [Forwarding sendKeysToElement on session 745971cc74c6a2a931830b963cd0363c to remote] DEBUG org.asynchttpclient.netty.request.NettyRequestSender - Using open Channel [id: 0x77ccd155, L:/127.0.0.1:64801 - R:localhost/127.0.0.1:63389] for POST '/session/745971cc74c6a2a931830b963cd0363c/element/85f26b01-6fe9-4a89-b5ed-01c2220326d0/value'
05:04:31.643 [AsyncHttpClient-1-9] DEBUG org.asynchttpclient.netty.handler.HttpHandler - 

Request DefaultHttpRequest(decodeResult: success, version: HTTP/1.1)
POST /session/745971cc74c6a2a931830b963cd0363c/element/85f26b01-6fe9-4a89-b5ed-01c2220326d0/value HTTP/1.1
User-Agent: selenium/4.1.2 (java windows)
Content-Length: 261
Content-Type: application/json; charset=utf-8
host: localhost:63389
accept: */*

Response DefaultHttpResponse(decodeResult: success, version: HTTP/1.1)
HTTP/1.1 200 OK
Content-Type: application/json; charset=utf-8
cache-control: no-cache
content-length: 14

05:04:31.644 [AsyncHttpClient-1-9] DEBUG org.asynchttpclient.netty.channel.ChannelManager - Adding key: http://localhost:63389 for channel [id: 0x77ccd155, L:/127.0.0.1:64801 - R:localhost/127.0.0.1:63389]
05:04:31.659 [Forwarding screenshot on session 745971cc74c6a2a931830b963cd0363c to remote] DEBUG org.asynchttpclient.netty.request.NettyRequestSender - Using pooled Channel '[id: 0x77ccd155, L:/127.0.0.1:64801 - R:localhost/127.0.0.1:63389]' for 'GET' to 'http://localhost:63389/session/745971cc74c6a2a931830b963cd0363c/screenshot'
05:04:31.659 [Forwarding screenshot on session 745971cc74c6a2a931830b963cd0363c to remote] DEBUG org.asynchttpclient.netty.request.NettyRequestSender - Using open Channel [id: 0x77ccd155, L:/127.0.0.1:64801 - R:localhost/127.0.0.1:63389] for GET '/session/745971cc74c6a2a931830b963cd0363c/screenshot'
05:04:32.024 [AsyncHttpClient-1-9] DEBUG org.asynchttpclient.netty.handler.HttpHandler - 

Request DefaultFullHttpRequest(decodeResult: success, version: HTTP/1.1, content: EmptyByteBufBE)
GET /session/745971cc74c6a2a931830b963cd0363c/screenshot HTTP/1.1
User-Agent: selenium/4.1.2 (java windows)
Cache-Control: no-cache
Content-Type: application/json; charset=utf-8
host: localhost:63389
accept: */*

Response DefaultHttpResponse(decodeResult: success, version: HTTP/1.1)
HTTP/1.1 200 OK
Content-Type: application/json; charset=utf-8
cache-control: no-cache
content-length: 231396

05:04:32.025 [AsyncHttpClient-1-9] DEBUG org.asynchttpclient.netty.channel.ChannelManager - Adding key: http://localhost:63389 for channel [id: 0x77ccd155, L:/127.0.0.1:64801 - R:localhost/127.0.0.1:63389]
05:04:32.046 [main] DEBUG net.serenitybdd.core.photography.Darkroom - Send negative for processing for target\site\serenity\b3868473e2b79f40f8dab620f33c839d85b92d940d318baf66bea1557b15d68d.png
05:04:32.046 [main] DEBUG net.thucydides.core.steps.StepInterceptor - STEP DONE: inputEmail
  &amp#27;[32mWhen &amp#27;[0m&amp#27;[32mi input valid email&amp#27;[0m                                     &amp#27;[90m# starter.stepdefenitions.LoginSteps.inputValidEmail()&amp#27;[0m
05:04:32.081 [main] DEBUG net.thucydides.core.steps.StepInterceptor - STARTING STEP: LoginSteps.inputValidPassword - showPass
05:04:32.091 [Forwarding findElement on session 745971cc74c6a2a931830b963cd0363c to remote] DEBUG org.asynchttpclient.netty.request.NettyRequestSender - Using pooled Channel '[id: 0x77ccd155, L:/127.0.0.1:64801 - R:localhost/127.0.0.1:63389]' for 'POST' to 'http://localhost:63389/session/745971cc74c6a2a931830b963cd0363c/element'
05:04:32.091 [Forwarding findElement on session 745971cc74c6a2a931830b963cd0363c to remote] DEBUG org.asynchttpclient.netty.request.NettyRequestSender - Using open Channel [id: 0x77ccd155, L:/127.0.0.1:64801 - R:localhost/127.0.0.1:63389] for POST '/session/745971cc74c6a2a931830b963cd0363c/element'
05:04:32.115 [AsyncHttpClient-1-9] DEBUG org.asynchttpclient.netty.handler.HttpHandler - 

Request DefaultHttpRequest(decodeResult: success, version: HTTP/1.1)
POST /session/745971cc74c6a2a931830b963cd0363c/element HTTP/1.1
User-Agent: selenium/4.1.2 (java windows)
Content-Length: 95
Content-Type: application/json; charset=utf-8
host: localhost:63389
accept: */*

Response DefaultHttpResponse(decodeResult: success, version: HTTP/1.1)
HTTP/1.1 200 OK
Content-Type: application/json; charset=utf-8
cache-control: no-cache
content-length: 88

05:04:32.115 [AsyncHttpClient-1-9] DEBUG org.asynchttpclient.netty.channel.ChannelManager - Adding key: http://localhost:63389 for channel [id: 0x77ccd155, L:/127.0.0.1:64801 - R:localhost/127.0.0.1:63389]
05:04:32.118 [Forwarding getElementTagName on session 745971cc74c6a2a931830b963cd0363c to remote] DEBUG org.asynchttpclient.netty.request.NettyRequestSender - Using pooled Channel '[id: 0x77ccd155, L:/127.0.0.1:64801 - R:localhost/127.0.0.1:63389]' for 'GET' to 'http://localhost:63389/session/745971cc74c6a2a931830b963cd0363c/element/2b0f9318-0989-4975-96c5-6617126821d8/name'
05:04:32.118 [Forwarding getElementTagName on session 745971cc74c6a2a931830b963cd0363c to remote] DEBUG org.asynchttpclient.netty.request.NettyRequestSender - Using open Channel [id: 0x77ccd155, L:/127.0.0.1:64801 - R:localhost/127.0.0.1:63389] for GET '/session/745971cc74c6a2a931830b963cd0363c/element/2b0f9318-0989-4975-96c5-6617126821d8/name'
05:04:32.138 [AsyncHttpClient-1-9] DEBUG org.asynchttpclient.netty.handler.HttpHandler - 

Request DefaultFullHttpRequest(decodeResult: success, version: HTTP/1.1, content: EmptyByteBufBE)
GET /session/745971cc74c6a2a931830b963cd0363c/element/2b0f9318-0989-4975-96c5-6617126821d8/name HTTP/1.1
User-Agent: selenium/4.1.2 (java windows)
Cache-Control: no-cache
Content-Type: application/json; charset=utf-8
host: localhost:63389
accept: */*

Response DefaultHttpResponse(decodeResult: success, version: HTTP/1.1)
HTTP/1.1 200 OK
Content-Type: application/json; charset=utf-8
cache-control: no-cache
content-length: 16

05:04:32.138 [AsyncHttpClient-1-9] DEBUG org.asynchttpclient.netty.channel.ChannelManager - Adding key: http://localhost:63389 for channel [id: 0x77ccd155, L:/127.0.0.1:64801 - R:localhost/127.0.0.1:63389]
05:04:32.140 [Forwarding getElementTagName on session 745971cc74c6a2a931830b963cd0363c to remote] DEBUG org.asynchttpclient.netty.request.NettyRequestSender - Using pooled Channel '[id: 0x77ccd155, L:/127.0.0.1:64801 - R:localhost/127.0.0.1:63389]' for 'GET' to 'http://localhost:63389/session/745971cc74c6a2a931830b963cd0363c/element/2b0f9318-0989-4975-96c5-6617126821d8/name'
05:04:32.140 [Forwarding getElementTagName on session 745971cc74c6a2a931830b963cd0363c to remote] DEBUG org.asynchttpclient.netty.request.NettyRequestSender - Using open Channel [id: 0x77ccd155, L:/127.0.0.1:64801 - R:localhost/127.0.0.1:63389] for GET '/session/745971cc74c6a2a931830b963cd0363c/element/2b0f9318-0989-4975-96c5-6617126821d8/name'
05:04:32.146 [AsyncHttpClient-1-9] DEBUG org.asynchttpclient.netty.handler.HttpHandler - 

Request DefaultFullHttpRequest(decodeResult: success, version: HTTP/1.1, content: EmptyByteBufBE)
GET /session/745971cc74c6a2a931830b963cd0363c/element/2b0f9318-0989-4975-96c5-6617126821d8/name HTTP/1.1
User-Agent: selenium/4.1.2 (java windows)
Cache-Control: no-cache
Content-Type: application/json; charset=utf-8
host: localhost:63389
accept: */*

Response DefaultHttpResponse(decodeResult: success, version: HTTP/1.1)
HTTP/1.1 200 OK
Content-Type: application/json; charset=utf-8
cache-control: no-cache
content-length: 16

05:04:32.147 [AsyncHttpClient-1-9] DEBUG org.asynchttpclient.netty.channel.ChannelManager - Adding key: http://localhost:63389 for channel [id: 0x77ccd155, L:/127.0.0.1:64801 - R:localhost/127.0.0.1:63389]
05:04:32.149 [Forwarding findElement on session 745971cc74c6a2a931830b963cd0363c to remote] DEBUG org.asynchttpclient.netty.request.NettyRequestSender - Using pooled Channel '[id: 0x77ccd155, L:/127.0.0.1:64801 - R:localhost/127.0.0.1:63389]' for 'POST' to 'http://localhost:63389/session/745971cc74c6a2a931830b963cd0363c/element'
05:04:32.149 [Forwarding findElement on session 745971cc74c6a2a931830b963cd0363c to remote] DEBUG org.asynchttpclient.netty.request.NettyRequestSender - Using open Channel [id: 0x77ccd155, L:/127.0.0.1:64801 - R:localhost/127.0.0.1:63389] for POST '/session/745971cc74c6a2a931830b963cd0363c/element'
05:04:32.162 [AsyncHttpClient-1-9] DEBUG org.asynchttpclient.netty.handler.HttpHandler - 

Request DefaultHttpRequest(decodeResult: success, version: HTTP/1.1)
POST /session/745971cc74c6a2a931830b963cd0363c/element HTTP/1.1
User-Agent: selenium/4.1.2 (java windows)
Content-Length: 95
Content-Type: application/json; charset=utf-8
host: localhost:63389
accept: */*

Response DefaultHttpResponse(decodeResult: success, version: HTTP/1.1)
HTTP/1.1 200 OK
Content-Type: application/json; charset=utf-8
cache-control: no-cache
content-length: 88

05:04:32.162 [AsyncHttpClient-1-9] DEBUG org.asynchttpclient.netty.channel.ChannelManager - Adding key: http://localhost:63389 for channel [id: 0x77ccd155, L:/127.0.0.1:64801 - R:localhost/127.0.0.1:63389]
05:04:32.163 [Forwarding clickElement on session 745971cc74c6a2a931830b963cd0363c to remote] DEBUG org.asynchttpclient.netty.request.NettyRequestSender - Using pooled Channel '[id: 0x77ccd155, L:/127.0.0.1:64801 - R:localhost/127.0.0.1:63389]' for 'POST' to 'http://localhost:63389/session/745971cc74c6a2a931830b963cd0363c/element/2b0f9318-0989-4975-96c5-6617126821d8/click'
05:04:32.164 [Forwarding clickElement on session 745971cc74c6a2a931830b963cd0363c to remote] DEBUG org.asynchttpclient.netty.request.NettyRequestSender - Using open Channel [id: 0x77ccd155, L:/127.0.0.1:64801 - R:localhost/127.0.0.1:63389] for POST '/session/745971cc74c6a2a931830b963cd0363c/element/2b0f9318-0989-4975-96c5-6617126821d8/click'
05:04:32.257 [AsyncHttpClient-1-9] DEBUG org.asynchttpclient.netty.handler.HttpHandler - 

Request DefaultHttpRequest(decodeResult: success, version: HTTP/1.1)
POST /session/745971cc74c6a2a931830b963cd0363c/element/2b0f9318-0989-4975-96c5-6617126821d8/click HTTP/1.1
User-Agent: selenium/4.1.2 (java windows)
Content-Length: 50
Content-Type: application/json; charset=utf-8
host: localhost:63389
accept: */*

Response DefaultHttpResponse(decodeResult: success, version: HTTP/1.1)
HTTP/1.1 200 OK
Content-Type: application/json; charset=utf-8
cache-control: no-cache
content-length: 14

05:04:32.258 [AsyncHttpClient-1-9] DEBUG org.asynchttpclient.netty.channel.ChannelManager - Adding key: http://localhost:63389 for channel [id: 0x77ccd155, L:/127.0.0.1:64801 - R:localhost/127.0.0.1:63389]
05:04:32.272 [Forwarding screenshot on session 745971cc74c6a2a931830b963cd0363c to remote] DEBUG org.asynchttpclient.netty.request.NettyRequestSender - Using pooled Channel '[id: 0x77ccd155, L:/127.0.0.1:64801 - R:localhost/127.0.0.1:63389]' for 'GET' to 'http://localhost:63389/session/745971cc74c6a2a931830b963cd0363c/screenshot'
05:04:32.273 [Forwarding screenshot on session 745971cc74c6a2a931830b963cd0363c to remote] DEBUG org.asynchttpclient.netty.request.NettyRequestSender - Using open Channel [id: 0x77ccd155, L:/127.0.0.1:64801 - R:localhost/127.0.0.1:63389] for GET '/session/745971cc74c6a2a931830b963cd0363c/screenshot'
05:04:32.336 [AsyncHttpClient-1-1] DEBUG org.asynchttpclient.netty.channel.DefaultChannelPool - Entry count for : http://localhost:64803 : 1
05:04:32.641 [AsyncHttpClient-1-9] DEBUG org.asynchttpclient.netty.handler.HttpHandler - 

Request DefaultFullHttpRequest(decodeResult: success, version: HTTP/1.1, content: EmptyByteBufBE)
GET /session/745971cc74c6a2a931830b963cd0363c/screenshot HTTP/1.1
User-Agent: selenium/4.1.2 (java windows)
Cache-Control: no-cache
Content-Type: application/json; charset=utf-8
host: localhost:63389
accept: */*

Response DefaultHttpResponse(decodeResult: success, version: HTTP/1.1)
HTTP/1.1 200 OK
Content-Type: application/json; charset=utf-8
cache-control: no-cache
content-length: 230264

05:04:32.642 [AsyncHttpClient-1-9] DEBUG org.asynchttpclient.netty.channel.ChannelManager - Adding key: http://localhost:63389 for channel [id: 0x77ccd155, L:/127.0.0.1:64801 - R:localhost/127.0.0.1:63389]
05:04:32.663 [main] DEBUG net.serenitybdd.core.photography.Darkroom - Send negative for processing for target\site\serenity\1f64d945581aa112a9e326d75a198002832c07176f6f857cd0bc505a1c243bb1.png
05:04:32.664 [main] DEBUG net.thucydides.core.steps.StepInterceptor - STEP DONE: showPass
05:04:32.677 [main] DEBUG net.thucydides.core.steps.StepInterceptor - STARTING STEP: LoginSteps.inputValidPassword - inputPassword
05:04:32.683 [Forwarding findElement on session 745971cc74c6a2a931830b963cd0363c to remote] DEBUG org.asynchttpclient.netty.request.NettyRequestSender - Using pooled Channel '[id: 0x77ccd155, L:/127.0.0.1:64801 - R:localhost/127.0.0.1:63389]' for 'POST' to 'http://localhost:63389/session/745971cc74c6a2a931830b963cd0363c/element'
05:04:32.683 [Forwarding findElement on session 745971cc74c6a2a931830b963cd0363c to remote] DEBUG org.asynchttpclient.netty.request.NettyRequestSender - Using open Channel [id: 0x77ccd155, L:/127.0.0.1:64801 - R:localhost/127.0.0.1:63389] for POST '/session/745971cc74c6a2a931830b963cd0363c/element'
05:04:32.748 [AsyncHttpClient-1-9] DEBUG org.asynchttpclient.netty.handler.HttpHandler - 

Request DefaultHttpRequest(decodeResult: success, version: HTTP/1.1)
POST /session/745971cc74c6a2a931830b963cd0363c/element HTTP/1.1
User-Agent: selenium/4.1.2 (java windows)
Content-Length: 63
Content-Type: application/json; charset=utf-8
host: localhost:63389
accept: */*

Response DefaultHttpResponse(decodeResult: success, version: HTTP/1.1)
HTTP/1.1 200 OK
Content-Type: application/json; charset=utf-8
cache-control: no-cache
content-length: 88

05:04:32.748 [AsyncHttpClient-1-9] DEBUG org.asynchttpclient.netty.channel.ChannelManager - Adding key: http://localhost:63389 for channel [id: 0x77ccd155, L:/127.0.0.1:64801 - R:localhost/127.0.0.1:63389]
05:04:32.750 [Forwarding clearElement on session 745971cc74c6a2a931830b963cd0363c to remote] DEBUG org.asynchttpclient.netty.request.NettyRequestSender - Using pooled Channel '[id: 0x77ccd155, L:/127.0.0.1:64801 - R:localhost/127.0.0.1:63389]' for 'POST' to 'http://localhost:63389/session/745971cc74c6a2a931830b963cd0363c/element/96aae96e-6ad5-4d01-9b09-0a1fa8a9c502/clear'
05:04:32.750 [Forwarding clearElement on session 745971cc74c6a2a931830b963cd0363c to remote] DEBUG org.asynchttpclient.netty.request.NettyRequestSender - Using open Channel [id: 0x77ccd155, L:/127.0.0.1:64801 - R:localhost/127.0.0.1:63389] for POST '/session/745971cc74c6a2a931830b963cd0363c/element/96aae96e-6ad5-4d01-9b09-0a1fa8a9c502/clear'
05:04:32.821 [AsyncHttpClient-1-9] DEBUG org.asynchttpclient.netty.handler.HttpHandler - 

Request DefaultHttpRequest(decodeResult: success, version: HTTP/1.1)
POST /session/745971cc74c6a2a931830b963cd0363c/element/96aae96e-6ad5-4d01-9b09-0a1fa8a9c502/clear HTTP/1.1
User-Agent: selenium/4.1.2 (java windows)
Content-Length: 50
Content-Type: application/json; charset=utf-8
host: localhost:63389
accept: */*

Response DefaultHttpResponse(decodeResult: success, version: HTTP/1.1)
HTTP/1.1 200 OK
Content-Type: application/json; charset=utf-8
cache-control: no-cache
content-length: 14

05:04:32.821 [AsyncHttpClient-1-9] DEBUG org.asynchttpclient.netty.channel.ChannelManager - Adding key: http://localhost:63389 for channel [id: 0x77ccd155, L:/127.0.0.1:64801 - R:localhost/127.0.0.1:63389]
05:04:32.824 [Forwarding sendKeysToElement on session 745971cc74c6a2a931830b963cd0363c to remote] DEBUG org.asynchttpclient.netty.request.NettyRequestSender - Using pooled Channel '[id: 0x77ccd155, L:/127.0.0.1:64801 - R:localhost/127.0.0.1:63389]' for 'POST' to 'http://localhost:63389/session/745971cc74c6a2a931830b963cd0363c/element/96aae96e-6ad5-4d01-9b09-0a1fa8a9c502/value'
05:04:32.824 [Forwarding sendKeysToElement on session 745971cc74c6a2a931830b963cd0363c to remote] DEBUG org.asynchttpclient.netty.request.NettyRequestSender - Using open Channel [id: 0x77ccd155, L:/127.0.0.1:64801 - R:localhost/127.0.0.1:63389] for POST '/session/745971cc74c6a2a931830b963cd0363c/element/96aae96e-6ad5-4d01-9b09-0a1fa8a9c502/value'
05:04:32.985 [AsyncHttpClient-1-9] DEBUG org.asynchttpclient.netty.handler.HttpHandler - 

Request DefaultHttpRequest(decodeResult: success, version: HTTP/1.1)
POST /session/745971cc74c6a2a931830b963cd0363c/element/96aae96e-6ad5-4d01-9b09-0a1fa8a9c502/value HTTP/1.1
User-Agent: selenium/4.1.2 (java windows)
Content-Length: 181
Content-Type: application/json; charset=utf-8
host: localhost:63389
accept: */*

Response DefaultHttpResponse(decodeResult: success, version: HTTP/1.1)
HTTP/1.1 200 OK
Content-Type: application/json; charset=utf-8
cache-control: no-cache
content-length: 14

05:04:32.986 [AsyncHttpClient-1-9] DEBUG org.asynchttpclient.netty.channel.ChannelManager - Adding key: http://localhost:63389 for channel [id: 0x77ccd155, L:/127.0.0.1:64801 - R:localhost/127.0.0.1:63389]
05:04:33.001 [Forwarding screenshot on session 745971cc74c6a2a931830b963cd0363c to remote] DEBUG org.asynchttpclient.netty.request.NettyRequestSender - Using pooled Channel '[id: 0x77ccd155, L:/127.0.0.1:64801 - R:localhost/127.0.0.1:63389]' for 'GET' to 'http://localhost:63389/session/745971cc74c6a2a931830b963cd0363c/screenshot'
05:04:33.001 [Forwarding screenshot on session 745971cc74c6a2a931830b963cd0363c to remote] DEBUG org.asynchttpclient.netty.request.NettyRequestSender - Using open Channel [id: 0x77ccd155, L:/127.0.0.1:64801 - R:localhost/127.0.0.1:63389] for GET '/session/745971cc74c6a2a931830b963cd0363c/screenshot'
05:04:33.359 [AsyncHttpClient-1-9] DEBUG org.asynchttpclient.netty.handler.HttpHandler - 

Request DefaultFullHttpRequest(decodeResult: success, version: HTTP/1.1, content: EmptyByteBufBE)
GET /session/745971cc74c6a2a931830b963cd0363c/screenshot HTTP/1.1
User-Agent: selenium/4.1.2 (java windows)
Cache-Control: no-cache
Content-Type: application/json; charset=utf-8
host: localhost:63389
accept: */*

Response DefaultHttpResponse(decodeResult: success, version: HTTP/1.1)
HTTP/1.1 200 OK
Content-Type: application/json; charset=utf-8
cache-control: no-cache
content-length: 233392

05:04:33.361 [AsyncHttpClient-1-9] DEBUG org.asynchttpclient.netty.channel.ChannelManager - Adding key: http://localhost:63389 for channel [id: 0x77ccd155, L:/127.0.0.1:64801 - R:localhost/127.0.0.1:63389]
05:04:33.382 [main] DEBUG net.serenitybdd.core.photography.Darkroom - Send negative for processing for target\site\serenity\3ece4fd11926f08c5bf85ce6af4bed34f7e08d6061a1a81642467700e67c8d73.png
05:04:33.383 [main] DEBUG net.thucydides.core.steps.StepInterceptor - STEP DONE: inputPassword
  &amp#27;[32mAnd &amp#27;[0m&amp#27;[32mi input valid password&amp#27;[0m                                   &amp#27;[90m# starter.stepdefenitions.LoginSteps.inputValidPassword()&amp#27;[0m
05:04:33.415 [main] DEBUG net.thucydides.core.steps.StepInterceptor - STARTING STEP: LoginSteps.clickLoginButton - clickLoginButton
05:04:33.421 [Forwarding findElement on session 745971cc74c6a2a931830b963cd0363c to remote] DEBUG org.asynchttpclient.netty.request.NettyRequestSender - Using pooled Channel '[id: 0x77ccd155, L:/127.0.0.1:64801 - R:localhost/127.0.0.1:63389]' for 'POST' to 'http://localhost:63389/session/745971cc74c6a2a931830b963cd0363c/element'
05:04:33.421 [Forwarding findElement on session 745971cc74c6a2a931830b963cd0363c to remote] DEBUG org.asynchttpclient.netty.request.NettyRequestSender - Using open Channel [id: 0x77ccd155, L:/127.0.0.1:64801 - R:localhost/127.0.0.1:63389] for POST '/session/745971cc74c6a2a931830b963cd0363c/element'
05:04:33.433 [AsyncHttpClient-1-1] DEBUG org.asynchttpclient.netty.channel.DefaultChannelPool - Entry count for : http://localhost:64803 : 1
05:04:33.435 [AsyncHttpClient-1-9] DEBUG org.asynchttpclient.netty.handler.HttpHandler - 

Request DefaultHttpRequest(decodeResult: success, version: HTTP/1.1)
POST /session/745971cc74c6a2a931830b963cd0363c/element HTTP/1.1
User-Agent: selenium/4.1.2 (java windows)
Content-Length: 66
Content-Type: application/json; charset=utf-8
host: localhost:63389
accept: */*

Response DefaultHttpResponse(decodeResult: success, version: HTTP/1.1)
HTTP/1.1 200 OK
Content-Type: application/json; charset=utf-8
cache-control: no-cache
content-length: 88

05:04:33.435 [AsyncHttpClient-1-9] DEBUG org.asynchttpclient.netty.channel.ChannelManager - Adding key: http://localhost:63389 for channel [id: 0x77ccd155, L:/127.0.0.1:64801 - R:localhost/127.0.0.1:63389]
05:04:33.438 [Forwarding getElementTagName on session 745971cc74c6a2a931830b963cd0363c to remote] DEBUG org.asynchttpclient.netty.request.NettyRequestSender - Using pooled Channel '[id: 0x77ccd155, L:/127.0.0.1:64801 - R:localhost/127.0.0.1:63389]' for 'GET' to 'http://localhost:63389/session/745971cc74c6a2a931830b963cd0363c/element/67cedba8-2ef6-4ab1-b440-74e4d2cdb8a7/name'
05:04:33.438 [Forwarding getElementTagName on session 745971cc74c6a2a931830b963cd0363c to remote] DEBUG org.asynchttpclient.netty.request.NettyRequestSender - Using open Channel [id: 0x77ccd155, L:/127.0.0.1:64801 - R:localhost/127.0.0.1:63389] for GET '/session/745971cc74c6a2a931830b963cd0363c/element/67cedba8-2ef6-4ab1-b440-74e4d2cdb8a7/name'
05:04:33.446 [AsyncHttpClient-1-9] DEBUG org.asynchttpclient.netty.handler.HttpHandler - 

Request DefaultFullHttpRequest(decodeResult: success, version: HTTP/1.1, content: EmptyByteBufBE)
GET /session/745971cc74c6a2a931830b963cd0363c/element/67cedba8-2ef6-4ab1-b440-74e4d2cdb8a7/name HTTP/1.1
User-Agent: selenium/4.1.2 (java windows)
Cache-Control: no-cache
Content-Type: application/json; charset=utf-8
host: localhost:63389
accept: */*

Response DefaultHttpResponse(decodeResult: success, version: HTTP/1.1)
HTTP/1.1 200 OK
Content-Type: application/json; charset=utf-8
cache-control: no-cache
content-length: 18

05:04:33.446 [AsyncHttpClient-1-9] DEBUG org.asynchttpclient.netty.channel.ChannelManager - Adding key: http://localhost:63389 for channel [id: 0x77ccd155, L:/127.0.0.1:64801 - R:localhost/127.0.0.1:63389]
05:04:33.448 [Forwarding getElementTagName on session 745971cc74c6a2a931830b963cd0363c to remote] DEBUG org.asynchttpclient.netty.request.NettyRequestSender - Using pooled Channel '[id: 0x77ccd155, L:/127.0.0.1:64801 - R:localhost/127.0.0.1:63389]' for 'GET' to 'http://localhost:63389/session/745971cc74c6a2a931830b963cd0363c/element/67cedba8-2ef6-4ab1-b440-74e4d2cdb8a7/name'
05:04:33.448 [Forwarding getElementTagName on session 745971cc74c6a2a931830b963cd0363c to remote] DEBUG org.asynchttpclient.netty.request.NettyRequestSender - Using open Channel [id: 0x77ccd155, L:/127.0.0.1:64801 - R:localhost/127.0.0.1:63389] for GET '/session/745971cc74c6a2a931830b963cd0363c/element/67cedba8-2ef6-4ab1-b440-74e4d2cdb8a7/name'
05:04:33.456 [AsyncHttpClient-1-9] DEBUG org.asynchttpclient.netty.handler.HttpHandler - 

Request DefaultFullHttpRequest(decodeResult: success, version: HTTP/1.1, content: EmptyByteBufBE)
GET /session/745971cc74c6a2a931830b963cd0363c/element/67cedba8-2ef6-4ab1-b440-74e4d2cdb8a7/name HTTP/1.1
User-Agent: selenium/4.1.2 (java windows)
Cache-Control: no-cache
Content-Type: application/json; charset=utf-8
host: localhost:63389
accept: */*

Response DefaultHttpResponse(decodeResult: success, version: HTTP/1.1)
HTTP/1.1 200 OK
Content-Type: application/json; charset=utf-8
cache-control: no-cache
content-length: 18

05:04:33.456 [AsyncHttpClient-1-9] DEBUG org.asynchttpclient.netty.channel.ChannelManager - Adding key: http://localhost:63389 for channel [id: 0x77ccd155, L:/127.0.0.1:64801 - R:localhost/127.0.0.1:63389]
05:04:33.461 [Forwarding isElementEnabled on session 745971cc74c6a2a931830b963cd0363c to remote] DEBUG org.asynchttpclient.netty.request.NettyRequestSender - Using pooled Channel '[id: 0x77ccd155, L:/127.0.0.1:64801 - R:localhost/127.0.0.1:63389]' for 'GET' to 'http://localhost:63389/session/745971cc74c6a2a931830b963cd0363c/element/67cedba8-2ef6-4ab1-b440-74e4d2cdb8a7/enabled'
05:04:33.461 [Forwarding isElementEnabled on session 745971cc74c6a2a931830b963cd0363c to remote] DEBUG org.asynchttpclient.netty.request.NettyRequestSender - Using open Channel [id: 0x77ccd155, L:/127.0.0.1:64801 - R:localhost/127.0.0.1:63389] for GET '/session/745971cc74c6a2a931830b963cd0363c/element/67cedba8-2ef6-4ab1-b440-74e4d2cdb8a7/enabled'
05:04:33.478 [AsyncHttpClient-1-9] DEBUG org.asynchttpclient.netty.handler.HttpHandler - 

Request DefaultFullHttpRequest(decodeResult: success, version: HTTP/1.1, content: EmptyByteBufBE)
GET /session/745971cc74c6a2a931830b963cd0363c/element/67cedba8-2ef6-4ab1-b440-74e4d2cdb8a7/enabled HTTP/1.1
User-Agent: selenium/4.1.2 (java windows)
Cache-Control: no-cache
Content-Type: application/json; charset=utf-8
host: localhost:63389
accept: */*

Response DefaultHttpResponse(decodeResult: success, version: HTTP/1.1)
HTTP/1.1 200 OK
Content-Type: application/json; charset=utf-8
cache-control: no-cache
content-length: 14

05:04:33.478 [AsyncHttpClient-1-9] DEBUG org.asynchttpclient.netty.channel.ChannelManager - Adding key: http://localhost:63389 for channel [id: 0x77ccd155, L:/127.0.0.1:64801 - R:localhost/127.0.0.1:63389]
05:04:33.480 [Forwarding isElementEnabled on session 745971cc74c6a2a931830b963cd0363c to remote] DEBUG org.asynchttpclient.netty.request.NettyRequestSender - Using pooled Channel '[id: 0x77ccd155, L:/127.0.0.1:64801 - R:localhost/127.0.0.1:63389]' for 'GET' to 'http://localhost:63389/session/745971cc74c6a2a931830b963cd0363c/element/67cedba8-2ef6-4ab1-b440-74e4d2cdb8a7/enabled'
05:04:33.480 [Forwarding isElementEnabled on session 745971cc74c6a2a931830b963cd0363c to remote] DEBUG org.asynchttpclient.netty.request.NettyRequestSender - Using open Channel [id: 0x77ccd155, L:/127.0.0.1:64801 - R:localhost/127.0.0.1:63389] for GET '/session/745971cc74c6a2a931830b963cd0363c/element/67cedba8-2ef6-4ab1-b440-74e4d2cdb8a7/enabled'
05:04:33.492 [AsyncHttpClient-1-9] DEBUG org.asynchttpclient.netty.handler.HttpHandler - 

Request DefaultFullHttpRequest(decodeResult: success, version: HTTP/1.1, content: EmptyByteBufBE)
GET /session/745971cc74c6a2a931830b963cd0363c/element/67cedba8-2ef6-4ab1-b440-74e4d2cdb8a7/enabled HTTP/1.1
User-Agent: selenium/4.1.2 (java windows)
Cache-Control: no-cache
Content-Type: application/json; charset=utf-8
host: localhost:63389
accept: */*

Response DefaultHttpResponse(decodeResult: success, version: HTTP/1.1)
HTTP/1.1 200 OK
Content-Type: application/json; charset=utf-8
cache-control: no-cache
content-length: 14

05:04:33.492 [AsyncHttpClient-1-9] DEBUG org.asynchttpclient.netty.channel.ChannelManager - Adding key: http://localhost:63389 for channel [id: 0x77ccd155, L:/127.0.0.1:64801 - R:localhost/127.0.0.1:63389]
05:04:33.496 [Forwarding findElement on session 745971cc74c6a2a931830b963cd0363c to remote] DEBUG org.asynchttpclient.netty.request.NettyRequestSender - Using pooled Channel '[id: 0x77ccd155, L:/127.0.0.1:64801 - R:localhost/127.0.0.1:63389]' for 'POST' to 'http://localhost:63389/session/745971cc74c6a2a931830b963cd0363c/element'
05:04:33.496 [Forwarding findElement on session 745971cc74c6a2a931830b963cd0363c to remote] DEBUG org.asynchttpclient.netty.request.NettyRequestSender - Using open Channel [id: 0x77ccd155, L:/127.0.0.1:64801 - R:localhost/127.0.0.1:63389] for POST '/session/745971cc74c6a2a931830b963cd0363c/element'
05:04:33.510 [AsyncHttpClient-1-9] DEBUG org.asynchttpclient.netty.handler.HttpHandler - 

Request DefaultHttpRequest(decodeResult: success, version: HTTP/1.1)
POST /session/745971cc74c6a2a931830b963cd0363c/element HTTP/1.1
User-Agent: selenium/4.1.2 (java windows)
Content-Length: 66
Content-Type: application/json; charset=utf-8
host: localhost:63389
accept: */*

Response DefaultHttpResponse(decodeResult: success, version: HTTP/1.1)
HTTP/1.1 200 OK
Content-Type: application/json; charset=utf-8
cache-control: no-cache
content-length: 88

05:04:33.511 [AsyncHttpClient-1-9] DEBUG org.asynchttpclient.netty.channel.ChannelManager - Adding key: http://localhost:63389 for channel [id: 0x77ccd155, L:/127.0.0.1:64801 - R:localhost/127.0.0.1:63389]
05:04:33.513 [Forwarding clickElement on session 745971cc74c6a2a931830b963cd0363c to remote] DEBUG org.asynchttpclient.netty.request.NettyRequestSender - Using pooled Channel '[id: 0x77ccd155, L:/127.0.0.1:64801 - R:localhost/127.0.0.1:63389]' for 'POST' to 'http://localhost:63389/session/745971cc74c6a2a931830b963cd0363c/element/67cedba8-2ef6-4ab1-b440-74e4d2cdb8a7/click'
05:04:33.513 [Forwarding clickElement on session 745971cc74c6a2a931830b963cd0363c to remote] DEBUG org.asynchttpclient.netty.request.NettyRequestSender - Using open Channel [id: 0x77ccd155, L:/127.0.0.1:64801 - R:localhost/127.0.0.1:63389] for POST '/session/745971cc74c6a2a931830b963cd0363c/element/67cedba8-2ef6-4ab1-b440-74e4d2cdb8a7/click'
05:04:33.603 [AsyncHttpClient-1-9] DEBUG org.asynchttpclient.netty.handler.HttpHandler - 

Request DefaultHttpRequest(decodeResult: success, version: HTTP/1.1)
POST /session/745971cc74c6a2a931830b963cd0363c/element/67cedba8-2ef6-4ab1-b440-74e4d2cdb8a7/click HTTP/1.1
User-Agent: selenium/4.1.2 (java windows)
Content-Length: 50
Content-Type: application/json; charset=utf-8
host: localhost:63389
accept: */*

Response DefaultHttpResponse(decodeResult: success, version: HTTP/1.1)
HTTP/1.1 200 OK
Content-Type: application/json; charset=utf-8
cache-control: no-cache
content-length: 14

05:04:33.603 [AsyncHttpClient-1-9] DEBUG org.asynchttpclient.netty.channel.ChannelManager - Adding key: http://localhost:63389 for channel [id: 0x77ccd155, L:/127.0.0.1:64801 - R:localhost/127.0.0.1:63389]
05:04:33.616 [Forwarding screenshot on session 745971cc74c6a2a931830b963cd0363c to remote] DEBUG org.asynchttpclient.netty.request.NettyRequestSender - Using pooled Channel '[id: 0x77ccd155, L:/127.0.0.1:64801 - R:localhost/127.0.0.1:63389]' for 'GET' to 'http://localhost:63389/session/745971cc74c6a2a931830b963cd0363c/screenshot'
05:04:33.616 [Forwarding screenshot on session 745971cc74c6a2a931830b963cd0363c to remote] DEBUG org.asynchttpclient.netty.request.NettyRequestSender - Using open Channel [id: 0x77ccd155, L:/127.0.0.1:64801 - R:localhost/127.0.0.1:63389] for GET '/session/745971cc74c6a2a931830b963cd0363c/screenshot'
05:04:34.000 [AsyncHttpClient-1-9] DEBUG org.asynchttpclient.netty.handler.HttpHandler - 

Request DefaultFullHttpRequest(decodeResult: success, version: HTTP/1.1, content: EmptyByteBufBE)
GET /session/745971cc74c6a2a931830b963cd0363c/screenshot HTTP/1.1
User-Agent: selenium/4.1.2 (java windows)
Cache-Control: no-cache
Content-Type: application/json; charset=utf-8
host: localhost:63389
accept: */*

Response DefaultHttpResponse(decodeResult: success, version: HTTP/1.1)
HTTP/1.1 200 OK
Content-Type: application/json; charset=utf-8
cache-control: no-cache
content-length: 231088

05:04:34.002 [AsyncHttpClient-1-9] DEBUG org.asynchttpclient.netty.channel.ChannelManager - Adding key: http://localhost:63389 for channel [id: 0x77ccd155, L:/127.0.0.1:64801 - R:localhost/127.0.0.1:63389]
05:04:34.024 [main] DEBUG net.serenitybdd.core.photography.Darkroom - Send negative for processing for target\site\serenity\ad4eac8545d86ff1f21e5ed20dc4809932140e15ead7bd40df09fe1eec8267a9.png
05:04:34.025 [main] DEBUG net.thucydides.core.steps.StepInterceptor - STEP DONE: clickLoginButton
  &amp#27;[32mAnd &amp#27;[0m&amp#27;[32mi click login button&amp#27;[0m                                     &amp#27;[90m# starter.stepdefenitions.LoginSteps.clickLoginButton()&amp#27;[0m
05:04:34.057 [main] DEBUG net.thucydides.core.steps.StepInterceptor - STARTING STEP: LoginSteps.successLogin - validationDialog
05:04:34.062 [Forwarding findElement on session 745971cc74c6a2a931830b963cd0363c to remote] DEBUG org.asynchttpclient.netty.request.NettyRequestSender - Using pooled Channel '[id: 0x77ccd155, L:/127.0.0.1:64801 - R:localhost/127.0.0.1:63389]' for 'POST' to 'http://localhost:63389/session/745971cc74c6a2a931830b963cd0363c/element'
05:04:34.062 [Forwarding findElement on session 745971cc74c6a2a931830b963cd0363c to remote] DEBUG org.asynchttpclient.netty.request.NettyRequestSender - Using open Channel [id: 0x77ccd155, L:/127.0.0.1:64801 - R:localhost/127.0.0.1:63389] for POST '/session/745971cc74c6a2a931830b963cd0363c/element'
05:04:34.545 [AsyncHttpClient-1-1] DEBUG org.asynchttpclient.netty.channel.DefaultChannelPool - Entry count for : http://localhost:64803 : 1
05:04:34.569 [AsyncHttpClient-1-9] DEBUG org.asynchttpclient.netty.handler.HttpHandler - 

Request DefaultHttpRequest(decodeResult: success, version: HTTP/1.1)
POST /session/745971cc74c6a2a931830b963cd0363c/element HTTP/1.1
User-Agent: selenium/4.1.2 (java windows)
Content-Length: 68
Content-Type: application/json; charset=utf-8
host: localhost:63389
accept: */*

Response DefaultHttpResponse(decodeResult: success, version: HTTP/1.1)
HTTP/1.1 200 OK
Content-Type: application/json; charset=utf-8
cache-control: no-cache
content-length: 88

05:04:34.569 [AsyncHttpClient-1-9] DEBUG org.asynchttpclient.netty.channel.ChannelManager - Adding key: http://localhost:63389 for channel [id: 0x77ccd155, L:/127.0.0.1:64801 - R:localhost/127.0.0.1:63389]
05:04:34.578 [Forwarding isElementDisplayed on session 745971cc74c6a2a931830b963cd0363c to remote] DEBUG org.asynchttpclient.netty.request.NettyRequestSender - Using pooled Channel '[id: 0x77ccd155, L:/127.0.0.1:64801 - R:localhost/127.0.0.1:63389]' for 'POST' to 'http://localhost:63389/session/745971cc74c6a2a931830b963cd0363c/execute/sync'
05:04:34.578 [Forwarding isElementDisplayed on session 745971cc74c6a2a931830b963cd0363c to remote] DEBUG org.asynchttpclient.netty.request.NettyRequestSender - Using open Channel [id: 0x77ccd155, L:/127.0.0.1:64801 - R:localhost/127.0.0.1:63389] for POST '/session/745971cc74c6a2a931830b963cd0363c/execute/sync'
05:04:34.613 [AsyncHttpClient-1-9] DEBUG org.asynchttpclient.netty.handler.HttpHandler - 

Request DefaultHttpRequest(decodeResult: success, version: HTTP/1.1)
POST /session/745971cc74c6a2a931830b963cd0363c/execute/sync HTTP/1.1
User-Agent: selenium/4.1.2 (java windows)
Content-Length: 48780
Content-Type: application/json; charset=utf-8
host: localhost:63389
accept: */*

Response DefaultHttpResponse(decodeResult: success, version: HTTP/1.1)
HTTP/1.1 200 OK
Content-Type: application/json; charset=utf-8
cache-control: no-cache
content-length: 14

05:04:34.614 [AsyncHttpClient-1-9] DEBUG org.asynchttpclient.netty.channel.ChannelManager - Adding key: http://localhost:63389 for channel [id: 0x77ccd155, L:/127.0.0.1:64801 - R:localhost/127.0.0.1:63389]
05:04:34.626 [Forwarding screenshot on session 745971cc74c6a2a931830b963cd0363c to remote] DEBUG org.asynchttpclient.netty.request.NettyRequestSender - Using pooled Channel '[id: 0x77ccd155, L:/127.0.0.1:64801 - R:localhost/127.0.0.1:63389]' for 'GET' to 'http://localhost:63389/session/745971cc74c6a2a931830b963cd0363c/screenshot'
05:04:34.626 [Forwarding screenshot on session 745971cc74c6a2a931830b963cd0363c to remote] DEBUG org.asynchttpclient.netty.request.NettyRequestSender - Using open Channel [id: 0x77ccd155, L:/127.0.0.1:64801 - R:localhost/127.0.0.1:63389] for GET '/session/745971cc74c6a2a931830b963cd0363c/screenshot'
05:04:34.998 [AsyncHttpClient-1-9] DEBUG org.asynchttpclient.netty.handler.HttpHandler - 

Request DefaultFullHttpRequest(decodeResult: success, version: HTTP/1.1, content: EmptyByteBufBE)
GET /session/745971cc74c6a2a931830b963cd0363c/screenshot HTTP/1.1
User-Agent: selenium/4.1.2 (java windows)
Cache-Control: no-cache
Content-Type: application/json; charset=utf-8
host: localhost:63389
accept: */*

Response DefaultHttpResponse(decodeResult: success, version: HTTP/1.1)
HTTP/1.1 200 OK
Content-Type: application/json; charset=utf-8
cache-control: no-cache
content-length: 126440

05:04:34.998 [AsyncHttpClient-1-9] DEBUG org.asynchttpclient.netty.channel.ChannelManager - Adding key: http://localhost:63389 for channel [id: 0x77ccd155, L:/127.0.0.1:64801 - R:localhost/127.0.0.1:63389]
05:04:35.010 [main] DEBUG net.serenitybdd.core.photography.Darkroom - Send negative for processing for target\site\serenity\844786b595d14006dfc4a064fa435cfedec22d663dccbab5dbd66cc9a449faea.png
05:04:35.010 [main] DEBUG net.thucydides.core.steps.StepInterceptor - STEP DONE: validationDialog
05:04:35.011 [Darkroom Processing Line] DEBUG net.serenitybdd.core.photography.DarkroomProcessingLine - Processing screenshot image in /var/screenshots/screenshot-4909452673217691367
05:04:35.011 [Darkroom Processing Line] DEBUG net.serenitybdd.core.photography.DarkroomProcessingLine - Saving screenshot to target\site\serenity\844786b595d14006dfc4a064fa435cfedec22d663dccbab5dbd66cc9a449faea.png
05:04:35.025 [main] DEBUG net.thucydides.core.steps.StepInterceptor - STARTING STEP: LoginSteps.successLogin - clickSuccessButton
05:04:35.031 [Forwarding findElement on session 745971cc74c6a2a931830b963cd0363c to remote] DEBUG org.asynchttpclient.netty.request.NettyRequestSender - Using pooled Channel '[id: 0x77ccd155, L:/127.0.0.1:64801 - R:localhost/127.0.0.1:63389]' for 'POST' to 'http://localhost:63389/session/745971cc74c6a2a931830b963cd0363c/element'
05:04:35.032 [Forwarding findElement on session 745971cc74c6a2a931830b963cd0363c to remote] DEBUG org.asynchttpclient.netty.request.NettyRequestSender - Using open Channel [id: 0x77ccd155, L:/127.0.0.1:64801 - R:localhost/127.0.0.1:63389] for POST '/session/745971cc74c6a2a931830b963cd0363c/element'
05:04:35.055 [AsyncHttpClient-1-9] DEBUG org.asynchttpclient.netty.handler.HttpHandler - 

Request DefaultHttpRequest(decodeResult: success, version: HTTP/1.1)
POST /session/745971cc74c6a2a931830b963cd0363c/element HTTP/1.1
User-Agent: selenium/4.1.2 (java windows)
Content-Length: 68
Content-Type: application/json; charset=utf-8
host: localhost:63389
accept: */*

Response DefaultHttpResponse(decodeResult: success, version: HTTP/1.1)
HTTP/1.1 200 OK
Content-Type: application/json; charset=utf-8
cache-control: no-cache
content-length: 88

05:04:35.056 [AsyncHttpClient-1-9] DEBUG org.asynchttpclient.netty.channel.ChannelManager - Adding key: http://localhost:63389 for channel [id: 0x77ccd155, L:/127.0.0.1:64801 - R:localhost/127.0.0.1:63389]
05:04:35.058 [Forwarding getElementTagName on session 745971cc74c6a2a931830b963cd0363c to remote] DEBUG org.asynchttpclient.netty.request.NettyRequestSender - Using pooled Channel '[id: 0x77ccd155, L:/127.0.0.1:64801 - R:localhost/127.0.0.1:63389]' for 'GET' to 'http://localhost:63389/session/745971cc74c6a2a931830b963cd0363c/element/93233106-37b6-477b-8393-e1b3273a830d/name'
05:04:35.058 [Forwarding getElementTagName on session 745971cc74c6a2a931830b963cd0363c to remote] DEBUG org.asynchttpclient.netty.request.NettyRequestSender - Using open Channel [id: 0x77ccd155, L:/127.0.0.1:64801 - R:localhost/127.0.0.1:63389] for GET '/session/745971cc74c6a2a931830b963cd0363c/element/93233106-37b6-477b-8393-e1b3273a830d/name'
05:04:35.065 [AsyncHttpClient-1-9] DEBUG org.asynchttpclient.netty.handler.HttpHandler - 

Request DefaultFullHttpRequest(decodeResult: success, version: HTTP/1.1, content: EmptyByteBufBE)
GET /session/745971cc74c6a2a931830b963cd0363c/element/93233106-37b6-477b-8393-e1b3273a830d/name HTTP/1.1
User-Agent: selenium/4.1.2 (java windows)
Cache-Control: no-cache
Content-Type: application/json; charset=utf-8
host: localhost:63389
accept: */*

Response DefaultHttpResponse(decodeResult: success, version: HTTP/1.1)
HTTP/1.1 200 OK
Content-Type: application/json; charset=utf-8
cache-control: no-cache
content-length: 18

05:04:35.065 [AsyncHttpClient-1-9] DEBUG org.asynchttpclient.netty.channel.ChannelManager - Adding key: http://localhost:63389 for channel [id: 0x77ccd155, L:/127.0.0.1:64801 - R:localhost/127.0.0.1:63389]
05:04:35.067 [Forwarding getElementTagName on session 745971cc74c6a2a931830b963cd0363c to remote] DEBUG org.asynchttpclient.netty.request.NettyRequestSender - Using pooled Channel '[id: 0x77ccd155, L:/127.0.0.1:64801 - R:localhost/127.0.0.1:63389]' for 'GET' to 'http://localhost:63389/session/745971cc74c6a2a931830b963cd0363c/element/93233106-37b6-477b-8393-e1b3273a830d/name'
05:04:35.067 [Forwarding getElementTagName on session 745971cc74c6a2a931830b963cd0363c to remote] DEBUG org.asynchttpclient.netty.request.NettyRequestSender - Using open Channel [id: 0x77ccd155, L:/127.0.0.1:64801 - R:localhost/127.0.0.1:63389] for GET '/session/745971cc74c6a2a931830b963cd0363c/element/93233106-37b6-477b-8393-e1b3273a830d/name'
05:04:35.074 [AsyncHttpClient-1-9] DEBUG org.asynchttpclient.netty.handler.HttpHandler - 

Request DefaultFullHttpRequest(decodeResult: success, version: HTTP/1.1, content: EmptyByteBufBE)
GET /session/745971cc74c6a2a931830b963cd0363c/element/93233106-37b6-477b-8393-e1b3273a830d/name HTTP/1.1
User-Agent: selenium/4.1.2 (java windows)
Cache-Control: no-cache
Content-Type: application/json; charset=utf-8
host: localhost:63389
accept: */*

Response DefaultHttpResponse(decodeResult: success, version: HTTP/1.1)
HTTP/1.1 200 OK
Content-Type: application/json; charset=utf-8
cache-control: no-cache
content-length: 18

05:04:35.075 [AsyncHttpClient-1-9] DEBUG org.asynchttpclient.netty.channel.ChannelManager - Adding key: http://localhost:63389 for channel [id: 0x77ccd155, L:/127.0.0.1:64801 - R:localhost/127.0.0.1:63389]
05:04:35.079 [Forwarding isElementEnabled on session 745971cc74c6a2a931830b963cd0363c to remote] DEBUG org.asynchttpclient.netty.request.NettyRequestSender - Using pooled Channel '[id: 0x77ccd155, L:/127.0.0.1:64801 - R:localhost/127.0.0.1:63389]' for 'GET' to 'http://localhost:63389/session/745971cc74c6a2a931830b963cd0363c/element/93233106-37b6-477b-8393-e1b3273a830d/enabled'
05:04:35.079 [Forwarding isElementEnabled on session 745971cc74c6a2a931830b963cd0363c to remote] DEBUG org.asynchttpclient.netty.request.NettyRequestSender - Using open Channel [id: 0x77ccd155, L:/127.0.0.1:64801 - R:localhost/127.0.0.1:63389] for GET '/session/745971cc74c6a2a931830b963cd0363c/element/93233106-37b6-477b-8393-e1b3273a830d/enabled'
05:04:35.096 [AsyncHttpClient-1-9] DEBUG org.asynchttpclient.netty.handler.HttpHandler - 

Request DefaultFullHttpRequest(decodeResult: success, version: HTTP/1.1, content: EmptyByteBufBE)
GET /session/745971cc74c6a2a931830b963cd0363c/element/93233106-37b6-477b-8393-e1b3273a830d/enabled HTTP/1.1
User-Agent: selenium/4.1.2 (java windows)
Cache-Control: no-cache
Content-Type: application/json; charset=utf-8
host: localhost:63389
accept: */*

Response DefaultHttpResponse(decodeResult: success, version: HTTP/1.1)
HTTP/1.1 200 OK
Content-Type: application/json; charset=utf-8
cache-control: no-cache
content-length: 14

05:04:35.096 [AsyncHttpClient-1-9] DEBUG org.asynchttpclient.netty.channel.ChannelManager - Adding key: http://localhost:63389 for channel [id: 0x77ccd155, L:/127.0.0.1:64801 - R:localhost/127.0.0.1:63389]
05:04:35.098 [Forwarding isElementEnabled on session 745971cc74c6a2a931830b963cd0363c to remote] DEBUG org.asynchttpclient.netty.request.NettyRequestSender - Using pooled Channel '[id: 0x77ccd155, L:/127.0.0.1:64801 - R:localhost/127.0.0.1:63389]' for 'GET' to 'http://localhost:63389/session/745971cc74c6a2a931830b963cd0363c/element/93233106-37b6-477b-8393-e1b3273a830d/enabled'
05:04:35.099 [Forwarding isElementEnabled on session 745971cc74c6a2a931830b963cd0363c to remote] DEBUG org.asynchttpclient.netty.request.NettyRequestSender - Using open Channel [id: 0x77ccd155, L:/127.0.0.1:64801 - R:localhost/127.0.0.1:63389] for GET '/session/745971cc74c6a2a931830b963cd0363c/element/93233106-37b6-477b-8393-e1b3273a830d/enabled'
05:04:35.109 [AsyncHttpClient-1-9] DEBUG org.asynchttpclient.netty.handler.HttpHandler - 

Request DefaultFullHttpRequest(decodeResult: success, version: HTTP/1.1, content: EmptyByteBufBE)
GET /session/745971cc74c6a2a931830b963cd0363c/element/93233106-37b6-477b-8393-e1b3273a830d/enabled HTTP/1.1
User-Agent: selenium/4.1.2 (java windows)
Cache-Control: no-cache
Content-Type: application/json; charset=utf-8
host: localhost:63389
accept: */*

Response DefaultHttpResponse(decodeResult: success, version: HTTP/1.1)
HTTP/1.1 200 OK
Content-Type: application/json; charset=utf-8
cache-control: no-cache
content-length: 14

05:04:35.109 [AsyncHttpClient-1-9] DEBUG org.asynchttpclient.netty.channel.ChannelManager - Adding key: http://localhost:63389 for channel [id: 0x77ccd155, L:/127.0.0.1:64801 - R:localhost/127.0.0.1:63389]
05:04:35.113 [Forwarding findElement on session 745971cc74c6a2a931830b963cd0363c to remote] DEBUG org.asynchttpclient.netty.request.NettyRequestSender - Using pooled Channel '[id: 0x77ccd155, L:/127.0.0.1:64801 - R:localhost/127.0.0.1:63389]' for 'POST' to 'http://localhost:63389/session/745971cc74c6a2a931830b963cd0363c/element'
05:04:35.113 [Forwarding findElement on session 745971cc74c6a2a931830b963cd0363c to remote] DEBUG org.asynchttpclient.netty.request.NettyRequestSender - Using open Channel [id: 0x77ccd155, L:/127.0.0.1:64801 - R:localhost/127.0.0.1:63389] for POST '/session/745971cc74c6a2a931830b963cd0363c/element'
05:04:35.127 [AsyncHttpClient-1-9] DEBUG org.asynchttpclient.netty.handler.HttpHandler - 

Request DefaultHttpRequest(decodeResult: success, version: HTTP/1.1)
POST /session/745971cc74c6a2a931830b963cd0363c/element HTTP/1.1
User-Agent: selenium/4.1.2 (java windows)
Content-Length: 68
Content-Type: application/json; charset=utf-8
host: localhost:63389
accept: */*

Response DefaultHttpResponse(decodeResult: success, version: HTTP/1.1)
HTTP/1.1 200 OK
Content-Type: application/json; charset=utf-8
cache-control: no-cache
content-length: 88

05:04:35.127 [AsyncHttpClient-1-9] DEBUG org.asynchttpclient.netty.channel.ChannelManager - Adding key: http://localhost:63389 for channel [id: 0x77ccd155, L:/127.0.0.1:64801 - R:localhost/127.0.0.1:63389]
05:04:35.130 [Forwarding clickElement on session 745971cc74c6a2a931830b963cd0363c to remote] DEBUG org.asynchttpclient.netty.request.NettyRequestSender - Using pooled Channel '[id: 0x77ccd155, L:/127.0.0.1:64801 - R:localhost/127.0.0.1:63389]' for 'POST' to 'http://localhost:63389/session/745971cc74c6a2a931830b963cd0363c/element/93233106-37b6-477b-8393-e1b3273a830d/click'
05:04:35.130 [Forwarding clickElement on session 745971cc74c6a2a931830b963cd0363c to remote] DEBUG org.asynchttpclient.netty.request.NettyRequestSender - Using open Channel [id: 0x77ccd155, L:/127.0.0.1:64801 - R:localhost/127.0.0.1:63389] for POST '/session/745971cc74c6a2a931830b963cd0363c/element/93233106-37b6-477b-8393-e1b3273a830d/click'
05:04:35.205 [AsyncHttpClient-1-9] DEBUG org.asynchttpclient.netty.handler.HttpHandler - 

Request DefaultHttpRequest(decodeResult: success, version: HTTP/1.1)
POST /session/745971cc74c6a2a931830b963cd0363c/element/93233106-37b6-477b-8393-e1b3273a830d/click HTTP/1.1
User-Agent: selenium/4.1.2 (java windows)
Content-Length: 50
Content-Type: application/json; charset=utf-8
host: localhost:63389
accept: */*

Response DefaultHttpResponse(decodeResult: success, version: HTTP/1.1)
HTTP/1.1 200 OK
Content-Type: application/json; charset=utf-8
cache-control: no-cache
content-length: 14

05:04:35.206 [AsyncHttpClient-1-9] DEBUG org.asynchttpclient.netty.channel.ChannelManager - Adding key: http://localhost:63389 for channel [id: 0x77ccd155, L:/127.0.0.1:64801 - R:localhost/127.0.0.1:63389]
05:04:35.220 [Forwarding screenshot on session 745971cc74c6a2a931830b963cd0363c to remote] DEBUG org.asynchttpclient.netty.request.NettyRequestSender - Using pooled Channel '[id: 0x77ccd155, L:/127.0.0.1:64801 - R:localhost/127.0.0.1:63389]' for 'GET' to 'http://localhost:63389/session/745971cc74c6a2a931830b963cd0363c/screenshot'
05:04:35.220 [Forwarding screenshot on session 745971cc74c6a2a931830b963cd0363c to remote] DEBUG org.asynchttpclient.netty.request.NettyRequestSender - Using open Channel [id: 0x77ccd155, L:/127.0.0.1:64801 - R:localhost/127.0.0.1:63389] for GET '/session/745971cc74c6a2a931830b963cd0363c/screenshot'
05:04:35.571 [AsyncHttpClient-1-9] DEBUG org.asynchttpclient.netty.handler.HttpHandler - 

Request DefaultFullHttpRequest(decodeResult: success, version: HTTP/1.1, content: EmptyByteBufBE)
GET /session/745971cc74c6a2a931830b963cd0363c/screenshot HTTP/1.1
User-Agent: selenium/4.1.2 (java windows)
Cache-Control: no-cache
Content-Type: application/json; charset=utf-8
host: localhost:63389
accept: */*

Response DefaultHttpResponse(decodeResult: success, version: HTTP/1.1)
HTTP/1.1 200 OK
Content-Type: application/json; charset=utf-8
cache-control: no-cache
content-length: 128456

05:04:35.573 [AsyncHttpClient-1-9] DEBUG org.asynchttpclient.netty.channel.ChannelManager - Adding key: http://localhost:63389 for channel [id: 0x77ccd155, L:/127.0.0.1:64801 - R:localhost/127.0.0.1:63389]
05:04:35.586 [main] DEBUG net.serenitybdd.core.photography.Darkroom - Send negative for processing for target\site\serenity\506ee6f028daef7b0694b78ef4d65968774ba0741e1f3fa7d574979560315d24.png
05:04:35.587 [main] DEBUG net.thucydides.core.steps.StepInterceptor - STEP DONE: clickSuccessButton
  &amp#27;[32mThen &amp#27;[0m&amp#27;[32mi success login&amp#27;[0m                                         &amp#27;[90m# starter.stepdefenitions.LoginSteps.successLogin()&amp#27;[0m
05:04:35.587 [Darkroom Processing Line] DEBUG net.serenitybdd.core.photography.DarkroomProcessingLine - Processing screenshot image in /var/screenshots/screenshot-6893990529983569944
05:04:35.587 [Darkroom Processing Line] DEBUG net.serenitybdd.core.photography.DarkroomProcessingLine - Saving screenshot to target\site\serenity\506ee6f028daef7b0694b78ef4d65968774ba0741e1f3fa7d574979560315d24.png
05:04:35.641 [AsyncHttpClient-1-1] DEBUG org.asynchttpclient.netty.channel.DefaultChannelPool - Entry count for : http://localhost:63389 : 1
05:04:35.641 [AsyncHttpClient-1-1] DEBUG org.asynchttpclient.netty.channel.DefaultChannelPool - Entry count for : http://localhost:64803 : 1
05:04:35.642 [Forwarding screenshot on session 745971cc74c6a2a931830b963cd0363c to remote] DEBUG org.asynchttpclient.netty.request.NettyRequestSender - Using pooled Channel '[id: 0x77ccd155, L:/127.0.0.1:64801 - R:localhost/127.0.0.1:63389]' for 'GET' to 'http://localhost:63389/session/745971cc74c6a2a931830b963cd0363c/screenshot'
05:04:35.642 [Forwarding screenshot on session 745971cc74c6a2a931830b963cd0363c to remote] DEBUG org.asynchttpclient.netty.request.NettyRequestSender - Using open Channel [id: 0x77ccd155, L:/127.0.0.1:64801 - R:localhost/127.0.0.1:63389] for GET '/session/745971cc74c6a2a931830b963cd0363c/screenshot'
05:04:35.927 [AsyncHttpClient-1-9] DEBUG org.asynchttpclient.netty.handler.HttpHandler - 

Request DefaultFullHttpRequest(decodeResult: success, version: HTTP/1.1, content: EmptyByteBufBE)
GET /session/745971cc74c6a2a931830b963cd0363c/screenshot HTTP/1.1
User-Agent: selenium/4.1.2 (java windows)
Cache-Control: no-cache
Content-Type: application/json; charset=utf-8
host: localhost:63389
accept: */*

Response DefaultHttpResponse(decodeResult: success, version: HTTP/1.1)
HTTP/1.1 200 OK
Content-Type: application/json; charset=utf-8
cache-control: no-cache
content-length: 130568

05:04:35.928 [AsyncHttpClient-1-9] DEBUG org.asynchttpclient.netty.channel.ChannelManager - Adding key: http://localhost:63389 for channel [id: 0x77ccd155, L:/127.0.0.1:64801 - R:localhost/127.0.0.1:63389]
05:04:35.941 [main] DEBUG net.serenitybdd.core.photography.Darkroom - Send negative for processing for target\site\serenity\c43161e3c16acaf0e6b497b48b40547c2086c23c8a4e9095f224016a9d5972dc.png
05:04:35.941 [main] DEBUG net.thucydides.core.steps.StepInterceptor - STARTING STEP: ComplexSteps.adminOnTheHomePage - validationOnHomepage
05:04:35.946 [Forwarding findElement on session 745971cc74c6a2a931830b963cd0363c to remote] DEBUG org.asynchttpclient.netty.request.NettyRequestSender - Using pooled Channel '[id: 0x77ccd155, L:/127.0.0.1:64801 - R:localhost/127.0.0.1:63389]' for 'POST' to 'http://localhost:63389/session/745971cc74c6a2a931830b963cd0363c/element'
05:04:35.946 [Forwarding findElement on session 745971cc74c6a2a931830b963cd0363c to remote] DEBUG org.asynchttpclient.netty.request.NettyRequestSender - Using open Channel [id: 0x77ccd155, L:/127.0.0.1:64801 - R:localhost/127.0.0.1:63389] for POST '/session/745971cc74c6a2a931830b963cd0363c/element'
05:04:35.971 [AsyncHttpClient-1-9] DEBUG org.asynchttpclient.netty.handler.HttpHandler - 

Request DefaultHttpRequest(decodeResult: success, version: HTTP/1.1)
POST /session/745971cc74c6a2a931830b963cd0363c/element HTTP/1.1
User-Agent: selenium/4.1.2 (java windows)
Content-Length: 70
Content-Type: application/json; charset=utf-8
host: localhost:63389
accept: */*

Response DefaultHttpResponse(decodeResult: success, version: HTTP/1.1)
HTTP/1.1 200 OK
Content-Type: application/json; charset=utf-8
cache-control: no-cache
content-length: 88

05:04:35.972 [AsyncHttpClient-1-9] DEBUG org.asynchttpclient.netty.channel.ChannelManager - Adding key: http://localhost:63389 for channel [id: 0x77ccd155, L:/127.0.0.1:64801 - R:localhost/127.0.0.1:63389]
05:04:35.979 [Forwarding isElementDisplayed on session 745971cc74c6a2a931830b963cd0363c to remote] DEBUG org.asynchttpclient.netty.request.NettyRequestSender - Using pooled Channel '[id: 0x77ccd155, L:/127.0.0.1:64801 - R:localhost/127.0.0.1:63389]' for 'POST' to 'http://localhost:63389/session/745971cc74c6a2a931830b963cd0363c/execute/sync'
05:04:35.979 [Forwarding isElementDisplayed on session 745971cc74c6a2a931830b963cd0363c to remote] DEBUG org.asynchttpclient.netty.request.NettyRequestSender - Using open Channel [id: 0x77ccd155, L:/127.0.0.1:64801 - R:localhost/127.0.0.1:63389] for POST '/session/745971cc74c6a2a931830b963cd0363c/execute/sync'
05:04:35.999 [AsyncHttpClient-1-9] DEBUG org.asynchttpclient.netty.handler.HttpHandler - 

Request DefaultHttpRequest(decodeResult: success, version: HTTP/1.1)
POST /session/745971cc74c6a2a931830b963cd0363c/execute/sync HTTP/1.1
User-Agent: selenium/4.1.2 (java windows)
Content-Length: 48780
Content-Type: application/json; charset=utf-8
host: localhost:63389
accept: */*

Response DefaultHttpResponse(decodeResult: success, version: HTTP/1.1)
HTTP/1.1 200 OK
Content-Type: application/json; charset=utf-8
cache-control: no-cache
content-length: 14

05:04:35.999 [AsyncHttpClient-1-9] DEBUG org.asynchttpclient.netty.channel.ChannelManager - Adding key: http://localhost:63389 for channel [id: 0x77ccd155, L:/127.0.0.1:64801 - R:localhost/127.0.0.1:63389]
05:04:36.010 [Forwarding screenshot on session 745971cc74c6a2a931830b963cd0363c to remote] DEBUG org.asynchttpclient.netty.request.NettyRequestSender - Using pooled Channel '[id: 0x77ccd155, L:/127.0.0.1:64801 - R:localhost/127.0.0.1:63389]' for 'GET' to 'http://localhost:63389/session/745971cc74c6a2a931830b963cd0363c/screenshot'
05:04:36.010 [Forwarding screenshot on session 745971cc74c6a2a931830b963cd0363c to remote] DEBUG org.asynchttpclient.netty.request.NettyRequestSender - Using open Channel [id: 0x77ccd155, L:/127.0.0.1:64801 - R:localhost/127.0.0.1:63389] for GET '/session/745971cc74c6a2a931830b963cd0363c/screenshot'
05:04:36.291 [AsyncHttpClient-1-9] DEBUG org.asynchttpclient.netty.handler.HttpHandler - 

Request DefaultFullHttpRequest(decodeResult: success, version: HTTP/1.1, content: EmptyByteBufBE)
GET /session/745971cc74c6a2a931830b963cd0363c/screenshot HTTP/1.1
User-Agent: selenium/4.1.2 (java windows)
Cache-Control: no-cache
Content-Type: application/json; charset=utf-8
host: localhost:63389
accept: */*

Response DefaultHttpResponse(decodeResult: success, version: HTTP/1.1)
HTTP/1.1 200 OK
Content-Type: application/json; charset=utf-8
cache-control: no-cache
content-length: 130568

05:04:36.292 [AsyncHttpClient-1-9] DEBUG org.asynchttpclient.netty.channel.ChannelManager - Adding key: http://localhost:63389 for channel [id: 0x77ccd155, L:/127.0.0.1:64801 - R:localhost/127.0.0.1:63389]
05:04:36.305 [main] DEBUG net.serenitybdd.core.photography.Darkroom - Send negative for processing for target\site\serenity\c43161e3c16acaf0e6b497b48b40547c2086c23c8a4e9095f224016a9d5972dc.png
05:04:36.305 [main] DEBUG net.thucydides.core.steps.StepInterceptor - STEP DONE: validationOnHomepage
  &amp#27;[32mGiven &amp#27;[0m&amp#27;[32madmin on the home page&amp#27;[0m                                 &amp#27;[90m# starter.stepdefenitions.ComplexSteps.adminOnTheHomePage()&amp#27;[0m
05:04:36.354 [main] DEBUG net.thucydides.core.steps.StepInterceptor - STARTING STEP: BuildingSteps.iClickBuildingOnHomePage - toBuildingPage
05:04:36.361 [Forwarding findElement on session 745971cc74c6a2a931830b963cd0363c to remote] DEBUG org.asynchttpclient.netty.request.NettyRequestSender - Using pooled Channel '[id: 0x77ccd155, L:/127.0.0.1:64801 - R:localhost/127.0.0.1:63389]' for 'POST' to 'http://localhost:63389/session/745971cc74c6a2a931830b963cd0363c/element'
05:04:36.362 [Forwarding findElement on session 745971cc74c6a2a931830b963cd0363c to remote] DEBUG org.asynchttpclient.netty.request.NettyRequestSender - Using open Channel [id: 0x77ccd155, L:/127.0.0.1:64801 - R:localhost/127.0.0.1:63389] for POST '/session/745971cc74c6a2a931830b963cd0363c/element'
05:04:36.408 [AsyncHttpClient-1-9] DEBUG org.asynchttpclient.netty.handler.HttpHandler - 

Request DefaultHttpRequest(decodeResult: success, version: HTTP/1.1)
POST /session/745971cc74c6a2a931830b963cd0363c/element HTTP/1.1
User-Agent: selenium/4.1.2 (java windows)
Content-Length: 74
Content-Type: application/json; charset=utf-8
host: localhost:63389
accept: */*

Response DefaultHttpResponse(decodeResult: success, version: HTTP/1.1)
HTTP/1.1 200 OK
Content-Type: application/json; charset=utf-8
cache-control: no-cache
content-length: 88

05:04:36.408 [AsyncHttpClient-1-9] DEBUG org.asynchttpclient.netty.channel.ChannelManager - Adding key: http://localhost:63389 for channel [id: 0x77ccd155, L:/127.0.0.1:64801 - R:localhost/127.0.0.1:63389]
05:04:36.411 [Forwarding getElementTagName on session 745971cc74c6a2a931830b963cd0363c to remote] DEBUG org.asynchttpclient.netty.request.NettyRequestSender - Using pooled Channel '[id: 0x77ccd155, L:/127.0.0.1:64801 - R:localhost/127.0.0.1:63389]' for 'GET' to 'http://localhost:63389/session/745971cc74c6a2a931830b963cd0363c/element/3c682739-b84d-4c60-8df7-76a9edd91144/name'
05:04:36.411 [Forwarding getElementTagName on session 745971cc74c6a2a931830b963cd0363c to remote] DEBUG org.asynchttpclient.netty.request.NettyRequestSender - Using open Channel [id: 0x77ccd155, L:/127.0.0.1:64801 - R:localhost/127.0.0.1:63389] for GET '/session/745971cc74c6a2a931830b963cd0363c/element/3c682739-b84d-4c60-8df7-76a9edd91144/name'
05:04:36.419 [AsyncHttpClient-1-9] DEBUG org.asynchttpclient.netty.handler.HttpHandler - 

Request DefaultFullHttpRequest(decodeResult: success, version: HTTP/1.1, content: EmptyByteBufBE)
GET /session/745971cc74c6a2a931830b963cd0363c/element/3c682739-b84d-4c60-8df7-76a9edd91144/name HTTP/1.1
User-Agent: selenium/4.1.2 (java windows)
Cache-Control: no-cache
Content-Type: application/json; charset=utf-8
host: localhost:63389
accept: */*

Response DefaultHttpResponse(decodeResult: success, version: HTTP/1.1)
HTTP/1.1 200 OK
Content-Type: application/json; charset=utf-8
cache-control: no-cache
content-length: 13

05:04:36.420 [AsyncHttpClient-1-9] DEBUG org.asynchttpclient.netty.channel.ChannelManager - Adding key: http://localhost:63389 for channel [id: 0x77ccd155, L:/127.0.0.1:64801 - R:localhost/127.0.0.1:63389]
05:04:36.422 [Forwarding getElementTagName on session 745971cc74c6a2a931830b963cd0363c to remote] DEBUG org.asynchttpclient.netty.request.NettyRequestSender - Using pooled Channel '[id: 0x77ccd155, L:/127.0.0.1:64801 - R:localhost/127.0.0.1:63389]' for 'GET' to 'http://localhost:63389/session/745971cc74c6a2a931830b963cd0363c/element/3c682739-b84d-4c60-8df7-76a9edd91144/name'
05:04:36.422 [Forwarding getElementTagName on session 745971cc74c6a2a931830b963cd0363c to remote] DEBUG org.asynchttpclient.netty.request.NettyRequestSender - Using open Channel [id: 0x77ccd155, L:/127.0.0.1:64801 - R:localhost/127.0.0.1:63389] for GET '/session/745971cc74c6a2a931830b963cd0363c/element/3c682739-b84d-4c60-8df7-76a9edd91144/name'
05:04:36.428 [AsyncHttpClient-1-9] DEBUG org.asynchttpclient.netty.handler.HttpHandler - 

Request DefaultFullHttpRequest(decodeResult: success, version: HTTP/1.1, content: EmptyByteBufBE)
GET /session/745971cc74c6a2a931830b963cd0363c/element/3c682739-b84d-4c60-8df7-76a9edd91144/name HTTP/1.1
User-Agent: selenium/4.1.2 (java windows)
Cache-Control: no-cache
Content-Type: application/json; charset=utf-8
host: localhost:63389
accept: */*

Response DefaultHttpResponse(decodeResult: success, version: HTTP/1.1)
HTTP/1.1 200 OK
Content-Type: application/json; charset=utf-8
cache-control: no-cache
content-length: 13

05:04:36.428 [AsyncHttpClient-1-9] DEBUG org.asynchttpclient.netty.channel.ChannelManager - Adding key: http://localhost:63389 for channel [id: 0x77ccd155, L:/127.0.0.1:64801 - R:localhost/127.0.0.1:63389]
05:04:36.431 [Forwarding findElement on session 745971cc74c6a2a931830b963cd0363c to remote] DEBUG org.asynchttpclient.netty.request.NettyRequestSender - Using pooled Channel '[id: 0x77ccd155, L:/127.0.0.1:64801 - R:localhost/127.0.0.1:63389]' for 'POST' to 'http://localhost:63389/session/745971cc74c6a2a931830b963cd0363c/element'
05:04:36.432 [Forwarding findElement on session 745971cc74c6a2a931830b963cd0363c to remote] DEBUG org.asynchttpclient.netty.request.NettyRequestSender - Using open Channel [id: 0x77ccd155, L:/127.0.0.1:64801 - R:localhost/127.0.0.1:63389] for POST '/session/745971cc74c6a2a931830b963cd0363c/element'
05:04:36.444 [AsyncHttpClient-1-9] DEBUG org.asynchttpclient.netty.handler.HttpHandler - 

Request DefaultHttpRequest(decodeResult: success, version: HTTP/1.1)
POST /session/745971cc74c6a2a931830b963cd0363c/element HTTP/1.1
User-Agent: selenium/4.1.2 (java windows)
Content-Length: 74
Content-Type: application/json; charset=utf-8
host: localhost:63389
accept: */*

Response DefaultHttpResponse(decodeResult: success, version: HTTP/1.1)
HTTP/1.1 200 OK
Content-Type: application/json; charset=utf-8
cache-control: no-cache
content-length: 88

05:04:36.445 [AsyncHttpClient-1-9] DEBUG org.asynchttpclient.netty.channel.ChannelManager - Adding key: http://localhost:63389 for channel [id: 0x77ccd155, L:/127.0.0.1:64801 - R:localhost/127.0.0.1:63389]
05:04:36.447 [Forwarding clickElement on session 745971cc74c6a2a931830b963cd0363c to remote] DEBUG org.asynchttpclient.netty.request.NettyRequestSender - Using pooled Channel '[id: 0x77ccd155, L:/127.0.0.1:64801 - R:localhost/127.0.0.1:63389]' for 'POST' to 'http://localhost:63389/session/745971cc74c6a2a931830b963cd0363c/element/3c682739-b84d-4c60-8df7-76a9edd91144/click'
05:04:36.447 [Forwarding clickElement on session 745971cc74c6a2a931830b963cd0363c to remote] DEBUG org.asynchttpclient.netty.request.NettyRequestSender - Using open Channel [id: 0x77ccd155, L:/127.0.0.1:64801 - R:localhost/127.0.0.1:63389] for POST '/session/745971cc74c6a2a931830b963cd0363c/element/3c682739-b84d-4c60-8df7-76a9edd91144/click'
05:04:36.617 [AsyncHttpClient-1-9] DEBUG org.asynchttpclient.netty.handler.HttpHandler - 

Request DefaultHttpRequest(decodeResult: success, version: HTTP/1.1)
POST /session/745971cc74c6a2a931830b963cd0363c/element/3c682739-b84d-4c60-8df7-76a9edd91144/click HTTP/1.1
User-Agent: selenium/4.1.2 (java windows)
Content-Length: 50
Content-Type: application/json; charset=utf-8
host: localhost:63389
accept: */*

Response DefaultHttpResponse(decodeResult: success, version: HTTP/1.1)
HTTP/1.1 200 OK
Content-Type: application/json; charset=utf-8
cache-control: no-cache
content-length: 14

05:04:36.618 [AsyncHttpClient-1-9] DEBUG org.asynchttpclient.netty.channel.ChannelManager - Adding key: http://localhost:63389 for channel [id: 0x77ccd155, L:/127.0.0.1:64801 - R:localhost/127.0.0.1:63389]
05:04:36.634 [Forwarding screenshot on session 745971cc74c6a2a931830b963cd0363c to remote] DEBUG org.asynchttpclient.netty.request.NettyRequestSender - Using pooled Channel '[id: 0x77ccd155, L:/127.0.0.1:64801 - R:localhost/127.0.0.1:63389]' for 'GET' to 'http://localhost:63389/session/745971cc74c6a2a931830b963cd0363c/screenshot'
05:04:36.634 [Forwarding screenshot on session 745971cc74c6a2a931830b963cd0363c to remote] DEBUG org.asynchttpclient.netty.request.NettyRequestSender - Using open Channel [id: 0x77ccd155, L:/127.0.0.1:64801 - R:localhost/127.0.0.1:63389] for GET '/session/745971cc74c6a2a931830b963cd0363c/screenshot'
05:04:36.731 [AsyncHttpClient-1-1] DEBUG org.asynchttpclient.netty.channel.DefaultChannelPool - Entry count for : http://localhost:64803 : 1
05:04:36.910 [AsyncHttpClient-1-9] DEBUG org.asynchttpclient.netty.handler.HttpHandler - 

Request DefaultFullHttpRequest(decodeResult: success, version: HTTP/1.1, content: EmptyByteBufBE)
GET /session/745971cc74c6a2a931830b963cd0363c/screenshot HTTP/1.1
User-Agent: selenium/4.1.2 (java windows)
Cache-Control: no-cache
Content-Type: application/json; charset=utf-8
host: localhost:63389
accept: */*

Response DefaultHttpResponse(decodeResult: success, version: HTTP/1.1)
HTTP/1.1 200 OK
Content-Type: application/json; charset=utf-8
cache-control: no-cache
content-length: 56504

05:04:36.910 [AsyncHttpClient-1-9] DEBUG org.asynchttpclient.netty.channel.ChannelManager - Adding key: http://localhost:63389 for channel [id: 0x77ccd155, L:/127.0.0.1:64801 - R:localhost/127.0.0.1:63389]
05:04:36.917 [main] DEBUG net.serenitybdd.core.photography.Darkroom - Send negative for processing for target\site\serenity\afdaba35cf5ef4da5cdfc2da6ba377c9389ec2df5e152e370be672376afc5247.png
05:04:36.917 [main] DEBUG net.thucydides.core.steps.StepInterceptor - STEP DONE: toBuildingPage
  &amp#27;[32mWhen &amp#27;[0m&amp#27;[32mI click building on home page&amp#27;[0m                           &amp#27;[90m# starter.stepdefenitions.BuildingSteps.iClickBuildingOnHomePage()&amp#27;[0m
05:04:36.961 [main] DEBUG net.thucydides.core.steps.StepInterceptor - STARTING STEP: BuildingSteps.adminClickCreateNewBuilding - clickCreateBuilding
05:04:36.973 [Forwarding findElement on session 745971cc74c6a2a931830b963cd0363c to remote] DEBUG org.asynchttpclient.netty.request.NettyRequestSender - Using pooled Channel '[id: 0x77ccd155, L:/127.0.0.1:64801 - R:localhost/127.0.0.1:63389]' for 'POST' to 'http://localhost:63389/session/745971cc74c6a2a931830b963cd0363c/element'
05:04:36.973 [Forwarding findElement on session 745971cc74c6a2a931830b963cd0363c to remote] DEBUG org.asynchttpclient.netty.request.NettyRequestSender - Using open Channel [id: 0x77ccd155, L:/127.0.0.1:64801 - R:localhost/127.0.0.1:63389] for POST '/session/745971cc74c6a2a931830b963cd0363c/element'
05:04:37.020 [AsyncHttpClient-1-9] DEBUG org.asynchttpclient.netty.handler.HttpHandler - 

Request DefaultHttpRequest(decodeResult: success, version: HTTP/1.1)
POST /session/745971cc74c6a2a931830b963cd0363c/element HTTP/1.1
User-Agent: selenium/4.1.2 (java windows)
Content-Length: 92
Content-Type: application/json; charset=utf-8
host: localhost:63389
accept: */*

Response DefaultHttpResponse(decodeResult: success, version: HTTP/1.1)
HTTP/1.1 200 OK
Content-Type: application/json; charset=utf-8
cache-control: no-cache
content-length: 88

05:04:37.020 [AsyncHttpClient-1-9] DEBUG org.asynchttpclient.netty.channel.ChannelManager - Adding key: http://localhost:63389 for channel [id: 0x77ccd155, L:/127.0.0.1:64801 - R:localhost/127.0.0.1:63389]
05:04:37.023 [Forwarding getElementTagName on session 745971cc74c6a2a931830b963cd0363c to remote] DEBUG org.asynchttpclient.netty.request.NettyRequestSender - Using pooled Channel '[id: 0x77ccd155, L:/127.0.0.1:64801 - R:localhost/127.0.0.1:63389]' for 'GET' to 'http://localhost:63389/session/745971cc74c6a2a931830b963cd0363c/element/db5f7c27-84ad-4e1b-acf6-d34ac037faa7/name'
05:04:37.023 [Forwarding getElementTagName on session 745971cc74c6a2a931830b963cd0363c to remote] DEBUG org.asynchttpclient.netty.request.NettyRequestSender - Using open Channel [id: 0x77ccd155, L:/127.0.0.1:64801 - R:localhost/127.0.0.1:63389] for GET '/session/745971cc74c6a2a931830b963cd0363c/element/db5f7c27-84ad-4e1b-acf6-d34ac037faa7/name'
05:04:37.030 [AsyncHttpClient-1-9] DEBUG org.asynchttpclient.netty.handler.HttpHandler - 

Request DefaultFullHttpRequest(decodeResult: success, version: HTTP/1.1, content: EmptyByteBufBE)
GET /session/745971cc74c6a2a931830b963cd0363c/element/db5f7c27-84ad-4e1b-acf6-d34ac037faa7/name HTTP/1.1
User-Agent: selenium/4.1.2 (java windows)
Cache-Control: no-cache
Content-Type: application/json; charset=utf-8
host: localhost:63389
accept: */*

Response DefaultHttpResponse(decodeResult: success, version: HTTP/1.1)
HTTP/1.1 200 OK
Content-Type: application/json; charset=utf-8
cache-control: no-cache
content-length: 18

05:04:37.030 [AsyncHttpClient-1-9] DEBUG org.asynchttpclient.netty.channel.ChannelManager - Adding key: http://localhost:63389 for channel [id: 0x77ccd155, L:/127.0.0.1:64801 - R:localhost/127.0.0.1:63389]
05:04:37.032 [Forwarding getElementTagName on session 745971cc74c6a2a931830b963cd0363c to remote] DEBUG org.asynchttpclient.netty.request.NettyRequestSender - Using pooled Channel '[id: 0x77ccd155, L:/127.0.0.1:64801 - R:localhost/127.0.0.1:63389]' for 'GET' to 'http://localhost:63389/session/745971cc74c6a2a931830b963cd0363c/element/db5f7c27-84ad-4e1b-acf6-d34ac037faa7/name'
05:04:37.032 [Forwarding getElementTagName on session 745971cc74c6a2a931830b963cd0363c to remote] DEBUG org.asynchttpclient.netty.request.NettyRequestSender - Using open Channel [id: 0x77ccd155, L:/127.0.0.1:64801 - R:localhost/127.0.0.1:63389] for GET '/session/745971cc74c6a2a931830b963cd0363c/element/db5f7c27-84ad-4e1b-acf6-d34ac037faa7/name'
05:04:37.041 [AsyncHttpClient-1-9] DEBUG org.asynchttpclient.netty.handler.HttpHandler - 

Request DefaultFullHttpRequest(decodeResult: success, version: HTTP/1.1, content: EmptyByteBufBE)
GET /session/745971cc74c6a2a931830b963cd0363c/element/db5f7c27-84ad-4e1b-acf6-d34ac037faa7/name HTTP/1.1
User-Agent: selenium/4.1.2 (java windows)
Cache-Control: no-cache
Content-Type: application/json; charset=utf-8
host: localhost:63389
accept: */*

Response DefaultHttpResponse(decodeResult: success, version: HTTP/1.1)
HTTP/1.1 200 OK
Content-Type: application/json; charset=utf-8
cache-control: no-cache
content-length: 18

05:04:37.041 [AsyncHttpClient-1-9] DEBUG org.asynchttpclient.netty.channel.ChannelManager - Adding key: http://localhost:63389 for channel [id: 0x77ccd155, L:/127.0.0.1:64801 - R:localhost/127.0.0.1:63389]
05:04:37.045 [Forwarding isElementEnabled on session 745971cc74c6a2a931830b963cd0363c to remote] DEBUG org.asynchttpclient.netty.request.NettyRequestSender - Using pooled Channel '[id: 0x77ccd155, L:/127.0.0.1:64801 - R:localhost/127.0.0.1:63389]' for 'GET' to 'http://localhost:63389/session/745971cc74c6a2a931830b963cd0363c/element/db5f7c27-84ad-4e1b-acf6-d34ac037faa7/enabled'
05:04:37.045 [Forwarding isElementEnabled on session 745971cc74c6a2a931830b963cd0363c to remote] DEBUG org.asynchttpclient.netty.request.NettyRequestSender - Using open Channel [id: 0x77ccd155, L:/127.0.0.1:64801 - R:localhost/127.0.0.1:63389] for GET '/session/745971cc74c6a2a931830b963cd0363c/element/db5f7c27-84ad-4e1b-acf6-d34ac037faa7/enabled'
05:04:37.062 [AsyncHttpClient-1-9] DEBUG org.asynchttpclient.netty.handler.HttpHandler - 

Request DefaultFullHttpRequest(decodeResult: success, version: HTTP/1.1, content: EmptyByteBufBE)
GET /session/745971cc74c6a2a931830b963cd0363c/element/db5f7c27-84ad-4e1b-acf6-d34ac037faa7/enabled HTTP/1.1
User-Agent: selenium/4.1.2 (java windows)
Cache-Control: no-cache
Content-Type: application/json; charset=utf-8
host: localhost:63389
accept: */*

Response DefaultHttpResponse(decodeResult: success, version: HTTP/1.1)
HTTP/1.1 200 OK
Content-Type: application/json; charset=utf-8
cache-control: no-cache
content-length: 14

05:04:37.062 [AsyncHttpClient-1-9] DEBUG org.asynchttpclient.netty.channel.ChannelManager - Adding key: http://localhost:63389 for channel [id: 0x77ccd155, L:/127.0.0.1:64801 - R:localhost/127.0.0.1:63389]
05:04:37.063 [Forwarding isElementEnabled on session 745971cc74c6a2a931830b963cd0363c to remote] DEBUG org.asynchttpclient.netty.request.NettyRequestSender - Using pooled Channel '[id: 0x77ccd155, L:/127.0.0.1:64801 - R:localhost/127.0.0.1:63389]' for 'GET' to 'http://localhost:63389/session/745971cc74c6a2a931830b963cd0363c/element/db5f7c27-84ad-4e1b-acf6-d34ac037faa7/enabled'
05:04:37.064 [Forwarding isElementEnabled on session 745971cc74c6a2a931830b963cd0363c to remote] DEBUG org.asynchttpclient.netty.request.NettyRequestSender - Using open Channel [id: 0x77ccd155, L:/127.0.0.1:64801 - R:localhost/127.0.0.1:63389] for GET '/session/745971cc74c6a2a931830b963cd0363c/element/db5f7c27-84ad-4e1b-acf6-d34ac037faa7/enabled'
05:04:37.074 [AsyncHttpClient-1-9] DEBUG org.asynchttpclient.netty.handler.HttpHandler - 

Request DefaultFullHttpRequest(decodeResult: success, version: HTTP/1.1, content: EmptyByteBufBE)
GET /session/745971cc74c6a2a931830b963cd0363c/element/db5f7c27-84ad-4e1b-acf6-d34ac037faa7/enabled HTTP/1.1
User-Agent: selenium/4.1.2 (java windows)
Cache-Control: no-cache
Content-Type: application/json; charset=utf-8
host: localhost:63389
accept: */*

Response DefaultHttpResponse(decodeResult: success, version: HTTP/1.1)
HTTP/1.1 200 OK
Content-Type: application/json; charset=utf-8
cache-control: no-cache
content-length: 14

05:04:37.075 [AsyncHttpClient-1-9] DEBUG org.asynchttpclient.netty.channel.ChannelManager - Adding key: http://localhost:63389 for channel [id: 0x77ccd155, L:/127.0.0.1:64801 - R:localhost/127.0.0.1:63389]
05:04:37.078 [Forwarding findElement on session 745971cc74c6a2a931830b963cd0363c to remote] DEBUG org.asynchttpclient.netty.request.NettyRequestSender - Using pooled Channel '[id: 0x77ccd155, L:/127.0.0.1:64801 - R:localhost/127.0.0.1:63389]' for 'POST' to 'http://localhost:63389/session/745971cc74c6a2a931830b963cd0363c/element'
05:04:37.078 [Forwarding findElement on session 745971cc74c6a2a931830b963cd0363c to remote] DEBUG org.asynchttpclient.netty.request.NettyRequestSender - Using open Channel [id: 0x77ccd155, L:/127.0.0.1:64801 - R:localhost/127.0.0.1:63389] for POST '/session/745971cc74c6a2a931830b963cd0363c/element'
05:04:37.099 [AsyncHttpClient-1-9] DEBUG org.asynchttpclient.netty.handler.HttpHandler - 

Request DefaultHttpRequest(decodeResult: success, version: HTTP/1.1)
POST /session/745971cc74c6a2a931830b963cd0363c/element HTTP/1.1
User-Agent: selenium/4.1.2 (java windows)
Content-Length: 92
Content-Type: application/json; charset=utf-8
host: localhost:63389
accept: */*

Response DefaultHttpResponse(decodeResult: success, version: HTTP/1.1)
HTTP/1.1 200 OK
Content-Type: application/json; charset=utf-8
cache-control: no-cache
content-length: 88

05:04:37.099 [AsyncHttpClient-1-9] DEBUG org.asynchttpclient.netty.channel.ChannelManager - Adding key: http://localhost:63389 for channel [id: 0x77ccd155, L:/127.0.0.1:64801 - R:localhost/127.0.0.1:63389]
05:04:37.101 [Forwarding clickElement on session 745971cc74c6a2a931830b963cd0363c to remote] DEBUG org.asynchttpclient.netty.request.NettyRequestSender - Using pooled Channel '[id: 0x77ccd155, L:/127.0.0.1:64801 - R:localhost/127.0.0.1:63389]' for 'POST' to 'http://localhost:63389/session/745971cc74c6a2a931830b963cd0363c/element/db5f7c27-84ad-4e1b-acf6-d34ac037faa7/click'
05:04:37.101 [Forwarding clickElement on session 745971cc74c6a2a931830b963cd0363c to remote] DEBUG org.asynchttpclient.netty.request.NettyRequestSender - Using open Channel [id: 0x77ccd155, L:/127.0.0.1:64801 - R:localhost/127.0.0.1:63389] for POST '/session/745971cc74c6a2a931830b963cd0363c/element/db5f7c27-84ad-4e1b-acf6-d34ac037faa7/click'
05:04:37.282 [AsyncHttpClient-1-9] DEBUG org.asynchttpclient.netty.handler.HttpHandler - 

Request DefaultHttpRequest(decodeResult: success, version: HTTP/1.1)
POST /session/745971cc74c6a2a931830b963cd0363c/element/db5f7c27-84ad-4e1b-acf6-d34ac037faa7/click HTTP/1.1
User-Agent: selenium/4.1.2 (java windows)
Content-Length: 50
Content-Type: application/json; charset=utf-8
host: localhost:63389
accept: */*

Response DefaultHttpResponse(decodeResult: success, version: HTTP/1.1)
HTTP/1.1 200 OK
Content-Type: application/json; charset=utf-8
cache-control: no-cache
content-length: 14

05:04:37.282 [AsyncHttpClient-1-9] DEBUG org.asynchttpclient.netty.channel.ChannelManager - Adding key: http://localhost:63389 for channel [id: 0x77ccd155, L:/127.0.0.1:64801 - R:localhost/127.0.0.1:63389]
05:04:37.301 [Forwarding screenshot on session 745971cc74c6a2a931830b963cd0363c to remote] DEBUG org.asynchttpclient.netty.request.NettyRequestSender - Using pooled Channel '[id: 0x77ccd155, L:/127.0.0.1:64801 - R:localhost/127.0.0.1:63389]' for 'GET' to 'http://localhost:63389/session/745971cc74c6a2a931830b963cd0363c/screenshot'
05:04:37.301 [Forwarding screenshot on session 745971cc74c6a2a931830b963cd0363c to remote] DEBUG org.asynchttpclient.netty.request.NettyRequestSender - Using open Channel [id: 0x77ccd155, L:/127.0.0.1:64801 - R:localhost/127.0.0.1:63389] for GET '/session/745971cc74c6a2a931830b963cd0363c/screenshot'
05:04:37.598 [AsyncHttpClient-1-9] DEBUG org.asynchttpclient.netty.handler.HttpHandler - 

Request DefaultFullHttpRequest(decodeResult: success, version: HTTP/1.1, content: EmptyByteBufBE)
GET /session/745971cc74c6a2a931830b963cd0363c/screenshot HTTP/1.1
User-Agent: selenium/4.1.2 (java windows)
Cache-Control: no-cache
Content-Type: application/json; charset=utf-8
host: localhost:63389
accept: */*

Response DefaultHttpResponse(decodeResult: success, version: HTTP/1.1)
HTTP/1.1 200 OK
Content-Type: application/json; charset=utf-8
cache-control: no-cache
content-length: 65948

05:04:37.598 [AsyncHttpClient-1-9] DEBUG org.asynchttpclient.netty.channel.ChannelManager - Adding key: http://localhost:63389 for channel [id: 0x77ccd155, L:/127.0.0.1:64801 - R:localhost/127.0.0.1:63389]
05:04:37.605 [main] DEBUG net.serenitybdd.core.photography.Darkroom - Send negative for processing for target\site\serenity\5c83d39dd64dd3ab66d2ba48c2b9308bccf03fcaa28f3e8341e115ceead84064.png
05:04:37.605 [main] DEBUG net.thucydides.core.steps.StepInterceptor - STEP DONE: clickCreateBuilding
  &amp#27;[32mAnd &amp#27;[0m&amp#27;[32madmin click create new building&amp#27;[0m                          &amp#27;[90m# starter.stepdefenitions.BuildingSteps.adminClickCreateNewBuilding()&amp#27;[0m
05:04:37.666 [Forwarding screenshot on session 745971cc74c6a2a931830b963cd0363c to remote] DEBUG org.asynchttpclient.netty.request.NettyRequestSender - Using pooled Channel '[id: 0x77ccd155, L:/127.0.0.1:64801 - R:localhost/127.0.0.1:63389]' for 'GET' to 'http://localhost:63389/session/745971cc74c6a2a931830b963cd0363c/screenshot'
05:04:37.666 [Forwarding screenshot on session 745971cc74c6a2a931830b963cd0363c to remote] DEBUG org.asynchttpclient.netty.request.NettyRequestSender - Using open Channel [id: 0x77ccd155, L:/127.0.0.1:64801 - R:localhost/127.0.0.1:63389] for GET '/session/745971cc74c6a2a931830b963cd0363c/screenshot'
05:04:37.833 [AsyncHttpClient-1-1] DEBUG org.asynchttpclient.netty.channel.DefaultChannelPool - Entry count for : http://localhost:64803 : 1
05:04:37.950 [AsyncHttpClient-1-9] DEBUG org.asynchttpclient.netty.handler.HttpHandler - 

Request DefaultFullHttpRequest(decodeResult: success, version: HTTP/1.1, content: EmptyByteBufBE)
GET /session/745971cc74c6a2a931830b963cd0363c/screenshot HTTP/1.1
User-Agent: selenium/4.1.2 (java windows)
Cache-Control: no-cache
Content-Type: application/json; charset=utf-8
host: localhost:63389
accept: */*

Response DefaultHttpResponse(decodeResult: success, version: HTTP/1.1)
HTTP/1.1 200 OK
Content-Type: application/json; charset=utf-8
cache-control: no-cache
content-length: 65948

05:04:37.950 [AsyncHttpClient-1-9] DEBUG org.asynchttpclient.netty.channel.ChannelManager - Adding key: http://localhost:63389 for channel [id: 0x77ccd155, L:/127.0.0.1:64801 - R:localhost/127.0.0.1:63389]
05:04:37.958 [main] DEBUG net.serenitybdd.core.photography.Darkroom - Send negative for processing for target\site\serenity\5c83d39dd64dd3ab66d2ba48c2b9308bccf03fcaa28f3e8341e115ceead84064.png
05:04:37.958 [main] DEBUG net.thucydides.core.steps.StepInterceptor - STARTING STEP: BuildingSteps.adminNotFillNameBuilding - fillNameBuilding
05:04:37.965 [Forwarding findElement on session 745971cc74c6a2a931830b963cd0363c to remote] DEBUG org.asynchttpclient.netty.request.NettyRequestSender - Using pooled Channel '[id: 0x77ccd155, L:/127.0.0.1:64801 - R:localhost/127.0.0.1:63389]' for 'POST' to 'http://localhost:63389/session/745971cc74c6a2a931830b963cd0363c/element'
05:04:37.965 [Forwarding findElement on session 745971cc74c6a2a931830b963cd0363c to remote] DEBUG org.asynchttpclient.netty.request.NettyRequestSender - Using open Channel [id: 0x77ccd155, L:/127.0.0.1:64801 - R:localhost/127.0.0.1:63389] for POST '/session/745971cc74c6a2a931830b963cd0363c/element'
05:04:37.994 [AsyncHttpClient-1-9] DEBUG org.asynchttpclient.netty.handler.HttpHandler - 

Request DefaultHttpRequest(decodeResult: success, version: HTTP/1.1)
POST /session/745971cc74c6a2a931830b963cd0363c/element HTTP/1.1
User-Agent: selenium/4.1.2 (java windows)
Content-Length: 115
Content-Type: application/json; charset=utf-8
host: localhost:63389
accept: */*

Response DefaultHttpResponse(decodeResult: success, version: HTTP/1.1)
HTTP/1.1 200 OK
Content-Type: application/json; charset=utf-8
cache-control: no-cache
content-length: 88

05:04:37.994 [AsyncHttpClient-1-9] DEBUG org.asynchttpclient.netty.channel.ChannelManager - Adding key: http://localhost:63389 for channel [id: 0x77ccd155, L:/127.0.0.1:64801 - R:localhost/127.0.0.1:63389]
05:04:37.996 [Forwarding clearElement on session 745971cc74c6a2a931830b963cd0363c to remote] DEBUG org.asynchttpclient.netty.request.NettyRequestSender - Using pooled Channel '[id: 0x77ccd155, L:/127.0.0.1:64801 - R:localhost/127.0.0.1:63389]' for 'POST' to 'http://localhost:63389/session/745971cc74c6a2a931830b963cd0363c/element/ed7aa5d1-1e28-477b-bfd0-d43aa6d4472e/clear'
05:04:37.996 [Forwarding clearElement on session 745971cc74c6a2a931830b963cd0363c to remote] DEBUG org.asynchttpclient.netty.request.NettyRequestSender - Using open Channel [id: 0x77ccd155, L:/127.0.0.1:64801 - R:localhost/127.0.0.1:63389] for POST '/session/745971cc74c6a2a931830b963cd0363c/element/ed7aa5d1-1e28-477b-bfd0-d43aa6d4472e/clear'
05:04:38.071 [AsyncHttpClient-1-9] DEBUG org.asynchttpclient.netty.handler.HttpHandler - 

Request DefaultHttpRequest(decodeResult: success, version: HTTP/1.1)
POST /session/745971cc74c6a2a931830b963cd0363c/element/ed7aa5d1-1e28-477b-bfd0-d43aa6d4472e/clear HTTP/1.1
User-Agent: selenium/4.1.2 (java windows)
Content-Length: 50
Content-Type: application/json; charset=utf-8
host: localhost:63389
accept: */*

Response DefaultHttpResponse(decodeResult: success, version: HTTP/1.1)
HTTP/1.1 200 OK
Content-Type: application/json; charset=utf-8
cache-control: no-cache
content-length: 14

05:04:38.071 [AsyncHttpClient-1-9] DEBUG org.asynchttpclient.netty.channel.ChannelManager - Adding key: http://localhost:63389 for channel [id: 0x77ccd155, L:/127.0.0.1:64801 - R:localhost/127.0.0.1:63389]
05:04:38.075 [Forwarding sendKeysToElement on session 745971cc74c6a2a931830b963cd0363c to remote] DEBUG org.asynchttpclient.netty.request.NettyRequestSender - Using pooled Channel '[id: 0x77ccd155, L:/127.0.0.1:64801 - R:localhost/127.0.0.1:63389]' for 'POST' to 'http://localhost:63389/session/745971cc74c6a2a931830b963cd0363c/element/ed7aa5d1-1e28-477b-bfd0-d43aa6d4472e/value'
05:04:38.075 [Forwarding sendKeysToElement on session 745971cc74c6a2a931830b963cd0363c to remote] DEBUG org.asynchttpclient.netty.request.NettyRequestSender - Using open Channel [id: 0x77ccd155, L:/127.0.0.1:64801 - R:localhost/127.0.0.1:63389] for POST '/session/745971cc74c6a2a931830b963cd0363c/element/ed7aa5d1-1e28-477b-bfd0-d43aa6d4472e/value'
05:04:38.159 [AsyncHttpClient-1-9] DEBUG org.asynchttpclient.netty.handler.HttpHandler - 

Request DefaultHttpRequest(decodeResult: success, version: HTTP/1.1)
POST /session/745971cc74c6a2a931830b963cd0363c/element/ed7aa5d1-1e28-477b-bfd0-d43aa6d4472e/value HTTP/1.1
User-Agent: selenium/4.1.2 (java windows)
Content-Length: 82
Content-Type: application/json; charset=utf-8
host: localhost:63389
accept: */*

Response DefaultHttpResponse(decodeResult: success, version: HTTP/1.1)
HTTP/1.1 200 OK
Content-Type: application/json; charset=utf-8
cache-control: no-cache
content-length: 14

05:04:38.159 [AsyncHttpClient-1-9] DEBUG org.asynchttpclient.netty.channel.ChannelManager - Adding key: http://localhost:63389 for channel [id: 0x77ccd155, L:/127.0.0.1:64801 - R:localhost/127.0.0.1:63389]
05:04:38.174 [Forwarding screenshot on session 745971cc74c6a2a931830b963cd0363c to remote] DEBUG org.asynchttpclient.netty.request.NettyRequestSender - Using pooled Channel '[id: 0x77ccd155, L:/127.0.0.1:64801 - R:localhost/127.0.0.1:63389]' for 'GET' to 'http://localhost:63389/session/745971cc74c6a2a931830b963cd0363c/screenshot'
05:04:38.174 [Forwarding screenshot on session 745971cc74c6a2a931830b963cd0363c to remote] DEBUG org.asynchttpclient.netty.request.NettyRequestSender - Using open Channel [id: 0x77ccd155, L:/127.0.0.1:64801 - R:localhost/127.0.0.1:63389] for GET '/session/745971cc74c6a2a931830b963cd0363c/screenshot'
05:04:38.428 [AsyncHttpClient-1-9] DEBUG org.asynchttpclient.netty.handler.HttpHandler - 

Request DefaultFullHttpRequest(decodeResult: success, version: HTTP/1.1, content: EmptyByteBufBE)
GET /session/745971cc74c6a2a931830b963cd0363c/screenshot HTTP/1.1
User-Agent: selenium/4.1.2 (java windows)
Cache-Control: no-cache
Content-Type: application/json; charset=utf-8
host: localhost:63389
accept: */*

Response DefaultHttpResponse(decodeResult: success, version: HTTP/1.1)
HTTP/1.1 200 OK
Content-Type: application/json; charset=utf-8
cache-control: no-cache
content-length: 67092

05:04:38.429 [AsyncHttpClient-1-9] DEBUG org.asynchttpclient.netty.channel.ChannelManager - Adding key: http://localhost:63389 for channel [id: 0x77ccd155, L:/127.0.0.1:64801 - R:localhost/127.0.0.1:63389]
05:04:38.436 [main] DEBUG net.serenitybdd.core.photography.Darkroom - Send negative for processing for target\site\serenity\3c2f9aa57e2641e6ebe3976b4fa4dac6e7ae41bc1387e6eb2be0c0ae470357e6.png
05:04:38.437 [main] DEBUG net.thucydides.core.steps.StepInterceptor - STEP DONE: fillNameBuilding
  &amp#27;[32mAnd &amp#27;[0m&amp#27;[32madmin not fill name building&amp#27;[0m                             &amp#27;[90m# starter.stepdefenitions.BuildingSteps.adminNotFillNameBuilding()&amp#27;[0m
05:04:38.437 [Darkroom Processing Line] DEBUG net.serenitybdd.core.photography.DarkroomProcessingLine - Processing screenshot image in /var/screenshots/screenshot-4211678900153544
05:04:38.437 [Darkroom Processing Line] DEBUG net.serenitybdd.core.photography.DarkroomProcessingLine - Saving screenshot to target\site\serenity\3c2f9aa57e2641e6ebe3976b4fa4dac6e7ae41bc1387e6eb2be0c0ae470357e6.png
05:04:38.471 [main] DEBUG net.thucydides.core.steps.StepInterceptor - STARTING STEP: BuildingSteps.adminNotChooseComplex - NotchooseExistingComplex
05:04:38.479 [Forwarding findElement on session 745971cc74c6a2a931830b963cd0363c to remote] DEBUG org.asynchttpclient.netty.request.NettyRequestSender - Using pooled Channel '[id: 0x77ccd155, L:/127.0.0.1:64801 - R:localhost/127.0.0.1:63389]' for 'POST' to 'http://localhost:63389/session/745971cc74c6a2a931830b963cd0363c/element'
05:04:38.479 [Forwarding findElement on session 745971cc74c6a2a931830b963cd0363c to remote] DEBUG org.asynchttpclient.netty.request.NettyRequestSender - Using open Channel [id: 0x77ccd155, L:/127.0.0.1:64801 - R:localhost/127.0.0.1:63389] for POST '/session/745971cc74c6a2a931830b963cd0363c/element'
05:04:38.504 [AsyncHttpClient-1-9] DEBUG org.asynchttpclient.netty.handler.HttpHandler - 

Request DefaultHttpRequest(decodeResult: success, version: HTTP/1.1)
POST /session/745971cc74c6a2a931830b963cd0363c/element HTTP/1.1
User-Agent: selenium/4.1.2 (java windows)
Content-Length: 145
Content-Type: application/json; charset=utf-8
host: localhost:63389
accept: */*

Response DefaultHttpResponse(decodeResult: success, version: HTTP/1.1)
HTTP/1.1 200 OK
Content-Type: application/json; charset=utf-8
cache-control: no-cache
content-length: 88

05:04:38.504 [AsyncHttpClient-1-9] DEBUG org.asynchttpclient.netty.channel.ChannelManager - Adding key: http://localhost:63389 for channel [id: 0x77ccd155, L:/127.0.0.1:64801 - R:localhost/127.0.0.1:63389]
05:04:38.506 [Forwarding getElementTagName on session 745971cc74c6a2a931830b963cd0363c to remote] DEBUG org.asynchttpclient.netty.request.NettyRequestSender - Using pooled Channel '[id: 0x77ccd155, L:/127.0.0.1:64801 - R:localhost/127.0.0.1:63389]' for 'GET' to 'http://localhost:63389/session/745971cc74c6a2a931830b963cd0363c/element/93b5c9a4-45e6-48c2-9357-e1a1c055d331/name'
05:04:38.506 [Forwarding getElementTagName on session 745971cc74c6a2a931830b963cd0363c to remote] DEBUG org.asynchttpclient.netty.request.NettyRequestSender - Using open Channel [id: 0x77ccd155, L:/127.0.0.1:64801 - R:localhost/127.0.0.1:63389] for GET '/session/745971cc74c6a2a931830b963cd0363c/element/93b5c9a4-45e6-48c2-9357-e1a1c055d331/name'
05:04:38.513 [AsyncHttpClient-1-9] DEBUG org.asynchttpclient.netty.handler.HttpHandler - 

Request DefaultFullHttpRequest(decodeResult: success, version: HTTP/1.1, content: EmptyByteBufBE)
GET /session/745971cc74c6a2a931830b963cd0363c/element/93b5c9a4-45e6-48c2-9357-e1a1c055d331/name HTTP/1.1
User-Agent: selenium/4.1.2 (java windows)
Cache-Control: no-cache
Content-Type: application/json; charset=utf-8
host: localhost:63389
accept: */*

Response DefaultHttpResponse(decodeResult: success, version: HTTP/1.1)
HTTP/1.1 200 OK
Content-Type: application/json; charset=utf-8
cache-control: no-cache
content-length: 18

05:04:38.513 [AsyncHttpClient-1-9] DEBUG org.asynchttpclient.netty.channel.ChannelManager - Adding key: http://localhost:63389 for channel [id: 0x77ccd155, L:/127.0.0.1:64801 - R:localhost/127.0.0.1:63389]
05:04:38.515 [Forwarding getElementTagName on session 745971cc74c6a2a931830b963cd0363c to remote] DEBUG org.asynchttpclient.netty.request.NettyRequestSender - Using pooled Channel '[id: 0x77ccd155, L:/127.0.0.1:64801 - R:localhost/127.0.0.1:63389]' for 'GET' to 'http://localhost:63389/session/745971cc74c6a2a931830b963cd0363c/element/93b5c9a4-45e6-48c2-9357-e1a1c055d331/name'
05:04:38.515 [Forwarding getElementTagName on session 745971cc74c6a2a931830b963cd0363c to remote] DEBUG org.asynchttpclient.netty.request.NettyRequestSender - Using open Channel [id: 0x77ccd155, L:/127.0.0.1:64801 - R:localhost/127.0.0.1:63389] for GET '/session/745971cc74c6a2a931830b963cd0363c/element/93b5c9a4-45e6-48c2-9357-e1a1c055d331/name'
05:04:38.524 [AsyncHttpClient-1-9] DEBUG org.asynchttpclient.netty.handler.HttpHandler - 

Request DefaultFullHttpRequest(decodeResult: success, version: HTTP/1.1, content: EmptyByteBufBE)
GET /session/745971cc74c6a2a931830b963cd0363c/element/93b5c9a4-45e6-48c2-9357-e1a1c055d331/name HTTP/1.1
User-Agent: selenium/4.1.2 (java windows)
Cache-Control: no-cache
Content-Type: application/json; charset=utf-8
host: localhost:63389
accept: */*

Response DefaultHttpResponse(decodeResult: success, version: HTTP/1.1)
HTTP/1.1 200 OK
Content-Type: application/json; charset=utf-8
cache-control: no-cache
content-length: 18

05:04:38.525 [AsyncHttpClient-1-9] DEBUG org.asynchttpclient.netty.channel.ChannelManager - Adding key: http://localhost:63389 for channel [id: 0x77ccd155, L:/127.0.0.1:64801 - R:localhost/127.0.0.1:63389]
05:04:38.529 [Forwarding isElementEnabled on session 745971cc74c6a2a931830b963cd0363c to remote] DEBUG org.asynchttpclient.netty.request.NettyRequestSender - Using pooled Channel '[id: 0x77ccd155, L:/127.0.0.1:64801 - R:localhost/127.0.0.1:63389]' for 'GET' to 'http://localhost:63389/session/745971cc74c6a2a931830b963cd0363c/element/93b5c9a4-45e6-48c2-9357-e1a1c055d331/enabled'
05:04:38.529 [Forwarding isElementEnabled on session 745971cc74c6a2a931830b963cd0363c to remote] DEBUG org.asynchttpclient.netty.request.NettyRequestSender - Using open Channel [id: 0x77ccd155, L:/127.0.0.1:64801 - R:localhost/127.0.0.1:63389] for GET '/session/745971cc74c6a2a931830b963cd0363c/element/93b5c9a4-45e6-48c2-9357-e1a1c055d331/enabled'
05:04:38.547 [AsyncHttpClient-1-9] DEBUG org.asynchttpclient.netty.handler.HttpHandler - 

Request DefaultFullHttpRequest(decodeResult: success, version: HTTP/1.1, content: EmptyByteBufBE)
GET /session/745971cc74c6a2a931830b963cd0363c/element/93b5c9a4-45e6-48c2-9357-e1a1c055d331/enabled HTTP/1.1
User-Agent: selenium/4.1.2 (java windows)
Cache-Control: no-cache
Content-Type: application/json; charset=utf-8
host: localhost:63389
accept: */*

Response DefaultHttpResponse(decodeResult: success, version: HTTP/1.1)
HTTP/1.1 200 OK
Content-Type: application/json; charset=utf-8
cache-control: no-cache
content-length: 14

05:04:38.547 [AsyncHttpClient-1-9] DEBUG org.asynchttpclient.netty.channel.ChannelManager - Adding key: http://localhost:63389 for channel [id: 0x77ccd155, L:/127.0.0.1:64801 - R:localhost/127.0.0.1:63389]
05:04:38.549 [Forwarding isElementEnabled on session 745971cc74c6a2a931830b963cd0363c to remote] DEBUG org.asynchttpclient.netty.request.NettyRequestSender - Using pooled Channel '[id: 0x77ccd155, L:/127.0.0.1:64801 - R:localhost/127.0.0.1:63389]' for 'GET' to 'http://localhost:63389/session/745971cc74c6a2a931830b963cd0363c/element/93b5c9a4-45e6-48c2-9357-e1a1c055d331/enabled'
05:04:38.549 [Forwarding isElementEnabled on session 745971cc74c6a2a931830b963cd0363c to remote] DEBUG org.asynchttpclient.netty.request.NettyRequestSender - Using open Channel [id: 0x77ccd155, L:/127.0.0.1:64801 - R:localhost/127.0.0.1:63389] for GET '/session/745971cc74c6a2a931830b963cd0363c/element/93b5c9a4-45e6-48c2-9357-e1a1c055d331/enabled'
05:04:38.558 [AsyncHttpClient-1-9] DEBUG org.asynchttpclient.netty.handler.HttpHandler - 

Request DefaultFullHttpRequest(decodeResult: success, version: HTTP/1.1, content: EmptyByteBufBE)
GET /session/745971cc74c6a2a931830b963cd0363c/element/93b5c9a4-45e6-48c2-9357-e1a1c055d331/enabled HTTP/1.1
User-Agent: selenium/4.1.2 (java windows)
Cache-Control: no-cache
Content-Type: application/json; charset=utf-8
host: localhost:63389
accept: */*

Response DefaultHttpResponse(decodeResult: success, version: HTTP/1.1)
HTTP/1.1 200 OK
Content-Type: application/json; charset=utf-8
cache-control: no-cache
content-length: 14

05:04:38.559 [AsyncHttpClient-1-9] DEBUG org.asynchttpclient.netty.channel.ChannelManager - Adding key: http://localhost:63389 for channel [id: 0x77ccd155, L:/127.0.0.1:64801 - R:localhost/127.0.0.1:63389]
05:04:38.562 [Forwarding findElement on session 745971cc74c6a2a931830b963cd0363c to remote] DEBUG org.asynchttpclient.netty.request.NettyRequestSender - Using pooled Channel '[id: 0x77ccd155, L:/127.0.0.1:64801 - R:localhost/127.0.0.1:63389]' for 'POST' to 'http://localhost:63389/session/745971cc74c6a2a931830b963cd0363c/element'
05:04:38.562 [Forwarding findElement on session 745971cc74c6a2a931830b963cd0363c to remote] DEBUG org.asynchttpclient.netty.request.NettyRequestSender - Using open Channel [id: 0x77ccd155, L:/127.0.0.1:64801 - R:localhost/127.0.0.1:63389] for POST '/session/745971cc74c6a2a931830b963cd0363c/element'
05:04:38.590 [AsyncHttpClient-1-9] DEBUG org.asynchttpclient.netty.handler.HttpHandler - 

Request DefaultHttpRequest(decodeResult: success, version: HTTP/1.1)
POST /session/745971cc74c6a2a931830b963cd0363c/element HTTP/1.1
User-Agent: selenium/4.1.2 (java windows)
Content-Length: 145
Content-Type: application/json; charset=utf-8
host: localhost:63389
accept: */*

Response DefaultHttpResponse(decodeResult: success, version: HTTP/1.1)
HTTP/1.1 200 OK
Content-Type: application/json; charset=utf-8
cache-control: no-cache
content-length: 88

05:04:38.590 [AsyncHttpClient-1-9] DEBUG org.asynchttpclient.netty.channel.ChannelManager - Adding key: http://localhost:63389 for channel [id: 0x77ccd155, L:/127.0.0.1:64801 - R:localhost/127.0.0.1:63389]
05:04:38.591 [Forwarding getElementTagName on session 745971cc74c6a2a931830b963cd0363c to remote] DEBUG org.asynchttpclient.netty.request.NettyRequestSender - Using pooled Channel '[id: 0x77ccd155, L:/127.0.0.1:64801 - R:localhost/127.0.0.1:63389]' for 'GET' to 'http://localhost:63389/session/745971cc74c6a2a931830b963cd0363c/element/93b5c9a4-45e6-48c2-9357-e1a1c055d331/name'
05:04:38.591 [Forwarding getElementTagName on session 745971cc74c6a2a931830b963cd0363c to remote] DEBUG org.asynchttpclient.netty.request.NettyRequestSender - Using open Channel [id: 0x77ccd155, L:/127.0.0.1:64801 - R:localhost/127.0.0.1:63389] for GET '/session/745971cc74c6a2a931830b963cd0363c/element/93b5c9a4-45e6-48c2-9357-e1a1c055d331/name'
05:04:38.597 [AsyncHttpClient-1-9] DEBUG org.asynchttpclient.netty.handler.HttpHandler - 

Request DefaultFullHttpRequest(decodeResult: success, version: HTTP/1.1, content: EmptyByteBufBE)
GET /session/745971cc74c6a2a931830b963cd0363c/element/93b5c9a4-45e6-48c2-9357-e1a1c055d331/name HTTP/1.1
User-Agent: selenium/4.1.2 (java windows)
Cache-Control: no-cache
Content-Type: application/json; charset=utf-8
host: localhost:63389
accept: */*

Response DefaultHttpResponse(decodeResult: success, version: HTTP/1.1)
HTTP/1.1 200 OK
Content-Type: application/json; charset=utf-8
cache-control: no-cache
content-length: 18

05:04:38.598 [AsyncHttpClient-1-9] DEBUG org.asynchttpclient.netty.channel.ChannelManager - Adding key: http://localhost:63389 for channel [id: 0x77ccd155, L:/127.0.0.1:64801 - R:localhost/127.0.0.1:63389]
05:04:38.598 [Forwarding getElementDomAttribute on session 745971cc74c6a2a931830b963cd0363c to remote] DEBUG org.asynchttpclient.netty.request.NettyRequestSender - Using pooled Channel '[id: 0x77ccd155, L:/127.0.0.1:64801 - R:localhost/127.0.0.1:63389]' for 'GET' to 'http://localhost:63389/session/745971cc74c6a2a931830b963cd0363c/element/93b5c9a4-45e6-48c2-9357-e1a1c055d331/attribute/multiple'
05:04:38.598 [Forwarding getElementDomAttribute on session 745971cc74c6a2a931830b963cd0363c to remote] DEBUG org.asynchttpclient.netty.request.NettyRequestSender - Using open Channel [id: 0x77ccd155, L:/127.0.0.1:64801 - R:localhost/127.0.0.1:63389] for GET '/session/745971cc74c6a2a931830b963cd0363c/element/93b5c9a4-45e6-48c2-9357-e1a1c055d331/attribute/multiple'
05:04:38.611 [AsyncHttpClient-1-9] DEBUG org.asynchttpclient.netty.handler.HttpHandler - 

Request DefaultFullHttpRequest(decodeResult: success, version: HTTP/1.1, content: EmptyByteBufBE)
GET /session/745971cc74c6a2a931830b963cd0363c/element/93b5c9a4-45e6-48c2-9357-e1a1c055d331/attribute/multiple HTTP/1.1
User-Agent: selenium/4.1.2 (java windows)
Cache-Control: no-cache
Content-Type: application/json; charset=utf-8
host: localhost:63389
accept: */*

Response DefaultHttpResponse(decodeResult: success, version: HTTP/1.1)
HTTP/1.1 200 OK
Content-Type: application/json; charset=utf-8
cache-control: no-cache
content-length: 14

05:04:38.611 [AsyncHttpClient-1-9] DEBUG org.asynchttpclient.netty.channel.ChannelManager - Adding key: http://localhost:63389 for channel [id: 0x77ccd155, L:/127.0.0.1:64801 - R:localhost/127.0.0.1:63389]
05:04:38.613 [Forwarding findChildElements on session 745971cc74c6a2a931830b963cd0363c to remote] DEBUG org.asynchttpclient.netty.request.NettyRequestSender - Using pooled Channel '[id: 0x77ccd155, L:/127.0.0.1:64801 - R:localhost/127.0.0.1:63389]' for 'POST' to 'http://localhost:63389/session/745971cc74c6a2a931830b963cd0363c/element/93b5c9a4-45e6-48c2-9357-e1a1c055d331/elements'
05:04:38.613 [Forwarding findChildElements on session 745971cc74c6a2a931830b963cd0363c to remote] DEBUG org.asynchttpclient.netty.request.NettyRequestSender - Using open Channel [id: 0x77ccd155, L:/127.0.0.1:64801 - R:localhost/127.0.0.1:63389] for POST '/session/745971cc74c6a2a931830b963cd0363c/element/93b5c9a4-45e6-48c2-9357-e1a1c055d331/elements'
05:04:38.640 [AsyncHttpClient-1-9] DEBUG org.asynchttpclient.netty.handler.HttpHandler - 

Request DefaultHttpRequest(decodeResult: success, version: HTTP/1.1)
POST /session/745971cc74c6a2a931830b963cd0363c/element/93b5c9a4-45e6-48c2-9357-e1a1c055d331/elements HTTP/1.1
User-Agent: selenium/4.1.2 (java windows)
Content-Length: 138
Content-Type: application/json; charset=utf-8
host: localhost:63389
accept: */*

Response DefaultHttpResponse(decodeResult: success, version: HTTP/1.1)
HTTP/1.1 200 OK
Content-Type: application/json; charset=utf-8
cache-control: no-cache
content-length: 90

05:04:38.640 [AsyncHttpClient-1-9] DEBUG org.asynchttpclient.netty.channel.ChannelManager - Adding key: http://localhost:63389 for channel [id: 0x77ccd155, L:/127.0.0.1:64801 - R:localhost/127.0.0.1:63389]
05:04:38.641 [Forwarding isElementSelected on session 745971cc74c6a2a931830b963cd0363c to remote] DEBUG org.asynchttpclient.netty.request.NettyRequestSender - Using pooled Channel '[id: 0x77ccd155, L:/127.0.0.1:64801 - R:localhost/127.0.0.1:63389]' for 'GET' to 'http://localhost:63389/session/745971cc74c6a2a931830b963cd0363c/element/93890336-6b93-4a1a-a739-e4e3c3603e79/selected'
05:04:38.642 [Forwarding isElementSelected on session 745971cc74c6a2a931830b963cd0363c to remote] DEBUG org.asynchttpclient.netty.request.NettyRequestSender - Using open Channel [id: 0x77ccd155, L:/127.0.0.1:64801 - R:localhost/127.0.0.1:63389] for GET '/session/745971cc74c6a2a931830b963cd0363c/element/93890336-6b93-4a1a-a739-e4e3c3603e79/selected'
05:04:38.659 [AsyncHttpClient-1-9] DEBUG org.asynchttpclient.netty.handler.HttpHandler - 

Request DefaultFullHttpRequest(decodeResult: success, version: HTTP/1.1, content: EmptyByteBufBE)
GET /session/745971cc74c6a2a931830b963cd0363c/element/93890336-6b93-4a1a-a739-e4e3c3603e79/selected HTTP/1.1
User-Agent: selenium/4.1.2 (java windows)
Cache-Control: no-cache
Content-Type: application/json; charset=utf-8
host: localhost:63389
accept: */*

Response DefaultHttpResponse(decodeResult: success, version: HTTP/1.1)
HTTP/1.1 200 OK
Content-Type: application/json; charset=utf-8
cache-control: no-cache
content-length: 14

05:04:38.660 [AsyncHttpClient-1-9] DEBUG org.asynchttpclient.netty.channel.ChannelManager - Adding key: http://localhost:63389 for channel [id: 0x77ccd155, L:/127.0.0.1:64801 - R:localhost/127.0.0.1:63389]
05:04:38.673 [Forwarding screenshot on session 745971cc74c6a2a931830b963cd0363c to remote] DEBUG org.asynchttpclient.netty.request.NettyRequestSender - Using pooled Channel '[id: 0x77ccd155, L:/127.0.0.1:64801 - R:localhost/127.0.0.1:63389]' for 'GET' to 'http://localhost:63389/session/745971cc74c6a2a931830b963cd0363c/screenshot'
05:04:38.673 [Forwarding screenshot on session 745971cc74c6a2a931830b963cd0363c to remote] DEBUG org.asynchttpclient.netty.request.NettyRequestSender - Using open Channel [id: 0x77ccd155, L:/127.0.0.1:64801 - R:localhost/127.0.0.1:63389] for GET '/session/745971cc74c6a2a931830b963cd0363c/screenshot'
05:04:38.921 [AsyncHttpClient-1-9] DEBUG org.asynchttpclient.netty.handler.HttpHandler - 

Request DefaultFullHttpRequest(decodeResult: success, version: HTTP/1.1, content: EmptyByteBufBE)
GET /session/745971cc74c6a2a931830b963cd0363c/screenshot HTTP/1.1
User-Agent: selenium/4.1.2 (java windows)
Cache-Control: no-cache
Content-Type: application/json; charset=utf-8
host: localhost:63389
accept: */*

Response DefaultHttpResponse(decodeResult: success, version: HTTP/1.1)
HTTP/1.1 200 OK
Content-Type: application/json; charset=utf-8
cache-control: no-cache
content-length: 67064

05:04:38.922 [AsyncHttpClient-1-9] DEBUG org.asynchttpclient.netty.channel.ChannelManager - Adding key: http://localhost:63389 for channel [id: 0x77ccd155, L:/127.0.0.1:64801 - R:localhost/127.0.0.1:63389]
05:04:38.929 [main] DEBUG net.serenitybdd.core.photography.Darkroom - Send negative for processing for target\site\serenity\6a4a50e81bfeb29ffa464c2831285fcd2a8a631ece7fcb2aeb6f14a9bdb42dd4.png
05:04:38.929 [main] DEBUG net.thucydides.core.steps.StepInterceptor - STEP DONE: NotchooseExistingComplex
  &amp#27;[32mAnd &amp#27;[0m&amp#27;[32madmin not choose complex&amp#27;[0m                                 &amp#27;[90m# starter.stepdefenitions.BuildingSteps.adminNotChooseComplex()&amp#27;[0m
05:04:38.929 [Darkroom Processing Line] DEBUG net.serenitybdd.core.photography.DarkroomProcessingLine - Processing screenshot image in /var/screenshots/screenshot-6231264629122274180
05:04:38.929 [Darkroom Processing Line] DEBUG net.serenitybdd.core.photography.DarkroomProcessingLine - Saving screenshot to target\site\serenity\6a4a50e81bfeb29ffa464c2831285fcd2a8a631ece7fcb2aeb6f14a9bdb42dd4.png
05:04:38.933 [AsyncHttpClient-1-1] DEBUG org.asynchttpclient.netty.channel.DefaultChannelPool - Entry count for : http://localhost:63389 : 1
05:04:38.933 [AsyncHttpClient-1-1] DEBUG org.asynchttpclient.netty.channel.DefaultChannelPool - Entry count for : http://localhost:64803 : 1
05:04:38.965 [main] DEBUG net.thucydides.core.steps.StepInterceptor - STARTING STEP: BuildingSteps.adminNotFillAddressBuilding - fillAddressBuilding
05:04:38.973 [Forwarding findElement on session 745971cc74c6a2a931830b963cd0363c to remote] DEBUG org.asynchttpclient.netty.request.NettyRequestSender - Using pooled Channel '[id: 0x77ccd155, L:/127.0.0.1:64801 - R:localhost/127.0.0.1:63389]' for 'POST' to 'http://localhost:63389/session/745971cc74c6a2a931830b963cd0363c/element'
05:04:38.973 [Forwarding findElement on session 745971cc74c6a2a931830b963cd0363c to remote] DEBUG org.asynchttpclient.netty.request.NettyRequestSender - Using open Channel [id: 0x77ccd155, L:/127.0.0.1:64801 - R:localhost/127.0.0.1:63389] for POST '/session/745971cc74c6a2a931830b963cd0363c/element'
05:04:38.996 [AsyncHttpClient-1-9] DEBUG org.asynchttpclient.netty.handler.HttpHandler - 

Request DefaultHttpRequest(decodeResult: success, version: HTTP/1.1)
POST /session/745971cc74c6a2a931830b963cd0363c/element HTTP/1.1
User-Agent: selenium/4.1.2 (java windows)
Content-Length: 115
Content-Type: application/json; charset=utf-8
host: localhost:63389
accept: */*

Response DefaultHttpResponse(decodeResult: success, version: HTTP/1.1)
HTTP/1.1 200 OK
Content-Type: application/json; charset=utf-8
cache-control: no-cache
content-length: 88

05:04:38.996 [AsyncHttpClient-1-9] DEBUG org.asynchttpclient.netty.channel.ChannelManager - Adding key: http://localhost:63389 for channel [id: 0x77ccd155, L:/127.0.0.1:64801 - R:localhost/127.0.0.1:63389]
05:04:38.998 [Forwarding clearElement on session 745971cc74c6a2a931830b963cd0363c to remote] DEBUG org.asynchttpclient.netty.request.NettyRequestSender - Using pooled Channel '[id: 0x77ccd155, L:/127.0.0.1:64801 - R:localhost/127.0.0.1:63389]' for 'POST' to 'http://localhost:63389/session/745971cc74c6a2a931830b963cd0363c/element/46806030-cc3b-44b3-953a-39ecdba60135/clear'
05:04:38.998 [Forwarding clearElement on session 745971cc74c6a2a931830b963cd0363c to remote] DEBUG org.asynchttpclient.netty.request.NettyRequestSender - Using open Channel [id: 0x77ccd155, L:/127.0.0.1:64801 - R:localhost/127.0.0.1:63389] for POST '/session/745971cc74c6a2a931830b963cd0363c/element/46806030-cc3b-44b3-953a-39ecdba60135/clear'
05:04:39.091 [AsyncHttpClient-1-9] DEBUG org.asynchttpclient.netty.handler.HttpHandler - 

Request DefaultHttpRequest(decodeResult: success, version: HTTP/1.1)
POST /session/745971cc74c6a2a931830b963cd0363c/element/46806030-cc3b-44b3-953a-39ecdba60135/clear HTTP/1.1
User-Agent: selenium/4.1.2 (java windows)
Content-Length: 50
Content-Type: application/json; charset=utf-8
host: localhost:63389
accept: */*

Response DefaultHttpResponse(decodeResult: success, version: HTTP/1.1)
HTTP/1.1 200 OK
Content-Type: application/json; charset=utf-8
cache-control: no-cache
content-length: 14

05:04:39.091 [AsyncHttpClient-1-9] DEBUG org.asynchttpclient.netty.channel.ChannelManager - Adding key: http://localhost:63389 for channel [id: 0x77ccd155, L:/127.0.0.1:64801 - R:localhost/127.0.0.1:63389]
05:04:39.094 [Forwarding sendKeysToElement on session 745971cc74c6a2a931830b963cd0363c to remote] DEBUG org.asynchttpclient.netty.request.NettyRequestSender - Using pooled Channel '[id: 0x77ccd155, L:/127.0.0.1:64801 - R:localhost/127.0.0.1:63389]' for 'POST' to 'http://localhost:63389/session/745971cc74c6a2a931830b963cd0363c/element/46806030-cc3b-44b3-953a-39ecdba60135/value'
05:04:39.094 [Forwarding sendKeysToElement on session 745971cc74c6a2a931830b963cd0363c to remote] DEBUG org.asynchttpclient.netty.request.NettyRequestSender - Using open Channel [id: 0x77ccd155, L:/127.0.0.1:64801 - R:localhost/127.0.0.1:63389] for POST '/session/745971cc74c6a2a931830b963cd0363c/element/46806030-cc3b-44b3-953a-39ecdba60135/value'
05:04:39.178 [AsyncHttpClient-1-9] DEBUG org.asynchttpclient.netty.handler.HttpHandler - 

Request DefaultHttpRequest(decodeResult: success, version: HTTP/1.1)
POST /session/745971cc74c6a2a931830b963cd0363c/element/46806030-cc3b-44b3-953a-39ecdba60135/value HTTP/1.1
User-Agent: selenium/4.1.2 (java windows)
Content-Length: 82
Content-Type: application/json; charset=utf-8
host: localhost:63389
accept: */*

Response DefaultHttpResponse(decodeResult: success, version: HTTP/1.1)
HTTP/1.1 200 OK
Content-Type: application/json; charset=utf-8
cache-control: no-cache
content-length: 14

05:04:39.178 [AsyncHttpClient-1-9] DEBUG org.asynchttpclient.netty.channel.ChannelManager - Adding key: http://localhost:63389 for channel [id: 0x77ccd155, L:/127.0.0.1:64801 - R:localhost/127.0.0.1:63389]
05:04:39.195 [Forwarding screenshot on session 745971cc74c6a2a931830b963cd0363c to remote] DEBUG org.asynchttpclient.netty.request.NettyRequestSender - Using pooled Channel '[id: 0x77ccd155, L:/127.0.0.1:64801 - R:localhost/127.0.0.1:63389]' for 'GET' to 'http://localhost:63389/session/745971cc74c6a2a931830b963cd0363c/screenshot'
05:04:39.195 [Forwarding screenshot on session 745971cc74c6a2a931830b963cd0363c to remote] DEBUG org.asynchttpclient.netty.request.NettyRequestSender - Using open Channel [id: 0x77ccd155, L:/127.0.0.1:64801 - R:localhost/127.0.0.1:63389] for GET '/session/745971cc74c6a2a931830b963cd0363c/screenshot'
05:04:39.480 [AsyncHttpClient-1-9] DEBUG org.asynchttpclient.netty.handler.HttpHandler - 

Request DefaultFullHttpRequest(decodeResult: success, version: HTTP/1.1, content: EmptyByteBufBE)
GET /session/745971cc74c6a2a931830b963cd0363c/screenshot HTTP/1.1
User-Agent: selenium/4.1.2 (java windows)
Cache-Control: no-cache
Content-Type: application/json; charset=utf-8
host: localhost:63389
accept: */*

Response DefaultHttpResponse(decodeResult: success, version: HTTP/1.1)
HTTP/1.1 200 OK
Content-Type: application/json; charset=utf-8
cache-control: no-cache
content-length: 67912

05:04:39.480 [AsyncHttpClient-1-9] DEBUG org.asynchttpclient.netty.channel.ChannelManager - Adding key: http://localhost:63389 for channel [id: 0x77ccd155, L:/127.0.0.1:64801 - R:localhost/127.0.0.1:63389]
05:04:39.488 [main] DEBUG net.serenitybdd.core.photography.Darkroom - Send negative for processing for target\site\serenity\3ef285bdfabe50206af8caa4145da1074c53c59db89b91007af3d6f6839fa19c.png
05:04:39.489 [main] DEBUG net.thucydides.core.steps.StepInterceptor - STEP DONE: fillAddressBuilding
  &amp#27;[32mAnd &amp#27;[0m&amp#27;[32madmin not fill address building&amp#27;[0m                          &amp#27;[90m# starter.stepdefenitions.BuildingSteps.adminNotFillAddressBuilding()&amp#27;[0m
05:04:39.489 [Darkroom Processing Line] DEBUG net.serenitybdd.core.photography.DarkroomProcessingLine - Processing screenshot image in /var/screenshots/screenshot-8584219421826139617
05:04:39.489 [Darkroom Processing Line] DEBUG net.serenitybdd.core.photography.DarkroomProcessingLine - Saving screenshot to target\site\serenity\3ef285bdfabe50206af8caa4145da1074c53c59db89b91007af3d6f6839fa19c.png
05:04:39.526 [main] DEBUG net.thucydides.core.steps.StepInterceptor - STARTING STEP: BuildingSteps.adminNotFillDescription - fillDescriptionBuilding
05:04:39.538 [Forwarding findElement on session 745971cc74c6a2a931830b963cd0363c to remote] DEBUG org.asynchttpclient.netty.request.NettyRequestSender - Using pooled Channel '[id: 0x77ccd155, L:/127.0.0.1:64801 - R:localhost/127.0.0.1:63389]' for 'POST' to 'http://localhost:63389/session/745971cc74c6a2a931830b963cd0363c/element'
05:04:39.538 [Forwarding findElement on session 745971cc74c6a2a931830b963cd0363c to remote] DEBUG org.asynchttpclient.netty.request.NettyRequestSender - Using open Channel [id: 0x77ccd155, L:/127.0.0.1:64801 - R:localhost/127.0.0.1:63389] for POST '/session/745971cc74c6a2a931830b963cd0363c/element'
05:04:39.563 [AsyncHttpClient-1-9] DEBUG org.asynchttpclient.netty.handler.HttpHandler - 

Request DefaultHttpRequest(decodeResult: success, version: HTTP/1.1)
POST /session/745971cc74c6a2a931830b963cd0363c/element HTTP/1.1
User-Agent: selenium/4.1.2 (java windows)
Content-Length: 66
Content-Type: application/json; charset=utf-8
host: localhost:63389
accept: */*

Response DefaultHttpResponse(decodeResult: success, version: HTTP/1.1)
HTTP/1.1 200 OK
Content-Type: application/json; charset=utf-8
cache-control: no-cache
content-length: 88

05:04:39.564 [AsyncHttpClient-1-9] DEBUG org.asynchttpclient.netty.channel.ChannelManager - Adding key: http://localhost:63389 for channel [id: 0x77ccd155, L:/127.0.0.1:64801 - R:localhost/127.0.0.1:63389]
05:04:39.566 [Forwarding clearElement on session 745971cc74c6a2a931830b963cd0363c to remote] DEBUG org.asynchttpclient.netty.request.NettyRequestSender - Using pooled Channel '[id: 0x77ccd155, L:/127.0.0.1:64801 - R:localhost/127.0.0.1:63389]' for 'POST' to 'http://localhost:63389/session/745971cc74c6a2a931830b963cd0363c/element/1d7c101c-d3de-457e-9a9f-82eb1fdedd4c/clear'
05:04:39.566 [Forwarding clearElement on session 745971cc74c6a2a931830b963cd0363c to remote] DEBUG org.asynchttpclient.netty.request.NettyRequestSender - Using open Channel [id: 0x77ccd155, L:/127.0.0.1:64801 - R:localhost/127.0.0.1:63389] for POST '/session/745971cc74c6a2a931830b963cd0363c/element/1d7c101c-d3de-457e-9a9f-82eb1fdedd4c/clear'
05:04:39.622 [AsyncHttpClient-1-9] DEBUG org.asynchttpclient.netty.handler.HttpHandler - 

Request DefaultHttpRequest(decodeResult: success, version: HTTP/1.1)
POST /session/745971cc74c6a2a931830b963cd0363c/element/1d7c101c-d3de-457e-9a9f-82eb1fdedd4c/clear HTTP/1.1
User-Agent: selenium/4.1.2 (java windows)
Content-Length: 50
Content-Type: application/json; charset=utf-8
host: localhost:63389
accept: */*

Response DefaultHttpResponse(decodeResult: success, version: HTTP/1.1)
HTTP/1.1 200 OK
Content-Type: application/json; charset=utf-8
cache-control: no-cache
content-length: 14

05:04:39.622 [AsyncHttpClient-1-9] DEBUG org.asynchttpclient.netty.channel.ChannelManager - Adding key: http://localhost:63389 for channel [id: 0x77ccd155, L:/127.0.0.1:64801 - R:localhost/127.0.0.1:63389]
05:04:39.624 [Forwarding sendKeysToElement on session 745971cc74c6a2a931830b963cd0363c to remote] DEBUG org.asynchttpclient.netty.request.NettyRequestSender - Using pooled Channel '[id: 0x77ccd155, L:/127.0.0.1:64801 - R:localhost/127.0.0.1:63389]' for 'POST' to 'http://localhost:63389/session/745971cc74c6a2a931830b963cd0363c/element/1d7c101c-d3de-457e-9a9f-82eb1fdedd4c/value'
05:04:39.624 [Forwarding sendKeysToElement on session 745971cc74c6a2a931830b963cd0363c to remote] DEBUG org.asynchttpclient.netty.request.NettyRequestSender - Using open Channel [id: 0x77ccd155, L:/127.0.0.1:64801 - R:localhost/127.0.0.1:63389] for POST '/session/745971cc74c6a2a931830b963cd0363c/element/1d7c101c-d3de-457e-9a9f-82eb1fdedd4c/value'
05:04:39.741 [AsyncHttpClient-1-9] DEBUG org.asynchttpclient.netty.handler.HttpHandler - 

Request DefaultHttpRequest(decodeResult: success, version: HTTP/1.1)
POST /session/745971cc74c6a2a931830b963cd0363c/element/1d7c101c-d3de-457e-9a9f-82eb1fdedd4c/value HTTP/1.1
User-Agent: selenium/4.1.2 (java windows)
Content-Length: 82
Content-Type: application/json; charset=utf-8
host: localhost:63389
accept: */*

Response DefaultHttpResponse(decodeResult: success, version: HTTP/1.1)
HTTP/1.1 200 OK
Content-Type: application/json; charset=utf-8
cache-control: no-cache
content-length: 14

05:04:39.741 [AsyncHttpClient-1-9] DEBUG org.asynchttpclient.netty.channel.ChannelManager - Adding key: http://localhost:63389 for channel [id: 0x77ccd155, L:/127.0.0.1:64801 - R:localhost/127.0.0.1:63389]
05:04:39.756 [Forwarding screenshot on session 745971cc74c6a2a931830b963cd0363c to remote] DEBUG org.asynchttpclient.netty.request.NettyRequestSender - Using pooled Channel '[id: 0x77ccd155, L:/127.0.0.1:64801 - R:localhost/127.0.0.1:63389]' for 'GET' to 'http://localhost:63389/session/745971cc74c6a2a931830b963cd0363c/screenshot'
05:04:39.756 [Forwarding screenshot on session 745971cc74c6a2a931830b963cd0363c to remote] DEBUG org.asynchttpclient.netty.request.NettyRequestSender - Using open Channel [id: 0x77ccd155, L:/127.0.0.1:64801 - R:localhost/127.0.0.1:63389] for GET '/session/745971cc74c6a2a931830b963cd0363c/screenshot'
05:04:40.046 [AsyncHttpClient-1-9] DEBUG org.asynchttpclient.netty.handler.HttpHandler - 

Request DefaultFullHttpRequest(decodeResult: success, version: HTTP/1.1, content: EmptyByteBufBE)
GET /session/745971cc74c6a2a931830b963cd0363c/screenshot HTTP/1.1
User-Agent: selenium/4.1.2 (java windows)
Cache-Control: no-cache
Content-Type: application/json; charset=utf-8
host: localhost:63389
accept: */*

Response DefaultHttpResponse(decodeResult: success, version: HTTP/1.1)
HTTP/1.1 200 OK
Content-Type: application/json; charset=utf-8
cache-control: no-cache
content-length: 67388

05:04:40.047 [AsyncHttpClient-1-1] DEBUG org.asynchttpclient.netty.channel.DefaultChannelPool - Entry count for : http://localhost:64803 : 1
05:04:40.047 [AsyncHttpClient-1-9] DEBUG org.asynchttpclient.netty.channel.ChannelManager - Adding key: http://localhost:63389 for channel [id: 0x77ccd155, L:/127.0.0.1:64801 - R:localhost/127.0.0.1:63389]
05:04:40.054 [main] DEBUG net.serenitybdd.core.photography.Darkroom - Send negative for processing for target\site\serenity\3bcd3a58f83c587bf04d68020011cc47550514c21d686f2a1854b6da814153cf.png
05:04:40.054 [main] DEBUG net.thucydides.core.steps.StepInterceptor - STEP DONE: fillDescriptionBuilding
  &amp#27;[32mAnd &amp#27;[0m&amp#27;[32madmin not fill description&amp#27;[0m                               &amp#27;[90m# starter.stepdefenitions.BuildingSteps.adminNotFillDescription()&amp#27;[0m
05:04:40.054 [Darkroom Processing Line] DEBUG net.serenitybdd.core.photography.DarkroomProcessingLine - Processing screenshot image in /var/screenshots/screenshot-3112101916770048063
05:04:40.055 [Darkroom Processing Line] DEBUG net.serenitybdd.core.photography.DarkroomProcessingLine - Saving screenshot to target\site\serenity\3bcd3a58f83c587bf04d68020011cc47550514c21d686f2a1854b6da814153cf.png
05:04:40.086 [main] DEBUG net.thucydides.core.steps.StepInterceptor - STARTING STEP: BuildingSteps.adminClickCreate - clickAddBuilding
05:04:40.094 [Forwarding findElement on session 745971cc74c6a2a931830b963cd0363c to remote] DEBUG org.asynchttpclient.netty.request.NettyRequestSender - Using pooled Channel '[id: 0x77ccd155, L:/127.0.0.1:64801 - R:localhost/127.0.0.1:63389]' for 'POST' to 'http://localhost:63389/session/745971cc74c6a2a931830b963cd0363c/element'
05:04:40.095 [Forwarding findElement on session 745971cc74c6a2a931830b963cd0363c to remote] DEBUG org.asynchttpclient.netty.request.NettyRequestSender - Using open Channel [id: 0x77ccd155, L:/127.0.0.1:64801 - R:localhost/127.0.0.1:63389] for POST '/session/745971cc74c6a2a931830b963cd0363c/element'
05:04:40.110 [AsyncHttpClient-1-9] DEBUG org.asynchttpclient.netty.handler.HttpHandler - 

Request DefaultHttpRequest(decodeResult: success, version: HTTP/1.1)
POST /session/745971cc74c6a2a931830b963cd0363c/element HTTP/1.1
User-Agent: selenium/4.1.2 (java windows)
Content-Length: 92
Content-Type: application/json; charset=utf-8
host: localhost:63389
accept: */*

Response DefaultHttpResponse(decodeResult: success, version: HTTP/1.1)
HTTP/1.1 200 OK
Content-Type: application/json; charset=utf-8
cache-control: no-cache
content-length: 88

05:04:40.111 [AsyncHttpClient-1-9] DEBUG org.asynchttpclient.netty.channel.ChannelManager - Adding key: http://localhost:63389 for channel [id: 0x77ccd155, L:/127.0.0.1:64801 - R:localhost/127.0.0.1:63389]
05:04:40.114 [Forwarding getElementTagName on session 745971cc74c6a2a931830b963cd0363c to remote] DEBUG org.asynchttpclient.netty.request.NettyRequestSender - Using pooled Channel '[id: 0x77ccd155, L:/127.0.0.1:64801 - R:localhost/127.0.0.1:63389]' for 'GET' to 'http://localhost:63389/session/745971cc74c6a2a931830b963cd0363c/element/069a91db-b32a-4a26-90c6-1edc8cfeb02c/name'
05:04:40.114 [Forwarding getElementTagName on session 745971cc74c6a2a931830b963cd0363c to remote] DEBUG org.asynchttpclient.netty.request.NettyRequestSender - Using open Channel [id: 0x77ccd155, L:/127.0.0.1:64801 - R:localhost/127.0.0.1:63389] for GET '/session/745971cc74c6a2a931830b963cd0363c/element/069a91db-b32a-4a26-90c6-1edc8cfeb02c/name'
05:04:40.126 [AsyncHttpClient-1-9] DEBUG org.asynchttpclient.netty.handler.HttpHandler - 

Request DefaultFullHttpRequest(decodeResult: success, version: HTTP/1.1, content: EmptyByteBufBE)
GET /session/745971cc74c6a2a931830b963cd0363c/element/069a91db-b32a-4a26-90c6-1edc8cfeb02c/name HTTP/1.1
User-Agent: selenium/4.1.2 (java windows)
Cache-Control: no-cache
Content-Type: application/json; charset=utf-8
host: localhost:63389
accept: */*

Response DefaultHttpResponse(decodeResult: success, version: HTTP/1.1)
HTTP/1.1 200 OK
Content-Type: application/json; charset=utf-8
cache-control: no-cache
content-length: 18

05:04:40.126 [AsyncHttpClient-1-9] DEBUG org.asynchttpclient.netty.channel.ChannelManager - Adding key: http://localhost:63389 for channel [id: 0x77ccd155, L:/127.0.0.1:64801 - R:localhost/127.0.0.1:63389]
05:04:40.128 [Forwarding getElementTagName on session 745971cc74c6a2a931830b963cd0363c to remote] DEBUG org.asynchttpclient.netty.request.NettyRequestSender - Using pooled Channel '[id: 0x77ccd155, L:/127.0.0.1:64801 - R:localhost/127.0.0.1:63389]' for 'GET' to 'http://localhost:63389/session/745971cc74c6a2a931830b963cd0363c/element/069a91db-b32a-4a26-90c6-1edc8cfeb02c/name'
05:04:40.128 [Forwarding getElementTagName on session 745971cc74c6a2a931830b963cd0363c to remote] DEBUG org.asynchttpclient.netty.request.NettyRequestSender - Using open Channel [id: 0x77ccd155, L:/127.0.0.1:64801 - R:localhost/127.0.0.1:63389] for GET '/session/745971cc74c6a2a931830b963cd0363c/element/069a91db-b32a-4a26-90c6-1edc8cfeb02c/name'
05:04:40.133 [AsyncHttpClient-1-9] DEBUG org.asynchttpclient.netty.handler.HttpHandler - 

Request DefaultFullHttpRequest(decodeResult: success, version: HTTP/1.1, content: EmptyByteBufBE)
GET /session/745971cc74c6a2a931830b963cd0363c/element/069a91db-b32a-4a26-90c6-1edc8cfeb02c/name HTTP/1.1
User-Agent: selenium/4.1.2 (java windows)
Cache-Control: no-cache
Content-Type: application/json; charset=utf-8
host: localhost:63389
accept: */*

Response DefaultHttpResponse(decodeResult: success, version: HTTP/1.1)
HTTP/1.1 200 OK
Content-Type: application/json; charset=utf-8
cache-control: no-cache
content-length: 18

05:04:40.133 [AsyncHttpClient-1-9] DEBUG org.asynchttpclient.netty.channel.ChannelManager - Adding key: http://localhost:63389 for channel [id: 0x77ccd155, L:/127.0.0.1:64801 - R:localhost/127.0.0.1:63389]
05:04:40.139 [Forwarding isElementEnabled on session 745971cc74c6a2a931830b963cd0363c to remote] DEBUG org.asynchttpclient.netty.request.NettyRequestSender - Using pooled Channel '[id: 0x77ccd155, L:/127.0.0.1:64801 - R:localhost/127.0.0.1:63389]' for 'GET' to 'http://localhost:63389/session/745971cc74c6a2a931830b963cd0363c/element/069a91db-b32a-4a26-90c6-1edc8cfeb02c/enabled'
05:04:40.139 [Forwarding isElementEnabled on session 745971cc74c6a2a931830b963cd0363c to remote] DEBUG org.asynchttpclient.netty.request.NettyRequestSender - Using open Channel [id: 0x77ccd155, L:/127.0.0.1:64801 - R:localhost/127.0.0.1:63389] for GET '/session/745971cc74c6a2a931830b963cd0363c/element/069a91db-b32a-4a26-90c6-1edc8cfeb02c/enabled'
05:04:40.157 [AsyncHttpClient-1-9] DEBUG org.asynchttpclient.netty.handler.HttpHandler - 

Request DefaultFullHttpRequest(decodeResult: success, version: HTTP/1.1, content: EmptyByteBufBE)
GET /session/745971cc74c6a2a931830b963cd0363c/element/069a91db-b32a-4a26-90c6-1edc8cfeb02c/enabled HTTP/1.1
User-Agent: selenium/4.1.2 (java windows)
Cache-Control: no-cache
Content-Type: application/json; charset=utf-8
host: localhost:63389
accept: */*

Response DefaultHttpResponse(decodeResult: success, version: HTTP/1.1)
HTTP/1.1 200 OK
Content-Type: application/json; charset=utf-8
cache-control: no-cache
content-length: 14

05:04:40.157 [AsyncHttpClient-1-9] DEBUG org.asynchttpclient.netty.channel.ChannelManager - Adding key: http://localhost:63389 for channel [id: 0x77ccd155, L:/127.0.0.1:64801 - R:localhost/127.0.0.1:63389]
05:04:40.159 [Forwarding isElementEnabled on session 745971cc74c6a2a931830b963cd0363c to remote] DEBUG org.asynchttpclient.netty.request.NettyRequestSender - Using pooled Channel '[id: 0x77ccd155, L:/127.0.0.1:64801 - R:localhost/127.0.0.1:63389]' for 'GET' to 'http://localhost:63389/session/745971cc74c6a2a931830b963cd0363c/element/069a91db-b32a-4a26-90c6-1edc8cfeb02c/enabled'
05:04:40.159 [Forwarding isElementEnabled on session 745971cc74c6a2a931830b963cd0363c to remote] DEBUG org.asynchttpclient.netty.request.NettyRequestSender - Using open Channel [id: 0x77ccd155, L:/127.0.0.1:64801 - R:localhost/127.0.0.1:63389] for GET '/session/745971cc74c6a2a931830b963cd0363c/element/069a91db-b32a-4a26-90c6-1edc8cfeb02c/enabled'
05:04:40.169 [AsyncHttpClient-1-9] DEBUG org.asynchttpclient.netty.handler.HttpHandler - 

Request DefaultFullHttpRequest(decodeResult: success, version: HTTP/1.1, content: EmptyByteBufBE)
GET /session/745971cc74c6a2a931830b963cd0363c/element/069a91db-b32a-4a26-90c6-1edc8cfeb02c/enabled HTTP/1.1
User-Agent: selenium/4.1.2 (java windows)
Cache-Control: no-cache
Content-Type: application/json; charset=utf-8
host: localhost:63389
accept: */*

Response DefaultHttpResponse(decodeResult: success, version: HTTP/1.1)
HTTP/1.1 200 OK
Content-Type: application/json; charset=utf-8
cache-control: no-cache
content-length: 14

05:04:40.169 [AsyncHttpClient-1-9] DEBUG org.asynchttpclient.netty.channel.ChannelManager - Adding key: http://localhost:63389 for channel [id: 0x77ccd155, L:/127.0.0.1:64801 - R:localhost/127.0.0.1:63389]
05:04:40.173 [Forwarding findElement on session 745971cc74c6a2a931830b963cd0363c to remote] DEBUG org.asynchttpclient.netty.request.NettyRequestSender - Using pooled Channel '[id: 0x77ccd155, L:/127.0.0.1:64801 - R:localhost/127.0.0.1:63389]' for 'POST' to 'http://localhost:63389/session/745971cc74c6a2a931830b963cd0363c/element'
05:04:40.173 [Forwarding findElement on session 745971cc74c6a2a931830b963cd0363c to remote] DEBUG org.asynchttpclient.netty.request.NettyRequestSender - Using open Channel [id: 0x77ccd155, L:/127.0.0.1:64801 - R:localhost/127.0.0.1:63389] for POST '/session/745971cc74c6a2a931830b963cd0363c/element'
05:04:40.187 [AsyncHttpClient-1-9] DEBUG org.asynchttpclient.netty.handler.HttpHandler - 

Request DefaultHttpRequest(decodeResult: success, version: HTTP/1.1)
POST /session/745971cc74c6a2a931830b963cd0363c/element HTTP/1.1
User-Agent: selenium/4.1.2 (java windows)
Content-Length: 92
Content-Type: application/json; charset=utf-8
host: localhost:63389
accept: */*

Response DefaultHttpResponse(decodeResult: success, version: HTTP/1.1)
HTTP/1.1 200 OK
Content-Type: application/json; charset=utf-8
cache-control: no-cache
content-length: 88

05:04:40.187 [AsyncHttpClient-1-9] DEBUG org.asynchttpclient.netty.channel.ChannelManager - Adding key: http://localhost:63389 for channel [id: 0x77ccd155, L:/127.0.0.1:64801 - R:localhost/127.0.0.1:63389]
05:04:40.189 [Forwarding clickElement on session 745971cc74c6a2a931830b963cd0363c to remote] DEBUG org.asynchttpclient.netty.request.NettyRequestSender - Using pooled Channel '[id: 0x77ccd155, L:/127.0.0.1:64801 - R:localhost/127.0.0.1:63389]' for 'POST' to 'http://localhost:63389/session/745971cc74c6a2a931830b963cd0363c/element/069a91db-b32a-4a26-90c6-1edc8cfeb02c/click'
05:04:40.189 [Forwarding clickElement on session 745971cc74c6a2a931830b963cd0363c to remote] DEBUG org.asynchttpclient.netty.request.NettyRequestSender - Using open Channel [id: 0x77ccd155, L:/127.0.0.1:64801 - R:localhost/127.0.0.1:63389] for POST '/session/745971cc74c6a2a931830b963cd0363c/element/069a91db-b32a-4a26-90c6-1edc8cfeb02c/click'
05:04:40.310 [AsyncHttpClient-1-9] DEBUG org.asynchttpclient.netty.handler.HttpHandler - 

Request DefaultHttpRequest(decodeResult: success, version: HTTP/1.1)
POST /session/745971cc74c6a2a931830b963cd0363c/element/069a91db-b32a-4a26-90c6-1edc8cfeb02c/click HTTP/1.1
User-Agent: selenium/4.1.2 (java windows)
Content-Length: 50
Content-Type: application/json; charset=utf-8
host: localhost:63389
accept: */*

Response DefaultHttpResponse(decodeResult: success, version: HTTP/1.1)
HTTP/1.1 200 OK
Content-Type: application/json; charset=utf-8
cache-control: no-cache
content-length: 14

05:04:40.310 [AsyncHttpClient-1-9] DEBUG org.asynchttpclient.netty.channel.ChannelManager - Adding key: http://localhost:63389 for channel [id: 0x77ccd155, L:/127.0.0.1:64801 - R:localhost/127.0.0.1:63389]
05:04:40.323 [Forwarding screenshot on session 745971cc74c6a2a931830b963cd0363c to remote] DEBUG org.asynchttpclient.netty.request.NettyRequestSender - Using pooled Channel '[id: 0x77ccd155, L:/127.0.0.1:64801 - R:localhost/127.0.0.1:63389]' for 'GET' to 'http://localhost:63389/session/745971cc74c6a2a931830b963cd0363c/screenshot'
05:04:40.323 [Forwarding screenshot on session 745971cc74c6a2a931830b963cd0363c to remote] DEBUG org.asynchttpclient.netty.request.NettyRequestSender - Using open Channel [id: 0x77ccd155, L:/127.0.0.1:64801 - R:localhost/127.0.0.1:63389] for GET '/session/745971cc74c6a2a931830b963cd0363c/screenshot'
05:04:40.618 [AsyncHttpClient-1-9] DEBUG org.asynchttpclient.netty.handler.HttpHandler - 

Request DefaultFullHttpRequest(decodeResult: success, version: HTTP/1.1, content: EmptyByteBufBE)
GET /session/745971cc74c6a2a931830b963cd0363c/screenshot HTTP/1.1
User-Agent: selenium/4.1.2 (java windows)
Cache-Control: no-cache
Content-Type: application/json; charset=utf-8
host: localhost:63389
accept: */*

Response DefaultHttpResponse(decodeResult: success, version: HTTP/1.1)
HTTP/1.1 200 OK
Content-Type: application/json; charset=utf-8
cache-control: no-cache
content-length: 65744

05:04:40.618 [AsyncHttpClient-1-9] DEBUG org.asynchttpclient.netty.channel.ChannelManager - Adding key: http://localhost:63389 for channel [id: 0x77ccd155, L:/127.0.0.1:64801 - R:localhost/127.0.0.1:63389]
05:04:40.625 [main] DEBUG net.serenitybdd.core.photography.Darkroom - Send negative for processing for target\site\serenity\810bc0456c4013bd2bc4b83550fd2bf49b44822d5f963803c4ab440377d507d6.png
05:04:40.626 [main] DEBUG net.thucydides.core.steps.StepInterceptor - STEP DONE: clickAddBuilding
05:04:40.626 [Darkroom Processing Line] DEBUG net.serenitybdd.core.photography.DarkroomProcessingLine - Processing screenshot image in /var/screenshots/screenshot-7126140517475744246
05:04:40.626 [Darkroom Processing Line] DEBUG net.serenitybdd.core.photography.DarkroomProcessingLine - Saving screenshot to target\site\serenity\810bc0456c4013bd2bc4b83550fd2bf49b44822d5f963803c4ab440377d507d6.png
  &amp#27;[32mAnd &amp#27;[0m&amp#27;[32madmin click create&amp#27;[0m                                       &amp#27;[90m# starter.stepdefenitions.BuildingSteps.adminClickCreate()&amp#27;[0m
05:04:40.657 [main] DEBUG net.thucydides.core.steps.StepInterceptor - STARTING STEP: BuildingSteps.adminFailToCreteBuildingAndGetMessage - getErrorEmpty
05:04:40.661 [Forwarding findElement on session 745971cc74c6a2a931830b963cd0363c to remote] DEBUG org.asynchttpclient.netty.request.NettyRequestSender - Using pooled Channel '[id: 0x77ccd155, L:/127.0.0.1:64801 - R:localhost/127.0.0.1:63389]' for 'POST' to 'http://localhost:63389/session/745971cc74c6a2a931830b963cd0363c/element'
05:04:40.661 [Forwarding findElement on session 745971cc74c6a2a931830b963cd0363c to remote] DEBUG org.asynchttpclient.netty.request.NettyRequestSender - Using open Channel [id: 0x77ccd155, L:/127.0.0.1:64801 - R:localhost/127.0.0.1:63389] for POST '/session/745971cc74c6a2a931830b963cd0363c/element'
05:04:40.688 [AsyncHttpClient-1-9] DEBUG org.asynchttpclient.netty.handler.HttpHandler - 

Request DefaultHttpRequest(decodeResult: success, version: HTTP/1.1)
POST /session/745971cc74c6a2a931830b963cd0363c/element HTTP/1.1
User-Agent: selenium/4.1.2 (java windows)
Content-Length: 93
Content-Type: application/json; charset=utf-8
host: localhost:63389
accept: */*

Response DefaultHttpResponse(decodeResult: success, version: HTTP/1.1)
HTTP/1.1 200 OK
Content-Type: application/json; charset=utf-8
cache-control: no-cache
content-length: 88

05:04:40.689 [AsyncHttpClient-1-9] DEBUG org.asynchttpclient.netty.channel.ChannelManager - Adding key: http://localhost:63389 for channel [id: 0x77ccd155, L:/127.0.0.1:64801 - R:localhost/127.0.0.1:63389]
05:04:40.695 [Forwarding isElementDisplayed on session 745971cc74c6a2a931830b963cd0363c to remote] DEBUG org.asynchttpclient.netty.request.NettyRequestSender - Using pooled Channel '[id: 0x77ccd155, L:/127.0.0.1:64801 - R:localhost/127.0.0.1:63389]' for 'POST' to 'http://localhost:63389/session/745971cc74c6a2a931830b963cd0363c/execute/sync'
05:04:40.695 [Forwarding isElementDisplayed on session 745971cc74c6a2a931830b963cd0363c to remote] DEBUG org.asynchttpclient.netty.request.NettyRequestSender - Using open Channel [id: 0x77ccd155, L:/127.0.0.1:64801 - R:localhost/127.0.0.1:63389] for POST '/session/745971cc74c6a2a931830b963cd0363c/execute/sync'
05:04:40.716 [AsyncHttpClient-1-9] DEBUG org.asynchttpclient.netty.handler.HttpHandler - 

Request DefaultHttpRequest(decodeResult: success, version: HTTP/1.1)
POST /session/745971cc74c6a2a931830b963cd0363c/execute/sync HTTP/1.1
User-Agent: selenium/4.1.2 (java windows)
Content-Length: 48780
Content-Type: application/json; charset=utf-8
host: localhost:63389
accept: */*

Response DefaultHttpResponse(decodeResult: success, version: HTTP/1.1)
HTTP/1.1 200 OK
Content-Type: application/json; charset=utf-8
cache-control: no-cache
content-length: 14

05:04:40.716 [AsyncHttpClient-1-9] DEBUG org.asynchttpclient.netty.channel.ChannelManager - Adding key: http://localhost:63389 for channel [id: 0x77ccd155, L:/127.0.0.1:64801 - R:localhost/127.0.0.1:63389]
05:04:40.740 [Forwarding screenshot on session 745971cc74c6a2a931830b963cd0363c to remote] DEBUG org.asynchttpclient.netty.request.NettyRequestSender - Using pooled Channel '[id: 0x77ccd155, L:/127.0.0.1:64801 - R:localhost/127.0.0.1:63389]' for 'GET' to 'http://localhost:63389/session/745971cc74c6a2a931830b963cd0363c/screenshot'
05:04:40.740 [Forwarding screenshot on session 745971cc74c6a2a931830b963cd0363c to remote] DEBUG org.asynchttpclient.netty.request.NettyRequestSender - Using open Channel [id: 0x77ccd155, L:/127.0.0.1:64801 - R:localhost/127.0.0.1:63389] for GET '/session/745971cc74c6a2a931830b963cd0363c/screenshot'
05:04:41.050 [AsyncHttpClient-1-9] DEBUG org.asynchttpclient.netty.handler.HttpHandler - 

Request DefaultFullHttpRequest(decodeResult: success, version: HTTP/1.1, content: EmptyByteBufBE)
GET /session/745971cc74c6a2a931830b963cd0363c/screenshot HTTP/1.1
User-Agent: selenium/4.1.2 (java windows)
Cache-Control: no-cache
Content-Type: application/json; charset=utf-8
host: localhost:63389
accept: */*

Response DefaultHttpResponse(decodeResult: success, version: HTTP/1.1)
HTTP/1.1 200 OK
Content-Type: application/json; charset=utf-8
cache-control: no-cache
content-length: 65744

05:04:41.050 [AsyncHttpClient-1-9] DEBUG org.asynchttpclient.netty.channel.ChannelManager - Adding key: http://localhost:63389 for channel [id: 0x77ccd155, L:/127.0.0.1:64801 - R:localhost/127.0.0.1:63389]
05:04:41.058 [main] DEBUG net.serenitybdd.core.photography.Darkroom - Send negative for processing for target\site\serenity\810bc0456c4013bd2bc4b83550fd2bf49b44822d5f963803c4ab440377d507d6.png
05:04:41.058 [main] DEBUG net.thucydides.core.steps.StepInterceptor - STEP DONE: getErrorEmpty
  &amp#27;[32mThen &amp#27;[0m&amp#27;[32madmin fail to crete building and get message&amp#27;[0m            &amp#27;[90m# starter.stepdefenitions.BuildingSteps.adminFailToCreteBuildingAndGetMessage()&amp#27;[0m
05:04:41.069 [main] INFO  - 
  _____   ___   ___   _____     ___     _     ___   ___   ___   ___  
 |_   _| | __| / __| |_   _|   | _ \   /_\   / __| / __| | __| |   \ 
   | |   | _|  \__ \   | |     |  _/  / _ \  \__ \ \__ \ | _|  | |) |
   |_|   |___| |___/   |_|     |_|   /_/ \_\ |___/ |___/ |___| |___/ 

As admin i failed to create building with empty data
----------------------------------------------------------------------
05:04:41.071 [AsyncHttpClient-1-3] DEBUG org.asynchttpclient.netty.handler.WebSocketHandler - Channel Closed: [id: 0x6cc709f3, L:/127.0.0.1:64809 ! R:localhost/127.0.0.1:64803] with attribute NettyResponseFuture{currentRetry=5,
	isDone=1,
	isCancelled=0,
	asyncHandler=org.asynchttpclient.ws.WebSocketUpgradeHandler@992a8bb,
	nettyRequest=org.asynchttpclient.netty.request.NettyRequest@17fa5655,
	future=java.util.concurrent.CompletableFuture@680bb1c1[Completed normally],
	uri=ws://localhost:64803/devtools/browser/787ea395-075f-40b7-9a7e-e6df7145090c,
	keepAlive=true,
	redirectCount=0,
	timeoutsHolder=null,
	inAuth=0,
	touch=1658095467749}
05:04:41.071 [AsyncHttpClient-1-3] DEBUG org.asynchttpclient.netty.channel.ChannelManager - Closing Channel [id: 0x6cc709f3, L:/127.0.0.1:64809 ! R:localhost/127.0.0.1:64803] 
05:04:41.074 [Driver Command Executor] DEBUG org.asynchttpclient.netty.request.NettyRequestSender - Using pooled Channel '[id: 0x77ccd155, L:/127.0.0.1:64801 - R:localhost/127.0.0.1:63389]' for 'DELETE' to 'http://localhost:63389/session/745971cc74c6a2a931830b963cd0363c'
05:04:41.074 [Driver Command Executor] DEBUG org.asynchttpclient.netty.request.NettyRequestSender - Using open Channel [id: 0x77ccd155, L:/127.0.0.1:64801 - R:localhost/127.0.0.1:63389] for DELETE '/session/745971cc74c6a2a931830b963cd0363c'
05:04:41.140 [AsyncHttpClient-1-1] DEBUG org.asynchttpclient.netty.channel.DefaultChannelPool - Entry count for : http://localhost:64803 : 1
05:04:42.265 [AsyncHttpClient-1-1] DEBUG org.asynchttpclient.netty.channel.DefaultChannelPool - Entry count for : http://localhost:64803 : 1
05:04:43.377 [AsyncHttpClient-1-1] DEBUG org.asynchttpclient.netty.channel.DefaultChannelPool - Entry count for : http://localhost:64803 : 1
05:04:44.501 [AsyncHttpClient-1-1] DEBUG org.asynchttpclient.netty.channel.DefaultChannelPool - Entry count for : http://localhost:64803 : 1
05:04:45.580 [AsyncHttpClient-1-1] DEBUG org.asynchttpclient.netty.channel.DefaultChannelPool - Entry count for : http://localhost:64803 : 1
05:04:46.682 [AsyncHttpClient-1-1] DEBUG org.asynchttpclient.netty.channel.DefaultChannelPool - Entry count for : http://localhost:64803 : 1
05:04:47.732 [AsyncHttpClient-1-1] DEBUG org.asynchttpclient.netty.channel.DefaultChannelPool - Entry count for : http://localhost:64803 : 1
05:04:48.245 [AsyncHttpClient-1-2] DEBUG org.asynchttpclient.netty.handler.HttpHandler - Unexpected I/O exception on channel [id: 0xd06994f3, L:/127.0.0.1:64808 - R:localhost/127.0.0.1:64803]
java.io.IOException: An existing connection was forcibly closed by the remote host
	at sun.nio.ch.SocketDispatcher.read0(Native Method)
	at sun.nio.ch.SocketDispatcher.read(SocketDispatcher.java:43)
	at sun.nio.ch.IOUtil.readIntoNativeBuffer(IOUtil.java:223)
	at sun.nio.ch.IOUtil.read(IOUtil.java:192)
	at sun.nio.ch.SocketChannelImpl.read(SocketChannelImpl.java:378)
	at io.netty.buffer.PooledByteBuf.setBytes(PooledByteBuf.java:258)
	at io.netty.buffer.AbstractByteBuf.writeBytes(AbstractByteBuf.java:1132)
	at io.netty.channel.socket.nio.NioSocketChannel.doReadBytes(NioSocketChannel.java:350)
	at io.netty.channel.nio.AbstractNioByteChannel$NioByteUnsafe.read(AbstractNioByteChannel.java:151)
	at io.netty.channel.nio.NioEventLoop.processSelectedKey(NioEventLoop.java:722)
	at io.netty.channel.nio.NioEventLoop.processSelectedKeysOptimized(NioEventLoop.java:658)
	at io.netty.channel.nio.NioEventLoop.processSelectedKeys(NioEventLoop.java:584)
	at io.netty.channel.nio.NioEventLoop.run(NioEventLoop.java:496)
	at io.netty.util.concurrent.SingleThreadEventExecutor$4.run(SingleThreadEventExecutor.java:986)
	at io.netty.util.internal.ThreadExecutorMap$2.run(ThreadExecutorMap.java:74)
	at io.netty.util.concurrent.FastThreadLocalRunnable.run(FastThreadLocalRunnable.java:30)
	at java.lang.Thread.run(Thread.java:750)
05:04:48.246 [AsyncHttpClient-1-2] DEBUG org.asynchttpclient.netty.channel.ChannelManager - Closing Channel [id: 0xd06994f3, L:/127.0.0.1:64808 - R:localhost/127.0.0.1:64803] 
05:04:48.246 [AsyncHttpClient-1-2] DEBUG org.asynchttpclient.netty.handler.HttpHandler - Channel Closed: [id: 0xd06994f3, L:/127.0.0.1:64808 ! R:localhost/127.0.0.1:64803] with attribute DISCARD
05:04:48.375 [AsyncHttpClient-1-9] DEBUG org.asynchttpclient.netty.handler.HttpHandler - 

Request DefaultFullHttpRequest(decodeResult: success, version: HTTP/1.1, content: EmptyByteBufBE)
DELETE /session/745971cc74c6a2a931830b963cd0363c HTTP/1.1
User-Agent: selenium/4.1.2 (java windows)
Content-Type: application/json; charset=utf-8
host: localhost:63389
accept: */*

Response DefaultHttpResponse(decodeResult: success, version: HTTP/1.1)
HTTP/1.1 200 OK
Content-Type: application/json; charset=utf-8
cache-control: no-cache
content-length: 14

05:04:48.375 [AsyncHttpClient-1-9] DEBUG org.asynchttpclient.netty.channel.ChannelManager - Adding key: http://localhost:63389 for channel [id: 0x77ccd155, L:/127.0.0.1:64801 - R:localhost/127.0.0.1:63389]
05:04:48.837 [AsyncHttpClient-1-1] DEBUG org.asynchttpclient.netty.channel.DefaultChannelPool - Entry count for : http://localhost:63389 : 1
05:04:48.837 [AsyncHttpClient-1-1] DEBUG org.asynchttpclient.netty.channel.DefaultChannelPool - Entry count for : http://localhost:64803 : 1
05:04:48.837 [AsyncHttpClient-1-1] DEBUG org.asynchttpclient.netty.channel.DefaultChannelPool - Adding Candidate expired Channel [id: 0xd06994f3, L:/127.0.0.1:64808 ! R:localhost/127.0.0.1:64803] isIdleTimeoutExpired=false isRemotelyClosed=true isTtlExpired=false
05:04:48.837 [AsyncHttpClient-1-1] DEBUG org.asynchttpclient.netty.channel.DefaultChannelPool - Closing Idle Channel [id: 0xd06994f3, L:/127.0.0.1:64808 ! R:localhost/127.0.0.1:64803]
05:04:48.837 [AsyncHttpClient-1-1] DEBUG org.asynchttpclient.netty.channel.DefaultChannelPool - Closed 1 connections out of 2 in 0 ms
05:04:49.933 [AsyncHttpClient-1-1] DEBUG org.asynchttpclient.netty.channel.DefaultChannelPool - Entry count for : http://localhost:63389 : 1
05:04:50.364 [AsyncHttpClient-1-9] DEBUG org.asynchttpclient.netty.handler.HttpHandler - Unexpected I/O exception on channel [id: 0x77ccd155, L:/127.0.0.1:64801 - R:localhost/127.0.0.1:63389]
java.io.IOException: An existing connection was forcibly closed by the remote host
	at sun.nio.ch.SocketDispatcher.read0(Native Method)
	at sun.nio.ch.SocketDispatcher.read(SocketDispatcher.java:43)
	at sun.nio.ch.IOUtil.readIntoNativeBuffer(IOUtil.java:223)
	at sun.nio.ch.IOUtil.read(IOUtil.java:192)
	at sun.nio.ch.SocketChannelImpl.read(SocketChannelImpl.java:378)
	at io.netty.buffer.PooledByteBuf.setBytes(PooledByteBuf.java:258)
	at io.netty.buffer.AbstractByteBuf.writeBytes(AbstractByteBuf.java:1132)
	at io.netty.channel.socket.nio.NioSocketChannel.doReadBytes(NioSocketChannel.java:350)
	at io.netty.channel.nio.AbstractNioByteChannel$NioByteUnsafe.read(AbstractNioByteChannel.java:151)
	at io.netty.channel.nio.NioEventLoop.processSelectedKey(NioEventLoop.java:722)
	at io.netty.channel.nio.NioEventLoop.processSelectedKeysOptimized(NioEventLoop.java:658)
	at io.netty.channel.nio.NioEventLoop.processSelectedKeys(NioEventLoop.java:584)
	at io.netty.channel.nio.NioEventLoop.run(NioEventLoop.java:496)
	at io.netty.util.concurrent.SingleThreadEventExecutor$4.run(SingleThreadEventExecutor.java:986)
	at io.netty.util.internal.ThreadExecutorMap$2.run(ThreadExecutorMap.java:74)
	at io.netty.util.concurrent.FastThreadLocalRunnable.run(FastThreadLocalRunnable.java:30)
	at java.lang.Thread.run(Thread.java:750)
05:04:50.364 [AsyncHttpClient-1-9] DEBUG org.asynchttpclient.netty.channel.ChannelManager - Closing Channel [id: 0x77ccd155, L:/127.0.0.1:64801 - R:localhost/127.0.0.1:63389] 
05:04:50.364 [AsyncHttpClient-1-9] DEBUG org.asynchttpclient.netty.handler.HttpHandler - Channel Closed: [id: 0x77ccd155, L:/127.0.0.1:64801 ! R:localhost/127.0.0.1:63389] with attribute DISCARD
05:04:51.043 [AsyncHttpClient-1-1] DEBUG org.asynchttpclient.netty.channel.DefaultChannelPool - Entry count for : http://localhost:63389 : 1
05:04:51.043 [AsyncHttpClient-1-1] DEBUG org.asynchttpclient.netty.channel.DefaultChannelPool - Adding Candidate expired Channel [id: 0x77ccd155, L:/127.0.0.1:64801 ! R:localhost/127.0.0.1:63389] isIdleTimeoutExpired=false isRemotelyClosed=true isTtlExpired=false
05:04:51.043 [AsyncHttpClient-1-1] DEBUG org.asynchttpclient.netty.channel.DefaultChannelPool - Closing Idle Channel [id: 0x77ccd155, L:/127.0.0.1:64801 ! R:localhost/127.0.0.1:63389]
05:04:51.043 [AsyncHttpClient-1-1] DEBUG org.asynchttpclient.netty.channel.DefaultChannelPool - Closed 1 connections out of 1 in 0 ms
]]></system-out>
    <system-err><![CDATA[Starting ChromeDriver 103.0.5060.53 (a1711811edd74ff1cf2150f36ffa3b0dae40b17f-refs/branch-heads/5060@{#853}) on port 63389
Only local connections are allowed.
Please see https://chromedriver.chromium.org/security-considerations for suggestions on keeping ChromeDriver safe.
ChromeDriver was started successfully.
Jul 18, 2022 5:04:27 AM org.openqa.selenium.remote.ProtocolHandshake createSession
INFO: Detected dialect: W3C
Jul 18, 2022 5:04:27 AM org.openqa.selenium.devtools.CdpVersionFinder findNearestMatch
WARNING: Unable to find an exact match for CDP version 103, so returning the closest version found: a no-op implementation
Jul 18, 2022 5:04:27 AM org.openqa.selenium.devtools.CdpVersionFinder findNearestMatch
INFO: Unable to find CDP implementation matching 103.
Jul 18, 2022 5:04:27 AM org.openqa.selenium.chromium.ChromiumDriver lambda$new$3
WARNING: Unable to find version of CDP to use for . You may need to include a dependency on a specific version of the CDP using something similar to `org.seleniumhq.selenium:selenium-devtools-v86:4.1.2` where the version ("v86") matches the version of the chromium-based browser you're using and the version number of the artifact is the same as Selenium's.
Jul 18, 2022 5:04:50 AM org.openqa.selenium.os.OsProcess destroy
SEVERE: Unable to kill process java.lang.ProcessImpl@4a29520e
]]></system-err>
  </testcase>
  <testcase name="As admin i have be able to success delete building" classname="As admin I want to see details building on building page" time="23.755">
    <system-out><![CDATA[
@building @feature
Scenario: As admin i have be able to success delete building &amp#27;[90m# src/test/resources/features/Building.feature:81&amp#27;[0m
05:04:51.149 [main] INFO io.cucumber.core.plugin.SerenityReporter - Running feature from file:///D:/kampus%20merdeka/QE_Capstone%20Kanbo/capstone/web/src/test/resources/features/Building.feature
05:04:51.153 [main] INFO  - 
  _____   ___   ___   _____     ___   _____     _     ___   _____   ___   ___  
 |_   _| | __| / __| |_   _|   / __| |_   _|   /_\   | _ \ |_   _| | __| |   \ 
   | |   | _|  \__ \   | |     \__ \   | |    / _ \  |   /   | |   | _|  | |) |
   |_|   |___| |___/   |_|     |___/   |_|   /_/ \_\ |_|_\   |_|   |___| |___/ 

As admin i have be able to success delete building(as-admin-i-want-to-see-details-building-on-building-page;as-admin-i-have-be-able-to-success-delete-building)
--------------------------------------------------------------------------------
05:04:51.201 [main] DEBUG net.thucydides.core.steps.StepInterceptor - STARTING STEP: LoginSteps.onLoginPage - openPage
05:04:51.205 [main] INFO net.serenitybdd.core.webdriver.driverproviders.ChromeDriverProvider - Using automatically driver download
05:04:51.537 [main] DEBUG io.github.bonigarcia.wdm.cache.ResolutionCache - Resolution chrome=103 in cache (valid until 05:51:31 18/07/2022 ICT)
05:04:51.548 [main] DEBUG io.github.bonigarcia.wdm.cache.ResolutionCache - Resolution chrome103=103.0.5060.53 in cache (valid until 03:51:18 19/07/2022 ICT)
05:04:51.554 [main] INFO io.github.bonigarcia.wdm.WebDriverManager - Using chromedriver 103.0.5060.53 (resolved driver for Chrome 103)
05:04:51.585 [main] DEBUG io.github.bonigarcia.wdm.WebDriverManager - Driver chromedriver 103.0.5060.53 found in cache
05:04:51.587 [main] INFO io.github.bonigarcia.wdm.WebDriverManager - Exporting webdriver.chrome.driver as C:\Users\Admin\.cache\selenium\chromedriver\win32\103.0.5060.53\chromedriver.exe
05:04:51.908 [main] DEBUG net.serenitybdd.core.webdriver.driverproviders.ProvideNewDriver - Instantiating driver
05:04:51.908 [main] DEBUG net.serenitybdd.core.webdriver.driverproviders.ProvideNewDriver - Driver capabilities: Capabilities {acceptInsecureCerts: false, base.url: https://kanbo.netlify.app/, browserName: chrome, chrome.driver: src/test/resources/webdrive..., driver: chrome, goog:chromeOptions: {args: [], extensions: []}}
05:04:53.013 [AsyncHttpClient-1-4] DEBUG org.asynchttpclient.netty.channel.NettyConnectListener - Using new Channel '[id: 0x9dd16e92, L:/127.0.0.1:64833 - R:localhost/127.0.0.1:65147]' for 'POST' to '/session'
05:04:54.157 [AsyncHttpClient-1-4] DEBUG org.asynchttpclient.netty.handler.HttpHandler - 

Request DefaultHttpRequest(decodeResult: success, version: HTTP/1.1)
POST /session HTTP/1.1
User-Agent: selenium/4.1.2 (java windows)
Content-Length: 612
Content-Type: application/json; charset=utf-8
host: localhost:65147
accept: */*

Response DefaultHttpResponse(decodeResult: success, version: HTTP/1.1)
HTTP/1.1 200 OK
Content-Type: application/json; charset=utf-8
cache-control: no-cache
content-length: 788

05:04:54.157 [AsyncHttpClient-1-4] DEBUG org.asynchttpclient.netty.channel.ChannelManager - Adding key: http://localhost:65147 for channel [id: 0x9dd16e92, L:/127.0.0.1:64833 - R:localhost/127.0.0.1:65147]
05:04:54.173 [AsyncHttpClient-1-5] DEBUG org.asynchttpclient.netty.channel.NettyConnectListener - Using new Channel '[id: 0x04b58d44, L:/127.0.0.1:64841 - R:localhost/127.0.0.1:64835]' for 'GET' to '/json/version'
05:04:54.174 [AsyncHttpClient-1-5] DEBUG org.asynchttpclient.netty.handler.HttpHandler - 

Request DefaultFullHttpRequest(decodeResult: success, version: HTTP/1.1, content: EmptyByteBufBE)
GET /json/version HTTP/1.1
User-Agent: selenium/4.1.2 (java windows)
host: localhost:64835
accept: */*

Response DefaultHttpResponse(decodeResult: success, version: HTTP/1.1)
HTTP/1.1 200 OK
Content-Type: application/json; charset=UTF-8
content-length: 429

05:04:54.175 [AsyncHttpClient-1-5] DEBUG org.asynchttpclient.netty.channel.ChannelManager - Adding key: http://localhost:64835 for channel [id: 0x04b58d44, L:/127.0.0.1:64841 - R:localhost/127.0.0.1:64835]
05:04:54.179 [AsyncHttpClient-1-6] DEBUG org.asynchttpclient.netty.channel.NettyConnectListener - Using new Channel '[id: 0x6f7015a4, L:/127.0.0.1:64842 - R:localhost/127.0.0.1:64835]' for 'GET' to '/devtools/browser/e3aa0947-b508-440f-9708-68e9a3c58f5f'
05:04:54.182 [AsyncHttpClient-1-6] DEBUG org.asynchttpclient.netty.handler.WebSocketHandler - 

Request DefaultFullHttpRequest(decodeResult: success, version: HTTP/1.1, content: EmptyByteBufBE)
GET /devtools/browser/e3aa0947-b508-440f-9708-68e9a3c58f5f HTTP/1.1
upgrade: websocket
connection: upgrade
sec-websocket-key: pFCJDc7mXgWf9N0jhBoRLQ==
sec-websocket-version: 13
origin: http://localhost:64835
host: localhost:64835
accept: */*
user-agent: AHC/2.1

Response DefaultHttpResponse(decodeResult: success, version: HTTP/1.1)
HTTP/1.1 101 WebSocket Protocol Handshake
Upgrade: WebSocket
Connection: Upgrade
Sec-WebSocket-Accept: uhq0k+E5PR0F/FWKsCbQ3mcmycs=

05:04:54.188 [Forwarding setCurrentWindowSize on session c9083a9836ee4da4cd03d770dd973902 to remote] DEBUG org.asynchttpclient.netty.request.NettyRequestSender - Using pooled Channel '[id: 0x9dd16e92, L:/127.0.0.1:64833 - R:localhost/127.0.0.1:65147]' for 'POST' to 'http://localhost:65147/session/c9083a9836ee4da4cd03d770dd973902/window/rect'
05:04:54.188 [Forwarding setCurrentWindowSize on session c9083a9836ee4da4cd03d770dd973902 to remote] DEBUG org.asynchttpclient.netty.request.NettyRequestSender - Using open Channel [id: 0x9dd16e92, L:/127.0.0.1:64833 - R:localhost/127.0.0.1:65147] for POST '/session/c9083a9836ee4da4cd03d770dd973902/window/rect'
05:04:54.337 [AsyncHttpClient-1-1] DEBUG org.asynchttpclient.netty.channel.DefaultChannelPool - Entry count for : http://localhost:64835 : 1
05:04:54.376 [AsyncHttpClient-1-4] DEBUG org.asynchttpclient.netty.handler.HttpHandler - 

Request DefaultHttpRequest(decodeResult: success, version: HTTP/1.1)
POST /session/c9083a9836ee4da4cd03d770dd973902/window/rect HTTP/1.1
User-Agent: selenium/4.1.2 (java windows)
Content-Length: 37
Content-Type: application/json; charset=utf-8
host: localhost:65147
accept: */*

Response DefaultHttpResponse(decodeResult: success, version: HTTP/1.1)
HTTP/1.1 200 OK
Content-Type: application/json; charset=utf-8
cache-control: no-cache
content-length: 51

05:04:54.376 [AsyncHttpClient-1-4] DEBUG org.asynchttpclient.netty.channel.ChannelManager - Adding key: http://localhost:65147 for channel [id: 0x9dd16e92, L:/127.0.0.1:64833 - R:localhost/127.0.0.1:65147]
05:04:54.379 [Forwarding setWindowPosition on session c9083a9836ee4da4cd03d770dd973902 to remote] DEBUG org.asynchttpclient.netty.request.NettyRequestSender - Using pooled Channel '[id: 0x9dd16e92, L:/127.0.0.1:64833 - R:localhost/127.0.0.1:65147]' for 'POST' to 'http://localhost:65147/session/c9083a9836ee4da4cd03d770dd973902/window/rect'
05:04:54.379 [Forwarding setWindowPosition on session c9083a9836ee4da4cd03d770dd973902 to remote] DEBUG org.asynchttpclient.netty.request.NettyRequestSender - Using open Channel [id: 0x9dd16e92, L:/127.0.0.1:64833 - R:localhost/127.0.0.1:65147] for POST '/session/c9083a9836ee4da4cd03d770dd973902/window/rect'
05:04:54.496 [AsyncHttpClient-1-4] DEBUG org.asynchttpclient.netty.handler.HttpHandler - 

Request DefaultHttpRequest(decodeResult: success, version: HTTP/1.1)
POST /session/c9083a9836ee4da4cd03d770dd973902/window/rect HTTP/1.1
User-Agent: selenium/4.1.2 (java windows)
Content-Length: 22
Content-Type: application/json; charset=utf-8
host: localhost:65147
accept: */*

Response DefaultHttpResponse(decodeResult: success, version: HTTP/1.1)
HTTP/1.1 200 OK
Content-Type: application/json; charset=utf-8
cache-control: no-cache
content-length: 49

05:04:54.496 [AsyncHttpClient-1-4] DEBUG org.asynchttpclient.netty.channel.ChannelManager - Adding key: http://localhost:65147 for channel [id: 0x9dd16e92, L:/127.0.0.1:64833 - R:localhost/127.0.0.1:65147]
05:04:54.498 [Forwarding get on session c9083a9836ee4da4cd03d770dd973902 to remote] DEBUG org.asynchttpclient.netty.request.NettyRequestSender - Using pooled Channel '[id: 0x9dd16e92, L:/127.0.0.1:64833 - R:localhost/127.0.0.1:65147]' for 'POST' to 'http://localhost:65147/session/c9083a9836ee4da4cd03d770dd973902/url'
05:04:54.498 [Forwarding get on session c9083a9836ee4da4cd03d770dd973902 to remote] DEBUG org.asynchttpclient.netty.request.NettyRequestSender - Using open Channel [id: 0x9dd16e92, L:/127.0.0.1:64833 - R:localhost/127.0.0.1:65147] for POST '/session/c9083a9836ee4da4cd03d770dd973902/url'
05:04:55.443 [AsyncHttpClient-1-1] DEBUG org.asynchttpclient.netty.channel.DefaultChannelPool - Entry count for : http://localhost:64835 : 1
05:04:56.540 [AsyncHttpClient-1-1] DEBUG org.asynchttpclient.netty.channel.DefaultChannelPool - Entry count for : http://localhost:64835 : 1
05:04:57.635 [AsyncHttpClient-1-1] DEBUG org.asynchttpclient.netty.channel.DefaultChannelPool - Entry count for : http://localhost:64835 : 1
05:04:58.738 [AsyncHttpClient-1-1] DEBUG org.asynchttpclient.netty.channel.DefaultChannelPool - Entry count for : http://localhost:64835 : 1
05:04:58.823 [AsyncHttpClient-1-4] DEBUG org.asynchttpclient.netty.handler.HttpHandler - 

Request DefaultHttpRequest(decodeResult: success, version: HTTP/1.1)
POST /session/c9083a9836ee4da4cd03d770dd973902/url HTTP/1.1
User-Agent: selenium/4.1.2 (java windows)
Content-Length: 56
Content-Type: application/json; charset=utf-8
host: localhost:65147
accept: */*

Response DefaultHttpResponse(decodeResult: success, version: HTTP/1.1)
HTTP/1.1 200 OK
Content-Type: application/json; charset=utf-8
cache-control: no-cache
content-length: 14

05:04:58.823 [AsyncHttpClient-1-4] DEBUG org.asynchttpclient.netty.channel.ChannelManager - Adding key: http://localhost:65147 for channel [id: 0x9dd16e92, L:/127.0.0.1:64833 - R:localhost/127.0.0.1:65147]
05:04:58.825 [Forwarding setTimeout on session c9083a9836ee4da4cd03d770dd973902 to remote] DEBUG org.asynchttpclient.netty.request.NettyRequestSender - Using pooled Channel '[id: 0x9dd16e92, L:/127.0.0.1:64833 - R:localhost/127.0.0.1:65147]' for 'POST' to 'http://localhost:65147/session/c9083a9836ee4da4cd03d770dd973902/timeouts'
05:04:58.825 [Forwarding setTimeout on session c9083a9836ee4da4cd03d770dd973902 to remote] DEBUG org.asynchttpclient.netty.request.NettyRequestSender - Using open Channel [id: 0x9dd16e92, L:/127.0.0.1:64833 - R:localhost/127.0.0.1:65147] for POST '/session/c9083a9836ee4da4cd03d770dd973902/timeouts'
05:04:58.827 [AsyncHttpClient-1-4] DEBUG org.asynchttpclient.netty.handler.HttpHandler - 

Request DefaultHttpRequest(decodeResult: success, version: HTTP/1.1)
POST /session/c9083a9836ee4da4cd03d770dd973902/timeouts HTTP/1.1
User-Agent: selenium/4.1.2 (java windows)
Content-Length: 22
Content-Type: application/json; charset=utf-8
host: localhost:65147
accept: */*

Response DefaultHttpResponse(decodeResult: success, version: HTTP/1.1)
HTTP/1.1 200 OK
Content-Type: application/json; charset=utf-8
cache-control: no-cache
content-length: 14

05:04:58.827 [AsyncHttpClient-1-4] DEBUG org.asynchttpclient.netty.channel.ChannelManager - Adding key: http://localhost:65147 for channel [id: 0x9dd16e92, L:/127.0.0.1:64833 - R:localhost/127.0.0.1:65147]
05:04:58.836 [Forwarding getCurrentUrl on session c9083a9836ee4da4cd03d770dd973902 to remote] DEBUG org.asynchttpclient.netty.request.NettyRequestSender - Using pooled Channel '[id: 0x9dd16e92, L:/127.0.0.1:64833 - R:localhost/127.0.0.1:65147]' for 'GET' to 'http://localhost:65147/session/c9083a9836ee4da4cd03d770dd973902/url'
05:04:58.836 [Forwarding getCurrentUrl on session c9083a9836ee4da4cd03d770dd973902 to remote] DEBUG org.asynchttpclient.netty.request.NettyRequestSender - Using open Channel [id: 0x9dd16e92, L:/127.0.0.1:64833 - R:localhost/127.0.0.1:65147] for GET '/session/c9083a9836ee4da4cd03d770dd973902/url'
05:04:58.888 [AsyncHttpClient-1-4] DEBUG org.asynchttpclient.netty.handler.HttpHandler - 

Request DefaultFullHttpRequest(decodeResult: success, version: HTTP/1.1, content: EmptyByteBufBE)
GET /session/c9083a9836ee4da4cd03d770dd973902/url HTTP/1.1
User-Agent: selenium/4.1.2 (java windows)
Cache-Control: no-cache
Content-Type: application/json; charset=utf-8
host: localhost:65147
accept: */*

Response DefaultHttpResponse(decodeResult: success, version: HTTP/1.1)
HTTP/1.1 200 OK
Content-Type: application/json; charset=utf-8
cache-control: no-cache
content-length: 38

05:04:58.888 [AsyncHttpClient-1-4] DEBUG org.asynchttpclient.netty.channel.ChannelManager - Adding key: http://localhost:65147 for channel [id: 0x9dd16e92, L:/127.0.0.1:64833 - R:localhost/127.0.0.1:65147]
05:04:58.895 [Forwarding getCurrentUrl on session c9083a9836ee4da4cd03d770dd973902 to remote] DEBUG org.asynchttpclient.netty.request.NettyRequestSender - Using pooled Channel '[id: 0x9dd16e92, L:/127.0.0.1:64833 - R:localhost/127.0.0.1:65147]' for 'GET' to 'http://localhost:65147/session/c9083a9836ee4da4cd03d770dd973902/url'
05:04:58.895 [Forwarding getCurrentUrl on session c9083a9836ee4da4cd03d770dd973902 to remote] DEBUG org.asynchttpclient.netty.request.NettyRequestSender - Using open Channel [id: 0x9dd16e92, L:/127.0.0.1:64833 - R:localhost/127.0.0.1:65147] for GET '/session/c9083a9836ee4da4cd03d770dd973902/url'
05:04:58.904 [AsyncHttpClient-1-4] DEBUG org.asynchttpclient.netty.handler.HttpHandler - 

Request DefaultFullHttpRequest(decodeResult: success, version: HTTP/1.1, content: EmptyByteBufBE)
GET /session/c9083a9836ee4da4cd03d770dd973902/url HTTP/1.1
User-Agent: selenium/4.1.2 (java windows)
Cache-Control: no-cache
Content-Type: application/json; charset=utf-8
host: localhost:65147
accept: */*

Response DefaultHttpResponse(decodeResult: success, version: HTTP/1.1)
HTTP/1.1 200 OK
Content-Type: application/json; charset=utf-8
cache-control: no-cache
content-length: 38

05:04:58.904 [AsyncHttpClient-1-4] DEBUG org.asynchttpclient.netty.channel.ChannelManager - Adding key: http://localhost:65147 for channel [id: 0x9dd16e92, L:/127.0.0.1:64833 - R:localhost/127.0.0.1:65147]
05:04:58.917 [Forwarding screenshot on session c9083a9836ee4da4cd03d770dd973902 to remote] DEBUG org.asynchttpclient.netty.request.NettyRequestSender - Using pooled Channel '[id: 0x9dd16e92, L:/127.0.0.1:64833 - R:localhost/127.0.0.1:65147]' for 'GET' to 'http://localhost:65147/session/c9083a9836ee4da4cd03d770dd973902/screenshot'
05:04:58.917 [Forwarding screenshot on session c9083a9836ee4da4cd03d770dd973902 to remote] DEBUG org.asynchttpclient.netty.request.NettyRequestSender - Using open Channel [id: 0x9dd16e92, L:/127.0.0.1:64833 - R:localhost/127.0.0.1:65147] for GET '/session/c9083a9836ee4da4cd03d770dd973902/screenshot'
05:04:59.236 [AsyncHttpClient-1-4] DEBUG org.asynchttpclient.netty.handler.HttpHandler - 

Request DefaultFullHttpRequest(decodeResult: success, version: HTTP/1.1, content: EmptyByteBufBE)
GET /session/c9083a9836ee4da4cd03d770dd973902/screenshot HTTP/1.1
User-Agent: selenium/4.1.2 (java windows)
Cache-Control: no-cache
Content-Type: application/json; charset=utf-8
host: localhost:65147
accept: */*

Response DefaultHttpResponse(decodeResult: success, version: HTTP/1.1)
HTTP/1.1 200 OK
Content-Type: application/json; charset=utf-8
cache-control: no-cache
content-length: 28136

05:04:59.237 [AsyncHttpClient-1-4] DEBUG org.asynchttpclient.netty.channel.ChannelManager - Adding key: http://localhost:65147 for channel [id: 0x9dd16e92, L:/127.0.0.1:64833 - R:localhost/127.0.0.1:65147]
05:04:59.241 [main] DEBUG net.serenitybdd.core.photography.Darkroom - Send negative for processing for target\site\serenity\64f17e33dbbee17e66b575788f5007ad71175c12f06868b6460ce9218409ab1a.png
05:04:59.241 [main] DEBUG net.thucydides.core.steps.StepInterceptor - STEP DONE: openPage
05:04:59.242 [Darkroom Processing Line] DEBUG net.serenitybdd.core.photography.DarkroomProcessingLine - Processing screenshot image in /var/screenshots/screenshot-4759767822828628777
05:04:59.242 [Darkroom Processing Line] DEBUG net.serenitybdd.core.photography.DarkroomProcessingLine - Saving screenshot to target\site\serenity\64f17e33dbbee17e66b575788f5007ad71175c12f06868b6460ce9218409ab1a.png
05:04:59.259 [main] DEBUG net.thucydides.core.steps.StepInterceptor - STARTING STEP: LoginSteps.onLoginPage - validationOnloginPage
05:04:59.264 [Forwarding findElement on session c9083a9836ee4da4cd03d770dd973902 to remote] DEBUG org.asynchttpclient.netty.request.NettyRequestSender - Using pooled Channel '[id: 0x9dd16e92, L:/127.0.0.1:64833 - R:localhost/127.0.0.1:65147]' for 'POST' to 'http://localhost:65147/session/c9083a9836ee4da4cd03d770dd973902/element'
05:04:59.264 [Forwarding findElement on session c9083a9836ee4da4cd03d770dd973902 to remote] DEBUG org.asynchttpclient.netty.request.NettyRequestSender - Using open Channel [id: 0x9dd16e92, L:/127.0.0.1:64833 - R:localhost/127.0.0.1:65147] for POST '/session/c9083a9836ee4da4cd03d770dd973902/element'
05:04:59.298 [AsyncHttpClient-1-4] DEBUG org.asynchttpclient.netty.handler.HttpHandler - 

Request DefaultHttpRequest(decodeResult: success, version: HTTP/1.1)
POST /session/c9083a9836ee4da4cd03d770dd973902/element HTTP/1.1
User-Agent: selenium/4.1.2 (java windows)
Content-Length: 66
Content-Type: application/json; charset=utf-8
host: localhost:65147
accept: */*

Response DefaultHttpResponse(decodeResult: success, version: HTTP/1.1)
HTTP/1.1 200 OK
Content-Type: application/json; charset=utf-8
cache-control: no-cache
content-length: 88

05:04:59.298 [AsyncHttpClient-1-4] DEBUG org.asynchttpclient.netty.channel.ChannelManager - Adding key: http://localhost:65147 for channel [id: 0x9dd16e92, L:/127.0.0.1:64833 - R:localhost/127.0.0.1:65147]
05:04:59.308 [Forwarding isElementDisplayed on session c9083a9836ee4da4cd03d770dd973902 to remote] DEBUG org.asynchttpclient.netty.request.NettyRequestSender - Using pooled Channel '[id: 0x9dd16e92, L:/127.0.0.1:64833 - R:localhost/127.0.0.1:65147]' for 'POST' to 'http://localhost:65147/session/c9083a9836ee4da4cd03d770dd973902/execute/sync'
05:04:59.308 [Forwarding isElementDisplayed on session c9083a9836ee4da4cd03d770dd973902 to remote] DEBUG org.asynchttpclient.netty.request.NettyRequestSender - Using open Channel [id: 0x9dd16e92, L:/127.0.0.1:64833 - R:localhost/127.0.0.1:65147] for POST '/session/c9083a9836ee4da4cd03d770dd973902/execute/sync'
05:04:59.342 [AsyncHttpClient-1-4] DEBUG org.asynchttpclient.netty.handler.HttpHandler - 

Request DefaultHttpRequest(decodeResult: success, version: HTTP/1.1)
POST /session/c9083a9836ee4da4cd03d770dd973902/execute/sync HTTP/1.1
User-Agent: selenium/4.1.2 (java windows)
Content-Length: 48780
Content-Type: application/json; charset=utf-8
host: localhost:65147
accept: */*

Response DefaultHttpResponse(decodeResult: success, version: HTTP/1.1)
HTTP/1.1 200 OK
Content-Type: application/json; charset=utf-8
cache-control: no-cache
content-length: 14

05:04:59.342 [AsyncHttpClient-1-4] DEBUG org.asynchttpclient.netty.channel.ChannelManager - Adding key: http://localhost:65147 for channel [id: 0x9dd16e92, L:/127.0.0.1:64833 - R:localhost/127.0.0.1:65147]
05:04:59.353 [Forwarding screenshot on session c9083a9836ee4da4cd03d770dd973902 to remote] DEBUG org.asynchttpclient.netty.request.NettyRequestSender - Using pooled Channel '[id: 0x9dd16e92, L:/127.0.0.1:64833 - R:localhost/127.0.0.1:65147]' for 'GET' to 'http://localhost:65147/session/c9083a9836ee4da4cd03d770dd973902/screenshot'
05:04:59.353 [Forwarding screenshot on session c9083a9836ee4da4cd03d770dd973902 to remote] DEBUG org.asynchttpclient.netty.request.NettyRequestSender - Using open Channel [id: 0x9dd16e92, L:/127.0.0.1:64833 - R:localhost/127.0.0.1:65147] for GET '/session/c9083a9836ee4da4cd03d770dd973902/screenshot'
05:04:59.751 [AsyncHttpClient-1-4] DEBUG org.asynchttpclient.netty.handler.HttpHandler - 

Request DefaultFullHttpRequest(decodeResult: success, version: HTTP/1.1, content: EmptyByteBufBE)
GET /session/c9083a9836ee4da4cd03d770dd973902/screenshot HTTP/1.1
User-Agent: selenium/4.1.2 (java windows)
Cache-Control: no-cache
Content-Type: application/json; charset=utf-8
host: localhost:65147
accept: */*

Response DefaultHttpResponse(decodeResult: success, version: HTTP/1.1)
HTTP/1.1 200 OK
Content-Type: application/json; charset=utf-8
cache-control: no-cache
content-length: 226248

05:04:59.753 [AsyncHttpClient-1-4] DEBUG org.asynchttpclient.netty.channel.ChannelManager - Adding key: http://localhost:65147 for channel [id: 0x9dd16e92, L:/127.0.0.1:64833 - R:localhost/127.0.0.1:65147]
05:04:59.773 [main] DEBUG net.serenitybdd.core.photography.Darkroom - Send negative for processing for target\site\serenity\2a5d2923b4b494a1ff0aeab781315180ab4dee3f7e8111246690078773e5a5c9.png
05:04:59.773 [main] DEBUG net.thucydides.core.steps.StepInterceptor - STEP DONE: validationOnloginPage
  &amp#27;[32mGiven &amp#27;[0m&amp#27;[32mi am on the login page&amp#27;[0m                               &amp#27;[90m# starter.stepdefenitions.LoginSteps.onLoginPage()&amp#27;[0m
05:04:59.806 [main] DEBUG net.thucydides.core.steps.StepInterceptor - STARTING STEP: LoginSteps.inputValidEmail - inputEmail
05:04:59.813 [Forwarding findElement on session c9083a9836ee4da4cd03d770dd973902 to remote] DEBUG org.asynchttpclient.netty.request.NettyRequestSender - Using pooled Channel '[id: 0x9dd16e92, L:/127.0.0.1:64833 - R:localhost/127.0.0.1:65147]' for 'POST' to 'http://localhost:65147/session/c9083a9836ee4da4cd03d770dd973902/element'
05:04:59.813 [Forwarding findElement on session c9083a9836ee4da4cd03d770dd973902 to remote] DEBUG org.asynchttpclient.netty.request.NettyRequestSender - Using open Channel [id: 0x9dd16e92, L:/127.0.0.1:64833 - R:localhost/127.0.0.1:65147] for POST '/session/c9083a9836ee4da4cd03d770dd973902/element'
05:04:59.836 [AsyncHttpClient-1-1] DEBUG org.asynchttpclient.netty.channel.DefaultChannelPool - Entry count for : http://localhost:64835 : 1
05:04:59.841 [AsyncHttpClient-1-4] DEBUG org.asynchttpclient.netty.handler.HttpHandler - 

Request DefaultHttpRequest(decodeResult: success, version: HTTP/1.1)
POST /session/c9083a9836ee4da4cd03d770dd973902/element HTTP/1.1
User-Agent: selenium/4.1.2 (java windows)
Content-Length: 76
Content-Type: application/json; charset=utf-8
host: localhost:65147
accept: */*

Response DefaultHttpResponse(decodeResult: success, version: HTTP/1.1)
HTTP/1.1 200 OK
Content-Type: application/json; charset=utf-8
cache-control: no-cache
content-length: 88

05:04:59.841 [AsyncHttpClient-1-4] DEBUG org.asynchttpclient.netty.channel.ChannelManager - Adding key: http://localhost:65147 for channel [id: 0x9dd16e92, L:/127.0.0.1:64833 - R:localhost/127.0.0.1:65147]
05:04:59.843 [Forwarding clearElement on session c9083a9836ee4da4cd03d770dd973902 to remote] DEBUG org.asynchttpclient.netty.request.NettyRequestSender - Using pooled Channel '[id: 0x9dd16e92, L:/127.0.0.1:64833 - R:localhost/127.0.0.1:65147]' for 'POST' to 'http://localhost:65147/session/c9083a9836ee4da4cd03d770dd973902/element/afaa0e69-8bcc-4ec4-89b1-d39b95ac92f1/clear'
05:04:59.843 [Forwarding clearElement on session c9083a9836ee4da4cd03d770dd973902 to remote] DEBUG org.asynchttpclient.netty.request.NettyRequestSender - Using open Channel [id: 0x9dd16e92, L:/127.0.0.1:64833 - R:localhost/127.0.0.1:65147] for POST '/session/c9083a9836ee4da4cd03d770dd973902/element/afaa0e69-8bcc-4ec4-89b1-d39b95ac92f1/clear'
05:04:59.921 [AsyncHttpClient-1-4] DEBUG org.asynchttpclient.netty.handler.HttpHandler - 

Request DefaultHttpRequest(decodeResult: success, version: HTTP/1.1)
POST /session/c9083a9836ee4da4cd03d770dd973902/element/afaa0e69-8bcc-4ec4-89b1-d39b95ac92f1/clear HTTP/1.1
User-Agent: selenium/4.1.2 (java windows)
Content-Length: 50
Content-Type: application/json; charset=utf-8
host: localhost:65147
accept: */*

Response DefaultHttpResponse(decodeResult: success, version: HTTP/1.1)
HTTP/1.1 200 OK
Content-Type: application/json; charset=utf-8
cache-control: no-cache
content-length: 14

05:04:59.921 [AsyncHttpClient-1-4] DEBUG org.asynchttpclient.netty.channel.ChannelManager - Adding key: http://localhost:65147 for channel [id: 0x9dd16e92, L:/127.0.0.1:64833 - R:localhost/127.0.0.1:65147]
05:04:59.924 [Forwarding sendKeysToElement on session c9083a9836ee4da4cd03d770dd973902 to remote] DEBUG org.asynchttpclient.netty.request.NettyRequestSender - Using pooled Channel '[id: 0x9dd16e92, L:/127.0.0.1:64833 - R:localhost/127.0.0.1:65147]' for 'POST' to 'http://localhost:65147/session/c9083a9836ee4da4cd03d770dd973902/element/afaa0e69-8bcc-4ec4-89b1-d39b95ac92f1/value'
05:04:59.925 [Forwarding sendKeysToElement on session c9083a9836ee4da4cd03d770dd973902 to remote] DEBUG org.asynchttpclient.netty.request.NettyRequestSender - Using open Channel [id: 0x9dd16e92, L:/127.0.0.1:64833 - R:localhost/127.0.0.1:65147] for POST '/session/c9083a9836ee4da4cd03d770dd973902/element/afaa0e69-8bcc-4ec4-89b1-d39b95ac92f1/value'
05:05:00.157 [AsyncHttpClient-1-4] DEBUG org.asynchttpclient.netty.handler.HttpHandler - 

Request DefaultHttpRequest(decodeResult: success, version: HTTP/1.1)
POST /session/c9083a9836ee4da4cd03d770dd973902/element/afaa0e69-8bcc-4ec4-89b1-d39b95ac92f1/value HTTP/1.1
User-Agent: selenium/4.1.2 (java windows)
Content-Length: 261
Content-Type: application/json; charset=utf-8
host: localhost:65147
accept: */*

Response DefaultHttpResponse(decodeResult: success, version: HTTP/1.1)
HTTP/1.1 200 OK
Content-Type: application/json; charset=utf-8
cache-control: no-cache
content-length: 14

05:05:00.157 [AsyncHttpClient-1-4] DEBUG org.asynchttpclient.netty.channel.ChannelManager - Adding key: http://localhost:65147 for channel [id: 0x9dd16e92, L:/127.0.0.1:64833 - R:localhost/127.0.0.1:65147]
05:05:00.172 [Forwarding screenshot on session c9083a9836ee4da4cd03d770dd973902 to remote] DEBUG org.asynchttpclient.netty.request.NettyRequestSender - Using pooled Channel '[id: 0x9dd16e92, L:/127.0.0.1:64833 - R:localhost/127.0.0.1:65147]' for 'GET' to 'http://localhost:65147/session/c9083a9836ee4da4cd03d770dd973902/screenshot'
05:05:00.172 [Forwarding screenshot on session c9083a9836ee4da4cd03d770dd973902 to remote] DEBUG org.asynchttpclient.netty.request.NettyRequestSender - Using open Channel [id: 0x9dd16e92, L:/127.0.0.1:64833 - R:localhost/127.0.0.1:65147] for GET '/session/c9083a9836ee4da4cd03d770dd973902/screenshot'
05:05:00.534 [AsyncHttpClient-1-4] DEBUG org.asynchttpclient.netty.handler.HttpHandler - 

Request DefaultFullHttpRequest(decodeResult: success, version: HTTP/1.1, content: EmptyByteBufBE)
GET /session/c9083a9836ee4da4cd03d770dd973902/screenshot HTTP/1.1
User-Agent: selenium/4.1.2 (java windows)
Cache-Control: no-cache
Content-Type: application/json; charset=utf-8
host: localhost:65147
accept: */*

Response DefaultHttpResponse(decodeResult: success, version: HTTP/1.1)
HTTP/1.1 200 OK
Content-Type: application/json; charset=utf-8
cache-control: no-cache
content-length: 231396

05:05:00.536 [AsyncHttpClient-1-4] DEBUG org.asynchttpclient.netty.channel.ChannelManager - Adding key: http://localhost:65147 for channel [id: 0x9dd16e92, L:/127.0.0.1:64833 - R:localhost/127.0.0.1:65147]
05:05:00.556 [main] DEBUG net.serenitybdd.core.photography.Darkroom - Send negative for processing for target\site\serenity\b3868473e2b79f40f8dab620f33c839d85b92d940d318baf66bea1557b15d68d.png
05:05:00.556 [main] DEBUG net.thucydides.core.steps.StepInterceptor - STEP DONE: inputEmail
  &amp#27;[32mWhen &amp#27;[0m&amp#27;[32mi input valid email&amp#27;[0m                                   &amp#27;[90m# starter.stepdefenitions.LoginSteps.inputValidEmail()&amp#27;[0m
05:05:00.587 [main] DEBUG net.thucydides.core.steps.StepInterceptor - STARTING STEP: LoginSteps.inputValidPassword - showPass
05:05:00.593 [Forwarding findElement on session c9083a9836ee4da4cd03d770dd973902 to remote] DEBUG org.asynchttpclient.netty.request.NettyRequestSender - Using pooled Channel '[id: 0x9dd16e92, L:/127.0.0.1:64833 - R:localhost/127.0.0.1:65147]' for 'POST' to 'http://localhost:65147/session/c9083a9836ee4da4cd03d770dd973902/element'
05:05:00.593 [Forwarding findElement on session c9083a9836ee4da4cd03d770dd973902 to remote] DEBUG org.asynchttpclient.netty.request.NettyRequestSender - Using open Channel [id: 0x9dd16e92, L:/127.0.0.1:64833 - R:localhost/127.0.0.1:65147] for POST '/session/c9083a9836ee4da4cd03d770dd973902/element'
05:05:00.614 [AsyncHttpClient-1-4] DEBUG org.asynchttpclient.netty.handler.HttpHandler - 

Request DefaultHttpRequest(decodeResult: success, version: HTTP/1.1)
POST /session/c9083a9836ee4da4cd03d770dd973902/element HTTP/1.1
User-Agent: selenium/4.1.2 (java windows)
Content-Length: 95
Content-Type: application/json; charset=utf-8
host: localhost:65147
accept: */*

Response DefaultHttpResponse(decodeResult: success, version: HTTP/1.1)
HTTP/1.1 200 OK
Content-Type: application/json; charset=utf-8
cache-control: no-cache
content-length: 88

05:05:00.614 [AsyncHttpClient-1-4] DEBUG org.asynchttpclient.netty.channel.ChannelManager - Adding key: http://localhost:65147 for channel [id: 0x9dd16e92, L:/127.0.0.1:64833 - R:localhost/127.0.0.1:65147]
05:05:00.616 [Forwarding getElementTagName on session c9083a9836ee4da4cd03d770dd973902 to remote] DEBUG org.asynchttpclient.netty.request.NettyRequestSender - Using pooled Channel '[id: 0x9dd16e92, L:/127.0.0.1:64833 - R:localhost/127.0.0.1:65147]' for 'GET' to 'http://localhost:65147/session/c9083a9836ee4da4cd03d770dd973902/element/b6944871-f9be-4a5a-8756-725dd1f90e32/name'
05:05:00.616 [Forwarding getElementTagName on session c9083a9836ee4da4cd03d770dd973902 to remote] DEBUG org.asynchttpclient.netty.request.NettyRequestSender - Using open Channel [id: 0x9dd16e92, L:/127.0.0.1:64833 - R:localhost/127.0.0.1:65147] for GET '/session/c9083a9836ee4da4cd03d770dd973902/element/b6944871-f9be-4a5a-8756-725dd1f90e32/name'
05:05:00.633 [AsyncHttpClient-1-4] DEBUG org.asynchttpclient.netty.handler.HttpHandler - 

Request DefaultFullHttpRequest(decodeResult: success, version: HTTP/1.1, content: EmptyByteBufBE)
GET /session/c9083a9836ee4da4cd03d770dd973902/element/b6944871-f9be-4a5a-8756-725dd1f90e32/name HTTP/1.1
User-Agent: selenium/4.1.2 (java windows)
Cache-Control: no-cache
Content-Type: application/json; charset=utf-8
host: localhost:65147
accept: */*

Response DefaultHttpResponse(decodeResult: success, version: HTTP/1.1)
HTTP/1.1 200 OK
Content-Type: application/json; charset=utf-8
cache-control: no-cache
content-length: 16

05:05:00.633 [AsyncHttpClient-1-4] DEBUG org.asynchttpclient.netty.channel.ChannelManager - Adding key: http://localhost:65147 for channel [id: 0x9dd16e92, L:/127.0.0.1:64833 - R:localhost/127.0.0.1:65147]
05:05:00.635 [Forwarding getElementTagName on session c9083a9836ee4da4cd03d770dd973902 to remote] DEBUG org.asynchttpclient.netty.request.NettyRequestSender - Using pooled Channel '[id: 0x9dd16e92, L:/127.0.0.1:64833 - R:localhost/127.0.0.1:65147]' for 'GET' to 'http://localhost:65147/session/c9083a9836ee4da4cd03d770dd973902/element/b6944871-f9be-4a5a-8756-725dd1f90e32/name'
05:05:00.635 [Forwarding getElementTagName on session c9083a9836ee4da4cd03d770dd973902 to remote] DEBUG org.asynchttpclient.netty.request.NettyRequestSender - Using open Channel [id: 0x9dd16e92, L:/127.0.0.1:64833 - R:localhost/127.0.0.1:65147] for GET '/session/c9083a9836ee4da4cd03d770dd973902/element/b6944871-f9be-4a5a-8756-725dd1f90e32/name'
05:05:00.651 [AsyncHttpClient-1-4] DEBUG org.asynchttpclient.netty.handler.HttpHandler - 

Request DefaultFullHttpRequest(decodeResult: success, version: HTTP/1.1, content: EmptyByteBufBE)
GET /session/c9083a9836ee4da4cd03d770dd973902/element/b6944871-f9be-4a5a-8756-725dd1f90e32/name HTTP/1.1
User-Agent: selenium/4.1.2 (java windows)
Cache-Control: no-cache
Content-Type: application/json; charset=utf-8
host: localhost:65147
accept: */*

Response DefaultHttpResponse(decodeResult: success, version: HTTP/1.1)
HTTP/1.1 200 OK
Content-Type: application/json; charset=utf-8
cache-control: no-cache
content-length: 16

05:05:00.652 [AsyncHttpClient-1-4] DEBUG org.asynchttpclient.netty.channel.ChannelManager - Adding key: http://localhost:65147 for channel [id: 0x9dd16e92, L:/127.0.0.1:64833 - R:localhost/127.0.0.1:65147]
05:05:00.655 [Forwarding findElement on session c9083a9836ee4da4cd03d770dd973902 to remote] DEBUG org.asynchttpclient.netty.request.NettyRequestSender - Using pooled Channel '[id: 0x9dd16e92, L:/127.0.0.1:64833 - R:localhost/127.0.0.1:65147]' for 'POST' to 'http://localhost:65147/session/c9083a9836ee4da4cd03d770dd973902/element'
05:05:00.655 [Forwarding findElement on session c9083a9836ee4da4cd03d770dd973902 to remote] DEBUG org.asynchttpclient.netty.request.NettyRequestSender - Using open Channel [id: 0x9dd16e92, L:/127.0.0.1:64833 - R:localhost/127.0.0.1:65147] for POST '/session/c9083a9836ee4da4cd03d770dd973902/element'
05:05:00.696 [AsyncHttpClient-1-4] DEBUG org.asynchttpclient.netty.handler.HttpHandler - 

Request DefaultHttpRequest(decodeResult: success, version: HTTP/1.1)
POST /session/c9083a9836ee4da4cd03d770dd973902/element HTTP/1.1
User-Agent: selenium/4.1.2 (java windows)
Content-Length: 95
Content-Type: application/json; charset=utf-8
host: localhost:65147
accept: */*

Response DefaultHttpResponse(decodeResult: success, version: HTTP/1.1)
HTTP/1.1 200 OK
Content-Type: application/json; charset=utf-8
cache-control: no-cache
content-length: 88

05:05:00.696 [AsyncHttpClient-1-4] DEBUG org.asynchttpclient.netty.channel.ChannelManager - Adding key: http://localhost:65147 for channel [id: 0x9dd16e92, L:/127.0.0.1:64833 - R:localhost/127.0.0.1:65147]
05:05:00.698 [Forwarding clickElement on session c9083a9836ee4da4cd03d770dd973902 to remote] DEBUG org.asynchttpclient.netty.request.NettyRequestSender - Using pooled Channel '[id: 0x9dd16e92, L:/127.0.0.1:64833 - R:localhost/127.0.0.1:65147]' for 'POST' to 'http://localhost:65147/session/c9083a9836ee4da4cd03d770dd973902/element/b6944871-f9be-4a5a-8756-725dd1f90e32/click'
05:05:00.698 [Forwarding clickElement on session c9083a9836ee4da4cd03d770dd973902 to remote] DEBUG org.asynchttpclient.netty.request.NettyRequestSender - Using open Channel [id: 0x9dd16e92, L:/127.0.0.1:64833 - R:localhost/127.0.0.1:65147] for POST '/session/c9083a9836ee4da4cd03d770dd973902/element/b6944871-f9be-4a5a-8756-725dd1f90e32/click'
05:05:00.808 [AsyncHttpClient-1-4] DEBUG org.asynchttpclient.netty.handler.HttpHandler - 

Request DefaultHttpRequest(decodeResult: success, version: HTTP/1.1)
POST /session/c9083a9836ee4da4cd03d770dd973902/element/b6944871-f9be-4a5a-8756-725dd1f90e32/click HTTP/1.1
User-Agent: selenium/4.1.2 (java windows)
Content-Length: 50
Content-Type: application/json; charset=utf-8
host: localhost:65147
accept: */*

Response DefaultHttpResponse(decodeResult: success, version: HTTP/1.1)
HTTP/1.1 200 OK
Content-Type: application/json; charset=utf-8
cache-control: no-cache
content-length: 14

05:05:00.808 [AsyncHttpClient-1-4] DEBUG org.asynchttpclient.netty.channel.ChannelManager - Adding key: http://localhost:65147 for channel [id: 0x9dd16e92, L:/127.0.0.1:64833 - R:localhost/127.0.0.1:65147]
05:05:00.822 [Forwarding screenshot on session c9083a9836ee4da4cd03d770dd973902 to remote] DEBUG org.asynchttpclient.netty.request.NettyRequestSender - Using pooled Channel '[id: 0x9dd16e92, L:/127.0.0.1:64833 - R:localhost/127.0.0.1:65147]' for 'GET' to 'http://localhost:65147/session/c9083a9836ee4da4cd03d770dd973902/screenshot'
05:05:00.822 [Forwarding screenshot on session c9083a9836ee4da4cd03d770dd973902 to remote] DEBUG org.asynchttpclient.netty.request.NettyRequestSender - Using open Channel [id: 0x9dd16e92, L:/127.0.0.1:64833 - R:localhost/127.0.0.1:65147] for GET '/session/c9083a9836ee4da4cd03d770dd973902/screenshot'
05:05:00.933 [AsyncHttpClient-1-1] DEBUG org.asynchttpclient.netty.channel.DefaultChannelPool - Entry count for : http://localhost:64835 : 1
05:05:01.149 [AsyncHttpClient-1-4] DEBUG org.asynchttpclient.netty.handler.HttpHandler - 

Request DefaultFullHttpRequest(decodeResult: success, version: HTTP/1.1, content: EmptyByteBufBE)
GET /session/c9083a9836ee4da4cd03d770dd973902/screenshot HTTP/1.1
User-Agent: selenium/4.1.2 (java windows)
Cache-Control: no-cache
Content-Type: application/json; charset=utf-8
host: localhost:65147
accept: */*

Response DefaultHttpResponse(decodeResult: success, version: HTTP/1.1)
HTTP/1.1 200 OK
Content-Type: application/json; charset=utf-8
cache-control: no-cache
content-length: 230264

05:05:01.151 [AsyncHttpClient-1-4] DEBUG org.asynchttpclient.netty.channel.ChannelManager - Adding key: http://localhost:65147 for channel [id: 0x9dd16e92, L:/127.0.0.1:64833 - R:localhost/127.0.0.1:65147]
05:05:01.171 [main] DEBUG net.serenitybdd.core.photography.Darkroom - Send negative for processing for target\site\serenity\1f64d945581aa112a9e326d75a198002832c07176f6f857cd0bc505a1c243bb1.png
05:05:01.171 [main] DEBUG net.thucydides.core.steps.StepInterceptor - STEP DONE: showPass
05:05:01.183 [main] DEBUG net.thucydides.core.steps.StepInterceptor - STARTING STEP: LoginSteps.inputValidPassword - inputPassword
05:05:01.192 [Forwarding findElement on session c9083a9836ee4da4cd03d770dd973902 to remote] DEBUG org.asynchttpclient.netty.request.NettyRequestSender - Using pooled Channel '[id: 0x9dd16e92, L:/127.0.0.1:64833 - R:localhost/127.0.0.1:65147]' for 'POST' to 'http://localhost:65147/session/c9083a9836ee4da4cd03d770dd973902/element'
05:05:01.193 [Forwarding findElement on session c9083a9836ee4da4cd03d770dd973902 to remote] DEBUG org.asynchttpclient.netty.request.NettyRequestSender - Using open Channel [id: 0x9dd16e92, L:/127.0.0.1:64833 - R:localhost/127.0.0.1:65147] for POST '/session/c9083a9836ee4da4cd03d770dd973902/element'
05:05:01.217 [AsyncHttpClient-1-4] DEBUG org.asynchttpclient.netty.handler.HttpHandler - 

Request DefaultHttpRequest(decodeResult: success, version: HTTP/1.1)
POST /session/c9083a9836ee4da4cd03d770dd973902/element HTTP/1.1
User-Agent: selenium/4.1.2 (java windows)
Content-Length: 63
Content-Type: application/json; charset=utf-8
host: localhost:65147
accept: */*

Response DefaultHttpResponse(decodeResult: success, version: HTTP/1.1)
HTTP/1.1 200 OK
Content-Type: application/json; charset=utf-8
cache-control: no-cache
content-length: 88

05:05:01.217 [AsyncHttpClient-1-4] DEBUG org.asynchttpclient.netty.channel.ChannelManager - Adding key: http://localhost:65147 for channel [id: 0x9dd16e92, L:/127.0.0.1:64833 - R:localhost/127.0.0.1:65147]
05:05:01.219 [Forwarding clearElement on session c9083a9836ee4da4cd03d770dd973902 to remote] DEBUG org.asynchttpclient.netty.request.NettyRequestSender - Using pooled Channel '[id: 0x9dd16e92, L:/127.0.0.1:64833 - R:localhost/127.0.0.1:65147]' for 'POST' to 'http://localhost:65147/session/c9083a9836ee4da4cd03d770dd973902/element/a183ab66-4c3d-4ed2-bf57-3d51a3c7e5c4/clear'
05:05:01.219 [Forwarding clearElement on session c9083a9836ee4da4cd03d770dd973902 to remote] DEBUG org.asynchttpclient.netty.request.NettyRequestSender - Using open Channel [id: 0x9dd16e92, L:/127.0.0.1:64833 - R:localhost/127.0.0.1:65147] for POST '/session/c9083a9836ee4da4cd03d770dd973902/element/a183ab66-4c3d-4ed2-bf57-3d51a3c7e5c4/clear'
05:05:01.287 [AsyncHttpClient-1-4] DEBUG org.asynchttpclient.netty.handler.HttpHandler - 

Request DefaultHttpRequest(decodeResult: success, version: HTTP/1.1)
POST /session/c9083a9836ee4da4cd03d770dd973902/element/a183ab66-4c3d-4ed2-bf57-3d51a3c7e5c4/clear HTTP/1.1
User-Agent: selenium/4.1.2 (java windows)
Content-Length: 50
Content-Type: application/json; charset=utf-8
host: localhost:65147
accept: */*

Response DefaultHttpResponse(decodeResult: success, version: HTTP/1.1)
HTTP/1.1 200 OK
Content-Type: application/json; charset=utf-8
cache-control: no-cache
content-length: 14

05:05:01.288 [AsyncHttpClient-1-4] DEBUG org.asynchttpclient.netty.channel.ChannelManager - Adding key: http://localhost:65147 for channel [id: 0x9dd16e92, L:/127.0.0.1:64833 - R:localhost/127.0.0.1:65147]
05:05:01.291 [Forwarding sendKeysToElement on session c9083a9836ee4da4cd03d770dd973902 to remote] DEBUG org.asynchttpclient.netty.request.NettyRequestSender - Using pooled Channel '[id: 0x9dd16e92, L:/127.0.0.1:64833 - R:localhost/127.0.0.1:65147]' for 'POST' to 'http://localhost:65147/session/c9083a9836ee4da4cd03d770dd973902/element/a183ab66-4c3d-4ed2-bf57-3d51a3c7e5c4/value'
05:05:01.291 [Forwarding sendKeysToElement on session c9083a9836ee4da4cd03d770dd973902 to remote] DEBUG org.asynchttpclient.netty.request.NettyRequestSender - Using open Channel [id: 0x9dd16e92, L:/127.0.0.1:64833 - R:localhost/127.0.0.1:65147] for POST '/session/c9083a9836ee4da4cd03d770dd973902/element/a183ab66-4c3d-4ed2-bf57-3d51a3c7e5c4/value'
05:05:01.435 [AsyncHttpClient-1-4] DEBUG org.asynchttpclient.netty.handler.HttpHandler - 

Request DefaultHttpRequest(decodeResult: success, version: HTTP/1.1)
POST /session/c9083a9836ee4da4cd03d770dd973902/element/a183ab66-4c3d-4ed2-bf57-3d51a3c7e5c4/value HTTP/1.1
User-Agent: selenium/4.1.2 (java windows)
Content-Length: 181
Content-Type: application/json; charset=utf-8
host: localhost:65147
accept: */*

Response DefaultHttpResponse(decodeResult: success, version: HTTP/1.1)
HTTP/1.1 200 OK
Content-Type: application/json; charset=utf-8
cache-control: no-cache
content-length: 14

05:05:01.435 [AsyncHttpClient-1-4] DEBUG org.asynchttpclient.netty.channel.ChannelManager - Adding key: http://localhost:65147 for channel [id: 0x9dd16e92, L:/127.0.0.1:64833 - R:localhost/127.0.0.1:65147]
05:05:01.448 [Forwarding screenshot on session c9083a9836ee4da4cd03d770dd973902 to remote] DEBUG org.asynchttpclient.netty.request.NettyRequestSender - Using pooled Channel '[id: 0x9dd16e92, L:/127.0.0.1:64833 - R:localhost/127.0.0.1:65147]' for 'GET' to 'http://localhost:65147/session/c9083a9836ee4da4cd03d770dd973902/screenshot'
05:05:01.448 [Forwarding screenshot on session c9083a9836ee4da4cd03d770dd973902 to remote] DEBUG org.asynchttpclient.netty.request.NettyRequestSender - Using open Channel [id: 0x9dd16e92, L:/127.0.0.1:64833 - R:localhost/127.0.0.1:65147] for GET '/session/c9083a9836ee4da4cd03d770dd973902/screenshot'
05:05:01.789 [AsyncHttpClient-1-4] DEBUG org.asynchttpclient.netty.handler.HttpHandler - 

Request DefaultFullHttpRequest(decodeResult: success, version: HTTP/1.1, content: EmptyByteBufBE)
GET /session/c9083a9836ee4da4cd03d770dd973902/screenshot HTTP/1.1
User-Agent: selenium/4.1.2 (java windows)
Cache-Control: no-cache
Content-Type: application/json; charset=utf-8
host: localhost:65147
accept: */*

Response DefaultHttpResponse(decodeResult: success, version: HTTP/1.1)
HTTP/1.1 200 OK
Content-Type: application/json; charset=utf-8
cache-control: no-cache
content-length: 233392

05:05:01.791 [AsyncHttpClient-1-4] DEBUG org.asynchttpclient.netty.channel.ChannelManager - Adding key: http://localhost:65147 for channel [id: 0x9dd16e92, L:/127.0.0.1:64833 - R:localhost/127.0.0.1:65147]
05:05:01.812 [main] DEBUG net.serenitybdd.core.photography.Darkroom - Send negative for processing for target\site\serenity\3ece4fd11926f08c5bf85ce6af4bed34f7e08d6061a1a81642467700e67c8d73.png
05:05:01.812 [main] DEBUG net.thucydides.core.steps.StepInterceptor - STEP DONE: inputPassword
  &amp#27;[32mAnd &amp#27;[0m&amp#27;[32mi input valid password&amp#27;[0m                                 &amp#27;[90m# starter.stepdefenitions.LoginSteps.inputValidPassword()&amp#27;[0m
05:05:01.843 [main] DEBUG net.thucydides.core.steps.StepInterceptor - STARTING STEP: LoginSteps.clickLoginButton - clickLoginButton
05:05:01.849 [Forwarding findElement on session c9083a9836ee4da4cd03d770dd973902 to remote] DEBUG org.asynchttpclient.netty.request.NettyRequestSender - Using pooled Channel '[id: 0x9dd16e92, L:/127.0.0.1:64833 - R:localhost/127.0.0.1:65147]' for 'POST' to 'http://localhost:65147/session/c9083a9836ee4da4cd03d770dd973902/element'
05:05:01.849 [Forwarding findElement on session c9083a9836ee4da4cd03d770dd973902 to remote] DEBUG org.asynchttpclient.netty.request.NettyRequestSender - Using open Channel [id: 0x9dd16e92, L:/127.0.0.1:64833 - R:localhost/127.0.0.1:65147] for POST '/session/c9083a9836ee4da4cd03d770dd973902/element'
05:05:01.862 [AsyncHttpClient-1-4] DEBUG org.asynchttpclient.netty.handler.HttpHandler - 

Request DefaultHttpRequest(decodeResult: success, version: HTTP/1.1)
POST /session/c9083a9836ee4da4cd03d770dd973902/element HTTP/1.1
User-Agent: selenium/4.1.2 (java windows)
Content-Length: 66
Content-Type: application/json; charset=utf-8
host: localhost:65147
accept: */*

Response DefaultHttpResponse(decodeResult: success, version: HTTP/1.1)
HTTP/1.1 200 OK
Content-Type: application/json; charset=utf-8
cache-control: no-cache
content-length: 88

05:05:01.862 [AsyncHttpClient-1-4] DEBUG org.asynchttpclient.netty.channel.ChannelManager - Adding key: http://localhost:65147 for channel [id: 0x9dd16e92, L:/127.0.0.1:64833 - R:localhost/127.0.0.1:65147]
05:05:01.864 [Forwarding getElementTagName on session c9083a9836ee4da4cd03d770dd973902 to remote] DEBUG org.asynchttpclient.netty.request.NettyRequestSender - Using pooled Channel '[id: 0x9dd16e92, L:/127.0.0.1:64833 - R:localhost/127.0.0.1:65147]' for 'GET' to 'http://localhost:65147/session/c9083a9836ee4da4cd03d770dd973902/element/4dd390e2-61a2-41ce-98d1-de62cb97e41f/name'
05:05:01.864 [Forwarding getElementTagName on session c9083a9836ee4da4cd03d770dd973902 to remote] DEBUG org.asynchttpclient.netty.request.NettyRequestSender - Using open Channel [id: 0x9dd16e92, L:/127.0.0.1:64833 - R:localhost/127.0.0.1:65147] for GET '/session/c9083a9836ee4da4cd03d770dd973902/element/4dd390e2-61a2-41ce-98d1-de62cb97e41f/name'
05:05:01.872 [AsyncHttpClient-1-4] DEBUG org.asynchttpclient.netty.handler.HttpHandler - 

Request DefaultFullHttpRequest(decodeResult: success, version: HTTP/1.1, content: EmptyByteBufBE)
GET /session/c9083a9836ee4da4cd03d770dd973902/element/4dd390e2-61a2-41ce-98d1-de62cb97e41f/name HTTP/1.1
User-Agent: selenium/4.1.2 (java windows)
Cache-Control: no-cache
Content-Type: application/json; charset=utf-8
host: localhost:65147
accept: */*

Response DefaultHttpResponse(decodeResult: success, version: HTTP/1.1)
HTTP/1.1 200 OK
Content-Type: application/json; charset=utf-8
cache-control: no-cache
content-length: 18

05:05:01.872 [AsyncHttpClient-1-4] DEBUG org.asynchttpclient.netty.channel.ChannelManager - Adding key: http://localhost:65147 for channel [id: 0x9dd16e92, L:/127.0.0.1:64833 - R:localhost/127.0.0.1:65147]
05:05:01.874 [Forwarding getElementTagName on session c9083a9836ee4da4cd03d770dd973902 to remote] DEBUG org.asynchttpclient.netty.request.NettyRequestSender - Using pooled Channel '[id: 0x9dd16e92, L:/127.0.0.1:64833 - R:localhost/127.0.0.1:65147]' for 'GET' to 'http://localhost:65147/session/c9083a9836ee4da4cd03d770dd973902/element/4dd390e2-61a2-41ce-98d1-de62cb97e41f/name'
05:05:01.874 [Forwarding getElementTagName on session c9083a9836ee4da4cd03d770dd973902 to remote] DEBUG org.asynchttpclient.netty.request.NettyRequestSender - Using open Channel [id: 0x9dd16e92, L:/127.0.0.1:64833 - R:localhost/127.0.0.1:65147] for GET '/session/c9083a9836ee4da4cd03d770dd973902/element/4dd390e2-61a2-41ce-98d1-de62cb97e41f/name'
05:05:01.879 [AsyncHttpClient-1-4] DEBUG org.asynchttpclient.netty.handler.HttpHandler - 

Request DefaultFullHttpRequest(decodeResult: success, version: HTTP/1.1, content: EmptyByteBufBE)
GET /session/c9083a9836ee4da4cd03d770dd973902/element/4dd390e2-61a2-41ce-98d1-de62cb97e41f/name HTTP/1.1
User-Agent: selenium/4.1.2 (java windows)
Cache-Control: no-cache
Content-Type: application/json; charset=utf-8
host: localhost:65147
accept: */*

Response DefaultHttpResponse(decodeResult: success, version: HTTP/1.1)
HTTP/1.1 200 OK
Content-Type: application/json; charset=utf-8
cache-control: no-cache
content-length: 18

05:05:01.879 [AsyncHttpClient-1-4] DEBUG org.asynchttpclient.netty.channel.ChannelManager - Adding key: http://localhost:65147 for channel [id: 0x9dd16e92, L:/127.0.0.1:64833 - R:localhost/127.0.0.1:65147]
05:05:01.882 [Forwarding isElementEnabled on session c9083a9836ee4da4cd03d770dd973902 to remote] DEBUG org.asynchttpclient.netty.request.NettyRequestSender - Using pooled Channel '[id: 0x9dd16e92, L:/127.0.0.1:64833 - R:localhost/127.0.0.1:65147]' for 'GET' to 'http://localhost:65147/session/c9083a9836ee4da4cd03d770dd973902/element/4dd390e2-61a2-41ce-98d1-de62cb97e41f/enabled'
05:05:01.882 [Forwarding isElementEnabled on session c9083a9836ee4da4cd03d770dd973902 to remote] DEBUG org.asynchttpclient.netty.request.NettyRequestSender - Using open Channel [id: 0x9dd16e92, L:/127.0.0.1:64833 - R:localhost/127.0.0.1:65147] for GET '/session/c9083a9836ee4da4cd03d770dd973902/element/4dd390e2-61a2-41ce-98d1-de62cb97e41f/enabled'
05:05:01.897 [AsyncHttpClient-1-4] DEBUG org.asynchttpclient.netty.handler.HttpHandler - 

Request DefaultFullHttpRequest(decodeResult: success, version: HTTP/1.1, content: EmptyByteBufBE)
GET /session/c9083a9836ee4da4cd03d770dd973902/element/4dd390e2-61a2-41ce-98d1-de62cb97e41f/enabled HTTP/1.1
User-Agent: selenium/4.1.2 (java windows)
Cache-Control: no-cache
Content-Type: application/json; charset=utf-8
host: localhost:65147
accept: */*

Response DefaultHttpResponse(decodeResult: success, version: HTTP/1.1)
HTTP/1.1 200 OK
Content-Type: application/json; charset=utf-8
cache-control: no-cache
content-length: 14

05:05:01.897 [AsyncHttpClient-1-4] DEBUG org.asynchttpclient.netty.channel.ChannelManager - Adding key: http://localhost:65147 for channel [id: 0x9dd16e92, L:/127.0.0.1:64833 - R:localhost/127.0.0.1:65147]
05:05:01.898 [Forwarding isElementEnabled on session c9083a9836ee4da4cd03d770dd973902 to remote] DEBUG org.asynchttpclient.netty.request.NettyRequestSender - Using pooled Channel '[id: 0x9dd16e92, L:/127.0.0.1:64833 - R:localhost/127.0.0.1:65147]' for 'GET' to 'http://localhost:65147/session/c9083a9836ee4da4cd03d770dd973902/element/4dd390e2-61a2-41ce-98d1-de62cb97e41f/enabled'
05:05:01.898 [Forwarding isElementEnabled on session c9083a9836ee4da4cd03d770dd973902 to remote] DEBUG org.asynchttpclient.netty.request.NettyRequestSender - Using open Channel [id: 0x9dd16e92, L:/127.0.0.1:64833 - R:localhost/127.0.0.1:65147] for GET '/session/c9083a9836ee4da4cd03d770dd973902/element/4dd390e2-61a2-41ce-98d1-de62cb97e41f/enabled'
05:05:01.909 [AsyncHttpClient-1-4] DEBUG org.asynchttpclient.netty.handler.HttpHandler - 

Request DefaultFullHttpRequest(decodeResult: success, version: HTTP/1.1, content: EmptyByteBufBE)
GET /session/c9083a9836ee4da4cd03d770dd973902/element/4dd390e2-61a2-41ce-98d1-de62cb97e41f/enabled HTTP/1.1
User-Agent: selenium/4.1.2 (java windows)
Cache-Control: no-cache
Content-Type: application/json; charset=utf-8
host: localhost:65147
accept: */*

Response DefaultHttpResponse(decodeResult: success, version: HTTP/1.1)
HTTP/1.1 200 OK
Content-Type: application/json; charset=utf-8
cache-control: no-cache
content-length: 14

05:05:01.909 [AsyncHttpClient-1-4] DEBUG org.asynchttpclient.netty.channel.ChannelManager - Adding key: http://localhost:65147 for channel [id: 0x9dd16e92, L:/127.0.0.1:64833 - R:localhost/127.0.0.1:65147]
05:05:01.912 [Forwarding findElement on session c9083a9836ee4da4cd03d770dd973902 to remote] DEBUG org.asynchttpclient.netty.request.NettyRequestSender - Using pooled Channel '[id: 0x9dd16e92, L:/127.0.0.1:64833 - R:localhost/127.0.0.1:65147]' for 'POST' to 'http://localhost:65147/session/c9083a9836ee4da4cd03d770dd973902/element'
05:05:01.912 [Forwarding findElement on session c9083a9836ee4da4cd03d770dd973902 to remote] DEBUG org.asynchttpclient.netty.request.NettyRequestSender - Using open Channel [id: 0x9dd16e92, L:/127.0.0.1:64833 - R:localhost/127.0.0.1:65147] for POST '/session/c9083a9836ee4da4cd03d770dd973902/element'
05:05:01.924 [AsyncHttpClient-1-4] DEBUG org.asynchttpclient.netty.handler.HttpHandler - 

Request DefaultHttpRequest(decodeResult: success, version: HTTP/1.1)
POST /session/c9083a9836ee4da4cd03d770dd973902/element HTTP/1.1
User-Agent: selenium/4.1.2 (java windows)
Content-Length: 66
Content-Type: application/json; charset=utf-8
host: localhost:65147
accept: */*

Response DefaultHttpResponse(decodeResult: success, version: HTTP/1.1)
HTTP/1.1 200 OK
Content-Type: application/json; charset=utf-8
cache-control: no-cache
content-length: 88

05:05:01.924 [AsyncHttpClient-1-4] DEBUG org.asynchttpclient.netty.channel.ChannelManager - Adding key: http://localhost:65147 for channel [id: 0x9dd16e92, L:/127.0.0.1:64833 - R:localhost/127.0.0.1:65147]
05:05:01.926 [Forwarding clickElement on session c9083a9836ee4da4cd03d770dd973902 to remote] DEBUG org.asynchttpclient.netty.request.NettyRequestSender - Using pooled Channel '[id: 0x9dd16e92, L:/127.0.0.1:64833 - R:localhost/127.0.0.1:65147]' for 'POST' to 'http://localhost:65147/session/c9083a9836ee4da4cd03d770dd973902/element/4dd390e2-61a2-41ce-98d1-de62cb97e41f/click'
05:05:01.926 [Forwarding clickElement on session c9083a9836ee4da4cd03d770dd973902 to remote] DEBUG org.asynchttpclient.netty.request.NettyRequestSender - Using open Channel [id: 0x9dd16e92, L:/127.0.0.1:64833 - R:localhost/127.0.0.1:65147] for POST '/session/c9083a9836ee4da4cd03d770dd973902/element/4dd390e2-61a2-41ce-98d1-de62cb97e41f/click'
05:05:02.008 [AsyncHttpClient-1-4] DEBUG org.asynchttpclient.netty.handler.HttpHandler - 

Request DefaultHttpRequest(decodeResult: success, version: HTTP/1.1)
POST /session/c9083a9836ee4da4cd03d770dd973902/element/4dd390e2-61a2-41ce-98d1-de62cb97e41f/click HTTP/1.1
User-Agent: selenium/4.1.2 (java windows)
Content-Length: 50
Content-Type: application/json; charset=utf-8
host: localhost:65147
accept: */*

Response DefaultHttpResponse(decodeResult: success, version: HTTP/1.1)
HTTP/1.1 200 OK
Content-Type: application/json; charset=utf-8
cache-control: no-cache
content-length: 14

05:05:02.009 [AsyncHttpClient-1-4] DEBUG org.asynchttpclient.netty.channel.ChannelManager - Adding key: http://localhost:65147 for channel [id: 0x9dd16e92, L:/127.0.0.1:64833 - R:localhost/127.0.0.1:65147]
05:05:02.022 [Forwarding screenshot on session c9083a9836ee4da4cd03d770dd973902 to remote] DEBUG org.asynchttpclient.netty.request.NettyRequestSender - Using pooled Channel '[id: 0x9dd16e92, L:/127.0.0.1:64833 - R:localhost/127.0.0.1:65147]' for 'GET' to 'http://localhost:65147/session/c9083a9836ee4da4cd03d770dd973902/screenshot'
05:05:02.022 [Forwarding screenshot on session c9083a9836ee4da4cd03d770dd973902 to remote] DEBUG org.asynchttpclient.netty.request.NettyRequestSender - Using open Channel [id: 0x9dd16e92, L:/127.0.0.1:64833 - R:localhost/127.0.0.1:65147] for GET '/session/c9083a9836ee4da4cd03d770dd973902/screenshot'
05:05:02.033 [AsyncHttpClient-1-1] DEBUG org.asynchttpclient.netty.channel.DefaultChannelPool - Entry count for : http://localhost:64835 : 1
05:05:02.349 [AsyncHttpClient-1-4] DEBUG org.asynchttpclient.netty.handler.HttpHandler - 

Request DefaultFullHttpRequest(decodeResult: success, version: HTTP/1.1, content: EmptyByteBufBE)
GET /session/c9083a9836ee4da4cd03d770dd973902/screenshot HTTP/1.1
User-Agent: selenium/4.1.2 (java windows)
Cache-Control: no-cache
Content-Type: application/json; charset=utf-8
host: localhost:65147
accept: */*

Response DefaultHttpResponse(decodeResult: success, version: HTTP/1.1)
HTTP/1.1 200 OK
Content-Type: application/json; charset=utf-8
cache-control: no-cache
content-length: 231088

05:05:02.350 [AsyncHttpClient-1-4] DEBUG org.asynchttpclient.netty.channel.ChannelManager - Adding key: http://localhost:65147 for channel [id: 0x9dd16e92, L:/127.0.0.1:64833 - R:localhost/127.0.0.1:65147]
05:05:02.371 [main] DEBUG net.serenitybdd.core.photography.Darkroom - Send negative for processing for target\site\serenity\ad4eac8545d86ff1f21e5ed20dc4809932140e15ead7bd40df09fe1eec8267a9.png
05:05:02.371 [main] DEBUG net.thucydides.core.steps.StepInterceptor - STEP DONE: clickLoginButton
  &amp#27;[32mAnd &amp#27;[0m&amp#27;[32mi click login button&amp#27;[0m                                   &amp#27;[90m# starter.stepdefenitions.LoginSteps.clickLoginButton()&amp#27;[0m
05:05:02.411 [main] DEBUG net.thucydides.core.steps.StepInterceptor - STARTING STEP: LoginSteps.successLogin - validationDialog
05:05:02.415 [Forwarding findElement on session c9083a9836ee4da4cd03d770dd973902 to remote] DEBUG org.asynchttpclient.netty.request.NettyRequestSender - Using pooled Channel '[id: 0x9dd16e92, L:/127.0.0.1:64833 - R:localhost/127.0.0.1:65147]' for 'POST' to 'http://localhost:65147/session/c9083a9836ee4da4cd03d770dd973902/element'
05:05:02.415 [Forwarding findElement on session c9083a9836ee4da4cd03d770dd973902 to remote] DEBUG org.asynchttpclient.netty.request.NettyRequestSender - Using open Channel [id: 0x9dd16e92, L:/127.0.0.1:64833 - R:localhost/127.0.0.1:65147] for POST '/session/c9083a9836ee4da4cd03d770dd973902/element'
05:05:02.885 [AsyncHttpClient-1-4] DEBUG org.asynchttpclient.netty.handler.HttpHandler - 

Request DefaultHttpRequest(decodeResult: success, version: HTTP/1.1)
POST /session/c9083a9836ee4da4cd03d770dd973902/element HTTP/1.1
User-Agent: selenium/4.1.2 (java windows)
Content-Length: 68
Content-Type: application/json; charset=utf-8
host: localhost:65147
accept: */*

Response DefaultHttpResponse(decodeResult: success, version: HTTP/1.1)
HTTP/1.1 200 OK
Content-Type: application/json; charset=utf-8
cache-control: no-cache
content-length: 88

05:05:02.885 [AsyncHttpClient-1-4] DEBUG org.asynchttpclient.netty.channel.ChannelManager - Adding key: http://localhost:65147 for channel [id: 0x9dd16e92, L:/127.0.0.1:64833 - R:localhost/127.0.0.1:65147]
05:05:02.892 [Forwarding isElementDisplayed on session c9083a9836ee4da4cd03d770dd973902 to remote] DEBUG org.asynchttpclient.netty.request.NettyRequestSender - Using pooled Channel '[id: 0x9dd16e92, L:/127.0.0.1:64833 - R:localhost/127.0.0.1:65147]' for 'POST' to 'http://localhost:65147/session/c9083a9836ee4da4cd03d770dd973902/execute/sync'
05:05:02.892 [Forwarding isElementDisplayed on session c9083a9836ee4da4cd03d770dd973902 to remote] DEBUG org.asynchttpclient.netty.request.NettyRequestSender - Using open Channel [id: 0x9dd16e92, L:/127.0.0.1:64833 - R:localhost/127.0.0.1:65147] for POST '/session/c9083a9836ee4da4cd03d770dd973902/execute/sync'
05:05:02.941 [AsyncHttpClient-1-4] DEBUG org.asynchttpclient.netty.handler.HttpHandler - 

Request DefaultHttpRequest(decodeResult: success, version: HTTP/1.1)
POST /session/c9083a9836ee4da4cd03d770dd973902/execute/sync HTTP/1.1
User-Agent: selenium/4.1.2 (java windows)
Content-Length: 48780
Content-Type: application/json; charset=utf-8
host: localhost:65147
accept: */*

Response DefaultHttpResponse(decodeResult: success, version: HTTP/1.1)
HTTP/1.1 200 OK
Content-Type: application/json; charset=utf-8
cache-control: no-cache
content-length: 14

05:05:02.941 [AsyncHttpClient-1-4] DEBUG org.asynchttpclient.netty.channel.ChannelManager - Adding key: http://localhost:65147 for channel [id: 0x9dd16e92, L:/127.0.0.1:64833 - R:localhost/127.0.0.1:65147]
05:05:02.952 [Forwarding screenshot on session c9083a9836ee4da4cd03d770dd973902 to remote] DEBUG org.asynchttpclient.netty.request.NettyRequestSender - Using pooled Channel '[id: 0x9dd16e92, L:/127.0.0.1:64833 - R:localhost/127.0.0.1:65147]' for 'GET' to 'http://localhost:65147/session/c9083a9836ee4da4cd03d770dd973902/screenshot'
05:05:02.952 [Forwarding screenshot on session c9083a9836ee4da4cd03d770dd973902 to remote] DEBUG org.asynchttpclient.netty.request.NettyRequestSender - Using open Channel [id: 0x9dd16e92, L:/127.0.0.1:64833 - R:localhost/127.0.0.1:65147] for GET '/session/c9083a9836ee4da4cd03d770dd973902/screenshot'
05:05:03.138 [AsyncHttpClient-1-1] DEBUG org.asynchttpclient.netty.channel.DefaultChannelPool - Entry count for : http://localhost:64835 : 1
05:05:03.276 [AsyncHttpClient-1-4] DEBUG org.asynchttpclient.netty.handler.HttpHandler - 

Request DefaultFullHttpRequest(decodeResult: success, version: HTTP/1.1, content: EmptyByteBufBE)
GET /session/c9083a9836ee4da4cd03d770dd973902/screenshot HTTP/1.1
User-Agent: selenium/4.1.2 (java windows)
Cache-Control: no-cache
Content-Type: application/json; charset=utf-8
host: localhost:65147
accept: */*

Response DefaultHttpResponse(decodeResult: success, version: HTTP/1.1)
HTTP/1.1 200 OK
Content-Type: application/json; charset=utf-8
cache-control: no-cache
content-length: 127096

05:05:03.277 [AsyncHttpClient-1-4] DEBUG org.asynchttpclient.netty.channel.ChannelManager - Adding key: http://localhost:65147 for channel [id: 0x9dd16e92, L:/127.0.0.1:64833 - R:localhost/127.0.0.1:65147]
05:05:03.289 [main] DEBUG net.serenitybdd.core.photography.Darkroom - Send negative for processing for target\site\serenity\b3b8110c04d2ba366091b650a311ffabb13a11b844f580330f71ed2eb46cb34d.png
05:05:03.289 [main] DEBUG net.thucydides.core.steps.StepInterceptor - STEP DONE: validationDialog
05:05:03.289 [Darkroom Processing Line] DEBUG net.serenitybdd.core.photography.DarkroomProcessingLine - Processing screenshot image in /var/screenshots/screenshot-5719649192672404497
05:05:03.290 [Darkroom Processing Line] DEBUG net.serenitybdd.core.photography.DarkroomProcessingLine - Saving screenshot to target\site\serenity\b3b8110c04d2ba366091b650a311ffabb13a11b844f580330f71ed2eb46cb34d.png
05:05:03.304 [main] DEBUG net.thucydides.core.steps.StepInterceptor - STARTING STEP: LoginSteps.successLogin - clickSuccessButton
05:05:03.311 [Forwarding findElement on session c9083a9836ee4da4cd03d770dd973902 to remote] DEBUG org.asynchttpclient.netty.request.NettyRequestSender - Using pooled Channel '[id: 0x9dd16e92, L:/127.0.0.1:64833 - R:localhost/127.0.0.1:65147]' for 'POST' to 'http://localhost:65147/session/c9083a9836ee4da4cd03d770dd973902/element'
05:05:03.311 [Forwarding findElement on session c9083a9836ee4da4cd03d770dd973902 to remote] DEBUG org.asynchttpclient.netty.request.NettyRequestSender - Using open Channel [id: 0x9dd16e92, L:/127.0.0.1:64833 - R:localhost/127.0.0.1:65147] for POST '/session/c9083a9836ee4da4cd03d770dd973902/element'
05:05:03.337 [AsyncHttpClient-1-4] DEBUG org.asynchttpclient.netty.handler.HttpHandler - 

Request DefaultHttpRequest(decodeResult: success, version: HTTP/1.1)
POST /session/c9083a9836ee4da4cd03d770dd973902/element HTTP/1.1
User-Agent: selenium/4.1.2 (java windows)
Content-Length: 68
Content-Type: application/json; charset=utf-8
host: localhost:65147
accept: */*

Response DefaultHttpResponse(decodeResult: success, version: HTTP/1.1)
HTTP/1.1 200 OK
Content-Type: application/json; charset=utf-8
cache-control: no-cache
content-length: 88

05:05:03.337 [AsyncHttpClient-1-4] DEBUG org.asynchttpclient.netty.channel.ChannelManager - Adding key: http://localhost:65147 for channel [id: 0x9dd16e92, L:/127.0.0.1:64833 - R:localhost/127.0.0.1:65147]
05:05:03.339 [Forwarding getElementTagName on session c9083a9836ee4da4cd03d770dd973902 to remote] DEBUG org.asynchttpclient.netty.request.NettyRequestSender - Using pooled Channel '[id: 0x9dd16e92, L:/127.0.0.1:64833 - R:localhost/127.0.0.1:65147]' for 'GET' to 'http://localhost:65147/session/c9083a9836ee4da4cd03d770dd973902/element/28f5d1e5-2e10-4a76-ac30-9393ab076b4f/name'
05:05:03.339 [Forwarding getElementTagName on session c9083a9836ee4da4cd03d770dd973902 to remote] DEBUG org.asynchttpclient.netty.request.NettyRequestSender - Using open Channel [id: 0x9dd16e92, L:/127.0.0.1:64833 - R:localhost/127.0.0.1:65147] for GET '/session/c9083a9836ee4da4cd03d770dd973902/element/28f5d1e5-2e10-4a76-ac30-9393ab076b4f/name'
05:05:03.347 [AsyncHttpClient-1-4] DEBUG org.asynchttpclient.netty.handler.HttpHandler - 

Request DefaultFullHttpRequest(decodeResult: success, version: HTTP/1.1, content: EmptyByteBufBE)
GET /session/c9083a9836ee4da4cd03d770dd973902/element/28f5d1e5-2e10-4a76-ac30-9393ab076b4f/name HTTP/1.1
User-Agent: selenium/4.1.2 (java windows)
Cache-Control: no-cache
Content-Type: application/json; charset=utf-8
host: localhost:65147
accept: */*

Response DefaultHttpResponse(decodeResult: success, version: HTTP/1.1)
HTTP/1.1 200 OK
Content-Type: application/json; charset=utf-8
cache-control: no-cache
content-length: 18

05:05:03.347 [AsyncHttpClient-1-4] DEBUG org.asynchttpclient.netty.channel.ChannelManager - Adding key: http://localhost:65147 for channel [id: 0x9dd16e92, L:/127.0.0.1:64833 - R:localhost/127.0.0.1:65147]
05:05:03.349 [Forwarding getElementTagName on session c9083a9836ee4da4cd03d770dd973902 to remote] DEBUG org.asynchttpclient.netty.request.NettyRequestSender - Using pooled Channel '[id: 0x9dd16e92, L:/127.0.0.1:64833 - R:localhost/127.0.0.1:65147]' for 'GET' to 'http://localhost:65147/session/c9083a9836ee4da4cd03d770dd973902/element/28f5d1e5-2e10-4a76-ac30-9393ab076b4f/name'
05:05:03.349 [Forwarding getElementTagName on session c9083a9836ee4da4cd03d770dd973902 to remote] DEBUG org.asynchttpclient.netty.request.NettyRequestSender - Using open Channel [id: 0x9dd16e92, L:/127.0.0.1:64833 - R:localhost/127.0.0.1:65147] for GET '/session/c9083a9836ee4da4cd03d770dd973902/element/28f5d1e5-2e10-4a76-ac30-9393ab076b4f/name'
05:05:03.355 [AsyncHttpClient-1-4] DEBUG org.asynchttpclient.netty.handler.HttpHandler - 

Request DefaultFullHttpRequest(decodeResult: success, version: HTTP/1.1, content: EmptyByteBufBE)
GET /session/c9083a9836ee4da4cd03d770dd973902/element/28f5d1e5-2e10-4a76-ac30-9393ab076b4f/name HTTP/1.1
User-Agent: selenium/4.1.2 (java windows)
Cache-Control: no-cache
Content-Type: application/json; charset=utf-8
host: localhost:65147
accept: */*

Response DefaultHttpResponse(decodeResult: success, version: HTTP/1.1)
HTTP/1.1 200 OK
Content-Type: application/json; charset=utf-8
cache-control: no-cache
content-length: 18

05:05:03.355 [AsyncHttpClient-1-4] DEBUG org.asynchttpclient.netty.channel.ChannelManager - Adding key: http://localhost:65147 for channel [id: 0x9dd16e92, L:/127.0.0.1:64833 - R:localhost/127.0.0.1:65147]
05:05:03.360 [Forwarding isElementEnabled on session c9083a9836ee4da4cd03d770dd973902 to remote] DEBUG org.asynchttpclient.netty.request.NettyRequestSender - Using pooled Channel '[id: 0x9dd16e92, L:/127.0.0.1:64833 - R:localhost/127.0.0.1:65147]' for 'GET' to 'http://localhost:65147/session/c9083a9836ee4da4cd03d770dd973902/element/28f5d1e5-2e10-4a76-ac30-9393ab076b4f/enabled'
05:05:03.360 [Forwarding isElementEnabled on session c9083a9836ee4da4cd03d770dd973902 to remote] DEBUG org.asynchttpclient.netty.request.NettyRequestSender - Using open Channel [id: 0x9dd16e92, L:/127.0.0.1:64833 - R:localhost/127.0.0.1:65147] for GET '/session/c9083a9836ee4da4cd03d770dd973902/element/28f5d1e5-2e10-4a76-ac30-9393ab076b4f/enabled'
05:05:03.376 [AsyncHttpClient-1-4] DEBUG org.asynchttpclient.netty.handler.HttpHandler - 

Request DefaultFullHttpRequest(decodeResult: success, version: HTTP/1.1, content: EmptyByteBufBE)
GET /session/c9083a9836ee4da4cd03d770dd973902/element/28f5d1e5-2e10-4a76-ac30-9393ab076b4f/enabled HTTP/1.1
User-Agent: selenium/4.1.2 (java windows)
Cache-Control: no-cache
Content-Type: application/json; charset=utf-8
host: localhost:65147
accept: */*

Response DefaultHttpResponse(decodeResult: success, version: HTTP/1.1)
HTTP/1.1 200 OK
Content-Type: application/json; charset=utf-8
cache-control: no-cache
content-length: 14

05:05:03.377 [AsyncHttpClient-1-4] DEBUG org.asynchttpclient.netty.channel.ChannelManager - Adding key: http://localhost:65147 for channel [id: 0x9dd16e92, L:/127.0.0.1:64833 - R:localhost/127.0.0.1:65147]
05:05:03.378 [Forwarding isElementEnabled on session c9083a9836ee4da4cd03d770dd973902 to remote] DEBUG org.asynchttpclient.netty.request.NettyRequestSender - Using pooled Channel '[id: 0x9dd16e92, L:/127.0.0.1:64833 - R:localhost/127.0.0.1:65147]' for 'GET' to 'http://localhost:65147/session/c9083a9836ee4da4cd03d770dd973902/element/28f5d1e5-2e10-4a76-ac30-9393ab076b4f/enabled'
05:05:03.379 [Forwarding isElementEnabled on session c9083a9836ee4da4cd03d770dd973902 to remote] DEBUG org.asynchttpclient.netty.request.NettyRequestSender - Using open Channel [id: 0x9dd16e92, L:/127.0.0.1:64833 - R:localhost/127.0.0.1:65147] for GET '/session/c9083a9836ee4da4cd03d770dd973902/element/28f5d1e5-2e10-4a76-ac30-9393ab076b4f/enabled'
05:05:03.390 [AsyncHttpClient-1-4] DEBUG org.asynchttpclient.netty.handler.HttpHandler - 

Request DefaultFullHttpRequest(decodeResult: success, version: HTTP/1.1, content: EmptyByteBufBE)
GET /session/c9083a9836ee4da4cd03d770dd973902/element/28f5d1e5-2e10-4a76-ac30-9393ab076b4f/enabled HTTP/1.1
User-Agent: selenium/4.1.2 (java windows)
Cache-Control: no-cache
Content-Type: application/json; charset=utf-8
host: localhost:65147
accept: */*

Response DefaultHttpResponse(decodeResult: success, version: HTTP/1.1)
HTTP/1.1 200 OK
Content-Type: application/json; charset=utf-8
cache-control: no-cache
content-length: 14

05:05:03.390 [AsyncHttpClient-1-4] DEBUG org.asynchttpclient.netty.channel.ChannelManager - Adding key: http://localhost:65147 for channel [id: 0x9dd16e92, L:/127.0.0.1:64833 - R:localhost/127.0.0.1:65147]
05:05:03.393 [Forwarding findElement on session c9083a9836ee4da4cd03d770dd973902 to remote] DEBUG org.asynchttpclient.netty.request.NettyRequestSender - Using pooled Channel '[id: 0x9dd16e92, L:/127.0.0.1:64833 - R:localhost/127.0.0.1:65147]' for 'POST' to 'http://localhost:65147/session/c9083a9836ee4da4cd03d770dd973902/element'
05:05:03.393 [Forwarding findElement on session c9083a9836ee4da4cd03d770dd973902 to remote] DEBUG org.asynchttpclient.netty.request.NettyRequestSender - Using open Channel [id: 0x9dd16e92, L:/127.0.0.1:64833 - R:localhost/127.0.0.1:65147] for POST '/session/c9083a9836ee4da4cd03d770dd973902/element'
05:05:03.407 [AsyncHttpClient-1-4] DEBUG org.asynchttpclient.netty.handler.HttpHandler - 

Request DefaultHttpRequest(decodeResult: success, version: HTTP/1.1)
POST /session/c9083a9836ee4da4cd03d770dd973902/element HTTP/1.1
User-Agent: selenium/4.1.2 (java windows)
Content-Length: 68
Content-Type: application/json; charset=utf-8
host: localhost:65147
accept: */*

Response DefaultHttpResponse(decodeResult: success, version: HTTP/1.1)
HTTP/1.1 200 OK
Content-Type: application/json; charset=utf-8
cache-control: no-cache
content-length: 88

05:05:03.408 [AsyncHttpClient-1-4] DEBUG org.asynchttpclient.netty.channel.ChannelManager - Adding key: http://localhost:65147 for channel [id: 0x9dd16e92, L:/127.0.0.1:64833 - R:localhost/127.0.0.1:65147]
05:05:03.409 [Forwarding clickElement on session c9083a9836ee4da4cd03d770dd973902 to remote] DEBUG org.asynchttpclient.netty.request.NettyRequestSender - Using pooled Channel '[id: 0x9dd16e92, L:/127.0.0.1:64833 - R:localhost/127.0.0.1:65147]' for 'POST' to 'http://localhost:65147/session/c9083a9836ee4da4cd03d770dd973902/element/28f5d1e5-2e10-4a76-ac30-9393ab076b4f/click'
05:05:03.409 [Forwarding clickElement on session c9083a9836ee4da4cd03d770dd973902 to remote] DEBUG org.asynchttpclient.netty.request.NettyRequestSender - Using open Channel [id: 0x9dd16e92, L:/127.0.0.1:64833 - R:localhost/127.0.0.1:65147] for POST '/session/c9083a9836ee4da4cd03d770dd973902/element/28f5d1e5-2e10-4a76-ac30-9393ab076b4f/click'
05:05:03.490 [AsyncHttpClient-1-4] DEBUG org.asynchttpclient.netty.handler.HttpHandler - 

Request DefaultHttpRequest(decodeResult: success, version: HTTP/1.1)
POST /session/c9083a9836ee4da4cd03d770dd973902/element/28f5d1e5-2e10-4a76-ac30-9393ab076b4f/click HTTP/1.1
User-Agent: selenium/4.1.2 (java windows)
Content-Length: 50
Content-Type: application/json; charset=utf-8
host: localhost:65147
accept: */*

Response DefaultHttpResponse(decodeResult: success, version: HTTP/1.1)
HTTP/1.1 200 OK
Content-Type: application/json; charset=utf-8
cache-control: no-cache
content-length: 14

05:05:03.491 [AsyncHttpClient-1-4] DEBUG org.asynchttpclient.netty.channel.ChannelManager - Adding key: http://localhost:65147 for channel [id: 0x9dd16e92, L:/127.0.0.1:64833 - R:localhost/127.0.0.1:65147]
05:05:03.506 [Forwarding screenshot on session c9083a9836ee4da4cd03d770dd973902 to remote] DEBUG org.asynchttpclient.netty.request.NettyRequestSender - Using pooled Channel '[id: 0x9dd16e92, L:/127.0.0.1:64833 - R:localhost/127.0.0.1:65147]' for 'GET' to 'http://localhost:65147/session/c9083a9836ee4da4cd03d770dd973902/screenshot'
05:05:03.506 [Forwarding screenshot on session c9083a9836ee4da4cd03d770dd973902 to remote] DEBUG org.asynchttpclient.netty.request.NettyRequestSender - Using open Channel [id: 0x9dd16e92, L:/127.0.0.1:64833 - R:localhost/127.0.0.1:65147] for GET '/session/c9083a9836ee4da4cd03d770dd973902/screenshot'
05:05:03.840 [AsyncHttpClient-1-4] DEBUG org.asynchttpclient.netty.handler.HttpHandler - 

Request DefaultFullHttpRequest(decodeResult: success, version: HTTP/1.1, content: EmptyByteBufBE)
GET /session/c9083a9836ee4da4cd03d770dd973902/screenshot HTTP/1.1
User-Agent: selenium/4.1.2 (java windows)
Cache-Control: no-cache
Content-Type: application/json; charset=utf-8
host: localhost:65147
accept: */*

Response DefaultHttpResponse(decodeResult: success, version: HTTP/1.1)
HTTP/1.1 200 OK
Content-Type: application/json; charset=utf-8
cache-control: no-cache
content-length: 128452

05:05:03.841 [AsyncHttpClient-1-4] DEBUG org.asynchttpclient.netty.channel.ChannelManager - Adding key: http://localhost:65147 for channel [id: 0x9dd16e92, L:/127.0.0.1:64833 - R:localhost/127.0.0.1:65147]
05:05:03.854 [main] DEBUG net.serenitybdd.core.photography.Darkroom - Send negative for processing for target\site\serenity\c97c5d663cfa84d7bd927608dd1e52bae516e453faaf45c416f3eba0b9f8448c.png
05:05:03.855 [main] DEBUG net.thucydides.core.steps.StepInterceptor - STEP DONE: clickSuccessButton
  &amp#27;[32mThen &amp#27;[0m&amp#27;[32mi success login&amp#27;[0m                                       &amp#27;[90m# starter.stepdefenitions.LoginSteps.successLogin()&amp#27;[0m
05:05:03.857 [Darkroom Processing Line] DEBUG net.serenitybdd.core.photography.DarkroomProcessingLine - Processing screenshot image in /var/screenshots/screenshot-5823922902170316761
05:05:03.857 [Darkroom Processing Line] DEBUG net.serenitybdd.core.photography.DarkroomProcessingLine - Saving screenshot to target\site\serenity\c97c5d663cfa84d7bd927608dd1e52bae516e453faaf45c416f3eba0b9f8448c.png
05:05:03.911 [Forwarding screenshot on session c9083a9836ee4da4cd03d770dd973902 to remote] DEBUG org.asynchttpclient.netty.request.NettyRequestSender - Using pooled Channel '[id: 0x9dd16e92, L:/127.0.0.1:64833 - R:localhost/127.0.0.1:65147]' for 'GET' to 'http://localhost:65147/session/c9083a9836ee4da4cd03d770dd973902/screenshot'
05:05:03.911 [Forwarding screenshot on session c9083a9836ee4da4cd03d770dd973902 to remote] DEBUG org.asynchttpclient.netty.request.NettyRequestSender - Using open Channel [id: 0x9dd16e92, L:/127.0.0.1:64833 - R:localhost/127.0.0.1:65147] for GET '/session/c9083a9836ee4da4cd03d770dd973902/screenshot'
05:05:04.197 [AsyncHttpClient-1-4] DEBUG org.asynchttpclient.netty.handler.HttpHandler - 

Request DefaultFullHttpRequest(decodeResult: success, version: HTTP/1.1, content: EmptyByteBufBE)
GET /session/c9083a9836ee4da4cd03d770dd973902/screenshot HTTP/1.1
User-Agent: selenium/4.1.2 (java windows)
Cache-Control: no-cache
Content-Type: application/json; charset=utf-8
host: localhost:65147
accept: */*

Response DefaultHttpResponse(decodeResult: success, version: HTTP/1.1)
HTTP/1.1 200 OK
Content-Type: application/json; charset=utf-8
cache-control: no-cache
content-length: 130568

05:05:04.197 [AsyncHttpClient-1-4] DEBUG org.asynchttpclient.netty.channel.ChannelManager - Adding key: http://localhost:65147 for channel [id: 0x9dd16e92, L:/127.0.0.1:64833 - R:localhost/127.0.0.1:65147]
05:05:04.210 [main] DEBUG net.serenitybdd.core.photography.Darkroom - Send negative for processing for target\site\serenity\c43161e3c16acaf0e6b497b48b40547c2086c23c8a4e9095f224016a9d5972dc.png
05:05:04.210 [main] DEBUG net.thucydides.core.steps.StepInterceptor - STARTING STEP: ComplexSteps.adminOnTheHomePage - validationOnHomepage
05:05:04.215 [Forwarding findElement on session c9083a9836ee4da4cd03d770dd973902 to remote] DEBUG org.asynchttpclient.netty.request.NettyRequestSender - Using pooled Channel '[id: 0x9dd16e92, L:/127.0.0.1:64833 - R:localhost/127.0.0.1:65147]' for 'POST' to 'http://localhost:65147/session/c9083a9836ee4da4cd03d770dd973902/element'
05:05:04.215 [Forwarding findElement on session c9083a9836ee4da4cd03d770dd973902 to remote] DEBUG org.asynchttpclient.netty.request.NettyRequestSender - Using open Channel [id: 0x9dd16e92, L:/127.0.0.1:64833 - R:localhost/127.0.0.1:65147] for POST '/session/c9083a9836ee4da4cd03d770dd973902/element'
05:05:04.236 [AsyncHttpClient-1-1] DEBUG org.asynchttpclient.netty.channel.DefaultChannelPool - Entry count for : http://localhost:64835 : 1
05:05:04.240 [AsyncHttpClient-1-4] DEBUG org.asynchttpclient.netty.handler.HttpHandler - 

Request DefaultHttpRequest(decodeResult: success, version: HTTP/1.1)
POST /session/c9083a9836ee4da4cd03d770dd973902/element HTTP/1.1
User-Agent: selenium/4.1.2 (java windows)
Content-Length: 70
Content-Type: application/json; charset=utf-8
host: localhost:65147
accept: */*

Response DefaultHttpResponse(decodeResult: success, version: HTTP/1.1)
HTTP/1.1 200 OK
Content-Type: application/json; charset=utf-8
cache-control: no-cache
content-length: 88

05:05:04.241 [AsyncHttpClient-1-4] DEBUG org.asynchttpclient.netty.channel.ChannelManager - Adding key: http://localhost:65147 for channel [id: 0x9dd16e92, L:/127.0.0.1:64833 - R:localhost/127.0.0.1:65147]
05:05:04.247 [Forwarding isElementDisplayed on session c9083a9836ee4da4cd03d770dd973902 to remote] DEBUG org.asynchttpclient.netty.request.NettyRequestSender - Using pooled Channel '[id: 0x9dd16e92, L:/127.0.0.1:64833 - R:localhost/127.0.0.1:65147]' for 'POST' to 'http://localhost:65147/session/c9083a9836ee4da4cd03d770dd973902/execute/sync'
05:05:04.247 [Forwarding isElementDisplayed on session c9083a9836ee4da4cd03d770dd973902 to remote] DEBUG org.asynchttpclient.netty.request.NettyRequestSender - Using open Channel [id: 0x9dd16e92, L:/127.0.0.1:64833 - R:localhost/127.0.0.1:65147] for POST '/session/c9083a9836ee4da4cd03d770dd973902/execute/sync'
05:05:04.269 [AsyncHttpClient-1-4] DEBUG org.asynchttpclient.netty.handler.HttpHandler - 

Request DefaultHttpRequest(decodeResult: success, version: HTTP/1.1)
POST /session/c9083a9836ee4da4cd03d770dd973902/execute/sync HTTP/1.1
User-Agent: selenium/4.1.2 (java windows)
Content-Length: 48780
Content-Type: application/json; charset=utf-8
host: localhost:65147
accept: */*

Response DefaultHttpResponse(decodeResult: success, version: HTTP/1.1)
HTTP/1.1 200 OK
Content-Type: application/json; charset=utf-8
cache-control: no-cache
content-length: 14

05:05:04.269 [AsyncHttpClient-1-4] DEBUG org.asynchttpclient.netty.channel.ChannelManager - Adding key: http://localhost:65147 for channel [id: 0x9dd16e92, L:/127.0.0.1:64833 - R:localhost/127.0.0.1:65147]
05:05:04.280 [Forwarding screenshot on session c9083a9836ee4da4cd03d770dd973902 to remote] DEBUG org.asynchttpclient.netty.request.NettyRequestSender - Using pooled Channel '[id: 0x9dd16e92, L:/127.0.0.1:64833 - R:localhost/127.0.0.1:65147]' for 'GET' to 'http://localhost:65147/session/c9083a9836ee4da4cd03d770dd973902/screenshot'
05:05:04.280 [Forwarding screenshot on session c9083a9836ee4da4cd03d770dd973902 to remote] DEBUG org.asynchttpclient.netty.request.NettyRequestSender - Using open Channel [id: 0x9dd16e92, L:/127.0.0.1:64833 - R:localhost/127.0.0.1:65147] for GET '/session/c9083a9836ee4da4cd03d770dd973902/screenshot'
05:05:04.573 [AsyncHttpClient-1-4] DEBUG org.asynchttpclient.netty.handler.HttpHandler - 

Request DefaultFullHttpRequest(decodeResult: success, version: HTTP/1.1, content: EmptyByteBufBE)
GET /session/c9083a9836ee4da4cd03d770dd973902/screenshot HTTP/1.1
User-Agent: selenium/4.1.2 (java windows)
Cache-Control: no-cache
Content-Type: application/json; charset=utf-8
host: localhost:65147
accept: */*

Response DefaultHttpResponse(decodeResult: success, version: HTTP/1.1)
HTTP/1.1 200 OK
Content-Type: application/json; charset=utf-8
cache-control: no-cache
content-length: 130568

05:05:04.574 [AsyncHttpClient-1-4] DEBUG org.asynchttpclient.netty.channel.ChannelManager - Adding key: http://localhost:65147 for channel [id: 0x9dd16e92, L:/127.0.0.1:64833 - R:localhost/127.0.0.1:65147]
05:05:04.587 [main] DEBUG net.serenitybdd.core.photography.Darkroom - Send negative for processing for target\site\serenity\c43161e3c16acaf0e6b497b48b40547c2086c23c8a4e9095f224016a9d5972dc.png
05:05:04.587 [main] DEBUG net.thucydides.core.steps.StepInterceptor - STEP DONE: validationOnHomepage
  &amp#27;[32mGiven &amp#27;[0m&amp#27;[32madmin on the home page&amp#27;[0m                               &amp#27;[90m# starter.stepdefenitions.ComplexSteps.adminOnTheHomePage()&amp#27;[0m
05:05:04.642 [Forwarding screenshot on session c9083a9836ee4da4cd03d770dd973902 to remote] DEBUG org.asynchttpclient.netty.request.NettyRequestSender - Using pooled Channel '[id: 0x9dd16e92, L:/127.0.0.1:64833 - R:localhost/127.0.0.1:65147]' for 'GET' to 'http://localhost:65147/session/c9083a9836ee4da4cd03d770dd973902/screenshot'
05:05:04.642 [Forwarding screenshot on session c9083a9836ee4da4cd03d770dd973902 to remote] DEBUG org.asynchttpclient.netty.request.NettyRequestSender - Using open Channel [id: 0x9dd16e92, L:/127.0.0.1:64833 - R:localhost/127.0.0.1:65147] for GET '/session/c9083a9836ee4da4cd03d770dd973902/screenshot'
05:05:04.936 [AsyncHttpClient-1-4] DEBUG org.asynchttpclient.netty.handler.HttpHandler - 

Request DefaultFullHttpRequest(decodeResult: success, version: HTTP/1.1, content: EmptyByteBufBE)
GET /session/c9083a9836ee4da4cd03d770dd973902/screenshot HTTP/1.1
User-Agent: selenium/4.1.2 (java windows)
Cache-Control: no-cache
Content-Type: application/json; charset=utf-8
host: localhost:65147
accept: */*

Response DefaultHttpResponse(decodeResult: success, version: HTTP/1.1)
HTTP/1.1 200 OK
Content-Type: application/json; charset=utf-8
cache-control: no-cache
content-length: 130568

05:05:04.937 [AsyncHttpClient-1-4] DEBUG org.asynchttpclient.netty.channel.ChannelManager - Adding key: http://localhost:65147 for channel [id: 0x9dd16e92, L:/127.0.0.1:64833 - R:localhost/127.0.0.1:65147]
05:05:04.949 [main] DEBUG net.serenitybdd.core.photography.Darkroom - Send negative for processing for target\site\serenity\c43161e3c16acaf0e6b497b48b40547c2086c23c8a4e9095f224016a9d5972dc.png
05:05:04.950 [main] DEBUG net.thucydides.core.steps.StepInterceptor - STARTING STEP: BuildingSteps.iClickBuildingOnHomePage - toBuildingPage
05:05:04.959 [Forwarding findElement on session c9083a9836ee4da4cd03d770dd973902 to remote] DEBUG org.asynchttpclient.netty.request.NettyRequestSender - Using pooled Channel '[id: 0x9dd16e92, L:/127.0.0.1:64833 - R:localhost/127.0.0.1:65147]' for 'POST' to 'http://localhost:65147/session/c9083a9836ee4da4cd03d770dd973902/element'
05:05:04.959 [Forwarding findElement on session c9083a9836ee4da4cd03d770dd973902 to remote] DEBUG org.asynchttpclient.netty.request.NettyRequestSender - Using open Channel [id: 0x9dd16e92, L:/127.0.0.1:64833 - R:localhost/127.0.0.1:65147] for POST '/session/c9083a9836ee4da4cd03d770dd973902/element'
05:05:04.983 [AsyncHttpClient-1-4] DEBUG org.asynchttpclient.netty.handler.HttpHandler - 

Request DefaultHttpRequest(decodeResult: success, version: HTTP/1.1)
POST /session/c9083a9836ee4da4cd03d770dd973902/element HTTP/1.1
User-Agent: selenium/4.1.2 (java windows)
Content-Length: 74
Content-Type: application/json; charset=utf-8
host: localhost:65147
accept: */*

Response DefaultHttpResponse(decodeResult: success, version: HTTP/1.1)
HTTP/1.1 200 OK
Content-Type: application/json; charset=utf-8
cache-control: no-cache
content-length: 88

05:05:04.983 [AsyncHttpClient-1-4] DEBUG org.asynchttpclient.netty.channel.ChannelManager - Adding key: http://localhost:65147 for channel [id: 0x9dd16e92, L:/127.0.0.1:64833 - R:localhost/127.0.0.1:65147]
05:05:04.984 [Forwarding getElementTagName on session c9083a9836ee4da4cd03d770dd973902 to remote] DEBUG org.asynchttpclient.netty.request.NettyRequestSender - Using pooled Channel '[id: 0x9dd16e92, L:/127.0.0.1:64833 - R:localhost/127.0.0.1:65147]' for 'GET' to 'http://localhost:65147/session/c9083a9836ee4da4cd03d770dd973902/element/dbe58d75-486e-4492-88f1-59f3b05c1af1/name'
05:05:04.985 [Forwarding getElementTagName on session c9083a9836ee4da4cd03d770dd973902 to remote] DEBUG org.asynchttpclient.netty.request.NettyRequestSender - Using open Channel [id: 0x9dd16e92, L:/127.0.0.1:64833 - R:localhost/127.0.0.1:65147] for GET '/session/c9083a9836ee4da4cd03d770dd973902/element/dbe58d75-486e-4492-88f1-59f3b05c1af1/name'
05:05:04.997 [AsyncHttpClient-1-4] DEBUG org.asynchttpclient.netty.handler.HttpHandler - 

Request DefaultFullHttpRequest(decodeResult: success, version: HTTP/1.1, content: EmptyByteBufBE)
GET /session/c9083a9836ee4da4cd03d770dd973902/element/dbe58d75-486e-4492-88f1-59f3b05c1af1/name HTTP/1.1
User-Agent: selenium/4.1.2 (java windows)
Cache-Control: no-cache
Content-Type: application/json; charset=utf-8
host: localhost:65147
accept: */*

Response DefaultHttpResponse(decodeResult: success, version: HTTP/1.1)
HTTP/1.1 200 OK
Content-Type: application/json; charset=utf-8
cache-control: no-cache
content-length: 13

05:05:04.997 [AsyncHttpClient-1-4] DEBUG org.asynchttpclient.netty.channel.ChannelManager - Adding key: http://localhost:65147 for channel [id: 0x9dd16e92, L:/127.0.0.1:64833 - R:localhost/127.0.0.1:65147]
05:05:04.999 [Forwarding getElementTagName on session c9083a9836ee4da4cd03d770dd973902 to remote] DEBUG org.asynchttpclient.netty.request.NettyRequestSender - Using pooled Channel '[id: 0x9dd16e92, L:/127.0.0.1:64833 - R:localhost/127.0.0.1:65147]' for 'GET' to 'http://localhost:65147/session/c9083a9836ee4da4cd03d770dd973902/element/dbe58d75-486e-4492-88f1-59f3b05c1af1/name'
05:05:04.999 [Forwarding getElementTagName on session c9083a9836ee4da4cd03d770dd973902 to remote] DEBUG org.asynchttpclient.netty.request.NettyRequestSender - Using open Channel [id: 0x9dd16e92, L:/127.0.0.1:64833 - R:localhost/127.0.0.1:65147] for GET '/session/c9083a9836ee4da4cd03d770dd973902/element/dbe58d75-486e-4492-88f1-59f3b05c1af1/name'
05:05:05.006 [AsyncHttpClient-1-4] DEBUG org.asynchttpclient.netty.handler.HttpHandler - 

Request DefaultFullHttpRequest(decodeResult: success, version: HTTP/1.1, content: EmptyByteBufBE)
GET /session/c9083a9836ee4da4cd03d770dd973902/element/dbe58d75-486e-4492-88f1-59f3b05c1af1/name HTTP/1.1
User-Agent: selenium/4.1.2 (java windows)
Cache-Control: no-cache
Content-Type: application/json; charset=utf-8
host: localhost:65147
accept: */*

Response DefaultHttpResponse(decodeResult: success, version: HTTP/1.1)
HTTP/1.1 200 OK
Content-Type: application/json; charset=utf-8
cache-control: no-cache
content-length: 13

05:05:05.006 [AsyncHttpClient-1-4] DEBUG org.asynchttpclient.netty.channel.ChannelManager - Adding key: http://localhost:65147 for channel [id: 0x9dd16e92, L:/127.0.0.1:64833 - R:localhost/127.0.0.1:65147]
05:05:05.010 [Forwarding findElement on session c9083a9836ee4da4cd03d770dd973902 to remote] DEBUG org.asynchttpclient.netty.request.NettyRequestSender - Using pooled Channel '[id: 0x9dd16e92, L:/127.0.0.1:64833 - R:localhost/127.0.0.1:65147]' for 'POST' to 'http://localhost:65147/session/c9083a9836ee4da4cd03d770dd973902/element'
05:05:05.010 [Forwarding findElement on session c9083a9836ee4da4cd03d770dd973902 to remote] DEBUG org.asynchttpclient.netty.request.NettyRequestSender - Using open Channel [id: 0x9dd16e92, L:/127.0.0.1:64833 - R:localhost/127.0.0.1:65147] for POST '/session/c9083a9836ee4da4cd03d770dd973902/element'
05:05:05.023 [AsyncHttpClient-1-4] DEBUG org.asynchttpclient.netty.handler.HttpHandler - 

Request DefaultHttpRequest(decodeResult: success, version: HTTP/1.1)
POST /session/c9083a9836ee4da4cd03d770dd973902/element HTTP/1.1
User-Agent: selenium/4.1.2 (java windows)
Content-Length: 74
Content-Type: application/json; charset=utf-8
host: localhost:65147
accept: */*

Response DefaultHttpResponse(decodeResult: success, version: HTTP/1.1)
HTTP/1.1 200 OK
Content-Type: application/json; charset=utf-8
cache-control: no-cache
content-length: 88

05:05:05.024 [AsyncHttpClient-1-4] DEBUG org.asynchttpclient.netty.channel.ChannelManager - Adding key: http://localhost:65147 for channel [id: 0x9dd16e92, L:/127.0.0.1:64833 - R:localhost/127.0.0.1:65147]
05:05:05.025 [Forwarding clickElement on session c9083a9836ee4da4cd03d770dd973902 to remote] DEBUG org.asynchttpclient.netty.request.NettyRequestSender - Using pooled Channel '[id: 0x9dd16e92, L:/127.0.0.1:64833 - R:localhost/127.0.0.1:65147]' for 'POST' to 'http://localhost:65147/session/c9083a9836ee4da4cd03d770dd973902/element/dbe58d75-486e-4492-88f1-59f3b05c1af1/click'
05:05:05.025 [Forwarding clickElement on session c9083a9836ee4da4cd03d770dd973902 to remote] DEBUG org.asynchttpclient.netty.request.NettyRequestSender - Using open Channel [id: 0x9dd16e92, L:/127.0.0.1:64833 - R:localhost/127.0.0.1:65147] for POST '/session/c9083a9836ee4da4cd03d770dd973902/element/dbe58d75-486e-4492-88f1-59f3b05c1af1/click'
05:05:05.193 [AsyncHttpClient-1-4] DEBUG org.asynchttpclient.netty.handler.HttpHandler - 

Request DefaultHttpRequest(decodeResult: success, version: HTTP/1.1)
POST /session/c9083a9836ee4da4cd03d770dd973902/element/dbe58d75-486e-4492-88f1-59f3b05c1af1/click HTTP/1.1
User-Agent: selenium/4.1.2 (java windows)
Content-Length: 50
Content-Type: application/json; charset=utf-8
host: localhost:65147
accept: */*

Response DefaultHttpResponse(decodeResult: success, version: HTTP/1.1)
HTTP/1.1 200 OK
Content-Type: application/json; charset=utf-8
cache-control: no-cache
content-length: 14

05:05:05.193 [AsyncHttpClient-1-4] DEBUG org.asynchttpclient.netty.channel.ChannelManager - Adding key: http://localhost:65147 for channel [id: 0x9dd16e92, L:/127.0.0.1:64833 - R:localhost/127.0.0.1:65147]
05:05:05.207 [Forwarding screenshot on session c9083a9836ee4da4cd03d770dd973902 to remote] DEBUG org.asynchttpclient.netty.request.NettyRequestSender - Using pooled Channel '[id: 0x9dd16e92, L:/127.0.0.1:64833 - R:localhost/127.0.0.1:65147]' for 'GET' to 'http://localhost:65147/session/c9083a9836ee4da4cd03d770dd973902/screenshot'
05:05:05.207 [Forwarding screenshot on session c9083a9836ee4da4cd03d770dd973902 to remote] DEBUG org.asynchttpclient.netty.request.NettyRequestSender - Using open Channel [id: 0x9dd16e92, L:/127.0.0.1:64833 - R:localhost/127.0.0.1:65147] for GET '/session/c9083a9836ee4da4cd03d770dd973902/screenshot'
05:05:05.335 [AsyncHttpClient-1-1] DEBUG org.asynchttpclient.netty.channel.DefaultChannelPool - Entry count for : http://localhost:64835 : 1
05:05:05.499 [AsyncHttpClient-1-4] DEBUG org.asynchttpclient.netty.handler.HttpHandler - 

Request DefaultFullHttpRequest(decodeResult: success, version: HTTP/1.1, content: EmptyByteBufBE)
GET /session/c9083a9836ee4da4cd03d770dd973902/screenshot HTTP/1.1
User-Agent: selenium/4.1.2 (java windows)
Cache-Control: no-cache
Content-Type: application/json; charset=utf-8
host: localhost:65147
accept: */*

Response DefaultHttpResponse(decodeResult: success, version: HTTP/1.1)
HTTP/1.1 200 OK
Content-Type: application/json; charset=utf-8
cache-control: no-cache
content-length: 56504

05:05:05.500 [AsyncHttpClient-1-4] DEBUG org.asynchttpclient.netty.channel.ChannelManager - Adding key: http://localhost:65147 for channel [id: 0x9dd16e92, L:/127.0.0.1:64833 - R:localhost/127.0.0.1:65147]
05:05:05.506 [main] DEBUG net.serenitybdd.core.photography.Darkroom - Send negative for processing for target\site\serenity\afdaba35cf5ef4da5cdfc2da6ba377c9389ec2df5e152e370be672376afc5247.png
05:05:05.507 [main] DEBUG net.thucydides.core.steps.StepInterceptor - STEP DONE: toBuildingPage
  &amp#27;[32mWhen &amp#27;[0m&amp#27;[32mI click building on home page&amp#27;[0m                         &amp#27;[90m# starter.stepdefenitions.BuildingSteps.iClickBuildingOnHomePage()&amp#27;[0m
05:05:05.541 [main] DEBUG net.thucydides.core.steps.StepInterceptor - STARTING STEP: BuildingSteps.iClickDeleteOnExistingBuilding - clickDeleteButton
05:05:05.549 [Forwarding findElement on session c9083a9836ee4da4cd03d770dd973902 to remote] DEBUG org.asynchttpclient.netty.request.NettyRequestSender - Using pooled Channel '[id: 0x9dd16e92, L:/127.0.0.1:64833 - R:localhost/127.0.0.1:65147]' for 'POST' to 'http://localhost:65147/session/c9083a9836ee4da4cd03d770dd973902/element'
05:05:05.549 [Forwarding findElement on session c9083a9836ee4da4cd03d770dd973902 to remote] DEBUG org.asynchttpclient.netty.request.NettyRequestSender - Using open Channel [id: 0x9dd16e92, L:/127.0.0.1:64833 - R:localhost/127.0.0.1:65147] for POST '/session/c9083a9836ee4da4cd03d770dd973902/element'
05:05:05.589 [AsyncHttpClient-1-4] DEBUG org.asynchttpclient.netty.handler.HttpHandler - 

Request DefaultHttpRequest(decodeResult: success, version: HTTP/1.1)
POST /session/c9083a9836ee4da4cd03d770dd973902/element HTTP/1.1
User-Agent: selenium/4.1.2 (java windows)
Content-Length: 91
Content-Type: application/json; charset=utf-8
host: localhost:65147
accept: */*

Response DefaultHttpResponse(decodeResult: success, version: HTTP/1.1)
HTTP/1.1 200 OK
Content-Type: application/json; charset=utf-8
cache-control: no-cache
content-length: 88

05:05:05.590 [AsyncHttpClient-1-4] DEBUG org.asynchttpclient.netty.channel.ChannelManager - Adding key: http://localhost:65147 for channel [id: 0x9dd16e92, L:/127.0.0.1:64833 - R:localhost/127.0.0.1:65147]
05:05:05.592 [Forwarding getElementTagName on session c9083a9836ee4da4cd03d770dd973902 to remote] DEBUG org.asynchttpclient.netty.request.NettyRequestSender - Using pooled Channel '[id: 0x9dd16e92, L:/127.0.0.1:64833 - R:localhost/127.0.0.1:65147]' for 'GET' to 'http://localhost:65147/session/c9083a9836ee4da4cd03d770dd973902/element/fcff3846-963e-468c-87d0-67210ec89f34/name'
05:05:05.592 [Forwarding getElementTagName on session c9083a9836ee4da4cd03d770dd973902 to remote] DEBUG org.asynchttpclient.netty.request.NettyRequestSender - Using open Channel [id: 0x9dd16e92, L:/127.0.0.1:64833 - R:localhost/127.0.0.1:65147] for GET '/session/c9083a9836ee4da4cd03d770dd973902/element/fcff3846-963e-468c-87d0-67210ec89f34/name'
05:05:05.599 [AsyncHttpClient-1-4] DEBUG org.asynchttpclient.netty.handler.HttpHandler - 

Request DefaultFullHttpRequest(decodeResult: success, version: HTTP/1.1, content: EmptyByteBufBE)
GET /session/c9083a9836ee4da4cd03d770dd973902/element/fcff3846-963e-468c-87d0-67210ec89f34/name HTTP/1.1
User-Agent: selenium/4.1.2 (java windows)
Cache-Control: no-cache
Content-Type: application/json; charset=utf-8
host: localhost:65147
accept: */*

Response DefaultHttpResponse(decodeResult: success, version: HTTP/1.1)
HTTP/1.1 200 OK
Content-Type: application/json; charset=utf-8
cache-control: no-cache
content-length: 18

05:05:05.599 [AsyncHttpClient-1-4] DEBUG org.asynchttpclient.netty.channel.ChannelManager - Adding key: http://localhost:65147 for channel [id: 0x9dd16e92, L:/127.0.0.1:64833 - R:localhost/127.0.0.1:65147]
05:05:05.602 [Forwarding getElementTagName on session c9083a9836ee4da4cd03d770dd973902 to remote] DEBUG org.asynchttpclient.netty.request.NettyRequestSender - Using pooled Channel '[id: 0x9dd16e92, L:/127.0.0.1:64833 - R:localhost/127.0.0.1:65147]' for 'GET' to 'http://localhost:65147/session/c9083a9836ee4da4cd03d770dd973902/element/fcff3846-963e-468c-87d0-67210ec89f34/name'
05:05:05.602 [Forwarding getElementTagName on session c9083a9836ee4da4cd03d770dd973902 to remote] DEBUG org.asynchttpclient.netty.request.NettyRequestSender - Using open Channel [id: 0x9dd16e92, L:/127.0.0.1:64833 - R:localhost/127.0.0.1:65147] for GET '/session/c9083a9836ee4da4cd03d770dd973902/element/fcff3846-963e-468c-87d0-67210ec89f34/name'
05:05:05.608 [AsyncHttpClient-1-4] DEBUG org.asynchttpclient.netty.handler.HttpHandler - 

Request DefaultFullHttpRequest(decodeResult: success, version: HTTP/1.1, content: EmptyByteBufBE)
GET /session/c9083a9836ee4da4cd03d770dd973902/element/fcff3846-963e-468c-87d0-67210ec89f34/name HTTP/1.1
User-Agent: selenium/4.1.2 (java windows)
Cache-Control: no-cache
Content-Type: application/json; charset=utf-8
host: localhost:65147
accept: */*

Response DefaultHttpResponse(decodeResult: success, version: HTTP/1.1)
HTTP/1.1 200 OK
Content-Type: application/json; charset=utf-8
cache-control: no-cache
content-length: 18

05:05:05.608 [AsyncHttpClient-1-4] DEBUG org.asynchttpclient.netty.channel.ChannelManager - Adding key: http://localhost:65147 for channel [id: 0x9dd16e92, L:/127.0.0.1:64833 - R:localhost/127.0.0.1:65147]
05:05:05.613 [Forwarding isElementEnabled on session c9083a9836ee4da4cd03d770dd973902 to remote] DEBUG org.asynchttpclient.netty.request.NettyRequestSender - Using pooled Channel '[id: 0x9dd16e92, L:/127.0.0.1:64833 - R:localhost/127.0.0.1:65147]' for 'GET' to 'http://localhost:65147/session/c9083a9836ee4da4cd03d770dd973902/element/fcff3846-963e-468c-87d0-67210ec89f34/enabled'
05:05:05.613 [Forwarding isElementEnabled on session c9083a9836ee4da4cd03d770dd973902 to remote] DEBUG org.asynchttpclient.netty.request.NettyRequestSender - Using open Channel [id: 0x9dd16e92, L:/127.0.0.1:64833 - R:localhost/127.0.0.1:65147] for GET '/session/c9083a9836ee4da4cd03d770dd973902/element/fcff3846-963e-468c-87d0-67210ec89f34/enabled'
05:05:05.637 [AsyncHttpClient-1-4] DEBUG org.asynchttpclient.netty.handler.HttpHandler - 

Request DefaultFullHttpRequest(decodeResult: success, version: HTTP/1.1, content: EmptyByteBufBE)
GET /session/c9083a9836ee4da4cd03d770dd973902/element/fcff3846-963e-468c-87d0-67210ec89f34/enabled HTTP/1.1
User-Agent: selenium/4.1.2 (java windows)
Cache-Control: no-cache
Content-Type: application/json; charset=utf-8
host: localhost:65147
accept: */*

Response DefaultHttpResponse(decodeResult: success, version: HTTP/1.1)
HTTP/1.1 200 OK
Content-Type: application/json; charset=utf-8
cache-control: no-cache
content-length: 14

05:05:05.638 [AsyncHttpClient-1-4] DEBUG org.asynchttpclient.netty.channel.ChannelManager - Adding key: http://localhost:65147 for channel [id: 0x9dd16e92, L:/127.0.0.1:64833 - R:localhost/127.0.0.1:65147]
05:05:05.640 [Forwarding isElementEnabled on session c9083a9836ee4da4cd03d770dd973902 to remote] DEBUG org.asynchttpclient.netty.request.NettyRequestSender - Using pooled Channel '[id: 0x9dd16e92, L:/127.0.0.1:64833 - R:localhost/127.0.0.1:65147]' for 'GET' to 'http://localhost:65147/session/c9083a9836ee4da4cd03d770dd973902/element/fcff3846-963e-468c-87d0-67210ec89f34/enabled'
05:05:05.640 [Forwarding isElementEnabled on session c9083a9836ee4da4cd03d770dd973902 to remote] DEBUG org.asynchttpclient.netty.request.NettyRequestSender - Using open Channel [id: 0x9dd16e92, L:/127.0.0.1:64833 - R:localhost/127.0.0.1:65147] for GET '/session/c9083a9836ee4da4cd03d770dd973902/element/fcff3846-963e-468c-87d0-67210ec89f34/enabled'
05:05:05.650 [AsyncHttpClient-1-4] DEBUG org.asynchttpclient.netty.handler.HttpHandler - 

Request DefaultFullHttpRequest(decodeResult: success, version: HTTP/1.1, content: EmptyByteBufBE)
GET /session/c9083a9836ee4da4cd03d770dd973902/element/fcff3846-963e-468c-87d0-67210ec89f34/enabled HTTP/1.1
User-Agent: selenium/4.1.2 (java windows)
Cache-Control: no-cache
Content-Type: application/json; charset=utf-8
host: localhost:65147
accept: */*

Response DefaultHttpResponse(decodeResult: success, version: HTTP/1.1)
HTTP/1.1 200 OK
Content-Type: application/json; charset=utf-8
cache-control: no-cache
content-length: 14

05:05:05.651 [AsyncHttpClient-1-4] DEBUG org.asynchttpclient.netty.channel.ChannelManager - Adding key: http://localhost:65147 for channel [id: 0x9dd16e92, L:/127.0.0.1:64833 - R:localhost/127.0.0.1:65147]
05:05:05.655 [Forwarding findElement on session c9083a9836ee4da4cd03d770dd973902 to remote] DEBUG org.asynchttpclient.netty.request.NettyRequestSender - Using pooled Channel '[id: 0x9dd16e92, L:/127.0.0.1:64833 - R:localhost/127.0.0.1:65147]' for 'POST' to 'http://localhost:65147/session/c9083a9836ee4da4cd03d770dd973902/element'
05:05:05.655 [Forwarding findElement on session c9083a9836ee4da4cd03d770dd973902 to remote] DEBUG org.asynchttpclient.netty.request.NettyRequestSender - Using open Channel [id: 0x9dd16e92, L:/127.0.0.1:64833 - R:localhost/127.0.0.1:65147] for POST '/session/c9083a9836ee4da4cd03d770dd973902/element'
05:05:05.670 [AsyncHttpClient-1-4] DEBUG org.asynchttpclient.netty.handler.HttpHandler - 

Request DefaultHttpRequest(decodeResult: success, version: HTTP/1.1)
POST /session/c9083a9836ee4da4cd03d770dd973902/element HTTP/1.1
User-Agent: selenium/4.1.2 (java windows)
Content-Length: 91
Content-Type: application/json; charset=utf-8
host: localhost:65147
accept: */*

Response DefaultHttpResponse(decodeResult: success, version: HTTP/1.1)
HTTP/1.1 200 OK
Content-Type: application/json; charset=utf-8
cache-control: no-cache
content-length: 88

05:05:05.671 [AsyncHttpClient-1-4] DEBUG org.asynchttpclient.netty.channel.ChannelManager - Adding key: http://localhost:65147 for channel [id: 0x9dd16e92, L:/127.0.0.1:64833 - R:localhost/127.0.0.1:65147]
05:05:05.673 [Forwarding clickElement on session c9083a9836ee4da4cd03d770dd973902 to remote] DEBUG org.asynchttpclient.netty.request.NettyRequestSender - Using pooled Channel '[id: 0x9dd16e92, L:/127.0.0.1:64833 - R:localhost/127.0.0.1:65147]' for 'POST' to 'http://localhost:65147/session/c9083a9836ee4da4cd03d770dd973902/element/fcff3846-963e-468c-87d0-67210ec89f34/click'
05:05:05.673 [Forwarding clickElement on session c9083a9836ee4da4cd03d770dd973902 to remote] DEBUG org.asynchttpclient.netty.request.NettyRequestSender - Using open Channel [id: 0x9dd16e92, L:/127.0.0.1:64833 - R:localhost/127.0.0.1:65147] for POST '/session/c9083a9836ee4da4cd03d770dd973902/element/fcff3846-963e-468c-87d0-67210ec89f34/click'
05:05:05.752 [AsyncHttpClient-1-4] DEBUG org.asynchttpclient.netty.handler.HttpHandler - 

Request DefaultHttpRequest(decodeResult: success, version: HTTP/1.1)
POST /session/c9083a9836ee4da4cd03d770dd973902/element/fcff3846-963e-468c-87d0-67210ec89f34/click HTTP/1.1
User-Agent: selenium/4.1.2 (java windows)
Content-Length: 50
Content-Type: application/json; charset=utf-8
host: localhost:65147
accept: */*

Response DefaultHttpResponse(decodeResult: success, version: HTTP/1.1)
HTTP/1.1 200 OK
Content-Type: application/json; charset=utf-8
cache-control: no-cache
content-length: 14

05:05:05.752 [AsyncHttpClient-1-4] DEBUG org.asynchttpclient.netty.channel.ChannelManager - Adding key: http://localhost:65147 for channel [id: 0x9dd16e92, L:/127.0.0.1:64833 - R:localhost/127.0.0.1:65147]
05:05:05.765 [Forwarding screenshot on session c9083a9836ee4da4cd03d770dd973902 to remote] DEBUG org.asynchttpclient.netty.request.NettyRequestSender - Using pooled Channel '[id: 0x9dd16e92, L:/127.0.0.1:64833 - R:localhost/127.0.0.1:65147]' for 'GET' to 'http://localhost:65147/session/c9083a9836ee4da4cd03d770dd973902/screenshot'
05:05:05.765 [Forwarding screenshot on session c9083a9836ee4da4cd03d770dd973902 to remote] DEBUG org.asynchttpclient.netty.request.NettyRequestSender - Using open Channel [id: 0x9dd16e92, L:/127.0.0.1:64833 - R:localhost/127.0.0.1:65147] for GET '/session/c9083a9836ee4da4cd03d770dd973902/screenshot'
05:05:06.067 [AsyncHttpClient-1-4] DEBUG org.asynchttpclient.netty.handler.HttpHandler - 

Request DefaultFullHttpRequest(decodeResult: success, version: HTTP/1.1, content: EmptyByteBufBE)
GET /session/c9083a9836ee4da4cd03d770dd973902/screenshot HTTP/1.1
User-Agent: selenium/4.1.2 (java windows)
Cache-Control: no-cache
Content-Type: application/json; charset=utf-8
host: localhost:65147
accept: */*

Response DefaultHttpResponse(decodeResult: success, version: HTTP/1.1)
HTTP/1.1 200 OK
Content-Type: application/json; charset=utf-8
cache-control: no-cache
content-length: 125376

05:05:06.068 [AsyncHttpClient-1-4] DEBUG org.asynchttpclient.netty.channel.ChannelManager - Adding key: http://localhost:65147 for channel [id: 0x9dd16e92, L:/127.0.0.1:64833 - R:localhost/127.0.0.1:65147]
05:05:06.080 [main] DEBUG net.serenitybdd.core.photography.Darkroom - Send negative for processing for target\site\serenity\c839a9fde8705c6d7245d42694b3362024c670e8ae82a5e21046481bd6b97a1b.png
05:05:06.081 [main] DEBUG net.thucydides.core.steps.StepInterceptor - STEP DONE: clickDeleteButton
  &amp#27;[32mAnd &amp#27;[0m&amp#27;[32mi click delete on existing building&amp#27;[0m                    &amp#27;[90m# starter.stepdefenitions.BuildingSteps.iClickDeleteOnExistingBuilding()&amp#27;[0m
05:05:06.120 [main] DEBUG net.thucydides.core.steps.StepInterceptor - STARTING STEP: BuildingSteps.iSuccessDeleteBuilding - getErrorMessageDelete
05:05:06.125 [Forwarding findElement on session c9083a9836ee4da4cd03d770dd973902 to remote] DEBUG org.asynchttpclient.netty.request.NettyRequestSender - Using pooled Channel '[id: 0x9dd16e92, L:/127.0.0.1:64833 - R:localhost/127.0.0.1:65147]' for 'POST' to 'http://localhost:65147/session/c9083a9836ee4da4cd03d770dd973902/element'
05:05:06.125 [Forwarding findElement on session c9083a9836ee4da4cd03d770dd973902 to remote] DEBUG org.asynchttpclient.netty.request.NettyRequestSender - Using open Channel [id: 0x9dd16e92, L:/127.0.0.1:64833 - R:localhost/127.0.0.1:65147] for POST '/session/c9083a9836ee4da4cd03d770dd973902/element'
05:05:06.445 [AsyncHttpClient-1-1] DEBUG org.asynchttpclient.netty.channel.DefaultChannelPool - Entry count for : http://localhost:64835 : 1
05:05:06.446 [AsyncHttpClient-1-4] DEBUG org.asynchttpclient.netty.handler.HttpHandler - 

Request DefaultHttpRequest(decodeResult: success, version: HTTP/1.1)
POST /session/c9083a9836ee4da4cd03d770dd973902/element HTTP/1.1
User-Agent: selenium/4.1.2 (java windows)
Content-Length: 107
Content-Type: application/json; charset=utf-8
host: localhost:65147
accept: */*

Response DefaultHttpResponse(decodeResult: success, version: HTTP/1.1)
HTTP/1.1 200 OK
Content-Type: application/json; charset=utf-8
cache-control: no-cache
content-length: 88

05:05:06.446 [AsyncHttpClient-1-4] DEBUG org.asynchttpclient.netty.channel.ChannelManager - Adding key: http://localhost:65147 for channel [id: 0x9dd16e92, L:/127.0.0.1:64833 - R:localhost/127.0.0.1:65147]
05:05:06.453 [Forwarding isElementDisplayed on session c9083a9836ee4da4cd03d770dd973902 to remote] DEBUG org.asynchttpclient.netty.request.NettyRequestSender - Using pooled Channel '[id: 0x9dd16e92, L:/127.0.0.1:64833 - R:localhost/127.0.0.1:65147]' for 'POST' to 'http://localhost:65147/session/c9083a9836ee4da4cd03d770dd973902/execute/sync'
05:05:06.453 [Forwarding isElementDisplayed on session c9083a9836ee4da4cd03d770dd973902 to remote] DEBUG org.asynchttpclient.netty.request.NettyRequestSender - Using open Channel [id: 0x9dd16e92, L:/127.0.0.1:64833 - R:localhost/127.0.0.1:65147] for POST '/session/c9083a9836ee4da4cd03d770dd973902/execute/sync'
05:05:06.481 [AsyncHttpClient-1-4] DEBUG org.asynchttpclient.netty.handler.HttpHandler - 

Request DefaultHttpRequest(decodeResult: success, version: HTTP/1.1)
POST /session/c9083a9836ee4da4cd03d770dd973902/execute/sync HTTP/1.1
User-Agent: selenium/4.1.2 (java windows)
Content-Length: 48780
Content-Type: application/json; charset=utf-8
host: localhost:65147
accept: */*

Response DefaultHttpResponse(decodeResult: success, version: HTTP/1.1)
HTTP/1.1 200 OK
Content-Type: application/json; charset=utf-8
cache-control: no-cache
content-length: 14

05:05:06.481 [AsyncHttpClient-1-4] DEBUG org.asynchttpclient.netty.channel.ChannelManager - Adding key: http://localhost:65147 for channel [id: 0x9dd16e92, L:/127.0.0.1:64833 - R:localhost/127.0.0.1:65147]
05:05:06.493 [Forwarding screenshot on session c9083a9836ee4da4cd03d770dd973902 to remote] DEBUG org.asynchttpclient.netty.request.NettyRequestSender - Using pooled Channel '[id: 0x9dd16e92, L:/127.0.0.1:64833 - R:localhost/127.0.0.1:65147]' for 'GET' to 'http://localhost:65147/session/c9083a9836ee4da4cd03d770dd973902/screenshot'
05:05:06.493 [Forwarding screenshot on session c9083a9836ee4da4cd03d770dd973902 to remote] DEBUG org.asynchttpclient.netty.request.NettyRequestSender - Using open Channel [id: 0x9dd16e92, L:/127.0.0.1:64833 - R:localhost/127.0.0.1:65147] for GET '/session/c9083a9836ee4da4cd03d770dd973902/screenshot'
05:05:06.823 [AsyncHttpClient-1-4] DEBUG org.asynchttpclient.netty.handler.HttpHandler - 

Request DefaultFullHttpRequest(decodeResult: success, version: HTTP/1.1, content: EmptyByteBufBE)
GET /session/c9083a9836ee4da4cd03d770dd973902/screenshot HTTP/1.1
User-Agent: selenium/4.1.2 (java windows)
Cache-Control: no-cache
Content-Type: application/json; charset=utf-8
host: localhost:65147
accept: */*

Response DefaultHttpResponse(decodeResult: success, version: HTTP/1.1)
HTTP/1.1 200 OK
Content-Type: application/json; charset=utf-8
cache-control: no-cache
content-length: 119968

05:05:06.823 [AsyncHttpClient-1-4] DEBUG org.asynchttpclient.netty.channel.ChannelManager - Adding key: http://localhost:65147 for channel [id: 0x9dd16e92, L:/127.0.0.1:64833 - R:localhost/127.0.0.1:65147]
05:05:06.835 [main] DEBUG net.serenitybdd.core.photography.Darkroom - Send negative for processing for target\site\serenity\76a5a87cab029a83c44988d08ae72c674eaeb4a3d93301c0396a34535b0e588a.png
05:05:06.835 [main] DEBUG net.thucydides.core.steps.StepInterceptor - STEP DONE: getErrorMessageDelete
  &amp#27;[32mThen &amp#27;[0m&amp#27;[32mi success delete building&amp#27;[0m                             &amp#27;[90m# starter.stepdefenitions.BuildingSteps.iSuccessDeleteBuilding()&amp#27;[0m
05:05:06.836 [Darkroom Processing Line] DEBUG net.serenitybdd.core.photography.DarkroomProcessingLine - Processing screenshot image in /var/screenshots/screenshot-2708893617747616820
05:05:06.836 [Darkroom Processing Line] DEBUG net.serenitybdd.core.photography.DarkroomProcessingLine - Saving screenshot to target\site\serenity\76a5a87cab029a83c44988d08ae72c674eaeb4a3d93301c0396a34535b0e588a.png
05:05:06.847 [main] INFO  - 
  _____   ___   ___   _____     ___     _     ___   ___   ___   ___  
 |_   _| | __| / __| |_   _|   | _ \   /_\   / __| / __| | __| |   \ 
   | |   | _|  \__ \   | |     |  _/  / _ \  \__ \ \__ \ | _|  | |) |
   |_|   |___| |___/   |_|     |_|   /_/ \_\ |___/ |___/ |___| |___/ 

As admin i have be able to success delete building
----------------------------------------------------------------------
05:05:06.849 [AsyncHttpClient-1-6] DEBUG org.asynchttpclient.netty.handler.WebSocketHandler - Channel Closed: [id: 0x6f7015a4, L:/127.0.0.1:64842 ! R:localhost/127.0.0.1:64835] with attribute NettyResponseFuture{currentRetry=5,
	isDone=1,
	isCancelled=0,
	asyncHandler=org.asynchttpclient.ws.WebSocketUpgradeHandler@4244d8f6,
	nettyRequest=org.asynchttpclient.netty.request.NettyRequest@551641af,
	future=java.util.concurrent.CompletableFuture@78a551be[Completed normally],
	uri=ws://localhost:64835/devtools/browser/e3aa0947-b508-440f-9708-68e9a3c58f5f,
	keepAlive=true,
	redirectCount=0,
	timeoutsHolder=null,
	inAuth=0,
	touch=1658095494182}
05:05:06.849 [AsyncHttpClient-1-6] DEBUG org.asynchttpclient.netty.channel.ChannelManager - Closing Channel [id: 0x6f7015a4, L:/127.0.0.1:64842 ! R:localhost/127.0.0.1:64835] 
05:05:06.850 [Driver Command Executor] DEBUG org.asynchttpclient.netty.request.NettyRequestSender - Using pooled Channel '[id: 0x9dd16e92, L:/127.0.0.1:64833 - R:localhost/127.0.0.1:65147]' for 'DELETE' to 'http://localhost:65147/session/c9083a9836ee4da4cd03d770dd973902'
05:05:06.850 [Driver Command Executor] DEBUG org.asynchttpclient.netty.request.NettyRequestSender - Using open Channel [id: 0x9dd16e92, L:/127.0.0.1:64833 - R:localhost/127.0.0.1:65147] for DELETE '/session/c9083a9836ee4da4cd03d770dd973902'
05:05:07.272 [AsyncHttpClient-1-5] DEBUG org.asynchttpclient.netty.handler.HttpHandler - Unexpected I/O exception on channel [id: 0x04b58d44, L:/127.0.0.1:64841 - R:localhost/127.0.0.1:64835]
java.io.IOException: An existing connection was forcibly closed by the remote host
	at sun.nio.ch.SocketDispatcher.read0(Native Method)
	at sun.nio.ch.SocketDispatcher.read(SocketDispatcher.java:43)
	at sun.nio.ch.IOUtil.readIntoNativeBuffer(IOUtil.java:223)
	at sun.nio.ch.IOUtil.read(IOUtil.java:192)
	at sun.nio.ch.SocketChannelImpl.read(SocketChannelImpl.java:378)
	at io.netty.buffer.PooledByteBuf.setBytes(PooledByteBuf.java:258)
	at io.netty.buffer.AbstractByteBuf.writeBytes(AbstractByteBuf.java:1132)
	at io.netty.channel.socket.nio.NioSocketChannel.doReadBytes(NioSocketChannel.java:350)
	at io.netty.channel.nio.AbstractNioByteChannel$NioByteUnsafe.read(AbstractNioByteChannel.java:151)
	at io.netty.channel.nio.NioEventLoop.processSelectedKey(NioEventLoop.java:722)
	at io.netty.channel.nio.NioEventLoop.processSelectedKeysOptimized(NioEventLoop.java:658)
	at io.netty.channel.nio.NioEventLoop.processSelectedKeys(NioEventLoop.java:584)
	at io.netty.channel.nio.NioEventLoop.run(NioEventLoop.java:496)
	at io.netty.util.concurrent.SingleThreadEventExecutor$4.run(SingleThreadEventExecutor.java:986)
	at io.netty.util.internal.ThreadExecutorMap$2.run(ThreadExecutorMap.java:74)
	at io.netty.util.concurrent.FastThreadLocalRunnable.run(FastThreadLocalRunnable.java:30)
	at java.lang.Thread.run(Thread.java:750)
05:05:07.272 [AsyncHttpClient-1-5] DEBUG org.asynchttpclient.netty.channel.ChannelManager - Closing Channel [id: 0x04b58d44, L:/127.0.0.1:64841 - R:localhost/127.0.0.1:64835] 
05:05:07.272 [AsyncHttpClient-1-5] DEBUG org.asynchttpclient.netty.handler.HttpHandler - Channel Closed: [id: 0x04b58d44, L:/127.0.0.1:64841 ! R:localhost/127.0.0.1:64835] with attribute DISCARD
05:05:07.417 [AsyncHttpClient-1-4] DEBUG org.asynchttpclient.netty.handler.HttpHandler - 

Request DefaultFullHttpRequest(decodeResult: success, version: HTTP/1.1, content: EmptyByteBufBE)
DELETE /session/c9083a9836ee4da4cd03d770dd973902 HTTP/1.1
User-Agent: selenium/4.1.2 (java windows)
Content-Type: application/json; charset=utf-8
host: localhost:65147
accept: */*

Response DefaultHttpResponse(decodeResult: success, version: HTTP/1.1)
HTTP/1.1 200 OK
Content-Type: application/json; charset=utf-8
cache-control: no-cache
content-length: 14

05:05:07.417 [AsyncHttpClient-1-4] DEBUG org.asynchttpclient.netty.channel.ChannelManager - Adding key: http://localhost:65147 for channel [id: 0x9dd16e92, L:/127.0.0.1:64833 - R:localhost/127.0.0.1:65147]
05:05:07.533 [AsyncHttpClient-1-1] DEBUG org.asynchttpclient.netty.channel.DefaultChannelPool - Entry count for : http://localhost:64835 : 1
05:05:07.535 [AsyncHttpClient-1-1] DEBUG org.asynchttpclient.netty.channel.DefaultChannelPool - Entry count for : http://localhost:65147 : 1
05:05:07.535 [AsyncHttpClient-1-1] DEBUG org.asynchttpclient.netty.channel.DefaultChannelPool - Adding Candidate expired Channel [id: 0x04b58d44, L:/127.0.0.1:64841 ! R:localhost/127.0.0.1:64835] isIdleTimeoutExpired=false isRemotelyClosed=true isTtlExpired=false
05:05:07.535 [AsyncHttpClient-1-1] DEBUG org.asynchttpclient.netty.channel.DefaultChannelPool - Closing Idle Channel [id: 0x04b58d44, L:/127.0.0.1:64841 ! R:localhost/127.0.0.1:64835]
05:05:07.535 [AsyncHttpClient-1-1] DEBUG org.asynchttpclient.netty.channel.DefaultChannelPool - Closed 1 connections out of 2 in 0 ms
05:05:08.649 [AsyncHttpClient-1-1] DEBUG org.asynchttpclient.netty.channel.DefaultChannelPool - Entry count for : http://localhost:65147 : 1
05:05:09.976 [AsyncHttpClient-1-1] DEBUG org.asynchttpclient.netty.channel.DefaultChannelPool - Entry count for : http://localhost:65147 : 1
05:05:11.057 [AsyncHttpClient-1-1] DEBUG org.asynchttpclient.netty.channel.DefaultChannelPool - Entry count for : http://localhost:65147 : 1
05:05:12.135 [AsyncHttpClient-1-1] DEBUG org.asynchttpclient.netty.channel.DefaultChannelPool - Entry count for : http://localhost:65147 : 1
05:05:13.248 [AsyncHttpClient-1-1] DEBUG org.asynchttpclient.netty.channel.DefaultChannelPool - Entry count for : http://localhost:65147 : 1
05:05:14.336 [AsyncHttpClient-1-1] DEBUG org.asynchttpclient.netty.channel.DefaultChannelPool - Entry count for : http://localhost:65147 : 1
05:05:14.512 [AsyncHttpClient-1-4] DEBUG org.asynchttpclient.netty.handler.HttpHandler - Unexpected I/O exception on channel [id: 0x9dd16e92, L:/127.0.0.1:64833 - R:localhost/127.0.0.1:65147]
java.io.IOException: An existing connection was forcibly closed by the remote host
	at sun.nio.ch.SocketDispatcher.read0(Native Method)
	at sun.nio.ch.SocketDispatcher.read(SocketDispatcher.java:43)
	at sun.nio.ch.IOUtil.readIntoNativeBuffer(IOUtil.java:223)
	at sun.nio.ch.IOUtil.read(IOUtil.java:192)
	at sun.nio.ch.SocketChannelImpl.read(SocketChannelImpl.java:378)
	at io.netty.buffer.PooledByteBuf.setBytes(PooledByteBuf.java:258)
	at io.netty.buffer.AbstractByteBuf.writeBytes(AbstractByteBuf.java:1132)
	at io.netty.channel.socket.nio.NioSocketChannel.doReadBytes(NioSocketChannel.java:350)
	at io.netty.channel.nio.AbstractNioByteChannel$NioByteUnsafe.read(AbstractNioByteChannel.java:151)
	at io.netty.channel.nio.NioEventLoop.processSelectedKey(NioEventLoop.java:722)
	at io.netty.channel.nio.NioEventLoop.processSelectedKeysOptimized(NioEventLoop.java:658)
	at io.netty.channel.nio.NioEventLoop.processSelectedKeys(NioEventLoop.java:584)
	at io.netty.channel.nio.NioEventLoop.run(NioEventLoop.java:496)
	at io.netty.util.concurrent.SingleThreadEventExecutor$4.run(SingleThreadEventExecutor.java:986)
	at io.netty.util.internal.ThreadExecutorMap$2.run(ThreadExecutorMap.java:74)
	at io.netty.util.concurrent.FastThreadLocalRunnable.run(FastThreadLocalRunnable.java:30)
	at java.lang.Thread.run(Thread.java:750)
05:05:14.512 [AsyncHttpClient-1-4] DEBUG org.asynchttpclient.netty.channel.ChannelManager - Closing Channel [id: 0x9dd16e92, L:/127.0.0.1:64833 - R:localhost/127.0.0.1:65147] 
05:05:14.512 [AsyncHttpClient-1-4] DEBUG org.asynchttpclient.netty.handler.HttpHandler - Channel Closed: [id: 0x9dd16e92, L:/127.0.0.1:64833 ! R:localhost/127.0.0.1:65147] with attribute DISCARD
]]></system-out>
    <system-err><![CDATA[Starting ChromeDriver 103.0.5060.53 (a1711811edd74ff1cf2150f36ffa3b0dae40b17f-refs/branch-heads/5060@{#853}) on port 65147
Only local connections are allowed.
Please see https://chromedriver.chromium.org/security-considerations for suggestions on keeping ChromeDriver safe.
ChromeDriver was started successfully.
Jul 18, 2022 5:04:54 AM org.openqa.selenium.remote.ProtocolHandshake createSession
INFO: Detected dialect: W3C
Jul 18, 2022 5:04:54 AM org.openqa.selenium.devtools.CdpVersionFinder findNearestMatch
WARNING: Unable to find an exact match for CDP version 103, so returning the closest version found: a no-op implementation
Jul 18, 2022 5:04:54 AM org.openqa.selenium.devtools.CdpVersionFinder findNearestMatch
INFO: Unable to find CDP implementation matching 103.
Jul 18, 2022 5:04:54 AM org.openqa.selenium.chromium.ChromiumDriver lambda$new$3
WARNING: Unable to find version of CDP to use for . You may need to include a dependency on a specific version of the CDP using something similar to `org.seleniumhq.selenium:selenium-devtools-v86:4.1.2` where the version ("v86") matches the version of the chromium-based browser you're using and the version number of the artifact is the same as Selenium's.
Jul 18, 2022 5:05:14 AM org.openqa.selenium.os.OsProcess destroy
INFO: Unable to drain process streams. Ignoring but the exception being swallowed follows.
org.apache.commons.exec.ExecuteException: The stop timeout of 2000 ms was exceeded (Exit value: -559038737)
	at org.apache.commons.exec.PumpStreamHandler.stopThread(PumpStreamHandler.java:295)
	at org.apache.commons.exec.PumpStreamHandler.stop(PumpStreamHandler.java:180)
	at org.openqa.selenium.os.OsProcess.destroy(OsProcess.java:135)
	at org.openqa.selenium.os.CommandLine.destroy(CommandLine.java:152)
	at org.openqa.selenium.remote.service.DriverService.stop(DriverService.java:281)
	at org.openqa.selenium.remote.service.DriverCommandExecutor.execute(DriverCommandExecutor.java:129)
	at org.openqa.selenium.remote.RemoteWebDriver.execute(RemoteWebDriver.java:558)
	at org.openqa.selenium.remote.RemoteWebDriver.execute(RemoteWebDriver.java:613)
	at org.openqa.selenium.remote.RemoteWebDriver.execute(RemoteWebDriver.java:617)
	at org.openqa.selenium.remote.RemoteWebDriver.quit(RemoteWebDriver.java:454)
	at org.openqa.selenium.chromium.ChromiumDriver.quit(ChromiumDriver.java:293)
	at net.thucydides.core.webdriver.WebDriverFacade.quit(WebDriverFacade.java:282)
	at net.thucydides.core.webdriver.WebdriverInstances.closeAndQuit(WebdriverInstances.java:77)
	at net.thucydides.core.webdriver.WebdriverInstances.closeCurrentDriver(WebdriverInstances.java:69)
	at net.thucydides.core.webdriver.WebdriverInstances.closeCurrentDrivers(WebdriverInstances.java:116)
	at net.thucydides.core.webdriver.SerenityWebdriverManager.closeCurrentDrivers(SerenityWebdriverManager.java:85)
	at net.thucydides.core.webdriver.ThucydidesWebDriverSupport.closeCurrentDrivers(ThucydidesWebDriverSupport.java:163)
	at net.thucydides.core.webdriver.WebdriverCloseBrowser.closeIfConfiguredForANew(WebdriverCloseBrowser.java:35)
	at net.thucydides.core.steps.BaseStepListener.testFinished(BaseStepListener.java:649)
	at net.thucydides.core.steps.StepEventBus.testFinished(StepEventBus.java:350)
	at io.cucumber.core.plugin.SerenityReporter.handleTestCaseFinished(SerenityReporter.java:316)
	at io.cucumber.core.eventbus.AbstractEventPublisher.send(AbstractEventPublisher.java:51)
	at io.cucumber.core.eventbus.AbstractEventBus.send(AbstractEventBus.java:12)
	at io.cucumber.core.runtime.SynchronizedEventBus.send(SynchronizedEventBus.java:47)
	at io.cucumber.core.runtime.ThreadLocalRunnerSupplier$LocalEventBus.send(ThreadLocalRunnerSupplier.java:62)
	at io.cucumber.core.runner.TestCase.emitTestCaseFinished(TestCase.java:224)
	at io.cucumber.core.runner.TestCase.run(TestCase.java:109)
	at io.cucumber.core.runner.Runner.runPickle(Runner.java:75)
	at io.cucumber.junit.PickleRunners$NoStepDescriptions.lambda$run$0(PickleRunners.java:151)
	at io.cucumber.core.runtime.CucumberExecutionContext.lambda$runTestCase$3(CucumberExecutionContext.java:151)
	at io.cucumber.core.runtime.RethrowingThrowableCollector.executeAndThrow(RethrowingThrowableCollector.java:23)
	at io.cucumber.core.runtime.CucumberExecutionContext.runTestCase(CucumberExecutionContext.java:151)
	at io.cucumber.junit.PickleRunners$NoStepDescriptions.run(PickleRunners.java:148)
	at io.cucumber.junit.FeatureRunner.runChild(FeatureRunner.java:144)
	at io.cucumber.junit.FeatureRunner.runChild(FeatureRunner.java:28)
	at org.junit.runners.ParentRunner$4.run(ParentRunner.java:331)
	at org.junit.runners.ParentRunner$1.schedule(ParentRunner.java:79)
	at org.junit.runners.ParentRunner.runChildren(ParentRunner.java:329)
	at org.junit.runners.ParentRunner.access$100(ParentRunner.java:66)
	at org.junit.runners.ParentRunner$2.evaluate(ParentRunner.java:293)
	at org.junit.runners.ParentRunner$3.evaluate(ParentRunner.java:306)
	at org.junit.runners.ParentRunner.run(ParentRunner.java:413)
	at io.cucumber.junit.FeatureRunner.run(FeatureRunner.java:137)
	at io.cucumber.junit.CucumberSerenityRunner.runChild(CucumberSerenityRunner.java:258)
	at io.cucumber.junit.CucumberSerenityRunner.runChild(CucumberSerenityRunner.java:58)
	at org.junit.runners.ParentRunner$4.run(ParentRunner.java:331)
	at org.junit.runners.ParentRunner$1.schedule(ParentRunner.java:79)
	at org.junit.runners.ParentRunner.runChildren(ParentRunner.java:329)
	at org.junit.runners.ParentRunner.access$100(ParentRunner.java:66)
	at org.junit.runners.ParentRunner$2.evaluate(ParentRunner.java:293)
	at io.cucumber.junit.CucumberSerenityRunner$RunCucumber.evaluate(CucumberSerenityRunner.java:287)
	at org.junit.runners.ParentRunner$3.evaluate(ParentRunner.java:306)
	at org.junit.runners.ParentRunner.run(ParentRunner.java:413)
	at org.junit.runner.JUnitCore.run(JUnitCore.java:137)
	at org.junit.runner.JUnitCore.run(JUnitCore.java:115)
	at org.junit.vintage.engine.execution.RunnerExecutor.execute(RunnerExecutor.java:42)
	at org.junit.vintage.engine.VintageTestEngine.executeAllChildren(VintageTestEngine.java:80)
	at org.junit.vintage.engine.VintageTestEngine.execute(VintageTestEngine.java:72)
	at org.junit.platform.launcher.core.EngineExecutionOrchestrator.execute(EngineExecutionOrchestrator.java:107)
	at org.junit.platform.launcher.core.EngineExecutionOrchestrator.execute(EngineExecutionOrchestrator.java:88)
	at org.junit.platform.launcher.core.EngineExecutionOrchestrator.lambda$execute$0(EngineExecutionOrchestrator.java:54)
	at org.junit.platform.launcher.core.EngineExecutionOrchestrator.withInterceptedStreams(EngineExecutionOrchestrator.java:67)
	at org.junit.platform.launcher.core.EngineExecutionOrchestrator.execute(EngineExecutionOrchestrator.java:52)
	at org.junit.platform.launcher.core.DefaultLauncher.execute(DefaultLauncher.java:114)
	at org.junit.platform.launcher.core.DefaultLauncher.execute(DefaultLauncher.java:86)
	at org.junit.platform.launcher.core.DefaultLauncherSession$DelegatingLauncher.execute(DefaultLauncherSession.java:86)
	at org.junit.platform.launcher.core.SessionPerRequestLauncher.execute(SessionPerRequestLauncher.java:53)
	at org.apache.maven.surefire.junitplatform.JUnitPlatformProvider.execute(JUnitPlatformProvider.java:188)
	at org.apache.maven.surefire.junitplatform.JUnitPlatformProvider.invokeAllTests(JUnitPlatformProvider.java:154)
	at org.apache.maven.surefire.junitplatform.JUnitPlatformProvider.invoke(JUnitPlatformProvider.java:128)
	at org.apache.maven.surefire.booter.ForkedBooter.runSuitesInProcess(ForkedBooter.java:428)
	at org.apache.maven.surefire.booter.ForkedBooter.execute(ForkedBooter.java:162)
	at org.apache.maven.surefire.booter.ForkedBooter.run(ForkedBooter.java:562)
	at org.apache.maven.surefire.booter.ForkedBooter.main(ForkedBooter.java:548)

Jul 18, 2022 5:05:14 AM org.openqa.selenium.os.OsProcess destroy
SEVERE: Unable to kill process java.lang.ProcessImpl@434c179e
]]></system-err>
  </testcase>
  <testcase name="As admin i have be able to update building" classname="As admin I want to see details building on building page" time="27.763">
    <error type="net.thucydides.core.webdriver.exceptions.ElementShouldBeEnabledException"><![CDATA[net.thucydides.core.webdriver.exceptions.ElementShouldBeEnabledException: Expected enabled element was not enabled
Caused by: org.openqa.selenium.TimeoutException: Expected condition failed: waiting for By.xpath: //tbody/tr[2]/td[8]/button[1]/a[1]//*[name()='svg']//*[name()='path' and contains(@d,'M14.4767 1')] to be enabled (tried for 5 second(s) with 100 milliseconds interval)
Caused by: org.openqa.selenium.NoSuchElementException: 
no such element: Unable to locate element: {"method":"xpath","selector":"//tbody/tr[2]/td[8]/button[1]/a[1]//*[name()='svg']//*[name()='path' and contains(@d,'M14.4767 1')]"}
  (Session info: chrome=103.0.5060.114)
For documentation on this error, please visit: https://selenium.dev/exceptions/#no_such_element
Build info: version: '4.1.2', revision: '9a5a329c5a'
System info: host: 'DESKTOP-EQ55Q8H', ip: '192.168.43.104', os.name: 'Windows 10', os.arch: 'amd64', os.version: '10.0', java.version: '1.8.0_321'
Driver info: org.openqa.selenium.chrome.ChromeDriver
Command: [52ccc74038e8d8a9cbfda3c8a4fb0d94, findElement {using=xpath, value=//tbody/tr[2]/td[8]/button[1]/a[1]//*[name()='svg']//*[name()='path' and contains(@d,'M14.4767 1')]}]
Capabilities {acceptInsecureCerts: false, browserName: chrome, browserVersion: 103.0.5060.114, chrome: {chromedriverVersion: 103.0.5060.53 (a1711811edd7..., userDataDir: C:\Users\Admin\AppData\Loca...}, goog:chromeOptions: {debuggerAddress: localhost:64866}, javascriptEnabled: true, networkConnectionEnabled: false, pageLoadStrategy: normal, platform: WINDOWS, platformName: WINDOWS, proxy: Proxy(), se:cdp: ws://localhost:64866/devtoo..., se:cdpVersion: 103.0.5060.114, setWindowRect: true, strictFileInteractability: false, timeouts: {implicit: 0, pageLoad: 300000, script: 30000}, unhandledPromptBehavior: dismiss and notify, webauthn:extension:credBlob: true, webauthn:extension:largeBlob: true, webauthn:virtualAuthenticators: true}
Session ID: 52ccc74038e8d8a9cbfda3c8a4fb0d94
]]></error>
    <system-out><![CDATA[
@building @feature
Scenario: As admin i have be able to update building &amp#27;[90m# src/test/resources/features/Building.feature:87&amp#27;[0m
05:05:14.907 [main] INFO io.cucumber.core.plugin.SerenityReporter - Running feature from file:///D:/kampus%20merdeka/QE_Capstone%20Kanbo/capstone/web/src/test/resources/features/Building.feature
05:05:14.911 [main] INFO  - 
  _____   ___   ___   _____     ___   _____     _     ___   _____   ___   ___  
 |_   _| | __| / __| |_   _|   / __| |_   _|   /_\   | _ \ |_   _| | __| |   \ 
   | |   | _|  \__ \   | |     \__ \   | |    / _ \  |   /   | |   | _|  | |) |
   |_|   |___| |___/   |_|     |___/   |_|   /_/ \_\ |_|_\   |_|   |___| |___/ 

As admin i have be able to update building(as-admin-i-want-to-see-details-building-on-building-page;as-admin-i-have-be-able-to-update-building)
--------------------------------------------------------------------------------
05:05:14.955 [main] DEBUG net.thucydides.core.steps.StepInterceptor - STARTING STEP: LoginSteps.onLoginPage - openPage
05:05:14.959 [main] INFO net.serenitybdd.core.webdriver.driverproviders.ChromeDriverProvider - Using automatically driver download
05:05:15.292 [main] DEBUG io.github.bonigarcia.wdm.cache.ResolutionCache - Resolution chrome=103 in cache (valid until 05:51:31 18/07/2022 ICT)
05:05:15.308 [main] DEBUG io.github.bonigarcia.wdm.cache.ResolutionCache - Resolution chrome103=103.0.5060.53 in cache (valid until 03:51:18 19/07/2022 ICT)
05:05:15.313 [main] INFO io.github.bonigarcia.wdm.WebDriverManager - Using chromedriver 103.0.5060.53 (resolved driver for Chrome 103)
05:05:15.346 [main] DEBUG io.github.bonigarcia.wdm.WebDriverManager - Driver chromedriver 103.0.5060.53 found in cache
05:05:15.347 [main] INFO io.github.bonigarcia.wdm.WebDriverManager - Exporting webdriver.chrome.driver as C:\Users\Admin\.cache\selenium\chromedriver\win32\103.0.5060.53\chromedriver.exe
05:05:15.436 [AsyncHttpClient-1-1] DEBUG org.asynchttpclient.netty.channel.DefaultChannelPool - Entry count for : http://localhost:65147 : 1
05:05:15.436 [AsyncHttpClient-1-1] DEBUG org.asynchttpclient.netty.channel.DefaultChannelPool - Adding Candidate expired Channel [id: 0x9dd16e92, L:/127.0.0.1:64833 ! R:localhost/127.0.0.1:65147] isIdleTimeoutExpired=false isRemotelyClosed=true isTtlExpired=false
05:05:15.436 [AsyncHttpClient-1-1] DEBUG org.asynchttpclient.netty.channel.DefaultChannelPool - Closing Idle Channel [id: 0x9dd16e92, L:/127.0.0.1:64833 ! R:localhost/127.0.0.1:65147]
05:05:15.436 [AsyncHttpClient-1-1] DEBUG org.asynchttpclient.netty.channel.DefaultChannelPool - Closed 1 connections out of 1 in 0 ms
05:05:15.669 [main] DEBUG net.serenitybdd.core.webdriver.driverproviders.ProvideNewDriver - Instantiating driver
05:05:15.669 [main] DEBUG net.serenitybdd.core.webdriver.driverproviders.ProvideNewDriver - Driver capabilities: Capabilities {acceptInsecureCerts: false, base.url: https://kanbo.netlify.app/, browserName: chrome, chrome.driver: src/test/resources/webdrive..., driver: chrome, goog:chromeOptions: {args: [], extensions: []}}
05:05:16.772 [AsyncHttpClient-1-7] DEBUG org.asynchttpclient.netty.channel.NettyConnectListener - Using new Channel '[id: 0xeb701072, L:/127.0.0.1:64865 - R:localhost/127.0.0.1:54423]' for 'POST' to '/session'
05:05:18.045 [AsyncHttpClient-1-7] DEBUG org.asynchttpclient.netty.handler.HttpHandler - 

Request DefaultHttpRequest(decodeResult: success, version: HTTP/1.1)
POST /session HTTP/1.1
User-Agent: selenium/4.1.2 (java windows)
Content-Length: 612
Content-Type: application/json; charset=utf-8
host: localhost:54423
accept: */*

Response DefaultHttpResponse(decodeResult: success, version: HTTP/1.1)
HTTP/1.1 200 OK
Content-Type: application/json; charset=utf-8
cache-control: no-cache
content-length: 790

05:05:18.045 [AsyncHttpClient-1-7] DEBUG org.asynchttpclient.netty.channel.ChannelManager - Adding key: http://localhost:54423 for channel [id: 0xeb701072, L:/127.0.0.1:64865 - R:localhost/127.0.0.1:54423]
05:05:18.070 [AsyncHttpClient-1-8] DEBUG org.asynchttpclient.netty.channel.NettyConnectListener - Using new Channel '[id: 0xce929de8, L:/127.0.0.1:64872 - R:localhost/127.0.0.1:64866]' for 'GET' to '/json/version'
05:05:18.071 [AsyncHttpClient-1-8] DEBUG org.asynchttpclient.netty.handler.HttpHandler - 

Request DefaultFullHttpRequest(decodeResult: success, version: HTTP/1.1, content: EmptyByteBufBE)
GET /json/version HTTP/1.1
User-Agent: selenium/4.1.2 (java windows)
host: localhost:64866
accept: */*

Response DefaultHttpResponse(decodeResult: success, version: HTTP/1.1)
HTTP/1.1 200 OK
Content-Type: application/json; charset=UTF-8
content-length: 429

05:05:18.071 [AsyncHttpClient-1-8] DEBUG org.asynchttpclient.netty.channel.ChannelManager - Adding key: http://localhost:64866 for channel [id: 0xce929de8, L:/127.0.0.1:64872 - R:localhost/127.0.0.1:64866]
05:05:18.075 [AsyncHttpClient-1-9] DEBUG org.asynchttpclient.netty.channel.NettyConnectListener - Using new Channel '[id: 0x5421f5bd, L:/127.0.0.1:64873 - R:localhost/127.0.0.1:64866]' for 'GET' to '/devtools/browser/3653f59b-0282-44fb-a201-c209f0f71628'
05:05:18.081 [AsyncHttpClient-1-9] DEBUG org.asynchttpclient.netty.handler.WebSocketHandler - 

Request DefaultFullHttpRequest(decodeResult: success, version: HTTP/1.1, content: EmptyByteBufBE)
GET /devtools/browser/3653f59b-0282-44fb-a201-c209f0f71628 HTTP/1.1
upgrade: websocket
connection: upgrade
sec-websocket-key: QGFzCls924LColU6+d7KRQ==
sec-websocket-version: 13
origin: http://localhost:64866
host: localhost:64866
accept: */*
user-agent: AHC/2.1

Response DefaultHttpResponse(decodeResult: success, version: HTTP/1.1)
HTTP/1.1 101 WebSocket Protocol Handshake
Upgrade: WebSocket
Connection: Upgrade
Sec-WebSocket-Accept: 2mbmrNaxgySNUPMz9kYWicH14Tg=

05:05:18.138 [Forwarding setCurrentWindowSize on session 52ccc74038e8d8a9cbfda3c8a4fb0d94 to remote] DEBUG org.asynchttpclient.netty.request.NettyRequestSender - Using pooled Channel '[id: 0xeb701072, L:/127.0.0.1:64865 - R:localhost/127.0.0.1:54423]' for 'POST' to 'http://localhost:54423/session/52ccc74038e8d8a9cbfda3c8a4fb0d94/window/rect'
05:05:18.138 [Forwarding setCurrentWindowSize on session 52ccc74038e8d8a9cbfda3c8a4fb0d94 to remote] DEBUG org.asynchttpclient.netty.request.NettyRequestSender - Using open Channel [id: 0xeb701072, L:/127.0.0.1:64865 - R:localhost/127.0.0.1:54423] for POST '/session/52ccc74038e8d8a9cbfda3c8a4fb0d94/window/rect'
05:05:18.311 [AsyncHttpClient-1-7] DEBUG org.asynchttpclient.netty.handler.HttpHandler - 

Request DefaultHttpRequest(decodeResult: success, version: HTTP/1.1)
POST /session/52ccc74038e8d8a9cbfda3c8a4fb0d94/window/rect HTTP/1.1
User-Agent: selenium/4.1.2 (java windows)
Content-Length: 37
Content-Type: application/json; charset=utf-8
host: localhost:54423
accept: */*

Response DefaultHttpResponse(decodeResult: success, version: HTTP/1.1)
HTTP/1.1 200 OK
Content-Type: application/json; charset=utf-8
cache-control: no-cache
content-length: 51

05:05:18.311 [AsyncHttpClient-1-7] DEBUG org.asynchttpclient.netty.channel.ChannelManager - Adding key: http://localhost:54423 for channel [id: 0xeb701072, L:/127.0.0.1:64865 - R:localhost/127.0.0.1:54423]
05:05:18.312 [Forwarding setWindowPosition on session 52ccc74038e8d8a9cbfda3c8a4fb0d94 to remote] DEBUG org.asynchttpclient.netty.request.NettyRequestSender - Using pooled Channel '[id: 0xeb701072, L:/127.0.0.1:64865 - R:localhost/127.0.0.1:54423]' for 'POST' to 'http://localhost:54423/session/52ccc74038e8d8a9cbfda3c8a4fb0d94/window/rect'
05:05:18.313 [Forwarding setWindowPosition on session 52ccc74038e8d8a9cbfda3c8a4fb0d94 to remote] DEBUG org.asynchttpclient.netty.request.NettyRequestSender - Using open Channel [id: 0xeb701072, L:/127.0.0.1:64865 - R:localhost/127.0.0.1:54423] for POST '/session/52ccc74038e8d8a9cbfda3c8a4fb0d94/window/rect'
05:05:18.422 [AsyncHttpClient-1-7] DEBUG org.asynchttpclient.netty.handler.HttpHandler - 

Request DefaultHttpRequest(decodeResult: success, version: HTTP/1.1)
POST /session/52ccc74038e8d8a9cbfda3c8a4fb0d94/window/rect HTTP/1.1
User-Agent: selenium/4.1.2 (java windows)
Content-Length: 22
Content-Type: application/json; charset=utf-8
host: localhost:54423
accept: */*

Response DefaultHttpResponse(decodeResult: success, version: HTTP/1.1)
HTTP/1.1 200 OK
Content-Type: application/json; charset=utf-8
cache-control: no-cache
content-length: 49

05:05:18.422 [AsyncHttpClient-1-7] DEBUG org.asynchttpclient.netty.channel.ChannelManager - Adding key: http://localhost:54423 for channel [id: 0xeb701072, L:/127.0.0.1:64865 - R:localhost/127.0.0.1:54423]
05:05:18.424 [Forwarding get on session 52ccc74038e8d8a9cbfda3c8a4fb0d94 to remote] DEBUG org.asynchttpclient.netty.request.NettyRequestSender - Using pooled Channel '[id: 0xeb701072, L:/127.0.0.1:64865 - R:localhost/127.0.0.1:54423]' for 'POST' to 'http://localhost:54423/session/52ccc74038e8d8a9cbfda3c8a4fb0d94/url'
05:05:18.424 [Forwarding get on session 52ccc74038e8d8a9cbfda3c8a4fb0d94 to remote] DEBUG org.asynchttpclient.netty.request.NettyRequestSender - Using open Channel [id: 0xeb701072, L:/127.0.0.1:64865 - R:localhost/127.0.0.1:54423] for POST '/session/52ccc74038e8d8a9cbfda3c8a4fb0d94/url'
05:05:18.737 [AsyncHttpClient-1-1] DEBUG org.asynchttpclient.netty.channel.DefaultChannelPool - Entry count for : http://localhost:64866 : 1
05:05:19.835 [AsyncHttpClient-1-1] DEBUG org.asynchttpclient.netty.channel.DefaultChannelPool - Entry count for : http://localhost:64866 : 1
05:05:20.016 [AsyncHttpClient-1-7] DEBUG org.asynchttpclient.netty.handler.HttpHandler - 

Request DefaultHttpRequest(decodeResult: success, version: HTTP/1.1)
POST /session/52ccc74038e8d8a9cbfda3c8a4fb0d94/url HTTP/1.1
User-Agent: selenium/4.1.2 (java windows)
Content-Length: 56
Content-Type: application/json; charset=utf-8
host: localhost:54423
accept: */*

Response DefaultHttpResponse(decodeResult: success, version: HTTP/1.1)
HTTP/1.1 200 OK
Content-Type: application/json; charset=utf-8
cache-control: no-cache
content-length: 14

05:05:20.016 [AsyncHttpClient-1-7] DEBUG org.asynchttpclient.netty.channel.ChannelManager - Adding key: http://localhost:54423 for channel [id: 0xeb701072, L:/127.0.0.1:64865 - R:localhost/127.0.0.1:54423]
05:05:20.018 [Forwarding setTimeout on session 52ccc74038e8d8a9cbfda3c8a4fb0d94 to remote] DEBUG org.asynchttpclient.netty.request.NettyRequestSender - Using pooled Channel '[id: 0xeb701072, L:/127.0.0.1:64865 - R:localhost/127.0.0.1:54423]' for 'POST' to 'http://localhost:54423/session/52ccc74038e8d8a9cbfda3c8a4fb0d94/timeouts'
05:05:20.018 [Forwarding setTimeout on session 52ccc74038e8d8a9cbfda3c8a4fb0d94 to remote] DEBUG org.asynchttpclient.netty.request.NettyRequestSender - Using open Channel [id: 0xeb701072, L:/127.0.0.1:64865 - R:localhost/127.0.0.1:54423] for POST '/session/52ccc74038e8d8a9cbfda3c8a4fb0d94/timeouts'
05:05:20.021 [AsyncHttpClient-1-7] DEBUG org.asynchttpclient.netty.handler.HttpHandler - 

Request DefaultHttpRequest(decodeResult: success, version: HTTP/1.1)
POST /session/52ccc74038e8d8a9cbfda3c8a4fb0d94/timeouts HTTP/1.1
User-Agent: selenium/4.1.2 (java windows)
Content-Length: 22
Content-Type: application/json; charset=utf-8
host: localhost:54423
accept: */*

Response DefaultHttpResponse(decodeResult: success, version: HTTP/1.1)
HTTP/1.1 200 OK
Content-Type: application/json; charset=utf-8
cache-control: no-cache
content-length: 14

05:05:20.021 [AsyncHttpClient-1-7] DEBUG org.asynchttpclient.netty.channel.ChannelManager - Adding key: http://localhost:54423 for channel [id: 0xeb701072, L:/127.0.0.1:64865 - R:localhost/127.0.0.1:54423]
05:05:20.030 [Forwarding getCurrentUrl on session 52ccc74038e8d8a9cbfda3c8a4fb0d94 to remote] DEBUG org.asynchttpclient.netty.request.NettyRequestSender - Using pooled Channel '[id: 0xeb701072, L:/127.0.0.1:64865 - R:localhost/127.0.0.1:54423]' for 'GET' to 'http://localhost:54423/session/52ccc74038e8d8a9cbfda3c8a4fb0d94/url'
05:05:20.030 [Forwarding getCurrentUrl on session 52ccc74038e8d8a9cbfda3c8a4fb0d94 to remote] DEBUG org.asynchttpclient.netty.request.NettyRequestSender - Using open Channel [id: 0xeb701072, L:/127.0.0.1:64865 - R:localhost/127.0.0.1:54423] for GET '/session/52ccc74038e8d8a9cbfda3c8a4fb0d94/url'
05:05:20.063 [AsyncHttpClient-1-7] DEBUG org.asynchttpclient.netty.handler.HttpHandler - 

Request DefaultFullHttpRequest(decodeResult: success, version: HTTP/1.1, content: EmptyByteBufBE)
GET /session/52ccc74038e8d8a9cbfda3c8a4fb0d94/url HTTP/1.1
User-Agent: selenium/4.1.2 (java windows)
Cache-Control: no-cache
Content-Type: application/json; charset=utf-8
host: localhost:54423
accept: */*

Response DefaultHttpResponse(decodeResult: success, version: HTTP/1.1)
HTTP/1.1 200 OK
Content-Type: application/json; charset=utf-8
cache-control: no-cache
content-length: 38

05:05:20.064 [AsyncHttpClient-1-7] DEBUG org.asynchttpclient.netty.channel.ChannelManager - Adding key: http://localhost:54423 for channel [id: 0xeb701072, L:/127.0.0.1:64865 - R:localhost/127.0.0.1:54423]
05:05:20.073 [Forwarding getCurrentUrl on session 52ccc74038e8d8a9cbfda3c8a4fb0d94 to remote] DEBUG org.asynchttpclient.netty.request.NettyRequestSender - Using pooled Channel '[id: 0xeb701072, L:/127.0.0.1:64865 - R:localhost/127.0.0.1:54423]' for 'GET' to 'http://localhost:54423/session/52ccc74038e8d8a9cbfda3c8a4fb0d94/url'
05:05:20.073 [Forwarding getCurrentUrl on session 52ccc74038e8d8a9cbfda3c8a4fb0d94 to remote] DEBUG org.asynchttpclient.netty.request.NettyRequestSender - Using open Channel [id: 0xeb701072, L:/127.0.0.1:64865 - R:localhost/127.0.0.1:54423] for GET '/session/52ccc74038e8d8a9cbfda3c8a4fb0d94/url'
05:05:20.083 [AsyncHttpClient-1-7] DEBUG org.asynchttpclient.netty.handler.HttpHandler - 

Request DefaultFullHttpRequest(decodeResult: success, version: HTTP/1.1, content: EmptyByteBufBE)
GET /session/52ccc74038e8d8a9cbfda3c8a4fb0d94/url HTTP/1.1
User-Agent: selenium/4.1.2 (java windows)
Cache-Control: no-cache
Content-Type: application/json; charset=utf-8
host: localhost:54423
accept: */*

Response DefaultHttpResponse(decodeResult: success, version: HTTP/1.1)
HTTP/1.1 200 OK
Content-Type: application/json; charset=utf-8
cache-control: no-cache
content-length: 38

05:05:20.083 [AsyncHttpClient-1-7] DEBUG org.asynchttpclient.netty.channel.ChannelManager - Adding key: http://localhost:54423 for channel [id: 0xeb701072, L:/127.0.0.1:64865 - R:localhost/127.0.0.1:54423]
05:05:20.099 [Forwarding screenshot on session 52ccc74038e8d8a9cbfda3c8a4fb0d94 to remote] DEBUG org.asynchttpclient.netty.request.NettyRequestSender - Using pooled Channel '[id: 0xeb701072, L:/127.0.0.1:64865 - R:localhost/127.0.0.1:54423]' for 'GET' to 'http://localhost:54423/session/52ccc74038e8d8a9cbfda3c8a4fb0d94/screenshot'
05:05:20.099 [Forwarding screenshot on session 52ccc74038e8d8a9cbfda3c8a4fb0d94 to remote] DEBUG org.asynchttpclient.netty.request.NettyRequestSender - Using open Channel [id: 0xeb701072, L:/127.0.0.1:64865 - R:localhost/127.0.0.1:54423] for GET '/session/52ccc74038e8d8a9cbfda3c8a4fb0d94/screenshot'
05:05:20.494 [AsyncHttpClient-1-7] DEBUG org.asynchttpclient.netty.handler.HttpHandler - 

Request DefaultFullHttpRequest(decodeResult: success, version: HTTP/1.1, content: EmptyByteBufBE)
GET /session/52ccc74038e8d8a9cbfda3c8a4fb0d94/screenshot HTTP/1.1
User-Agent: selenium/4.1.2 (java windows)
Cache-Control: no-cache
Content-Type: application/json; charset=utf-8
host: localhost:54423
accept: */*

Response DefaultHttpResponse(decodeResult: success, version: HTTP/1.1)
HTTP/1.1 200 OK
Content-Type: application/json; charset=utf-8
cache-control: no-cache
content-length: 226248

05:05:20.495 [AsyncHttpClient-1-7] DEBUG org.asynchttpclient.netty.channel.ChannelManager - Adding key: http://localhost:54423 for channel [id: 0xeb701072, L:/127.0.0.1:64865 - R:localhost/127.0.0.1:54423]
05:05:20.516 [main] DEBUG net.serenitybdd.core.photography.Darkroom - Send negative for processing for target\site\serenity\2a5d2923b4b494a1ff0aeab781315180ab4dee3f7e8111246690078773e5a5c9.png
05:05:20.516 [main] DEBUG net.thucydides.core.steps.StepInterceptor - STEP DONE: openPage
05:05:20.533 [main] DEBUG net.thucydides.core.steps.StepInterceptor - STARTING STEP: LoginSteps.onLoginPage - validationOnloginPage
05:05:20.538 [Forwarding findElement on session 52ccc74038e8d8a9cbfda3c8a4fb0d94 to remote] DEBUG org.asynchttpclient.netty.request.NettyRequestSender - Using pooled Channel '[id: 0xeb701072, L:/127.0.0.1:64865 - R:localhost/127.0.0.1:54423]' for 'POST' to 'http://localhost:54423/session/52ccc74038e8d8a9cbfda3c8a4fb0d94/element'
05:05:20.539 [Forwarding findElement on session 52ccc74038e8d8a9cbfda3c8a4fb0d94 to remote] DEBUG org.asynchttpclient.netty.request.NettyRequestSender - Using open Channel [id: 0xeb701072, L:/127.0.0.1:64865 - R:localhost/127.0.0.1:54423] for POST '/session/52ccc74038e8d8a9cbfda3c8a4fb0d94/element'
05:05:20.573 [AsyncHttpClient-1-7] DEBUG org.asynchttpclient.netty.handler.HttpHandler - 

Request DefaultHttpRequest(decodeResult: success, version: HTTP/1.1)
POST /session/52ccc74038e8d8a9cbfda3c8a4fb0d94/element HTTP/1.1
User-Agent: selenium/4.1.2 (java windows)
Content-Length: 66
Content-Type: application/json; charset=utf-8
host: localhost:54423
accept: */*

Response DefaultHttpResponse(decodeResult: success, version: HTTP/1.1)
HTTP/1.1 200 OK
Content-Type: application/json; charset=utf-8
cache-control: no-cache
content-length: 88

05:05:20.574 [AsyncHttpClient-1-7] DEBUG org.asynchttpclient.netty.channel.ChannelManager - Adding key: http://localhost:54423 for channel [id: 0xeb701072, L:/127.0.0.1:64865 - R:localhost/127.0.0.1:54423]
05:05:20.581 [Forwarding isElementDisplayed on session 52ccc74038e8d8a9cbfda3c8a4fb0d94 to remote] DEBUG org.asynchttpclient.netty.request.NettyRequestSender - Using pooled Channel '[id: 0xeb701072, L:/127.0.0.1:64865 - R:localhost/127.0.0.1:54423]' for 'POST' to 'http://localhost:54423/session/52ccc74038e8d8a9cbfda3c8a4fb0d94/execute/sync'
05:05:20.581 [Forwarding isElementDisplayed on session 52ccc74038e8d8a9cbfda3c8a4fb0d94 to remote] DEBUG org.asynchttpclient.netty.request.NettyRequestSender - Using open Channel [id: 0xeb701072, L:/127.0.0.1:64865 - R:localhost/127.0.0.1:54423] for POST '/session/52ccc74038e8d8a9cbfda3c8a4fb0d94/execute/sync'
05:05:20.622 [AsyncHttpClient-1-7] DEBUG org.asynchttpclient.netty.handler.HttpHandler - 

Request DefaultHttpRequest(decodeResult: success, version: HTTP/1.1)
POST /session/52ccc74038e8d8a9cbfda3c8a4fb0d94/execute/sync HTTP/1.1
User-Agent: selenium/4.1.2 (java windows)
Content-Length: 48780
Content-Type: application/json; charset=utf-8
host: localhost:54423
accept: */*

Response DefaultHttpResponse(decodeResult: success, version: HTTP/1.1)
HTTP/1.1 200 OK
Content-Type: application/json; charset=utf-8
cache-control: no-cache
content-length: 14

05:05:20.622 [AsyncHttpClient-1-7] DEBUG org.asynchttpclient.netty.channel.ChannelManager - Adding key: http://localhost:54423 for channel [id: 0xeb701072, L:/127.0.0.1:64865 - R:localhost/127.0.0.1:54423]
05:05:20.634 [Forwarding screenshot on session 52ccc74038e8d8a9cbfda3c8a4fb0d94 to remote] DEBUG org.asynchttpclient.netty.request.NettyRequestSender - Using pooled Channel '[id: 0xeb701072, L:/127.0.0.1:64865 - R:localhost/127.0.0.1:54423]' for 'GET' to 'http://localhost:54423/session/52ccc74038e8d8a9cbfda3c8a4fb0d94/screenshot'
05:05:20.634 [Forwarding screenshot on session 52ccc74038e8d8a9cbfda3c8a4fb0d94 to remote] DEBUG org.asynchttpclient.netty.request.NettyRequestSender - Using open Channel [id: 0xeb701072, L:/127.0.0.1:64865 - R:localhost/127.0.0.1:54423] for GET '/session/52ccc74038e8d8a9cbfda3c8a4fb0d94/screenshot'
05:05:20.937 [AsyncHttpClient-1-1] DEBUG org.asynchttpclient.netty.channel.DefaultChannelPool - Entry count for : http://localhost:64866 : 1
05:05:21.032 [AsyncHttpClient-1-7] DEBUG org.asynchttpclient.netty.handler.HttpHandler - 

Request DefaultFullHttpRequest(decodeResult: success, version: HTTP/1.1, content: EmptyByteBufBE)
GET /session/52ccc74038e8d8a9cbfda3c8a4fb0d94/screenshot HTTP/1.1
User-Agent: selenium/4.1.2 (java windows)
Cache-Control: no-cache
Content-Type: application/json; charset=utf-8
host: localhost:54423
accept: */*

Response DefaultHttpResponse(decodeResult: success, version: HTTP/1.1)
HTTP/1.1 200 OK
Content-Type: application/json; charset=utf-8
cache-control: no-cache
content-length: 226248

05:05:21.033 [AsyncHttpClient-1-7] DEBUG org.asynchttpclient.netty.channel.ChannelManager - Adding key: http://localhost:54423 for channel [id: 0xeb701072, L:/127.0.0.1:64865 - R:localhost/127.0.0.1:54423]
05:05:21.055 [main] DEBUG net.serenitybdd.core.photography.Darkroom - Send negative for processing for target\site\serenity\2a5d2923b4b494a1ff0aeab781315180ab4dee3f7e8111246690078773e5a5c9.png
05:05:21.056 [main] DEBUG net.thucydides.core.steps.StepInterceptor - STEP DONE: validationOnloginPage
  &amp#27;[32mGiven &amp#27;[0m&amp#27;[32mi am on the login page&amp#27;[0m                       &amp#27;[90m# starter.stepdefenitions.LoginSteps.onLoginPage()&amp#27;[0m
05:05:21.098 [main] DEBUG net.thucydides.core.steps.StepInterceptor - STARTING STEP: LoginSteps.inputValidEmail - inputEmail
05:05:21.106 [Forwarding findElement on session 52ccc74038e8d8a9cbfda3c8a4fb0d94 to remote] DEBUG org.asynchttpclient.netty.request.NettyRequestSender - Using pooled Channel '[id: 0xeb701072, L:/127.0.0.1:64865 - R:localhost/127.0.0.1:54423]' for 'POST' to 'http://localhost:54423/session/52ccc74038e8d8a9cbfda3c8a4fb0d94/element'
05:05:21.106 [Forwarding findElement on session 52ccc74038e8d8a9cbfda3c8a4fb0d94 to remote] DEBUG org.asynchttpclient.netty.request.NettyRequestSender - Using open Channel [id: 0xeb701072, L:/127.0.0.1:64865 - R:localhost/127.0.0.1:54423] for POST '/session/52ccc74038e8d8a9cbfda3c8a4fb0d94/element'
05:05:21.131 [AsyncHttpClient-1-7] DEBUG org.asynchttpclient.netty.handler.HttpHandler - 

Request DefaultHttpRequest(decodeResult: success, version: HTTP/1.1)
POST /session/52ccc74038e8d8a9cbfda3c8a4fb0d94/element HTTP/1.1
User-Agent: selenium/4.1.2 (java windows)
Content-Length: 76
Content-Type: application/json; charset=utf-8
host: localhost:54423
accept: */*

Response DefaultHttpResponse(decodeResult: success, version: HTTP/1.1)
HTTP/1.1 200 OK
Content-Type: application/json; charset=utf-8
cache-control: no-cache
content-length: 88

05:05:21.131 [AsyncHttpClient-1-7] DEBUG org.asynchttpclient.netty.channel.ChannelManager - Adding key: http://localhost:54423 for channel [id: 0xeb701072, L:/127.0.0.1:64865 - R:localhost/127.0.0.1:54423]
05:05:21.133 [Forwarding clearElement on session 52ccc74038e8d8a9cbfda3c8a4fb0d94 to remote] DEBUG org.asynchttpclient.netty.request.NettyRequestSender - Using pooled Channel '[id: 0xeb701072, L:/127.0.0.1:64865 - R:localhost/127.0.0.1:54423]' for 'POST' to 'http://localhost:54423/session/52ccc74038e8d8a9cbfda3c8a4fb0d94/element/b0bdb5a6-ff7a-4ef8-8321-658cb3b21f35/clear'
05:05:21.133 [Forwarding clearElement on session 52ccc74038e8d8a9cbfda3c8a4fb0d94 to remote] DEBUG org.asynchttpclient.netty.request.NettyRequestSender - Using open Channel [id: 0xeb701072, L:/127.0.0.1:64865 - R:localhost/127.0.0.1:54423] for POST '/session/52ccc74038e8d8a9cbfda3c8a4fb0d94/element/b0bdb5a6-ff7a-4ef8-8321-658cb3b21f35/clear'
05:05:21.224 [AsyncHttpClient-1-7] DEBUG org.asynchttpclient.netty.handler.HttpHandler - 

Request DefaultHttpRequest(decodeResult: success, version: HTTP/1.1)
POST /session/52ccc74038e8d8a9cbfda3c8a4fb0d94/element/b0bdb5a6-ff7a-4ef8-8321-658cb3b21f35/clear HTTP/1.1
User-Agent: selenium/4.1.2 (java windows)
Content-Length: 50
Content-Type: application/json; charset=utf-8
host: localhost:54423
accept: */*

Response DefaultHttpResponse(decodeResult: success, version: HTTP/1.1)
HTTP/1.1 200 OK
Content-Type: application/json; charset=utf-8
cache-control: no-cache
content-length: 14

05:05:21.224 [AsyncHttpClient-1-7] DEBUG org.asynchttpclient.netty.channel.ChannelManager - Adding key: http://localhost:54423 for channel [id: 0xeb701072, L:/127.0.0.1:64865 - R:localhost/127.0.0.1:54423]
05:05:21.227 [Forwarding sendKeysToElement on session 52ccc74038e8d8a9cbfda3c8a4fb0d94 to remote] DEBUG org.asynchttpclient.netty.request.NettyRequestSender - Using pooled Channel '[id: 0xeb701072, L:/127.0.0.1:64865 - R:localhost/127.0.0.1:54423]' for 'POST' to 'http://localhost:54423/session/52ccc74038e8d8a9cbfda3c8a4fb0d94/element/b0bdb5a6-ff7a-4ef8-8321-658cb3b21f35/value'
05:05:21.227 [Forwarding sendKeysToElement on session 52ccc74038e8d8a9cbfda3c8a4fb0d94 to remote] DEBUG org.asynchttpclient.netty.request.NettyRequestSender - Using open Channel [id: 0xeb701072, L:/127.0.0.1:64865 - R:localhost/127.0.0.1:54423] for POST '/session/52ccc74038e8d8a9cbfda3c8a4fb0d94/element/b0bdb5a6-ff7a-4ef8-8321-658cb3b21f35/value'
05:05:21.475 [AsyncHttpClient-1-7] DEBUG org.asynchttpclient.netty.handler.HttpHandler - 

Request DefaultHttpRequest(decodeResult: success, version: HTTP/1.1)
POST /session/52ccc74038e8d8a9cbfda3c8a4fb0d94/element/b0bdb5a6-ff7a-4ef8-8321-658cb3b21f35/value HTTP/1.1
User-Agent: selenium/4.1.2 (java windows)
Content-Length: 261
Content-Type: application/json; charset=utf-8
host: localhost:54423
accept: */*

Response DefaultHttpResponse(decodeResult: success, version: HTTP/1.1)
HTTP/1.1 200 OK
Content-Type: application/json; charset=utf-8
cache-control: no-cache
content-length: 14

05:05:21.475 [AsyncHttpClient-1-7] DEBUG org.asynchttpclient.netty.channel.ChannelManager - Adding key: http://localhost:54423 for channel [id: 0xeb701072, L:/127.0.0.1:64865 - R:localhost/127.0.0.1:54423]
05:05:21.488 [Forwarding screenshot on session 52ccc74038e8d8a9cbfda3c8a4fb0d94 to remote] DEBUG org.asynchttpclient.netty.request.NettyRequestSender - Using pooled Channel '[id: 0xeb701072, L:/127.0.0.1:64865 - R:localhost/127.0.0.1:54423]' for 'GET' to 'http://localhost:54423/session/52ccc74038e8d8a9cbfda3c8a4fb0d94/screenshot'
05:05:21.488 [Forwarding screenshot on session 52ccc74038e8d8a9cbfda3c8a4fb0d94 to remote] DEBUG org.asynchttpclient.netty.request.NettyRequestSender - Using open Channel [id: 0xeb701072, L:/127.0.0.1:64865 - R:localhost/127.0.0.1:54423] for GET '/session/52ccc74038e8d8a9cbfda3c8a4fb0d94/screenshot'
05:05:21.878 [AsyncHttpClient-1-7] DEBUG org.asynchttpclient.netty.handler.HttpHandler - 

Request DefaultFullHttpRequest(decodeResult: success, version: HTTP/1.1, content: EmptyByteBufBE)
GET /session/52ccc74038e8d8a9cbfda3c8a4fb0d94/screenshot HTTP/1.1
User-Agent: selenium/4.1.2 (java windows)
Cache-Control: no-cache
Content-Type: application/json; charset=utf-8
host: localhost:54423
accept: */*

Response DefaultHttpResponse(decodeResult: success, version: HTTP/1.1)
HTTP/1.1 200 OK
Content-Type: application/json; charset=utf-8
cache-control: no-cache
content-length: 231396

05:05:21.879 [AsyncHttpClient-1-7] DEBUG org.asynchttpclient.netty.channel.ChannelManager - Adding key: http://localhost:54423 for channel [id: 0xeb701072, L:/127.0.0.1:64865 - R:localhost/127.0.0.1:54423]
05:05:21.900 [main] DEBUG net.serenitybdd.core.photography.Darkroom - Send negative for processing for target\site\serenity\b3868473e2b79f40f8dab620f33c839d85b92d940d318baf66bea1557b15d68d.png
05:05:21.900 [main] DEBUG net.thucydides.core.steps.StepInterceptor - STEP DONE: inputEmail
  &amp#27;[32mWhen &amp#27;[0m&amp#27;[32mi input valid email&amp#27;[0m                           &amp#27;[90m# starter.stepdefenitions.LoginSteps.inputValidEmail()&amp#27;[0m
05:05:21.936 [main] DEBUG net.thucydides.core.steps.StepInterceptor - STARTING STEP: LoginSteps.inputValidPassword - showPass
05:05:21.943 [Forwarding findElement on session 52ccc74038e8d8a9cbfda3c8a4fb0d94 to remote] DEBUG org.asynchttpclient.netty.request.NettyRequestSender - Using pooled Channel '[id: 0xeb701072, L:/127.0.0.1:64865 - R:localhost/127.0.0.1:54423]' for 'POST' to 'http://localhost:54423/session/52ccc74038e8d8a9cbfda3c8a4fb0d94/element'
05:05:21.944 [Forwarding findElement on session 52ccc74038e8d8a9cbfda3c8a4fb0d94 to remote] DEBUG org.asynchttpclient.netty.request.NettyRequestSender - Using open Channel [id: 0xeb701072, L:/127.0.0.1:64865 - R:localhost/127.0.0.1:54423] for POST '/session/52ccc74038e8d8a9cbfda3c8a4fb0d94/element'
05:05:21.968 [AsyncHttpClient-1-7] DEBUG org.asynchttpclient.netty.handler.HttpHandler - 

Request DefaultHttpRequest(decodeResult: success, version: HTTP/1.1)
POST /session/52ccc74038e8d8a9cbfda3c8a4fb0d94/element HTTP/1.1
User-Agent: selenium/4.1.2 (java windows)
Content-Length: 95
Content-Type: application/json; charset=utf-8
host: localhost:54423
accept: */*

Response DefaultHttpResponse(decodeResult: success, version: HTTP/1.1)
HTTP/1.1 200 OK
Content-Type: application/json; charset=utf-8
cache-control: no-cache
content-length: 88

05:05:21.968 [AsyncHttpClient-1-7] DEBUG org.asynchttpclient.netty.channel.ChannelManager - Adding key: http://localhost:54423 for channel [id: 0xeb701072, L:/127.0.0.1:64865 - R:localhost/127.0.0.1:54423]
05:05:21.971 [Forwarding getElementTagName on session 52ccc74038e8d8a9cbfda3c8a4fb0d94 to remote] DEBUG org.asynchttpclient.netty.request.NettyRequestSender - Using pooled Channel '[id: 0xeb701072, L:/127.0.0.1:64865 - R:localhost/127.0.0.1:54423]' for 'GET' to 'http://localhost:54423/session/52ccc74038e8d8a9cbfda3c8a4fb0d94/element/04de1b3c-21a9-4406-b90b-ce4a2a577e91/name'
05:05:21.971 [Forwarding getElementTagName on session 52ccc74038e8d8a9cbfda3c8a4fb0d94 to remote] DEBUG org.asynchttpclient.netty.request.NettyRequestSender - Using open Channel [id: 0xeb701072, L:/127.0.0.1:64865 - R:localhost/127.0.0.1:54423] for GET '/session/52ccc74038e8d8a9cbfda3c8a4fb0d94/element/04de1b3c-21a9-4406-b90b-ce4a2a577e91/name'
05:05:21.979 [AsyncHttpClient-1-7] DEBUG org.asynchttpclient.netty.handler.HttpHandler - 

Request DefaultFullHttpRequest(decodeResult: success, version: HTTP/1.1, content: EmptyByteBufBE)
GET /session/52ccc74038e8d8a9cbfda3c8a4fb0d94/element/04de1b3c-21a9-4406-b90b-ce4a2a577e91/name HTTP/1.1
User-Agent: selenium/4.1.2 (java windows)
Cache-Control: no-cache
Content-Type: application/json; charset=utf-8
host: localhost:54423
accept: */*

Response DefaultHttpResponse(decodeResult: success, version: HTTP/1.1)
HTTP/1.1 200 OK
Content-Type: application/json; charset=utf-8
cache-control: no-cache
content-length: 16

05:05:21.979 [AsyncHttpClient-1-7] DEBUG org.asynchttpclient.netty.channel.ChannelManager - Adding key: http://localhost:54423 for channel [id: 0xeb701072, L:/127.0.0.1:64865 - R:localhost/127.0.0.1:54423]
05:05:21.981 [Forwarding getElementTagName on session 52ccc74038e8d8a9cbfda3c8a4fb0d94 to remote] DEBUG org.asynchttpclient.netty.request.NettyRequestSender - Using pooled Channel '[id: 0xeb701072, L:/127.0.0.1:64865 - R:localhost/127.0.0.1:54423]' for 'GET' to 'http://localhost:54423/session/52ccc74038e8d8a9cbfda3c8a4fb0d94/element/04de1b3c-21a9-4406-b90b-ce4a2a577e91/name'
05:05:21.981 [Forwarding getElementTagName on session 52ccc74038e8d8a9cbfda3c8a4fb0d94 to remote] DEBUG org.asynchttpclient.netty.request.NettyRequestSender - Using open Channel [id: 0xeb701072, L:/127.0.0.1:64865 - R:localhost/127.0.0.1:54423] for GET '/session/52ccc74038e8d8a9cbfda3c8a4fb0d94/element/04de1b3c-21a9-4406-b90b-ce4a2a577e91/name'
05:05:21.989 [AsyncHttpClient-1-7] DEBUG org.asynchttpclient.netty.handler.HttpHandler - 

Request DefaultFullHttpRequest(decodeResult: success, version: HTTP/1.1, content: EmptyByteBufBE)
GET /session/52ccc74038e8d8a9cbfda3c8a4fb0d94/element/04de1b3c-21a9-4406-b90b-ce4a2a577e91/name HTTP/1.1
User-Agent: selenium/4.1.2 (java windows)
Cache-Control: no-cache
Content-Type: application/json; charset=utf-8
host: localhost:54423
accept: */*

Response DefaultHttpResponse(decodeResult: success, version: HTTP/1.1)
HTTP/1.1 200 OK
Content-Type: application/json; charset=utf-8
cache-control: no-cache
content-length: 16

05:05:21.989 [AsyncHttpClient-1-7] DEBUG org.asynchttpclient.netty.channel.ChannelManager - Adding key: http://localhost:54423 for channel [id: 0xeb701072, L:/127.0.0.1:64865 - R:localhost/127.0.0.1:54423]
05:05:21.992 [Forwarding findElement on session 52ccc74038e8d8a9cbfda3c8a4fb0d94 to remote] DEBUG org.asynchttpclient.netty.request.NettyRequestSender - Using pooled Channel '[id: 0xeb701072, L:/127.0.0.1:64865 - R:localhost/127.0.0.1:54423]' for 'POST' to 'http://localhost:54423/session/52ccc74038e8d8a9cbfda3c8a4fb0d94/element'
05:05:21.992 [Forwarding findElement on session 52ccc74038e8d8a9cbfda3c8a4fb0d94 to remote] DEBUG org.asynchttpclient.netty.request.NettyRequestSender - Using open Channel [id: 0xeb701072, L:/127.0.0.1:64865 - R:localhost/127.0.0.1:54423] for POST '/session/52ccc74038e8d8a9cbfda3c8a4fb0d94/element'
05:05:22.005 [AsyncHttpClient-1-7] DEBUG org.asynchttpclient.netty.handler.HttpHandler - 

Request DefaultHttpRequest(decodeResult: success, version: HTTP/1.1)
POST /session/52ccc74038e8d8a9cbfda3c8a4fb0d94/element HTTP/1.1
User-Agent: selenium/4.1.2 (java windows)
Content-Length: 95
Content-Type: application/json; charset=utf-8
host: localhost:54423
accept: */*

Response DefaultHttpResponse(decodeResult: success, version: HTTP/1.1)
HTTP/1.1 200 OK
Content-Type: application/json; charset=utf-8
cache-control: no-cache
content-length: 88

05:05:22.005 [AsyncHttpClient-1-7] DEBUG org.asynchttpclient.netty.channel.ChannelManager - Adding key: http://localhost:54423 for channel [id: 0xeb701072, L:/127.0.0.1:64865 - R:localhost/127.0.0.1:54423]
05:05:22.007 [Forwarding clickElement on session 52ccc74038e8d8a9cbfda3c8a4fb0d94 to remote] DEBUG org.asynchttpclient.netty.request.NettyRequestSender - Using pooled Channel '[id: 0xeb701072, L:/127.0.0.1:64865 - R:localhost/127.0.0.1:54423]' for 'POST' to 'http://localhost:54423/session/52ccc74038e8d8a9cbfda3c8a4fb0d94/element/04de1b3c-21a9-4406-b90b-ce4a2a577e91/click'
05:05:22.007 [Forwarding clickElement on session 52ccc74038e8d8a9cbfda3c8a4fb0d94 to remote] DEBUG org.asynchttpclient.netty.request.NettyRequestSender - Using open Channel [id: 0xeb701072, L:/127.0.0.1:64865 - R:localhost/127.0.0.1:54423] for POST '/session/52ccc74038e8d8a9cbfda3c8a4fb0d94/element/04de1b3c-21a9-4406-b90b-ce4a2a577e91/click'
05:05:22.032 [AsyncHttpClient-1-1] DEBUG org.asynchttpclient.netty.channel.DefaultChannelPool - Entry count for : http://localhost:64866 : 1
05:05:22.106 [AsyncHttpClient-1-7] DEBUG org.asynchttpclient.netty.handler.HttpHandler - 

Request DefaultHttpRequest(decodeResult: success, version: HTTP/1.1)
POST /session/52ccc74038e8d8a9cbfda3c8a4fb0d94/element/04de1b3c-21a9-4406-b90b-ce4a2a577e91/click HTTP/1.1
User-Agent: selenium/4.1.2 (java windows)
Content-Length: 50
Content-Type: application/json; charset=utf-8
host: localhost:54423
accept: */*

Response DefaultHttpResponse(decodeResult: success, version: HTTP/1.1)
HTTP/1.1 200 OK
Content-Type: application/json; charset=utf-8
cache-control: no-cache
content-length: 14

05:05:22.107 [AsyncHttpClient-1-7] DEBUG org.asynchttpclient.netty.channel.ChannelManager - Adding key: http://localhost:54423 for channel [id: 0xeb701072, L:/127.0.0.1:64865 - R:localhost/127.0.0.1:54423]
05:05:22.120 [Forwarding screenshot on session 52ccc74038e8d8a9cbfda3c8a4fb0d94 to remote] DEBUG org.asynchttpclient.netty.request.NettyRequestSender - Using pooled Channel '[id: 0xeb701072, L:/127.0.0.1:64865 - R:localhost/127.0.0.1:54423]' for 'GET' to 'http://localhost:54423/session/52ccc74038e8d8a9cbfda3c8a4fb0d94/screenshot'
05:05:22.120 [Forwarding screenshot on session 52ccc74038e8d8a9cbfda3c8a4fb0d94 to remote] DEBUG org.asynchttpclient.netty.request.NettyRequestSender - Using open Channel [id: 0xeb701072, L:/127.0.0.1:64865 - R:localhost/127.0.0.1:54423] for GET '/session/52ccc74038e8d8a9cbfda3c8a4fb0d94/screenshot'
05:05:22.477 [AsyncHttpClient-1-7] DEBUG org.asynchttpclient.netty.handler.HttpHandler - 

Request DefaultFullHttpRequest(decodeResult: success, version: HTTP/1.1, content: EmptyByteBufBE)
GET /session/52ccc74038e8d8a9cbfda3c8a4fb0d94/screenshot HTTP/1.1
User-Agent: selenium/4.1.2 (java windows)
Cache-Control: no-cache
Content-Type: application/json; charset=utf-8
host: localhost:54423
accept: */*

Response DefaultHttpResponse(decodeResult: success, version: HTTP/1.1)
HTTP/1.1 200 OK
Content-Type: application/json; charset=utf-8
cache-control: no-cache
content-length: 230264

05:05:22.478 [AsyncHttpClient-1-7] DEBUG org.asynchttpclient.netty.channel.ChannelManager - Adding key: http://localhost:54423 for channel [id: 0xeb701072, L:/127.0.0.1:64865 - R:localhost/127.0.0.1:54423]
05:05:22.498 [main] DEBUG net.serenitybdd.core.photography.Darkroom - Send negative for processing for target\site\serenity\1f64d945581aa112a9e326d75a198002832c07176f6f857cd0bc505a1c243bb1.png
05:05:22.499 [main] DEBUG net.thucydides.core.steps.StepInterceptor - STEP DONE: showPass
05:05:22.512 [main] DEBUG net.thucydides.core.steps.StepInterceptor - STARTING STEP: LoginSteps.inputValidPassword - inputPassword
05:05:22.531 [Forwarding findElement on session 52ccc74038e8d8a9cbfda3c8a4fb0d94 to remote] DEBUG org.asynchttpclient.netty.request.NettyRequestSender - Using pooled Channel '[id: 0xeb701072, L:/127.0.0.1:64865 - R:localhost/127.0.0.1:54423]' for 'POST' to 'http://localhost:54423/session/52ccc74038e8d8a9cbfda3c8a4fb0d94/element'
05:05:22.531 [Forwarding findElement on session 52ccc74038e8d8a9cbfda3c8a4fb0d94 to remote] DEBUG org.asynchttpclient.netty.request.NettyRequestSender - Using open Channel [id: 0xeb701072, L:/127.0.0.1:64865 - R:localhost/127.0.0.1:54423] for POST '/session/52ccc74038e8d8a9cbfda3c8a4fb0d94/element'
05:05:22.557 [AsyncHttpClient-1-7] DEBUG org.asynchttpclient.netty.handler.HttpHandler - 

Request DefaultHttpRequest(decodeResult: success, version: HTTP/1.1)
POST /session/52ccc74038e8d8a9cbfda3c8a4fb0d94/element HTTP/1.1
User-Agent: selenium/4.1.2 (java windows)
Content-Length: 63
Content-Type: application/json; charset=utf-8
host: localhost:54423
accept: */*

Response DefaultHttpResponse(decodeResult: success, version: HTTP/1.1)
HTTP/1.1 200 OK
Content-Type: application/json; charset=utf-8
cache-control: no-cache
content-length: 88

05:05:22.557 [AsyncHttpClient-1-7] DEBUG org.asynchttpclient.netty.channel.ChannelManager - Adding key: http://localhost:54423 for channel [id: 0xeb701072, L:/127.0.0.1:64865 - R:localhost/127.0.0.1:54423]
05:05:22.559 [Forwarding clearElement on session 52ccc74038e8d8a9cbfda3c8a4fb0d94 to remote] DEBUG org.asynchttpclient.netty.request.NettyRequestSender - Using pooled Channel '[id: 0xeb701072, L:/127.0.0.1:64865 - R:localhost/127.0.0.1:54423]' for 'POST' to 'http://localhost:54423/session/52ccc74038e8d8a9cbfda3c8a4fb0d94/element/29dffbd0-0d7e-4519-bafd-cdf0d8abdec8/clear'
05:05:22.559 [Forwarding clearElement on session 52ccc74038e8d8a9cbfda3c8a4fb0d94 to remote] DEBUG org.asynchttpclient.netty.request.NettyRequestSender - Using open Channel [id: 0xeb701072, L:/127.0.0.1:64865 - R:localhost/127.0.0.1:54423] for POST '/session/52ccc74038e8d8a9cbfda3c8a4fb0d94/element/29dffbd0-0d7e-4519-bafd-cdf0d8abdec8/clear'
05:05:22.634 [AsyncHttpClient-1-7] DEBUG org.asynchttpclient.netty.handler.HttpHandler - 

Request DefaultHttpRequest(decodeResult: success, version: HTTP/1.1)
POST /session/52ccc74038e8d8a9cbfda3c8a4fb0d94/element/29dffbd0-0d7e-4519-bafd-cdf0d8abdec8/clear HTTP/1.1
User-Agent: selenium/4.1.2 (java windows)
Content-Length: 50
Content-Type: application/json; charset=utf-8
host: localhost:54423
accept: */*

Response DefaultHttpResponse(decodeResult: success, version: HTTP/1.1)
HTTP/1.1 200 OK
Content-Type: application/json; charset=utf-8
cache-control: no-cache
content-length: 14

05:05:22.635 [AsyncHttpClient-1-7] DEBUG org.asynchttpclient.netty.channel.ChannelManager - Adding key: http://localhost:54423 for channel [id: 0xeb701072, L:/127.0.0.1:64865 - R:localhost/127.0.0.1:54423]
05:05:22.638 [Forwarding sendKeysToElement on session 52ccc74038e8d8a9cbfda3c8a4fb0d94 to remote] DEBUG org.asynchttpclient.netty.request.NettyRequestSender - Using pooled Channel '[id: 0xeb701072, L:/127.0.0.1:64865 - R:localhost/127.0.0.1:54423]' for 'POST' to 'http://localhost:54423/session/52ccc74038e8d8a9cbfda3c8a4fb0d94/element/29dffbd0-0d7e-4519-bafd-cdf0d8abdec8/value'
05:05:22.638 [Forwarding sendKeysToElement on session 52ccc74038e8d8a9cbfda3c8a4fb0d94 to remote] DEBUG org.asynchttpclient.netty.request.NettyRequestSender - Using open Channel [id: 0xeb701072, L:/127.0.0.1:64865 - R:localhost/127.0.0.1:54423] for POST '/session/52ccc74038e8d8a9cbfda3c8a4fb0d94/element/29dffbd0-0d7e-4519-bafd-cdf0d8abdec8/value'
05:05:22.798 [AsyncHttpClient-1-7] DEBUG org.asynchttpclient.netty.handler.HttpHandler - 

Request DefaultHttpRequest(decodeResult: success, version: HTTP/1.1)
POST /session/52ccc74038e8d8a9cbfda3c8a4fb0d94/element/29dffbd0-0d7e-4519-bafd-cdf0d8abdec8/value HTTP/1.1
User-Agent: selenium/4.1.2 (java windows)
Content-Length: 181
Content-Type: application/json; charset=utf-8
host: localhost:54423
accept: */*

Response DefaultHttpResponse(decodeResult: success, version: HTTP/1.1)
HTTP/1.1 200 OK
Content-Type: application/json; charset=utf-8
cache-control: no-cache
content-length: 14

05:05:22.798 [AsyncHttpClient-1-7] DEBUG org.asynchttpclient.netty.channel.ChannelManager - Adding key: http://localhost:54423 for channel [id: 0xeb701072, L:/127.0.0.1:64865 - R:localhost/127.0.0.1:54423]
05:05:22.812 [Forwarding screenshot on session 52ccc74038e8d8a9cbfda3c8a4fb0d94 to remote] DEBUG org.asynchttpclient.netty.request.NettyRequestSender - Using pooled Channel '[id: 0xeb701072, L:/127.0.0.1:64865 - R:localhost/127.0.0.1:54423]' for 'GET' to 'http://localhost:54423/session/52ccc74038e8d8a9cbfda3c8a4fb0d94/screenshot'
05:05:22.812 [Forwarding screenshot on session 52ccc74038e8d8a9cbfda3c8a4fb0d94 to remote] DEBUG org.asynchttpclient.netty.request.NettyRequestSender - Using open Channel [id: 0xeb701072, L:/127.0.0.1:64865 - R:localhost/127.0.0.1:54423] for GET '/session/52ccc74038e8d8a9cbfda3c8a4fb0d94/screenshot'
05:05:23.134 [AsyncHttpClient-1-1] DEBUG org.asynchttpclient.netty.channel.DefaultChannelPool - Entry count for : http://localhost:64866 : 1
05:05:23.184 [AsyncHttpClient-1-7] DEBUG org.asynchttpclient.netty.handler.HttpHandler - 

Request DefaultFullHttpRequest(decodeResult: success, version: HTTP/1.1, content: EmptyByteBufBE)
GET /session/52ccc74038e8d8a9cbfda3c8a4fb0d94/screenshot HTTP/1.1
User-Agent: selenium/4.1.2 (java windows)
Cache-Control: no-cache
Content-Type: application/json; charset=utf-8
host: localhost:54423
accept: */*

Response DefaultHttpResponse(decodeResult: success, version: HTTP/1.1)
HTTP/1.1 200 OK
Content-Type: application/json; charset=utf-8
cache-control: no-cache
content-length: 233392

05:05:23.186 [AsyncHttpClient-1-7] DEBUG org.asynchttpclient.netty.channel.ChannelManager - Adding key: http://localhost:54423 for channel [id: 0xeb701072, L:/127.0.0.1:64865 - R:localhost/127.0.0.1:54423]
05:05:23.207 [main] DEBUG net.serenitybdd.core.photography.Darkroom - Send negative for processing for target\site\serenity\3ece4fd11926f08c5bf85ce6af4bed34f7e08d6061a1a81642467700e67c8d73.png
05:05:23.207 [main] DEBUG net.thucydides.core.steps.StepInterceptor - STEP DONE: inputPassword
  &amp#27;[32mAnd &amp#27;[0m&amp#27;[32mi input valid password&amp#27;[0m                         &amp#27;[90m# starter.stepdefenitions.LoginSteps.inputValidPassword()&amp#27;[0m
05:05:23.237 [main] DEBUG net.thucydides.core.steps.StepInterceptor - STARTING STEP: LoginSteps.clickLoginButton - clickLoginButton
05:05:23.244 [Forwarding findElement on session 52ccc74038e8d8a9cbfda3c8a4fb0d94 to remote] DEBUG org.asynchttpclient.netty.request.NettyRequestSender - Using pooled Channel '[id: 0xeb701072, L:/127.0.0.1:64865 - R:localhost/127.0.0.1:54423]' for 'POST' to 'http://localhost:54423/session/52ccc74038e8d8a9cbfda3c8a4fb0d94/element'
05:05:23.244 [Forwarding findElement on session 52ccc74038e8d8a9cbfda3c8a4fb0d94 to remote] DEBUG org.asynchttpclient.netty.request.NettyRequestSender - Using open Channel [id: 0xeb701072, L:/127.0.0.1:64865 - R:localhost/127.0.0.1:54423] for POST '/session/52ccc74038e8d8a9cbfda3c8a4fb0d94/element'
05:05:23.257 [AsyncHttpClient-1-7] DEBUG org.asynchttpclient.netty.handler.HttpHandler - 

Request DefaultHttpRequest(decodeResult: success, version: HTTP/1.1)
POST /session/52ccc74038e8d8a9cbfda3c8a4fb0d94/element HTTP/1.1
User-Agent: selenium/4.1.2 (java windows)
Content-Length: 66
Content-Type: application/json; charset=utf-8
host: localhost:54423
accept: */*

Response DefaultHttpResponse(decodeResult: success, version: HTTP/1.1)
HTTP/1.1 200 OK
Content-Type: application/json; charset=utf-8
cache-control: no-cache
content-length: 88

05:05:23.258 [AsyncHttpClient-1-7] DEBUG org.asynchttpclient.netty.channel.ChannelManager - Adding key: http://localhost:54423 for channel [id: 0xeb701072, L:/127.0.0.1:64865 - R:localhost/127.0.0.1:54423]
05:05:23.260 [Forwarding getElementTagName on session 52ccc74038e8d8a9cbfda3c8a4fb0d94 to remote] DEBUG org.asynchttpclient.netty.request.NettyRequestSender - Using pooled Channel '[id: 0xeb701072, L:/127.0.0.1:64865 - R:localhost/127.0.0.1:54423]' for 'GET' to 'http://localhost:54423/session/52ccc74038e8d8a9cbfda3c8a4fb0d94/element/17cfc1c3-d1de-4746-8336-925a7953b0d8/name'
05:05:23.260 [Forwarding getElementTagName on session 52ccc74038e8d8a9cbfda3c8a4fb0d94 to remote] DEBUG org.asynchttpclient.netty.request.NettyRequestSender - Using open Channel [id: 0xeb701072, L:/127.0.0.1:64865 - R:localhost/127.0.0.1:54423] for GET '/session/52ccc74038e8d8a9cbfda3c8a4fb0d94/element/17cfc1c3-d1de-4746-8336-925a7953b0d8/name'
05:05:23.267 [AsyncHttpClient-1-7] DEBUG org.asynchttpclient.netty.handler.HttpHandler - 

Request DefaultFullHttpRequest(decodeResult: success, version: HTTP/1.1, content: EmptyByteBufBE)
GET /session/52ccc74038e8d8a9cbfda3c8a4fb0d94/element/17cfc1c3-d1de-4746-8336-925a7953b0d8/name HTTP/1.1
User-Agent: selenium/4.1.2 (java windows)
Cache-Control: no-cache
Content-Type: application/json; charset=utf-8
host: localhost:54423
accept: */*

Response DefaultHttpResponse(decodeResult: success, version: HTTP/1.1)
HTTP/1.1 200 OK
Content-Type: application/json; charset=utf-8
cache-control: no-cache
content-length: 18

05:05:23.267 [AsyncHttpClient-1-7] DEBUG org.asynchttpclient.netty.channel.ChannelManager - Adding key: http://localhost:54423 for channel [id: 0xeb701072, L:/127.0.0.1:64865 - R:localhost/127.0.0.1:54423]
05:05:23.269 [Forwarding getElementTagName on session 52ccc74038e8d8a9cbfda3c8a4fb0d94 to remote] DEBUG org.asynchttpclient.netty.request.NettyRequestSender - Using pooled Channel '[id: 0xeb701072, L:/127.0.0.1:64865 - R:localhost/127.0.0.1:54423]' for 'GET' to 'http://localhost:54423/session/52ccc74038e8d8a9cbfda3c8a4fb0d94/element/17cfc1c3-d1de-4746-8336-925a7953b0d8/name'
05:05:23.269 [Forwarding getElementTagName on session 52ccc74038e8d8a9cbfda3c8a4fb0d94 to remote] DEBUG org.asynchttpclient.netty.request.NettyRequestSender - Using open Channel [id: 0xeb701072, L:/127.0.0.1:64865 - R:localhost/127.0.0.1:54423] for GET '/session/52ccc74038e8d8a9cbfda3c8a4fb0d94/element/17cfc1c3-d1de-4746-8336-925a7953b0d8/name'
05:05:23.275 [AsyncHttpClient-1-7] DEBUG org.asynchttpclient.netty.handler.HttpHandler - 

Request DefaultFullHttpRequest(decodeResult: success, version: HTTP/1.1, content: EmptyByteBufBE)
GET /session/52ccc74038e8d8a9cbfda3c8a4fb0d94/element/17cfc1c3-d1de-4746-8336-925a7953b0d8/name HTTP/1.1
User-Agent: selenium/4.1.2 (java windows)
Cache-Control: no-cache
Content-Type: application/json; charset=utf-8
host: localhost:54423
accept: */*

Response DefaultHttpResponse(decodeResult: success, version: HTTP/1.1)
HTTP/1.1 200 OK
Content-Type: application/json; charset=utf-8
cache-control: no-cache
content-length: 18

05:05:23.275 [AsyncHttpClient-1-7] DEBUG org.asynchttpclient.netty.channel.ChannelManager - Adding key: http://localhost:54423 for channel [id: 0xeb701072, L:/127.0.0.1:64865 - R:localhost/127.0.0.1:54423]
05:05:23.279 [Forwarding isElementEnabled on session 52ccc74038e8d8a9cbfda3c8a4fb0d94 to remote] DEBUG org.asynchttpclient.netty.request.NettyRequestSender - Using pooled Channel '[id: 0xeb701072, L:/127.0.0.1:64865 - R:localhost/127.0.0.1:54423]' for 'GET' to 'http://localhost:54423/session/52ccc74038e8d8a9cbfda3c8a4fb0d94/element/17cfc1c3-d1de-4746-8336-925a7953b0d8/enabled'
05:05:23.279 [Forwarding isElementEnabled on session 52ccc74038e8d8a9cbfda3c8a4fb0d94 to remote] DEBUG org.asynchttpclient.netty.request.NettyRequestSender - Using open Channel [id: 0xeb701072, L:/127.0.0.1:64865 - R:localhost/127.0.0.1:54423] for GET '/session/52ccc74038e8d8a9cbfda3c8a4fb0d94/element/17cfc1c3-d1de-4746-8336-925a7953b0d8/enabled'
05:05:23.295 [AsyncHttpClient-1-7] DEBUG org.asynchttpclient.netty.handler.HttpHandler - 

Request DefaultFullHttpRequest(decodeResult: success, version: HTTP/1.1, content: EmptyByteBufBE)
GET /session/52ccc74038e8d8a9cbfda3c8a4fb0d94/element/17cfc1c3-d1de-4746-8336-925a7953b0d8/enabled HTTP/1.1
User-Agent: selenium/4.1.2 (java windows)
Cache-Control: no-cache
Content-Type: application/json; charset=utf-8
host: localhost:54423
accept: */*

Response DefaultHttpResponse(decodeResult: success, version: HTTP/1.1)
HTTP/1.1 200 OK
Content-Type: application/json; charset=utf-8
cache-control: no-cache
content-length: 14

05:05:23.295 [AsyncHttpClient-1-7] DEBUG org.asynchttpclient.netty.channel.ChannelManager - Adding key: http://localhost:54423 for channel [id: 0xeb701072, L:/127.0.0.1:64865 - R:localhost/127.0.0.1:54423]
05:05:23.296 [Forwarding isElementEnabled on session 52ccc74038e8d8a9cbfda3c8a4fb0d94 to remote] DEBUG org.asynchttpclient.netty.request.NettyRequestSender - Using pooled Channel '[id: 0xeb701072, L:/127.0.0.1:64865 - R:localhost/127.0.0.1:54423]' for 'GET' to 'http://localhost:54423/session/52ccc74038e8d8a9cbfda3c8a4fb0d94/element/17cfc1c3-d1de-4746-8336-925a7953b0d8/enabled'
05:05:23.297 [Forwarding isElementEnabled on session 52ccc74038e8d8a9cbfda3c8a4fb0d94 to remote] DEBUG org.asynchttpclient.netty.request.NettyRequestSender - Using open Channel [id: 0xeb701072, L:/127.0.0.1:64865 - R:localhost/127.0.0.1:54423] for GET '/session/52ccc74038e8d8a9cbfda3c8a4fb0d94/element/17cfc1c3-d1de-4746-8336-925a7953b0d8/enabled'
05:05:23.306 [AsyncHttpClient-1-7] DEBUG org.asynchttpclient.netty.handler.HttpHandler - 

Request DefaultFullHttpRequest(decodeResult: success, version: HTTP/1.1, content: EmptyByteBufBE)
GET /session/52ccc74038e8d8a9cbfda3c8a4fb0d94/element/17cfc1c3-d1de-4746-8336-925a7953b0d8/enabled HTTP/1.1
User-Agent: selenium/4.1.2 (java windows)
Cache-Control: no-cache
Content-Type: application/json; charset=utf-8
host: localhost:54423
accept: */*

Response DefaultHttpResponse(decodeResult: success, version: HTTP/1.1)
HTTP/1.1 200 OK
Content-Type: application/json; charset=utf-8
cache-control: no-cache
content-length: 14

05:05:23.306 [AsyncHttpClient-1-7] DEBUG org.asynchttpclient.netty.channel.ChannelManager - Adding key: http://localhost:54423 for channel [id: 0xeb701072, L:/127.0.0.1:64865 - R:localhost/127.0.0.1:54423]
05:05:23.309 [Forwarding findElement on session 52ccc74038e8d8a9cbfda3c8a4fb0d94 to remote] DEBUG org.asynchttpclient.netty.request.NettyRequestSender - Using pooled Channel '[id: 0xeb701072, L:/127.0.0.1:64865 - R:localhost/127.0.0.1:54423]' for 'POST' to 'http://localhost:54423/session/52ccc74038e8d8a9cbfda3c8a4fb0d94/element'
05:05:23.310 [Forwarding findElement on session 52ccc74038e8d8a9cbfda3c8a4fb0d94 to remote] DEBUG org.asynchttpclient.netty.request.NettyRequestSender - Using open Channel [id: 0xeb701072, L:/127.0.0.1:64865 - R:localhost/127.0.0.1:54423] for POST '/session/52ccc74038e8d8a9cbfda3c8a4fb0d94/element'
05:05:23.325 [AsyncHttpClient-1-7] DEBUG org.asynchttpclient.netty.handler.HttpHandler - 

Request DefaultHttpRequest(decodeResult: success, version: HTTP/1.1)
POST /session/52ccc74038e8d8a9cbfda3c8a4fb0d94/element HTTP/1.1
User-Agent: selenium/4.1.2 (java windows)
Content-Length: 66
Content-Type: application/json; charset=utf-8
host: localhost:54423
accept: */*

Response DefaultHttpResponse(decodeResult: success, version: HTTP/1.1)
HTTP/1.1 200 OK
Content-Type: application/json; charset=utf-8
cache-control: no-cache
content-length: 88

05:05:23.325 [AsyncHttpClient-1-7] DEBUG org.asynchttpclient.netty.channel.ChannelManager - Adding key: http://localhost:54423 for channel [id: 0xeb701072, L:/127.0.0.1:64865 - R:localhost/127.0.0.1:54423]
05:05:23.327 [Forwarding clickElement on session 52ccc74038e8d8a9cbfda3c8a4fb0d94 to remote] DEBUG org.asynchttpclient.netty.request.NettyRequestSender - Using pooled Channel '[id: 0xeb701072, L:/127.0.0.1:64865 - R:localhost/127.0.0.1:54423]' for 'POST' to 'http://localhost:54423/session/52ccc74038e8d8a9cbfda3c8a4fb0d94/element/17cfc1c3-d1de-4746-8336-925a7953b0d8/click'
05:05:23.327 [Forwarding clickElement on session 52ccc74038e8d8a9cbfda3c8a4fb0d94 to remote] DEBUG org.asynchttpclient.netty.request.NettyRequestSender - Using open Channel [id: 0xeb701072, L:/127.0.0.1:64865 - R:localhost/127.0.0.1:54423] for POST '/session/52ccc74038e8d8a9cbfda3c8a4fb0d94/element/17cfc1c3-d1de-4746-8336-925a7953b0d8/click'
05:05:23.411 [AsyncHttpClient-1-7] DEBUG org.asynchttpclient.netty.handler.HttpHandler - 

Request DefaultHttpRequest(decodeResult: success, version: HTTP/1.1)
POST /session/52ccc74038e8d8a9cbfda3c8a4fb0d94/element/17cfc1c3-d1de-4746-8336-925a7953b0d8/click HTTP/1.1
User-Agent: selenium/4.1.2 (java windows)
Content-Length: 50
Content-Type: application/json; charset=utf-8
host: localhost:54423
accept: */*

Response DefaultHttpResponse(decodeResult: success, version: HTTP/1.1)
HTTP/1.1 200 OK
Content-Type: application/json; charset=utf-8
cache-control: no-cache
content-length: 14

05:05:23.412 [AsyncHttpClient-1-7] DEBUG org.asynchttpclient.netty.channel.ChannelManager - Adding key: http://localhost:54423 for channel [id: 0xeb701072, L:/127.0.0.1:64865 - R:localhost/127.0.0.1:54423]
05:05:23.426 [Forwarding screenshot on session 52ccc74038e8d8a9cbfda3c8a4fb0d94 to remote] DEBUG org.asynchttpclient.netty.request.NettyRequestSender - Using pooled Channel '[id: 0xeb701072, L:/127.0.0.1:64865 - R:localhost/127.0.0.1:54423]' for 'GET' to 'http://localhost:54423/session/52ccc74038e8d8a9cbfda3c8a4fb0d94/screenshot'
05:05:23.426 [Forwarding screenshot on session 52ccc74038e8d8a9cbfda3c8a4fb0d94 to remote] DEBUG org.asynchttpclient.netty.request.NettyRequestSender - Using open Channel [id: 0xeb701072, L:/127.0.0.1:64865 - R:localhost/127.0.0.1:54423] for GET '/session/52ccc74038e8d8a9cbfda3c8a4fb0d94/screenshot'
05:05:23.809 [AsyncHttpClient-1-7] DEBUG org.asynchttpclient.netty.handler.HttpHandler - 

Request DefaultFullHttpRequest(decodeResult: success, version: HTTP/1.1, content: EmptyByteBufBE)
GET /session/52ccc74038e8d8a9cbfda3c8a4fb0d94/screenshot HTTP/1.1
User-Agent: selenium/4.1.2 (java windows)
Cache-Control: no-cache
Content-Type: application/json; charset=utf-8
host: localhost:54423
accept: */*

Response DefaultHttpResponse(decodeResult: success, version: HTTP/1.1)
HTTP/1.1 200 OK
Content-Type: application/json; charset=utf-8
cache-control: no-cache
content-length: 231088

05:05:23.811 [AsyncHttpClient-1-7] DEBUG org.asynchttpclient.netty.channel.ChannelManager - Adding key: http://localhost:54423 for channel [id: 0xeb701072, L:/127.0.0.1:64865 - R:localhost/127.0.0.1:54423]
05:05:23.830 [main] DEBUG net.serenitybdd.core.photography.Darkroom - Send negative for processing for target\site\serenity\ad4eac8545d86ff1f21e5ed20dc4809932140e15ead7bd40df09fe1eec8267a9.png
05:05:23.830 [main] DEBUG net.thucydides.core.steps.StepInterceptor - STEP DONE: clickLoginButton
  &amp#27;[32mAnd &amp#27;[0m&amp#27;[32mi click login button&amp#27;[0m                           &amp#27;[90m# starter.stepdefenitions.LoginSteps.clickLoginButton()&amp#27;[0m
05:05:23.863 [main] DEBUG net.thucydides.core.steps.StepInterceptor - STARTING STEP: LoginSteps.successLogin - validationDialog
05:05:23.868 [Forwarding findElement on session 52ccc74038e8d8a9cbfda3c8a4fb0d94 to remote] DEBUG org.asynchttpclient.netty.request.NettyRequestSender - Using pooled Channel '[id: 0xeb701072, L:/127.0.0.1:64865 - R:localhost/127.0.0.1:54423]' for 'POST' to 'http://localhost:54423/session/52ccc74038e8d8a9cbfda3c8a4fb0d94/element'
05:05:23.868 [Forwarding findElement on session 52ccc74038e8d8a9cbfda3c8a4fb0d94 to remote] DEBUG org.asynchttpclient.netty.request.NettyRequestSender - Using open Channel [id: 0xeb701072, L:/127.0.0.1:64865 - R:localhost/127.0.0.1:54423] for POST '/session/52ccc74038e8d8a9cbfda3c8a4fb0d94/element'
05:05:24.240 [AsyncHttpClient-1-1] DEBUG org.asynchttpclient.netty.channel.DefaultChannelPool - Entry count for : http://localhost:64866 : 1
05:05:24.570 [AsyncHttpClient-1-7] DEBUG org.asynchttpclient.netty.handler.HttpHandler - 

Request DefaultHttpRequest(decodeResult: success, version: HTTP/1.1)
POST /session/52ccc74038e8d8a9cbfda3c8a4fb0d94/element HTTP/1.1
User-Agent: selenium/4.1.2 (java windows)
Content-Length: 68
Content-Type: application/json; charset=utf-8
host: localhost:54423
accept: */*

Response DefaultHttpResponse(decodeResult: success, version: HTTP/1.1)
HTTP/1.1 200 OK
Content-Type: application/json; charset=utf-8
cache-control: no-cache
content-length: 88

05:05:24.570 [AsyncHttpClient-1-7] DEBUG org.asynchttpclient.netty.channel.ChannelManager - Adding key: http://localhost:54423 for channel [id: 0xeb701072, L:/127.0.0.1:64865 - R:localhost/127.0.0.1:54423]
05:05:24.580 [Forwarding isElementDisplayed on session 52ccc74038e8d8a9cbfda3c8a4fb0d94 to remote] DEBUG org.asynchttpclient.netty.request.NettyRequestSender - Using pooled Channel '[id: 0xeb701072, L:/127.0.0.1:64865 - R:localhost/127.0.0.1:54423]' for 'POST' to 'http://localhost:54423/session/52ccc74038e8d8a9cbfda3c8a4fb0d94/execute/sync'
05:05:24.580 [Forwarding isElementDisplayed on session 52ccc74038e8d8a9cbfda3c8a4fb0d94 to remote] DEBUG org.asynchttpclient.netty.request.NettyRequestSender - Using open Channel [id: 0xeb701072, L:/127.0.0.1:64865 - R:localhost/127.0.0.1:54423] for POST '/session/52ccc74038e8d8a9cbfda3c8a4fb0d94/execute/sync'
05:05:24.615 [AsyncHttpClient-1-7] DEBUG org.asynchttpclient.netty.handler.HttpHandler - 

Request DefaultHttpRequest(decodeResult: success, version: HTTP/1.1)
POST /session/52ccc74038e8d8a9cbfda3c8a4fb0d94/execute/sync HTTP/1.1
User-Agent: selenium/4.1.2 (java windows)
Content-Length: 48780
Content-Type: application/json; charset=utf-8
host: localhost:54423
accept: */*

Response DefaultHttpResponse(decodeResult: success, version: HTTP/1.1)
HTTP/1.1 200 OK
Content-Type: application/json; charset=utf-8
cache-control: no-cache
content-length: 14

05:05:24.615 [AsyncHttpClient-1-7] DEBUG org.asynchttpclient.netty.channel.ChannelManager - Adding key: http://localhost:54423 for channel [id: 0xeb701072, L:/127.0.0.1:64865 - R:localhost/127.0.0.1:54423]
05:05:24.627 [Forwarding screenshot on session 52ccc74038e8d8a9cbfda3c8a4fb0d94 to remote] DEBUG org.asynchttpclient.netty.request.NettyRequestSender - Using pooled Channel '[id: 0xeb701072, L:/127.0.0.1:64865 - R:localhost/127.0.0.1:54423]' for 'GET' to 'http://localhost:54423/session/52ccc74038e8d8a9cbfda3c8a4fb0d94/screenshot'
05:05:24.627 [Forwarding screenshot on session 52ccc74038e8d8a9cbfda3c8a4fb0d94 to remote] DEBUG org.asynchttpclient.netty.request.NettyRequestSender - Using open Channel [id: 0xeb701072, L:/127.0.0.1:64865 - R:localhost/127.0.0.1:54423] for GET '/session/52ccc74038e8d8a9cbfda3c8a4fb0d94/screenshot'
05:05:24.938 [AsyncHttpClient-1-7] DEBUG org.asynchttpclient.netty.handler.HttpHandler - 

Request DefaultFullHttpRequest(decodeResult: success, version: HTTP/1.1, content: EmptyByteBufBE)
GET /session/52ccc74038e8d8a9cbfda3c8a4fb0d94/screenshot HTTP/1.1
User-Agent: selenium/4.1.2 (java windows)
Cache-Control: no-cache
Content-Type: application/json; charset=utf-8
host: localhost:54423
accept: */*

Response DefaultHttpResponse(decodeResult: success, version: HTTP/1.1)
HTTP/1.1 200 OK
Content-Type: application/json; charset=utf-8
cache-control: no-cache
content-length: 126436

05:05:24.939 [AsyncHttpClient-1-7] DEBUG org.asynchttpclient.netty.channel.ChannelManager - Adding key: http://localhost:54423 for channel [id: 0xeb701072, L:/127.0.0.1:64865 - R:localhost/127.0.0.1:54423]
05:05:24.952 [main] DEBUG net.serenitybdd.core.photography.Darkroom - Send negative for processing for target\site\serenity\d5ec17555d967fba76c770bef95a79a87e969cc53dd7fa2f56e2eec3565aab1d.png
05:05:24.953 [main] DEBUG net.thucydides.core.steps.StepInterceptor - STEP DONE: validationDialog
05:05:24.953 [Darkroom Processing Line] DEBUG net.serenitybdd.core.photography.DarkroomProcessingLine - Processing screenshot image in /var/screenshots/screenshot-8303075566437839771
05:05:24.953 [Darkroom Processing Line] DEBUG net.serenitybdd.core.photography.DarkroomProcessingLine - Saving screenshot to target\site\serenity\d5ec17555d967fba76c770bef95a79a87e969cc53dd7fa2f56e2eec3565aab1d.png
05:05:24.965 [main] DEBUG net.thucydides.core.steps.StepInterceptor - STARTING STEP: LoginSteps.successLogin - clickSuccessButton
05:05:24.973 [Forwarding findElement on session 52ccc74038e8d8a9cbfda3c8a4fb0d94 to remote] DEBUG org.asynchttpclient.netty.request.NettyRequestSender - Using pooled Channel '[id: 0xeb701072, L:/127.0.0.1:64865 - R:localhost/127.0.0.1:54423]' for 'POST' to 'http://localhost:54423/session/52ccc74038e8d8a9cbfda3c8a4fb0d94/element'
05:05:24.973 [Forwarding findElement on session 52ccc74038e8d8a9cbfda3c8a4fb0d94 to remote] DEBUG org.asynchttpclient.netty.request.NettyRequestSender - Using open Channel [id: 0xeb701072, L:/127.0.0.1:64865 - R:localhost/127.0.0.1:54423] for POST '/session/52ccc74038e8d8a9cbfda3c8a4fb0d94/element'
05:05:24.998 [AsyncHttpClient-1-7] DEBUG org.asynchttpclient.netty.handler.HttpHandler - 

Request DefaultHttpRequest(decodeResult: success, version: HTTP/1.1)
POST /session/52ccc74038e8d8a9cbfda3c8a4fb0d94/element HTTP/1.1
User-Agent: selenium/4.1.2 (java windows)
Content-Length: 68
Content-Type: application/json; charset=utf-8
host: localhost:54423
accept: */*

Response DefaultHttpResponse(decodeResult: success, version: HTTP/1.1)
HTTP/1.1 200 OK
Content-Type: application/json; charset=utf-8
cache-control: no-cache
content-length: 88

05:05:24.998 [AsyncHttpClient-1-7] DEBUG org.asynchttpclient.netty.channel.ChannelManager - Adding key: http://localhost:54423 for channel [id: 0xeb701072, L:/127.0.0.1:64865 - R:localhost/127.0.0.1:54423]
05:05:25.000 [Forwarding getElementTagName on session 52ccc74038e8d8a9cbfda3c8a4fb0d94 to remote] DEBUG org.asynchttpclient.netty.request.NettyRequestSender - Using pooled Channel '[id: 0xeb701072, L:/127.0.0.1:64865 - R:localhost/127.0.0.1:54423]' for 'GET' to 'http://localhost:54423/session/52ccc74038e8d8a9cbfda3c8a4fb0d94/element/1d8e31b8-c0b4-45b9-9621-22d81c12283b/name'
05:05:25.000 [Forwarding getElementTagName on session 52ccc74038e8d8a9cbfda3c8a4fb0d94 to remote] DEBUG org.asynchttpclient.netty.request.NettyRequestSender - Using open Channel [id: 0xeb701072, L:/127.0.0.1:64865 - R:localhost/127.0.0.1:54423] for GET '/session/52ccc74038e8d8a9cbfda3c8a4fb0d94/element/1d8e31b8-c0b4-45b9-9621-22d81c12283b/name'
05:05:25.007 [AsyncHttpClient-1-7] DEBUG org.asynchttpclient.netty.handler.HttpHandler - 

Request DefaultFullHttpRequest(decodeResult: success, version: HTTP/1.1, content: EmptyByteBufBE)
GET /session/52ccc74038e8d8a9cbfda3c8a4fb0d94/element/1d8e31b8-c0b4-45b9-9621-22d81c12283b/name HTTP/1.1
User-Agent: selenium/4.1.2 (java windows)
Cache-Control: no-cache
Content-Type: application/json; charset=utf-8
host: localhost:54423
accept: */*

Response DefaultHttpResponse(decodeResult: success, version: HTTP/1.1)
HTTP/1.1 200 OK
Content-Type: application/json; charset=utf-8
cache-control: no-cache
content-length: 18

05:05:25.008 [AsyncHttpClient-1-7] DEBUG org.asynchttpclient.netty.channel.ChannelManager - Adding key: http://localhost:54423 for channel [id: 0xeb701072, L:/127.0.0.1:64865 - R:localhost/127.0.0.1:54423]
05:05:25.010 [Forwarding getElementTagName on session 52ccc74038e8d8a9cbfda3c8a4fb0d94 to remote] DEBUG org.asynchttpclient.netty.request.NettyRequestSender - Using pooled Channel '[id: 0xeb701072, L:/127.0.0.1:64865 - R:localhost/127.0.0.1:54423]' for 'GET' to 'http://localhost:54423/session/52ccc74038e8d8a9cbfda3c8a4fb0d94/element/1d8e31b8-c0b4-45b9-9621-22d81c12283b/name'
05:05:25.010 [Forwarding getElementTagName on session 52ccc74038e8d8a9cbfda3c8a4fb0d94 to remote] DEBUG org.asynchttpclient.netty.request.NettyRequestSender - Using open Channel [id: 0xeb701072, L:/127.0.0.1:64865 - R:localhost/127.0.0.1:54423] for GET '/session/52ccc74038e8d8a9cbfda3c8a4fb0d94/element/1d8e31b8-c0b4-45b9-9621-22d81c12283b/name'
05:05:25.015 [AsyncHttpClient-1-7] DEBUG org.asynchttpclient.netty.handler.HttpHandler - 

Request DefaultFullHttpRequest(decodeResult: success, version: HTTP/1.1, content: EmptyByteBufBE)
GET /session/52ccc74038e8d8a9cbfda3c8a4fb0d94/element/1d8e31b8-c0b4-45b9-9621-22d81c12283b/name HTTP/1.1
User-Agent: selenium/4.1.2 (java windows)
Cache-Control: no-cache
Content-Type: application/json; charset=utf-8
host: localhost:54423
accept: */*

Response DefaultHttpResponse(decodeResult: success, version: HTTP/1.1)
HTTP/1.1 200 OK
Content-Type: application/json; charset=utf-8
cache-control: no-cache
content-length: 18

05:05:25.015 [AsyncHttpClient-1-7] DEBUG org.asynchttpclient.netty.channel.ChannelManager - Adding key: http://localhost:54423 for channel [id: 0xeb701072, L:/127.0.0.1:64865 - R:localhost/127.0.0.1:54423]
05:05:25.020 [Forwarding isElementEnabled on session 52ccc74038e8d8a9cbfda3c8a4fb0d94 to remote] DEBUG org.asynchttpclient.netty.request.NettyRequestSender - Using pooled Channel '[id: 0xeb701072, L:/127.0.0.1:64865 - R:localhost/127.0.0.1:54423]' for 'GET' to 'http://localhost:54423/session/52ccc74038e8d8a9cbfda3c8a4fb0d94/element/1d8e31b8-c0b4-45b9-9621-22d81c12283b/enabled'
05:05:25.020 [Forwarding isElementEnabled on session 52ccc74038e8d8a9cbfda3c8a4fb0d94 to remote] DEBUG org.asynchttpclient.netty.request.NettyRequestSender - Using open Channel [id: 0xeb701072, L:/127.0.0.1:64865 - R:localhost/127.0.0.1:54423] for GET '/session/52ccc74038e8d8a9cbfda3c8a4fb0d94/element/1d8e31b8-c0b4-45b9-9621-22d81c12283b/enabled'
05:05:25.038 [AsyncHttpClient-1-7] DEBUG org.asynchttpclient.netty.handler.HttpHandler - 

Request DefaultFullHttpRequest(decodeResult: success, version: HTTP/1.1, content: EmptyByteBufBE)
GET /session/52ccc74038e8d8a9cbfda3c8a4fb0d94/element/1d8e31b8-c0b4-45b9-9621-22d81c12283b/enabled HTTP/1.1
User-Agent: selenium/4.1.2 (java windows)
Cache-Control: no-cache
Content-Type: application/json; charset=utf-8
host: localhost:54423
accept: */*

Response DefaultHttpResponse(decodeResult: success, version: HTTP/1.1)
HTTP/1.1 200 OK
Content-Type: application/json; charset=utf-8
cache-control: no-cache
content-length: 14

05:05:25.038 [AsyncHttpClient-1-7] DEBUG org.asynchttpclient.netty.channel.ChannelManager - Adding key: http://localhost:54423 for channel [id: 0xeb701072, L:/127.0.0.1:64865 - R:localhost/127.0.0.1:54423]
05:05:25.040 [Forwarding isElementEnabled on session 52ccc74038e8d8a9cbfda3c8a4fb0d94 to remote] DEBUG org.asynchttpclient.netty.request.NettyRequestSender - Using pooled Channel '[id: 0xeb701072, L:/127.0.0.1:64865 - R:localhost/127.0.0.1:54423]' for 'GET' to 'http://localhost:54423/session/52ccc74038e8d8a9cbfda3c8a4fb0d94/element/1d8e31b8-c0b4-45b9-9621-22d81c12283b/enabled'
05:05:25.040 [Forwarding isElementEnabled on session 52ccc74038e8d8a9cbfda3c8a4fb0d94 to remote] DEBUG org.asynchttpclient.netty.request.NettyRequestSender - Using open Channel [id: 0xeb701072, L:/127.0.0.1:64865 - R:localhost/127.0.0.1:54423] for GET '/session/52ccc74038e8d8a9cbfda3c8a4fb0d94/element/1d8e31b8-c0b4-45b9-9621-22d81c12283b/enabled'
05:05:25.050 [AsyncHttpClient-1-7] DEBUG org.asynchttpclient.netty.handler.HttpHandler - 

Request DefaultFullHttpRequest(decodeResult: success, version: HTTP/1.1, content: EmptyByteBufBE)
GET /session/52ccc74038e8d8a9cbfda3c8a4fb0d94/element/1d8e31b8-c0b4-45b9-9621-22d81c12283b/enabled HTTP/1.1
User-Agent: selenium/4.1.2 (java windows)
Cache-Control: no-cache
Content-Type: application/json; charset=utf-8
host: localhost:54423
accept: */*

Response DefaultHttpResponse(decodeResult: success, version: HTTP/1.1)
HTTP/1.1 200 OK
Content-Type: application/json; charset=utf-8
cache-control: no-cache
content-length: 14

05:05:25.051 [AsyncHttpClient-1-7] DEBUG org.asynchttpclient.netty.channel.ChannelManager - Adding key: http://localhost:54423 for channel [id: 0xeb701072, L:/127.0.0.1:64865 - R:localhost/127.0.0.1:54423]
05:05:25.056 [Forwarding findElement on session 52ccc74038e8d8a9cbfda3c8a4fb0d94 to remote] DEBUG org.asynchttpclient.netty.request.NettyRequestSender - Using pooled Channel '[id: 0xeb701072, L:/127.0.0.1:64865 - R:localhost/127.0.0.1:54423]' for 'POST' to 'http://localhost:54423/session/52ccc74038e8d8a9cbfda3c8a4fb0d94/element'
05:05:25.056 [Forwarding findElement on session 52ccc74038e8d8a9cbfda3c8a4fb0d94 to remote] DEBUG org.asynchttpclient.netty.request.NettyRequestSender - Using open Channel [id: 0xeb701072, L:/127.0.0.1:64865 - R:localhost/127.0.0.1:54423] for POST '/session/52ccc74038e8d8a9cbfda3c8a4fb0d94/element'
05:05:25.070 [AsyncHttpClient-1-7] DEBUG org.asynchttpclient.netty.handler.HttpHandler - 

Request DefaultHttpRequest(decodeResult: success, version: HTTP/1.1)
POST /session/52ccc74038e8d8a9cbfda3c8a4fb0d94/element HTTP/1.1
User-Agent: selenium/4.1.2 (java windows)
Content-Length: 68
Content-Type: application/json; charset=utf-8
host: localhost:54423
accept: */*

Response DefaultHttpResponse(decodeResult: success, version: HTTP/1.1)
HTTP/1.1 200 OK
Content-Type: application/json; charset=utf-8
cache-control: no-cache
content-length: 88

05:05:25.070 [AsyncHttpClient-1-7] DEBUG org.asynchttpclient.netty.channel.ChannelManager - Adding key: http://localhost:54423 for channel [id: 0xeb701072, L:/127.0.0.1:64865 - R:localhost/127.0.0.1:54423]
05:05:25.072 [Forwarding clickElement on session 52ccc74038e8d8a9cbfda3c8a4fb0d94 to remote] DEBUG org.asynchttpclient.netty.request.NettyRequestSender - Using pooled Channel '[id: 0xeb701072, L:/127.0.0.1:64865 - R:localhost/127.0.0.1:54423]' for 'POST' to 'http://localhost:54423/session/52ccc74038e8d8a9cbfda3c8a4fb0d94/element/1d8e31b8-c0b4-45b9-9621-22d81c12283b/click'
05:05:25.072 [Forwarding clickElement on session 52ccc74038e8d8a9cbfda3c8a4fb0d94 to remote] DEBUG org.asynchttpclient.netty.request.NettyRequestSender - Using open Channel [id: 0xeb701072, L:/127.0.0.1:64865 - R:localhost/127.0.0.1:54423] for POST '/session/52ccc74038e8d8a9cbfda3c8a4fb0d94/element/1d8e31b8-c0b4-45b9-9621-22d81c12283b/click'
05:05:25.147 [AsyncHttpClient-1-7] DEBUG org.asynchttpclient.netty.handler.HttpHandler - 

Request DefaultHttpRequest(decodeResult: success, version: HTTP/1.1)
POST /session/52ccc74038e8d8a9cbfda3c8a4fb0d94/element/1d8e31b8-c0b4-45b9-9621-22d81c12283b/click HTTP/1.1
User-Agent: selenium/4.1.2 (java windows)
Content-Length: 50
Content-Type: application/json; charset=utf-8
host: localhost:54423
accept: */*

Response DefaultHttpResponse(decodeResult: success, version: HTTP/1.1)
HTTP/1.1 200 OK
Content-Type: application/json; charset=utf-8
cache-control: no-cache
content-length: 14

05:05:25.148 [AsyncHttpClient-1-7] DEBUG org.asynchttpclient.netty.channel.ChannelManager - Adding key: http://localhost:54423 for channel [id: 0xeb701072, L:/127.0.0.1:64865 - R:localhost/127.0.0.1:54423]
05:05:25.163 [Forwarding screenshot on session 52ccc74038e8d8a9cbfda3c8a4fb0d94 to remote] DEBUG org.asynchttpclient.netty.request.NettyRequestSender - Using pooled Channel '[id: 0xeb701072, L:/127.0.0.1:64865 - R:localhost/127.0.0.1:54423]' for 'GET' to 'http://localhost:54423/session/52ccc74038e8d8a9cbfda3c8a4fb0d94/screenshot'
05:05:25.164 [Forwarding screenshot on session 52ccc74038e8d8a9cbfda3c8a4fb0d94 to remote] DEBUG org.asynchttpclient.netty.request.NettyRequestSender - Using open Channel [id: 0xeb701072, L:/127.0.0.1:64865 - R:localhost/127.0.0.1:54423] for GET '/session/52ccc74038e8d8a9cbfda3c8a4fb0d94/screenshot'
05:05:25.335 [AsyncHttpClient-1-1] DEBUG org.asynchttpclient.netty.channel.DefaultChannelPool - Entry count for : http://localhost:64866 : 1
05:05:25.515 [AsyncHttpClient-1-7] DEBUG org.asynchttpclient.netty.handler.HttpHandler - 

Request DefaultFullHttpRequest(decodeResult: success, version: HTTP/1.1, content: EmptyByteBufBE)
GET /session/52ccc74038e8d8a9cbfda3c8a4fb0d94/screenshot HTTP/1.1
User-Agent: selenium/4.1.2 (java windows)
Cache-Control: no-cache
Content-Type: application/json; charset=utf-8
host: localhost:54423
accept: */*

Response DefaultHttpResponse(decodeResult: success, version: HTTP/1.1)
HTTP/1.1 200 OK
Content-Type: application/json; charset=utf-8
cache-control: no-cache
content-length: 130644

05:05:25.516 [AsyncHttpClient-1-7] DEBUG org.asynchttpclient.netty.channel.ChannelManager - Adding key: http://localhost:54423 for channel [id: 0xeb701072, L:/127.0.0.1:64865 - R:localhost/127.0.0.1:54423]
05:05:25.531 [main] DEBUG net.serenitybdd.core.photography.Darkroom - Send negative for processing for target\site\serenity\bd456fa1fe99f9b534f71d3f1c9d8dd609a0dd8c3b76f5aed4ed06b5aa2c3039.png
05:05:25.531 [main] DEBUG net.thucydides.core.steps.StepInterceptor - STEP DONE: clickSuccessButton
  &amp#27;[32mThen &amp#27;[0m&amp#27;[32mi success login&amp#27;[0m                               &amp#27;[90m# starter.stepdefenitions.LoginSteps.successLogin()&amp#27;[0m
05:05:25.532 [Darkroom Processing Line] DEBUG net.serenitybdd.core.photography.DarkroomProcessingLine - Processing screenshot image in /var/screenshots/screenshot-2664606772481941740
05:05:25.532 [Darkroom Processing Line] DEBUG net.serenitybdd.core.photography.DarkroomProcessingLine - Saving screenshot to target\site\serenity\bd456fa1fe99f9b534f71d3f1c9d8dd609a0dd8c3b76f5aed4ed06b5aa2c3039.png
05:05:25.584 [Forwarding screenshot on session 52ccc74038e8d8a9cbfda3c8a4fb0d94 to remote] DEBUG org.asynchttpclient.netty.request.NettyRequestSender - Using pooled Channel '[id: 0xeb701072, L:/127.0.0.1:64865 - R:localhost/127.0.0.1:54423]' for 'GET' to 'http://localhost:54423/session/52ccc74038e8d8a9cbfda3c8a4fb0d94/screenshot'
05:05:25.584 [Forwarding screenshot on session 52ccc74038e8d8a9cbfda3c8a4fb0d94 to remote] DEBUG org.asynchttpclient.netty.request.NettyRequestSender - Using open Channel [id: 0xeb701072, L:/127.0.0.1:64865 - R:localhost/127.0.0.1:54423] for GET '/session/52ccc74038e8d8a9cbfda3c8a4fb0d94/screenshot'
05:05:25.876 [AsyncHttpClient-1-7] DEBUG org.asynchttpclient.netty.handler.HttpHandler - 

Request DefaultFullHttpRequest(decodeResult: success, version: HTTP/1.1, content: EmptyByteBufBE)
GET /session/52ccc74038e8d8a9cbfda3c8a4fb0d94/screenshot HTTP/1.1
User-Agent: selenium/4.1.2 (java windows)
Cache-Control: no-cache
Content-Type: application/json; charset=utf-8
host: localhost:54423
accept: */*

Response DefaultHttpResponse(decodeResult: success, version: HTTP/1.1)
HTTP/1.1 200 OK
Content-Type: application/json; charset=utf-8
cache-control: no-cache
content-length: 130568

05:05:25.877 [AsyncHttpClient-1-7] DEBUG org.asynchttpclient.netty.channel.ChannelManager - Adding key: http://localhost:54423 for channel [id: 0xeb701072, L:/127.0.0.1:64865 - R:localhost/127.0.0.1:54423]
05:05:25.889 [main] DEBUG net.serenitybdd.core.photography.Darkroom - Send negative for processing for target\site\serenity\c43161e3c16acaf0e6b497b48b40547c2086c23c8a4e9095f224016a9d5972dc.png
05:05:25.890 [main] DEBUG net.thucydides.core.steps.StepInterceptor - STARTING STEP: ComplexSteps.adminOnTheHomePage - validationOnHomepage
05:05:25.894 [Forwarding findElement on session 52ccc74038e8d8a9cbfda3c8a4fb0d94 to remote] DEBUG org.asynchttpclient.netty.request.NettyRequestSender - Using pooled Channel '[id: 0xeb701072, L:/127.0.0.1:64865 - R:localhost/127.0.0.1:54423]' for 'POST' to 'http://localhost:54423/session/52ccc74038e8d8a9cbfda3c8a4fb0d94/element'
05:05:25.894 [Forwarding findElement on session 52ccc74038e8d8a9cbfda3c8a4fb0d94 to remote] DEBUG org.asynchttpclient.netty.request.NettyRequestSender - Using open Channel [id: 0xeb701072, L:/127.0.0.1:64865 - R:localhost/127.0.0.1:54423] for POST '/session/52ccc74038e8d8a9cbfda3c8a4fb0d94/element'
05:05:25.918 [AsyncHttpClient-1-7] DEBUG org.asynchttpclient.netty.handler.HttpHandler - 

Request DefaultHttpRequest(decodeResult: success, version: HTTP/1.1)
POST /session/52ccc74038e8d8a9cbfda3c8a4fb0d94/element HTTP/1.1
User-Agent: selenium/4.1.2 (java windows)
Content-Length: 70
Content-Type: application/json; charset=utf-8
host: localhost:54423
accept: */*

Response DefaultHttpResponse(decodeResult: success, version: HTTP/1.1)
HTTP/1.1 200 OK
Content-Type: application/json; charset=utf-8
cache-control: no-cache
content-length: 88

05:05:25.918 [AsyncHttpClient-1-7] DEBUG org.asynchttpclient.netty.channel.ChannelManager - Adding key: http://localhost:54423 for channel [id: 0xeb701072, L:/127.0.0.1:64865 - R:localhost/127.0.0.1:54423]
05:05:25.925 [Forwarding isElementDisplayed on session 52ccc74038e8d8a9cbfda3c8a4fb0d94 to remote] DEBUG org.asynchttpclient.netty.request.NettyRequestSender - Using pooled Channel '[id: 0xeb701072, L:/127.0.0.1:64865 - R:localhost/127.0.0.1:54423]' for 'POST' to 'http://localhost:54423/session/52ccc74038e8d8a9cbfda3c8a4fb0d94/execute/sync'
05:05:25.925 [Forwarding isElementDisplayed on session 52ccc74038e8d8a9cbfda3c8a4fb0d94 to remote] DEBUG org.asynchttpclient.netty.request.NettyRequestSender - Using open Channel [id: 0xeb701072, L:/127.0.0.1:64865 - R:localhost/127.0.0.1:54423] for POST '/session/52ccc74038e8d8a9cbfda3c8a4fb0d94/execute/sync'
05:05:25.948 [AsyncHttpClient-1-7] DEBUG org.asynchttpclient.netty.handler.HttpHandler - 

Request DefaultHttpRequest(decodeResult: success, version: HTTP/1.1)
POST /session/52ccc74038e8d8a9cbfda3c8a4fb0d94/execute/sync HTTP/1.1
User-Agent: selenium/4.1.2 (java windows)
Content-Length: 48780
Content-Type: application/json; charset=utf-8
host: localhost:54423
accept: */*

Response DefaultHttpResponse(decodeResult: success, version: HTTP/1.1)
HTTP/1.1 200 OK
Content-Type: application/json; charset=utf-8
cache-control: no-cache
content-length: 14

05:05:25.949 [AsyncHttpClient-1-7] DEBUG org.asynchttpclient.netty.channel.ChannelManager - Adding key: http://localhost:54423 for channel [id: 0xeb701072, L:/127.0.0.1:64865 - R:localhost/127.0.0.1:54423]
05:05:25.957 [Forwarding screenshot on session 52ccc74038e8d8a9cbfda3c8a4fb0d94 to remote] DEBUG org.asynchttpclient.netty.request.NettyRequestSender - Using pooled Channel '[id: 0xeb701072, L:/127.0.0.1:64865 - R:localhost/127.0.0.1:54423]' for 'GET' to 'http://localhost:54423/session/52ccc74038e8d8a9cbfda3c8a4fb0d94/screenshot'
05:05:25.957 [Forwarding screenshot on session 52ccc74038e8d8a9cbfda3c8a4fb0d94 to remote] DEBUG org.asynchttpclient.netty.request.NettyRequestSender - Using open Channel [id: 0xeb701072, L:/127.0.0.1:64865 - R:localhost/127.0.0.1:54423] for GET '/session/52ccc74038e8d8a9cbfda3c8a4fb0d94/screenshot'
05:05:26.244 [AsyncHttpClient-1-7] DEBUG org.asynchttpclient.netty.handler.HttpHandler - 

Request DefaultFullHttpRequest(decodeResult: success, version: HTTP/1.1, content: EmptyByteBufBE)
GET /session/52ccc74038e8d8a9cbfda3c8a4fb0d94/screenshot HTTP/1.1
User-Agent: selenium/4.1.2 (java windows)
Cache-Control: no-cache
Content-Type: application/json; charset=utf-8
host: localhost:54423
accept: */*

Response DefaultHttpResponse(decodeResult: success, version: HTTP/1.1)
HTTP/1.1 200 OK
Content-Type: application/json; charset=utf-8
cache-control: no-cache
content-length: 130568

05:05:26.245 [AsyncHttpClient-1-7] DEBUG org.asynchttpclient.netty.channel.ChannelManager - Adding key: http://localhost:54423 for channel [id: 0xeb701072, L:/127.0.0.1:64865 - R:localhost/127.0.0.1:54423]
05:05:26.257 [main] DEBUG net.serenitybdd.core.photography.Darkroom - Send negative for processing for target\site\serenity\c43161e3c16acaf0e6b497b48b40547c2086c23c8a4e9095f224016a9d5972dc.png
05:05:26.257 [main] DEBUG net.thucydides.core.steps.StepInterceptor - STEP DONE: validationOnHomepage
  &amp#27;[32mGiven &amp#27;[0m&amp#27;[32madmin on the home page&amp#27;[0m                       &amp#27;[90m# starter.stepdefenitions.ComplexSteps.adminOnTheHomePage()&amp#27;[0m
05:05:26.313 [Forwarding screenshot on session 52ccc74038e8d8a9cbfda3c8a4fb0d94 to remote] DEBUG org.asynchttpclient.netty.request.NettyRequestSender - Using pooled Channel '[id: 0xeb701072, L:/127.0.0.1:64865 - R:localhost/127.0.0.1:54423]' for 'GET' to 'http://localhost:54423/session/52ccc74038e8d8a9cbfda3c8a4fb0d94/screenshot'
05:05:26.313 [Forwarding screenshot on session 52ccc74038e8d8a9cbfda3c8a4fb0d94 to remote] DEBUG org.asynchttpclient.netty.request.NettyRequestSender - Using open Channel [id: 0xeb701072, L:/127.0.0.1:64865 - R:localhost/127.0.0.1:54423] for GET '/session/52ccc74038e8d8a9cbfda3c8a4fb0d94/screenshot'
05:05:26.435 [AsyncHttpClient-1-1] DEBUG org.asynchttpclient.netty.channel.DefaultChannelPool - Entry count for : http://localhost:64866 : 1
05:05:26.609 [AsyncHttpClient-1-7] DEBUG org.asynchttpclient.netty.handler.HttpHandler - 

Request DefaultFullHttpRequest(decodeResult: success, version: HTTP/1.1, content: EmptyByteBufBE)
GET /session/52ccc74038e8d8a9cbfda3c8a4fb0d94/screenshot HTTP/1.1
User-Agent: selenium/4.1.2 (java windows)
Cache-Control: no-cache
Content-Type: application/json; charset=utf-8
host: localhost:54423
accept: */*

Response DefaultHttpResponse(decodeResult: success, version: HTTP/1.1)
HTTP/1.1 200 OK
Content-Type: application/json; charset=utf-8
cache-control: no-cache
content-length: 130568

05:05:26.610 [AsyncHttpClient-1-7] DEBUG org.asynchttpclient.netty.channel.ChannelManager - Adding key: http://localhost:54423 for channel [id: 0xeb701072, L:/127.0.0.1:64865 - R:localhost/127.0.0.1:54423]
05:05:26.623 [main] DEBUG net.serenitybdd.core.photography.Darkroom - Send negative for processing for target\site\serenity\c43161e3c16acaf0e6b497b48b40547c2086c23c8a4e9095f224016a9d5972dc.png
05:05:26.623 [main] DEBUG net.thucydides.core.steps.StepInterceptor - STARTING STEP: BuildingSteps.adminClickUpdateButtonBuilding - clickEdtButton
05:05:26.631 [Forwarding findElement on session 52ccc74038e8d8a9cbfda3c8a4fb0d94 to remote] DEBUG org.asynchttpclient.netty.request.NettyRequestSender - Using pooled Channel '[id: 0xeb701072, L:/127.0.0.1:64865 - R:localhost/127.0.0.1:54423]' for 'POST' to 'http://localhost:54423/session/52ccc74038e8d8a9cbfda3c8a4fb0d94/element'
05:05:26.631 [Forwarding findElement on session 52ccc74038e8d8a9cbfda3c8a4fb0d94 to remote] DEBUG org.asynchttpclient.netty.request.NettyRequestSender - Using open Channel [id: 0xeb701072, L:/127.0.0.1:64865 - R:localhost/127.0.0.1:54423] for POST '/session/52ccc74038e8d8a9cbfda3c8a4fb0d94/element'
05:05:27.533 [AsyncHttpClient-1-1] DEBUG org.asynchttpclient.netty.channel.DefaultChannelPool - Entry count for : http://localhost:64866 : 1
05:05:28.637 [AsyncHttpClient-1-1] DEBUG org.asynchttpclient.netty.channel.DefaultChannelPool - Entry count for : http://localhost:64866 : 1
05:05:28.648 [AsyncHttpClient-1-7] DEBUG org.asynchttpclient.netty.handler.HttpHandler - 

Request DefaultHttpRequest(decodeResult: success, version: HTTP/1.1)
POST /session/52ccc74038e8d8a9cbfda3c8a4fb0d94/element HTTP/1.1
User-Agent: selenium/4.1.2 (java windows)
Content-Length: 186
Content-Type: application/json; charset=utf-8
host: localhost:54423
accept: */*

Response DefaultHttpResponse(decodeResult: success, version: HTTP/1.1)
HTTP/1.1 404 Not Found
Content-Type: application/json; charset=utf-8
cache-control: no-cache
content-length: 1104

05:05:28.649 [AsyncHttpClient-1-7] DEBUG org.asynchttpclient.netty.channel.ChannelManager - Adding key: http://localhost:54423 for channel [id: 0xeb701072, L:/127.0.0.1:64865 - R:localhost/127.0.0.1:54423]
05:05:28.769 [Forwarding findElement on session 52ccc74038e8d8a9cbfda3c8a4fb0d94 to remote] DEBUG org.asynchttpclient.netty.request.NettyRequestSender - Using pooled Channel '[id: 0xeb701072, L:/127.0.0.1:64865 - R:localhost/127.0.0.1:54423]' for 'POST' to 'http://localhost:54423/session/52ccc74038e8d8a9cbfda3c8a4fb0d94/element'
05:05:28.769 [Forwarding findElement on session 52ccc74038e8d8a9cbfda3c8a4fb0d94 to remote] DEBUG org.asynchttpclient.netty.request.NettyRequestSender - Using open Channel [id: 0xeb701072, L:/127.0.0.1:64865 - R:localhost/127.0.0.1:54423] for POST '/session/52ccc74038e8d8a9cbfda3c8a4fb0d94/element'
05:05:29.734 [AsyncHttpClient-1-1] DEBUG org.asynchttpclient.netty.channel.DefaultChannelPool - Entry count for : http://localhost:64866 : 1
05:05:30.830 [AsyncHttpClient-1-7] DEBUG org.asynchttpclient.netty.handler.HttpHandler - 

Request DefaultHttpRequest(decodeResult: success, version: HTTP/1.1)
POST /session/52ccc74038e8d8a9cbfda3c8a4fb0d94/element HTTP/1.1
User-Agent: selenium/4.1.2 (java windows)
Content-Length: 186
Content-Type: application/json; charset=utf-8
host: localhost:54423
accept: */*

Response DefaultHttpResponse(decodeResult: success, version: HTTP/1.1)
HTTP/1.1 404 Not Found
Content-Type: application/json; charset=utf-8
cache-control: no-cache
content-length: 1104

05:05:30.830 [AsyncHttpClient-1-7] DEBUG org.asynchttpclient.netty.channel.ChannelManager - Adding key: http://localhost:54423 for channel [id: 0xeb701072, L:/127.0.0.1:64865 - R:localhost/127.0.0.1:54423]
05:05:30.835 [AsyncHttpClient-1-1] DEBUG org.asynchttpclient.netty.channel.DefaultChannelPool - Entry count for : http://localhost:64866 : 1
05:05:30.835 [AsyncHttpClient-1-1] DEBUG org.asynchttpclient.netty.channel.DefaultChannelPool - Entry count for : http://localhost:54423 : 1
05:05:30.948 [Forwarding findElement on session 52ccc74038e8d8a9cbfda3c8a4fb0d94 to remote] DEBUG org.asynchttpclient.netty.request.NettyRequestSender - Using pooled Channel '[id: 0xeb701072, L:/127.0.0.1:64865 - R:localhost/127.0.0.1:54423]' for 'POST' to 'http://localhost:54423/session/52ccc74038e8d8a9cbfda3c8a4fb0d94/element'
05:05:30.948 [Forwarding findElement on session 52ccc74038e8d8a9cbfda3c8a4fb0d94 to remote] DEBUG org.asynchttpclient.netty.request.NettyRequestSender - Using open Channel [id: 0xeb701072, L:/127.0.0.1:64865 - R:localhost/127.0.0.1:54423] for POST '/session/52ccc74038e8d8a9cbfda3c8a4fb0d94/element'
05:05:31.932 [AsyncHttpClient-1-1] DEBUG org.asynchttpclient.netty.channel.DefaultChannelPool - Entry count for : http://localhost:64866 : 1
05:05:32.993 [AsyncHttpClient-1-7] DEBUG org.asynchttpclient.netty.handler.HttpHandler - 

Request DefaultHttpRequest(decodeResult: success, version: HTTP/1.1)
POST /session/52ccc74038e8d8a9cbfda3c8a4fb0d94/element HTTP/1.1
User-Agent: selenium/4.1.2 (java windows)
Content-Length: 186
Content-Type: application/json; charset=utf-8
host: localhost:54423
accept: */*

Response DefaultHttpResponse(decodeResult: success, version: HTTP/1.1)
HTTP/1.1 404 Not Found
Content-Type: application/json; charset=utf-8
cache-control: no-cache
content-length: 1104

05:05:32.993 [AsyncHttpClient-1-7] DEBUG org.asynchttpclient.netty.channel.ChannelManager - Adding key: http://localhost:54423 for channel [id: 0xeb701072, L:/127.0.0.1:64865 - R:localhost/127.0.0.1:54423]
05:05:33.007 [Forwarding screenshot on session 52ccc74038e8d8a9cbfda3c8a4fb0d94 to remote] DEBUG org.asynchttpclient.netty.request.NettyRequestSender - Using pooled Channel '[id: 0xeb701072, L:/127.0.0.1:64865 - R:localhost/127.0.0.1:54423]' for 'GET' to 'http://localhost:54423/session/52ccc74038e8d8a9cbfda3c8a4fb0d94/screenshot'
05:05:33.007 [Forwarding screenshot on session 52ccc74038e8d8a9cbfda3c8a4fb0d94 to remote] DEBUG org.asynchttpclient.netty.request.NettyRequestSender - Using open Channel [id: 0xeb701072, L:/127.0.0.1:64865 - R:localhost/127.0.0.1:54423] for GET '/session/52ccc74038e8d8a9cbfda3c8a4fb0d94/screenshot'
05:05:33.033 [AsyncHttpClient-1-1] DEBUG org.asynchttpclient.netty.channel.DefaultChannelPool - Entry count for : http://localhost:64866 : 1
05:05:33.277 [AsyncHttpClient-1-7] DEBUG org.asynchttpclient.netty.handler.HttpHandler - 

Request DefaultFullHttpRequest(decodeResult: success, version: HTTP/1.1, content: EmptyByteBufBE)
GET /session/52ccc74038e8d8a9cbfda3c8a4fb0d94/screenshot HTTP/1.1
User-Agent: selenium/4.1.2 (java windows)
Cache-Control: no-cache
Content-Type: application/json; charset=utf-8
host: localhost:54423
accept: */*

Response DefaultHttpResponse(decodeResult: success, version: HTTP/1.1)
HTTP/1.1 200 OK
Content-Type: application/json; charset=utf-8
cache-control: no-cache
content-length: 130568

05:05:33.278 [AsyncHttpClient-1-7] DEBUG org.asynchttpclient.netty.channel.ChannelManager - Adding key: http://localhost:54423 for channel [id: 0xeb701072, L:/127.0.0.1:64865 - R:localhost/127.0.0.1:54423]
05:05:33.291 [main] DEBUG net.serenitybdd.core.photography.Darkroom - Send negative for processing for target\site\serenity\c43161e3c16acaf0e6b497b48b40547c2086c23c8a4e9095f224016a9d5972dc.png
05:05:33.298 [Forwarding getPageSource on session 52ccc74038e8d8a9cbfda3c8a4fb0d94 to remote] DEBUG org.asynchttpclient.netty.request.NettyRequestSender - Using pooled Channel '[id: 0xeb701072, L:/127.0.0.1:64865 - R:localhost/127.0.0.1:54423]' for 'POST' to 'http://localhost:54423/session/52ccc74038e8d8a9cbfda3c8a4fb0d94/execute/sync'
05:05:33.298 [Forwarding getPageSource on session 52ccc74038e8d8a9cbfda3c8a4fb0d94 to remote] DEBUG org.asynchttpclient.netty.request.NettyRequestSender - Using open Channel [id: 0xeb701072, L:/127.0.0.1:64865 - R:localhost/127.0.0.1:54423] for POST '/session/52ccc74038e8d8a9cbfda3c8a4fb0d94/execute/sync'
05:05:33.316 [AsyncHttpClient-1-7] DEBUG org.asynchttpclient.netty.handler.HttpHandler - 

Request DefaultHttpRequest(decodeResult: success, version: HTTP/1.1)
POST /session/52ccc74038e8d8a9cbfda3c8a4fb0d94/execute/sync HTTP/1.1
User-Agent: selenium/4.1.2 (java windows)
Content-Length: 176
Content-Type: application/json; charset=utf-8
host: localhost:54423
accept: */*

Response DefaultHttpResponse(decodeResult: success, version: HTTP/1.1)
HTTP/1.1 200 OK
Content-Type: application/json; charset=utf-8
cache-control: no-cache
content-length: 53099

05:05:33.316 [AsyncHttpClient-1-7] DEBUG org.asynchttpclient.netty.channel.ChannelManager - Adding key: http://localhost:54423 for channel [id: 0xeb701072, L:/127.0.0.1:64865 - R:localhost/127.0.0.1:54423]
05:05:33.613 [Forwarding getCurrentUrl on session 52ccc74038e8d8a9cbfda3c8a4fb0d94 to remote] DEBUG org.asynchttpclient.netty.request.NettyRequestSender - Using pooled Channel '[id: 0xeb701072, L:/127.0.0.1:64865 - R:localhost/127.0.0.1:54423]' for 'GET' to 'http://localhost:54423/session/52ccc74038e8d8a9cbfda3c8a4fb0d94/url'
05:05:33.613 [Forwarding getCurrentUrl on session 52ccc74038e8d8a9cbfda3c8a4fb0d94 to remote] DEBUG org.asynchttpclient.netty.request.NettyRequestSender - Using open Channel [id: 0xeb701072, L:/127.0.0.1:64865 - R:localhost/127.0.0.1:54423] for GET '/session/52ccc74038e8d8a9cbfda3c8a4fb0d94/url'
05:05:33.624 [AsyncHttpClient-1-7] DEBUG org.asynchttpclient.netty.handler.HttpHandler - 

Request DefaultFullHttpRequest(decodeResult: success, version: HTTP/1.1, content: EmptyByteBufBE)
GET /session/52ccc74038e8d8a9cbfda3c8a4fb0d94/url HTTP/1.1
User-Agent: selenium/4.1.2 (java windows)
Cache-Control: no-cache
Content-Type: application/json; charset=utf-8
host: localhost:54423
accept: */*

Response DefaultHttpResponse(decodeResult: success, version: HTTP/1.1)
HTTP/1.1 200 OK
Content-Type: application/json; charset=utf-8
cache-control: no-cache
content-length: 47

05:05:33.624 [AsyncHttpClient-1-7] DEBUG org.asynchttpclient.netty.channel.ChannelManager - Adding key: http://localhost:54423 for channel [id: 0xeb701072, L:/127.0.0.1:64865 - R:localhost/127.0.0.1:54423]
  &amp#27;[31mAnd &amp#27;[0m&amp#27;[31madmin click update button building&amp#27;[0m             &amp#27;[90m# starter.stepdefenitions.BuildingSteps.adminClickUpdateButtonBuilding()&amp#27;[0m
      &amp#27;[31mnet.thucydides.core.webdriver.exceptions.ElementShouldBeEnabledException: Expected enabled element was not enabled
	at net.serenitybdd.core.pages.WebElementFacadeImpl.waitUntilEnabled(WebElementFacadeImpl.java:1100)
	at net.serenitybdd.core.pages.WebElementFacadeImpl.waitUntilElementAvailable(WebElementFacadeImpl.java:888)
	at net.serenitybdd.core.pages.WebElementFacadeImpl.click(WebElementFacadeImpl.java:1182)
	at net.serenitybdd.core.pages.WebElementFacadeImpl.click(WebElementFacadeImpl.java:1201)
	at starter.pages.BuildingPage.clickEdtButton(BuildingPage.java:201)
	at starter.pages.BuildingPage$ByteBuddy$J49XncvC.clickEdtButton$accessor$NQJcHeFr(Unknown Source)
	at sun.reflect.NativeMethodAccessorImpl.invoke0(Native Method)
	at sun.reflect.NativeMethodAccessorImpl.invoke(NativeMethodAccessorImpl.java:62)
	at sun.reflect.DelegatingMethodAccessorImpl.invoke(DelegatingMethodAccessorImpl.java:43)
	at java.lang.reflect.Method.invoke(Method.java:498)
	at net.thucydides.core.steps.StepInterceptor.invokeMethod(StepInterceptor.java:503)
	at net.thucydides.core.steps.StepInterceptor.executeTestStepMethod(StepInterceptor.java:483)
	at net.thucydides.core.steps.StepInterceptor.runTestStep(StepInterceptor.java:457)
	at net.thucydides.core.steps.StepInterceptor.runOrSkipMethod(StepInterceptor.java:209)
	at net.thucydides.core.steps.StepInterceptor.testStepResult(StepInterceptor.java:196)
	at net.thucydides.core.steps.StepInterceptor.intercept(StepInterceptor.java:84)
	at net.thucydides.core.steps.ProxyConfiguration$InterceptorDispatcher.intercept(ProxyConfiguration.java:51)
	at starter.pages.BuildingPage$ByteBuddy$J49XncvC.clickEdtButton(Unknown Source)
	at starter.stepdefenitions.BuildingSteps.adminClickUpdateButtonBuilding(BuildingSteps.java:147)
	at âœ½.admin click update button building(file:///D:/kampus%20merdeka/QE_Capstone%20Kanbo/capstone/web/src/test/resources/features/Building.feature:89)
Caused by: org.openqa.selenium.TimeoutException: Expected condition failed: waiting for By.xpath: //tbody/tr[2]/td[8]/button[1]/a[1]//*[name()='svg']//*[name()='path' and contains(@d,'M14.4767 1')] to be enabled (tried for 5 second(s) with 100 milliseconds interval)
	at org.openqa.selenium.support.ui.FluentWait.timeoutException(FluentWait.java:263)
	at org.openqa.selenium.support.ui.FluentWait.until(FluentWait.java:231)
	at net.serenitybdd.core.pages.WebElementFacadeImpl.waitUntilEnabled(WebElementFacadeImpl.java:1097)
	at net.serenitybdd.core.pages.WebElementFacadeImpl.waitUntilElementAvailable(WebElementFacadeImpl.java:888)
	at net.serenitybdd.core.pages.WebElementFacadeImpl.click(WebElementFacadeImpl.java:1182)
	at net.serenitybdd.core.pages.WebElementFacadeImpl.click(WebElementFacadeImpl.java:1201)
	at starter.pages.BuildingPage.clickEdtButton(BuildingPage.java:201)
	at starter.pages.BuildingPage$ByteBuddy$J49XncvC.clickEdtButton$accessor$NQJcHeFr(Unknown Source)
	at sun.reflect.NativeMethodAccessorImpl.invoke0(Native Method)
	at sun.reflect.NativeMethodAccessorImpl.invoke(NativeMethodAccessorImpl.java:62)
	at sun.reflect.DelegatingMethodAccessorImpl.invoke(DelegatingMethodAccessorImpl.java:43)
	at java.lang.reflect.Method.invoke(Method.java:498)
	at net.thucydides.core.steps.StepInterceptor.invokeMethod(StepInterceptor.java:503)
	at net.thucydides.core.steps.StepInterceptor.executeTestStepMethod(StepInterceptor.java:483)
	at net.thucydides.core.steps.StepInterceptor.runTestStep(StepInterceptor.java:457)
	at net.thucydides.core.steps.StepInterceptor.runOrSkipMethod(StepInterceptor.java:209)
	at net.thucydides.core.steps.StepInterceptor.testStepResult(StepInterceptor.java:196)
	at net.thucydides.core.steps.StepInterceptor.intercept(StepInterceptor.java:84)
	at net.thucydides.core.steps.ProxyConfiguration$InterceptorDispatcher.intercept(ProxyConfiguration.java:51)
	at starter.pages.BuildingPage$ByteBuddy$J49XncvC.clickEdtButton(Unknown Source)
	at starter.stepdefenitions.BuildingSteps.adminClickUpdateButtonBuilding(BuildingSteps.java:147)
	at sun.reflect.NativeMethodAccessorImpl.invoke0(Native Method)
	at sun.reflect.NativeMethodAccessorImpl.invoke(NativeMethodAccessorImpl.java:62)
	at sun.reflect.DelegatingMethodAccessorImpl.invoke(DelegatingMethodAccessorImpl.java:43)
	at java.lang.reflect.Method.invoke(Method.java:498)
	at io.cucumber.java.Invoker.doInvoke(Invoker.java:66)
	at io.cucumber.java.Invoker.invoke(Invoker.java:24)
	at io.cucumber.java.AbstractGlueDefinition.invokeMethod(AbstractGlueDefinition.java:47)
	at io.cucumber.java.JavaStepDefinition.execute(JavaStepDefinition.java:29)
	at io.cucumber.core.runner.CoreStepDefinition.execute(CoreStepDefinition.java:66)
	at io.cucumber.core.runner.PickleStepDefinitionMatch.runStep(PickleStepDefinitionMatch.java:63)
	at io.cucumber.core.runner.ExecutionMode$1.execute(ExecutionMode.java:10)
	at io.cucumber.core.runner.TestStep.executeStep(TestStep.java:86)
	at io.cucumber.core.runner.TestStep.run(TestStep.java:57)
	at io.cucumber.core.runner.PickleStepTestStep.run(PickleStepTestStep.java:51)
	at io.cucumber.core.runner.TestCase.run(TestCase.java:95)
	at io.cucumber.core.runner.Runner.runPickle(Runner.java:75)
	at io.cucumber.junit.PickleRunners$NoStepDescriptions.lambda$run$0(PickleRunners.java:151)
	at io.cucumber.core.runtime.CucumberExecutionContext.lambda$runTestCase$3(CucumberExecutionContext.java:151)
	at io.cucumber.core.runtime.RethrowingThrowableCollector.executeAndThrow(RethrowingThrowableCollector.java:23)
	at io.cucumber.core.runtime.CucumberExecutionContext.runTestCase(CucumberExecutionContext.java:151)
	at io.cucumber.junit.PickleRunners$NoStepDescriptions.run(PickleRunners.java:148)
	at io.cucumber.junit.FeatureRunner.runChild(FeatureRunner.java:144)
	at io.cucumber.junit.FeatureRunner.runChild(FeatureRunner.java:28)
	at org.junit.runners.ParentRunner$4.run(ParentRunner.java:331)
	at org.junit.runners.ParentRunner$1.schedule(ParentRunner.java:79)
	at org.junit.runners.ParentRunner.runChildren(ParentRunner.java:329)
	at org.junit.runners.ParentRunner.access$100(ParentRunner.java:66)
	at org.junit.runners.ParentRunner$2.evaluate(ParentRunner.java:293)
	at org.junit.runners.ParentRunner$3.evaluate(ParentRunner.java:306)
	at org.junit.runners.ParentRunner.run(ParentRunner.java:413)
	at io.cucumber.junit.FeatureRunner.run(FeatureRunner.java:137)
	at io.cucumber.junit.CucumberSerenityRunner.runChild(CucumberSerenityRunner.java:258)
	at io.cucumber.junit.CucumberSerenityRunner.runChild(CucumberSerenityRunner.java:58)
	at org.junit.runners.ParentRunner$4.run(ParentRunner.java:331)
	at org.junit.runners.ParentRunner$1.schedule(ParentRunner.java:79)
	at org.junit.runners.ParentRunner.runChildren(ParentRunner.java:329)
	at org.junit.runners.ParentRunner.access$100(ParentRunner.java:66)
	at org.junit.runners.ParentRunner$2.evaluate(ParentRunner.java:293)
	at io.cucumber.junit.CucumberSerenityRunner$RunCucumber.evaluate(CucumberSerenityRunner.java:287)
	at org.junit.runners.ParentRunner$3.evaluate(ParentRunner.java:306)
	at org.junit.runners.ParentRunner.run(ParentRunner.java:413)
	at org.junit.runner.JUnitCore.run(JUnitCore.java:137)
	at org.junit.runner.JUnitCore.run(JUnitCore.java:115)
	at org.junit.vintage.engine.execution.RunnerExecutor.execute(RunnerExecutor.java:42)
	at org.junit.vintage.engine.VintageTestEngine.executeAllChildren(VintageTestEngine.java:80)
	at org.junit.vintage.engine.VintageTestEngine.execute(VintageTestEngine.java:72)
	at org.junit.platform.launcher.core.EngineExecutionOrchestrator.execute(EngineExecutionOrchestrator.java:107)
	at org.junit.platform.launcher.core.EngineExecutionOrchestrator.execute(EngineExecutionOrchestrator.java:88)
	at org.junit.platform.launcher.core.EngineExecutionOrchestrator.lambda$execute$0(EngineExecutionOrchestrator.java:54)
	at org.junit.platform.launcher.core.EngineExecutionOrchestrator.withInterceptedStreams(EngineExecutionOrchestrator.java:67)
	at org.junit.platform.launcher.core.EngineExecutionOrchestrator.execute(EngineExecutionOrchestrator.java:52)
	at org.junit.platform.launcher.core.DefaultLauncher.execute(DefaultLauncher.java:114)
	at org.junit.platform.launcher.core.DefaultLauncher.execute(DefaultLauncher.java:86)
	at org.junit.platform.launcher.core.DefaultLauncherSession$DelegatingLauncher.execute(DefaultLauncherSession.java:86)
	at org.junit.platform.launcher.core.SessionPerRequestLauncher.execute(SessionPerRequestLauncher.java:53)
	at org.apache.maven.surefire.junitplatform.JUnitPlatformProvider.execute(JUnitPlatformProvider.java:188)
	at org.apache.maven.surefire.junitplatform.JUnitPlatformProvider.invokeAllTests(JUnitPlatformProvider.java:154)
	at org.apache.maven.surefire.junitplatform.JUnitPlatformProvider.invoke(JUnitPlatformProvider.java:128)
	at org.apache.maven.surefire.booter.ForkedBooter.runSuitesInProcess(ForkedBooter.java:428)
	at org.apache.maven.surefire.booter.ForkedBooter.execute(ForkedBooter.java:162)
	at org.apache.maven.surefire.booter.ForkedBooter.run(ForkedBooter.java:562)
	at org.apache.maven.surefire.booter.ForkedBooter.main(ForkedBooter.java:548)
Caused by: org.openqa.selenium.NoSuchElementException: no such element: Unable to locate element: {"method":"xpath","selector":"//tbody/tr[2]/td[8]/button[1]/a[1]//*[name()='svg']//*[name()='path' and contains(@d,'M14.4767 1')]"}
  (Session info: chrome=103.0.5060.114)
For documentation on this error, please visit: https://selenium.dev/exceptions/#no_such_element
Build info: version: '4.1.2', revision: '9a5a329c5a'
System info: host: 'DESKTOP-EQ55Q8H', ip: '192.168.43.104', os.name: 'Windows 10', os.arch: 'amd64', os.version: '10.0', java.version: '1.8.0_321'
Driver info: org.openqa.selenium.chrome.ChromeDriver
Command: [52ccc74038e8d8a9cbfda3c8a4fb0d94, findElement {using=xpath, value=//tbody/tr[2]/td[8]/button[1]/a[1]//*[name()='svg']//*[name()='path' and contains(@d,'M14.4767 1')]}]
Capabilities {acceptInsecureCerts: false, browserName: chrome, browserVersion: 103.0.5060.114, chrome: {chromedriverVersion: 103.0.5060.53 (a1711811edd7..., userDataDir: C:\Users\Admin\AppData\Loca...}, goog:chromeOptions: {debuggerAddress: localhost:64866}, javascriptEnabled: true, networkConnectionEnabled: false, pageLoadStrategy: normal, platform: WINDOWS, platformName: WINDOWS, proxy: Proxy(), se:cdp: ws://localhost:64866/devtoo..., se:cdpVersion: 103.0.5060.114, setWindowRect: true, strictFileInteractability: false, timeouts: {implicit: 0, pageLoad: 300000, script: 30000}, unhandledPromptBehavior: dismiss and notify, webauthn:extension:credBlob: true, webauthn:extension:largeBlob: true, webauthn:virtualAuthenticators: true}
Session ID: 52ccc74038e8d8a9cbfda3c8a4fb0d94
	at sun.reflect.NativeConstructorAccessorImpl.newInstance0(Native Method)
	at sun.reflect.NativeConstructorAccessorImpl.newInstance(NativeConstructorAccessorImpl.java:62)
	at sun.reflect.DelegatingConstructorAccessorImpl.newInstance(DelegatingConstructorAccessorImpl.java:45)
	at java.lang.reflect.Constructor.newInstance(Constructor.java:423)
	at org.openqa.selenium.remote.codec.w3c.W3CHttpResponseCodec.createException(W3CHttpResponseCodec.java:200)
	at org.openqa.selenium.remote.codec.w3c.W3CHttpResponseCodec.decode(W3CHttpResponseCodec.java:133)
	at org.openqa.selenium.remote.codec.w3c.W3CHttpResponseCodec.decode(W3CHttpResponseCodec.java:53)
	at org.openqa.selenium.remote.HttpCommandExecutor.execute(HttpCommandExecutor.java:184)
	at org.openqa.selenium.remote.service.DriverCommandExecutor.invokeExecute(DriverCommandExecutor.java:167)
	at org.openqa.selenium.remote.service.DriverCommandExecutor.execute(DriverCommandExecutor.java:142)
	at org.openqa.selenium.remote.RemoteWebDriver.execute(RemoteWebDriver.java:558)
	at org.openqa.selenium.remote.ElementLocation$ElementFinder$2.findElement(ElementLocation.java:162)
	at org.openqa.selenium.remote.ElementLocation.findElement(ElementLocation.java:60)
	at org.openqa.selenium.remote.RemoteWebDriver.findElement(RemoteWebDriver.java:382)
	at org.openqa.selenium.remote.RemoteWebDriver.findElement(RemoteWebDriver.java:374)
	at net.thucydides.core.webdriver.WebDriverFacade.findElement(WebDriverFacade.java:224)
	at net.serenitybdd.core.pages.WebElementResolverByLocator.resolveForDriver(WebElementResolverByLocator.java:25)
	at net.serenitybdd.core.pages.WebElementFacadeImpl.getResolvedElement(WebElementFacadeImpl.java:191)
	at net.serenitybdd.core.pages.WebElementFacadeImpl.getElement(WebElementFacadeImpl.java:186)
	at net.serenitybdd.core.pages.WebElementExpectations$3.apply(WebElementExpectations.java:63)
	at net.serenitybdd.core.pages.WebElementExpectations$3.apply(WebElementExpectations.java:55)
	at org.openqa.selenium.support.ui.FluentWait.until(FluentWait.java:208)
	... 81 more
&amp#27;[0m
  &amp#27;[36mAnd &amp#27;[0m&amp#27;[36madmin edit or update data building&amp#27;[0m             &amp#27;[90m# starter.stepdefenitions.BuildingSteps.adminEditOrUpdateDataBuilding()&amp#27;[0m
  &amp#27;[36mAnd &amp#27;[0m&amp#27;[36madmin click update building&amp#27;[0m                    &amp#27;[90m# starter.stepdefenitions.BuildingSteps.adminClickUpdateBuilding()&amp#27;[0m
  &amp#27;[36mAnd &amp#27;[0m&amp#27;[36madmin click success update building&amp#27;[0m            &amp#27;[90m# starter.stepdefenitions.BuildingSteps.adminClickSuccessUpdateBuilding()&amp#27;[0m
  &amp#27;[36mThen &amp#27;[0m&amp#27;[36madmin success update building&amp#27;[0m                 &amp#27;[90m# starter.stepdefenitions.BuildingSteps.adminSuccessUpdateBuilding()&amp#27;[0m
05:05:33.793 [main] ERROR  - 
  _____   ___   ___   _____     ___     _     ___   _      ___   ___  
 |_   _| | __| / __| |_   _|   | __|   /_\   |_ _| | |    | __| |   \ 
   | |   | _|  \__ \   | |     | _|   / _ \   | |  | |__  | _|  | |) |
   |_|   |___| |___/   |_|     |_|   /_/ \_\ |___| |____| |___| |___/ 

As admin i have be able to update building
-----------------------------------------------------------------------
05:05:33.798 [main] DEBUG  - RELATED ISSUES: 
05:05:33.802 [main] ERROR  -     Test failed at step: Click edt button
05:05:33.802 [main] ERROR  -     Expected enabled element was not enabled
05:05:33.813 [AsyncHttpClient-1-9] DEBUG org.asynchttpclient.netty.handler.WebSocketHandler - Channel Closed: [id: 0x5421f5bd, L:/127.0.0.1:64873 ! R:localhost/127.0.0.1:64866] with attribute NettyResponseFuture{currentRetry=5,
	isDone=1,
	isCancelled=0,
	asyncHandler=org.asynchttpclient.ws.WebSocketUpgradeHandler@118f7339,
	nettyRequest=org.asynchttpclient.netty.request.NettyRequest@57ff7c7b,
	future=java.util.concurrent.CompletableFuture@6efd657a[Completed normally],
	uri=ws://localhost:64866/devtools/browser/3653f59b-0282-44fb-a201-c209f0f71628,
	keepAlive=true,
	redirectCount=0,
	timeoutsHolder=null,
	inAuth=0,
	touch=1658095518082}
05:05:33.813 [AsyncHttpClient-1-9] DEBUG org.asynchttpclient.netty.channel.ChannelManager - Closing Channel [id: 0x5421f5bd, L:/127.0.0.1:64873 ! R:localhost/127.0.0.1:64866] 
05:05:33.814 [Driver Command Executor] DEBUG org.asynchttpclient.netty.request.NettyRequestSender - Using pooled Channel '[id: 0xeb701072, L:/127.0.0.1:64865 - R:localhost/127.0.0.1:54423]' for 'DELETE' to 'http://localhost:54423/session/52ccc74038e8d8a9cbfda3c8a4fb0d94'
05:05:33.814 [Driver Command Executor] DEBUG org.asynchttpclient.netty.request.NettyRequestSender - Using open Channel [id: 0xeb701072, L:/127.0.0.1:64865 - R:localhost/127.0.0.1:54423] for DELETE '/session/52ccc74038e8d8a9cbfda3c8a4fb0d94'
05:05:34.136 [AsyncHttpClient-1-1] DEBUG org.asynchttpclient.netty.channel.DefaultChannelPool - Entry count for : http://localhost:64866 : 1
05:05:34.960 [AsyncHttpClient-1-8] DEBUG org.asynchttpclient.netty.handler.HttpHandler - Unexpected I/O exception on channel [id: 0xce929de8, L:/127.0.0.1:64872 - R:localhost/127.0.0.1:64866]
java.io.IOException: An existing connection was forcibly closed by the remote host
	at sun.nio.ch.SocketDispatcher.read0(Native Method)
	at sun.nio.ch.SocketDispatcher.read(SocketDispatcher.java:43)
	at sun.nio.ch.IOUtil.readIntoNativeBuffer(IOUtil.java:223)
	at sun.nio.ch.IOUtil.read(IOUtil.java:192)
	at sun.nio.ch.SocketChannelImpl.read(SocketChannelImpl.java:378)
	at io.netty.buffer.PooledByteBuf.setBytes(PooledByteBuf.java:258)
	at io.netty.buffer.AbstractByteBuf.writeBytes(AbstractByteBuf.java:1132)
	at io.netty.channel.socket.nio.NioSocketChannel.doReadBytes(NioSocketChannel.java:350)
	at io.netty.channel.nio.AbstractNioByteChannel$NioByteUnsafe.read(AbstractNioByteChannel.java:151)
	at io.netty.channel.nio.NioEventLoop.processSelectedKey(NioEventLoop.java:722)
	at io.netty.channel.nio.NioEventLoop.processSelectedKeysOptimized(NioEventLoop.java:658)
	at io.netty.channel.nio.NioEventLoop.processSelectedKeys(NioEventLoop.java:584)
	at io.netty.channel.nio.NioEventLoop.run(NioEventLoop.java:496)
	at io.netty.util.concurrent.SingleThreadEventExecutor$4.run(SingleThreadEventExecutor.java:986)
	at io.netty.util.internal.ThreadExecutorMap$2.run(ThreadExecutorMap.java:74)
	at io.netty.util.concurrent.FastThreadLocalRunnable.run(FastThreadLocalRunnable.java:30)
	at java.lang.Thread.run(Thread.java:750)
05:05:34.961 [AsyncHttpClient-1-8] DEBUG org.asynchttpclient.netty.channel.ChannelManager - Closing Channel [id: 0xce929de8, L:/127.0.0.1:64872 - R:localhost/127.0.0.1:64866] 
05:05:34.961 [AsyncHttpClient-1-8] DEBUG org.asynchttpclient.netty.handler.HttpHandler - Channel Closed: [id: 0xce929de8, L:/127.0.0.1:64872 ! R:localhost/127.0.0.1:64866] with attribute DISCARD
05:05:35.248 [AsyncHttpClient-1-1] DEBUG org.asynchttpclient.netty.channel.DefaultChannelPool - Entry count for : http://localhost:64866 : 1
05:05:35.248 [AsyncHttpClient-1-1] DEBUG org.asynchttpclient.netty.channel.DefaultChannelPool - Adding Candidate expired Channel [id: 0xce929de8, L:/127.0.0.1:64872 ! R:localhost/127.0.0.1:64866] isIdleTimeoutExpired=false isRemotelyClosed=true isTtlExpired=false
05:05:35.248 [AsyncHttpClient-1-1] DEBUG org.asynchttpclient.netty.channel.DefaultChannelPool - Closing Idle Channel [id: 0xce929de8, L:/127.0.0.1:64872 ! R:localhost/127.0.0.1:64866]
05:05:35.248 [AsyncHttpClient-1-1] DEBUG org.asynchttpclient.netty.channel.DefaultChannelPool - Closed 1 connections out of 1 in 0 ms
05:05:40.243 [AsyncHttpClient-1-7] DEBUG org.asynchttpclient.netty.handler.HttpHandler - 

Request DefaultFullHttpRequest(decodeResult: success, version: HTTP/1.1, content: EmptyByteBufBE)
DELETE /session/52ccc74038e8d8a9cbfda3c8a4fb0d94 HTTP/1.1
User-Agent: selenium/4.1.2 (java windows)
Content-Type: application/json; charset=utf-8
host: localhost:54423
accept: */*

Response DefaultHttpResponse(decodeResult: success, version: HTTP/1.1)
HTTP/1.1 200 OK
Content-Type: application/json; charset=utf-8
cache-control: no-cache
content-length: 14

05:05:40.243 [AsyncHttpClient-1-7] DEBUG org.asynchttpclient.netty.channel.ChannelManager - Adding key: http://localhost:54423 for channel [id: 0xeb701072, L:/127.0.0.1:64865 - R:localhost/127.0.0.1:54423]
05:05:40.834 [AsyncHttpClient-1-1] DEBUG org.asynchttpclient.netty.channel.DefaultChannelPool - Entry count for : http://localhost:54423 : 1
05:05:41.932 [AsyncHttpClient-1-1] DEBUG org.asynchttpclient.netty.channel.DefaultChannelPool - Entry count for : http://localhost:54423 : 1
05:05:42.386 [AsyncHttpClient-1-7] DEBUG org.asynchttpclient.netty.handler.HttpHandler - Unexpected I/O exception on channel [id: 0xeb701072, L:/127.0.0.1:64865 - R:localhost/127.0.0.1:54423]
java.io.IOException: An existing connection was forcibly closed by the remote host
	at sun.nio.ch.SocketDispatcher.read0(Native Method)
	at sun.nio.ch.SocketDispatcher.read(SocketDispatcher.java:43)
	at sun.nio.ch.IOUtil.readIntoNativeBuffer(IOUtil.java:223)
	at sun.nio.ch.IOUtil.read(IOUtil.java:192)
	at sun.nio.ch.SocketChannelImpl.read(SocketChannelImpl.java:378)
	at io.netty.buffer.PooledByteBuf.setBytes(PooledByteBuf.java:258)
	at io.netty.buffer.AbstractByteBuf.writeBytes(AbstractByteBuf.java:1132)
	at io.netty.channel.socket.nio.NioSocketChannel.doReadBytes(NioSocketChannel.java:350)
	at io.netty.channel.nio.AbstractNioByteChannel$NioByteUnsafe.read(AbstractNioByteChannel.java:151)
	at io.netty.channel.nio.NioEventLoop.processSelectedKey(NioEventLoop.java:722)
	at io.netty.channel.nio.NioEventLoop.processSelectedKeysOptimized(NioEventLoop.java:658)
	at io.netty.channel.nio.NioEventLoop.processSelectedKeys(NioEventLoop.java:584)
	at io.netty.channel.nio.NioEventLoop.run(NioEventLoop.java:496)
	at io.netty.util.concurrent.SingleThreadEventExecutor$4.run(SingleThreadEventExecutor.java:986)
	at io.netty.util.internal.ThreadExecutorMap$2.run(ThreadExecutorMap.java:74)
	at io.netty.util.concurrent.FastThreadLocalRunnable.run(FastThreadLocalRunnable.java:30)
	at java.lang.Thread.run(Thread.java:750)
05:05:42.387 [AsyncHttpClient-1-7] DEBUG org.asynchttpclient.netty.channel.ChannelManager - Closing Channel [id: 0xeb701072, L:/127.0.0.1:64865 - R:localhost/127.0.0.1:54423] 
05:05:42.387 [AsyncHttpClient-1-7] DEBUG org.asynchttpclient.netty.handler.HttpHandler - Channel Closed: [id: 0xeb701072, L:/127.0.0.1:64865 ! R:localhost/127.0.0.1:54423] with attribute DISCARD
]]></system-out>
    <system-err><![CDATA[Starting ChromeDriver 103.0.5060.53 (a1711811edd74ff1cf2150f36ffa3b0dae40b17f-refs/branch-heads/5060@{#853}) on port 54423
Only local connections are allowed.
Please see https://chromedriver.chromium.org/security-considerations for suggestions on keeping ChromeDriver safe.
ChromeDriver was started successfully.
Jul 18, 2022 5:05:18 AM org.openqa.selenium.remote.ProtocolHandshake createSession
INFO: Detected dialect: W3C
Jul 18, 2022 5:05:18 AM org.openqa.selenium.devtools.CdpVersionFinder findNearestMatch
WARNING: Unable to find an exact match for CDP version 103, so returning the closest version found: a no-op implementation
Jul 18, 2022 5:05:18 AM org.openqa.selenium.devtools.CdpVersionFinder findNearestMatch
INFO: Unable to find CDP implementation matching 103.
Jul 18, 2022 5:05:18 AM org.openqa.selenium.chromium.ChromiumDriver lambda$new$3
WARNING: Unable to find version of CDP to use for . You may need to include a dependency on a specific version of the CDP using something similar to `org.seleniumhq.selenium:selenium-devtools-v86:4.1.2` where the version ("v86") matches the version of the chromium-based browser you're using and the version number of the artifact is the same as Selenium's.
Jul 18, 2022 5:05:42 AM org.openqa.selenium.os.OsProcess destroy
SEVERE: Unable to kill process java.lang.ProcessImpl@685dceb8
]]></system-err>
  </testcase>
</testsuite>