<?xml version="1.0" encoding="UTF-8"?>
<testsuite xmlns:xsi="http://www.w3.org/2001/XMLSchema-instance" xsi:noNamespaceSchemaLocation="https://maven.apache.org/surefire/maven-failsafe-plugin/xsd/failsafe-test-report-3.0.xsd" version="3.0" name="starter.CucumberTestSuite" time="26.146" tests="1" errors="0" skipped="0" failures="0">
  <properties>
    <property name="sun.desktop" value="windows"/>
    <property name="awt.toolkit" value="sun.awt.windows.WToolkit"/>
    <property name="java.specification.version" value="1.8"/>
    <property name="file.encoding.pkg" value="sun.io"/>
    <property name="webdriver.chrome.driver" value="D:\kampus merdeka\QE_Capstone Kanbo\capstone\web\src\test\resources\webdriver\chromedriver.exe"/>
    <property name="sun.cpu.isalist" value="amd64"/>
    <property name="sun.jnu.encoding" value="Cp1252"/>
    <property name="java.class.path" value="D:\kampus merdeka\QE_Capstone Kanbo\capstone\web\target\test-classes;D:\kampus merdeka\QE_Capstone Kanbo\capstone\web\target\web-1.0-SNAPSHOT.jar;C:\Users\Admin\.m2\repository\net\serenity-bdd\serenity-core\3.2.1\serenity-core-3.2.1.jar;C:\Users\Admin\.m2\repository\net\serenity-bdd\serenity-model\3.2.1\serenity-model-3.2.1.jar;C:\Users\Admin\.m2\repository\org\apache\commons\commons-text\1.9\commons-text-1.9.jar;C:\Users\Admin\.m2\repository\commons-net\commons-net\3.8.0\commons-net-3.8.0.jar;C:\Users\Admin\.m2\repository\com\google\guava\guava\31.1-jre\guava-31.1-jre.jar;C:\Users\Admin\.m2\repository\com\google\guava\failureaccess\1.0.1\failureaccess-1.0.1.jar;C:\Users\Admin\.m2\repository\com\google\guava\listenablefuture\9999.0-empty-to-avoid-conflict-with-guava\listenablefuture-9999.0-empty-to-avoid-conflict-with-guava.jar;C:\Users\Admin\.m2\repository\com\google\code\findbugs\jsr305\3.0.2\jsr305-3.0.2.jar;C:\Users\Admin\.m2\repository\org\checkerframework\checker-qual\3.12.0\checker-qual-3.12.0.jar;C:\Users\Admin\.m2\repository\com\google\errorprone\error_prone_annotations\2.11.0\error_prone_annotations-2.11.0.jar;C:\Users\Admin\.m2\repository\com\google\j2objc\j2objc-annotations\1.3\j2objc-annotations-1.3.jar;C:\Users\Admin\.m2\repository\com\google\inject\guice\5.1.0\guice-5.1.0.jar;C:\Users\Admin\.m2\repository\javax\inject\javax.inject\1\javax.inject-1.jar;C:\Users\Admin\.m2\repository\aopalliance\aopalliance\1.0\aopalliance-1.0.jar;C:\Users\Admin\.m2\repository\org\jsoup\jsoup\1.14.3\jsoup-1.14.3.jar;C:\Users\Admin\.m2\repository\com\thoughtworks\xstream\xstream\1.4.19\xstream-1.4.19.jar;C:\Users\Admin\.m2\repository\io\github\x-stream\mxparser\1.2.2\mxparser-1.2.2.jar;C:\Users\Admin\.m2\repository\xmlpull\xmlpull\1.1.3.1\xmlpull-1.1.3.1.jar;C:\Users\Admin\.m2\repository\io\cucumber\cucumber-java\7.2.3\cucumber-java-7.2.3.jar;C:\Users\Admin\.m2\repository\com\typesafe\config\1.4.2\config-1.4.2.jar;C:\Users\Admin\.m2\repository\org\imgscalr\imgscalr-lib\4.2\imgscalr-lib-4.2.jar;C:\Users\Admin\.m2\repository\org\awaitility\awaitility\4.2.0\awaitility-4.2.0.jar;C:\Users\Admin\.m2\repository\org\freemarker\freemarker\2.3.31\freemarker-2.3.31.jar;C:\Users\Admin\.m2\repository\io\github\classgraph\classgraph\4.8.138\classgraph-4.8.138.jar;C:\Users\Admin\.m2\repository\net\sourceforge\jexcelapi\jxl\2.6.12\jxl-2.6.12.jar;C:\Users\Admin\.m2\repository\net\bytebuddy\byte-buddy\1.12.8\byte-buddy-1.12.8.jar;C:\Users\Admin\.m2\repository\net\bytebuddy\byte-buddy-agent\1.12.8\byte-buddy-agent-1.12.8.jar;C:\Users\Admin\.m2\repository\org\objenesis\objenesis\3.1\objenesis-3.1.jar;C:\Users\Admin\.m2\repository\net\serenity-bdd\serenity-reports\3.2.1\serenity-reports-3.2.1.jar;C:\Users\Admin\.m2\repository\net\serenity-bdd\serenity-stats\3.2.1\serenity-stats-3.2.1.jar;C:\Users\Admin\.m2\repository\net\serenity-bdd\serenity-reports-configuration\3.2.1\serenity-reports-configuration-3.2.1.jar;C:\Users\Admin\.m2\repository\com\vladsch\flexmark\flexmark-all\0.34.30\flexmark-all-0.34.30.jar;C:\Users\Admin\.m2\repository\com\vladsch\flexmark\flexmark\0.34.30\flexmark-0.34.30.jar;C:\Users\Admin\.m2\repository\com\vladsch\flexmark\flexmark-ext-abbreviation\0.34.30\flexmark-ext-abbreviation-0.34.30.jar;C:\Users\Admin\.m2\repository\com\vladsch\flexmark\flexmark-ext-admonition\0.34.30\flexmark-ext-admonition-0.34.30.jar;C:\Users\Admin\.m2\repository\com\vladsch\flexmark\flexmark-ext-anchorlink\0.34.30\flexmark-ext-anchorlink-0.34.30.jar;C:\Users\Admin\.m2\repository\com\vladsch\flexmark\flexmark-ext-aside\0.34.30\flexmark-ext-aside-0.34.30.jar;C:\Users\Admin\.m2\repository\com\vladsch\flexmark\flexmark-ext-attributes\0.34.30\flexmark-ext-attributes-0.34.30.jar;C:\Users\Admin\.m2\repository\com\vladsch\flexmark\flexmark-ext-autolink\0.34.30\flexmark-ext-autolink-0.34.30.jar;C:\Users\Admin\.m2\repository\org\nibor\autolink\autolink\0.6.0\autolink-0.6.0.jar;C:\Users\Admin\.m2\repository\com\vladsch\flexmark\flexmark-ext-definition\0.34.30\flexmark-ext-definition-0.34.30.jar;C:\Users\Admin\.m2\repository\com\vladsch\flexmark\flexmark-ext-emoji\0.34.30\flexmark-ext-emoji-0.34.30.jar;C:\Users\Admin\.m2\repository\com\vladsch\flexmark\flexmark-ext-enumerated-reference\0.34.30\flexmark-ext-enumerated-reference-0.34.30.jar;C:\Users\Admin\.m2\repository\com\vladsch\flexmark\flexmark-ext-escaped-character\0.34.30\flexmark-ext-escaped-character-0.34.30.jar;C:\Users\Admin\.m2\repository\com\vladsch\flexmark\flexmark-ext-footnotes\0.34.30\flexmark-ext-footnotes-0.34.30.jar;C:\Users\Admin\.m2\repository\com\vladsch\flexmark\flexmark-ext-gfm-issues\0.34.30\flexmark-ext-gfm-issues-0.34.30.jar;C:\Users\Admin\.m2\repository\com\vladsch\flexmark\flexmark-ext-gfm-strikethrough\0.34.30\flexmark-ext-gfm-strikethrough-0.34.30.jar;C:\Users\Admin\.m2\repository\com\vladsch\flexmark\flexmark-ext-gfm-tables\0.34.30\flexmark-ext-gfm-tables-0.34.30.jar;C:\Users\Admin\.m2\repository\com\vladsch\flexmark\flexmark-ext-gfm-tasklist\0.34.30\flexmark-ext-gfm-tasklist-0.34.30.jar;C:\Users\Admin\.m2\repository\com\vladsch\flexmark\flexmark-ext-gfm-users\0.34.30\flexmark-ext-gfm-users-0.34.30.jar;C:\Users\Admin\.m2\repository\com\vladsch\flexmark\flexmark-ext-gitlab\0.34.30\flexmark-ext-gitlab-0.34.30.jar;C:\Users\Admin\.m2\repository\com\vladsch\flexmark\flexmark-ext-jekyll-front-matter\0.34.30\flexmark-ext-jekyll-front-matter-0.34.30.jar;C:\Users\Admin\.m2\repository\com\vladsch\flexmark\flexmark-ext-jekyll-tag\0.34.30\flexmark-ext-jekyll-tag-0.34.30.jar;C:\Users\Admin\.m2\repository\com\vladsch\flexmark\flexmark-ext-media-tags\0.34.30\flexmark-ext-media-tags-0.34.30.jar;C:\Users\Admin\.m2\repository\com\vladsch\flexmark\flexmark-test-util\0.34.30\flexmark-test-util-0.34.30.jar;C:\Users\Admin\.m2\repository\com\vladsch\flexmark\flexmark-ext-ins\0.34.30\flexmark-ext-ins-0.34.30.jar;C:\Users\Admin\.m2\repository\com\vladsch\flexmark\flexmark-ext-xwiki-macros\0.34.30\flexmark-ext-xwiki-macros-0.34.30.jar;C:\Users\Admin\.m2\repository\com\vladsch\flexmark\flexmark-ext-superscript\0.34.30\flexmark-ext-superscript-0.34.30.jar;C:\Users\Admin\.m2\repository\com\vladsch\flexmark\flexmark-ext-tables\0.34.30\flexmark-ext-tables-0.34.30.jar;C:\Users\Admin\.m2\repository\com\vladsch\flexmark\flexmark-ext-toc\0.34.30\flexmark-ext-toc-0.34.30.jar;C:\Users\Admin\.m2\repository\com\vladsch\flexmark\flexmark-ext-typographic\0.34.30\flexmark-ext-typographic-0.34.30.jar;C:\Users\Admin\.m2\repository\com\vladsch\flexmark\flexmark-ext-wikilink\0.34.30\flexmark-ext-wikilink-0.34.30.jar;C:\Users\Admin\.m2\repository\com\vladsch\flexmark\flexmark-ext-yaml-front-matter\0.34.30\flexmark-ext-yaml-front-matter-0.34.30.jar;C:\Users\Admin\.m2\repository\com\vladsch\flexmark\flexmark-ext-youtube-embedded\0.34.30\flexmark-ext-youtube-embedded-0.34.30.jar;C:\Users\Admin\.m2\repository\com\vladsch\flexmark\flexmark-formatter\0.34.30\flexmark-formatter-0.34.30.jar;C:\Users\Admin\.m2\repository\com\vladsch\flexmark\flexmark-html-parser\0.34.30\flexmark-html-parser-0.34.30.jar;C:\Users\Admin\.m2\repository\com\vladsch\flexmark\flexmark-jira-converter\0.34.30\flexmark-jira-converter-0.34.30.jar;C:\Users\Admin\.m2\repository\com\vladsch\flexmark\flexmark-pdf-converter\0.34.30\flexmark-pdf-converter-0.34.30.jar;C:\Users\Admin\.m2\repository\com\openhtmltopdf\openhtmltopdf-core\0.0.1-RC13\openhtmltopdf-core-0.0.1-RC13.jar;C:\Users\Admin\.m2\repository\com\openhtmltopdf\openhtmltopdf-pdfbox\0.0.1-RC13\openhtmltopdf-pdfbox-0.0.1-RC13.jar;C:\Users\Admin\.m2\repository\org\apache\pdfbox\pdfbox\2.0.8\pdfbox-2.0.8.jar;C:\Users\Admin\.m2\repository\org\apache\pdfbox\fontbox\2.0.8\fontbox-2.0.8.jar;C:\Users\Admin\.m2\repository\commons-logging\commons-logging\1.2\commons-logging-1.2.jar;C:\Users\Admin\.m2\repository\org\apache\pdfbox\xmpbox\2.0.8\xmpbox-2.0.8.jar;C:\Users\Admin\.m2\repository\de\rototor\pdfbox\graphics2d\0.12\graphics2d-0.12.jar;C:\Users\Admin\.m2\repository\com\openhtmltopdf\openhtmltopdf-rtl-support\0.0.1-RC13\openhtmltopdf-rtl-support-0.0.1-RC13.jar;C:\Users\Admin\.m2\repository\com\ibm\icu\icu4j\59.1\icu4j-59.1.jar;C:\Users\Admin\.m2\repository\com\openhtmltopdf\openhtmltopdf-jsoup-dom-converter\0.0.1-RC13\openhtmltopdf-jsoup-dom-converter-0.0.1-RC13.jar;C:\Users\Admin\.m2\repository\com\vladsch\flexmark\flexmark-profile-pegdown\0.34.30\flexmark-profile-pegdown-0.34.30.jar;C:\Users\Admin\.m2\repository\com\vladsch\flexmark\flexmark-util\0.34.30\flexmark-util-0.34.30.jar;C:\Users\Admin\.m2\repository\com\vladsch\flexmark\flexmark-youtrack-converter\0.34.30\flexmark-youtrack-converter-0.34.30.jar;C:\Users\Admin\.m2\repository\es\nitaur\markdown\txtmark\0.16\txtmark-0.16.jar;C:\Users\Admin\.m2\repository\net\serenity-bdd\serenity-report-resources\3.2.1\serenity-report-resources-3.2.1.jar;C:\Users\Admin\.m2\repository\com\google\code\gson\gson\2.9.0\gson-2.9.0.jar;C:\Users\Admin\.m2\repository\com\fasterxml\jackson\core\jackson-core\2.13.2\jackson-core-2.13.2.jar;C:\Users\Admin\.m2\repository\com\fasterxml\jackson\core\jackson-databind\2.13.2\jackson-databind-2.13.2.jar;C:\Users\Admin\.m2\repository\com\fasterxml\jackson\core\jackson-annotations\2.13.2\jackson-annotations-2.13.2.jar;C:\Users\Admin\.m2\repository\commons-codec\commons-codec\1.15\commons-codec-1.15.jar;C:\Users\Admin\.m2\repository\commons-io\commons-io\2.11.0\commons-io-2.11.0.jar;C:\Users\Admin\.m2\repository\org\seleniumhq\selenium\selenium-java\4.1.2\selenium-java-4.1.2.jar;C:\Users\Admin\.m2\repository\org\seleniumhq\selenium\selenium-devtools-v85\4.1.2\selenium-devtools-v85-4.1.2.jar;C:\Users\Admin\.m2\repository\org\seleniumhq\selenium\selenium-devtools-v95\4.1.2\selenium-devtools-v95-4.1.2.jar;C:\Users\Admin\.m2\repository\org\seleniumhq\selenium\selenium-devtools-v96\4.1.2\selenium-devtools-v96-4.1.2.jar;C:\Users\Admin\.m2\repository\org\seleniumhq\selenium\selenium-devtools-v97\4.1.2\selenium-devtools-v97-4.1.2.jar;C:\Users\Admin\.m2\repository\org\seleniumhq\selenium\selenium-firefox-xpi-driver\4.1.2\selenium-firefox-xpi-driver-4.1.2.jar;C:\Users\Admin\.m2\repository\org\seleniumhq\selenium\selenium-opera-driver\4.1.2\selenium-opera-driver-4.1.2.jar;C:\Users\Admin\.m2\repository\org\seleniumhq\selenium\selenium-remote-driver\4.1.2\selenium-remote-driver-4.1.2.jar;C:\Users\Admin\.m2\repository\com\beust\jcommander\1.82\jcommander-1.82.jar;C:\Users\Admin\.m2\repository\io\netty\netty-buffer\4.1.73.Final\netty-buffer-4.1.73.Final.jar;C:\Users\Admin\.m2\repository\io\netty\netty-codec-http\4.1.73.Final\netty-codec-http-4.1.73.Final.jar;C:\Users\Admin\.m2\repository\io\netty\netty-codec\4.1.73.Final\netty-codec-4.1.73.Final.jar;C:\Users\Admin\.m2\repository\io\netty\netty-handler\4.1.73.Final\netty-handler-4.1.73.Final.jar;C:\Users\Admin\.m2\repository\io\netty\netty-tcnative-classes\2.0.46.Final\netty-tcnative-classes-2.0.46.Final.jar;C:\Users\Admin\.m2\repository\io\netty\netty-common\4.1.73.Final\netty-common-4.1.73.Final.jar;C:\Users\Admin\.m2\repository\io\netty\netty-transport-classes-epoll\4.1.73.Final\netty-transport-classes-epoll-4.1.73.Final.jar;C:\Users\Admin\.m2\repository\io\netty\netty-transport-classes-kqueue\4.1.73.Final\netty-transport-classes-kqueue-4.1.73.Final.jar;C:\Users\Admin\.m2\repository\io\netty\netty-transport-native-epoll\4.1.73.Final\netty-transport-native-epoll-4.1.73.Final.jar;C:\Users\Admin\.m2\repository\io\netty\netty-transport-native-kqueue\4.1.73.Final\netty-transport-native-kqueue-4.1.73.Final.jar;C:\Users\Admin\.m2\repository\io\netty\netty-transport-native-unix-common\4.1.73.Final\netty-transport-native-unix-common-4.1.73.Final.jar;C:\Users\Admin\.m2\repository\io\netty\netty-transport\4.1.73.Final\netty-transport-4.1.73.Final.jar;C:\Users\Admin\.m2\repository\io\netty\netty-resolver\4.1.73.Final\netty-resolver-4.1.73.Final.jar;C:\Users\Admin\.m2\repository\io\opentelemetry\opentelemetry-api\1.10.1\opentelemetry-api-1.10.1.jar;C:\Users\Admin\.m2\repository\io\opentelemetry\opentelemetry-context\1.10.1\opentelemetry-context-1.10.1.jar;C:\Users\Admin\.m2\repository\io\opentelemetry\opentelemetry-exporter-logging\1.10.1\opentelemetry-exporter-logging-1.10.1.jar;C:\Users\Admin\.m2\repository\io\opentelemetry\opentelemetry-sdk-metrics\1.10.1-alpha\opentelemetry-sdk-metrics-1.10.1-alpha.jar;C:\Users\Admin\.m2\repository\io\opentelemetry\opentelemetry-sdk-logs\1.10.1-alpha\opentelemetry-sdk-logs-1.10.1-alpha.jar;C:\Users\Admin\.m2\repository\io\opentelemetry\opentelemetry-sdk-common\1.10.1\opentelemetry-sdk-common-1.10.1.jar;C:\Users\Admin\.m2\repository\io\opentelemetry\opentelemetry-sdk-extension-autoconfigure-spi\1.10.1\opentelemetry-sdk-extension-autoconfigure-spi-1.10.1.jar;C:\Users\Admin\.m2\repository\io\opentelemetry\opentelemetry-sdk-extension-autoconfigure\1.10.1-alpha\opentelemetry-sdk-extension-autoconfigure-1.10.1-alpha.jar;C:\Users\Admin\.m2\repository\io\opentelemetry\opentelemetry-sdk-trace\1.10.1\opentelemetry-sdk-trace-1.10.1.jar;C:\Users\Admin\.m2\repository\io\opentelemetry\opentelemetry-sdk\1.10.1\opentelemetry-sdk-1.10.1.jar;C:\Users\Admin\.m2\repository\io\opentelemetry\opentelemetry-semconv\1.10.1-alpha\opentelemetry-semconv-1.10.1-alpha.jar;C:\Users\Admin\.m2\repository\io\ous\jtoml\2.0.0\jtoml-2.0.0.jar;C:\Users\Admin\.m2\repository\org\apache\commons\commons-exec\1.3\commons-exec-1.3.jar;C:\Users\Admin\.m2\repository\org\asynchttpclient\async-http-client\2.12.3\async-http-client-2.12.3.jar;C:\Users\Admin\.m2\repository\org\asynchttpclient\async-http-client-netty-utils\2.12.3\async-http-client-netty-utils-2.12.3.jar;C:\Users\Admin\.m2\repository\io\netty\netty-codec-socks\4.1.60.Final\netty-codec-socks-4.1.60.Final.jar;C:\Users\Admin\.m2\repository\io\netty\netty-handler-proxy\4.1.60.Final\netty-handler-proxy-4.1.60.Final.jar;C:\Users\Admin\.m2\repository\io\netty\netty-transport-native-epoll\4.1.60.Final\netty-transport-native-epoll-4.1.60.Final-linux-x86_64.jar;C:\Users\Admin\.m2\repository\io\netty\netty-transport-native-kqueue\4.1.60.Final\netty-transport-native-kqueue-4.1.60.Final-osx-x86_64.jar;C:\Users\Admin\.m2\repository\org\reactivestreams\reactive-streams\1.0.3\reactive-streams-1.0.3.jar;C:\Users\Admin\.m2\repository\com\typesafe\netty\netty-reactive-streams\2.0.4\netty-reactive-streams-2.0.4.jar;C:\Users\Admin\.m2\repository\org\seleniumhq\selenium\selenium-http\4.1.2\selenium-http-4.1.2.jar;C:\Users\Admin\.m2\repository\net\jodah\failsafe\2.4.4\failsafe-2.4.4.jar;C:\Users\Admin\.m2\repository\org\seleniumhq\selenium\selenium-safari-driver\4.1.2\selenium-safari-driver-4.1.2.jar;C:\Users\Admin\.m2\repository\org\seleniumhq\selenium\selenium-api\4.1.2\selenium-api-4.1.2.jar;C:\Users\Admin\.m2\repository\org\seleniumhq\selenium\selenium-support\4.1.2\selenium-support-4.1.2.jar;C:\Users\Admin\.m2\repository\com\google\auto\service\auto-service-annotations\1.0.1\auto-service-annotations-1.0.1.jar;C:\Users\Admin\.m2\repository\com\google\auto\service\auto-service\1.0.1\auto-service-1.0.1.jar;C:\Users\Admin\.m2\repository\com\google\auto\auto-common\1.2\auto-common-1.2.jar;C:\Users\Admin\.m2\repository\org\seleniumhq\selenium\selenium-json\4.1.2\selenium-json-4.1.2.jar;C:\Users\Admin\.m2\repository\org\seleniumhq\selenium\selenium-chrome-driver\4.1.2\selenium-chrome-driver-4.1.2.jar;C:\Users\Admin\.m2\repository\org\seleniumhq\selenium\selenium-chromium-driver\4.1.2\selenium-chromium-driver-4.1.2.jar;C:\Users\Admin\.m2\repository\org\seleniumhq\selenium\selenium-firefox-driver\4.1.2\selenium-firefox-driver-4.1.2.jar;C:\Users\Admin\.m2\repository\org\seleniumhq\selenium\selenium-edge-driver\4.1.2\selenium-edge-driver-4.1.2.jar;C:\Users\Admin\.m2\repository\org\seleniumhq\selenium\selenium-ie-driver\4.1.2\selenium-ie-driver-4.1.2.jar;C:\Users\Admin\.m2\repository\org\projectlombok\lombok\1.18.20\lombok-1.18.20.jar;C:\Users\Admin\.m2\repository\io\appium\java-client\8.0.0\java-client-8.0.0.jar;C:\Users\Admin\.m2\repository\commons-validator\commons-validator\1.7\commons-validator-1.7.jar;C:\Users\Admin\.m2\repository\commons-digester\commons-digester\2.1\commons-digester-2.1.jar;C:\Users\Admin\.m2\repository\org\aspectj\aspectjweaver\1.9.8\aspectjweaver-1.9.8.jar;C:\Users\Admin\.m2\repository\org\codehaus\groovy\groovy\3.0.10\groovy-3.0.10.jar;C:\Users\Admin\.m2\repository\net\sf\opencsv\opencsv\2.0\opencsv-2.0.jar;C:\Users\Admin\.m2\repository\commons-beanutils\commons-beanutils\1.9.4\commons-beanutils-1.9.4.jar;C:\Users\Admin\.m2\repository\org\apache\commons\commons-lang3\3.12.0\commons-lang3-3.12.0.jar;C:\Users\Admin\.m2\repository\commons-collections\commons-collections\3.2.2\commons-collections-3.2.2.jar;C:\Users\Admin\.m2\repository\org\fluentlenium\fluentlenium-core\0.10.2\fluentlenium-core-0.10.2.jar;C:\Users\Admin\.m2\repository\io\github\bonigarcia\webdrivermanager\5.1.0\webdrivermanager-5.1.0.jar;C:\Users\Admin\.m2\repository\com\github\docker-java\docker-java\3.2.13\docker-java-3.2.13.jar;C:\Users\Admin\.m2\repository\com\github\docker-java\docker-java-core\3.2.13\docker-java-core-3.2.13.jar;C:\Users\Admin\.m2\repository\com\github\docker-java\docker-java-api\3.2.13\docker-java-api-3.2.13.jar;C:\Users\Admin\.m2\repository\org\apache\commons\commons-compress\1.21\commons-compress-1.21.jar;C:\Users\Admin\.m2\repository\org\bouncycastle\bcpkix-jdk15on\1.64\bcpkix-jdk15on-1.64.jar;C:\Users\Admin\.m2\repository\org\bouncycastle\bcprov-jdk15on\1.64\bcprov-jdk15on-1.64.jar;C:\Users\Admin\.m2\repository\org\slf4j\jcl-over-slf4j\1.7.30\jcl-over-slf4j-1.7.30.jar;C:\Users\Admin\.m2\repository\com\github\docker-java\docker-java-transport-httpclient5\3.2.13\docker-java-transport-httpclient5-3.2.13.jar;C:\Users\Admin\.m2\repository\com\github\docker-java\docker-java-transport\3.2.13\docker-java-transport-3.2.13.jar;C:\Users\Admin\.m2\repository\org\apache\httpcomponents\client5\httpclient5\5.0.3\httpclient5-5.0.3.jar;C:\Users\Admin\.m2\repository\org\apache\httpcomponents\core5\httpcore5\5.0.2\httpcore5-5.0.2.jar;C:\Users\Admin\.m2\repository\net\java\dev\jna\jna\5.8.0\jna-5.8.0.jar;C:\Users\Admin\.m2\repository\org\brotli\dec\0.1.2\dec-0.1.2.jar;C:\Users\Admin\.m2\repository\com\jhlabs\filters\2.0.235\filters-2.0.235.jar;C:\Users\Admin\.m2\repository\com\paulhammant\ngwebdriver\1.1.6\ngwebdriver-1.1.6.jar;C:\Users\Admin\.m2\repository\joda-time\joda-time\2.8.2\joda-time-2.8.2.jar;C:\Users\Admin\.m2\repository\org\hamcrest\hamcrest\2.2\hamcrest-2.2.jar;C:\Users\Admin\.m2\repository\com\google\jimfs\jimfs\1.2\jimfs-1.2.jar;C:\Users\Admin\.m2\repository\org\mockito\mockito-core\3.3.3\mockito-core-3.3.3.jar;C:\Users\Admin\.m2\repository\javax\xml\bind\jaxb-api\2.3.1\jaxb-api-2.3.1.jar;C:\Users\Admin\.m2\repository\javax\activation\javax.activation-api\1.2.0\javax.activation-api-1.2.0.jar;C:\Users\Admin\.m2\repository\com\sun\xml\bind\jaxb-core\2.3.0.1\jaxb-core-2.3.0.1.jar;C:\Users\Admin\.m2\repository\com\sun\xml\bind\jaxb-impl\2.3.3\jaxb-impl-2.3.3.jar;C:\Users\Admin\.m2\repository\jakarta\xml\bind\jakarta.xml.bind-api\2.3.3\jakarta.xml.bind-api-2.3.3.jar;C:\Users\Admin\.m2\repository\com\sun\activation\jakarta.activation\1.2.2\jakarta.activation-1.2.2.jar;C:\Users\Admin\.m2\repository\javax\activation\activation\1.1.1\activation-1.1.1.jar;C:\Users\Admin\.m2\repository\net\serenity-bdd\serenity-cucumber\3.2.1\serenity-cucumber-3.2.1.jar;C:\Users\Admin\.m2\repository\io\cucumber\cucumber-core\7.2.3\cucumber-core-7.2.3.jar;C:\Users\Admin\.m2\repository\io\cucumber\cucumber-gherkin\7.2.3\cucumber-gherkin-7.2.3.jar;C:\Users\Admin\.m2\repository\io\cucumber\cucumber-gherkin-messages\7.2.3\cucumber-gherkin-messages-7.2.3.jar;C:\Users\Admin\.m2\repository\io\cucumber\messages\17.1.1\messages-17.1.1.jar;C:\Users\Admin\.m2\repository\io\cucumber\tag-expressions\4.1.0\tag-expressions-4.1.0.jar;C:\Users\Admin\.m2\repository\io\cucumber\cucumber-expressions\15.0.1\cucumber-expressions-15.0.1.jar;C:\Users\Admin\.m2\repository\io\cucumber\datatable\7.2.3\datatable-7.2.3.jar;C:\Users\Admin\.m2\repository\io\cucumber\cucumber-plugin\7.2.3\cucumber-plugin-7.2.3.jar;C:\Users\Admin\.m2\repository\io\cucumber\docstring\7.2.3\docstring-7.2.3.jar;C:\Users\Admin\.m2\repository\io\cucumber\html-formatter\17.0.0\html-formatter-17.0.0.jar;C:\Users\Admin\.m2\repository\io\cucumber\ci-environment\8.1.0\ci-environment-8.1.0.jar;C:\Users\Admin\.m2\repository\io\cucumber\cucumber-junit\7.2.3\cucumber-junit-7.2.3.jar;C:\Users\Admin\.m2\repository\org\apache\commons\commons-csv\1.5\commons-csv-1.5.jar;C:\Users\Admin\.m2\repository\net\serenity-bdd\serenity-screenplay\3.2.1\serenity-screenplay-3.2.1.jar;C:\Users\Admin\.m2\repository\net\serenity-bdd\serenity-screenplay-webdriver\3.2.1\serenity-screenplay-webdriver-3.2.1.jar;C:\Users\Admin\.m2\repository\net\serenity-bdd\serenity-ensure\3.2.1\serenity-ensure-3.2.1.jar;C:\Users\Admin\.m2\repository\net\serenity-bdd\serenity-junit\3.2.1\serenity-junit-3.2.1.jar;C:\Users\Admin\.m2\repository\org\jetbrains\kotlin\kotlin-stdlib\1.6.0\kotlin-stdlib-1.6.0.jar;C:\Users\Admin\.m2\repository\org\jetbrains\annotations\13.0\annotations-13.0.jar;C:\Users\Admin\.m2\repository\org\jetbrains\kotlin\kotlin-stdlib-common\1.6.0\kotlin-stdlib-common-1.6.0.jar;C:\Users\Admin\.m2\repository\org\junit\platform\junit-platform-launcher\1.8.1\junit-platform-launcher-1.8.1.jar;C:\Users\Admin\.m2\repository\org\junit\platform\junit-platform-engine\1.8.1\junit-platform-engine-1.8.1.jar;C:\Users\Admin\.m2\repository\org\opentest4j\opentest4j\1.2.0\opentest4j-1.2.0.jar;C:\Users\Admin\.m2\repository\org\junit\platform\junit-platform-commons\1.8.1\junit-platform-commons-1.8.1.jar;C:\Users\Admin\.m2\repository\org\apiguardian\apiguardian-api\1.1.2\apiguardian-api-1.1.2.jar;C:\Users\Admin\.m2\repository\org\junit\jupiter\junit-jupiter-engine\5.8.2\junit-jupiter-engine-5.8.2.jar;C:\Users\Admin\.m2\repository\org\junit\jupiter\junit-jupiter-api\5.8.2\junit-jupiter-api-5.8.2.jar;C:\Users\Admin\.m2\repository\org\junit\vintage\junit-vintage-engine\5.8.2\junit-vintage-engine-5.8.2.jar;C:\Users\Admin\.m2\repository\junit\junit\4.13.2\junit-4.13.2.jar;C:\Users\Admin\.m2\repository\org\hamcrest\hamcrest-core\1.3\hamcrest-core-1.3.jar;C:\Users\Admin\.m2\repository\ch\qos\logback\logback-classic\1.2.10\logback-classic-1.2.10.jar;C:\Users\Admin\.m2\repository\ch\qos\logback\logback-core\1.2.10\logback-core-1.2.10.jar;C:\Users\Admin\.m2\repository\org\slf4j\slf4j-api\1.7.32\slf4j-api-1.7.32.jar;C:\Users\Admin\.m2\repository\org\assertj\assertj-core\3.6.2\assertj-core-3.6.2.jar;"/>
    <property name="java.vm.vendor" value="Oracle Corporation"/>
    <property name="sun.arch.data.model" value="64"/>
    <property name="user.variant" value=""/>
    <property name="java.vendor.url" value="http://java.oracle.com/"/>
    <property name="user.timezone" value="Asia/Bangkok"/>
    <property name="java.vm.specification.version" value="1.8"/>
    <property name="os.name" value="Windows 10"/>
    <property name="user.country" value="US"/>
    <property name="sun.java.launcher" value="SUN_STANDARD"/>
    <property name="sun.boot.library.path" value="C:\Program Files\Java\jdk1.8.0_321\jre\bin"/>
    <property name="sun.java.command" value="C:\Users\Admin\AppData\Local\Temp\surefire400647799614786600\surefirebooter1120473497510956460.jar C:\Users\Admin\AppData\Local\Temp\surefire400647799614786600 2022-07-16T19-18-49_469-jvmRun1 surefire8136951770355100342tmp surefire_09051978927709915864tmp"/>
    <property name="surefire.test.class.path" value="D:\kampus merdeka\QE_Capstone Kanbo\capstone\web\target\test-classes;D:\kampus merdeka\QE_Capstone Kanbo\capstone\web\target\web-1.0-SNAPSHOT.jar;C:\Users\Admin\.m2\repository\net\serenity-bdd\serenity-core\3.2.1\serenity-core-3.2.1.jar;C:\Users\Admin\.m2\repository\net\serenity-bdd\serenity-model\3.2.1\serenity-model-3.2.1.jar;C:\Users\Admin\.m2\repository\org\apache\commons\commons-text\1.9\commons-text-1.9.jar;C:\Users\Admin\.m2\repository\commons-net\commons-net\3.8.0\commons-net-3.8.0.jar;C:\Users\Admin\.m2\repository\com\google\guava\guava\31.1-jre\guava-31.1-jre.jar;C:\Users\Admin\.m2\repository\com\google\guava\failureaccess\1.0.1\failureaccess-1.0.1.jar;C:\Users\Admin\.m2\repository\com\google\guava\listenablefuture\9999.0-empty-to-avoid-conflict-with-guava\listenablefuture-9999.0-empty-to-avoid-conflict-with-guava.jar;C:\Users\Admin\.m2\repository\com\google\code\findbugs\jsr305\3.0.2\jsr305-3.0.2.jar;C:\Users\Admin\.m2\repository\org\checkerframework\checker-qual\3.12.0\checker-qual-3.12.0.jar;C:\Users\Admin\.m2\repository\com\google\errorprone\error_prone_annotations\2.11.0\error_prone_annotations-2.11.0.jar;C:\Users\Admin\.m2\repository\com\google\j2objc\j2objc-annotations\1.3\j2objc-annotations-1.3.jar;C:\Users\Admin\.m2\repository\com\google\inject\guice\5.1.0\guice-5.1.0.jar;C:\Users\Admin\.m2\repository\javax\inject\javax.inject\1\javax.inject-1.jar;C:\Users\Admin\.m2\repository\aopalliance\aopalliance\1.0\aopalliance-1.0.jar;C:\Users\Admin\.m2\repository\org\jsoup\jsoup\1.14.3\jsoup-1.14.3.jar;C:\Users\Admin\.m2\repository\com\thoughtworks\xstream\xstream\1.4.19\xstream-1.4.19.jar;C:\Users\Admin\.m2\repository\io\github\x-stream\mxparser\1.2.2\mxparser-1.2.2.jar;C:\Users\Admin\.m2\repository\xmlpull\xmlpull\1.1.3.1\xmlpull-1.1.3.1.jar;C:\Users\Admin\.m2\repository\io\cucumber\cucumber-java\7.2.3\cucumber-java-7.2.3.jar;C:\Users\Admin\.m2\repository\com\typesafe\config\1.4.2\config-1.4.2.jar;C:\Users\Admin\.m2\repository\org\imgscalr\imgscalr-lib\4.2\imgscalr-lib-4.2.jar;C:\Users\Admin\.m2\repository\org\awaitility\awaitility\4.2.0\awaitility-4.2.0.jar;C:\Users\Admin\.m2\repository\org\freemarker\freemarker\2.3.31\freemarker-2.3.31.jar;C:\Users\Admin\.m2\repository\io\github\classgraph\classgraph\4.8.138\classgraph-4.8.138.jar;C:\Users\Admin\.m2\repository\net\sourceforge\jexcelapi\jxl\2.6.12\jxl-2.6.12.jar;C:\Users\Admin\.m2\repository\net\bytebuddy\byte-buddy\1.12.8\byte-buddy-1.12.8.jar;C:\Users\Admin\.m2\repository\net\bytebuddy\byte-buddy-agent\1.12.8\byte-buddy-agent-1.12.8.jar;C:\Users\Admin\.m2\repository\org\objenesis\objenesis\3.1\objenesis-3.1.jar;C:\Users\Admin\.m2\repository\net\serenity-bdd\serenity-reports\3.2.1\serenity-reports-3.2.1.jar;C:\Users\Admin\.m2\repository\net\serenity-bdd\serenity-stats\3.2.1\serenity-stats-3.2.1.jar;C:\Users\Admin\.m2\repository\net\serenity-bdd\serenity-reports-configuration\3.2.1\serenity-reports-configuration-3.2.1.jar;C:\Users\Admin\.m2\repository\com\vladsch\flexmark\flexmark-all\0.34.30\flexmark-all-0.34.30.jar;C:\Users\Admin\.m2\repository\com\vladsch\flexmark\flexmark\0.34.30\flexmark-0.34.30.jar;C:\Users\Admin\.m2\repository\com\vladsch\flexmark\flexmark-ext-abbreviation\0.34.30\flexmark-ext-abbreviation-0.34.30.jar;C:\Users\Admin\.m2\repository\com\vladsch\flexmark\flexmark-ext-admonition\0.34.30\flexmark-ext-admonition-0.34.30.jar;C:\Users\Admin\.m2\repository\com\vladsch\flexmark\flexmark-ext-anchorlink\0.34.30\flexmark-ext-anchorlink-0.34.30.jar;C:\Users\Admin\.m2\repository\com\vladsch\flexmark\flexmark-ext-aside\0.34.30\flexmark-ext-aside-0.34.30.jar;C:\Users\Admin\.m2\repository\com\vladsch\flexmark\flexmark-ext-attributes\0.34.30\flexmark-ext-attributes-0.34.30.jar;C:\Users\Admin\.m2\repository\com\vladsch\flexmark\flexmark-ext-autolink\0.34.30\flexmark-ext-autolink-0.34.30.jar;C:\Users\Admin\.m2\repository\org\nibor\autolink\autolink\0.6.0\autolink-0.6.0.jar;C:\Users\Admin\.m2\repository\com\vladsch\flexmark\flexmark-ext-definition\0.34.30\flexmark-ext-definition-0.34.30.jar;C:\Users\Admin\.m2\repository\com\vladsch\flexmark\flexmark-ext-emoji\0.34.30\flexmark-ext-emoji-0.34.30.jar;C:\Users\Admin\.m2\repository\com\vladsch\flexmark\flexmark-ext-enumerated-reference\0.34.30\flexmark-ext-enumerated-reference-0.34.30.jar;C:\Users\Admin\.m2\repository\com\vladsch\flexmark\flexmark-ext-escaped-character\0.34.30\flexmark-ext-escaped-character-0.34.30.jar;C:\Users\Admin\.m2\repository\com\vladsch\flexmark\flexmark-ext-footnotes\0.34.30\flexmark-ext-footnotes-0.34.30.jar;C:\Users\Admin\.m2\repository\com\vladsch\flexmark\flexmark-ext-gfm-issues\0.34.30\flexmark-ext-gfm-issues-0.34.30.jar;C:\Users\Admin\.m2\repository\com\vladsch\flexmark\flexmark-ext-gfm-strikethrough\0.34.30\flexmark-ext-gfm-strikethrough-0.34.30.jar;C:\Users\Admin\.m2\repository\com\vladsch\flexmark\flexmark-ext-gfm-tables\0.34.30\flexmark-ext-gfm-tables-0.34.30.jar;C:\Users\Admin\.m2\repository\com\vladsch\flexmark\flexmark-ext-gfm-tasklist\0.34.30\flexmark-ext-gfm-tasklist-0.34.30.jar;C:\Users\Admin\.m2\repository\com\vladsch\flexmark\flexmark-ext-gfm-users\0.34.30\flexmark-ext-gfm-users-0.34.30.jar;C:\Users\Admin\.m2\repository\com\vladsch\flexmark\flexmark-ext-gitlab\0.34.30\flexmark-ext-gitlab-0.34.30.jar;C:\Users\Admin\.m2\repository\com\vladsch\flexmark\flexmark-ext-jekyll-front-matter\0.34.30\flexmark-ext-jekyll-front-matter-0.34.30.jar;C:\Users\Admin\.m2\repository\com\vladsch\flexmark\flexmark-ext-jekyll-tag\0.34.30\flexmark-ext-jekyll-tag-0.34.30.jar;C:\Users\Admin\.m2\repository\com\vladsch\flexmark\flexmark-ext-media-tags\0.34.30\flexmark-ext-media-tags-0.34.30.jar;C:\Users\Admin\.m2\repository\com\vladsch\flexmark\flexmark-test-util\0.34.30\flexmark-test-util-0.34.30.jar;C:\Users\Admin\.m2\repository\com\vladsch\flexmark\flexmark-ext-ins\0.34.30\flexmark-ext-ins-0.34.30.jar;C:\Users\Admin\.m2\repository\com\vladsch\flexmark\flexmark-ext-xwiki-macros\0.34.30\flexmark-ext-xwiki-macros-0.34.30.jar;C:\Users\Admin\.m2\repository\com\vladsch\flexmark\flexmark-ext-superscript\0.34.30\flexmark-ext-superscript-0.34.30.jar;C:\Users\Admin\.m2\repository\com\vladsch\flexmark\flexmark-ext-tables\0.34.30\flexmark-ext-tables-0.34.30.jar;C:\Users\Admin\.m2\repository\com\vladsch\flexmark\flexmark-ext-toc\0.34.30\flexmark-ext-toc-0.34.30.jar;C:\Users\Admin\.m2\repository\com\vladsch\flexmark\flexmark-ext-typographic\0.34.30\flexmark-ext-typographic-0.34.30.jar;C:\Users\Admin\.m2\repository\com\vladsch\flexmark\flexmark-ext-wikilink\0.34.30\flexmark-ext-wikilink-0.34.30.jar;C:\Users\Admin\.m2\repository\com\vladsch\flexmark\flexmark-ext-yaml-front-matter\0.34.30\flexmark-ext-yaml-front-matter-0.34.30.jar;C:\Users\Admin\.m2\repository\com\vladsch\flexmark\flexmark-ext-youtube-embedded\0.34.30\flexmark-ext-youtube-embedded-0.34.30.jar;C:\Users\Admin\.m2\repository\com\vladsch\flexmark\flexmark-formatter\0.34.30\flexmark-formatter-0.34.30.jar;C:\Users\Admin\.m2\repository\com\vladsch\flexmark\flexmark-html-parser\0.34.30\flexmark-html-parser-0.34.30.jar;C:\Users\Admin\.m2\repository\com\vladsch\flexmark\flexmark-jira-converter\0.34.30\flexmark-jira-converter-0.34.30.jar;C:\Users\Admin\.m2\repository\com\vladsch\flexmark\flexmark-pdf-converter\0.34.30\flexmark-pdf-converter-0.34.30.jar;C:\Users\Admin\.m2\repository\com\openhtmltopdf\openhtmltopdf-core\0.0.1-RC13\openhtmltopdf-core-0.0.1-RC13.jar;C:\Users\Admin\.m2\repository\com\openhtmltopdf\openhtmltopdf-pdfbox\0.0.1-RC13\openhtmltopdf-pdfbox-0.0.1-RC13.jar;C:\Users\Admin\.m2\repository\org\apache\pdfbox\pdfbox\2.0.8\pdfbox-2.0.8.jar;C:\Users\Admin\.m2\repository\org\apache\pdfbox\fontbox\2.0.8\fontbox-2.0.8.jar;C:\Users\Admin\.m2\repository\commons-logging\commons-logging\1.2\commons-logging-1.2.jar;C:\Users\Admin\.m2\repository\org\apache\pdfbox\xmpbox\2.0.8\xmpbox-2.0.8.jar;C:\Users\Admin\.m2\repository\de\rototor\pdfbox\graphics2d\0.12\graphics2d-0.12.jar;C:\Users\Admin\.m2\repository\com\openhtmltopdf\openhtmltopdf-rtl-support\0.0.1-RC13\openhtmltopdf-rtl-support-0.0.1-RC13.jar;C:\Users\Admin\.m2\repository\com\ibm\icu\icu4j\59.1\icu4j-59.1.jar;C:\Users\Admin\.m2\repository\com\openhtmltopdf\openhtmltopdf-jsoup-dom-converter\0.0.1-RC13\openhtmltopdf-jsoup-dom-converter-0.0.1-RC13.jar;C:\Users\Admin\.m2\repository\com\vladsch\flexmark\flexmark-profile-pegdown\0.34.30\flexmark-profile-pegdown-0.34.30.jar;C:\Users\Admin\.m2\repository\com\vladsch\flexmark\flexmark-util\0.34.30\flexmark-util-0.34.30.jar;C:\Users\Admin\.m2\repository\com\vladsch\flexmark\flexmark-youtrack-converter\0.34.30\flexmark-youtrack-converter-0.34.30.jar;C:\Users\Admin\.m2\repository\es\nitaur\markdown\txtmark\0.16\txtmark-0.16.jar;C:\Users\Admin\.m2\repository\net\serenity-bdd\serenity-report-resources\3.2.1\serenity-report-resources-3.2.1.jar;C:\Users\Admin\.m2\repository\com\google\code\gson\gson\2.9.0\gson-2.9.0.jar;C:\Users\Admin\.m2\repository\com\fasterxml\jackson\core\jackson-core\2.13.2\jackson-core-2.13.2.jar;C:\Users\Admin\.m2\repository\com\fasterxml\jackson\core\jackson-databind\2.13.2\jackson-databind-2.13.2.jar;C:\Users\Admin\.m2\repository\com\fasterxml\jackson\core\jackson-annotations\2.13.2\jackson-annotations-2.13.2.jar;C:\Users\Admin\.m2\repository\commons-codec\commons-codec\1.15\commons-codec-1.15.jar;C:\Users\Admin\.m2\repository\commons-io\commons-io\2.11.0\commons-io-2.11.0.jar;C:\Users\Admin\.m2\repository\org\seleniumhq\selenium\selenium-java\4.1.2\selenium-java-4.1.2.jar;C:\Users\Admin\.m2\repository\org\seleniumhq\selenium\selenium-devtools-v85\4.1.2\selenium-devtools-v85-4.1.2.jar;C:\Users\Admin\.m2\repository\org\seleniumhq\selenium\selenium-devtools-v95\4.1.2\selenium-devtools-v95-4.1.2.jar;C:\Users\Admin\.m2\repository\org\seleniumhq\selenium\selenium-devtools-v96\4.1.2\selenium-devtools-v96-4.1.2.jar;C:\Users\Admin\.m2\repository\org\seleniumhq\selenium\selenium-devtools-v97\4.1.2\selenium-devtools-v97-4.1.2.jar;C:\Users\Admin\.m2\repository\org\seleniumhq\selenium\selenium-firefox-xpi-driver\4.1.2\selenium-firefox-xpi-driver-4.1.2.jar;C:\Users\Admin\.m2\repository\org\seleniumhq\selenium\selenium-opera-driver\4.1.2\selenium-opera-driver-4.1.2.jar;C:\Users\Admin\.m2\repository\org\seleniumhq\selenium\selenium-remote-driver\4.1.2\selenium-remote-driver-4.1.2.jar;C:\Users\Admin\.m2\repository\com\beust\jcommander\1.82\jcommander-1.82.jar;C:\Users\Admin\.m2\repository\io\netty\netty-buffer\4.1.73.Final\netty-buffer-4.1.73.Final.jar;C:\Users\Admin\.m2\repository\io\netty\netty-codec-http\4.1.73.Final\netty-codec-http-4.1.73.Final.jar;C:\Users\Admin\.m2\repository\io\netty\netty-codec\4.1.73.Final\netty-codec-4.1.73.Final.jar;C:\Users\Admin\.m2\repository\io\netty\netty-handler\4.1.73.Final\netty-handler-4.1.73.Final.jar;C:\Users\Admin\.m2\repository\io\netty\netty-tcnative-classes\2.0.46.Final\netty-tcnative-classes-2.0.46.Final.jar;C:\Users\Admin\.m2\repository\io\netty\netty-common\4.1.73.Final\netty-common-4.1.73.Final.jar;C:\Users\Admin\.m2\repository\io\netty\netty-transport-classes-epoll\4.1.73.Final\netty-transport-classes-epoll-4.1.73.Final.jar;C:\Users\Admin\.m2\repository\io\netty\netty-transport-classes-kqueue\4.1.73.Final\netty-transport-classes-kqueue-4.1.73.Final.jar;C:\Users\Admin\.m2\repository\io\netty\netty-transport-native-epoll\4.1.73.Final\netty-transport-native-epoll-4.1.73.Final.jar;C:\Users\Admin\.m2\repository\io\netty\netty-transport-native-kqueue\4.1.73.Final\netty-transport-native-kqueue-4.1.73.Final.jar;C:\Users\Admin\.m2\repository\io\netty\netty-transport-native-unix-common\4.1.73.Final\netty-transport-native-unix-common-4.1.73.Final.jar;C:\Users\Admin\.m2\repository\io\netty\netty-transport\4.1.73.Final\netty-transport-4.1.73.Final.jar;C:\Users\Admin\.m2\repository\io\netty\netty-resolver\4.1.73.Final\netty-resolver-4.1.73.Final.jar;C:\Users\Admin\.m2\repository\io\opentelemetry\opentelemetry-api\1.10.1\opentelemetry-api-1.10.1.jar;C:\Users\Admin\.m2\repository\io\opentelemetry\opentelemetry-context\1.10.1\opentelemetry-context-1.10.1.jar;C:\Users\Admin\.m2\repository\io\opentelemetry\opentelemetry-exporter-logging\1.10.1\opentelemetry-exporter-logging-1.10.1.jar;C:\Users\Admin\.m2\repository\io\opentelemetry\opentelemetry-sdk-metrics\1.10.1-alpha\opentelemetry-sdk-metrics-1.10.1-alpha.jar;C:\Users\Admin\.m2\repository\io\opentelemetry\opentelemetry-sdk-logs\1.10.1-alpha\opentelemetry-sdk-logs-1.10.1-alpha.jar;C:\Users\Admin\.m2\repository\io\opentelemetry\opentelemetry-sdk-common\1.10.1\opentelemetry-sdk-common-1.10.1.jar;C:\Users\Admin\.m2\repository\io\opentelemetry\opentelemetry-sdk-extension-autoconfigure-spi\1.10.1\opentelemetry-sdk-extension-autoconfigure-spi-1.10.1.jar;C:\Users\Admin\.m2\repository\io\opentelemetry\opentelemetry-sdk-extension-autoconfigure\1.10.1-alpha\opentelemetry-sdk-extension-autoconfigure-1.10.1-alpha.jar;C:\Users\Admin\.m2\repository\io\opentelemetry\opentelemetry-sdk-trace\1.10.1\opentelemetry-sdk-trace-1.10.1.jar;C:\Users\Admin\.m2\repository\io\opentelemetry\opentelemetry-sdk\1.10.1\opentelemetry-sdk-1.10.1.jar;C:\Users\Admin\.m2\repository\io\opentelemetry\opentelemetry-semconv\1.10.1-alpha\opentelemetry-semconv-1.10.1-alpha.jar;C:\Users\Admin\.m2\repository\io\ous\jtoml\2.0.0\jtoml-2.0.0.jar;C:\Users\Admin\.m2\repository\org\apache\commons\commons-exec\1.3\commons-exec-1.3.jar;C:\Users\Admin\.m2\repository\org\asynchttpclient\async-http-client\2.12.3\async-http-client-2.12.3.jar;C:\Users\Admin\.m2\repository\org\asynchttpclient\async-http-client-netty-utils\2.12.3\async-http-client-netty-utils-2.12.3.jar;C:\Users\Admin\.m2\repository\io\netty\netty-codec-socks\4.1.60.Final\netty-codec-socks-4.1.60.Final.jar;C:\Users\Admin\.m2\repository\io\netty\netty-handler-proxy\4.1.60.Final\netty-handler-proxy-4.1.60.Final.jar;C:\Users\Admin\.m2\repository\io\netty\netty-transport-native-epoll\4.1.60.Final\netty-transport-native-epoll-4.1.60.Final-linux-x86_64.jar;C:\Users\Admin\.m2\repository\io\netty\netty-transport-native-kqueue\4.1.60.Final\netty-transport-native-kqueue-4.1.60.Final-osx-x86_64.jar;C:\Users\Admin\.m2\repository\org\reactivestreams\reactive-streams\1.0.3\reactive-streams-1.0.3.jar;C:\Users\Admin\.m2\repository\com\typesafe\netty\netty-reactive-streams\2.0.4\netty-reactive-streams-2.0.4.jar;C:\Users\Admin\.m2\repository\org\seleniumhq\selenium\selenium-http\4.1.2\selenium-http-4.1.2.jar;C:\Users\Admin\.m2\repository\net\jodah\failsafe\2.4.4\failsafe-2.4.4.jar;C:\Users\Admin\.m2\repository\org\seleniumhq\selenium\selenium-safari-driver\4.1.2\selenium-safari-driver-4.1.2.jar;C:\Users\Admin\.m2\repository\org\seleniumhq\selenium\selenium-api\4.1.2\selenium-api-4.1.2.jar;C:\Users\Admin\.m2\repository\org\seleniumhq\selenium\selenium-support\4.1.2\selenium-support-4.1.2.jar;C:\Users\Admin\.m2\repository\com\google\auto\service\auto-service-annotations\1.0.1\auto-service-annotations-1.0.1.jar;C:\Users\Admin\.m2\repository\com\google\auto\service\auto-service\1.0.1\auto-service-1.0.1.jar;C:\Users\Admin\.m2\repository\com\google\auto\auto-common\1.2\auto-common-1.2.jar;C:\Users\Admin\.m2\repository\org\seleniumhq\selenium\selenium-json\4.1.2\selenium-json-4.1.2.jar;C:\Users\Admin\.m2\repository\org\seleniumhq\selenium\selenium-chrome-driver\4.1.2\selenium-chrome-driver-4.1.2.jar;C:\Users\Admin\.m2\repository\org\seleniumhq\selenium\selenium-chromium-driver\4.1.2\selenium-chromium-driver-4.1.2.jar;C:\Users\Admin\.m2\repository\org\seleniumhq\selenium\selenium-firefox-driver\4.1.2\selenium-firefox-driver-4.1.2.jar;C:\Users\Admin\.m2\repository\org\seleniumhq\selenium\selenium-edge-driver\4.1.2\selenium-edge-driver-4.1.2.jar;C:\Users\Admin\.m2\repository\org\seleniumhq\selenium\selenium-ie-driver\4.1.2\selenium-ie-driver-4.1.2.jar;C:\Users\Admin\.m2\repository\org\projectlombok\lombok\1.18.20\lombok-1.18.20.jar;C:\Users\Admin\.m2\repository\io\appium\java-client\8.0.0\java-client-8.0.0.jar;C:\Users\Admin\.m2\repository\commons-validator\commons-validator\1.7\commons-validator-1.7.jar;C:\Users\Admin\.m2\repository\commons-digester\commons-digester\2.1\commons-digester-2.1.jar;C:\Users\Admin\.m2\repository\org\aspectj\aspectjweaver\1.9.8\aspectjweaver-1.9.8.jar;C:\Users\Admin\.m2\repository\org\codehaus\groovy\groovy\3.0.10\groovy-3.0.10.jar;C:\Users\Admin\.m2\repository\net\sf\opencsv\opencsv\2.0\opencsv-2.0.jar;C:\Users\Admin\.m2\repository\commons-beanutils\commons-beanutils\1.9.4\commons-beanutils-1.9.4.jar;C:\Users\Admin\.m2\repository\org\apache\commons\commons-lang3\3.12.0\commons-lang3-3.12.0.jar;C:\Users\Admin\.m2\repository\commons-collections\commons-collections\3.2.2\commons-collections-3.2.2.jar;C:\Users\Admin\.m2\repository\org\fluentlenium\fluentlenium-core\0.10.2\fluentlenium-core-0.10.2.jar;C:\Users\Admin\.m2\repository\io\github\bonigarcia\webdrivermanager\5.1.0\webdrivermanager-5.1.0.jar;C:\Users\Admin\.m2\repository\com\github\docker-java\docker-java\3.2.13\docker-java-3.2.13.jar;C:\Users\Admin\.m2\repository\com\github\docker-java\docker-java-core\3.2.13\docker-java-core-3.2.13.jar;C:\Users\Admin\.m2\repository\com\github\docker-java\docker-java-api\3.2.13\docker-java-api-3.2.13.jar;C:\Users\Admin\.m2\repository\org\apache\commons\commons-compress\1.21\commons-compress-1.21.jar;C:\Users\Admin\.m2\repository\org\bouncycastle\bcpkix-jdk15on\1.64\bcpkix-jdk15on-1.64.jar;C:\Users\Admin\.m2\repository\org\bouncycastle\bcprov-jdk15on\1.64\bcprov-jdk15on-1.64.jar;C:\Users\Admin\.m2\repository\org\slf4j\jcl-over-slf4j\1.7.30\jcl-over-slf4j-1.7.30.jar;C:\Users\Admin\.m2\repository\com\github\docker-java\docker-java-transport-httpclient5\3.2.13\docker-java-transport-httpclient5-3.2.13.jar;C:\Users\Admin\.m2\repository\com\github\docker-java\docker-java-transport\3.2.13\docker-java-transport-3.2.13.jar;C:\Users\Admin\.m2\repository\org\apache\httpcomponents\client5\httpclient5\5.0.3\httpclient5-5.0.3.jar;C:\Users\Admin\.m2\repository\org\apache\httpcomponents\core5\httpcore5\5.0.2\httpcore5-5.0.2.jar;C:\Users\Admin\.m2\repository\net\java\dev\jna\jna\5.8.0\jna-5.8.0.jar;C:\Users\Admin\.m2\repository\org\brotli\dec\0.1.2\dec-0.1.2.jar;C:\Users\Admin\.m2\repository\com\jhlabs\filters\2.0.235\filters-2.0.235.jar;C:\Users\Admin\.m2\repository\com\paulhammant\ngwebdriver\1.1.6\ngwebdriver-1.1.6.jar;C:\Users\Admin\.m2\repository\joda-time\joda-time\2.8.2\joda-time-2.8.2.jar;C:\Users\Admin\.m2\repository\org\hamcrest\hamcrest\2.2\hamcrest-2.2.jar;C:\Users\Admin\.m2\repository\com\google\jimfs\jimfs\1.2\jimfs-1.2.jar;C:\Users\Admin\.m2\repository\org\mockito\mockito-core\3.3.3\mockito-core-3.3.3.jar;C:\Users\Admin\.m2\repository\javax\xml\bind\jaxb-api\2.3.1\jaxb-api-2.3.1.jar;C:\Users\Admin\.m2\repository\javax\activation\javax.activation-api\1.2.0\javax.activation-api-1.2.0.jar;C:\Users\Admin\.m2\repository\com\sun\xml\bind\jaxb-core\2.3.0.1\jaxb-core-2.3.0.1.jar;C:\Users\Admin\.m2\repository\com\sun\xml\bind\jaxb-impl\2.3.3\jaxb-impl-2.3.3.jar;C:\Users\Admin\.m2\repository\jakarta\xml\bind\jakarta.xml.bind-api\2.3.3\jakarta.xml.bind-api-2.3.3.jar;C:\Users\Admin\.m2\repository\com\sun\activation\jakarta.activation\1.2.2\jakarta.activation-1.2.2.jar;C:\Users\Admin\.m2\repository\javax\activation\activation\1.1.1\activation-1.1.1.jar;C:\Users\Admin\.m2\repository\net\serenity-bdd\serenity-cucumber\3.2.1\serenity-cucumber-3.2.1.jar;C:\Users\Admin\.m2\repository\io\cucumber\cucumber-core\7.2.3\cucumber-core-7.2.3.jar;C:\Users\Admin\.m2\repository\io\cucumber\cucumber-gherkin\7.2.3\cucumber-gherkin-7.2.3.jar;C:\Users\Admin\.m2\repository\io\cucumber\cucumber-gherkin-messages\7.2.3\cucumber-gherkin-messages-7.2.3.jar;C:\Users\Admin\.m2\repository\io\cucumber\messages\17.1.1\messages-17.1.1.jar;C:\Users\Admin\.m2\repository\io\cucumber\tag-expressions\4.1.0\tag-expressions-4.1.0.jar;C:\Users\Admin\.m2\repository\io\cucumber\cucumber-expressions\15.0.1\cucumber-expressions-15.0.1.jar;C:\Users\Admin\.m2\repository\io\cucumber\datatable\7.2.3\datatable-7.2.3.jar;C:\Users\Admin\.m2\repository\io\cucumber\cucumber-plugin\7.2.3\cucumber-plugin-7.2.3.jar;C:\Users\Admin\.m2\repository\io\cucumber\docstring\7.2.3\docstring-7.2.3.jar;C:\Users\Admin\.m2\repository\io\cucumber\html-formatter\17.0.0\html-formatter-17.0.0.jar;C:\Users\Admin\.m2\repository\io\cucumber\ci-environment\8.1.0\ci-environment-8.1.0.jar;C:\Users\Admin\.m2\repository\io\cucumber\cucumber-junit\7.2.3\cucumber-junit-7.2.3.jar;C:\Users\Admin\.m2\repository\org\apache\commons\commons-csv\1.5\commons-csv-1.5.jar;C:\Users\Admin\.m2\repository\net\serenity-bdd\serenity-screenplay\3.2.1\serenity-screenplay-3.2.1.jar;C:\Users\Admin\.m2\repository\net\serenity-bdd\serenity-screenplay-webdriver\3.2.1\serenity-screenplay-webdriver-3.2.1.jar;C:\Users\Admin\.m2\repository\net\serenity-bdd\serenity-ensure\3.2.1\serenity-ensure-3.2.1.jar;C:\Users\Admin\.m2\repository\net\serenity-bdd\serenity-junit\3.2.1\serenity-junit-3.2.1.jar;C:\Users\Admin\.m2\repository\org\jetbrains\kotlin\kotlin-stdlib\1.6.0\kotlin-stdlib-1.6.0.jar;C:\Users\Admin\.m2\repository\org\jetbrains\annotations\13.0\annotations-13.0.jar;C:\Users\Admin\.m2\repository\org\jetbrains\kotlin\kotlin-stdlib-common\1.6.0\kotlin-stdlib-common-1.6.0.jar;C:\Users\Admin\.m2\repository\org\junit\platform\junit-platform-launcher\1.8.1\junit-platform-launcher-1.8.1.jar;C:\Users\Admin\.m2\repository\org\junit\platform\junit-platform-engine\1.8.1\junit-platform-engine-1.8.1.jar;C:\Users\Admin\.m2\repository\org\opentest4j\opentest4j\1.2.0\opentest4j-1.2.0.jar;C:\Users\Admin\.m2\repository\org\junit\platform\junit-platform-commons\1.8.1\junit-platform-commons-1.8.1.jar;C:\Users\Admin\.m2\repository\org\apiguardian\apiguardian-api\1.1.2\apiguardian-api-1.1.2.jar;C:\Users\Admin\.m2\repository\org\junit\jupiter\junit-jupiter-engine\5.8.2\junit-jupiter-engine-5.8.2.jar;C:\Users\Admin\.m2\repository\org\junit\jupiter\junit-jupiter-api\5.8.2\junit-jupiter-api-5.8.2.jar;C:\Users\Admin\.m2\repository\org\junit\vintage\junit-vintage-engine\5.8.2\junit-vintage-engine-5.8.2.jar;C:\Users\Admin\.m2\repository\junit\junit\4.13.2\junit-4.13.2.jar;C:\Users\Admin\.m2\repository\org\hamcrest\hamcrest-core\1.3\hamcrest-core-1.3.jar;C:\Users\Admin\.m2\repository\ch\qos\logback\logback-classic\1.2.10\logback-classic-1.2.10.jar;C:\Users\Admin\.m2\repository\ch\qos\logback\logback-core\1.2.10\logback-core-1.2.10.jar;C:\Users\Admin\.m2\repository\org\slf4j\slf4j-api\1.7.32\slf4j-api-1.7.32.jar;C:\Users\Admin\.m2\repository\org\assertj\assertj-core\3.6.2\assertj-core-3.6.2.jar;"/>
    <property name="sun.cpu.endian" value="little"/>
    <property name="user.home" value="C:\Users\Admin"/>
    <property name="user.language" value="en"/>
    <property name="java.specification.vendor" value="Oracle Corporation"/>
    <property name="java.home" value="C:\Program Files\Java\jdk1.8.0_321\jre"/>
    <property name="tags" value=" @negatifBuild"/>
    <property name="basedir" value="D:\kampus merdeka\QE_Capstone Kanbo\capstone\web"/>
    <property name="file.separator" value="\"/>
    <property name="line.separator" value="&#10;"/>
    <property name="java.vm.specification.vendor" value="Oracle Corporation"/>
    <property name="java.specification.name" value="Java Platform API Specification"/>
    <property name="java.awt.graphicsenv" value="sun.awt.Win32GraphicsEnvironment"/>
    <property name="surefire.real.class.path" value="C:\Users\Admin\AppData\Local\Temp\surefire400647799614786600\surefirebooter1120473497510956460.jar"/>
    <property name="sun.boot.class.path" value="C:\Program Files\Java\jdk1.8.0_321\jre\lib\resources.jar;C:\Program Files\Java\jdk1.8.0_321\jre\lib\rt.jar;C:\Program Files\Java\jdk1.8.0_321\jre\lib\sunrsasign.jar;C:\Program Files\Java\jdk1.8.0_321\jre\lib\jsse.jar;C:\Program Files\Java\jdk1.8.0_321\jre\lib\jce.jar;C:\Program Files\Java\jdk1.8.0_321\jre\lib\charsets.jar;C:\Program Files\Java\jdk1.8.0_321\jre\lib\jfr.jar;C:\Program Files\Java\jdk1.8.0_321\jre\classes"/>
    <property name="user.script" value=""/>
    <property name="java.protocol.handler.pkgs" value="com.google.common"/>
    <property name="sun.management.compiler" value="HotSpot 64-Bit Tiered Compilers"/>
    <property name="java.runtime.version" value="1.8.0_321-b07"/>
    <property name="user.name" value="Admin"/>
    <property name="path.separator" value=";"/>
    <property name="os.version" value="10.0"/>
    <property name="java.endorsed.dirs" value="C:\Program Files\Java\jdk1.8.0_321\jre\lib\endorsed"/>
    <property name="java.runtime.name" value="Java(TM) SE Runtime Environment"/>
    <property name="file.encoding" value="Cp1252"/>
    <property name="webdriver.base.url" value=""/>
    <property name="java.vm.name" value="Java HotSpot(TM) 64-Bit Server VM"/>
    <property name="localRepository" value="C:\Users\Admin\.m2\repository"/>
    <property name="java.vendor.url.bug" value="http://bugreport.sun.com/bugreport/"/>
    <property name="java.io.tmpdir" value="C:\Users\Admin\AppData\Local\Temp\"/>
    <property name="java.version" value="1.8.0_321"/>
    <property name="user.dir" value="D:\kampus merdeka\QE_Capstone Kanbo\capstone\web"/>
    <property name="os.arch" value="amd64"/>
    <property name="java.vm.specification.name" value="Java Virtual Machine Specification"/>
    <property name="java.awt.printerjob" value="sun.awt.windows.WPrinterJob"/>
    <property name="sun.os.patch.level" value=""/>
    <property name="java.library.path" value="C:\Program Files\Java\jdk1.8.0_321\jre\bin;C:\Windows\Sun\Java\bin;C:\Windows\system32;C:\Windows;C:\Program Files (x86)\Common Files\Oracle\Java\javapath;C:\Windows\system32;C:\Windows;C:\Windows\System32\Wbem;C:\Windows\System32\WindowsPowerShell\v1.0\;C:\Windows\System32\OpenSSH\;C:\Program Files\Git\cmd;C:\Program Files\Git\mingw64\bin;C:\Program Files\Git\usr\bin;C:\Program Files (x86)\dotnet\;C:\OPT\apache-maven-3.8.5\bin;%M2_HOME%\bin;D:\Program Files\;C:\Users\Admin\AppData\Local\Android\Sdk\platform-tools;%ANDROID_HOME%;C:\Users\Admin\AppData\Local\Android\Sdk\tools\emulator;C:\Users\Admin\AppData\Local\Microsoft\WindowsApps;;C:\Users\Admin\AppData\Local\Programs\Microsoft VS Code\bin;C:\Users\Admin\AppData\Roaming\npm;."/>
    <property name="java.vm.info" value="mixed mode"/>
    <property name="java.vendor" value="Oracle Corporation"/>
    <property name="java.vm.version" value="25.321-b07"/>
    <property name="java.ext.dirs" value="C:\Program Files\Java\jdk1.8.0_321\jre\lib\ext;C:\Windows\Sun\Java\lib\ext"/>
    <property name="sun.io.unicode.encoding" value="UnicodeLittle"/>
    <property name="java.class.version" value="52.0"/>
  </properties>
  <testcase name="As admin i failed to create building with empty data" classname="As admin I want to see details building on building page" time="18.741">
    <system-out><![CDATA[19:18:53.807 [main] INFO io.cucumber.core.plugin.SerenityReporter - Running feature from file:///D:/kampus%20merdeka/QE_Capstone%20Kanbo/capstone/web/src/test/resources/features/Building.feature
19:18:54.225 [main] INFO  - 

-------------------------------------------------------------------------------------
     _______. _______ .______       _______ .__   __.  __  .___________.____    ____ 
    /       ||   ____||   _  \     |   ____||  \ |  | |  | |           |\   \  /   / 
   |   (----`|  |__   |  |_)  |    |  |__   |   \|  | |  | `---|  |----` \   \/   /  
    \   \    |   __|  |      /     |   __|  |  . `  | |  |     |  |       \_    _/   
.----)   |   |  |____ |  |\  \----.|  |____ |  |\   | |  |     |  |         |  |     
|_______/    |_______|| _| `._____||_______||__| \__| |__|     |__|         |__|    
                                                                                     
 News and tutorials at http://www.serenity-bdd.info                                  
 Documentation at https://wakaleo.gitbooks.io/the-serenity-book/content/             
 Join the Serenity Community on Gitter: https://gitter.im/serenity-bdd/serenity-core 
 Serenity BDD Support and Training at http://serenity-bdd.info/#/trainingandsupport  
-------------------------------------------------------------------------------------

19:18:54.228 [main] DEBUG net.thucydides.core.steps.StepEventBus - Test suite started for story net.thucydides.core.model.Story@1cd80e80
19:18:54.231 [main] INFO  - Test Suite Started: As admin I want to see details building on building page
19:18:54.249 [main] INFO io.cucumber.core.plugin.SerenityReporter - Running feature from file:///D:/kampus%20merdeka/QE_Capstone%20Kanbo/capstone/web/src/test/resources/features/Chat.feature
19:18:54.254 [main] DEBUG net.thucydides.core.steps.StepEventBus - Test suite started for story net.thucydides.core.model.Story@c3fbdcdf
19:18:54.255 [main] INFO  - Test Suite Started: As admin I want to chat customer
19:18:54.255 [main] INFO io.cucumber.core.plugin.SerenityReporter - Running feature from file:///D:/kampus%20merdeka/QE_Capstone%20Kanbo/capstone/web/src/test/resources/features/Complex.feature
19:18:54.267 [main] DEBUG net.thucydides.core.steps.StepEventBus - Test suite started for story net.thucydides.core.model.Story@8f56a05
19:18:54.268 [main] INFO  - Test Suite Started: As a admin I want to see existing complex on complex page
19:18:54.268 [main] INFO io.cucumber.core.plugin.SerenityReporter - Running feature from file:///D:/kampus%20merdeka/QE_Capstone%20Kanbo/capstone/web/src/test/resources/features/Customer.feature
19:18:54.276 [main] DEBUG net.thucydides.core.steps.StepEventBus - Test suite started for story net.thucydides.core.model.Story@97666fc2
19:18:54.277 [main] INFO  - Test Suite Started: As admin I want to see list customer So that i can manage customer
19:18:54.277 [main] INFO io.cucumber.core.plugin.SerenityReporter - Running feature from file:///D:/kampus%20merdeka/QE_Capstone%20Kanbo/capstone/web/src/test/resources/features/Login.feature
19:18:54.288 [main] DEBUG net.thucydides.core.steps.StepEventBus - Test suite started for story net.thucydides.core.model.Story@c69d7d3a
19:18:54.288 [main] INFO  - Test Suite Started: As admin I want to login So that i can see home page
19:18:54.289 [main] INFO io.cucumber.core.plugin.SerenityReporter - Running feature from file:///D:/kampus%20merdeka/QE_Capstone%20Kanbo/capstone/web/src/test/resources/features/Register.feature
19:18:54.299 [main] DEBUG net.thucydides.core.steps.StepEventBus - Test suite started for story net.thucydides.core.model.Story@5074cca9
19:18:54.300 [main] INFO  - Test Suite Started: As user i want to create account So that i can login
19:18:54.301 [main] INFO io.cucumber.core.plugin.SerenityReporter - Running feature from file:///D:/kampus%20merdeka/QE_Capstone%20Kanbo/capstone/web/src/test/resources/features/Review.feature
19:18:54.307 [main] DEBUG net.thucydides.core.steps.StepEventBus - Test suite started for story net.thucydides.core.model.Story@b0a3a746
19:18:54.308 [main] INFO  - Test Suite Started: As admin I want to see review So that i can reply review
19:18:54.308 [main] INFO io.cucumber.core.plugin.SerenityReporter - Running feature from file:///D:/kampus%20merdeka/QE_Capstone%20Kanbo/capstone/web/src/test/resources/features/Room.feature
19:18:54.314 [main] DEBUG net.thucydides.core.steps.StepEventBus - Test suite started for story net.thucydides.core.model.Story@aad6890f
19:18:54.314 [main] INFO  - Test Suite Started: As a admin I want to see list room in room page
19:18:54.315 [main] INFO io.cucumber.core.plugin.SerenityReporter - Running feature from file:///D:/kampus%20merdeka/QE_Capstone%20Kanbo/capstone/web/src/test/resources/features/Search.feature
19:18:54.320 [main] DEBUG net.thucydides.core.steps.StepEventBus - Test suite started for story net.thucydides.core.model.Story@5bc8dd90
19:18:54.320 [main] INFO  - Test Suite Started: As admin I want to search building So that i can see existing building
19:18:54.321 [main] INFO io.cucumber.core.plugin.SerenityReporter - Running feature from file:///D:/kampus%20merdeka/QE_Capstone%20Kanbo/capstone/web/src/test/resources/features/Building.feature
19:18:54.325 [main] DEBUG net.thucydides.core.steps.StepEventBus - Test suite started for story net.thucydides.core.model.Story@1cd80e80
19:18:54.326 [main] INFO  - Test Suite Started: As admin I want to see details building on building page

@building @negatifBuild
Scenario: As admin i failed to create building with empty data &amp#27;[90m# src/test/resources/features/Building.feature:65&amp#27;[0m
19:18:54.527 [main] INFO io.cucumber.core.plugin.SerenityReporter - Running feature from file:///D:/kampus%20merdeka/QE_Capstone%20Kanbo/capstone/web/src/test/resources/features/Building.feature
19:18:54.726 [main] INFO  - 
  _____   ___   ___   _____     ___   _____     _     ___   _____   ___   ___  
 |_   _| | __| / __| |_   _|   / __| |_   _|   /_\   | _ \ |_   _| | __| |   \ 
   | |   | _|  \__ \   | |     \__ \   | |    / _ \  |   /   | |   | _|  | |) |
   |_|   |___| |___/   |_|     |___/   |_|   /_/ \_\ |_|_\   |_|   |___| |___/ 

As admin i failed to create building with empty data(as-admin-i-want-to-see-details-building-on-building-page;as-admin-i-failed-to-create-building-with-empty-data)
--------------------------------------------------------------------------------
19:18:55.980 [main] DEBUG net.thucydides.core.steps.StepInterceptor - STARTING STEP: LoginSteps.onLoginPage - openPage
19:18:56.064 [main] INFO net.serenitybdd.core.webdriver.driverproviders.ChromeDriverProvider - Using automatically driver download
19:18:57.519 [main] DEBUG io.github.bonigarcia.wdm.cache.ResolutionCache - Resolution chrome=103 in cache (valid until 19:53:54 16/07/2022 ICT)
19:18:57.532 [main] DEBUG io.github.bonigarcia.wdm.cache.ResolutionCache - Resolution chrome103=103.0.5060.53 in cache (valid until 16:36:20 17/07/2022 ICT)
19:18:57.538 [main] INFO io.github.bonigarcia.wdm.WebDriverManager - Using chromedriver 103.0.5060.53 (resolved driver for Chrome 103)
19:18:57.569 [main] DEBUG io.github.bonigarcia.wdm.WebDriverManager - Driver chromedriver 103.0.5060.53 found in cache
19:18:57.570 [main] INFO io.github.bonigarcia.wdm.WebDriverManager - Exporting webdriver.chrome.driver as C:\Users\Admin\.cache\selenium\chromedriver\win32\103.0.5060.53\chromedriver.exe
19:18:57.776 [main] DEBUG net.thucydides.core.reflection.ClassFinder - Could not load class .starter.CucumberTestSuite
19:18:57.776 [main] DEBUG net.thucydides.core.reflection.ClassFinder - Could not load class .starter.pages.BuildingPage
19:18:57.777 [main] DEBUG net.thucydides.core.reflection.ClassFinder - Could not load class .starter.pages.ChatPage
19:18:57.777 [main] DEBUG net.thucydides.core.reflection.ClassFinder - Could not load class .starter.pages.ComplexPage
19:18:57.777 [main] DEBUG net.thucydides.core.reflection.ClassFinder - Could not load class .starter.pages.CustomerPage
19:18:57.777 [main] DEBUG net.thucydides.core.reflection.ClassFinder - Could not load class .starter.pages.LoginPage
19:18:57.777 [main] DEBUG net.thucydides.core.reflection.ClassFinder - Could not load class .starter.pages.RegisterPage
19:18:57.778 [main] DEBUG net.thucydides.core.reflection.ClassFinder - Could not load class .starter.pages.ReviewPage
19:18:57.778 [main] DEBUG net.thucydides.core.reflection.ClassFinder - Could not load class .starter.pages.RoomPage
19:18:57.778 [main] DEBUG net.thucydides.core.reflection.ClassFinder - Could not load class .starter.pages.SearchBoxPage
19:18:57.778 [main] DEBUG net.thucydides.core.reflection.ClassFinder - Could not load class .starter.stepdefenitions.BuildingSteps
19:18:57.778 [main] DEBUG net.thucydides.core.reflection.ClassFinder - Could not load class .starter.stepdefenitions.ChatSteps
19:18:57.779 [main] DEBUG net.thucydides.core.reflection.ClassFinder - Could not load class .starter.stepdefenitions.ComplexSteps
19:18:57.779 [main] DEBUG net.thucydides.core.reflection.ClassFinder - Could not load class .starter.stepdefenitions.CustomerSteps
19:18:57.779 [main] DEBUG net.thucydides.core.reflection.ClassFinder - Could not load class .starter.stepdefenitions.LoginSteps
19:18:57.779 [main] DEBUG net.thucydides.core.reflection.ClassFinder - Could not load class .starter.stepdefenitions.RegisterSteps
19:18:57.780 [main] DEBUG net.thucydides.core.reflection.ClassFinder - Could not load class .starter.stepdefenitions.ReviewSteps
19:18:57.780 [main] DEBUG net.thucydides.core.reflection.ClassFinder - Could not load class .starter.stepdefenitions.RoomSteps
19:18:57.780 [main] DEBUG net.thucydides.core.reflection.ClassFinder - Could not load class .starter.stepdefenitions.SearchBoxSteps
19:18:57.944 [main] DEBUG net.serenitybdd.core.webdriver.driverproviders.ProvideNewDriver - Instantiating driver
19:18:57.944 [main] DEBUG net.serenitybdd.core.webdriver.driverproviders.ProvideNewDriver - Driver capabilities: Capabilities {acceptInsecureCerts: false, base.url: https://kanbo.netlify.app/, browserName: chrome, chrome.driver: src/test/resources/webdrive..., driver: chrome, goog:chromeOptions: {args: [], extensions: []}}
19:18:58.057 [main] DEBUG io.netty.util.internal.logging.InternalLoggerFactory - Using SLF4J as the default logging framework
19:18:58.062 [main] DEBUG io.netty.util.ResourceLeakDetector - -Dio.netty.leakDetection.level: simple
19:18:58.062 [main] DEBUG io.netty.util.ResourceLeakDetector - -Dio.netty.leakDetection.targetRecords: 4
19:18:58.067 [main] DEBUG io.netty.util.ResourceLeakDetectorFactory - Loaded default ResourceLeakDetector: io.netty.util.ResourceLeakDetector@22da2fe6
19:18:58.103 [main] DEBUG io.netty.util.internal.PlatformDependent0 - -Dio.netty.noUnsafe: false
19:18:58.103 [main] DEBUG io.netty.util.internal.PlatformDependent0 - Java version: 8
19:18:58.105 [main] DEBUG io.netty.util.internal.PlatformDependent0 - sun.misc.Unsafe.theUnsafe: available
19:18:58.106 [main] DEBUG io.netty.util.internal.PlatformDependent0 - sun.misc.Unsafe.copyMemory: available
19:18:58.107 [main] DEBUG io.netty.util.internal.PlatformDependent0 - java.nio.Buffer.address: available
19:18:58.108 [main] DEBUG io.netty.util.internal.PlatformDependent0 - direct buffer constructor: available
19:18:58.110 [main] DEBUG io.netty.util.internal.PlatformDependent0 - java.nio.Bits.unaligned: available, true
19:18:58.110 [main] DEBUG io.netty.util.internal.PlatformDependent0 - jdk.internal.misc.Unsafe.allocateUninitializedArray(int): unavailable prior to Java9
19:18:58.110 [main] DEBUG io.netty.util.internal.PlatformDependent0 - java.nio.DirectByteBuffer.<init>(long, int): available
19:18:58.111 [main] DEBUG io.netty.util.internal.PlatformDependent - sun.misc.Unsafe: available
19:18:58.112 [main] DEBUG io.netty.util.internal.PlatformDependent - -Dio.netty.tmpdir: C:\Users\Admin\AppData\Local\Temp (java.io.tmpdir)
19:18:58.112 [main] DEBUG io.netty.util.internal.PlatformDependent - -Dio.netty.bitMode: 64 (sun.arch.data.model)
19:18:58.112 [main] DEBUG io.netty.util.internal.PlatformDependent - Platform: Windows
19:18:58.114 [main] DEBUG io.netty.util.internal.PlatformDependent - -Dio.netty.maxDirectMemory: 3791650816 bytes
19:18:58.114 [main] DEBUG io.netty.util.internal.PlatformDependent - -Dio.netty.uninitializedArrayAllocationThreshold: -1
19:18:58.116 [main] DEBUG io.netty.util.internal.CleanerJava6 - java.nio.ByteBuffer.cleaner(): available
19:18:58.116 [main] DEBUG io.netty.util.internal.PlatformDependent - -Dio.netty.noPreferDirect: false
19:18:58.134 [main] DEBUG io.netty.util.internal.PlatformDependent - org.jctools-core.MpscChunkedArrayQueue: available
19:18:58.170 [main] DEBUG io.netty.util.internal.InternalThreadLocalMap - -Dio.netty.threadLocalMap.stringBuilder.initialSize: 1024
19:18:58.171 [main] DEBUG io.netty.util.internal.InternalThreadLocalMap - -Dio.netty.threadLocalMap.stringBuilder.maxSize: 4096
19:18:58.204 [main] DEBUG io.netty.handler.ssl.JdkSslContext - Default protocols (JDK): [TLSv1.2] 
19:18:58.204 [main] DEBUG io.netty.handler.ssl.JdkSslContext - Default cipher suites (JDK): [TLS_ECDHE_ECDSA_WITH_AES_256_GCM_SHA384, TLS_ECDHE_ECDSA_WITH_AES_128_GCM_SHA256, TLS_ECDHE_RSA_WITH_AES_128_GCM_SHA256, TLS_ECDHE_RSA_WITH_AES_256_GCM_SHA384, TLS_ECDHE_RSA_WITH_AES_128_CBC_SHA, TLS_ECDHE_RSA_WITH_AES_256_CBC_SHA, TLS_RSA_WITH_AES_128_GCM_SHA256, TLS_RSA_WITH_AES_128_CBC_SHA, TLS_RSA_WITH_AES_256_CBC_SHA, TLS_AES_128_GCM_SHA256, TLS_AES_256_GCM_SHA384]
19:18:58.239 [main] DEBUG io.netty.channel.MultithreadEventLoopGroup - -Dio.netty.eventLoopThreads: 8
19:18:58.254 [main] DEBUG io.netty.channel.nio.NioEventLoop - -Dio.netty.noKeySetOptimization: false
19:18:58.254 [main] DEBUG io.netty.channel.nio.NioEventLoop - -Dio.netty.selectorAutoRebuildThreshold: 512
19:18:58.323 [main] DEBUG io.netty.buffer.PooledByteBufAllocator - -Dio.netty.allocator.numHeapArenas: 8
19:18:58.323 [main] DEBUG io.netty.buffer.PooledByteBufAllocator - -Dio.netty.allocator.numDirectArenas: 8
19:18:58.324 [main] DEBUG io.netty.buffer.PooledByteBufAllocator - -Dio.netty.allocator.pageSize: 8192
19:18:58.324 [main] DEBUG io.netty.buffer.PooledByteBufAllocator - -Dio.netty.allocator.maxOrder: 11
19:18:58.324 [main] DEBUG io.netty.buffer.PooledByteBufAllocator - -Dio.netty.allocator.chunkSize: 16777216
19:18:58.324 [main] DEBUG io.netty.buffer.PooledByteBufAllocator - -Dio.netty.allocator.smallCacheSize: 256
19:18:58.324 [main] DEBUG io.netty.buffer.PooledByteBufAllocator - -Dio.netty.allocator.normalCacheSize: 64
19:18:58.324 [main] DEBUG io.netty.buffer.PooledByteBufAllocator - -Dio.netty.allocator.maxCachedBufferCapacity: 32768
19:18:58.324 [main] DEBUG io.netty.buffer.PooledByteBufAllocator - -Dio.netty.allocator.cacheTrimInterval: 8192
19:18:58.324 [main] DEBUG io.netty.buffer.PooledByteBufAllocator - -Dio.netty.allocator.cacheTrimIntervalMillis: 0
19:18:58.324 [main] DEBUG io.netty.buffer.PooledByteBufAllocator - -Dio.netty.allocator.useCacheForAllThreads: true
19:18:58.325 [main] DEBUG io.netty.buffer.PooledByteBufAllocator - -Dio.netty.allocator.maxCachedByteBuffersPerChunk: 1023
19:18:58.350 [main] DEBUG io.netty.buffer.ByteBufUtil - -Dio.netty.allocator.type: pooled
19:18:58.351 [main] DEBUG io.netty.buffer.ByteBufUtil - -Dio.netty.threadLocalDirectBufferSize: 0
19:18:58.351 [main] DEBUG io.netty.buffer.ByteBufUtil - -Dio.netty.maxThreadLocalCharBufferSize: 16384
19:18:59.328 [Forwarding newSession on session null to remote] DEBUG io.netty.channel.DefaultChannelId - -Dio.netty.processId: 14780 (auto-detected)
19:18:59.332 [Forwarding newSession on session null to remote] DEBUG io.netty.util.NetUtil - -Djava.net.preferIPv4Stack: false
19:18:59.332 [Forwarding newSession on session null to remote] DEBUG io.netty.util.NetUtil - -Djava.net.preferIPv6Addresses: false
19:18:59.516 [Forwarding newSession on session null to remote] DEBUG io.netty.util.NetUtilInitializations - Loopback interface: lo (Software Loopback Interface 1, 127.0.0.1)
19:18:59.517 [Forwarding newSession on session null to remote] DEBUG io.netty.util.NetUtil - Failed to get SOMAXCONN from sysctl and file \proc\sys\net\core\somaxconn. Default: 200
19:18:59.689 [Forwarding newSession on session null to remote] DEBUG io.netty.channel.DefaultChannelId - -Dio.netty.machineId: 10:0b:a9:ff:fe:13:bd:20 (auto-detected)
19:18:59.765 [AsyncHttpClient-1-2] DEBUG io.netty.buffer.AbstractByteBuf - -Dio.netty.buffer.checkAccessible: true
19:18:59.765 [AsyncHttpClient-1-2] DEBUG io.netty.buffer.AbstractByteBuf - -Dio.netty.buffer.checkBounds: true
19:18:59.765 [AsyncHttpClient-1-2] DEBUG io.netty.util.ResourceLeakDetectorFactory - Loaded default ResourceLeakDetector: io.netty.util.ResourceLeakDetector@3df71f39
19:18:59.785 [AsyncHttpClient-1-2] DEBUG org.asynchttpclient.netty.channel.NettyConnectListener - Using new Channel '[id: 0xc32d0073, L:/127.0.0.1:56945 - R:localhost/127.0.0.1:63236]' for 'POST' to '/session'
19:18:59.813 [AsyncHttpClient-1-2] DEBUG io.netty.util.Recycler - -Dio.netty.recycler.maxCapacityPerThread: 4096
19:18:59.813 [AsyncHttpClient-1-2] DEBUG io.netty.util.Recycler - -Dio.netty.recycler.ratio: 8
19:18:59.813 [AsyncHttpClient-1-2] DEBUG io.netty.util.Recycler - -Dio.netty.recycler.chunkSize: 32
19:18:59.814 [AsyncHttpClient-1-2] DEBUG io.netty.util.Recycler - -Dio.netty.recycler.blocking: false
19:19:00.752 [AsyncHttpClient-1-2] DEBUG io.netty.handler.codec.compression.Brotli - brotli4j not in the classpath; Brotli support will be unavailable.
19:19:00.752 [AsyncHttpClient-1-2] DEBUG org.asynchttpclient.netty.handler.HttpHandler - 

Request DefaultHttpRequest(decodeResult: success, version: HTTP/1.1)
POST /session HTTP/1.1
User-Agent: selenium/4.1.2 (java windows)
Content-Length: 612
Content-Type: application/json; charset=utf-8
host: localhost:63236
accept: */*

Response DefaultHttpResponse(decodeResult: success, version: HTTP/1.1)
HTTP/1.1 200 OK
Content-Type: application/json; charset=utf-8
cache-control: no-cache
content-length: 790

19:19:00.773 [AsyncHttpClient-1-2] DEBUG org.asynchttpclient.netty.channel.ChannelManager - Adding key: http://localhost:63236 for channel [id: 0xc32d0073, L:/127.0.0.1:56945 - R:localhost/127.0.0.1:63236]
19:19:00.980 [AsyncHttpClient-1-3] DEBUG org.asynchttpclient.netty.channel.NettyConnectListener - Using new Channel '[id: 0x335d21c7, L:/127.0.0.1:56953 - R:localhost/127.0.0.1:56946]' for 'GET' to '/json/version'
19:19:00.984 [AsyncHttpClient-1-3] DEBUG org.asynchttpclient.netty.handler.HttpHandler - 

Request DefaultFullHttpRequest(decodeResult: success, version: HTTP/1.1, content: EmptyByteBufBE)
GET /json/version HTTP/1.1
User-Agent: selenium/4.1.2 (java windows)
host: localhost:56946
accept: */*

Response DefaultHttpResponse(decodeResult: success, version: HTTP/1.1)
HTTP/1.1 200 OK
Content-Type: application/json; charset=UTF-8
content-length: 429

19:19:00.985 [AsyncHttpClient-1-3] DEBUG org.asynchttpclient.netty.channel.ChannelManager - Adding key: http://localhost:56946 for channel [id: 0x335d21c7, L:/127.0.0.1:56953 - R:localhost/127.0.0.1:56946]
19:19:01.004 [main] DEBUG io.netty.util.internal.ThreadLocalRandom - -Dio.netty.initialSeedUniquifier: 0xa05a79f5593c0d9b
19:19:01.019 [AsyncHttpClient-1-4] DEBUG org.asynchttpclient.netty.channel.NettyConnectListener - Using new Channel '[id: 0x6d1cda49, L:/127.0.0.1:56954 - R:localhost/127.0.0.1:56946]' for 'GET' to '/devtools/browser/02db6742-4050-4127-9b32-d237d973f726'
19:19:01.024 [AsyncHttpClient-1-4] DEBUG org.asynchttpclient.netty.handler.WebSocketHandler - 

Request DefaultFullHttpRequest(decodeResult: success, version: HTTP/1.1, content: EmptyByteBufBE)
GET /devtools/browser/02db6742-4050-4127-9b32-d237d973f726 HTTP/1.1
upgrade: websocket
connection: upgrade
sec-websocket-key: cYYdZ9QSIx1fKlvy0vIU/A==
sec-websocket-version: 13
origin: http://localhost:56946
host: localhost:56946
accept: */*
user-agent: AHC/2.1

Response DefaultHttpResponse(decodeResult: success, version: HTTP/1.1)
HTTP/1.1 101 WebSocket Protocol Handshake
Upgrade: WebSocket
Connection: Upgrade
Sec-WebSocket-Accept: slaMDir1KUHjdzCM54+kiI1nVQM=

19:19:01.146 [Forwarding setCurrentWindowSize on session 0e2759815c1ead409d7f90b49f3f684b to remote] DEBUG org.asynchttpclient.netty.request.NettyRequestSender - Using pooled Channel '[id: 0xc32d0073, L:/127.0.0.1:56945 - R:localhost/127.0.0.1:63236]' for 'POST' to 'http://localhost:63236/session/0e2759815c1ead409d7f90b49f3f684b/window/rect'
19:19:01.146 [Forwarding setCurrentWindowSize on session 0e2759815c1ead409d7f90b49f3f684b to remote] DEBUG org.asynchttpclient.netty.request.NettyRequestSender - Using open Channel [id: 0xc32d0073, L:/127.0.0.1:56945 - R:localhost/127.0.0.1:63236] for POST '/session/0e2759815c1ead409d7f90b49f3f684b/window/rect'
19:19:01.277 [AsyncHttpClient-1-2] DEBUG org.asynchttpclient.netty.handler.HttpHandler - 

Request DefaultHttpRequest(decodeResult: success, version: HTTP/1.1)
POST /session/0e2759815c1ead409d7f90b49f3f684b/window/rect HTTP/1.1
User-Agent: selenium/4.1.2 (java windows)
Content-Length: 37
Content-Type: application/json; charset=utf-8
host: localhost:63236
accept: */*

Response DefaultHttpResponse(decodeResult: success, version: HTTP/1.1)
HTTP/1.1 200 OK
Content-Type: application/json; charset=utf-8
cache-control: no-cache
content-length: 51

19:19:01.278 [AsyncHttpClient-1-2] DEBUG org.asynchttpclient.netty.channel.ChannelManager - Adding key: http://localhost:63236 for channel [id: 0xc32d0073, L:/127.0.0.1:56945 - R:localhost/127.0.0.1:63236]
19:19:01.288 [Forwarding setWindowPosition on session 0e2759815c1ead409d7f90b49f3f684b to remote] DEBUG org.asynchttpclient.netty.request.NettyRequestSender - Using pooled Channel '[id: 0xc32d0073, L:/127.0.0.1:56945 - R:localhost/127.0.0.1:63236]' for 'POST' to 'http://localhost:63236/session/0e2759815c1ead409d7f90b49f3f684b/window/rect'
19:19:01.288 [Forwarding setWindowPosition on session 0e2759815c1ead409d7f90b49f3f684b to remote] DEBUG org.asynchttpclient.netty.request.NettyRequestSender - Using open Channel [id: 0xc32d0073, L:/127.0.0.1:56945 - R:localhost/127.0.0.1:63236] for POST '/session/0e2759815c1ead409d7f90b49f3f684b/window/rect'
19:19:01.423 [AsyncHttpClient-1-2] DEBUG org.asynchttpclient.netty.handler.HttpHandler - 

Request DefaultHttpRequest(decodeResult: success, version: HTTP/1.1)
POST /session/0e2759815c1ead409d7f90b49f3f684b/window/rect HTTP/1.1
User-Agent: selenium/4.1.2 (java windows)
Content-Length: 22
Content-Type: application/json; charset=utf-8
host: localhost:63236
accept: */*

Response DefaultHttpResponse(decodeResult: success, version: HTTP/1.1)
HTTP/1.1 200 OK
Content-Type: application/json; charset=utf-8
cache-control: no-cache
content-length: 49

19:19:01.424 [AsyncHttpClient-1-2] DEBUG org.asynchttpclient.netty.channel.ChannelManager - Adding key: http://localhost:63236 for channel [id: 0xc32d0073, L:/127.0.0.1:56945 - R:localhost/127.0.0.1:63236]
19:19:01.451 [AsyncHttpClient-1-1] DEBUG org.asynchttpclient.netty.channel.DefaultChannelPool - Entry count for : http://localhost:63236 : 1
19:19:01.452 [AsyncHttpClient-1-1] DEBUG org.asynchttpclient.netty.channel.DefaultChannelPool - Entry count for : http://localhost:56946 : 1
19:19:01.719 [main] DEBUG net.thucydides.core.reflection.ClassFinder - Could not load class .starter.CucumberTestSuite
19:19:01.719 [main] DEBUG net.thucydides.core.reflection.ClassFinder - Could not load class .starter.pages.BuildingPage
19:19:01.719 [main] DEBUG net.thucydides.core.reflection.ClassFinder - Could not load class .starter.pages.ChatPage
19:19:01.720 [main] DEBUG net.thucydides.core.reflection.ClassFinder - Could not load class .starter.pages.ComplexPage
19:19:01.720 [main] DEBUG net.thucydides.core.reflection.ClassFinder - Could not load class .starter.pages.CustomerPage
19:19:01.720 [main] DEBUG net.thucydides.core.reflection.ClassFinder - Could not load class .starter.pages.LoginPage
19:19:01.720 [main] DEBUG net.thucydides.core.reflection.ClassFinder - Could not load class .starter.pages.RegisterPage
19:19:01.720 [main] DEBUG net.thucydides.core.reflection.ClassFinder - Could not load class .starter.pages.ReviewPage
19:19:01.720 [main] DEBUG net.thucydides.core.reflection.ClassFinder - Could not load class .starter.pages.RoomPage
19:19:01.720 [main] DEBUG net.thucydides.core.reflection.ClassFinder - Could not load class .starter.pages.SearchBoxPage
19:19:01.721 [main] DEBUG net.thucydides.core.reflection.ClassFinder - Could not load class .starter.stepdefenitions.BuildingSteps
19:19:01.721 [main] DEBUG net.thucydides.core.reflection.ClassFinder - Could not load class .starter.stepdefenitions.ChatSteps
19:19:01.724 [main] DEBUG net.thucydides.core.reflection.ClassFinder - Could not load class .starter.stepdefenitions.ComplexSteps
19:19:01.725 [main] DEBUG net.thucydides.core.reflection.ClassFinder - Could not load class .starter.stepdefenitions.CustomerSteps
19:19:01.730 [main] DEBUG net.thucydides.core.reflection.ClassFinder - Could not load class .starter.stepdefenitions.LoginSteps
19:19:01.730 [main] DEBUG net.thucydides.core.reflection.ClassFinder - Could not load class .starter.stepdefenitions.RegisterSteps
19:19:01.730 [main] DEBUG net.thucydides.core.reflection.ClassFinder - Could not load class .starter.stepdefenitions.ReviewSteps
19:19:01.730 [main] DEBUG net.thucydides.core.reflection.ClassFinder - Could not load class .starter.stepdefenitions.RoomSteps
19:19:01.730 [main] DEBUG net.thucydides.core.reflection.ClassFinder - Could not load class .starter.stepdefenitions.SearchBoxSteps
19:19:01.735 [Forwarding get on session 0e2759815c1ead409d7f90b49f3f684b to remote] DEBUG org.asynchttpclient.netty.request.NettyRequestSender - Using pooled Channel '[id: 0xc32d0073, L:/127.0.0.1:56945 - R:localhost/127.0.0.1:63236]' for 'POST' to 'http://localhost:63236/session/0e2759815c1ead409d7f90b49f3f684b/url'
19:19:01.735 [Forwarding get on session 0e2759815c1ead409d7f90b49f3f684b to remote] DEBUG org.asynchttpclient.netty.request.NettyRequestSender - Using open Channel [id: 0xc32d0073, L:/127.0.0.1:56945 - R:localhost/127.0.0.1:63236] for POST '/session/0e2759815c1ead409d7f90b49f3f684b/url'
19:19:02.547 [AsyncHttpClient-1-1] DEBUG org.asynchttpclient.netty.channel.DefaultChannelPool - Entry count for : http://localhost:56946 : 1
19:19:03.314 [AsyncHttpClient-1-2] DEBUG org.asynchttpclient.netty.handler.HttpHandler - 

Request DefaultHttpRequest(decodeResult: success, version: HTTP/1.1)
POST /session/0e2759815c1ead409d7f90b49f3f684b/url HTTP/1.1
User-Agent: selenium/4.1.2 (java windows)
Content-Length: 56
Content-Type: application/json; charset=utf-8
host: localhost:63236
accept: */*

Response DefaultHttpResponse(decodeResult: success, version: HTTP/1.1)
HTTP/1.1 200 OK
Content-Type: application/json; charset=utf-8
cache-control: no-cache
content-length: 14

19:19:03.315 [AsyncHttpClient-1-2] DEBUG org.asynchttpclient.netty.channel.ChannelManager - Adding key: http://localhost:63236 for channel [id: 0xc32d0073, L:/127.0.0.1:56945 - R:localhost/127.0.0.1:63236]
19:19:03.326 [Forwarding setTimeout on session 0e2759815c1ead409d7f90b49f3f684b to remote] DEBUG org.asynchttpclient.netty.request.NettyRequestSender - Using pooled Channel '[id: 0xc32d0073, L:/127.0.0.1:56945 - R:localhost/127.0.0.1:63236]' for 'POST' to 'http://localhost:63236/session/0e2759815c1ead409d7f90b49f3f684b/timeouts'
19:19:03.326 [Forwarding setTimeout on session 0e2759815c1ead409d7f90b49f3f684b to remote] DEBUG org.asynchttpclient.netty.request.NettyRequestSender - Using open Channel [id: 0xc32d0073, L:/127.0.0.1:56945 - R:localhost/127.0.0.1:63236] for POST '/session/0e2759815c1ead409d7f90b49f3f684b/timeouts'
19:19:03.329 [AsyncHttpClient-1-2] DEBUG org.asynchttpclient.netty.handler.HttpHandler - 

Request DefaultHttpRequest(decodeResult: success, version: HTTP/1.1)
POST /session/0e2759815c1ead409d7f90b49f3f684b/timeouts HTTP/1.1
User-Agent: selenium/4.1.2 (java windows)
Content-Length: 22
Content-Type: application/json; charset=utf-8
host: localhost:63236
accept: */*

Response DefaultHttpResponse(decodeResult: success, version: HTTP/1.1)
HTTP/1.1 200 OK
Content-Type: application/json; charset=utf-8
cache-control: no-cache
content-length: 14

19:19:03.330 [AsyncHttpClient-1-2] DEBUG org.asynchttpclient.netty.channel.ChannelManager - Adding key: http://localhost:63236 for channel [id: 0xc32d0073, L:/127.0.0.1:56945 - R:localhost/127.0.0.1:63236]
19:19:03.341 [Forwarding getCurrentUrl on session 0e2759815c1ead409d7f90b49f3f684b to remote] DEBUG org.asynchttpclient.netty.request.NettyRequestSender - Using pooled Channel '[id: 0xc32d0073, L:/127.0.0.1:56945 - R:localhost/127.0.0.1:63236]' for 'GET' to 'http://localhost:63236/session/0e2759815c1ead409d7f90b49f3f684b/url'
19:19:03.341 [Forwarding getCurrentUrl on session 0e2759815c1ead409d7f90b49f3f684b to remote] DEBUG org.asynchttpclient.netty.request.NettyRequestSender - Using open Channel [id: 0xc32d0073, L:/127.0.0.1:56945 - R:localhost/127.0.0.1:63236] for GET '/session/0e2759815c1ead409d7f90b49f3f684b/url'
19:19:03.347 [AsyncHttpClient-1-2] DEBUG org.asynchttpclient.netty.handler.HttpHandler - 

Request DefaultFullHttpRequest(decodeResult: success, version: HTTP/1.1, content: EmptyByteBufBE)
GET /session/0e2759815c1ead409d7f90b49f3f684b/url HTTP/1.1
User-Agent: selenium/4.1.2 (java windows)
Cache-Control: no-cache
Content-Type: application/json; charset=utf-8
host: localhost:63236
accept: */*

Response DefaultHttpResponse(decodeResult: success, version: HTTP/1.1)
HTTP/1.1 200 OK
Content-Type: application/json; charset=utf-8
cache-control: no-cache
content-length: 38

19:19:03.348 [AsyncHttpClient-1-2] DEBUG org.asynchttpclient.netty.channel.ChannelManager - Adding key: http://localhost:63236 for channel [id: 0xc32d0073, L:/127.0.0.1:56945 - R:localhost/127.0.0.1:63236]
19:19:03.361 [Forwarding getCurrentUrl on session 0e2759815c1ead409d7f90b49f3f684b to remote] DEBUG org.asynchttpclient.netty.request.NettyRequestSender - Using pooled Channel '[id: 0xc32d0073, L:/127.0.0.1:56945 - R:localhost/127.0.0.1:63236]' for 'GET' to 'http://localhost:63236/session/0e2759815c1ead409d7f90b49f3f684b/url'
19:19:03.361 [Forwarding getCurrentUrl on session 0e2759815c1ead409d7f90b49f3f684b to remote] DEBUG org.asynchttpclient.netty.request.NettyRequestSender - Using open Channel [id: 0xc32d0073, L:/127.0.0.1:56945 - R:localhost/127.0.0.1:63236] for GET '/session/0e2759815c1ead409d7f90b49f3f684b/url'
19:19:03.366 [AsyncHttpClient-1-2] DEBUG org.asynchttpclient.netty.handler.HttpHandler - 

Request DefaultFullHttpRequest(decodeResult: success, version: HTTP/1.1, content: EmptyByteBufBE)
GET /session/0e2759815c1ead409d7f90b49f3f684b/url HTTP/1.1
User-Agent: selenium/4.1.2 (java windows)
Cache-Control: no-cache
Content-Type: application/json; charset=utf-8
host: localhost:63236
accept: */*

Response DefaultHttpResponse(decodeResult: success, version: HTTP/1.1)
HTTP/1.1 200 OK
Content-Type: application/json; charset=utf-8
cache-control: no-cache
content-length: 38

19:19:03.366 [AsyncHttpClient-1-2] DEBUG org.asynchttpclient.netty.channel.ChannelManager - Adding key: http://localhost:63236 for channel [id: 0xc32d0073, L:/127.0.0.1:56945 - R:localhost/127.0.0.1:63236]
19:19:03.398 [main] DEBUG net.serenitybdd.core.photography.Darkroom - Opening darkroom
19:19:03.399 [Darkroom Processing Line] DEBUG net.serenitybdd.core.photography.DarkroomProcessingLine - Darkroom processing line starting up
19:19:03.403 [Forwarding screenshot on session 0e2759815c1ead409d7f90b49f3f684b to remote] DEBUG org.asynchttpclient.netty.request.NettyRequestSender - Using pooled Channel '[id: 0xc32d0073, L:/127.0.0.1:56945 - R:localhost/127.0.0.1:63236]' for 'GET' to 'http://localhost:63236/session/0e2759815c1ead409d7f90b49f3f684b/screenshot'
19:19:03.403 [Forwarding screenshot on session 0e2759815c1ead409d7f90b49f3f684b to remote] DEBUG org.asynchttpclient.netty.request.NettyRequestSender - Using open Channel [id: 0xc32d0073, L:/127.0.0.1:56945 - R:localhost/127.0.0.1:63236] for GET '/session/0e2759815c1ead409d7f90b49f3f684b/screenshot'
19:19:03.644 [AsyncHttpClient-1-1] DEBUG org.asynchttpclient.netty.channel.DefaultChannelPool - Entry count for : http://localhost:56946 : 1
19:19:03.644 [AsyncHttpClient-1-2] DEBUG org.asynchttpclient.netty.handler.HttpHandler - 

Request DefaultFullHttpRequest(decodeResult: success, version: HTTP/1.1, content: EmptyByteBufBE)
GET /session/0e2759815c1ead409d7f90b49f3f684b/screenshot HTTP/1.1
User-Agent: selenium/4.1.2 (java windows)
Cache-Control: no-cache
Content-Type: application/json; charset=utf-8
host: localhost:63236
accept: */*

Response DefaultHttpResponse(decodeResult: success, version: HTTP/1.1)
HTTP/1.1 200 OK
Content-Type: application/json; charset=utf-8
cache-control: no-cache
content-length: 226248

19:19:03.653 [AsyncHttpClient-1-2] DEBUG org.asynchttpclient.netty.channel.ChannelManager - Adding key: http://localhost:63236 for channel [id: 0xc32d0073, L:/127.0.0.1:56945 - R:localhost/127.0.0.1:63236]
19:19:03.900 [main] DEBUG net.serenitybdd.core.photography.Darkroom - Send negative for processing for target\site\serenity\2a5d2923b4b494a1ff0aeab781315180ab4dee3f7e8111246690078773e5a5c9.png
19:19:03.901 [Darkroom Processing Line] DEBUG net.serenitybdd.core.photography.DarkroomProcessingLine - Processing screenshot image in /var/screenshots/screenshot-2272562766032506538
19:19:03.902 [Darkroom Processing Line] DEBUG net.serenitybdd.core.photography.DarkroomProcessingLine - Saving screenshot to target\site\serenity\2a5d2923b4b494a1ff0aeab781315180ab4dee3f7e8111246690078773e5a5c9.png
19:19:03.928 [main] DEBUG net.thucydides.core.steps.StepInterceptor - STEP DONE: openPage
19:19:03.946 [main] DEBUG net.thucydides.core.steps.StepInterceptor - STARTING STEP: LoginSteps.onLoginPage - validationOnloginPage
19:19:03.955 [Forwarding findElement on session 0e2759815c1ead409d7f90b49f3f684b to remote] DEBUG org.asynchttpclient.netty.request.NettyRequestSender - Using pooled Channel '[id: 0xc32d0073, L:/127.0.0.1:56945 - R:localhost/127.0.0.1:63236]' for 'POST' to 'http://localhost:63236/session/0e2759815c1ead409d7f90b49f3f684b/element'
19:19:03.955 [Forwarding findElement on session 0e2759815c1ead409d7f90b49f3f684b to remote] DEBUG org.asynchttpclient.netty.request.NettyRequestSender - Using open Channel [id: 0xc32d0073, L:/127.0.0.1:56945 - R:localhost/127.0.0.1:63236] for POST '/session/0e2759815c1ead409d7f90b49f3f684b/element'
19:19:03.995 [AsyncHttpClient-1-2] DEBUG org.asynchttpclient.netty.handler.HttpHandler - 

Request DefaultHttpRequest(decodeResult: success, version: HTTP/1.1)
POST /session/0e2759815c1ead409d7f90b49f3f684b/element HTTP/1.1
User-Agent: selenium/4.1.2 (java windows)
Content-Length: 66
Content-Type: application/json; charset=utf-8
host: localhost:63236
accept: */*

Response DefaultHttpResponse(decodeResult: success, version: HTTP/1.1)
HTTP/1.1 200 OK
Content-Type: application/json; charset=utf-8
cache-control: no-cache
content-length: 88

19:19:03.995 [AsyncHttpClient-1-2] DEBUG org.asynchttpclient.netty.channel.ChannelManager - Adding key: http://localhost:63236 for channel [id: 0xc32d0073, L:/127.0.0.1:56945 - R:localhost/127.0.0.1:63236]
19:19:04.023 [Forwarding isElementDisplayed on session 0e2759815c1ead409d7f90b49f3f684b to remote] DEBUG org.asynchttpclient.netty.request.NettyRequestSender - Using pooled Channel '[id: 0xc32d0073, L:/127.0.0.1:56945 - R:localhost/127.0.0.1:63236]' for 'POST' to 'http://localhost:63236/session/0e2759815c1ead409d7f90b49f3f684b/execute/sync'
19:19:04.023 [Forwarding isElementDisplayed on session 0e2759815c1ead409d7f90b49f3f684b to remote] DEBUG org.asynchttpclient.netty.request.NettyRequestSender - Using open Channel [id: 0xc32d0073, L:/127.0.0.1:56945 - R:localhost/127.0.0.1:63236] for POST '/session/0e2759815c1ead409d7f90b49f3f684b/execute/sync'
19:19:04.057 [AsyncHttpClient-1-2] DEBUG org.asynchttpclient.netty.handler.HttpHandler - 

Request DefaultHttpRequest(decodeResult: success, version: HTTP/1.1)
POST /session/0e2759815c1ead409d7f90b49f3f684b/execute/sync HTTP/1.1
User-Agent: selenium/4.1.2 (java windows)
Content-Length: 48780
Content-Type: application/json; charset=utf-8
host: localhost:63236
accept: */*

Response DefaultHttpResponse(decodeResult: success, version: HTTP/1.1)
HTTP/1.1 200 OK
Content-Type: application/json; charset=utf-8
cache-control: no-cache
content-length: 14

19:19:04.057 [AsyncHttpClient-1-2] DEBUG org.asynchttpclient.netty.channel.ChannelManager - Adding key: http://localhost:63236 for channel [id: 0xc32d0073, L:/127.0.0.1:56945 - R:localhost/127.0.0.1:63236]
19:19:04.079 [Forwarding screenshot on session 0e2759815c1ead409d7f90b49f3f684b to remote] DEBUG org.asynchttpclient.netty.request.NettyRequestSender - Using pooled Channel '[id: 0xc32d0073, L:/127.0.0.1:56945 - R:localhost/127.0.0.1:63236]' for 'GET' to 'http://localhost:63236/session/0e2759815c1ead409d7f90b49f3f684b/screenshot'
19:19:04.079 [Forwarding screenshot on session 0e2759815c1ead409d7f90b49f3f684b to remote] DEBUG org.asynchttpclient.netty.request.NettyRequestSender - Using open Channel [id: 0xc32d0073, L:/127.0.0.1:56945 - R:localhost/127.0.0.1:63236] for GET '/session/0e2759815c1ead409d7f90b49f3f684b/screenshot'
19:19:04.283 [AsyncHttpClient-1-2] DEBUG org.asynchttpclient.netty.handler.HttpHandler - 

Request DefaultFullHttpRequest(decodeResult: success, version: HTTP/1.1, content: EmptyByteBufBE)
GET /session/0e2759815c1ead409d7f90b49f3f684b/screenshot HTTP/1.1
User-Agent: selenium/4.1.2 (java windows)
Cache-Control: no-cache
Content-Type: application/json; charset=utf-8
host: localhost:63236
accept: */*

Response DefaultHttpResponse(decodeResult: success, version: HTTP/1.1)
HTTP/1.1 200 OK
Content-Type: application/json; charset=utf-8
cache-control: no-cache
content-length: 226248

19:19:04.286 [AsyncHttpClient-1-2] DEBUG org.asynchttpclient.netty.channel.ChannelManager - Adding key: http://localhost:63236 for channel [id: 0xc32d0073, L:/127.0.0.1:56945 - R:localhost/127.0.0.1:63236]
19:19:04.304 [main] DEBUG net.serenitybdd.core.photography.Darkroom - Send negative for processing for target\site\serenity\2a5d2923b4b494a1ff0aeab781315180ab4dee3f7e8111246690078773e5a5c9.png
19:19:04.305 [main] DEBUG net.thucydides.core.steps.StepInterceptor - STEP DONE: validationOnloginPage
  &amp#27;[32mGiven &amp#27;[0m&amp#27;[32mi am on the login page&amp#27;[0m                                 &amp#27;[90m# starter.stepdefenitions.LoginSteps.onLoginPage()&amp#27;[0m
19:19:04.350 [main] DEBUG net.thucydides.core.steps.StepInterceptor - STARTING STEP: LoginSteps.inputValidEmail - inputEmail
19:19:04.359 [Forwarding findElement on session 0e2759815c1ead409d7f90b49f3f684b to remote] DEBUG org.asynchttpclient.netty.request.NettyRequestSender - Using pooled Channel '[id: 0xc32d0073, L:/127.0.0.1:56945 - R:localhost/127.0.0.1:63236]' for 'POST' to 'http://localhost:63236/session/0e2759815c1ead409d7f90b49f3f684b/element'
19:19:04.359 [Forwarding findElement on session 0e2759815c1ead409d7f90b49f3f684b to remote] DEBUG org.asynchttpclient.netty.request.NettyRequestSender - Using open Channel [id: 0xc32d0073, L:/127.0.0.1:56945 - R:localhost/127.0.0.1:63236] for POST '/session/0e2759815c1ead409d7f90b49f3f684b/element'
19:19:04.374 [AsyncHttpClient-1-2] DEBUG org.asynchttpclient.netty.handler.HttpHandler - 

Request DefaultHttpRequest(decodeResult: success, version: HTTP/1.1)
POST /session/0e2759815c1ead409d7f90b49f3f684b/element HTTP/1.1
User-Agent: selenium/4.1.2 (java windows)
Content-Length: 76
Content-Type: application/json; charset=utf-8
host: localhost:63236
accept: */*

Response DefaultHttpResponse(decodeResult: success, version: HTTP/1.1)
HTTP/1.1 200 OK
Content-Type: application/json; charset=utf-8
cache-control: no-cache
content-length: 88

19:19:04.374 [AsyncHttpClient-1-2] DEBUG org.asynchttpclient.netty.channel.ChannelManager - Adding key: http://localhost:63236 for channel [id: 0xc32d0073, L:/127.0.0.1:56945 - R:localhost/127.0.0.1:63236]
19:19:04.378 [Forwarding clearElement on session 0e2759815c1ead409d7f90b49f3f684b to remote] DEBUG org.asynchttpclient.netty.request.NettyRequestSender - Using pooled Channel '[id: 0xc32d0073, L:/127.0.0.1:56945 - R:localhost/127.0.0.1:63236]' for 'POST' to 'http://localhost:63236/session/0e2759815c1ead409d7f90b49f3f684b/element/9aa744ae-7f93-42a8-926f-4e23aabb71f9/clear'
19:19:04.378 [Forwarding clearElement on session 0e2759815c1ead409d7f90b49f3f684b to remote] DEBUG org.asynchttpclient.netty.request.NettyRequestSender - Using open Channel [id: 0xc32d0073, L:/127.0.0.1:56945 - R:localhost/127.0.0.1:63236] for POST '/session/0e2759815c1ead409d7f90b49f3f684b/element/9aa744ae-7f93-42a8-926f-4e23aabb71f9/clear'
19:19:04.419 [AsyncHttpClient-1-2] DEBUG org.asynchttpclient.netty.handler.HttpHandler - 

Request DefaultHttpRequest(decodeResult: success, version: HTTP/1.1)
POST /session/0e2759815c1ead409d7f90b49f3f684b/element/9aa744ae-7f93-42a8-926f-4e23aabb71f9/clear HTTP/1.1
User-Agent: selenium/4.1.2 (java windows)
Content-Length: 50
Content-Type: application/json; charset=utf-8
host: localhost:63236
accept: */*

Response DefaultHttpResponse(decodeResult: success, version: HTTP/1.1)
HTTP/1.1 200 OK
Content-Type: application/json; charset=utf-8
cache-control: no-cache
content-length: 14

19:19:04.420 [AsyncHttpClient-1-2] DEBUG org.asynchttpclient.netty.channel.ChannelManager - Adding key: http://localhost:63236 for channel [id: 0xc32d0073, L:/127.0.0.1:56945 - R:localhost/127.0.0.1:63236]
19:19:04.426 [Forwarding sendKeysToElement on session 0e2759815c1ead409d7f90b49f3f684b to remote] DEBUG org.asynchttpclient.netty.request.NettyRequestSender - Using pooled Channel '[id: 0xc32d0073, L:/127.0.0.1:56945 - R:localhost/127.0.0.1:63236]' for 'POST' to 'http://localhost:63236/session/0e2759815c1ead409d7f90b49f3f684b/element/9aa744ae-7f93-42a8-926f-4e23aabb71f9/value'
19:19:04.426 [Forwarding sendKeysToElement on session 0e2759815c1ead409d7f90b49f3f684b to remote] DEBUG org.asynchttpclient.netty.request.NettyRequestSender - Using open Channel [id: 0xc32d0073, L:/127.0.0.1:56945 - R:localhost/127.0.0.1:63236] for POST '/session/0e2759815c1ead409d7f90b49f3f684b/element/9aa744ae-7f93-42a8-926f-4e23aabb71f9/value'
19:19:04.577 [AsyncHttpClient-1-2] DEBUG org.asynchttpclient.netty.handler.HttpHandler - 

Request DefaultHttpRequest(decodeResult: success, version: HTTP/1.1)
POST /session/0e2759815c1ead409d7f90b49f3f684b/element/9aa744ae-7f93-42a8-926f-4e23aabb71f9/value HTTP/1.1
User-Agent: selenium/4.1.2 (java windows)
Content-Length: 261
Content-Type: application/json; charset=utf-8
host: localhost:63236
accept: */*

Response DefaultHttpResponse(decodeResult: success, version: HTTP/1.1)
HTTP/1.1 200 OK
Content-Type: application/json; charset=utf-8
cache-control: no-cache
content-length: 14

19:19:04.577 [AsyncHttpClient-1-2] DEBUG org.asynchttpclient.netty.channel.ChannelManager - Adding key: http://localhost:63236 for channel [id: 0xc32d0073, L:/127.0.0.1:56945 - R:localhost/127.0.0.1:63236]
19:19:04.589 [Forwarding screenshot on session 0e2759815c1ead409d7f90b49f3f684b to remote] DEBUG org.asynchttpclient.netty.request.NettyRequestSender - Using pooled Channel '[id: 0xc32d0073, L:/127.0.0.1:56945 - R:localhost/127.0.0.1:63236]' for 'GET' to 'http://localhost:63236/session/0e2759815c1ead409d7f90b49f3f684b/screenshot'
19:19:04.589 [Forwarding screenshot on session 0e2759815c1ead409d7f90b49f3f684b to remote] DEBUG org.asynchttpclient.netty.request.NettyRequestSender - Using open Channel [id: 0xc32d0073, L:/127.0.0.1:56945 - R:localhost/127.0.0.1:63236] for GET '/session/0e2759815c1ead409d7f90b49f3f684b/screenshot'
19:19:04.748 [AsyncHttpClient-1-1] DEBUG org.asynchttpclient.netty.channel.DefaultChannelPool - Entry count for : http://localhost:56946 : 1
19:19:04.765 [AsyncHttpClient-1-2] DEBUG org.asynchttpclient.netty.handler.HttpHandler - 

Request DefaultFullHttpRequest(decodeResult: success, version: HTTP/1.1, content: EmptyByteBufBE)
GET /session/0e2759815c1ead409d7f90b49f3f684b/screenshot HTTP/1.1
User-Agent: selenium/4.1.2 (java windows)
Cache-Control: no-cache
Content-Type: application/json; charset=utf-8
host: localhost:63236
accept: */*

Response DefaultHttpResponse(decodeResult: success, version: HTTP/1.1)
HTTP/1.1 200 OK
Content-Type: application/json; charset=utf-8
cache-control: no-cache
content-length: 231396

19:19:04.769 [AsyncHttpClient-1-2] DEBUG org.asynchttpclient.netty.channel.ChannelManager - Adding key: http://localhost:63236 for channel [id: 0xc32d0073, L:/127.0.0.1:56945 - R:localhost/127.0.0.1:63236]
19:19:04.787 [main] DEBUG net.serenitybdd.core.photography.Darkroom - Send negative for processing for target\site\serenity\b3868473e2b79f40f8dab620f33c839d85b92d940d318baf66bea1557b15d68d.png
19:19:04.788 [Darkroom Processing Line] DEBUG net.serenitybdd.core.photography.DarkroomProcessingLine - Processing screenshot image in /var/screenshots/screenshot-8860733040068651506
19:19:04.788 [main] DEBUG net.thucydides.core.steps.StepInterceptor - STEP DONE: inputEmail
19:19:04.788 [Darkroom Processing Line] DEBUG net.serenitybdd.core.photography.DarkroomProcessingLine - Saving screenshot to target\site\serenity\b3868473e2b79f40f8dab620f33c839d85b92d940d318baf66bea1557b15d68d.png
  &amp#27;[32mWhen &amp#27;[0m&amp#27;[32mi input valid email&amp#27;[0m                                     &amp#27;[90m# starter.stepdefenitions.LoginSteps.inputValidEmail()&amp#27;[0m
19:19:04.824 [main] DEBUG net.thucydides.core.steps.StepInterceptor - STARTING STEP: LoginSteps.inputValidPassword - showPass
19:19:04.840 [Forwarding findElement on session 0e2759815c1ead409d7f90b49f3f684b to remote] DEBUG org.asynchttpclient.netty.request.NettyRequestSender - Using pooled Channel '[id: 0xc32d0073, L:/127.0.0.1:56945 - R:localhost/127.0.0.1:63236]' for 'POST' to 'http://localhost:63236/session/0e2759815c1ead409d7f90b49f3f684b/element'
19:19:04.840 [Forwarding findElement on session 0e2759815c1ead409d7f90b49f3f684b to remote] DEBUG org.asynchttpclient.netty.request.NettyRequestSender - Using open Channel [id: 0xc32d0073, L:/127.0.0.1:56945 - R:localhost/127.0.0.1:63236] for POST '/session/0e2759815c1ead409d7f90b49f3f684b/element'
19:19:04.863 [AsyncHttpClient-1-2] DEBUG org.asynchttpclient.netty.handler.HttpHandler - 

Request DefaultHttpRequest(decodeResult: success, version: HTTP/1.1)
POST /session/0e2759815c1ead409d7f90b49f3f684b/element HTTP/1.1
User-Agent: selenium/4.1.2 (java windows)
Content-Length: 95
Content-Type: application/json; charset=utf-8
host: localhost:63236
accept: */*

Response DefaultHttpResponse(decodeResult: success, version: HTTP/1.1)
HTTP/1.1 200 OK
Content-Type: application/json; charset=utf-8
cache-control: no-cache
content-length: 88

19:19:04.864 [AsyncHttpClient-1-2] DEBUG org.asynchttpclient.netty.channel.ChannelManager - Adding key: http://localhost:63236 for channel [id: 0xc32d0073, L:/127.0.0.1:56945 - R:localhost/127.0.0.1:63236]
19:19:04.870 [Forwarding getElementTagName on session 0e2759815c1ead409d7f90b49f3f684b to remote] DEBUG org.asynchttpclient.netty.request.NettyRequestSender - Using pooled Channel '[id: 0xc32d0073, L:/127.0.0.1:56945 - R:localhost/127.0.0.1:63236]' for 'GET' to 'http://localhost:63236/session/0e2759815c1ead409d7f90b49f3f684b/element/0965ed2f-0f0d-42a7-970d-ea435f0a39d3/name'
19:19:04.870 [Forwarding getElementTagName on session 0e2759815c1ead409d7f90b49f3f684b to remote] DEBUG org.asynchttpclient.netty.request.NettyRequestSender - Using open Channel [id: 0xc32d0073, L:/127.0.0.1:56945 - R:localhost/127.0.0.1:63236] for GET '/session/0e2759815c1ead409d7f90b49f3f684b/element/0965ed2f-0f0d-42a7-970d-ea435f0a39d3/name'
19:19:04.879 [AsyncHttpClient-1-2] DEBUG org.asynchttpclient.netty.handler.HttpHandler - 

Request DefaultFullHttpRequest(decodeResult: success, version: HTTP/1.1, content: EmptyByteBufBE)
GET /session/0e2759815c1ead409d7f90b49f3f684b/element/0965ed2f-0f0d-42a7-970d-ea435f0a39d3/name HTTP/1.1
User-Agent: selenium/4.1.2 (java windows)
Cache-Control: no-cache
Content-Type: application/json; charset=utf-8
host: localhost:63236
accept: */*

Response DefaultHttpResponse(decodeResult: success, version: HTTP/1.1)
HTTP/1.1 200 OK
Content-Type: application/json; charset=utf-8
cache-control: no-cache
content-length: 16

19:19:04.879 [AsyncHttpClient-1-2] DEBUG org.asynchttpclient.netty.channel.ChannelManager - Adding key: http://localhost:63236 for channel [id: 0xc32d0073, L:/127.0.0.1:56945 - R:localhost/127.0.0.1:63236]
19:19:04.884 [Forwarding getElementTagName on session 0e2759815c1ead409d7f90b49f3f684b to remote] DEBUG org.asynchttpclient.netty.request.NettyRequestSender - Using pooled Channel '[id: 0xc32d0073, L:/127.0.0.1:56945 - R:localhost/127.0.0.1:63236]' for 'GET' to 'http://localhost:63236/session/0e2759815c1ead409d7f90b49f3f684b/element/0965ed2f-0f0d-42a7-970d-ea435f0a39d3/name'
19:19:04.884 [Forwarding getElementTagName on session 0e2759815c1ead409d7f90b49f3f684b to remote] DEBUG org.asynchttpclient.netty.request.NettyRequestSender - Using open Channel [id: 0xc32d0073, L:/127.0.0.1:56945 - R:localhost/127.0.0.1:63236] for GET '/session/0e2759815c1ead409d7f90b49f3f684b/element/0965ed2f-0f0d-42a7-970d-ea435f0a39d3/name'
19:19:04.895 [AsyncHttpClient-1-2] DEBUG org.asynchttpclient.netty.handler.HttpHandler - 

Request DefaultFullHttpRequest(decodeResult: success, version: HTTP/1.1, content: EmptyByteBufBE)
GET /session/0e2759815c1ead409d7f90b49f3f684b/element/0965ed2f-0f0d-42a7-970d-ea435f0a39d3/name HTTP/1.1
User-Agent: selenium/4.1.2 (java windows)
Cache-Control: no-cache
Content-Type: application/json; charset=utf-8
host: localhost:63236
accept: */*

Response DefaultHttpResponse(decodeResult: success, version: HTTP/1.1)
HTTP/1.1 200 OK
Content-Type: application/json; charset=utf-8
cache-control: no-cache
content-length: 16

19:19:04.896 [AsyncHttpClient-1-2] DEBUG org.asynchttpclient.netty.channel.ChannelManager - Adding key: http://localhost:63236 for channel [id: 0xc32d0073, L:/127.0.0.1:56945 - R:localhost/127.0.0.1:63236]
19:19:04.905 [Forwarding findElement on session 0e2759815c1ead409d7f90b49f3f684b to remote] DEBUG org.asynchttpclient.netty.request.NettyRequestSender - Using pooled Channel '[id: 0xc32d0073, L:/127.0.0.1:56945 - R:localhost/127.0.0.1:63236]' for 'POST' to 'http://localhost:63236/session/0e2759815c1ead409d7f90b49f3f684b/element'
19:19:04.905 [Forwarding findElement on session 0e2759815c1ead409d7f90b49f3f684b to remote] DEBUG org.asynchttpclient.netty.request.NettyRequestSender - Using open Channel [id: 0xc32d0073, L:/127.0.0.1:56945 - R:localhost/127.0.0.1:63236] for POST '/session/0e2759815c1ead409d7f90b49f3f684b/element'
19:19:04.930 [AsyncHttpClient-1-2] DEBUG org.asynchttpclient.netty.handler.HttpHandler - 

Request DefaultHttpRequest(decodeResult: success, version: HTTP/1.1)
POST /session/0e2759815c1ead409d7f90b49f3f684b/element HTTP/1.1
User-Agent: selenium/4.1.2 (java windows)
Content-Length: 95
Content-Type: application/json; charset=utf-8
host: localhost:63236
accept: */*

Response DefaultHttpResponse(decodeResult: success, version: HTTP/1.1)
HTTP/1.1 200 OK
Content-Type: application/json; charset=utf-8
cache-control: no-cache
content-length: 88

19:19:04.930 [AsyncHttpClient-1-2] DEBUG org.asynchttpclient.netty.channel.ChannelManager - Adding key: http://localhost:63236 for channel [id: 0xc32d0073, L:/127.0.0.1:56945 - R:localhost/127.0.0.1:63236]
19:19:04.934 [Forwarding clickElement on session 0e2759815c1ead409d7f90b49f3f684b to remote] DEBUG org.asynchttpclient.netty.request.NettyRequestSender - Using pooled Channel '[id: 0xc32d0073, L:/127.0.0.1:56945 - R:localhost/127.0.0.1:63236]' for 'POST' to 'http://localhost:63236/session/0e2759815c1ead409d7f90b49f3f684b/element/0965ed2f-0f0d-42a7-970d-ea435f0a39d3/click'
19:19:04.934 [Forwarding clickElement on session 0e2759815c1ead409d7f90b49f3f684b to remote] DEBUG org.asynchttpclient.netty.request.NettyRequestSender - Using open Channel [id: 0xc32d0073, L:/127.0.0.1:56945 - R:localhost/127.0.0.1:63236] for POST '/session/0e2759815c1ead409d7f90b49f3f684b/element/0965ed2f-0f0d-42a7-970d-ea435f0a39d3/click'
19:19:05.019 [AsyncHttpClient-1-2] DEBUG org.asynchttpclient.netty.handler.HttpHandler - 

Request DefaultHttpRequest(decodeResult: success, version: HTTP/1.1)
POST /session/0e2759815c1ead409d7f90b49f3f684b/element/0965ed2f-0f0d-42a7-970d-ea435f0a39d3/click HTTP/1.1
User-Agent: selenium/4.1.2 (java windows)
Content-Length: 50
Content-Type: application/json; charset=utf-8
host: localhost:63236
accept: */*

Response DefaultHttpResponse(decodeResult: success, version: HTTP/1.1)
HTTP/1.1 200 OK
Content-Type: application/json; charset=utf-8
cache-control: no-cache
content-length: 14

19:19:05.019 [AsyncHttpClient-1-2] DEBUG org.asynchttpclient.netty.channel.ChannelManager - Adding key: http://localhost:63236 for channel [id: 0xc32d0073, L:/127.0.0.1:56945 - R:localhost/127.0.0.1:63236]
19:19:05.036 [Forwarding screenshot on session 0e2759815c1ead409d7f90b49f3f684b to remote] DEBUG org.asynchttpclient.netty.request.NettyRequestSender - Using pooled Channel '[id: 0xc32d0073, L:/127.0.0.1:56945 - R:localhost/127.0.0.1:63236]' for 'GET' to 'http://localhost:63236/session/0e2759815c1ead409d7f90b49f3f684b/screenshot'
19:19:05.036 [Forwarding screenshot on session 0e2759815c1ead409d7f90b49f3f684b to remote] DEBUG org.asynchttpclient.netty.request.NettyRequestSender - Using open Channel [id: 0xc32d0073, L:/127.0.0.1:56945 - R:localhost/127.0.0.1:63236] for GET '/session/0e2759815c1ead409d7f90b49f3f684b/screenshot'
19:19:05.270 [AsyncHttpClient-1-2] DEBUG org.asynchttpclient.netty.handler.HttpHandler - 

Request DefaultFullHttpRequest(decodeResult: success, version: HTTP/1.1, content: EmptyByteBufBE)
GET /session/0e2759815c1ead409d7f90b49f3f684b/screenshot HTTP/1.1
User-Agent: selenium/4.1.2 (java windows)
Cache-Control: no-cache
Content-Type: application/json; charset=utf-8
host: localhost:63236
accept: */*

Response DefaultHttpResponse(decodeResult: success, version: HTTP/1.1)
HTTP/1.1 200 OK
Content-Type: application/json; charset=utf-8
cache-control: no-cache
content-length: 230264

19:19:05.274 [AsyncHttpClient-1-2] DEBUG org.asynchttpclient.netty.channel.ChannelManager - Adding key: http://localhost:63236 for channel [id: 0xc32d0073, L:/127.0.0.1:56945 - R:localhost/127.0.0.1:63236]
19:19:05.290 [main] DEBUG net.serenitybdd.core.photography.Darkroom - Send negative for processing for target\site\serenity\1f64d945581aa112a9e326d75a198002832c07176f6f857cd0bc505a1c243bb1.png
19:19:05.290 [main] DEBUG net.thucydides.core.steps.StepInterceptor - STEP DONE: showPass
19:19:05.290 [Darkroom Processing Line] DEBUG net.serenitybdd.core.photography.DarkroomProcessingLine - Processing screenshot image in /var/screenshots/screenshot-8560445517870495797
19:19:05.290 [Darkroom Processing Line] DEBUG net.serenitybdd.core.photography.DarkroomProcessingLine - Saving screenshot to target\site\serenity\1f64d945581aa112a9e326d75a198002832c07176f6f857cd0bc505a1c243bb1.png
19:19:05.305 [main] DEBUG net.thucydides.core.steps.StepInterceptor - STARTING STEP: LoginSteps.inputValidPassword - inputPassword
19:19:05.310 [Forwarding findElement on session 0e2759815c1ead409d7f90b49f3f684b to remote] DEBUG org.asynchttpclient.netty.request.NettyRequestSender - Using pooled Channel '[id: 0xc32d0073, L:/127.0.0.1:56945 - R:localhost/127.0.0.1:63236]' for 'POST' to 'http://localhost:63236/session/0e2759815c1ead409d7f90b49f3f684b/element'
19:19:05.310 [Forwarding findElement on session 0e2759815c1ead409d7f90b49f3f684b to remote] DEBUG org.asynchttpclient.netty.request.NettyRequestSender - Using open Channel [id: 0xc32d0073, L:/127.0.0.1:56945 - R:localhost/127.0.0.1:63236] for POST '/session/0e2759815c1ead409d7f90b49f3f684b/element'
19:19:05.324 [AsyncHttpClient-1-2] DEBUG org.asynchttpclient.netty.handler.HttpHandler - 

Request DefaultHttpRequest(decodeResult: success, version: HTTP/1.1)
POST /session/0e2759815c1ead409d7f90b49f3f684b/element HTTP/1.1
User-Agent: selenium/4.1.2 (java windows)
Content-Length: 63
Content-Type: application/json; charset=utf-8
host: localhost:63236
accept: */*

Response DefaultHttpResponse(decodeResult: success, version: HTTP/1.1)
HTTP/1.1 200 OK
Content-Type: application/json; charset=utf-8
cache-control: no-cache
content-length: 88

19:19:05.325 [AsyncHttpClient-1-2] DEBUG org.asynchttpclient.netty.channel.ChannelManager - Adding key: http://localhost:63236 for channel [id: 0xc32d0073, L:/127.0.0.1:56945 - R:localhost/127.0.0.1:63236]
19:19:05.327 [Forwarding clearElement on session 0e2759815c1ead409d7f90b49f3f684b to remote] DEBUG org.asynchttpclient.netty.request.NettyRequestSender - Using pooled Channel '[id: 0xc32d0073, L:/127.0.0.1:56945 - R:localhost/127.0.0.1:63236]' for 'POST' to 'http://localhost:63236/session/0e2759815c1ead409d7f90b49f3f684b/element/74bf7429-d7db-489a-bf01-39f87bda402b/clear'
19:19:05.327 [Forwarding clearElement on session 0e2759815c1ead409d7f90b49f3f684b to remote] DEBUG org.asynchttpclient.netty.request.NettyRequestSender - Using open Channel [id: 0xc32d0073, L:/127.0.0.1:56945 - R:localhost/127.0.0.1:63236] for POST '/session/0e2759815c1ead409d7f90b49f3f684b/element/74bf7429-d7db-489a-bf01-39f87bda402b/clear'
19:19:05.366 [AsyncHttpClient-1-2] DEBUG org.asynchttpclient.netty.handler.HttpHandler - 

Request DefaultHttpRequest(decodeResult: success, version: HTTP/1.1)
POST /session/0e2759815c1ead409d7f90b49f3f684b/element/74bf7429-d7db-489a-bf01-39f87bda402b/clear HTTP/1.1
User-Agent: selenium/4.1.2 (java windows)
Content-Length: 50
Content-Type: application/json; charset=utf-8
host: localhost:63236
accept: */*

Response DefaultHttpResponse(decodeResult: success, version: HTTP/1.1)
HTTP/1.1 200 OK
Content-Type: application/json; charset=utf-8
cache-control: no-cache
content-length: 14

19:19:05.367 [AsyncHttpClient-1-2] DEBUG org.asynchttpclient.netty.channel.ChannelManager - Adding key: http://localhost:63236 for channel [id: 0xc32d0073, L:/127.0.0.1:56945 - R:localhost/127.0.0.1:63236]
19:19:05.371 [Forwarding sendKeysToElement on session 0e2759815c1ead409d7f90b49f3f684b to remote] DEBUG org.asynchttpclient.netty.request.NettyRequestSender - Using pooled Channel '[id: 0xc32d0073, L:/127.0.0.1:56945 - R:localhost/127.0.0.1:63236]' for 'POST' to 'http://localhost:63236/session/0e2759815c1ead409d7f90b49f3f684b/element/74bf7429-d7db-489a-bf01-39f87bda402b/value'
19:19:05.371 [Forwarding sendKeysToElement on session 0e2759815c1ead409d7f90b49f3f684b to remote] DEBUG org.asynchttpclient.netty.request.NettyRequestSender - Using open Channel [id: 0xc32d0073, L:/127.0.0.1:56945 - R:localhost/127.0.0.1:63236] for POST '/session/0e2759815c1ead409d7f90b49f3f684b/element/74bf7429-d7db-489a-bf01-39f87bda402b/value'
19:19:05.473 [AsyncHttpClient-1-2] DEBUG org.asynchttpclient.netty.handler.HttpHandler - 

Request DefaultHttpRequest(decodeResult: success, version: HTTP/1.1)
POST /session/0e2759815c1ead409d7f90b49f3f684b/element/74bf7429-d7db-489a-bf01-39f87bda402b/value HTTP/1.1
User-Agent: selenium/4.1.2 (java windows)
Content-Length: 181
Content-Type: application/json; charset=utf-8
host: localhost:63236
accept: */*

Response DefaultHttpResponse(decodeResult: success, version: HTTP/1.1)
HTTP/1.1 200 OK
Content-Type: application/json; charset=utf-8
cache-control: no-cache
content-length: 14

19:19:05.473 [AsyncHttpClient-1-2] DEBUG org.asynchttpclient.netty.channel.ChannelManager - Adding key: http://localhost:63236 for channel [id: 0xc32d0073, L:/127.0.0.1:56945 - R:localhost/127.0.0.1:63236]
19:19:05.484 [Forwarding screenshot on session 0e2759815c1ead409d7f90b49f3f684b to remote] DEBUG org.asynchttpclient.netty.request.NettyRequestSender - Using pooled Channel '[id: 0xc32d0073, L:/127.0.0.1:56945 - R:localhost/127.0.0.1:63236]' for 'GET' to 'http://localhost:63236/session/0e2759815c1ead409d7f90b49f3f684b/screenshot'
19:19:05.484 [Forwarding screenshot on session 0e2759815c1ead409d7f90b49f3f684b to remote] DEBUG org.asynchttpclient.netty.request.NettyRequestSender - Using open Channel [id: 0xc32d0073, L:/127.0.0.1:56945 - R:localhost/127.0.0.1:63236] for GET '/session/0e2759815c1ead409d7f90b49f3f684b/screenshot'
19:19:05.735 [AsyncHttpClient-1-2] DEBUG org.asynchttpclient.netty.handler.HttpHandler - 

Request DefaultFullHttpRequest(decodeResult: success, version: HTTP/1.1, content: EmptyByteBufBE)
GET /session/0e2759815c1ead409d7f90b49f3f684b/screenshot HTTP/1.1
User-Agent: selenium/4.1.2 (java windows)
Cache-Control: no-cache
Content-Type: application/json; charset=utf-8
host: localhost:63236
accept: */*

Response DefaultHttpResponse(decodeResult: success, version: HTTP/1.1)
HTTP/1.1 200 OK
Content-Type: application/json; charset=utf-8
cache-control: no-cache
content-length: 233392

19:19:05.738 [AsyncHttpClient-1-2] DEBUG org.asynchttpclient.netty.channel.ChannelManager - Adding key: http://localhost:63236 for channel [id: 0xc32d0073, L:/127.0.0.1:56945 - R:localhost/127.0.0.1:63236]
19:19:05.756 [main] DEBUG net.serenitybdd.core.photography.Darkroom - Send negative for processing for target\site\serenity\3ece4fd11926f08c5bf85ce6af4bed34f7e08d6061a1a81642467700e67c8d73.png
19:19:05.757 [main] DEBUG net.thucydides.core.steps.StepInterceptor - STEP DONE: inputPassword
  &amp#27;[32mAnd &amp#27;[0m&amp#27;[32mi input valid password&amp#27;[0m                                   &amp#27;[90m# starter.stepdefenitions.LoginSteps.inputValidPassword()&amp#27;[0m
19:19:05.757 [Darkroom Processing Line] DEBUG net.serenitybdd.core.photography.DarkroomProcessingLine - Processing screenshot image in /var/screenshots/screenshot-1814227813953955398
19:19:05.757 [Darkroom Processing Line] DEBUG net.serenitybdd.core.photography.DarkroomProcessingLine - Saving screenshot to target\site\serenity\3ece4fd11926f08c5bf85ce6af4bed34f7e08d6061a1a81642467700e67c8d73.png
19:19:05.784 [main] DEBUG net.thucydides.core.steps.StepInterceptor - STARTING STEP: LoginSteps.clickLoginButton - clickLoginButton
19:19:05.792 [Forwarding findElement on session 0e2759815c1ead409d7f90b49f3f684b to remote] DEBUG org.asynchttpclient.netty.request.NettyRequestSender - Using pooled Channel '[id: 0xc32d0073, L:/127.0.0.1:56945 - R:localhost/127.0.0.1:63236]' for 'POST' to 'http://localhost:63236/session/0e2759815c1ead409d7f90b49f3f684b/element'
19:19:05.792 [Forwarding findElement on session 0e2759815c1ead409d7f90b49f3f684b to remote] DEBUG org.asynchttpclient.netty.request.NettyRequestSender - Using open Channel [id: 0xc32d0073, L:/127.0.0.1:56945 - R:localhost/127.0.0.1:63236] for POST '/session/0e2759815c1ead409d7f90b49f3f684b/element'
19:19:05.801 [AsyncHttpClient-1-2] DEBUG org.asynchttpclient.netty.handler.HttpHandler - 

Request DefaultHttpRequest(decodeResult: success, version: HTTP/1.1)
POST /session/0e2759815c1ead409d7f90b49f3f684b/element HTTP/1.1
User-Agent: selenium/4.1.2 (java windows)
Content-Length: 66
Content-Type: application/json; charset=utf-8
host: localhost:63236
accept: */*

Response DefaultHttpResponse(decodeResult: success, version: HTTP/1.1)
HTTP/1.1 200 OK
Content-Type: application/json; charset=utf-8
cache-control: no-cache
content-length: 88

19:19:05.802 [AsyncHttpClient-1-2] DEBUG org.asynchttpclient.netty.channel.ChannelManager - Adding key: http://localhost:63236 for channel [id: 0xc32d0073, L:/127.0.0.1:56945 - R:localhost/127.0.0.1:63236]
19:19:05.804 [Forwarding getElementTagName on session 0e2759815c1ead409d7f90b49f3f684b to remote] DEBUG org.asynchttpclient.netty.request.NettyRequestSender - Using pooled Channel '[id: 0xc32d0073, L:/127.0.0.1:56945 - R:localhost/127.0.0.1:63236]' for 'GET' to 'http://localhost:63236/session/0e2759815c1ead409d7f90b49f3f684b/element/570f464d-4b08-473b-9774-ab5349f7ffd5/name'
19:19:05.804 [Forwarding getElementTagName on session 0e2759815c1ead409d7f90b49f3f684b to remote] DEBUG org.asynchttpclient.netty.request.NettyRequestSender - Using open Channel [id: 0xc32d0073, L:/127.0.0.1:56945 - R:localhost/127.0.0.1:63236] for GET '/session/0e2759815c1ead409d7f90b49f3f684b/element/570f464d-4b08-473b-9774-ab5349f7ffd5/name'
19:19:05.811 [AsyncHttpClient-1-2] DEBUG org.asynchttpclient.netty.handler.HttpHandler - 

Request DefaultFullHttpRequest(decodeResult: success, version: HTTP/1.1, content: EmptyByteBufBE)
GET /session/0e2759815c1ead409d7f90b49f3f684b/element/570f464d-4b08-473b-9774-ab5349f7ffd5/name HTTP/1.1
User-Agent: selenium/4.1.2 (java windows)
Cache-Control: no-cache
Content-Type: application/json; charset=utf-8
host: localhost:63236
accept: */*

Response DefaultHttpResponse(decodeResult: success, version: HTTP/1.1)
HTTP/1.1 200 OK
Content-Type: application/json; charset=utf-8
cache-control: no-cache
content-length: 18

19:19:05.811 [AsyncHttpClient-1-2] DEBUG org.asynchttpclient.netty.channel.ChannelManager - Adding key: http://localhost:63236 for channel [id: 0xc32d0073, L:/127.0.0.1:56945 - R:localhost/127.0.0.1:63236]
19:19:05.814 [Forwarding getElementTagName on session 0e2759815c1ead409d7f90b49f3f684b to remote] DEBUG org.asynchttpclient.netty.request.NettyRequestSender - Using pooled Channel '[id: 0xc32d0073, L:/127.0.0.1:56945 - R:localhost/127.0.0.1:63236]' for 'GET' to 'http://localhost:63236/session/0e2759815c1ead409d7f90b49f3f684b/element/570f464d-4b08-473b-9774-ab5349f7ffd5/name'
19:19:05.814 [Forwarding getElementTagName on session 0e2759815c1ead409d7f90b49f3f684b to remote] DEBUG org.asynchttpclient.netty.request.NettyRequestSender - Using open Channel [id: 0xc32d0073, L:/127.0.0.1:56945 - R:localhost/127.0.0.1:63236] for GET '/session/0e2759815c1ead409d7f90b49f3f684b/element/570f464d-4b08-473b-9774-ab5349f7ffd5/name'
19:19:05.819 [AsyncHttpClient-1-2] DEBUG org.asynchttpclient.netty.handler.HttpHandler - 

Request DefaultFullHttpRequest(decodeResult: success, version: HTTP/1.1, content: EmptyByteBufBE)
GET /session/0e2759815c1ead409d7f90b49f3f684b/element/570f464d-4b08-473b-9774-ab5349f7ffd5/name HTTP/1.1
User-Agent: selenium/4.1.2 (java windows)
Cache-Control: no-cache
Content-Type: application/json; charset=utf-8
host: localhost:63236
accept: */*

Response DefaultHttpResponse(decodeResult: success, version: HTTP/1.1)
HTTP/1.1 200 OK
Content-Type: application/json; charset=utf-8
cache-control: no-cache
content-length: 18

19:19:05.819 [AsyncHttpClient-1-2] DEBUG org.asynchttpclient.netty.channel.ChannelManager - Adding key: http://localhost:63236 for channel [id: 0xc32d0073, L:/127.0.0.1:56945 - R:localhost/127.0.0.1:63236]
19:19:05.827 [Forwarding isElementEnabled on session 0e2759815c1ead409d7f90b49f3f684b to remote] DEBUG org.asynchttpclient.netty.request.NettyRequestSender - Using pooled Channel '[id: 0xc32d0073, L:/127.0.0.1:56945 - R:localhost/127.0.0.1:63236]' for 'GET' to 'http://localhost:63236/session/0e2759815c1ead409d7f90b49f3f684b/element/570f464d-4b08-473b-9774-ab5349f7ffd5/enabled'
19:19:05.827 [Forwarding isElementEnabled on session 0e2759815c1ead409d7f90b49f3f684b to remote] DEBUG org.asynchttpclient.netty.request.NettyRequestSender - Using open Channel [id: 0xc32d0073, L:/127.0.0.1:56945 - R:localhost/127.0.0.1:63236] for GET '/session/0e2759815c1ead409d7f90b49f3f684b/element/570f464d-4b08-473b-9774-ab5349f7ffd5/enabled'
19:19:05.837 [AsyncHttpClient-1-2] DEBUG org.asynchttpclient.netty.handler.HttpHandler - 

Request DefaultFullHttpRequest(decodeResult: success, version: HTTP/1.1, content: EmptyByteBufBE)
GET /session/0e2759815c1ead409d7f90b49f3f684b/element/570f464d-4b08-473b-9774-ab5349f7ffd5/enabled HTTP/1.1
User-Agent: selenium/4.1.2 (java windows)
Cache-Control: no-cache
Content-Type: application/json; charset=utf-8
host: localhost:63236
accept: */*

Response DefaultHttpResponse(decodeResult: success, version: HTTP/1.1)
HTTP/1.1 200 OK
Content-Type: application/json; charset=utf-8
cache-control: no-cache
content-length: 14

19:19:05.838 [AsyncHttpClient-1-2] DEBUG org.asynchttpclient.netty.channel.ChannelManager - Adding key: http://localhost:63236 for channel [id: 0xc32d0073, L:/127.0.0.1:56945 - R:localhost/127.0.0.1:63236]
19:19:05.841 [Forwarding isElementEnabled on session 0e2759815c1ead409d7f90b49f3f684b to remote] DEBUG org.asynchttpclient.netty.request.NettyRequestSender - Using pooled Channel '[id: 0xc32d0073, L:/127.0.0.1:56945 - R:localhost/127.0.0.1:63236]' for 'GET' to 'http://localhost:63236/session/0e2759815c1ead409d7f90b49f3f684b/element/570f464d-4b08-473b-9774-ab5349f7ffd5/enabled'
19:19:05.841 [Forwarding isElementEnabled on session 0e2759815c1ead409d7f90b49f3f684b to remote] DEBUG org.asynchttpclient.netty.request.NettyRequestSender - Using open Channel [id: 0xc32d0073, L:/127.0.0.1:56945 - R:localhost/127.0.0.1:63236] for GET '/session/0e2759815c1ead409d7f90b49f3f684b/element/570f464d-4b08-473b-9774-ab5349f7ffd5/enabled'
19:19:05.851 [AsyncHttpClient-1-2] DEBUG org.asynchttpclient.netty.handler.HttpHandler - 

Request DefaultFullHttpRequest(decodeResult: success, version: HTTP/1.1, content: EmptyByteBufBE)
GET /session/0e2759815c1ead409d7f90b49f3f684b/element/570f464d-4b08-473b-9774-ab5349f7ffd5/enabled HTTP/1.1
User-Agent: selenium/4.1.2 (java windows)
Cache-Control: no-cache
Content-Type: application/json; charset=utf-8
host: localhost:63236
accept: */*

Response DefaultHttpResponse(decodeResult: success, version: HTTP/1.1)
HTTP/1.1 200 OK
Content-Type: application/json; charset=utf-8
cache-control: no-cache
content-length: 14

19:19:05.851 [AsyncHttpClient-1-2] DEBUG org.asynchttpclient.netty.channel.ChannelManager - Adding key: http://localhost:63236 for channel [id: 0xc32d0073, L:/127.0.0.1:56945 - R:localhost/127.0.0.1:63236]
19:19:05.854 [AsyncHttpClient-1-1] DEBUG org.asynchttpclient.netty.channel.DefaultChannelPool - Entry count for : http://localhost:63236 : 1
19:19:05.854 [AsyncHttpClient-1-1] DEBUG org.asynchttpclient.netty.channel.DefaultChannelPool - Entry count for : http://localhost:56946 : 1
19:19:05.856 [Forwarding findElement on session 0e2759815c1ead409d7f90b49f3f684b to remote] DEBUG org.asynchttpclient.netty.request.NettyRequestSender - Using pooled Channel '[id: 0xc32d0073, L:/127.0.0.1:56945 - R:localhost/127.0.0.1:63236]' for 'POST' to 'http://localhost:63236/session/0e2759815c1ead409d7f90b49f3f684b/element'
19:19:05.856 [Forwarding findElement on session 0e2759815c1ead409d7f90b49f3f684b to remote] DEBUG org.asynchttpclient.netty.request.NettyRequestSender - Using open Channel [id: 0xc32d0073, L:/127.0.0.1:56945 - R:localhost/127.0.0.1:63236] for POST '/session/0e2759815c1ead409d7f90b49f3f684b/element'
19:19:05.865 [AsyncHttpClient-1-2] DEBUG org.asynchttpclient.netty.handler.HttpHandler - 

Request DefaultHttpRequest(decodeResult: success, version: HTTP/1.1)
POST /session/0e2759815c1ead409d7f90b49f3f684b/element HTTP/1.1
User-Agent: selenium/4.1.2 (java windows)
Content-Length: 66
Content-Type: application/json; charset=utf-8
host: localhost:63236
accept: */*

Response DefaultHttpResponse(decodeResult: success, version: HTTP/1.1)
HTTP/1.1 200 OK
Content-Type: application/json; charset=utf-8
cache-control: no-cache
content-length: 88

19:19:05.866 [AsyncHttpClient-1-2] DEBUG org.asynchttpclient.netty.channel.ChannelManager - Adding key: http://localhost:63236 for channel [id: 0xc32d0073, L:/127.0.0.1:56945 - R:localhost/127.0.0.1:63236]
19:19:05.869 [Forwarding clickElement on session 0e2759815c1ead409d7f90b49f3f684b to remote] DEBUG org.asynchttpclient.netty.request.NettyRequestSender - Using pooled Channel '[id: 0xc32d0073, L:/127.0.0.1:56945 - R:localhost/127.0.0.1:63236]' for 'POST' to 'http://localhost:63236/session/0e2759815c1ead409d7f90b49f3f684b/element/570f464d-4b08-473b-9774-ab5349f7ffd5/click'
19:19:05.869 [Forwarding clickElement on session 0e2759815c1ead409d7f90b49f3f684b to remote] DEBUG org.asynchttpclient.netty.request.NettyRequestSender - Using open Channel [id: 0xc32d0073, L:/127.0.0.1:56945 - R:localhost/127.0.0.1:63236] for POST '/session/0e2759815c1ead409d7f90b49f3f684b/element/570f464d-4b08-473b-9774-ab5349f7ffd5/click'
19:19:05.921 [AsyncHttpClient-1-2] DEBUG org.asynchttpclient.netty.handler.HttpHandler - 

Request DefaultHttpRequest(decodeResult: success, version: HTTP/1.1)
POST /session/0e2759815c1ead409d7f90b49f3f684b/element/570f464d-4b08-473b-9774-ab5349f7ffd5/click HTTP/1.1
User-Agent: selenium/4.1.2 (java windows)
Content-Length: 50
Content-Type: application/json; charset=utf-8
host: localhost:63236
accept: */*

Response DefaultHttpResponse(decodeResult: success, version: HTTP/1.1)
HTTP/1.1 200 OK
Content-Type: application/json; charset=utf-8
cache-control: no-cache
content-length: 14

19:19:05.922 [AsyncHttpClient-1-2] DEBUG org.asynchttpclient.netty.channel.ChannelManager - Adding key: http://localhost:63236 for channel [id: 0xc32d0073, L:/127.0.0.1:56945 - R:localhost/127.0.0.1:63236]
19:19:05.932 [Forwarding screenshot on session 0e2759815c1ead409d7f90b49f3f684b to remote] DEBUG org.asynchttpclient.netty.request.NettyRequestSender - Using pooled Channel '[id: 0xc32d0073, L:/127.0.0.1:56945 - R:localhost/127.0.0.1:63236]' for 'GET' to 'http://localhost:63236/session/0e2759815c1ead409d7f90b49f3f684b/screenshot'
19:19:05.933 [Forwarding screenshot on session 0e2759815c1ead409d7f90b49f3f684b to remote] DEBUG org.asynchttpclient.netty.request.NettyRequestSender - Using open Channel [id: 0xc32d0073, L:/127.0.0.1:56945 - R:localhost/127.0.0.1:63236] for GET '/session/0e2759815c1ead409d7f90b49f3f684b/screenshot'
19:19:06.172 [AsyncHttpClient-1-2] DEBUG org.asynchttpclient.netty.handler.HttpHandler - 

Request DefaultFullHttpRequest(decodeResult: success, version: HTTP/1.1, content: EmptyByteBufBE)
GET /session/0e2759815c1ead409d7f90b49f3f684b/screenshot HTTP/1.1
User-Agent: selenium/4.1.2 (java windows)
Cache-Control: no-cache
Content-Type: application/json; charset=utf-8
host: localhost:63236
accept: */*

Response DefaultHttpResponse(decodeResult: success, version: HTTP/1.1)
HTTP/1.1 200 OK
Content-Type: application/json; charset=utf-8
cache-control: no-cache
content-length: 231088

19:19:06.174 [AsyncHttpClient-1-2] DEBUG org.asynchttpclient.netty.channel.ChannelManager - Adding key: http://localhost:63236 for channel [id: 0xc32d0073, L:/127.0.0.1:56945 - R:localhost/127.0.0.1:63236]
19:19:06.191 [main] DEBUG net.serenitybdd.core.photography.Darkroom - Send negative for processing for target\site\serenity\ad4eac8545d86ff1f21e5ed20dc4809932140e15ead7bd40df09fe1eec8267a9.png
19:19:06.192 [main] DEBUG net.thucydides.core.steps.StepInterceptor - STEP DONE: clickLoginButton
19:19:06.192 [Darkroom Processing Line] DEBUG net.serenitybdd.core.photography.DarkroomProcessingLine - Processing screenshot image in /var/screenshots/screenshot-7467040492732074270
19:19:06.192 [Darkroom Processing Line] DEBUG net.serenitybdd.core.photography.DarkroomProcessingLine - Saving screenshot to target\site\serenity\ad4eac8545d86ff1f21e5ed20dc4809932140e15ead7bd40df09fe1eec8267a9.png
  &amp#27;[32mAnd &amp#27;[0m&amp#27;[32mi click login button&amp#27;[0m                                     &amp#27;[90m# starter.stepdefenitions.LoginSteps.clickLoginButton()&amp#27;[0m
19:19:06.220 [main] DEBUG net.thucydides.core.steps.StepInterceptor - STARTING STEP: LoginSteps.successLogin - validationDialog
19:19:06.226 [Forwarding findElement on session 0e2759815c1ead409d7f90b49f3f684b to remote] DEBUG org.asynchttpclient.netty.request.NettyRequestSender - Using pooled Channel '[id: 0xc32d0073, L:/127.0.0.1:56945 - R:localhost/127.0.0.1:63236]' for 'POST' to 'http://localhost:63236/session/0e2759815c1ead409d7f90b49f3f684b/element'
19:19:06.226 [Forwarding findElement on session 0e2759815c1ead409d7f90b49f3f684b to remote] DEBUG org.asynchttpclient.netty.request.NettyRequestSender - Using open Channel [id: 0xc32d0073, L:/127.0.0.1:56945 - R:localhost/127.0.0.1:63236] for POST '/session/0e2759815c1ead409d7f90b49f3f684b/element'
19:19:06.815 [AsyncHttpClient-1-2] DEBUG org.asynchttpclient.netty.handler.HttpHandler - 

Request DefaultHttpRequest(decodeResult: success, version: HTTP/1.1)
POST /session/0e2759815c1ead409d7f90b49f3f684b/element HTTP/1.1
User-Agent: selenium/4.1.2 (java windows)
Content-Length: 68
Content-Type: application/json; charset=utf-8
host: localhost:63236
accept: */*

Response DefaultHttpResponse(decodeResult: success, version: HTTP/1.1)
HTTP/1.1 200 OK
Content-Type: application/json; charset=utf-8
cache-control: no-cache
content-length: 88

19:19:06.816 [AsyncHttpClient-1-2] DEBUG org.asynchttpclient.netty.channel.ChannelManager - Adding key: http://localhost:63236 for channel [id: 0xc32d0073, L:/127.0.0.1:56945 - R:localhost/127.0.0.1:63236]
19:19:06.830 [Forwarding isElementDisplayed on session 0e2759815c1ead409d7f90b49f3f684b to remote] DEBUG org.asynchttpclient.netty.request.NettyRequestSender - Using pooled Channel '[id: 0xc32d0073, L:/127.0.0.1:56945 - R:localhost/127.0.0.1:63236]' for 'POST' to 'http://localhost:63236/session/0e2759815c1ead409d7f90b49f3f684b/execute/sync'
19:19:06.831 [Forwarding isElementDisplayed on session 0e2759815c1ead409d7f90b49f3f684b to remote] DEBUG org.asynchttpclient.netty.request.NettyRequestSender - Using open Channel [id: 0xc32d0073, L:/127.0.0.1:56945 - R:localhost/127.0.0.1:63236] for POST '/session/0e2759815c1ead409d7f90b49f3f684b/execute/sync'
19:19:06.868 [AsyncHttpClient-1-2] DEBUG org.asynchttpclient.netty.handler.HttpHandler - 

Request DefaultHttpRequest(decodeResult: success, version: HTTP/1.1)
POST /session/0e2759815c1ead409d7f90b49f3f684b/execute/sync HTTP/1.1
User-Agent: selenium/4.1.2 (java windows)
Content-Length: 48780
Content-Type: application/json; charset=utf-8
host: localhost:63236
accept: */*

Response DefaultHttpResponse(decodeResult: success, version: HTTP/1.1)
HTTP/1.1 200 OK
Content-Type: application/json; charset=utf-8
cache-control: no-cache
content-length: 14

19:19:06.869 [AsyncHttpClient-1-2] DEBUG org.asynchttpclient.netty.channel.ChannelManager - Adding key: http://localhost:63236 for channel [id: 0xc32d0073, L:/127.0.0.1:56945 - R:localhost/127.0.0.1:63236]
19:19:06.879 [Forwarding screenshot on session 0e2759815c1ead409d7f90b49f3f684b to remote] DEBUG org.asynchttpclient.netty.request.NettyRequestSender - Using pooled Channel '[id: 0xc32d0073, L:/127.0.0.1:56945 - R:localhost/127.0.0.1:63236]' for 'GET' to 'http://localhost:63236/session/0e2759815c1ead409d7f90b49f3f684b/screenshot'
19:19:06.879 [Forwarding screenshot on session 0e2759815c1ead409d7f90b49f3f684b to remote] DEBUG org.asynchttpclient.netty.request.NettyRequestSender - Using open Channel [id: 0xc32d0073, L:/127.0.0.1:56945 - R:localhost/127.0.0.1:63236] for GET '/session/0e2759815c1ead409d7f90b49f3f684b/screenshot'
19:19:06.947 [AsyncHttpClient-1-1] DEBUG org.asynchttpclient.netty.channel.DefaultChannelPool - Entry count for : http://localhost:56946 : 1
19:19:07.081 [AsyncHttpClient-1-2] DEBUG org.asynchttpclient.netty.handler.HttpHandler - 

Request DefaultFullHttpRequest(decodeResult: success, version: HTTP/1.1, content: EmptyByteBufBE)
GET /session/0e2759815c1ead409d7f90b49f3f684b/screenshot HTTP/1.1
User-Agent: selenium/4.1.2 (java windows)
Cache-Control: no-cache
Content-Type: application/json; charset=utf-8
host: localhost:63236
accept: */*

Response DefaultHttpResponse(decodeResult: success, version: HTTP/1.1)
HTTP/1.1 200 OK
Content-Type: application/json; charset=utf-8
cache-control: no-cache
content-length: 127620

19:19:07.084 [AsyncHttpClient-1-2] DEBUG org.asynchttpclient.netty.channel.ChannelManager - Adding key: http://localhost:63236 for channel [id: 0xc32d0073, L:/127.0.0.1:56945 - R:localhost/127.0.0.1:63236]
19:19:07.097 [main] DEBUG net.serenitybdd.core.photography.Darkroom - Send negative for processing for target\site\serenity\98e387cfc4190cd0856b158b5f57219b122ac94b51a7b657baab7be5845d5a7e.png
19:19:07.097 [main] DEBUG net.thucydides.core.steps.StepInterceptor - STEP DONE: validationDialog
19:19:07.097 [Darkroom Processing Line] DEBUG net.serenitybdd.core.photography.DarkroomProcessingLine - Processing screenshot image in /var/screenshots/screenshot-6612766011401125203
19:19:07.097 [Darkroom Processing Line] DEBUG net.serenitybdd.core.photography.DarkroomProcessingLine - Saving screenshot to target\site\serenity\98e387cfc4190cd0856b158b5f57219b122ac94b51a7b657baab7be5845d5a7e.png
19:19:07.113 [main] DEBUG net.thucydides.core.steps.StepInterceptor - STARTING STEP: LoginSteps.successLogin - clickSuccessButton
19:19:07.122 [Forwarding findElement on session 0e2759815c1ead409d7f90b49f3f684b to remote] DEBUG org.asynchttpclient.netty.request.NettyRequestSender - Using pooled Channel '[id: 0xc32d0073, L:/127.0.0.1:56945 - R:localhost/127.0.0.1:63236]' for 'POST' to 'http://localhost:63236/session/0e2759815c1ead409d7f90b49f3f684b/element'
19:19:07.127 [Forwarding findElement on session 0e2759815c1ead409d7f90b49f3f684b to remote] DEBUG org.asynchttpclient.netty.request.NettyRequestSender - Using open Channel [id: 0xc32d0073, L:/127.0.0.1:56945 - R:localhost/127.0.0.1:63236] for POST '/session/0e2759815c1ead409d7f90b49f3f684b/element'
19:19:07.166 [AsyncHttpClient-1-2] DEBUG org.asynchttpclient.netty.handler.HttpHandler - 

Request DefaultHttpRequest(decodeResult: success, version: HTTP/1.1)
POST /session/0e2759815c1ead409d7f90b49f3f684b/element HTTP/1.1
User-Agent: selenium/4.1.2 (java windows)
Content-Length: 68
Content-Type: application/json; charset=utf-8
host: localhost:63236
accept: */*

Response DefaultHttpResponse(decodeResult: success, version: HTTP/1.1)
HTTP/1.1 200 OK
Content-Type: application/json; charset=utf-8
cache-control: no-cache
content-length: 88

19:19:07.166 [AsyncHttpClient-1-2] DEBUG org.asynchttpclient.netty.channel.ChannelManager - Adding key: http://localhost:63236 for channel [id: 0xc32d0073, L:/127.0.0.1:56945 - R:localhost/127.0.0.1:63236]
19:19:07.171 [Forwarding getElementTagName on session 0e2759815c1ead409d7f90b49f3f684b to remote] DEBUG org.asynchttpclient.netty.request.NettyRequestSender - Using pooled Channel '[id: 0xc32d0073, L:/127.0.0.1:56945 - R:localhost/127.0.0.1:63236]' for 'GET' to 'http://localhost:63236/session/0e2759815c1ead409d7f90b49f3f684b/element/b2b402c6-e43a-48b0-a709-a8b479b450e3/name'
19:19:07.171 [Forwarding getElementTagName on session 0e2759815c1ead409d7f90b49f3f684b to remote] DEBUG org.asynchttpclient.netty.request.NettyRequestSender - Using open Channel [id: 0xc32d0073, L:/127.0.0.1:56945 - R:localhost/127.0.0.1:63236] for GET '/session/0e2759815c1ead409d7f90b49f3f684b/element/b2b402c6-e43a-48b0-a709-a8b479b450e3/name'
19:19:07.179 [AsyncHttpClient-1-2] DEBUG org.asynchttpclient.netty.handler.HttpHandler - 

Request DefaultFullHttpRequest(decodeResult: success, version: HTTP/1.1, content: EmptyByteBufBE)
GET /session/0e2759815c1ead409d7f90b49f3f684b/element/b2b402c6-e43a-48b0-a709-a8b479b450e3/name HTTP/1.1
User-Agent: selenium/4.1.2 (java windows)
Cache-Control: no-cache
Content-Type: application/json; charset=utf-8
host: localhost:63236
accept: */*

Response DefaultHttpResponse(decodeResult: success, version: HTTP/1.1)
HTTP/1.1 200 OK
Content-Type: application/json; charset=utf-8
cache-control: no-cache
content-length: 18

19:19:07.179 [AsyncHttpClient-1-2] DEBUG org.asynchttpclient.netty.channel.ChannelManager - Adding key: http://localhost:63236 for channel [id: 0xc32d0073, L:/127.0.0.1:56945 - R:localhost/127.0.0.1:63236]
19:19:07.184 [Forwarding getElementTagName on session 0e2759815c1ead409d7f90b49f3f684b to remote] DEBUG org.asynchttpclient.netty.request.NettyRequestSender - Using pooled Channel '[id: 0xc32d0073, L:/127.0.0.1:56945 - R:localhost/127.0.0.1:63236]' for 'GET' to 'http://localhost:63236/session/0e2759815c1ead409d7f90b49f3f684b/element/b2b402c6-e43a-48b0-a709-a8b479b450e3/name'
19:19:07.185 [Forwarding getElementTagName on session 0e2759815c1ead409d7f90b49f3f684b to remote] DEBUG org.asynchttpclient.netty.request.NettyRequestSender - Using open Channel [id: 0xc32d0073, L:/127.0.0.1:56945 - R:localhost/127.0.0.1:63236] for GET '/session/0e2759815c1ead409d7f90b49f3f684b/element/b2b402c6-e43a-48b0-a709-a8b479b450e3/name'
19:19:07.192 [AsyncHttpClient-1-2] DEBUG org.asynchttpclient.netty.handler.HttpHandler - 

Request DefaultFullHttpRequest(decodeResult: success, version: HTTP/1.1, content: EmptyByteBufBE)
GET /session/0e2759815c1ead409d7f90b49f3f684b/element/b2b402c6-e43a-48b0-a709-a8b479b450e3/name HTTP/1.1
User-Agent: selenium/4.1.2 (java windows)
Cache-Control: no-cache
Content-Type: application/json; charset=utf-8
host: localhost:63236
accept: */*

Response DefaultHttpResponse(decodeResult: success, version: HTTP/1.1)
HTTP/1.1 200 OK
Content-Type: application/json; charset=utf-8
cache-control: no-cache
content-length: 18

19:19:07.192 [AsyncHttpClient-1-2] DEBUG org.asynchttpclient.netty.channel.ChannelManager - Adding key: http://localhost:63236 for channel [id: 0xc32d0073, L:/127.0.0.1:56945 - R:localhost/127.0.0.1:63236]
19:19:07.201 [Forwarding isElementEnabled on session 0e2759815c1ead409d7f90b49f3f684b to remote] DEBUG org.asynchttpclient.netty.request.NettyRequestSender - Using pooled Channel '[id: 0xc32d0073, L:/127.0.0.1:56945 - R:localhost/127.0.0.1:63236]' for 'GET' to 'http://localhost:63236/session/0e2759815c1ead409d7f90b49f3f684b/element/b2b402c6-e43a-48b0-a709-a8b479b450e3/enabled'
19:19:07.202 [Forwarding isElementEnabled on session 0e2759815c1ead409d7f90b49f3f684b to remote] DEBUG org.asynchttpclient.netty.request.NettyRequestSender - Using open Channel [id: 0xc32d0073, L:/127.0.0.1:56945 - R:localhost/127.0.0.1:63236] for GET '/session/0e2759815c1ead409d7f90b49f3f684b/element/b2b402c6-e43a-48b0-a709-a8b479b450e3/enabled'
19:19:07.220 [AsyncHttpClient-1-2] DEBUG org.asynchttpclient.netty.handler.HttpHandler - 

Request DefaultFullHttpRequest(decodeResult: success, version: HTTP/1.1, content: EmptyByteBufBE)
GET /session/0e2759815c1ead409d7f90b49f3f684b/element/b2b402c6-e43a-48b0-a709-a8b479b450e3/enabled HTTP/1.1
User-Agent: selenium/4.1.2 (java windows)
Cache-Control: no-cache
Content-Type: application/json; charset=utf-8
host: localhost:63236
accept: */*

Response DefaultHttpResponse(decodeResult: success, version: HTTP/1.1)
HTTP/1.1 200 OK
Content-Type: application/json; charset=utf-8
cache-control: no-cache
content-length: 14

19:19:07.221 [AsyncHttpClient-1-2] DEBUG org.asynchttpclient.netty.channel.ChannelManager - Adding key: http://localhost:63236 for channel [id: 0xc32d0073, L:/127.0.0.1:56945 - R:localhost/127.0.0.1:63236]
19:19:07.225 [Forwarding isElementEnabled on session 0e2759815c1ead409d7f90b49f3f684b to remote] DEBUG org.asynchttpclient.netty.request.NettyRequestSender - Using pooled Channel '[id: 0xc32d0073, L:/127.0.0.1:56945 - R:localhost/127.0.0.1:63236]' for 'GET' to 'http://localhost:63236/session/0e2759815c1ead409d7f90b49f3f684b/element/b2b402c6-e43a-48b0-a709-a8b479b450e3/enabled'
19:19:07.225 [Forwarding isElementEnabled on session 0e2759815c1ead409d7f90b49f3f684b to remote] DEBUG org.asynchttpclient.netty.request.NettyRequestSender - Using open Channel [id: 0xc32d0073, L:/127.0.0.1:56945 - R:localhost/127.0.0.1:63236] for GET '/session/0e2759815c1ead409d7f90b49f3f684b/element/b2b402c6-e43a-48b0-a709-a8b479b450e3/enabled'
19:19:07.238 [AsyncHttpClient-1-2] DEBUG org.asynchttpclient.netty.handler.HttpHandler - 

Request DefaultFullHttpRequest(decodeResult: success, version: HTTP/1.1, content: EmptyByteBufBE)
GET /session/0e2759815c1ead409d7f90b49f3f684b/element/b2b402c6-e43a-48b0-a709-a8b479b450e3/enabled HTTP/1.1
User-Agent: selenium/4.1.2 (java windows)
Cache-Control: no-cache
Content-Type: application/json; charset=utf-8
host: localhost:63236
accept: */*

Response DefaultHttpResponse(decodeResult: success, version: HTTP/1.1)
HTTP/1.1 200 OK
Content-Type: application/json; charset=utf-8
cache-control: no-cache
content-length: 14

19:19:07.238 [AsyncHttpClient-1-2] DEBUG org.asynchttpclient.netty.channel.ChannelManager - Adding key: http://localhost:63236 for channel [id: 0xc32d0073, L:/127.0.0.1:56945 - R:localhost/127.0.0.1:63236]
19:19:07.243 [Forwarding findElement on session 0e2759815c1ead409d7f90b49f3f684b to remote] DEBUG org.asynchttpclient.netty.request.NettyRequestSender - Using pooled Channel '[id: 0xc32d0073, L:/127.0.0.1:56945 - R:localhost/127.0.0.1:63236]' for 'POST' to 'http://localhost:63236/session/0e2759815c1ead409d7f90b49f3f684b/element'
19:19:07.243 [Forwarding findElement on session 0e2759815c1ead409d7f90b49f3f684b to remote] DEBUG org.asynchttpclient.netty.request.NettyRequestSender - Using open Channel [id: 0xc32d0073, L:/127.0.0.1:56945 - R:localhost/127.0.0.1:63236] for POST '/session/0e2759815c1ead409d7f90b49f3f684b/element'
19:19:07.256 [AsyncHttpClient-1-2] DEBUG org.asynchttpclient.netty.handler.HttpHandler - 

Request DefaultHttpRequest(decodeResult: success, version: HTTP/1.1)
POST /session/0e2759815c1ead409d7f90b49f3f684b/element HTTP/1.1
User-Agent: selenium/4.1.2 (java windows)
Content-Length: 68
Content-Type: application/json; charset=utf-8
host: localhost:63236
accept: */*

Response DefaultHttpResponse(decodeResult: success, version: HTTP/1.1)
HTTP/1.1 200 OK
Content-Type: application/json; charset=utf-8
cache-control: no-cache
content-length: 88

19:19:07.257 [AsyncHttpClient-1-2] DEBUG org.asynchttpclient.netty.channel.ChannelManager - Adding key: http://localhost:63236 for channel [id: 0xc32d0073, L:/127.0.0.1:56945 - R:localhost/127.0.0.1:63236]
19:19:07.260 [Forwarding clickElement on session 0e2759815c1ead409d7f90b49f3f684b to remote] DEBUG org.asynchttpclient.netty.request.NettyRequestSender - Using pooled Channel '[id: 0xc32d0073, L:/127.0.0.1:56945 - R:localhost/127.0.0.1:63236]' for 'POST' to 'http://localhost:63236/session/0e2759815c1ead409d7f90b49f3f684b/element/b2b402c6-e43a-48b0-a709-a8b479b450e3/click'
19:19:07.260 [Forwarding clickElement on session 0e2759815c1ead409d7f90b49f3f684b to remote] DEBUG org.asynchttpclient.netty.request.NettyRequestSender - Using open Channel [id: 0xc32d0073, L:/127.0.0.1:56945 - R:localhost/127.0.0.1:63236] for POST '/session/0e2759815c1ead409d7f90b49f3f684b/element/b2b402c6-e43a-48b0-a709-a8b479b450e3/click'
19:19:07.358 [AsyncHttpClient-1-2] DEBUG org.asynchttpclient.netty.handler.HttpHandler - 

Request DefaultHttpRequest(decodeResult: success, version: HTTP/1.1)
POST /session/0e2759815c1ead409d7f90b49f3f684b/element/b2b402c6-e43a-48b0-a709-a8b479b450e3/click HTTP/1.1
User-Agent: selenium/4.1.2 (java windows)
Content-Length: 50
Content-Type: application/json; charset=utf-8
host: localhost:63236
accept: */*

Response DefaultHttpResponse(decodeResult: success, version: HTTP/1.1)
HTTP/1.1 200 OK
Content-Type: application/json; charset=utf-8
cache-control: no-cache
content-length: 14

19:19:07.358 [AsyncHttpClient-1-2] DEBUG org.asynchttpclient.netty.channel.ChannelManager - Adding key: http://localhost:63236 for channel [id: 0xc32d0073, L:/127.0.0.1:56945 - R:localhost/127.0.0.1:63236]
19:19:07.412 [Forwarding screenshot on session 0e2759815c1ead409d7f90b49f3f684b to remote] DEBUG org.asynchttpclient.netty.request.NettyRequestSender - Using pooled Channel '[id: 0xc32d0073, L:/127.0.0.1:56945 - R:localhost/127.0.0.1:63236]' for 'GET' to 'http://localhost:63236/session/0e2759815c1ead409d7f90b49f3f684b/screenshot'
19:19:07.412 [Forwarding screenshot on session 0e2759815c1ead409d7f90b49f3f684b to remote] DEBUG org.asynchttpclient.netty.request.NettyRequestSender - Using open Channel [id: 0xc32d0073, L:/127.0.0.1:56945 - R:localhost/127.0.0.1:63236] for GET '/session/0e2759815c1ead409d7f90b49f3f684b/screenshot'
19:19:07.686 [AsyncHttpClient-1-2] DEBUG org.asynchttpclient.netty.handler.HttpHandler - 

Request DefaultFullHttpRequest(decodeResult: success, version: HTTP/1.1, content: EmptyByteBufBE)
GET /session/0e2759815c1ead409d7f90b49f3f684b/screenshot HTTP/1.1
User-Agent: selenium/4.1.2 (java windows)
Cache-Control: no-cache
Content-Type: application/json; charset=utf-8
host: localhost:63236
accept: */*

Response DefaultHttpResponse(decodeResult: success, version: HTTP/1.1)
HTTP/1.1 200 OK
Content-Type: application/json; charset=utf-8
cache-control: no-cache
content-length: 128464

19:19:07.689 [AsyncHttpClient-1-2] DEBUG org.asynchttpclient.netty.channel.ChannelManager - Adding key: http://localhost:63236 for channel [id: 0xc32d0073, L:/127.0.0.1:56945 - R:localhost/127.0.0.1:63236]
19:19:07.703 [main] DEBUG net.serenitybdd.core.photography.Darkroom - Send negative for processing for target\site\serenity\8929f6f06ffee8608eb1ea608e266d23a833952672b97d09295daefba238aece.png
19:19:07.703 [main] DEBUG net.thucydides.core.steps.StepInterceptor - STEP DONE: clickSuccessButton
  &amp#27;[32mThen &amp#27;[0m&amp#27;[32mi success login&amp#27;[0m                                         &amp#27;[90m# starter.stepdefenitions.LoginSteps.successLogin()&amp#27;[0m
19:19:07.704 [Darkroom Processing Line] DEBUG net.serenitybdd.core.photography.DarkroomProcessingLine - Processing screenshot image in /var/screenshots/screenshot-1821042291381187014
19:19:07.704 [Darkroom Processing Line] DEBUG net.serenitybdd.core.photography.DarkroomProcessingLine - Saving screenshot to target\site\serenity\8929f6f06ffee8608eb1ea608e266d23a833952672b97d09295daefba238aece.png
19:19:08.000 [Forwarding screenshot on session 0e2759815c1ead409d7f90b49f3f684b to remote] DEBUG org.asynchttpclient.netty.request.NettyRequestSender - Using pooled Channel '[id: 0xc32d0073, L:/127.0.0.1:56945 - R:localhost/127.0.0.1:63236]' for 'GET' to 'http://localhost:63236/session/0e2759815c1ead409d7f90b49f3f684b/screenshot'
19:19:08.000 [Forwarding screenshot on session 0e2759815c1ead409d7f90b49f3f684b to remote] DEBUG org.asynchttpclient.netty.request.NettyRequestSender - Using open Channel [id: 0xc32d0073, L:/127.0.0.1:56945 - R:localhost/127.0.0.1:63236] for GET '/session/0e2759815c1ead409d7f90b49f3f684b/screenshot'
19:19:08.051 [AsyncHttpClient-1-1] DEBUG org.asynchttpclient.netty.channel.DefaultChannelPool - Entry count for : http://localhost:56946 : 1
19:19:08.173 [AsyncHttpClient-1-2] DEBUG org.asynchttpclient.netty.handler.HttpHandler - 

Request DefaultFullHttpRequest(decodeResult: success, version: HTTP/1.1, content: EmptyByteBufBE)
GET /session/0e2759815c1ead409d7f90b49f3f684b/screenshot HTTP/1.1
User-Agent: selenium/4.1.2 (java windows)
Cache-Control: no-cache
Content-Type: application/json; charset=utf-8
host: localhost:63236
accept: */*

Response DefaultHttpResponse(decodeResult: success, version: HTTP/1.1)
HTTP/1.1 200 OK
Content-Type: application/json; charset=utf-8
cache-control: no-cache
content-length: 130572

19:19:08.174 [AsyncHttpClient-1-2] DEBUG org.asynchttpclient.netty.channel.ChannelManager - Adding key: http://localhost:63236 for channel [id: 0xc32d0073, L:/127.0.0.1:56945 - R:localhost/127.0.0.1:63236]
19:19:08.182 [main] DEBUG net.serenitybdd.core.photography.Darkroom - Send negative for processing for target\site\serenity\9e5a1ca90ea524529df7864e5e1105ee471559f293b3e7f7c5d11f246b9a9850.png
19:19:08.183 [Darkroom Processing Line] DEBUG net.serenitybdd.core.photography.DarkroomProcessingLine - Processing screenshot image in /var/screenshots/screenshot-2505131185211924999
19:19:08.183 [Darkroom Processing Line] DEBUG net.serenitybdd.core.photography.DarkroomProcessingLine - Saving screenshot to target\site\serenity\9e5a1ca90ea524529df7864e5e1105ee471559f293b3e7f7c5d11f246b9a9850.png
19:19:08.183 [main] DEBUG net.thucydides.core.steps.StepInterceptor - STARTING STEP: ComplexSteps.adminOnTheHomePage - validationOnHomepage
19:19:08.187 [Forwarding findElement on session 0e2759815c1ead409d7f90b49f3f684b to remote] DEBUG org.asynchttpclient.netty.request.NettyRequestSender - Using pooled Channel '[id: 0xc32d0073, L:/127.0.0.1:56945 - R:localhost/127.0.0.1:63236]' for 'POST' to 'http://localhost:63236/session/0e2759815c1ead409d7f90b49f3f684b/element'
19:19:08.187 [Forwarding findElement on session 0e2759815c1ead409d7f90b49f3f684b to remote] DEBUG org.asynchttpclient.netty.request.NettyRequestSender - Using open Channel [id: 0xc32d0073, L:/127.0.0.1:56945 - R:localhost/127.0.0.1:63236] for POST '/session/0e2759815c1ead409d7f90b49f3f684b/element'
19:19:08.201 [AsyncHttpClient-1-2] DEBUG org.asynchttpclient.netty.handler.HttpHandler - 

Request DefaultHttpRequest(decodeResult: success, version: HTTP/1.1)
POST /session/0e2759815c1ead409d7f90b49f3f684b/element HTTP/1.1
User-Agent: selenium/4.1.2 (java windows)
Content-Length: 70
Content-Type: application/json; charset=utf-8
host: localhost:63236
accept: */*

Response DefaultHttpResponse(decodeResult: success, version: HTTP/1.1)
HTTP/1.1 200 OK
Content-Type: application/json; charset=utf-8
cache-control: no-cache
content-length: 88

19:19:08.202 [AsyncHttpClient-1-2] DEBUG org.asynchttpclient.netty.channel.ChannelManager - Adding key: http://localhost:63236 for channel [id: 0xc32d0073, L:/127.0.0.1:56945 - R:localhost/127.0.0.1:63236]
19:19:08.210 [Forwarding isElementDisplayed on session 0e2759815c1ead409d7f90b49f3f684b to remote] DEBUG org.asynchttpclient.netty.request.NettyRequestSender - Using pooled Channel '[id: 0xc32d0073, L:/127.0.0.1:56945 - R:localhost/127.0.0.1:63236]' for 'POST' to 'http://localhost:63236/session/0e2759815c1ead409d7f90b49f3f684b/execute/sync'
19:19:08.210 [Forwarding isElementDisplayed on session 0e2759815c1ead409d7f90b49f3f684b to remote] DEBUG org.asynchttpclient.netty.request.NettyRequestSender - Using open Channel [id: 0xc32d0073, L:/127.0.0.1:56945 - R:localhost/127.0.0.1:63236] for POST '/session/0e2759815c1ead409d7f90b49f3f684b/execute/sync'
19:19:08.225 [AsyncHttpClient-1-2] DEBUG org.asynchttpclient.netty.handler.HttpHandler - 

Request DefaultHttpRequest(decodeResult: success, version: HTTP/1.1)
POST /session/0e2759815c1ead409d7f90b49f3f684b/execute/sync HTTP/1.1
User-Agent: selenium/4.1.2 (java windows)
Content-Length: 48780
Content-Type: application/json; charset=utf-8
host: localhost:63236
accept: */*

Response DefaultHttpResponse(decodeResult: success, version: HTTP/1.1)
HTTP/1.1 200 OK
Content-Type: application/json; charset=utf-8
cache-control: no-cache
content-length: 14

19:19:08.226 [AsyncHttpClient-1-2] DEBUG org.asynchttpclient.netty.channel.ChannelManager - Adding key: http://localhost:63236 for channel [id: 0xc32d0073, L:/127.0.0.1:56945 - R:localhost/127.0.0.1:63236]
19:19:08.235 [Forwarding screenshot on session 0e2759815c1ead409d7f90b49f3f684b to remote] DEBUG org.asynchttpclient.netty.request.NettyRequestSender - Using pooled Channel '[id: 0xc32d0073, L:/127.0.0.1:56945 - R:localhost/127.0.0.1:63236]' for 'GET' to 'http://localhost:63236/session/0e2759815c1ead409d7f90b49f3f684b/screenshot'
19:19:08.235 [Forwarding screenshot on session 0e2759815c1ead409d7f90b49f3f684b to remote] DEBUG org.asynchttpclient.netty.request.NettyRequestSender - Using open Channel [id: 0xc32d0073, L:/127.0.0.1:56945 - R:localhost/127.0.0.1:63236] for GET '/session/0e2759815c1ead409d7f90b49f3f684b/screenshot'
19:19:08.394 [AsyncHttpClient-1-2] DEBUG org.asynchttpclient.netty.handler.HttpHandler - 

Request DefaultFullHttpRequest(decodeResult: success, version: HTTP/1.1, content: EmptyByteBufBE)
GET /session/0e2759815c1ead409d7f90b49f3f684b/screenshot HTTP/1.1
User-Agent: selenium/4.1.2 (java windows)
Cache-Control: no-cache
Content-Type: application/json; charset=utf-8
host: localhost:63236
accept: */*

Response DefaultHttpResponse(decodeResult: success, version: HTTP/1.1)
HTTP/1.1 200 OK
Content-Type: application/json; charset=utf-8
cache-control: no-cache
content-length: 130572

19:19:08.395 [AsyncHttpClient-1-2] DEBUG org.asynchttpclient.netty.channel.ChannelManager - Adding key: http://localhost:63236 for channel [id: 0xc32d0073, L:/127.0.0.1:56945 - R:localhost/127.0.0.1:63236]
19:19:08.403 [main] DEBUG net.serenitybdd.core.photography.Darkroom - Send negative for processing for target\site\serenity\9e5a1ca90ea524529df7864e5e1105ee471559f293b3e7f7c5d11f246b9a9850.png
19:19:08.403 [main] DEBUG net.thucydides.core.steps.StepInterceptor - STEP DONE: validationOnHomepage
  &amp#27;[32mGiven &amp#27;[0m&amp#27;[32madmin on the home page&amp#27;[0m                                 &amp#27;[90m# starter.stepdefenitions.ComplexSteps.adminOnTheHomePage()&amp#27;[0m
19:19:08.594 [Forwarding screenshot on session 0e2759815c1ead409d7f90b49f3f684b to remote] DEBUG org.asynchttpclient.netty.request.NettyRequestSender - Using pooled Channel '[id: 0xc32d0073, L:/127.0.0.1:56945 - R:localhost/127.0.0.1:63236]' for 'GET' to 'http://localhost:63236/session/0e2759815c1ead409d7f90b49f3f684b/screenshot'
19:19:08.594 [Forwarding screenshot on session 0e2759815c1ead409d7f90b49f3f684b to remote] DEBUG org.asynchttpclient.netty.request.NettyRequestSender - Using open Channel [id: 0xc32d0073, L:/127.0.0.1:56945 - R:localhost/127.0.0.1:63236] for GET '/session/0e2759815c1ead409d7f90b49f3f684b/screenshot'
19:19:08.763 [AsyncHttpClient-1-2] DEBUG org.asynchttpclient.netty.handler.HttpHandler - 

Request DefaultFullHttpRequest(decodeResult: success, version: HTTP/1.1, content: EmptyByteBufBE)
GET /session/0e2759815c1ead409d7f90b49f3f684b/screenshot HTTP/1.1
User-Agent: selenium/4.1.2 (java windows)
Cache-Control: no-cache
Content-Type: application/json; charset=utf-8
host: localhost:63236
accept: */*

Response DefaultHttpResponse(decodeResult: success, version: HTTP/1.1)
HTTP/1.1 200 OK
Content-Type: application/json; charset=utf-8
cache-control: no-cache
content-length: 130572

19:19:08.764 [AsyncHttpClient-1-2] DEBUG org.asynchttpclient.netty.channel.ChannelManager - Adding key: http://localhost:63236 for channel [id: 0xc32d0073, L:/127.0.0.1:56945 - R:localhost/127.0.0.1:63236]
19:19:08.774 [main] DEBUG net.serenitybdd.core.photography.Darkroom - Send negative for processing for target\site\serenity\9e5a1ca90ea524529df7864e5e1105ee471559f293b3e7f7c5d11f246b9a9850.png
19:19:08.775 [main] DEBUG net.thucydides.core.steps.StepInterceptor - STARTING STEP: BuildingSteps.iClickBuildingOnHomePage - toBuildingPage
19:19:08.781 [Forwarding findElement on session 0e2759815c1ead409d7f90b49f3f684b to remote] DEBUG org.asynchttpclient.netty.request.NettyRequestSender - Using pooled Channel '[id: 0xc32d0073, L:/127.0.0.1:56945 - R:localhost/127.0.0.1:63236]' for 'POST' to 'http://localhost:63236/session/0e2759815c1ead409d7f90b49f3f684b/element'
19:19:08.781 [Forwarding findElement on session 0e2759815c1ead409d7f90b49f3f684b to remote] DEBUG org.asynchttpclient.netty.request.NettyRequestSender - Using open Channel [id: 0xc32d0073, L:/127.0.0.1:56945 - R:localhost/127.0.0.1:63236] for POST '/session/0e2759815c1ead409d7f90b49f3f684b/element'
19:19:08.796 [AsyncHttpClient-1-2] DEBUG org.asynchttpclient.netty.handler.HttpHandler - 

Request DefaultHttpRequest(decodeResult: success, version: HTTP/1.1)
POST /session/0e2759815c1ead409d7f90b49f3f684b/element HTTP/1.1
User-Agent: selenium/4.1.2 (java windows)
Content-Length: 74
Content-Type: application/json; charset=utf-8
host: localhost:63236
accept: */*

Response DefaultHttpResponse(decodeResult: success, version: HTTP/1.1)
HTTP/1.1 200 OK
Content-Type: application/json; charset=utf-8
cache-control: no-cache
content-length: 88

19:19:08.796 [AsyncHttpClient-1-2] DEBUG org.asynchttpclient.netty.channel.ChannelManager - Adding key: http://localhost:63236 for channel [id: 0xc32d0073, L:/127.0.0.1:56945 - R:localhost/127.0.0.1:63236]
19:19:08.799 [Forwarding getElementTagName on session 0e2759815c1ead409d7f90b49f3f684b to remote] DEBUG org.asynchttpclient.netty.request.NettyRequestSender - Using pooled Channel '[id: 0xc32d0073, L:/127.0.0.1:56945 - R:localhost/127.0.0.1:63236]' for 'GET' to 'http://localhost:63236/session/0e2759815c1ead409d7f90b49f3f684b/element/7509b2a6-ae0d-40da-90f8-152761f12862/name'
19:19:08.799 [Forwarding getElementTagName on session 0e2759815c1ead409d7f90b49f3f684b to remote] DEBUG org.asynchttpclient.netty.request.NettyRequestSender - Using open Channel [id: 0xc32d0073, L:/127.0.0.1:56945 - R:localhost/127.0.0.1:63236] for GET '/session/0e2759815c1ead409d7f90b49f3f684b/element/7509b2a6-ae0d-40da-90f8-152761f12862/name'
19:19:08.804 [AsyncHttpClient-1-2] DEBUG org.asynchttpclient.netty.handler.HttpHandler - 

Request DefaultFullHttpRequest(decodeResult: success, version: HTTP/1.1, content: EmptyByteBufBE)
GET /session/0e2759815c1ead409d7f90b49f3f684b/element/7509b2a6-ae0d-40da-90f8-152761f12862/name HTTP/1.1
User-Agent: selenium/4.1.2 (java windows)
Cache-Control: no-cache
Content-Type: application/json; charset=utf-8
host: localhost:63236
accept: */*

Response DefaultHttpResponse(decodeResult: success, version: HTTP/1.1)
HTTP/1.1 200 OK
Content-Type: application/json; charset=utf-8
cache-control: no-cache
content-length: 13

19:19:08.805 [AsyncHttpClient-1-2] DEBUG org.asynchttpclient.netty.channel.ChannelManager - Adding key: http://localhost:63236 for channel [id: 0xc32d0073, L:/127.0.0.1:56945 - R:localhost/127.0.0.1:63236]
19:19:08.807 [Forwarding getElementTagName on session 0e2759815c1ead409d7f90b49f3f684b to remote] DEBUG org.asynchttpclient.netty.request.NettyRequestSender - Using pooled Channel '[id: 0xc32d0073, L:/127.0.0.1:56945 - R:localhost/127.0.0.1:63236]' for 'GET' to 'http://localhost:63236/session/0e2759815c1ead409d7f90b49f3f684b/element/7509b2a6-ae0d-40da-90f8-152761f12862/name'
19:19:08.808 [Forwarding getElementTagName on session 0e2759815c1ead409d7f90b49f3f684b to remote] DEBUG org.asynchttpclient.netty.request.NettyRequestSender - Using open Channel [id: 0xc32d0073, L:/127.0.0.1:56945 - R:localhost/127.0.0.1:63236] for GET '/session/0e2759815c1ead409d7f90b49f3f684b/element/7509b2a6-ae0d-40da-90f8-152761f12862/name'
19:19:08.812 [AsyncHttpClient-1-2] DEBUG org.asynchttpclient.netty.handler.HttpHandler - 

Request DefaultFullHttpRequest(decodeResult: success, version: HTTP/1.1, content: EmptyByteBufBE)
GET /session/0e2759815c1ead409d7f90b49f3f684b/element/7509b2a6-ae0d-40da-90f8-152761f12862/name HTTP/1.1
User-Agent: selenium/4.1.2 (java windows)
Cache-Control: no-cache
Content-Type: application/json; charset=utf-8
host: localhost:63236
accept: */*

Response DefaultHttpResponse(decodeResult: success, version: HTTP/1.1)
HTTP/1.1 200 OK
Content-Type: application/json; charset=utf-8
cache-control: no-cache
content-length: 13

19:19:08.812 [AsyncHttpClient-1-2] DEBUG org.asynchttpclient.netty.channel.ChannelManager - Adding key: http://localhost:63236 for channel [id: 0xc32d0073, L:/127.0.0.1:56945 - R:localhost/127.0.0.1:63236]
19:19:08.815 [Forwarding findElement on session 0e2759815c1ead409d7f90b49f3f684b to remote] DEBUG org.asynchttpclient.netty.request.NettyRequestSender - Using pooled Channel '[id: 0xc32d0073, L:/127.0.0.1:56945 - R:localhost/127.0.0.1:63236]' for 'POST' to 'http://localhost:63236/session/0e2759815c1ead409d7f90b49f3f684b/element'
19:19:08.815 [Forwarding findElement on session 0e2759815c1ead409d7f90b49f3f684b to remote] DEBUG org.asynchttpclient.netty.request.NettyRequestSender - Using open Channel [id: 0xc32d0073, L:/127.0.0.1:56945 - R:localhost/127.0.0.1:63236] for POST '/session/0e2759815c1ead409d7f90b49f3f684b/element'
19:19:08.824 [AsyncHttpClient-1-2] DEBUG org.asynchttpclient.netty.handler.HttpHandler - 

Request DefaultHttpRequest(decodeResult: success, version: HTTP/1.1)
POST /session/0e2759815c1ead409d7f90b49f3f684b/element HTTP/1.1
User-Agent: selenium/4.1.2 (java windows)
Content-Length: 74
Content-Type: application/json; charset=utf-8
host: localhost:63236
accept: */*

Response DefaultHttpResponse(decodeResult: success, version: HTTP/1.1)
HTTP/1.1 200 OK
Content-Type: application/json; charset=utf-8
cache-control: no-cache
content-length: 88

19:19:08.824 [AsyncHttpClient-1-2] DEBUG org.asynchttpclient.netty.channel.ChannelManager - Adding key: http://localhost:63236 for channel [id: 0xc32d0073, L:/127.0.0.1:56945 - R:localhost/127.0.0.1:63236]
19:19:08.826 [Forwarding clickElement on session 0e2759815c1ead409d7f90b49f3f684b to remote] DEBUG org.asynchttpclient.netty.request.NettyRequestSender - Using pooled Channel '[id: 0xc32d0073, L:/127.0.0.1:56945 - R:localhost/127.0.0.1:63236]' for 'POST' to 'http://localhost:63236/session/0e2759815c1ead409d7f90b49f3f684b/element/7509b2a6-ae0d-40da-90f8-152761f12862/click'
19:19:08.826 [Forwarding clickElement on session 0e2759815c1ead409d7f90b49f3f684b to remote] DEBUG org.asynchttpclient.netty.request.NettyRequestSender - Using open Channel [id: 0xc32d0073, L:/127.0.0.1:56945 - R:localhost/127.0.0.1:63236] for POST '/session/0e2759815c1ead409d7f90b49f3f684b/element/7509b2a6-ae0d-40da-90f8-152761f12862/click'
19:19:08.906 [AsyncHttpClient-1-2] DEBUG org.asynchttpclient.netty.handler.HttpHandler - 

Request DefaultHttpRequest(decodeResult: success, version: HTTP/1.1)
POST /session/0e2759815c1ead409d7f90b49f3f684b/element/7509b2a6-ae0d-40da-90f8-152761f12862/click HTTP/1.1
User-Agent: selenium/4.1.2 (java windows)
Content-Length: 50
Content-Type: application/json; charset=utf-8
host: localhost:63236
accept: */*

Response DefaultHttpResponse(decodeResult: success, version: HTTP/1.1)
HTTP/1.1 200 OK
Content-Type: application/json; charset=utf-8
cache-control: no-cache
content-length: 14

19:19:08.906 [AsyncHttpClient-1-2] DEBUG org.asynchttpclient.netty.channel.ChannelManager - Adding key: http://localhost:63236 for channel [id: 0xc32d0073, L:/127.0.0.1:56945 - R:localhost/127.0.0.1:63236]
19:19:08.922 [Forwarding screenshot on session 0e2759815c1ead409d7f90b49f3f684b to remote] DEBUG org.asynchttpclient.netty.request.NettyRequestSender - Using pooled Channel '[id: 0xc32d0073, L:/127.0.0.1:56945 - R:localhost/127.0.0.1:63236]' for 'GET' to 'http://localhost:63236/session/0e2759815c1ead409d7f90b49f3f684b/screenshot'
19:19:08.922 [Forwarding screenshot on session 0e2759815c1ead409d7f90b49f3f684b to remote] DEBUG org.asynchttpclient.netty.request.NettyRequestSender - Using open Channel [id: 0xc32d0073, L:/127.0.0.1:56945 - R:localhost/127.0.0.1:63236] for GET '/session/0e2759815c1ead409d7f90b49f3f684b/screenshot'
19:19:09.097 [AsyncHttpClient-1-2] DEBUG org.asynchttpclient.netty.handler.HttpHandler - 

Request DefaultFullHttpRequest(decodeResult: success, version: HTTP/1.1, content: EmptyByteBufBE)
GET /session/0e2759815c1ead409d7f90b49f3f684b/screenshot HTTP/1.1
User-Agent: selenium/4.1.2 (java windows)
Cache-Control: no-cache
Content-Type: application/json; charset=utf-8
host: localhost:63236
accept: */*

Response DefaultHttpResponse(decodeResult: success, version: HTTP/1.1)
HTTP/1.1 200 OK
Content-Type: application/json; charset=utf-8
cache-control: no-cache
content-length: 50168

19:19:09.098 [AsyncHttpClient-1-2] DEBUG org.asynchttpclient.netty.channel.ChannelManager - Adding key: http://localhost:63236 for channel [id: 0xc32d0073, L:/127.0.0.1:56945 - R:localhost/127.0.0.1:63236]
19:19:09.103 [main] DEBUG net.serenitybdd.core.photography.Darkroom - Send negative for processing for target\site\serenity\7cbb56aab3bc1b8bf05293fb5af6c741d33c43fee1439efbee28613580220948.png
19:19:09.104 [main] DEBUG net.thucydides.core.steps.StepInterceptor - STEP DONE: toBuildingPage
19:19:09.104 [Darkroom Processing Line] DEBUG net.serenitybdd.core.photography.DarkroomProcessingLine - Processing screenshot image in /var/screenshots/screenshot-3435089042654290064
  &amp#27;[32mWhen &amp#27;[0m&amp#27;[32mI click building on home page&amp#27;[0m                           &amp#27;[90m# starter.stepdefenitions.BuildingSteps.iClickBuildingOnHomePage()&amp#27;[0m
19:19:09.104 [Darkroom Processing Line] DEBUG net.serenitybdd.core.photography.DarkroomProcessingLine - Saving screenshot to target\site\serenity\7cbb56aab3bc1b8bf05293fb5af6c741d33c43fee1439efbee28613580220948.png
19:19:09.125 [main] DEBUG net.thucydides.core.steps.StepInterceptor - STARTING STEP: BuildingSteps.adminClickCreateNewBuilding - clickCreateBuilding
19:19:09.132 [Forwarding findElement on session 0e2759815c1ead409d7f90b49f3f684b to remote] DEBUG org.asynchttpclient.netty.request.NettyRequestSender - Using pooled Channel '[id: 0xc32d0073, L:/127.0.0.1:56945 - R:localhost/127.0.0.1:63236]' for 'POST' to 'http://localhost:63236/session/0e2759815c1ead409d7f90b49f3f684b/element'
19:19:09.133 [Forwarding findElement on session 0e2759815c1ead409d7f90b49f3f684b to remote] DEBUG org.asynchttpclient.netty.request.NettyRequestSender - Using open Channel [id: 0xc32d0073, L:/127.0.0.1:56945 - R:localhost/127.0.0.1:63236] for POST '/session/0e2759815c1ead409d7f90b49f3f684b/element'
19:19:09.147 [AsyncHttpClient-1-1] DEBUG org.asynchttpclient.netty.channel.DefaultChannelPool - Entry count for : http://localhost:56946 : 1
19:19:09.150 [AsyncHttpClient-1-2] DEBUG org.asynchttpclient.netty.handler.HttpHandler - 

Request DefaultHttpRequest(decodeResult: success, version: HTTP/1.1)
POST /session/0e2759815c1ead409d7f90b49f3f684b/element HTTP/1.1
User-Agent: selenium/4.1.2 (java windows)
Content-Length: 92
Content-Type: application/json; charset=utf-8
host: localhost:63236
accept: */*

Response DefaultHttpResponse(decodeResult: success, version: HTTP/1.1)
HTTP/1.1 200 OK
Content-Type: application/json; charset=utf-8
cache-control: no-cache
content-length: 88

19:19:09.150 [AsyncHttpClient-1-2] DEBUG org.asynchttpclient.netty.channel.ChannelManager - Adding key: http://localhost:63236 for channel [id: 0xc32d0073, L:/127.0.0.1:56945 - R:localhost/127.0.0.1:63236]
19:19:09.153 [Forwarding getElementTagName on session 0e2759815c1ead409d7f90b49f3f684b to remote] DEBUG org.asynchttpclient.netty.request.NettyRequestSender - Using pooled Channel '[id: 0xc32d0073, L:/127.0.0.1:56945 - R:localhost/127.0.0.1:63236]' for 'GET' to 'http://localhost:63236/session/0e2759815c1ead409d7f90b49f3f684b/element/a6699b01-4c65-4230-9eae-1bb375b3ec21/name'
19:19:09.153 [Forwarding getElementTagName on session 0e2759815c1ead409d7f90b49f3f684b to remote] DEBUG org.asynchttpclient.netty.request.NettyRequestSender - Using open Channel [id: 0xc32d0073, L:/127.0.0.1:56945 - R:localhost/127.0.0.1:63236] for GET '/session/0e2759815c1ead409d7f90b49f3f684b/element/a6699b01-4c65-4230-9eae-1bb375b3ec21/name'
19:19:09.160 [AsyncHttpClient-1-2] DEBUG org.asynchttpclient.netty.handler.HttpHandler - 

Request DefaultFullHttpRequest(decodeResult: success, version: HTTP/1.1, content: EmptyByteBufBE)
GET /session/0e2759815c1ead409d7f90b49f3f684b/element/a6699b01-4c65-4230-9eae-1bb375b3ec21/name HTTP/1.1
User-Agent: selenium/4.1.2 (java windows)
Cache-Control: no-cache
Content-Type: application/json; charset=utf-8
host: localhost:63236
accept: */*

Response DefaultHttpResponse(decodeResult: success, version: HTTP/1.1)
HTTP/1.1 200 OK
Content-Type: application/json; charset=utf-8
cache-control: no-cache
content-length: 18

19:19:09.160 [AsyncHttpClient-1-2] DEBUG org.asynchttpclient.netty.channel.ChannelManager - Adding key: http://localhost:63236 for channel [id: 0xc32d0073, L:/127.0.0.1:56945 - R:localhost/127.0.0.1:63236]
19:19:09.162 [Forwarding getElementTagName on session 0e2759815c1ead409d7f90b49f3f684b to remote] DEBUG org.asynchttpclient.netty.request.NettyRequestSender - Using pooled Channel '[id: 0xc32d0073, L:/127.0.0.1:56945 - R:localhost/127.0.0.1:63236]' for 'GET' to 'http://localhost:63236/session/0e2759815c1ead409d7f90b49f3f684b/element/a6699b01-4c65-4230-9eae-1bb375b3ec21/name'
19:19:09.163 [Forwarding getElementTagName on session 0e2759815c1ead409d7f90b49f3f684b to remote] DEBUG org.asynchttpclient.netty.request.NettyRequestSender - Using open Channel [id: 0xc32d0073, L:/127.0.0.1:56945 - R:localhost/127.0.0.1:63236] for GET '/session/0e2759815c1ead409d7f90b49f3f684b/element/a6699b01-4c65-4230-9eae-1bb375b3ec21/name'
19:19:09.167 [AsyncHttpClient-1-2] DEBUG org.asynchttpclient.netty.handler.HttpHandler - 

Request DefaultFullHttpRequest(decodeResult: success, version: HTTP/1.1, content: EmptyByteBufBE)
GET /session/0e2759815c1ead409d7f90b49f3f684b/element/a6699b01-4c65-4230-9eae-1bb375b3ec21/name HTTP/1.1
User-Agent: selenium/4.1.2 (java windows)
Cache-Control: no-cache
Content-Type: application/json; charset=utf-8
host: localhost:63236
accept: */*

Response DefaultHttpResponse(decodeResult: success, version: HTTP/1.1)
HTTP/1.1 200 OK
Content-Type: application/json; charset=utf-8
cache-control: no-cache
content-length: 18

19:19:09.167 [AsyncHttpClient-1-2] DEBUG org.asynchttpclient.netty.channel.ChannelManager - Adding key: http://localhost:63236 for channel [id: 0xc32d0073, L:/127.0.0.1:56945 - R:localhost/127.0.0.1:63236]
19:19:09.171 [Forwarding isElementEnabled on session 0e2759815c1ead409d7f90b49f3f684b to remote] DEBUG org.asynchttpclient.netty.request.NettyRequestSender - Using pooled Channel '[id: 0xc32d0073, L:/127.0.0.1:56945 - R:localhost/127.0.0.1:63236]' for 'GET' to 'http://localhost:63236/session/0e2759815c1ead409d7f90b49f3f684b/element/a6699b01-4c65-4230-9eae-1bb375b3ec21/enabled'
19:19:09.171 [Forwarding isElementEnabled on session 0e2759815c1ead409d7f90b49f3f684b to remote] DEBUG org.asynchttpclient.netty.request.NettyRequestSender - Using open Channel [id: 0xc32d0073, L:/127.0.0.1:56945 - R:localhost/127.0.0.1:63236] for GET '/session/0e2759815c1ead409d7f90b49f3f684b/element/a6699b01-4c65-4230-9eae-1bb375b3ec21/enabled'
19:19:09.182 [AsyncHttpClient-1-2] DEBUG org.asynchttpclient.netty.handler.HttpHandler - 

Request DefaultFullHttpRequest(decodeResult: success, version: HTTP/1.1, content: EmptyByteBufBE)
GET /session/0e2759815c1ead409d7f90b49f3f684b/element/a6699b01-4c65-4230-9eae-1bb375b3ec21/enabled HTTP/1.1
User-Agent: selenium/4.1.2 (java windows)
Cache-Control: no-cache
Content-Type: application/json; charset=utf-8
host: localhost:63236
accept: */*

Response DefaultHttpResponse(decodeResult: success, version: HTTP/1.1)
HTTP/1.1 200 OK
Content-Type: application/json; charset=utf-8
cache-control: no-cache
content-length: 14

19:19:09.182 [AsyncHttpClient-1-2] DEBUG org.asynchttpclient.netty.channel.ChannelManager - Adding key: http://localhost:63236 for channel [id: 0xc32d0073, L:/127.0.0.1:56945 - R:localhost/127.0.0.1:63236]
19:19:09.184 [Forwarding isElementEnabled on session 0e2759815c1ead409d7f90b49f3f684b to remote] DEBUG org.asynchttpclient.netty.request.NettyRequestSender - Using pooled Channel '[id: 0xc32d0073, L:/127.0.0.1:56945 - R:localhost/127.0.0.1:63236]' for 'GET' to 'http://localhost:63236/session/0e2759815c1ead409d7f90b49f3f684b/element/a6699b01-4c65-4230-9eae-1bb375b3ec21/enabled'
19:19:09.185 [Forwarding isElementEnabled on session 0e2759815c1ead409d7f90b49f3f684b to remote] DEBUG org.asynchttpclient.netty.request.NettyRequestSender - Using open Channel [id: 0xc32d0073, L:/127.0.0.1:56945 - R:localhost/127.0.0.1:63236] for GET '/session/0e2759815c1ead409d7f90b49f3f684b/element/a6699b01-4c65-4230-9eae-1bb375b3ec21/enabled'
19:19:09.204 [AsyncHttpClient-1-2] DEBUG org.asynchttpclient.netty.handler.HttpHandler - 

Request DefaultFullHttpRequest(decodeResult: success, version: HTTP/1.1, content: EmptyByteBufBE)
GET /session/0e2759815c1ead409d7f90b49f3f684b/element/a6699b01-4c65-4230-9eae-1bb375b3ec21/enabled HTTP/1.1
User-Agent: selenium/4.1.2 (java windows)
Cache-Control: no-cache
Content-Type: application/json; charset=utf-8
host: localhost:63236
accept: */*

Response DefaultHttpResponse(decodeResult: success, version: HTTP/1.1)
HTTP/1.1 200 OK
Content-Type: application/json; charset=utf-8
cache-control: no-cache
content-length: 14

19:19:09.204 [AsyncHttpClient-1-2] DEBUG org.asynchttpclient.netty.channel.ChannelManager - Adding key: http://localhost:63236 for channel [id: 0xc32d0073, L:/127.0.0.1:56945 - R:localhost/127.0.0.1:63236]
19:19:09.209 [Forwarding findElement on session 0e2759815c1ead409d7f90b49f3f684b to remote] DEBUG org.asynchttpclient.netty.request.NettyRequestSender - Using pooled Channel '[id: 0xc32d0073, L:/127.0.0.1:56945 - R:localhost/127.0.0.1:63236]' for 'POST' to 'http://localhost:63236/session/0e2759815c1ead409d7f90b49f3f684b/element'
19:19:09.209 [Forwarding findElement on session 0e2759815c1ead409d7f90b49f3f684b to remote] DEBUG org.asynchttpclient.netty.request.NettyRequestSender - Using open Channel [id: 0xc32d0073, L:/127.0.0.1:56945 - R:localhost/127.0.0.1:63236] for POST '/session/0e2759815c1ead409d7f90b49f3f684b/element'
19:19:09.223 [AsyncHttpClient-1-2] DEBUG org.asynchttpclient.netty.handler.HttpHandler - 

Request DefaultHttpRequest(decodeResult: success, version: HTTP/1.1)
POST /session/0e2759815c1ead409d7f90b49f3f684b/element HTTP/1.1
User-Agent: selenium/4.1.2 (java windows)
Content-Length: 92
Content-Type: application/json; charset=utf-8
host: localhost:63236
accept: */*

Response DefaultHttpResponse(decodeResult: success, version: HTTP/1.1)
HTTP/1.1 200 OK
Content-Type: application/json; charset=utf-8
cache-control: no-cache
content-length: 88

19:19:09.223 [AsyncHttpClient-1-2] DEBUG org.asynchttpclient.netty.channel.ChannelManager - Adding key: http://localhost:63236 for channel [id: 0xc32d0073, L:/127.0.0.1:56945 - R:localhost/127.0.0.1:63236]
19:19:09.226 [Forwarding clickElement on session 0e2759815c1ead409d7f90b49f3f684b to remote] DEBUG org.asynchttpclient.netty.request.NettyRequestSender - Using pooled Channel '[id: 0xc32d0073, L:/127.0.0.1:56945 - R:localhost/127.0.0.1:63236]' for 'POST' to 'http://localhost:63236/session/0e2759815c1ead409d7f90b49f3f684b/element/a6699b01-4c65-4230-9eae-1bb375b3ec21/click'
19:19:09.227 [Forwarding clickElement on session 0e2759815c1ead409d7f90b49f3f684b to remote] DEBUG org.asynchttpclient.netty.request.NettyRequestSender - Using open Channel [id: 0xc32d0073, L:/127.0.0.1:56945 - R:localhost/127.0.0.1:63236] for POST '/session/0e2759815c1ead409d7f90b49f3f684b/element/a6699b01-4c65-4230-9eae-1bb375b3ec21/click'
19:19:09.405 [AsyncHttpClient-1-2] DEBUG org.asynchttpclient.netty.handler.HttpHandler - 

Request DefaultHttpRequest(decodeResult: success, version: HTTP/1.1)
POST /session/0e2759815c1ead409d7f90b49f3f684b/element/a6699b01-4c65-4230-9eae-1bb375b3ec21/click HTTP/1.1
User-Agent: selenium/4.1.2 (java windows)
Content-Length: 50
Content-Type: application/json; charset=utf-8
host: localhost:63236
accept: */*

Response DefaultHttpResponse(decodeResult: success, version: HTTP/1.1)
HTTP/1.1 200 OK
Content-Type: application/json; charset=utf-8
cache-control: no-cache
content-length: 14

19:19:09.406 [AsyncHttpClient-1-2] DEBUG org.asynchttpclient.netty.channel.ChannelManager - Adding key: http://localhost:63236 for channel [id: 0xc32d0073, L:/127.0.0.1:56945 - R:localhost/127.0.0.1:63236]
19:19:09.420 [Forwarding screenshot on session 0e2759815c1ead409d7f90b49f3f684b to remote] DEBUG org.asynchttpclient.netty.request.NettyRequestSender - Using pooled Channel '[id: 0xc32d0073, L:/127.0.0.1:56945 - R:localhost/127.0.0.1:63236]' for 'GET' to 'http://localhost:63236/session/0e2759815c1ead409d7f90b49f3f684b/screenshot'
19:19:09.420 [Forwarding screenshot on session 0e2759815c1ead409d7f90b49f3f684b to remote] DEBUG org.asynchttpclient.netty.request.NettyRequestSender - Using open Channel [id: 0xc32d0073, L:/127.0.0.1:56945 - R:localhost/127.0.0.1:63236] for GET '/session/0e2759815c1ead409d7f90b49f3f684b/screenshot'
19:19:09.592 [AsyncHttpClient-1-2] DEBUG org.asynchttpclient.netty.handler.HttpHandler - 

Request DefaultFullHttpRequest(decodeResult: success, version: HTTP/1.1, content: EmptyByteBufBE)
GET /session/0e2759815c1ead409d7f90b49f3f684b/screenshot HTTP/1.1
User-Agent: selenium/4.1.2 (java windows)
Cache-Control: no-cache
Content-Type: application/json; charset=utf-8
host: localhost:63236
accept: */*

Response DefaultHttpResponse(decodeResult: success, version: HTTP/1.1)
HTTP/1.1 200 OK
Content-Type: application/json; charset=utf-8
cache-control: no-cache
content-length: 65948

19:19:09.593 [AsyncHttpClient-1-2] DEBUG org.asynchttpclient.netty.channel.ChannelManager - Adding key: http://localhost:63236 for channel [id: 0xc32d0073, L:/127.0.0.1:56945 - R:localhost/127.0.0.1:63236]
19:19:09.600 [main] DEBUG net.serenitybdd.core.photography.Darkroom - Send negative for processing for target\site\serenity\5c83d39dd64dd3ab66d2ba48c2b9308bccf03fcaa28f3e8341e115ceead84064.png
19:19:09.600 [main] DEBUG net.thucydides.core.steps.StepInterceptor - STEP DONE: clickCreateBuilding
  &amp#27;[32mAnd &amp#27;[0m&amp#27;[32madmin click create new building&amp#27;[0m                          &amp#27;[90m# starter.stepdefenitions.BuildingSteps.adminClickCreateNewBuilding()&amp#27;[0m
19:19:09.601 [Darkroom Processing Line] DEBUG net.serenitybdd.core.photography.DarkroomProcessingLine - Processing screenshot image in /var/screenshots/screenshot-828388934234581070
19:19:09.601 [Darkroom Processing Line] DEBUG net.serenitybdd.core.photography.DarkroomProcessingLine - Saving screenshot to target\site\serenity\5c83d39dd64dd3ab66d2ba48c2b9308bccf03fcaa28f3e8341e115ceead84064.png
19:19:09.622 [main] DEBUG net.thucydides.core.steps.StepInterceptor - STARTING STEP: BuildingSteps.adminNotFillNameBuilding - fillNameBuilding
19:19:09.627 [Forwarding findElement on session 0e2759815c1ead409d7f90b49f3f684b to remote] DEBUG org.asynchttpclient.netty.request.NettyRequestSender - Using pooled Channel '[id: 0xc32d0073, L:/127.0.0.1:56945 - R:localhost/127.0.0.1:63236]' for 'POST' to 'http://localhost:63236/session/0e2759815c1ead409d7f90b49f3f684b/element'
19:19:09.627 [Forwarding findElement on session 0e2759815c1ead409d7f90b49f3f684b to remote] DEBUG org.asynchttpclient.netty.request.NettyRequestSender - Using open Channel [id: 0xc32d0073, L:/127.0.0.1:56945 - R:localhost/127.0.0.1:63236] for POST '/session/0e2759815c1ead409d7f90b49f3f684b/element'
19:19:09.643 [AsyncHttpClient-1-2] DEBUG org.asynchttpclient.netty.handler.HttpHandler - 

Request DefaultHttpRequest(decodeResult: success, version: HTTP/1.1)
POST /session/0e2759815c1ead409d7f90b49f3f684b/element HTTP/1.1
User-Agent: selenium/4.1.2 (java windows)
Content-Length: 115
Content-Type: application/json; charset=utf-8
host: localhost:63236
accept: */*

Response DefaultHttpResponse(decodeResult: success, version: HTTP/1.1)
HTTP/1.1 200 OK
Content-Type: application/json; charset=utf-8
cache-control: no-cache
content-length: 88

19:19:09.643 [AsyncHttpClient-1-2] DEBUG org.asynchttpclient.netty.channel.ChannelManager - Adding key: http://localhost:63236 for channel [id: 0xc32d0073, L:/127.0.0.1:56945 - R:localhost/127.0.0.1:63236]
19:19:09.645 [Forwarding clearElement on session 0e2759815c1ead409d7f90b49f3f684b to remote] DEBUG org.asynchttpclient.netty.request.NettyRequestSender - Using pooled Channel '[id: 0xc32d0073, L:/127.0.0.1:56945 - R:localhost/127.0.0.1:63236]' for 'POST' to 'http://localhost:63236/session/0e2759815c1ead409d7f90b49f3f684b/element/58c09e90-7222-43c7-a9c2-350f024993a4/clear'
19:19:09.645 [Forwarding clearElement on session 0e2759815c1ead409d7f90b49f3f684b to remote] DEBUG org.asynchttpclient.netty.request.NettyRequestSender - Using open Channel [id: 0xc32d0073, L:/127.0.0.1:56945 - R:localhost/127.0.0.1:63236] for POST '/session/0e2759815c1ead409d7f90b49f3f684b/element/58c09e90-7222-43c7-a9c2-350f024993a4/clear'
19:19:09.687 [AsyncHttpClient-1-2] DEBUG org.asynchttpclient.netty.handler.HttpHandler - 

Request DefaultHttpRequest(decodeResult: success, version: HTTP/1.1)
POST /session/0e2759815c1ead409d7f90b49f3f684b/element/58c09e90-7222-43c7-a9c2-350f024993a4/clear HTTP/1.1
User-Agent: selenium/4.1.2 (java windows)
Content-Length: 50
Content-Type: application/json; charset=utf-8
host: localhost:63236
accept: */*

Response DefaultHttpResponse(decodeResult: success, version: HTTP/1.1)
HTTP/1.1 200 OK
Content-Type: application/json; charset=utf-8
cache-control: no-cache
content-length: 14

19:19:09.687 [AsyncHttpClient-1-2] DEBUG org.asynchttpclient.netty.channel.ChannelManager - Adding key: http://localhost:63236 for channel [id: 0xc32d0073, L:/127.0.0.1:56945 - R:localhost/127.0.0.1:63236]
19:19:09.691 [Forwarding sendKeysToElement on session 0e2759815c1ead409d7f90b49f3f684b to remote] DEBUG org.asynchttpclient.netty.request.NettyRequestSender - Using pooled Channel '[id: 0xc32d0073, L:/127.0.0.1:56945 - R:localhost/127.0.0.1:63236]' for 'POST' to 'http://localhost:63236/session/0e2759815c1ead409d7f90b49f3f684b/element/58c09e90-7222-43c7-a9c2-350f024993a4/value'
19:19:09.691 [Forwarding sendKeysToElement on session 0e2759815c1ead409d7f90b49f3f684b to remote] DEBUG org.asynchttpclient.netty.request.NettyRequestSender - Using open Channel [id: 0xc32d0073, L:/127.0.0.1:56945 - R:localhost/127.0.0.1:63236] for POST '/session/0e2759815c1ead409d7f90b49f3f684b/element/58c09e90-7222-43c7-a9c2-350f024993a4/value'
19:19:09.754 [AsyncHttpClient-1-2] DEBUG org.asynchttpclient.netty.handler.HttpHandler - 

Request DefaultHttpRequest(decodeResult: success, version: HTTP/1.1)
POST /session/0e2759815c1ead409d7f90b49f3f684b/element/58c09e90-7222-43c7-a9c2-350f024993a4/value HTTP/1.1
User-Agent: selenium/4.1.2 (java windows)
Content-Length: 82
Content-Type: application/json; charset=utf-8
host: localhost:63236
accept: */*

Response DefaultHttpResponse(decodeResult: success, version: HTTP/1.1)
HTTP/1.1 200 OK
Content-Type: application/json; charset=utf-8
cache-control: no-cache
content-length: 14

19:19:09.755 [AsyncHttpClient-1-2] DEBUG org.asynchttpclient.netty.channel.ChannelManager - Adding key: http://localhost:63236 for channel [id: 0xc32d0073, L:/127.0.0.1:56945 - R:localhost/127.0.0.1:63236]
19:19:09.764 [Forwarding screenshot on session 0e2759815c1ead409d7f90b49f3f684b to remote] DEBUG org.asynchttpclient.netty.request.NettyRequestSender - Using pooled Channel '[id: 0xc32d0073, L:/127.0.0.1:56945 - R:localhost/127.0.0.1:63236]' for 'GET' to 'http://localhost:63236/session/0e2759815c1ead409d7f90b49f3f684b/screenshot'
19:19:09.764 [Forwarding screenshot on session 0e2759815c1ead409d7f90b49f3f684b to remote] DEBUG org.asynchttpclient.netty.request.NettyRequestSender - Using open Channel [id: 0xc32d0073, L:/127.0.0.1:56945 - R:localhost/127.0.0.1:63236] for GET '/session/0e2759815c1ead409d7f90b49f3f684b/screenshot'
19:19:09.927 [AsyncHttpClient-1-2] DEBUG org.asynchttpclient.netty.handler.HttpHandler - 

Request DefaultFullHttpRequest(decodeResult: success, version: HTTP/1.1, content: EmptyByteBufBE)
GET /session/0e2759815c1ead409d7f90b49f3f684b/screenshot HTTP/1.1
User-Agent: selenium/4.1.2 (java windows)
Cache-Control: no-cache
Content-Type: application/json; charset=utf-8
host: localhost:63236
accept: */*

Response DefaultHttpResponse(decodeResult: success, version: HTTP/1.1)
HTTP/1.1 200 OK
Content-Type: application/json; charset=utf-8
cache-control: no-cache
content-length: 67092

19:19:09.928 [AsyncHttpClient-1-2] DEBUG org.asynchttpclient.netty.channel.ChannelManager - Adding key: http://localhost:63236 for channel [id: 0xc32d0073, L:/127.0.0.1:56945 - R:localhost/127.0.0.1:63236]
19:19:09.933 [main] DEBUG net.serenitybdd.core.photography.Darkroom - Send negative for processing for target\site\serenity\3c2f9aa57e2641e6ebe3976b4fa4dac6e7ae41bc1387e6eb2be0c0ae470357e6.png
19:19:09.934 [main] DEBUG net.thucydides.core.steps.StepInterceptor - STEP DONE: fillNameBuilding
19:19:09.934 [Darkroom Processing Line] DEBUG net.serenitybdd.core.photography.DarkroomProcessingLine - Processing screenshot image in /var/screenshots/screenshot-6996711676771105369
19:19:09.934 [Darkroom Processing Line] DEBUG net.serenitybdd.core.photography.DarkroomProcessingLine - Saving screenshot to target\site\serenity\3c2f9aa57e2641e6ebe3976b4fa4dac6e7ae41bc1387e6eb2be0c0ae470357e6.png
  &amp#27;[32mAnd &amp#27;[0m&amp#27;[32madmin not fill name building&amp#27;[0m                             &amp#27;[90m# starter.stepdefenitions.BuildingSteps.adminNotFillNameBuilding()&amp#27;[0m
19:19:09.954 [main] DEBUG net.thucydides.core.steps.StepInterceptor - STARTING STEP: BuildingSteps.adminNotChooseComplex - NotchooseExistingComplex
19:19:09.958 [Forwarding findElement on session 0e2759815c1ead409d7f90b49f3f684b to remote] DEBUG org.asynchttpclient.netty.request.NettyRequestSender - Using pooled Channel '[id: 0xc32d0073, L:/127.0.0.1:56945 - R:localhost/127.0.0.1:63236]' for 'POST' to 'http://localhost:63236/session/0e2759815c1ead409d7f90b49f3f684b/element'
19:19:09.958 [Forwarding findElement on session 0e2759815c1ead409d7f90b49f3f684b to remote] DEBUG org.asynchttpclient.netty.request.NettyRequestSender - Using open Channel [id: 0xc32d0073, L:/127.0.0.1:56945 - R:localhost/127.0.0.1:63236] for POST '/session/0e2759815c1ead409d7f90b49f3f684b/element'
19:19:09.972 [AsyncHttpClient-1-2] DEBUG org.asynchttpclient.netty.handler.HttpHandler - 

Request DefaultHttpRequest(decodeResult: success, version: HTTP/1.1)
POST /session/0e2759815c1ead409d7f90b49f3f684b/element HTTP/1.1
User-Agent: selenium/4.1.2 (java windows)
Content-Length: 145
Content-Type: application/json; charset=utf-8
host: localhost:63236
accept: */*

Response DefaultHttpResponse(decodeResult: success, version: HTTP/1.1)
HTTP/1.1 200 OK
Content-Type: application/json; charset=utf-8
cache-control: no-cache
content-length: 88

19:19:09.972 [AsyncHttpClient-1-2] DEBUG org.asynchttpclient.netty.channel.ChannelManager - Adding key: http://localhost:63236 for channel [id: 0xc32d0073, L:/127.0.0.1:56945 - R:localhost/127.0.0.1:63236]
19:19:09.975 [Forwarding getElementTagName on session 0e2759815c1ead409d7f90b49f3f684b to remote] DEBUG org.asynchttpclient.netty.request.NettyRequestSender - Using pooled Channel '[id: 0xc32d0073, L:/127.0.0.1:56945 - R:localhost/127.0.0.1:63236]' for 'GET' to 'http://localhost:63236/session/0e2759815c1ead409d7f90b49f3f684b/element/5d5fc2c9-ec0a-4c6a-b491-a8795a1e2489/name'
19:19:09.975 [Forwarding getElementTagName on session 0e2759815c1ead409d7f90b49f3f684b to remote] DEBUG org.asynchttpclient.netty.request.NettyRequestSender - Using open Channel [id: 0xc32d0073, L:/127.0.0.1:56945 - R:localhost/127.0.0.1:63236] for GET '/session/0e2759815c1ead409d7f90b49f3f684b/element/5d5fc2c9-ec0a-4c6a-b491-a8795a1e2489/name'
19:19:09.980 [AsyncHttpClient-1-2] DEBUG org.asynchttpclient.netty.handler.HttpHandler - 

Request DefaultFullHttpRequest(decodeResult: success, version: HTTP/1.1, content: EmptyByteBufBE)
GET /session/0e2759815c1ead409d7f90b49f3f684b/element/5d5fc2c9-ec0a-4c6a-b491-a8795a1e2489/name HTTP/1.1
User-Agent: selenium/4.1.2 (java windows)
Cache-Control: no-cache
Content-Type: application/json; charset=utf-8
host: localhost:63236
accept: */*

Response DefaultHttpResponse(decodeResult: success, version: HTTP/1.1)
HTTP/1.1 200 OK
Content-Type: application/json; charset=utf-8
cache-control: no-cache
content-length: 18

19:19:09.980 [AsyncHttpClient-1-2] DEBUG org.asynchttpclient.netty.channel.ChannelManager - Adding key: http://localhost:63236 for channel [id: 0xc32d0073, L:/127.0.0.1:56945 - R:localhost/127.0.0.1:63236]
19:19:09.982 [Forwarding getElementTagName on session 0e2759815c1ead409d7f90b49f3f684b to remote] DEBUG org.asynchttpclient.netty.request.NettyRequestSender - Using pooled Channel '[id: 0xc32d0073, L:/127.0.0.1:56945 - R:localhost/127.0.0.1:63236]' for 'GET' to 'http://localhost:63236/session/0e2759815c1ead409d7f90b49f3f684b/element/5d5fc2c9-ec0a-4c6a-b491-a8795a1e2489/name'
19:19:09.983 [Forwarding getElementTagName on session 0e2759815c1ead409d7f90b49f3f684b to remote] DEBUG org.asynchttpclient.netty.request.NettyRequestSender - Using open Channel [id: 0xc32d0073, L:/127.0.0.1:56945 - R:localhost/127.0.0.1:63236] for GET '/session/0e2759815c1ead409d7f90b49f3f684b/element/5d5fc2c9-ec0a-4c6a-b491-a8795a1e2489/name'
19:19:09.987 [AsyncHttpClient-1-2] DEBUG org.asynchttpclient.netty.handler.HttpHandler - 

Request DefaultFullHttpRequest(decodeResult: success, version: HTTP/1.1, content: EmptyByteBufBE)
GET /session/0e2759815c1ead409d7f90b49f3f684b/element/5d5fc2c9-ec0a-4c6a-b491-a8795a1e2489/name HTTP/1.1
User-Agent: selenium/4.1.2 (java windows)
Cache-Control: no-cache
Content-Type: application/json; charset=utf-8
host: localhost:63236
accept: */*

Response DefaultHttpResponse(decodeResult: success, version: HTTP/1.1)
HTTP/1.1 200 OK
Content-Type: application/json; charset=utf-8
cache-control: no-cache
content-length: 18

19:19:09.987 [AsyncHttpClient-1-2] DEBUG org.asynchttpclient.netty.channel.ChannelManager - Adding key: http://localhost:63236 for channel [id: 0xc32d0073, L:/127.0.0.1:56945 - R:localhost/127.0.0.1:63236]
19:19:09.992 [Forwarding isElementEnabled on session 0e2759815c1ead409d7f90b49f3f684b to remote] DEBUG org.asynchttpclient.netty.request.NettyRequestSender - Using pooled Channel '[id: 0xc32d0073, L:/127.0.0.1:56945 - R:localhost/127.0.0.1:63236]' for 'GET' to 'http://localhost:63236/session/0e2759815c1ead409d7f90b49f3f684b/element/5d5fc2c9-ec0a-4c6a-b491-a8795a1e2489/enabled'
19:19:09.992 [Forwarding isElementEnabled on session 0e2759815c1ead409d7f90b49f3f684b to remote] DEBUG org.asynchttpclient.netty.request.NettyRequestSender - Using open Channel [id: 0xc32d0073, L:/127.0.0.1:56945 - R:localhost/127.0.0.1:63236] for GET '/session/0e2759815c1ead409d7f90b49f3f684b/element/5d5fc2c9-ec0a-4c6a-b491-a8795a1e2489/enabled'
19:19:10.003 [AsyncHttpClient-1-2] DEBUG org.asynchttpclient.netty.handler.HttpHandler - 

Request DefaultFullHttpRequest(decodeResult: success, version: HTTP/1.1, content: EmptyByteBufBE)
GET /session/0e2759815c1ead409d7f90b49f3f684b/element/5d5fc2c9-ec0a-4c6a-b491-a8795a1e2489/enabled HTTP/1.1
User-Agent: selenium/4.1.2 (java windows)
Cache-Control: no-cache
Content-Type: application/json; charset=utf-8
host: localhost:63236
accept: */*

Response DefaultHttpResponse(decodeResult: success, version: HTTP/1.1)
HTTP/1.1 200 OK
Content-Type: application/json; charset=utf-8
cache-control: no-cache
content-length: 14

19:19:10.003 [AsyncHttpClient-1-2] DEBUG org.asynchttpclient.netty.channel.ChannelManager - Adding key: http://localhost:63236 for channel [id: 0xc32d0073, L:/127.0.0.1:56945 - R:localhost/127.0.0.1:63236]
19:19:10.005 [Forwarding isElementEnabled on session 0e2759815c1ead409d7f90b49f3f684b to remote] DEBUG org.asynchttpclient.netty.request.NettyRequestSender - Using pooled Channel '[id: 0xc32d0073, L:/127.0.0.1:56945 - R:localhost/127.0.0.1:63236]' for 'GET' to 'http://localhost:63236/session/0e2759815c1ead409d7f90b49f3f684b/element/5d5fc2c9-ec0a-4c6a-b491-a8795a1e2489/enabled'
19:19:10.006 [Forwarding isElementEnabled on session 0e2759815c1ead409d7f90b49f3f684b to remote] DEBUG org.asynchttpclient.netty.request.NettyRequestSender - Using open Channel [id: 0xc32d0073, L:/127.0.0.1:56945 - R:localhost/127.0.0.1:63236] for GET '/session/0e2759815c1ead409d7f90b49f3f684b/element/5d5fc2c9-ec0a-4c6a-b491-a8795a1e2489/enabled'
19:19:10.015 [AsyncHttpClient-1-2] DEBUG org.asynchttpclient.netty.handler.HttpHandler - 

Request DefaultFullHttpRequest(decodeResult: success, version: HTTP/1.1, content: EmptyByteBufBE)
GET /session/0e2759815c1ead409d7f90b49f3f684b/element/5d5fc2c9-ec0a-4c6a-b491-a8795a1e2489/enabled HTTP/1.1
User-Agent: selenium/4.1.2 (java windows)
Cache-Control: no-cache
Content-Type: application/json; charset=utf-8
host: localhost:63236
accept: */*

Response DefaultHttpResponse(decodeResult: success, version: HTTP/1.1)
HTTP/1.1 200 OK
Content-Type: application/json; charset=utf-8
cache-control: no-cache
content-length: 14

19:19:10.015 [AsyncHttpClient-1-2] DEBUG org.asynchttpclient.netty.channel.ChannelManager - Adding key: http://localhost:63236 for channel [id: 0xc32d0073, L:/127.0.0.1:56945 - R:localhost/127.0.0.1:63236]
19:19:10.021 [Forwarding findElement on session 0e2759815c1ead409d7f90b49f3f684b to remote] DEBUG org.asynchttpclient.netty.request.NettyRequestSender - Using pooled Channel '[id: 0xc32d0073, L:/127.0.0.1:56945 - R:localhost/127.0.0.1:63236]' for 'POST' to 'http://localhost:63236/session/0e2759815c1ead409d7f90b49f3f684b/element'
19:19:10.022 [Forwarding findElement on session 0e2759815c1ead409d7f90b49f3f684b to remote] DEBUG org.asynchttpclient.netty.request.NettyRequestSender - Using open Channel [id: 0xc32d0073, L:/127.0.0.1:56945 - R:localhost/127.0.0.1:63236] for POST '/session/0e2759815c1ead409d7f90b49f3f684b/element'
19:19:10.031 [AsyncHttpClient-1-2] DEBUG org.asynchttpclient.netty.handler.HttpHandler - 

Request DefaultHttpRequest(decodeResult: success, version: HTTP/1.1)
POST /session/0e2759815c1ead409d7f90b49f3f684b/element HTTP/1.1
User-Agent: selenium/4.1.2 (java windows)
Content-Length: 145
Content-Type: application/json; charset=utf-8
host: localhost:63236
accept: */*

Response DefaultHttpResponse(decodeResult: success, version: HTTP/1.1)
HTTP/1.1 200 OK
Content-Type: application/json; charset=utf-8
cache-control: no-cache
content-length: 88

19:19:10.031 [AsyncHttpClient-1-2] DEBUG org.asynchttpclient.netty.channel.ChannelManager - Adding key: http://localhost:63236 for channel [id: 0xc32d0073, L:/127.0.0.1:56945 - R:localhost/127.0.0.1:63236]
19:19:10.033 [Forwarding getElementTagName on session 0e2759815c1ead409d7f90b49f3f684b to remote] DEBUG org.asynchttpclient.netty.request.NettyRequestSender - Using pooled Channel '[id: 0xc32d0073, L:/127.0.0.1:56945 - R:localhost/127.0.0.1:63236]' for 'GET' to 'http://localhost:63236/session/0e2759815c1ead409d7f90b49f3f684b/element/5d5fc2c9-ec0a-4c6a-b491-a8795a1e2489/name'
19:19:10.033 [Forwarding getElementTagName on session 0e2759815c1ead409d7f90b49f3f684b to remote] DEBUG org.asynchttpclient.netty.request.NettyRequestSender - Using open Channel [id: 0xc32d0073, L:/127.0.0.1:56945 - R:localhost/127.0.0.1:63236] for GET '/session/0e2759815c1ead409d7f90b49f3f684b/element/5d5fc2c9-ec0a-4c6a-b491-a8795a1e2489/name'
19:19:10.040 [AsyncHttpClient-1-2] DEBUG org.asynchttpclient.netty.handler.HttpHandler - 

Request DefaultFullHttpRequest(decodeResult: success, version: HTTP/1.1, content: EmptyByteBufBE)
GET /session/0e2759815c1ead409d7f90b49f3f684b/element/5d5fc2c9-ec0a-4c6a-b491-a8795a1e2489/name HTTP/1.1
User-Agent: selenium/4.1.2 (java windows)
Cache-Control: no-cache
Content-Type: application/json; charset=utf-8
host: localhost:63236
accept: */*

Response DefaultHttpResponse(decodeResult: success, version: HTTP/1.1)
HTTP/1.1 200 OK
Content-Type: application/json; charset=utf-8
cache-control: no-cache
content-length: 18

19:19:10.040 [AsyncHttpClient-1-2] DEBUG org.asynchttpclient.netty.channel.ChannelManager - Adding key: http://localhost:63236 for channel [id: 0xc32d0073, L:/127.0.0.1:56945 - R:localhost/127.0.0.1:63236]
19:19:10.042 [Forwarding getElementDomAttribute on session 0e2759815c1ead409d7f90b49f3f684b to remote] DEBUG org.asynchttpclient.netty.request.NettyRequestSender - Using pooled Channel '[id: 0xc32d0073, L:/127.0.0.1:56945 - R:localhost/127.0.0.1:63236]' for 'GET' to 'http://localhost:63236/session/0e2759815c1ead409d7f90b49f3f684b/element/5d5fc2c9-ec0a-4c6a-b491-a8795a1e2489/attribute/multiple'
19:19:10.042 [Forwarding getElementDomAttribute on session 0e2759815c1ead409d7f90b49f3f684b to remote] DEBUG org.asynchttpclient.netty.request.NettyRequestSender - Using open Channel [id: 0xc32d0073, L:/127.0.0.1:56945 - R:localhost/127.0.0.1:63236] for GET '/session/0e2759815c1ead409d7f90b49f3f684b/element/5d5fc2c9-ec0a-4c6a-b491-a8795a1e2489/attribute/multiple'
19:19:10.048 [AsyncHttpClient-1-2] DEBUG org.asynchttpclient.netty.handler.HttpHandler - 

Request DefaultFullHttpRequest(decodeResult: success, version: HTTP/1.1, content: EmptyByteBufBE)
GET /session/0e2759815c1ead409d7f90b49f3f684b/element/5d5fc2c9-ec0a-4c6a-b491-a8795a1e2489/attribute/multiple HTTP/1.1
User-Agent: selenium/4.1.2 (java windows)
Cache-Control: no-cache
Content-Type: application/json; charset=utf-8
host: localhost:63236
accept: */*

Response DefaultHttpResponse(decodeResult: success, version: HTTP/1.1)
HTTP/1.1 200 OK
Content-Type: application/json; charset=utf-8
cache-control: no-cache
content-length: 14

19:19:10.049 [AsyncHttpClient-1-2] DEBUG org.asynchttpclient.netty.channel.ChannelManager - Adding key: http://localhost:63236 for channel [id: 0xc32d0073, L:/127.0.0.1:56945 - R:localhost/127.0.0.1:63236]
19:19:10.052 [Forwarding findChildElements on session 0e2759815c1ead409d7f90b49f3f684b to remote] DEBUG org.asynchttpclient.netty.request.NettyRequestSender - Using pooled Channel '[id: 0xc32d0073, L:/127.0.0.1:56945 - R:localhost/127.0.0.1:63236]' for 'POST' to 'http://localhost:63236/session/0e2759815c1ead409d7f90b49f3f684b/element/5d5fc2c9-ec0a-4c6a-b491-a8795a1e2489/elements'
19:19:10.053 [Forwarding findChildElements on session 0e2759815c1ead409d7f90b49f3f684b to remote] DEBUG org.asynchttpclient.netty.request.NettyRequestSender - Using open Channel [id: 0xc32d0073, L:/127.0.0.1:56945 - R:localhost/127.0.0.1:63236] for POST '/session/0e2759815c1ead409d7f90b49f3f684b/element/5d5fc2c9-ec0a-4c6a-b491-a8795a1e2489/elements'
19:19:10.066 [AsyncHttpClient-1-2] DEBUG org.asynchttpclient.netty.handler.HttpHandler - 

Request DefaultHttpRequest(decodeResult: success, version: HTTP/1.1)
POST /session/0e2759815c1ead409d7f90b49f3f684b/element/5d5fc2c9-ec0a-4c6a-b491-a8795a1e2489/elements HTTP/1.1
User-Agent: selenium/4.1.2 (java windows)
Content-Length: 138
Content-Type: application/json; charset=utf-8
host: localhost:63236
accept: */*

Response DefaultHttpResponse(decodeResult: success, version: HTTP/1.1)
HTTP/1.1 200 OK
Content-Type: application/json; charset=utf-8
cache-control: no-cache
content-length: 90

19:19:10.066 [AsyncHttpClient-1-2] DEBUG org.asynchttpclient.netty.channel.ChannelManager - Adding key: http://localhost:63236 for channel [id: 0xc32d0073, L:/127.0.0.1:56945 - R:localhost/127.0.0.1:63236]
19:19:10.069 [Forwarding isElementSelected on session 0e2759815c1ead409d7f90b49f3f684b to remote] DEBUG org.asynchttpclient.netty.request.NettyRequestSender - Using pooled Channel '[id: 0xc32d0073, L:/127.0.0.1:56945 - R:localhost/127.0.0.1:63236]' for 'GET' to 'http://localhost:63236/session/0e2759815c1ead409d7f90b49f3f684b/element/90cd9d22-7d9d-4e7e-82be-2f7e7ad97889/selected'
19:19:10.069 [Forwarding isElementSelected on session 0e2759815c1ead409d7f90b49f3f684b to remote] DEBUG org.asynchttpclient.netty.request.NettyRequestSender - Using open Channel [id: 0xc32d0073, L:/127.0.0.1:56945 - R:localhost/127.0.0.1:63236] for GET '/session/0e2759815c1ead409d7f90b49f3f684b/element/90cd9d22-7d9d-4e7e-82be-2f7e7ad97889/selected'
19:19:10.079 [AsyncHttpClient-1-2] DEBUG org.asynchttpclient.netty.handler.HttpHandler - 

Request DefaultFullHttpRequest(decodeResult: success, version: HTTP/1.1, content: EmptyByteBufBE)
GET /session/0e2759815c1ead409d7f90b49f3f684b/element/90cd9d22-7d9d-4e7e-82be-2f7e7ad97889/selected HTTP/1.1
User-Agent: selenium/4.1.2 (java windows)
Cache-Control: no-cache
Content-Type: application/json; charset=utf-8
host: localhost:63236
accept: */*

Response DefaultHttpResponse(decodeResult: success, version: HTTP/1.1)
HTTP/1.1 200 OK
Content-Type: application/json; charset=utf-8
cache-control: no-cache
content-length: 14

19:19:10.079 [AsyncHttpClient-1-2] DEBUG org.asynchttpclient.netty.channel.ChannelManager - Adding key: http://localhost:63236 for channel [id: 0xc32d0073, L:/127.0.0.1:56945 - R:localhost/127.0.0.1:63236]
19:19:10.087 [Forwarding screenshot on session 0e2759815c1ead409d7f90b49f3f684b to remote] DEBUG org.asynchttpclient.netty.request.NettyRequestSender - Using pooled Channel '[id: 0xc32d0073, L:/127.0.0.1:56945 - R:localhost/127.0.0.1:63236]' for 'GET' to 'http://localhost:63236/session/0e2759815c1ead409d7f90b49f3f684b/screenshot'
19:19:10.087 [Forwarding screenshot on session 0e2759815c1ead409d7f90b49f3f684b to remote] DEBUG org.asynchttpclient.netty.request.NettyRequestSender - Using open Channel [id: 0xc32d0073, L:/127.0.0.1:56945 - R:localhost/127.0.0.1:63236] for GET '/session/0e2759815c1ead409d7f90b49f3f684b/screenshot'
19:19:10.241 [AsyncHttpClient-1-2] DEBUG org.asynchttpclient.netty.handler.HttpHandler - 

Request DefaultFullHttpRequest(decodeResult: success, version: HTTP/1.1, content: EmptyByteBufBE)
GET /session/0e2759815c1ead409d7f90b49f3f684b/screenshot HTTP/1.1
User-Agent: selenium/4.1.2 (java windows)
Cache-Control: no-cache
Content-Type: application/json; charset=utf-8
host: localhost:63236
accept: */*

Response DefaultHttpResponse(decodeResult: success, version: HTTP/1.1)
HTTP/1.1 200 OK
Content-Type: application/json; charset=utf-8
cache-control: no-cache
content-length: 67092

19:19:10.242 [AsyncHttpClient-1-2] DEBUG org.asynchttpclient.netty.channel.ChannelManager - Adding key: http://localhost:63236 for channel [id: 0xc32d0073, L:/127.0.0.1:56945 - R:localhost/127.0.0.1:63236]
19:19:10.247 [main] DEBUG net.serenitybdd.core.photography.Darkroom - Send negative for processing for target\site\serenity\3c2f9aa57e2641e6ebe3976b4fa4dac6e7ae41bc1387e6eb2be0c0ae470357e6.png
19:19:10.248 [main] DEBUG net.thucydides.core.steps.StepInterceptor - STEP DONE: NotchooseExistingComplex
  &amp#27;[32mAnd &amp#27;[0m&amp#27;[32madmin not choose complex&amp#27;[0m                                 &amp#27;[90m# starter.stepdefenitions.BuildingSteps.adminNotChooseComplex()&amp#27;[0m
19:19:10.249 [AsyncHttpClient-1-1] DEBUG org.asynchttpclient.netty.channel.DefaultChannelPool - Entry count for : http://localhost:63236 : 1
19:19:10.249 [AsyncHttpClient-1-1] DEBUG org.asynchttpclient.netty.channel.DefaultChannelPool - Entry count for : http://localhost:56946 : 1
19:19:10.269 [main] DEBUG net.thucydides.core.steps.StepInterceptor - STARTING STEP: BuildingSteps.adminNotFillAddressBuilding - fillAddressBuilding
19:19:10.274 [Forwarding findElement on session 0e2759815c1ead409d7f90b49f3f684b to remote] DEBUG org.asynchttpclient.netty.request.NettyRequestSender - Using pooled Channel '[id: 0xc32d0073, L:/127.0.0.1:56945 - R:localhost/127.0.0.1:63236]' for 'POST' to 'http://localhost:63236/session/0e2759815c1ead409d7f90b49f3f684b/element'
19:19:10.274 [Forwarding findElement on session 0e2759815c1ead409d7f90b49f3f684b to remote] DEBUG org.asynchttpclient.netty.request.NettyRequestSender - Using open Channel [id: 0xc32d0073, L:/127.0.0.1:56945 - R:localhost/127.0.0.1:63236] for POST '/session/0e2759815c1ead409d7f90b49f3f684b/element'
19:19:10.290 [AsyncHttpClient-1-2] DEBUG org.asynchttpclient.netty.handler.HttpHandler - 

Request DefaultHttpRequest(decodeResult: success, version: HTTP/1.1)
POST /session/0e2759815c1ead409d7f90b49f3f684b/element HTTP/1.1
User-Agent: selenium/4.1.2 (java windows)
Content-Length: 115
Content-Type: application/json; charset=utf-8
host: localhost:63236
accept: */*

Response DefaultHttpResponse(decodeResult: success, version: HTTP/1.1)
HTTP/1.1 200 OK
Content-Type: application/json; charset=utf-8
cache-control: no-cache
content-length: 88

19:19:10.291 [AsyncHttpClient-1-2] DEBUG org.asynchttpclient.netty.channel.ChannelManager - Adding key: http://localhost:63236 for channel [id: 0xc32d0073, L:/127.0.0.1:56945 - R:localhost/127.0.0.1:63236]
19:19:10.293 [Forwarding clearElement on session 0e2759815c1ead409d7f90b49f3f684b to remote] DEBUG org.asynchttpclient.netty.request.NettyRequestSender - Using pooled Channel '[id: 0xc32d0073, L:/127.0.0.1:56945 - R:localhost/127.0.0.1:63236]' for 'POST' to 'http://localhost:63236/session/0e2759815c1ead409d7f90b49f3f684b/element/339948c4-d285-464a-b8fc-51fe7993c108/clear'
19:19:10.293 [Forwarding clearElement on session 0e2759815c1ead409d7f90b49f3f684b to remote] DEBUG org.asynchttpclient.netty.request.NettyRequestSender - Using open Channel [id: 0xc32d0073, L:/127.0.0.1:56945 - R:localhost/127.0.0.1:63236] for POST '/session/0e2759815c1ead409d7f90b49f3f684b/element/339948c4-d285-464a-b8fc-51fe7993c108/clear'
19:19:10.335 [AsyncHttpClient-1-2] DEBUG org.asynchttpclient.netty.handler.HttpHandler - 

Request DefaultHttpRequest(decodeResult: success, version: HTTP/1.1)
POST /session/0e2759815c1ead409d7f90b49f3f684b/element/339948c4-d285-464a-b8fc-51fe7993c108/clear HTTP/1.1
User-Agent: selenium/4.1.2 (java windows)
Content-Length: 50
Content-Type: application/json; charset=utf-8
host: localhost:63236
accept: */*

Response DefaultHttpResponse(decodeResult: success, version: HTTP/1.1)
HTTP/1.1 200 OK
Content-Type: application/json; charset=utf-8
cache-control: no-cache
content-length: 14

19:19:10.335 [AsyncHttpClient-1-2] DEBUG org.asynchttpclient.netty.channel.ChannelManager - Adding key: http://localhost:63236 for channel [id: 0xc32d0073, L:/127.0.0.1:56945 - R:localhost/127.0.0.1:63236]
19:19:10.339 [Forwarding sendKeysToElement on session 0e2759815c1ead409d7f90b49f3f684b to remote] DEBUG org.asynchttpclient.netty.request.NettyRequestSender - Using pooled Channel '[id: 0xc32d0073, L:/127.0.0.1:56945 - R:localhost/127.0.0.1:63236]' for 'POST' to 'http://localhost:63236/session/0e2759815c1ead409d7f90b49f3f684b/element/339948c4-d285-464a-b8fc-51fe7993c108/value'
19:19:10.339 [Forwarding sendKeysToElement on session 0e2759815c1ead409d7f90b49f3f684b to remote] DEBUG org.asynchttpclient.netty.request.NettyRequestSender - Using open Channel [id: 0xc32d0073, L:/127.0.0.1:56945 - R:localhost/127.0.0.1:63236] for POST '/session/0e2759815c1ead409d7f90b49f3f684b/element/339948c4-d285-464a-b8fc-51fe7993c108/value'
19:19:10.389 [AsyncHttpClient-1-2] DEBUG org.asynchttpclient.netty.handler.HttpHandler - 

Request DefaultHttpRequest(decodeResult: success, version: HTTP/1.1)
POST /session/0e2759815c1ead409d7f90b49f3f684b/element/339948c4-d285-464a-b8fc-51fe7993c108/value HTTP/1.1
User-Agent: selenium/4.1.2 (java windows)
Content-Length: 82
Content-Type: application/json; charset=utf-8
host: localhost:63236
accept: */*

Response DefaultHttpResponse(decodeResult: success, version: HTTP/1.1)
HTTP/1.1 200 OK
Content-Type: application/json; charset=utf-8
cache-control: no-cache
content-length: 14

19:19:10.390 [AsyncHttpClient-1-2] DEBUG org.asynchttpclient.netty.channel.ChannelManager - Adding key: http://localhost:63236 for channel [id: 0xc32d0073, L:/127.0.0.1:56945 - R:localhost/127.0.0.1:63236]
19:19:10.403 [Forwarding screenshot on session 0e2759815c1ead409d7f90b49f3f684b to remote] DEBUG org.asynchttpclient.netty.request.NettyRequestSender - Using pooled Channel '[id: 0xc32d0073, L:/127.0.0.1:56945 - R:localhost/127.0.0.1:63236]' for 'GET' to 'http://localhost:63236/session/0e2759815c1ead409d7f90b49f3f684b/screenshot'
19:19:10.403 [Forwarding screenshot on session 0e2759815c1ead409d7f90b49f3f684b to remote] DEBUG org.asynchttpclient.netty.request.NettyRequestSender - Using open Channel [id: 0xc32d0073, L:/127.0.0.1:56945 - R:localhost/127.0.0.1:63236] for GET '/session/0e2759815c1ead409d7f90b49f3f684b/screenshot'
19:19:10.577 [AsyncHttpClient-1-2] DEBUG org.asynchttpclient.netty.handler.HttpHandler - 

Request DefaultFullHttpRequest(decodeResult: success, version: HTTP/1.1, content: EmptyByteBufBE)
GET /session/0e2759815c1ead409d7f90b49f3f684b/screenshot HTTP/1.1
User-Agent: selenium/4.1.2 (java windows)
Cache-Control: no-cache
Content-Type: application/json; charset=utf-8
host: localhost:63236
accept: */*

Response DefaultHttpResponse(decodeResult: success, version: HTTP/1.1)
HTTP/1.1 200 OK
Content-Type: application/json; charset=utf-8
cache-control: no-cache
content-length: 67912

19:19:10.578 [AsyncHttpClient-1-2] DEBUG org.asynchttpclient.netty.channel.ChannelManager - Adding key: http://localhost:63236 for channel [id: 0xc32d0073, L:/127.0.0.1:56945 - R:localhost/127.0.0.1:63236]
19:19:10.585 [main] DEBUG net.serenitybdd.core.photography.Darkroom - Send negative for processing for target\site\serenity\3ef285bdfabe50206af8caa4145da1074c53c59db89b91007af3d6f6839fa19c.png
19:19:10.585 [main] DEBUG net.thucydides.core.steps.StepInterceptor - STEP DONE: fillAddressBuilding
19:19:10.585 [Darkroom Processing Line] DEBUG net.serenitybdd.core.photography.DarkroomProcessingLine - Processing screenshot image in /var/screenshots/screenshot-3669384701360715364
19:19:10.585 [Darkroom Processing Line] DEBUG net.serenitybdd.core.photography.DarkroomProcessingLine - Saving screenshot to target\site\serenity\3ef285bdfabe50206af8caa4145da1074c53c59db89b91007af3d6f6839fa19c.png
  &amp#27;[32mAnd &amp#27;[0m&amp#27;[32madmin not fill address building&amp#27;[0m                          &amp#27;[90m# starter.stepdefenitions.BuildingSteps.adminNotFillAddressBuilding()&amp#27;[0m
19:19:10.611 [main] DEBUG net.thucydides.core.steps.StepInterceptor - STARTING STEP: BuildingSteps.adminNotFillDescription - fillDescriptionBuilding
19:19:10.616 [Forwarding findElement on session 0e2759815c1ead409d7f90b49f3f684b to remote] DEBUG org.asynchttpclient.netty.request.NettyRequestSender - Using pooled Channel '[id: 0xc32d0073, L:/127.0.0.1:56945 - R:localhost/127.0.0.1:63236]' for 'POST' to 'http://localhost:63236/session/0e2759815c1ead409d7f90b49f3f684b/element'
19:19:10.616 [Forwarding findElement on session 0e2759815c1ead409d7f90b49f3f684b to remote] DEBUG org.asynchttpclient.netty.request.NettyRequestSender - Using open Channel [id: 0xc32d0073, L:/127.0.0.1:56945 - R:localhost/127.0.0.1:63236] for POST '/session/0e2759815c1ead409d7f90b49f3f684b/element'
19:19:10.631 [AsyncHttpClient-1-2] DEBUG org.asynchttpclient.netty.handler.HttpHandler - 

Request DefaultHttpRequest(decodeResult: success, version: HTTP/1.1)
POST /session/0e2759815c1ead409d7f90b49f3f684b/element HTTP/1.1
User-Agent: selenium/4.1.2 (java windows)
Content-Length: 66
Content-Type: application/json; charset=utf-8
host: localhost:63236
accept: */*

Response DefaultHttpResponse(decodeResult: success, version: HTTP/1.1)
HTTP/1.1 200 OK
Content-Type: application/json; charset=utf-8
cache-control: no-cache
content-length: 88

19:19:10.631 [AsyncHttpClient-1-2] DEBUG org.asynchttpclient.netty.channel.ChannelManager - Adding key: http://localhost:63236 for channel [id: 0xc32d0073, L:/127.0.0.1:56945 - R:localhost/127.0.0.1:63236]
19:19:10.633 [Forwarding clearElement on session 0e2759815c1ead409d7f90b49f3f684b to remote] DEBUG org.asynchttpclient.netty.request.NettyRequestSender - Using pooled Channel '[id: 0xc32d0073, L:/127.0.0.1:56945 - R:localhost/127.0.0.1:63236]' for 'POST' to 'http://localhost:63236/session/0e2759815c1ead409d7f90b49f3f684b/element/88596f3c-6fef-46d3-9f30-af68b3db1456/clear'
19:19:10.633 [Forwarding clearElement on session 0e2759815c1ead409d7f90b49f3f684b to remote] DEBUG org.asynchttpclient.netty.request.NettyRequestSender - Using open Channel [id: 0xc32d0073, L:/127.0.0.1:56945 - R:localhost/127.0.0.1:63236] for POST '/session/0e2759815c1ead409d7f90b49f3f684b/element/88596f3c-6fef-46d3-9f30-af68b3db1456/clear'
19:19:10.667 [AsyncHttpClient-1-2] DEBUG org.asynchttpclient.netty.handler.HttpHandler - 

Request DefaultHttpRequest(decodeResult: success, version: HTTP/1.1)
POST /session/0e2759815c1ead409d7f90b49f3f684b/element/88596f3c-6fef-46d3-9f30-af68b3db1456/clear HTTP/1.1
User-Agent: selenium/4.1.2 (java windows)
Content-Length: 50
Content-Type: application/json; charset=utf-8
host: localhost:63236
accept: */*

Response DefaultHttpResponse(decodeResult: success, version: HTTP/1.1)
HTTP/1.1 200 OK
Content-Type: application/json; charset=utf-8
cache-control: no-cache
content-length: 14

19:19:10.667 [AsyncHttpClient-1-2] DEBUG org.asynchttpclient.netty.channel.ChannelManager - Adding key: http://localhost:63236 for channel [id: 0xc32d0073, L:/127.0.0.1:56945 - R:localhost/127.0.0.1:63236]
19:19:10.670 [Forwarding sendKeysToElement on session 0e2759815c1ead409d7f90b49f3f684b to remote] DEBUG org.asynchttpclient.netty.request.NettyRequestSender - Using pooled Channel '[id: 0xc32d0073, L:/127.0.0.1:56945 - R:localhost/127.0.0.1:63236]' for 'POST' to 'http://localhost:63236/session/0e2759815c1ead409d7f90b49f3f684b/element/88596f3c-6fef-46d3-9f30-af68b3db1456/value'
19:19:10.670 [Forwarding sendKeysToElement on session 0e2759815c1ead409d7f90b49f3f684b to remote] DEBUG org.asynchttpclient.netty.request.NettyRequestSender - Using open Channel [id: 0xc32d0073, L:/127.0.0.1:56945 - R:localhost/127.0.0.1:63236] for POST '/session/0e2759815c1ead409d7f90b49f3f684b/element/88596f3c-6fef-46d3-9f30-af68b3db1456/value'
19:19:10.737 [AsyncHttpClient-1-2] DEBUG org.asynchttpclient.netty.handler.HttpHandler - 

Request DefaultHttpRequest(decodeResult: success, version: HTTP/1.1)
POST /session/0e2759815c1ead409d7f90b49f3f684b/element/88596f3c-6fef-46d3-9f30-af68b3db1456/value HTTP/1.1
User-Agent: selenium/4.1.2 (java windows)
Content-Length: 82
Content-Type: application/json; charset=utf-8
host: localhost:63236
accept: */*

Response DefaultHttpResponse(decodeResult: success, version: HTTP/1.1)
HTTP/1.1 200 OK
Content-Type: application/json; charset=utf-8
cache-control: no-cache
content-length: 14

19:19:10.738 [AsyncHttpClient-1-2] DEBUG org.asynchttpclient.netty.channel.ChannelManager - Adding key: http://localhost:63236 for channel [id: 0xc32d0073, L:/127.0.0.1:56945 - R:localhost/127.0.0.1:63236]
19:19:10.749 [Forwarding screenshot on session 0e2759815c1ead409d7f90b49f3f684b to remote] DEBUG org.asynchttpclient.netty.request.NettyRequestSender - Using pooled Channel '[id: 0xc32d0073, L:/127.0.0.1:56945 - R:localhost/127.0.0.1:63236]' for 'GET' to 'http://localhost:63236/session/0e2759815c1ead409d7f90b49f3f684b/screenshot'
19:19:10.749 [Forwarding screenshot on session 0e2759815c1ead409d7f90b49f3f684b to remote] DEBUG org.asynchttpclient.netty.request.NettyRequestSender - Using open Channel [id: 0xc32d0073, L:/127.0.0.1:56945 - R:localhost/127.0.0.1:63236] for GET '/session/0e2759815c1ead409d7f90b49f3f684b/screenshot'
19:19:10.889 [AsyncHttpClient-1-2] DEBUG org.asynchttpclient.netty.handler.HttpHandler - 

Request DefaultFullHttpRequest(decodeResult: success, version: HTTP/1.1, content: EmptyByteBufBE)
GET /session/0e2759815c1ead409d7f90b49f3f684b/screenshot HTTP/1.1
User-Agent: selenium/4.1.2 (java windows)
Cache-Control: no-cache
Content-Type: application/json; charset=utf-8
host: localhost:63236
accept: */*

Response DefaultHttpResponse(decodeResult: success, version: HTTP/1.1)
HTTP/1.1 200 OK
Content-Type: application/json; charset=utf-8
cache-control: no-cache
content-length: 67388

19:19:10.890 [AsyncHttpClient-1-2] DEBUG org.asynchttpclient.netty.channel.ChannelManager - Adding key: http://localhost:63236 for channel [id: 0xc32d0073, L:/127.0.0.1:56945 - R:localhost/127.0.0.1:63236]
19:19:10.898 [main] DEBUG net.serenitybdd.core.photography.Darkroom - Send negative for processing for target\site\serenity\3bcd3a58f83c587bf04d68020011cc47550514c21d686f2a1854b6da814153cf.png
19:19:10.899 [main] DEBUG net.thucydides.core.steps.StepInterceptor - STEP DONE: fillDescriptionBuilding
  &amp#27;[32mAnd &amp#27;[0m&amp#27;[32madmin not fill description&amp#27;[0m                               &amp#27;[90m# starter.stepdefenitions.BuildingSteps.adminNotFillDescription()&amp#27;[0m
19:19:10.900 [Darkroom Processing Line] DEBUG net.serenitybdd.core.photography.DarkroomProcessingLine - Processing screenshot image in /var/screenshots/screenshot-8088208324024729319
19:19:10.900 [Darkroom Processing Line] DEBUG net.serenitybdd.core.photography.DarkroomProcessingLine - Saving screenshot to target\site\serenity\3bcd3a58f83c587bf04d68020011cc47550514c21d686f2a1854b6da814153cf.png
19:19:10.951 [Forwarding screenshot on session 0e2759815c1ead409d7f90b49f3f684b to remote] DEBUG org.asynchttpclient.netty.request.NettyRequestSender - Using pooled Channel '[id: 0xc32d0073, L:/127.0.0.1:56945 - R:localhost/127.0.0.1:63236]' for 'GET' to 'http://localhost:63236/session/0e2759815c1ead409d7f90b49f3f684b/screenshot'
19:19:10.951 [Forwarding screenshot on session 0e2759815c1ead409d7f90b49f3f684b to remote] DEBUG org.asynchttpclient.netty.request.NettyRequestSender - Using open Channel [id: 0xc32d0073, L:/127.0.0.1:56945 - R:localhost/127.0.0.1:63236] for GET '/session/0e2759815c1ead409d7f90b49f3f684b/screenshot'
19:19:11.170 [AsyncHttpClient-1-2] DEBUG org.asynchttpclient.netty.handler.HttpHandler - 

Request DefaultFullHttpRequest(decodeResult: success, version: HTTP/1.1, content: EmptyByteBufBE)
GET /session/0e2759815c1ead409d7f90b49f3f684b/screenshot HTTP/1.1
User-Agent: selenium/4.1.2 (java windows)
Cache-Control: no-cache
Content-Type: application/json; charset=utf-8
host: localhost:63236
accept: */*

Response DefaultHttpResponse(decodeResult: success, version: HTTP/1.1)
HTTP/1.1 200 OK
Content-Type: application/json; charset=utf-8
cache-control: no-cache
content-length: 67388

19:19:11.171 [AsyncHttpClient-1-2] DEBUG org.asynchttpclient.netty.channel.ChannelManager - Adding key: http://localhost:63236 for channel [id: 0xc32d0073, L:/127.0.0.1:56945 - R:localhost/127.0.0.1:63236]
19:19:11.178 [main] DEBUG net.serenitybdd.core.photography.Darkroom - Send negative for processing for target\site\serenity\3bcd3a58f83c587bf04d68020011cc47550514c21d686f2a1854b6da814153cf.png
19:19:11.178 [main] DEBUG net.thucydides.core.steps.StepInterceptor - STARTING STEP: BuildingSteps.adminClickCreate - clickAddBuilding
19:19:11.185 [Forwarding findElement on session 0e2759815c1ead409d7f90b49f3f684b to remote] DEBUG org.asynchttpclient.netty.request.NettyRequestSender - Using pooled Channel '[id: 0xc32d0073, L:/127.0.0.1:56945 - R:localhost/127.0.0.1:63236]' for 'POST' to 'http://localhost:63236/session/0e2759815c1ead409d7f90b49f3f684b/element'
19:19:11.185 [Forwarding findElement on session 0e2759815c1ead409d7f90b49f3f684b to remote] DEBUG org.asynchttpclient.netty.request.NettyRequestSender - Using open Channel [id: 0xc32d0073, L:/127.0.0.1:56945 - R:localhost/127.0.0.1:63236] for POST '/session/0e2759815c1ead409d7f90b49f3f684b/element'
19:19:11.196 [AsyncHttpClient-1-2] DEBUG org.asynchttpclient.netty.handler.HttpHandler - 

Request DefaultHttpRequest(decodeResult: success, version: HTTP/1.1)
POST /session/0e2759815c1ead409d7f90b49f3f684b/element HTTP/1.1
User-Agent: selenium/4.1.2 (java windows)
Content-Length: 92
Content-Type: application/json; charset=utf-8
host: localhost:63236
accept: */*

Response DefaultHttpResponse(decodeResult: success, version: HTTP/1.1)
HTTP/1.1 200 OK
Content-Type: application/json; charset=utf-8
cache-control: no-cache
content-length: 88

19:19:11.196 [AsyncHttpClient-1-2] DEBUG org.asynchttpclient.netty.channel.ChannelManager - Adding key: http://localhost:63236 for channel [id: 0xc32d0073, L:/127.0.0.1:56945 - R:localhost/127.0.0.1:63236]
19:19:11.199 [Forwarding getElementTagName on session 0e2759815c1ead409d7f90b49f3f684b to remote] DEBUG org.asynchttpclient.netty.request.NettyRequestSender - Using pooled Channel '[id: 0xc32d0073, L:/127.0.0.1:56945 - R:localhost/127.0.0.1:63236]' for 'GET' to 'http://localhost:63236/session/0e2759815c1ead409d7f90b49f3f684b/element/fb0bac72-510b-48b7-87b6-238d5992f4ab/name'
19:19:11.199 [Forwarding getElementTagName on session 0e2759815c1ead409d7f90b49f3f684b to remote] DEBUG org.asynchttpclient.netty.request.NettyRequestSender - Using open Channel [id: 0xc32d0073, L:/127.0.0.1:56945 - R:localhost/127.0.0.1:63236] for GET '/session/0e2759815c1ead409d7f90b49f3f684b/element/fb0bac72-510b-48b7-87b6-238d5992f4ab/name'
19:19:11.205 [AsyncHttpClient-1-2] DEBUG org.asynchttpclient.netty.handler.HttpHandler - 

Request DefaultFullHttpRequest(decodeResult: success, version: HTTP/1.1, content: EmptyByteBufBE)
GET /session/0e2759815c1ead409d7f90b49f3f684b/element/fb0bac72-510b-48b7-87b6-238d5992f4ab/name HTTP/1.1
User-Agent: selenium/4.1.2 (java windows)
Cache-Control: no-cache
Content-Type: application/json; charset=utf-8
host: localhost:63236
accept: */*

Response DefaultHttpResponse(decodeResult: success, version: HTTP/1.1)
HTTP/1.1 200 OK
Content-Type: application/json; charset=utf-8
cache-control: no-cache
content-length: 18

19:19:11.206 [AsyncHttpClient-1-2] DEBUG org.asynchttpclient.netty.channel.ChannelManager - Adding key: http://localhost:63236 for channel [id: 0xc32d0073, L:/127.0.0.1:56945 - R:localhost/127.0.0.1:63236]
19:19:11.208 [Forwarding getElementTagName on session 0e2759815c1ead409d7f90b49f3f684b to remote] DEBUG org.asynchttpclient.netty.request.NettyRequestSender - Using pooled Channel '[id: 0xc32d0073, L:/127.0.0.1:56945 - R:localhost/127.0.0.1:63236]' for 'GET' to 'http://localhost:63236/session/0e2759815c1ead409d7f90b49f3f684b/element/fb0bac72-510b-48b7-87b6-238d5992f4ab/name'
19:19:11.208 [Forwarding getElementTagName on session 0e2759815c1ead409d7f90b49f3f684b to remote] DEBUG org.asynchttpclient.netty.request.NettyRequestSender - Using open Channel [id: 0xc32d0073, L:/127.0.0.1:56945 - R:localhost/127.0.0.1:63236] for GET '/session/0e2759815c1ead409d7f90b49f3f684b/element/fb0bac72-510b-48b7-87b6-238d5992f4ab/name'
19:19:11.213 [AsyncHttpClient-1-2] DEBUG org.asynchttpclient.netty.handler.HttpHandler - 

Request DefaultFullHttpRequest(decodeResult: success, version: HTTP/1.1, content: EmptyByteBufBE)
GET /session/0e2759815c1ead409d7f90b49f3f684b/element/fb0bac72-510b-48b7-87b6-238d5992f4ab/name HTTP/1.1
User-Agent: selenium/4.1.2 (java windows)
Cache-Control: no-cache
Content-Type: application/json; charset=utf-8
host: localhost:63236
accept: */*

Response DefaultHttpResponse(decodeResult: success, version: HTTP/1.1)
HTTP/1.1 200 OK
Content-Type: application/json; charset=utf-8
cache-control: no-cache
content-length: 18

19:19:11.214 [AsyncHttpClient-1-2] DEBUG org.asynchttpclient.netty.channel.ChannelManager - Adding key: http://localhost:63236 for channel [id: 0xc32d0073, L:/127.0.0.1:56945 - R:localhost/127.0.0.1:63236]
19:19:11.218 [Forwarding isElementEnabled on session 0e2759815c1ead409d7f90b49f3f684b to remote] DEBUG org.asynchttpclient.netty.request.NettyRequestSender - Using pooled Channel '[id: 0xc32d0073, L:/127.0.0.1:56945 - R:localhost/127.0.0.1:63236]' for 'GET' to 'http://localhost:63236/session/0e2759815c1ead409d7f90b49f3f684b/element/fb0bac72-510b-48b7-87b6-238d5992f4ab/enabled'
19:19:11.219 [Forwarding isElementEnabled on session 0e2759815c1ead409d7f90b49f3f684b to remote] DEBUG org.asynchttpclient.netty.request.NettyRequestSender - Using open Channel [id: 0xc32d0073, L:/127.0.0.1:56945 - R:localhost/127.0.0.1:63236] for GET '/session/0e2759815c1ead409d7f90b49f3f684b/element/fb0bac72-510b-48b7-87b6-238d5992f4ab/enabled'
19:19:11.232 [AsyncHttpClient-1-2] DEBUG org.asynchttpclient.netty.handler.HttpHandler - 

Request DefaultFullHttpRequest(decodeResult: success, version: HTTP/1.1, content: EmptyByteBufBE)
GET /session/0e2759815c1ead409d7f90b49f3f684b/element/fb0bac72-510b-48b7-87b6-238d5992f4ab/enabled HTTP/1.1
User-Agent: selenium/4.1.2 (java windows)
Cache-Control: no-cache
Content-Type: application/json; charset=utf-8
host: localhost:63236
accept: */*

Response DefaultHttpResponse(decodeResult: success, version: HTTP/1.1)
HTTP/1.1 200 OK
Content-Type: application/json; charset=utf-8
cache-control: no-cache
content-length: 14

19:19:11.233 [AsyncHttpClient-1-2] DEBUG org.asynchttpclient.netty.channel.ChannelManager - Adding key: http://localhost:63236 for channel [id: 0xc32d0073, L:/127.0.0.1:56945 - R:localhost/127.0.0.1:63236]
19:19:11.235 [Forwarding isElementEnabled on session 0e2759815c1ead409d7f90b49f3f684b to remote] DEBUG org.asynchttpclient.netty.request.NettyRequestSender - Using pooled Channel '[id: 0xc32d0073, L:/127.0.0.1:56945 - R:localhost/127.0.0.1:63236]' for 'GET' to 'http://localhost:63236/session/0e2759815c1ead409d7f90b49f3f684b/element/fb0bac72-510b-48b7-87b6-238d5992f4ab/enabled'
19:19:11.235 [Forwarding isElementEnabled on session 0e2759815c1ead409d7f90b49f3f684b to remote] DEBUG org.asynchttpclient.netty.request.NettyRequestSender - Using open Channel [id: 0xc32d0073, L:/127.0.0.1:56945 - R:localhost/127.0.0.1:63236] for GET '/session/0e2759815c1ead409d7f90b49f3f684b/element/fb0bac72-510b-48b7-87b6-238d5992f4ab/enabled'
19:19:11.244 [AsyncHttpClient-1-2] DEBUG org.asynchttpclient.netty.handler.HttpHandler - 

Request DefaultFullHttpRequest(decodeResult: success, version: HTTP/1.1, content: EmptyByteBufBE)
GET /session/0e2759815c1ead409d7f90b49f3f684b/element/fb0bac72-510b-48b7-87b6-238d5992f4ab/enabled HTTP/1.1
User-Agent: selenium/4.1.2 (java windows)
Cache-Control: no-cache
Content-Type: application/json; charset=utf-8
host: localhost:63236
accept: */*

Response DefaultHttpResponse(decodeResult: success, version: HTTP/1.1)
HTTP/1.1 200 OK
Content-Type: application/json; charset=utf-8
cache-control: no-cache
content-length: 14

19:19:11.244 [AsyncHttpClient-1-2] DEBUG org.asynchttpclient.netty.channel.ChannelManager - Adding key: http://localhost:63236 for channel [id: 0xc32d0073, L:/127.0.0.1:56945 - R:localhost/127.0.0.1:63236]
19:19:11.248 [Forwarding findElement on session 0e2759815c1ead409d7f90b49f3f684b to remote] DEBUG org.asynchttpclient.netty.request.NettyRequestSender - Using pooled Channel '[id: 0xc32d0073, L:/127.0.0.1:56945 - R:localhost/127.0.0.1:63236]' for 'POST' to 'http://localhost:63236/session/0e2759815c1ead409d7f90b49f3f684b/element'
19:19:11.248 [Forwarding findElement on session 0e2759815c1ead409d7f90b49f3f684b to remote] DEBUG org.asynchttpclient.netty.request.NettyRequestSender - Using open Channel [id: 0xc32d0073, L:/127.0.0.1:56945 - R:localhost/127.0.0.1:63236] for POST '/session/0e2759815c1ead409d7f90b49f3f684b/element'
19:19:11.257 [AsyncHttpClient-1-2] DEBUG org.asynchttpclient.netty.handler.HttpHandler - 

Request DefaultHttpRequest(decodeResult: success, version: HTTP/1.1)
POST /session/0e2759815c1ead409d7f90b49f3f684b/element HTTP/1.1
User-Agent: selenium/4.1.2 (java windows)
Content-Length: 92
Content-Type: application/json; charset=utf-8
host: localhost:63236
accept: */*

Response DefaultHttpResponse(decodeResult: success, version: HTTP/1.1)
HTTP/1.1 200 OK
Content-Type: application/json; charset=utf-8
cache-control: no-cache
content-length: 88

19:19:11.257 [AsyncHttpClient-1-2] DEBUG org.asynchttpclient.netty.channel.ChannelManager - Adding key: http://localhost:63236 for channel [id: 0xc32d0073, L:/127.0.0.1:56945 - R:localhost/127.0.0.1:63236]
19:19:11.260 [Forwarding clickElement on session 0e2759815c1ead409d7f90b49f3f684b to remote] DEBUG org.asynchttpclient.netty.request.NettyRequestSender - Using pooled Channel '[id: 0xc32d0073, L:/127.0.0.1:56945 - R:localhost/127.0.0.1:63236]' for 'POST' to 'http://localhost:63236/session/0e2759815c1ead409d7f90b49f3f684b/element/fb0bac72-510b-48b7-87b6-238d5992f4ab/click'
19:19:11.260 [Forwarding clickElement on session 0e2759815c1ead409d7f90b49f3f684b to remote] DEBUG org.asynchttpclient.netty.request.NettyRequestSender - Using open Channel [id: 0xc32d0073, L:/127.0.0.1:56945 - R:localhost/127.0.0.1:63236] for POST '/session/0e2759815c1ead409d7f90b49f3f684b/element/fb0bac72-510b-48b7-87b6-238d5992f4ab/click'
19:19:11.338 [AsyncHttpClient-1-2] DEBUG org.asynchttpclient.netty.handler.HttpHandler - 

Request DefaultHttpRequest(decodeResult: success, version: HTTP/1.1)
POST /session/0e2759815c1ead409d7f90b49f3f684b/element/fb0bac72-510b-48b7-87b6-238d5992f4ab/click HTTP/1.1
User-Agent: selenium/4.1.2 (java windows)
Content-Length: 50
Content-Type: application/json; charset=utf-8
host: localhost:63236
accept: */*

Response DefaultHttpResponse(decodeResult: success, version: HTTP/1.1)
HTTP/1.1 200 OK
Content-Type: application/json; charset=utf-8
cache-control: no-cache
content-length: 14

19:19:11.338 [AsyncHttpClient-1-2] DEBUG org.asynchttpclient.netty.channel.ChannelManager - Adding key: http://localhost:63236 for channel [id: 0xc32d0073, L:/127.0.0.1:56945 - R:localhost/127.0.0.1:63236]
19:19:11.351 [Forwarding screenshot on session 0e2759815c1ead409d7f90b49f3f684b to remote] DEBUG org.asynchttpclient.netty.request.NettyRequestSender - Using pooled Channel '[id: 0xc32d0073, L:/127.0.0.1:56945 - R:localhost/127.0.0.1:63236]' for 'GET' to 'http://localhost:63236/session/0e2759815c1ead409d7f90b49f3f684b/screenshot'
19:19:11.351 [Forwarding screenshot on session 0e2759815c1ead409d7f90b49f3f684b to remote] DEBUG org.asynchttpclient.netty.request.NettyRequestSender - Using open Channel [id: 0xc32d0073, L:/127.0.0.1:56945 - R:localhost/127.0.0.1:63236] for GET '/session/0e2759815c1ead409d7f90b49f3f684b/screenshot'
19:19:11.360 [AsyncHttpClient-1-1] DEBUG org.asynchttpclient.netty.channel.DefaultChannelPool - Entry count for : http://localhost:56946 : 1
19:19:11.543 [AsyncHttpClient-1-2] DEBUG org.asynchttpclient.netty.handler.HttpHandler - 

Request DefaultFullHttpRequest(decodeResult: success, version: HTTP/1.1, content: EmptyByteBufBE)
GET /session/0e2759815c1ead409d7f90b49f3f684b/screenshot HTTP/1.1
User-Agent: selenium/4.1.2 (java windows)
Cache-Control: no-cache
Content-Type: application/json; charset=utf-8
host: localhost:63236
accept: */*

Response DefaultHttpResponse(decodeResult: success, version: HTTP/1.1)
HTTP/1.1 200 OK
Content-Type: application/json; charset=utf-8
cache-control: no-cache
content-length: 65748

19:19:11.544 [AsyncHttpClient-1-2] DEBUG org.asynchttpclient.netty.channel.ChannelManager - Adding key: http://localhost:63236 for channel [id: 0xc32d0073, L:/127.0.0.1:56945 - R:localhost/127.0.0.1:63236]
19:19:11.551 [main] DEBUG net.serenitybdd.core.photography.Darkroom - Send negative for processing for target\site\serenity\02dfabb2238de911e037946b94fb0cbbd9de12f78072819aa67fa9f06d04baec.png
19:19:11.551 [main] DEBUG net.thucydides.core.steps.StepInterceptor - STEP DONE: clickAddBuilding
  &amp#27;[32mAnd &amp#27;[0m&amp#27;[32madmin click create&amp#27;[0m                                       &amp#27;[90m# starter.stepdefenitions.BuildingSteps.adminClickCreate()&amp#27;[0m
19:19:11.551 [Darkroom Processing Line] DEBUG net.serenitybdd.core.photography.DarkroomProcessingLine - Processing screenshot image in /var/screenshots/screenshot-2799467349780031088
19:19:11.551 [Darkroom Processing Line] DEBUG net.serenitybdd.core.photography.DarkroomProcessingLine - Saving screenshot to target\site\serenity\02dfabb2238de911e037946b94fb0cbbd9de12f78072819aa67fa9f06d04baec.png
19:19:11.578 [main] DEBUG net.thucydides.core.steps.StepInterceptor - STARTING STEP: BuildingSteps.adminFailToCreteBuildingAndGetMessage - getErrorEmpty
19:19:11.582 [Forwarding findElement on session 0e2759815c1ead409d7f90b49f3f684b to remote] DEBUG org.asynchttpclient.netty.request.NettyRequestSender - Using pooled Channel '[id: 0xc32d0073, L:/127.0.0.1:56945 - R:localhost/127.0.0.1:63236]' for 'POST' to 'http://localhost:63236/session/0e2759815c1ead409d7f90b49f3f684b/element'
19:19:11.582 [Forwarding findElement on session 0e2759815c1ead409d7f90b49f3f684b to remote] DEBUG org.asynchttpclient.netty.request.NettyRequestSender - Using open Channel [id: 0xc32d0073, L:/127.0.0.1:56945 - R:localhost/127.0.0.1:63236] for POST '/session/0e2759815c1ead409d7f90b49f3f684b/element'
19:19:11.603 [AsyncHttpClient-1-2] DEBUG org.asynchttpclient.netty.handler.HttpHandler - 

Request DefaultHttpRequest(decodeResult: success, version: HTTP/1.1)
POST /session/0e2759815c1ead409d7f90b49f3f684b/element HTTP/1.1
User-Agent: selenium/4.1.2 (java windows)
Content-Length: 93
Content-Type: application/json; charset=utf-8
host: localhost:63236
accept: */*

Response DefaultHttpResponse(decodeResult: success, version: HTTP/1.1)
HTTP/1.1 200 OK
Content-Type: application/json; charset=utf-8
cache-control: no-cache
content-length: 88

19:19:11.603 [AsyncHttpClient-1-2] DEBUG org.asynchttpclient.netty.channel.ChannelManager - Adding key: http://localhost:63236 for channel [id: 0xc32d0073, L:/127.0.0.1:56945 - R:localhost/127.0.0.1:63236]
19:19:11.609 [Forwarding isElementDisplayed on session 0e2759815c1ead409d7f90b49f3f684b to remote] DEBUG org.asynchttpclient.netty.request.NettyRequestSender - Using pooled Channel '[id: 0xc32d0073, L:/127.0.0.1:56945 - R:localhost/127.0.0.1:63236]' for 'POST' to 'http://localhost:63236/session/0e2759815c1ead409d7f90b49f3f684b/execute/sync'
19:19:11.609 [Forwarding isElementDisplayed on session 0e2759815c1ead409d7f90b49f3f684b to remote] DEBUG org.asynchttpclient.netty.request.NettyRequestSender - Using open Channel [id: 0xc32d0073, L:/127.0.0.1:56945 - R:localhost/127.0.0.1:63236] for POST '/session/0e2759815c1ead409d7f90b49f3f684b/execute/sync'
19:19:11.639 [AsyncHttpClient-1-2] DEBUG org.asynchttpclient.netty.handler.HttpHandler - 

Request DefaultHttpRequest(decodeResult: success, version: HTTP/1.1)
POST /session/0e2759815c1ead409d7f90b49f3f684b/execute/sync HTTP/1.1
User-Agent: selenium/4.1.2 (java windows)
Content-Length: 48780
Content-Type: application/json; charset=utf-8
host: localhost:63236
accept: */*

Response DefaultHttpResponse(decodeResult: success, version: HTTP/1.1)
HTTP/1.1 200 OK
Content-Type: application/json; charset=utf-8
cache-control: no-cache
content-length: 14

19:19:11.640 [AsyncHttpClient-1-2] DEBUG org.asynchttpclient.netty.channel.ChannelManager - Adding key: http://localhost:63236 for channel [id: 0xc32d0073, L:/127.0.0.1:56945 - R:localhost/127.0.0.1:63236]
19:19:11.649 [Forwarding screenshot on session 0e2759815c1ead409d7f90b49f3f684b to remote] DEBUG org.asynchttpclient.netty.request.NettyRequestSender - Using pooled Channel '[id: 0xc32d0073, L:/127.0.0.1:56945 - R:localhost/127.0.0.1:63236]' for 'GET' to 'http://localhost:63236/session/0e2759815c1ead409d7f90b49f3f684b/screenshot'
19:19:11.649 [Forwarding screenshot on session 0e2759815c1ead409d7f90b49f3f684b to remote] DEBUG org.asynchttpclient.netty.request.NettyRequestSender - Using open Channel [id: 0xc32d0073, L:/127.0.0.1:56945 - R:localhost/127.0.0.1:63236] for GET '/session/0e2759815c1ead409d7f90b49f3f684b/screenshot'
19:19:11.844 [AsyncHttpClient-1-2] DEBUG org.asynchttpclient.netty.handler.HttpHandler - 

Request DefaultFullHttpRequest(decodeResult: success, version: HTTP/1.1, content: EmptyByteBufBE)
GET /session/0e2759815c1ead409d7f90b49f3f684b/screenshot HTTP/1.1
User-Agent: selenium/4.1.2 (java windows)
Cache-Control: no-cache
Content-Type: application/json; charset=utf-8
host: localhost:63236
accept: */*

Response DefaultHttpResponse(decodeResult: success, version: HTTP/1.1)
HTTP/1.1 200 OK
Content-Type: application/json; charset=utf-8
cache-control: no-cache
content-length: 65748

19:19:11.845 [AsyncHttpClient-1-2] DEBUG org.asynchttpclient.netty.channel.ChannelManager - Adding key: http://localhost:63236 for channel [id: 0xc32d0073, L:/127.0.0.1:56945 - R:localhost/127.0.0.1:63236]
19:19:11.852 [main] DEBUG net.serenitybdd.core.photography.Darkroom - Send negative for processing for target\site\serenity\02dfabb2238de911e037946b94fb0cbbd9de12f78072819aa67fa9f06d04baec.png
19:19:11.854 [main] DEBUG net.thucydides.core.steps.StepInterceptor - STEP DONE: getErrorEmpty
  &amp#27;[32mThen &amp#27;[0m&amp#27;[32madmin fail to crete building and get message&amp#27;[0m            &amp#27;[90m# starter.stepdefenitions.BuildingSteps.adminFailToCreteBuildingAndGetMessage()&amp#27;[0m
19:19:11.872 [main] INFO  - 
  _____   ___   ___   _____     ___     _     ___   ___   ___   ___  
 |_   _| | __| / __| |_   _|   | _ \   /_\   / __| / __| | __| |   \ 
   | |   | _|  \__ \   | |     |  _/  / _ \  \__ \ \__ \ | _|  | |) |
   |_|   |___| |___/   |_|     |_|   /_/ \_\ |___/ |___/ |___| |___/ 

As admin i failed to create building with empty data
----------------------------------------------------------------------
19:19:12.084 [Driver Command Executor] DEBUG org.asynchttpclient.netty.request.NettyRequestSender - Using pooled Channel '[id: 0xc32d0073, L:/127.0.0.1:56945 - R:localhost/127.0.0.1:63236]' for 'DELETE' to 'http://localhost:63236/session/0e2759815c1ead409d7f90b49f3f684b'
19:19:12.084 [Driver Command Executor] DEBUG org.asynchttpclient.netty.request.NettyRequestSender - Using open Channel [id: 0xc32d0073, L:/127.0.0.1:56945 - R:localhost/127.0.0.1:63236] for DELETE '/session/0e2759815c1ead409d7f90b49f3f684b'
19:19:12.084 [AsyncHttpClient-1-4] DEBUG org.asynchttpclient.netty.handler.WebSocketHandler - Channel Closed: [id: 0x6d1cda49, L:/127.0.0.1:56954 ! R:localhost/127.0.0.1:56946] with attribute NettyResponseFuture{currentRetry=5,
	isDone=1,
	isCancelled=0,
	asyncHandler=org.asynchttpclient.ws.WebSocketUpgradeHandler@54e60836,
	nettyRequest=org.asynchttpclient.netty.request.NettyRequest@3108e4cc,
	future=java.util.concurrent.CompletableFuture@2ecb3c99[Completed normally],
	uri=ws://localhost:56946/devtools/browser/02db6742-4050-4127-9b32-d237d973f726,
	keepAlive=true,
	redirectCount=0,
	timeoutsHolder=null,
	inAuth=0,
	touch=1657973941067}
19:19:12.085 [AsyncHttpClient-1-4] DEBUG org.asynchttpclient.netty.channel.ChannelManager - Closing Channel [id: 0x6d1cda49, L:/127.0.0.1:56954 ! R:localhost/127.0.0.1:56946] 
19:19:12.365 [AsyncHttpClient-1-3] DEBUG org.asynchttpclient.netty.handler.HttpHandler - Unexpected I/O exception on channel [id: 0x335d21c7, L:/127.0.0.1:56953 - R:localhost/127.0.0.1:56946]
java.io.IOException: An existing connection was forcibly closed by the remote host
	at sun.nio.ch.SocketDispatcher.read0(Native Method)
	at sun.nio.ch.SocketDispatcher.read(SocketDispatcher.java:43)
	at sun.nio.ch.IOUtil.readIntoNativeBuffer(IOUtil.java:223)
	at sun.nio.ch.IOUtil.read(IOUtil.java:192)
	at sun.nio.ch.SocketChannelImpl.read(SocketChannelImpl.java:378)
	at io.netty.buffer.PooledByteBuf.setBytes(PooledByteBuf.java:258)
	at io.netty.buffer.AbstractByteBuf.writeBytes(AbstractByteBuf.java:1132)
	at io.netty.channel.socket.nio.NioSocketChannel.doReadBytes(NioSocketChannel.java:350)
	at io.netty.channel.nio.AbstractNioByteChannel$NioByteUnsafe.read(AbstractNioByteChannel.java:151)
	at io.netty.channel.nio.NioEventLoop.processSelectedKey(NioEventLoop.java:722)
	at io.netty.channel.nio.NioEventLoop.processSelectedKeysOptimized(NioEventLoop.java:658)
	at io.netty.channel.nio.NioEventLoop.processSelectedKeys(NioEventLoop.java:584)
	at io.netty.channel.nio.NioEventLoop.run(NioEventLoop.java:496)
	at io.netty.util.concurrent.SingleThreadEventExecutor$4.run(SingleThreadEventExecutor.java:986)
	at io.netty.util.internal.ThreadExecutorMap$2.run(ThreadExecutorMap.java:74)
	at io.netty.util.concurrent.FastThreadLocalRunnable.run(FastThreadLocalRunnable.java:30)
	at java.lang.Thread.run(Thread.java:750)
19:19:12.365 [AsyncHttpClient-1-3] DEBUG org.asynchttpclient.netty.channel.ChannelManager - Closing Channel [id: 0x335d21c7, L:/127.0.0.1:56953 - R:localhost/127.0.0.1:56946] 
19:19:12.368 [AsyncHttpClient-1-3] DEBUG org.asynchttpclient.netty.handler.HttpHandler - Channel Closed: [id: 0x335d21c7, L:/127.0.0.1:56953 ! R:localhost/127.0.0.1:56946] with attribute DISCARD
19:19:12.396 [AsyncHttpClient-1-2] DEBUG org.asynchttpclient.netty.handler.HttpHandler - 

Request DefaultFullHttpRequest(decodeResult: success, version: HTTP/1.1, content: EmptyByteBufBE)
DELETE /session/0e2759815c1ead409d7f90b49f3f684b HTTP/1.1
User-Agent: selenium/4.1.2 (java windows)
Content-Type: application/json; charset=utf-8
host: localhost:63236
accept: */*

Response DefaultHttpResponse(decodeResult: success, version: HTTP/1.1)
HTTP/1.1 200 OK
Content-Type: application/json; charset=utf-8
cache-control: no-cache
content-length: 14

19:19:12.397 [AsyncHttpClient-1-2] DEBUG org.asynchttpclient.netty.channel.ChannelManager - Adding key: http://localhost:63236 for channel [id: 0xc32d0073, L:/127.0.0.1:56945 - R:localhost/127.0.0.1:63236]
19:19:12.444 [AsyncHttpClient-1-1] DEBUG org.asynchttpclient.netty.channel.DefaultChannelPool - Entry count for : http://localhost:63236 : 1
19:19:12.444 [AsyncHttpClient-1-1] DEBUG org.asynchttpclient.netty.channel.DefaultChannelPool - Entry count for : http://localhost:56946 : 1
19:19:12.444 [AsyncHttpClient-1-1] DEBUG org.asynchttpclient.netty.channel.DefaultChannelPool - Adding Candidate expired Channel [id: 0x335d21c7, L:/127.0.0.1:56953 ! R:localhost/127.0.0.1:56946] isIdleTimeoutExpired=false isRemotelyClosed=true isTtlExpired=false
19:19:12.444 [AsyncHttpClient-1-1] DEBUG org.asynchttpclient.netty.channel.DefaultChannelPool - Closing Idle Channel [id: 0x335d21c7, L:/127.0.0.1:56953 ! R:localhost/127.0.0.1:56946]
19:19:12.445 [AsyncHttpClient-1-1] DEBUG org.asynchttpclient.netty.channel.DefaultChannelPool - Closed 1 connections out of 2 in 0 ms
19:19:12.527 [AsyncHttpClient-1-2] DEBUG org.asynchttpclient.netty.handler.HttpHandler - Channel Closed: [id: 0xc32d0073, L:/127.0.0.1:56945 ! R:localhost/127.0.0.1:63236] with attribute DISCARD
]]></system-out>
    <system-err><![CDATA[Starting ChromeDriver 103.0.5060.53 (a1711811edd74ff1cf2150f36ffa3b0dae40b17f-refs/branch-heads/5060@{#853}) on port 63236
Only local connections are allowed.
Please see https://chromedriver.chromium.org/security-considerations for suggestions on keeping ChromeDriver safe.
ChromeDriver was started successfully.
Jul 16, 2022 7:19:00 PM org.openqa.selenium.remote.ProtocolHandshake createSession
INFO: Detected dialect: W3C
Jul 16, 2022 7:19:01 PM org.openqa.selenium.devtools.CdpVersionFinder findNearestMatch
WARNING: Unable to find an exact match for CDP version 103, so returning the closest version found: a no-op implementation
Jul 16, 2022 7:19:01 PM org.openqa.selenium.devtools.CdpVersionFinder findNearestMatch
INFO: Unable to find CDP implementation matching 103.
Jul 16, 2022 7:19:01 PM org.openqa.selenium.chromium.ChromiumDriver lambda$new$3
WARNING: Unable to find version of CDP to use for . You may need to include a dependency on a specific version of the CDP using something similar to `org.seleniumhq.selenium:selenium-devtools-v86:4.1.2` where the version ("v86") matches the version of the chromium-based browser you're using and the version number of the artifact is the same as Selenium's.
]]></system-err>
  </testcase>
</testsuite>